------------------------------------------------------------------------------
INFO	[2014-06-19 17:25:39]	START Order log
DEBUG	[2014-06-19 17:25:39]	P_STATUS	: 00
DEBUG	[2014-06-19 17:25:39]	P_AUTH_DT	: 20140619172539
DEBUG	[2014-06-19 17:25:39]	P_AUTH_NO	: 
DEBUG	[2014-06-19 17:25:39]	P_RMESG1	: 성공적으로 처리 하였습니다.
DEBUG	[2014-06-19 17:25:39]	P_RMESG2	: 
DEBUG	[2014-06-19 17:25:39]	P_TID	: INIMX_VBNKGODOloosfl20140619172539564260
DEBUG	[2014-06-19 17:25:39]	P_FN_CD1	: 
DEBUG	[2014-06-19 17:25:39]	P_AMT	: 79000
DEBUG	[2014-06-19 17:25:39]	P_TYPE	: VBANK
DEBUG	[2014-06-19 17:25:39]	P_UNAME	: 이승은
DEBUG	[2014-06-19 17:25:39]	P_MID	: GODOloosfl
DEBUG	[2014-06-19 17:25:39]	P_OID	: 1403166283531
DEBUG	[2014-06-19 17:25:39]	P_NOTI	: 
DEBUG	[2014-06-19 17:25:39]	P_NEXT_URL	: https://www.loosfly.com:14020/shop/order/card/inipay/mobile/nscreen_card_return.php?ordno
DEBUG	[2014-06-19 17:25:39]	settlekind	: v
DEBUG	[2014-06-19 17:25:39]	page_type	: 
DEBUG	[2014-06-19 17:25:39]	P_MNAME	: 
DEBUG	[2014-06-19 17:25:39]	P_NOTEURL	: 
DEBUG	[2014-06-19 17:25:39]	P_VACT_NUM	: 26246072318068
DEBUG	[2014-06-19 17:25:39]	P_VACT_DATE	: 20140629
DEBUG	[2014-06-19 17:25:39]	P_VACT_TIME	: 235900
DEBUG	[2014-06-19 17:25:39]	P_VACT_NAME	: （주）루스플라이
DEBUG	[2014-06-19 17:25:39]	P_VACT_BANK_CODE	: 20
DEBUG	[2014-06-19 17:25:39]	IP	: 223.62.203.74
INFO	[2014-06-19 17:25:39]	END Order log
------------------------------------------------------------------------------

