------------------------------------------------------------------------------
INFO	[2014-02-26 14:15:06]	START Order log
DEBUG	[2014-02-26 14:15:06]	P_STATUS	: 00
DEBUG	[2014-02-26 14:15:06]	P_AUTH_DT	: 20140226141506
DEBUG	[2014-02-26 14:15:06]	P_AUTH_NO	: 15066910
DEBUG	[2014-02-26 14:15:06]	P_RMESG1	: 성공적으로 처리 하였습니다.
DEBUG	[2014-02-26 14:15:06]	P_RMESG2	: 00
DEBUG	[2014-02-26 14:15:06]	P_TID	: INIMX_CARDGODOloosfl20140226141506562234
DEBUG	[2014-02-26 14:15:06]	P_FN_CD1	: 17
DEBUG	[2014-02-26 14:15:06]	P_AMT	: 79000
DEBUG	[2014-02-26 14:15:06]	P_TYPE	: CARD
DEBUG	[2014-02-26 14:15:06]	P_UNAME	: 관리자
DEBUG	[2014-02-26 14:15:06]	P_MID	: GODOloosfl
DEBUG	[2014-02-26 14:15:06]	P_OID	: 1393391514038
DEBUG	[2014-02-26 14:15:06]	P_NOTI	: 
DEBUG	[2014-02-26 14:15:06]	P_NEXT_URL	: https://www.loosfly.com:14020/shop/order/card/inipay/mobile/nscreen_card_return.php?ordno
DEBUG	[2014-02-26 14:15:06]	settlekind	: c
DEBUG	[2014-02-26 14:15:06]	page_type	: 
DEBUG	[2014-02-26 14:15:06]	P_MNAME	: 
DEBUG	[2014-02-26 14:15:06]	P_NOTEURL	: 
DEBUG	[2014-02-26 14:15:06]	P_CARD_MEMBER_NUM	: 
DEBUG	[2014-02-26 14:15:06]	P_CARD_NUM	: 411905800232
DEBUG	[2014-02-26 14:15:06]	P_CARD_ISSUER_CODE	: 81
DEBUG	[2014-02-26 14:15:06]	P_CARD_PURCHASE_CODE	: 17
DEBUG	[2014-02-26 14:15:06]	P_CARD_PRTC_CODE	: 1
DEBUG	[2014-02-26 14:15:06]	P_CARD_INTEREST	: 0
DEBUG	[2014-02-26 14:15:06]	P_CARD_CHECKFLAG	: 0
DEBUG	[2014-02-26 14:15:06]	IP	: 175.223.13.186
INFO	[2014-02-26 14:15:06]	END Order log
------------------------------------------------------------------------------

