------------------------------------------------------------------------------
INFO	[2014-06-02 23:17:02]	START Order log
DEBUG	[2014-06-02 23:17:02]	P_TID	: INIMX_ISP_GODOloosfl20140602231702259542
DEBUG	[2014-06-02 23:17:02]	P_MID	: GODOloosfl
DEBUG	[2014-06-02 23:17:02]	P_AUTH_DT	: 20140602231702
DEBUG	[2014-06-02 23:17:02]	P_STATUS	: 00
DEBUG	[2014-06-02 23:17:02]	P_TYPE	: ISP
DEBUG	[2014-06-02 23:17:02]	P_OID	: 1401717994187
DEBUG	[2014-06-02 23:17:02]	P_FN_CD1	: 11
DEBUG	[2014-06-02 23:17:02]	P_FN_CD2	: 11
DEBUG	[2014-06-02 23:17:02]	P_FN_NM	: BC카드
DEBUG	[2014-06-02 23:17:02]	P_AMT	: 37500
DEBUG	[2014-06-02 23:17:02]	P_UNAME	: 김보경
DEBUG	[2014-06-02 23:17:02]	P_RMESG1	: 정상완료
DEBUG	[2014-06-02 23:17:02]	P_RMESG2	: 00
DEBUG	[2014-06-02 23:17:02]	P_NOTI	: 
DEBUG	[2014-06-02 23:17:02]	P_AUTH_NO	: 64462757
DEBUG	[2014-06-02 23:17:02]	P_CARD_ISSUER_CODE	: 00
DEBUG	[2014-06-02 23:17:02]	P_CARD_NUM	: 49022081****
DEBUG	[2014-06-02 23:17:02]	P_CARD_MEMBER_NUM	: 738321311
DEBUG	[2014-06-02 23:17:02]	P_CARD_PURCHASE_CODE	: 11
DEBUG	[2014-06-02 23:17:02]	P_PRTC_CODE	: 1
DEBUG	[2014-06-02 23:17:02]	P_ISP_CARDCODE	: 040100202022511
DEBUG	[2014-06-02 23:17:02]	P_RMESG3	: RM3_DISC_AMT^|RM3_PRICE^37500|RM3_ORG_AMT^37500|RM3_EVENT_CODE^|RM3_INTEREST^0
DEBUG	[2014-06-02 23:17:02]	IP	: 211.219.96.165
INFO	[2014-06-02 23:17:02]	END Order log
------------------------------------------------------------------------------

