------------------------------------------------------------------------------
INFO	[2014-08-01 14:01:42]	START Order log
DEBUG	[2014-08-01 14:01:42]	P_TID	: INIMX_ISP_GODOloosfl20140801140140839299
DEBUG	[2014-08-01 14:01:42]	P_MID	: GODOloosfl
DEBUG	[2014-08-01 14:01:42]	P_AUTH_DT	: 20140801140141
DEBUG	[2014-08-01 14:01:42]	P_STATUS	: 00
DEBUG	[2014-08-01 14:01:42]	P_TYPE	: ISP
DEBUG	[2014-08-01 14:01:42]	P_OID	: 1406869238486
DEBUG	[2014-08-01 14:01:42]	P_FN_CD1	: 11
DEBUG	[2014-08-01 14:01:42]	P_FN_CD2	: 11
DEBUG	[2014-08-01 14:01:42]	P_FN_NM	: BC카드
DEBUG	[2014-08-01 14:01:42]	P_AMT	: 89000
DEBUG	[2014-08-01 14:01:42]	P_UNAME	: 유지우
DEBUG	[2014-08-01 14:01:42]	P_RMESG1	: 정상완료
DEBUG	[2014-08-01 14:01:42]	P_RMESG2	: 03
DEBUG	[2014-08-01 14:01:42]	P_NOTI	: 
DEBUG	[2014-08-01 14:01:42]	P_AUTH_NO	: 37984971
DEBUG	[2014-08-01 14:01:42]	P_CARD_ISSUER_CODE	: 00
DEBUG	[2014-08-01 14:01:42]	P_CARD_NUM	: 40472059****
DEBUG	[2014-08-01 14:01:42]	P_CARD_MEMBER_NUM	: 738321311
DEBUG	[2014-08-01 14:01:42]	P_CARD_PURCHASE_CODE	: 11
DEBUG	[2014-08-01 14:01:42]	P_PRTC_CODE	: 1
DEBUG	[2014-08-01 14:01:42]	P_ISP_CARDCODE	: 040100202022641
DEBUG	[2014-08-01 14:01:42]	P_CARD_PURCHASE_NAME	: 
DEBUG	[2014-08-01 14:01:42]	P_CARD_ISSUER_NAME	: 
DEBUG	[2014-08-01 14:01:42]	P_RMESG3	: RM3_DISC_AMT^|RM3_PRICE^89000|RM3_ORG_AMT^89000|RM3_EVENT_CODE^|RM3_INTEREST^0
DEBUG	[2014-08-01 14:01:42]	IP	: 211.219.96.165
INFO	[2014-08-01 14:01:42]	END Order log
------------------------------------------------------------------------------

