------------------------------------------------------------------------------
INFO	[2014-06-07 18:32:47]	START Order log
DEBUG	[2014-06-07 18:32:47]	P_STATUS	: 00
DEBUG	[2014-06-07 18:32:47]	P_AUTH_DT	: 20140607183248
DEBUG	[2014-06-07 18:32:47]	P_AUTH_NO	: 
DEBUG	[2014-06-07 18:32:47]	P_RMESG1	: 성공적으로 처리 하였습니다.
DEBUG	[2014-06-07 18:32:47]	P_RMESG2	: 
DEBUG	[2014-06-07 18:32:47]	P_TID	: INIMX_VBNKGODOloosfl20140607183248409401
DEBUG	[2014-06-07 18:32:47]	P_FN_CD1	: 
DEBUG	[2014-06-07 18:32:47]	P_AMT	: 89000
DEBUG	[2014-06-07 18:32:47]	P_TYPE	: VBANK
DEBUG	[2014-06-07 18:32:47]	P_UNAME	: 남유진
DEBUG	[2014-06-07 18:32:47]	P_MID	: GODOloosfl
DEBUG	[2014-06-07 18:32:47]	P_OID	: 1402133461669
DEBUG	[2014-06-07 18:32:47]	P_NOTI	: 
DEBUG	[2014-06-07 18:32:47]	P_NEXT_URL	: https://www.loosfly.com:14020/shop/order/card/inipay/mobile/nscreen_card_return.php?ordno
DEBUG	[2014-06-07 18:32:47]	settlekind	: v
DEBUG	[2014-06-07 18:32:47]	page_type	: 
DEBUG	[2014-06-07 18:32:47]	P_MNAME	: 
DEBUG	[2014-06-07 18:32:47]	P_NOTEURL	: 
DEBUG	[2014-06-07 18:32:47]	P_VACT_NUM	: 07500702197556
DEBUG	[2014-06-07 18:32:47]	P_VACT_DATE	: 20140617
DEBUG	[2014-06-07 18:32:47]	P_VACT_TIME	: 235900
DEBUG	[2014-06-07 18:32:47]	P_VACT_NAME	: （주）루스플라이
DEBUG	[2014-06-07 18:32:47]	P_VACT_BANK_CODE	: 03
DEBUG	[2014-06-07 18:32:47]	IP	: 221.138.89.42
INFO	[2014-06-07 18:32:47]	END Order log
------------------------------------------------------------------------------

