------------------------------------------------------------------------------
INFO	[2014-06-03 11:51:23]	START Order log
DEBUG	[2014-06-03 11:51:23]	P_STATUS	: 00
DEBUG	[2014-06-03 11:51:23]	P_AUTH_DT	: 20140603115123
DEBUG	[2014-06-03 11:51:23]	P_AUTH_NO	: 62696429
DEBUG	[2014-06-03 11:51:23]	P_RMESG1	: 성공적으로 처리 하였습니다.
DEBUG	[2014-06-03 11:51:23]	P_RMESG2	: 00
DEBUG	[2014-06-03 11:51:23]	P_TID	: INIMX_CARDGODOloosfl20140603115123588449
DEBUG	[2014-06-03 11:51:23]	P_FN_CD1	: 03
DEBUG	[2014-06-03 11:51:23]	P_AMT	: 74000
DEBUG	[2014-06-03 11:51:23]	P_TYPE	: CARD
DEBUG	[2014-06-03 11:51:23]	P_UNAME	: 최지영
DEBUG	[2014-06-03 11:51:23]	P_MID	: GODOloosfl
DEBUG	[2014-06-03 11:51:23]	P_OID	: 1401763791182
DEBUG	[2014-06-03 11:51:23]	P_NOTI	: 
DEBUG	[2014-06-03 11:51:23]	P_NEXT_URL	: https://www.loosfly.com:14020/shop/order/card/inipay/mobile/nscreen_card_return.php?ordno
DEBUG	[2014-06-03 11:51:23]	settlekind	: c
DEBUG	[2014-06-03 11:51:23]	page_type	: 
DEBUG	[2014-06-03 11:51:23]	P_MNAME	: 
DEBUG	[2014-06-03 11:51:23]	P_NOTEURL	: 
DEBUG	[2014-06-03 11:51:23]	P_CARD_MEMBER_NUM	: 
DEBUG	[2014-06-03 11:51:23]	P_CARD_NUM	: 625904000088
DEBUG	[2014-06-03 11:51:23]	P_CARD_ISSUER_CODE	: 00
DEBUG	[2014-06-03 11:51:23]	P_CARD_PURCHASE_CODE	: 03
DEBUG	[2014-06-03 11:51:23]	P_CARD_PRTC_CODE	: 1
DEBUG	[2014-06-03 11:51:23]	P_CARD_INTEREST	: 0
DEBUG	[2014-06-03 11:51:23]	P_CARD_CHECKFLAG	: 0
DEBUG	[2014-06-03 11:51:23]	IP	: 182.225.134.7
INFO	[2014-06-03 11:51:23]	END Order log
------------------------------------------------------------------------------

