------------------------------------------------------------------------------
INFO	[2014-02-26 23:59:55]	START Order log
DEBUG	[2014-02-26 23:59:55]	P_TID	: INIMX_ISP_GODOloosfl20140226235953862856
DEBUG	[2014-02-26 23:59:55]	P_MID	: GODOloosfl
DEBUG	[2014-02-26 23:59:55]	P_AUTH_DT	: 20140226235953
DEBUG	[2014-02-26 23:59:55]	P_STATUS	: 00
DEBUG	[2014-02-26 23:59:55]	P_TYPE	: ISP
DEBUG	[2014-02-26 23:59:55]	P_OID	: 1393426635218
DEBUG	[2014-02-26 23:59:55]	P_FN_CD1	: 11
DEBUG	[2014-02-26 23:59:55]	P_FN_CD2	: 11
DEBUG	[2014-02-26 23:59:55]	P_FN_NM	: BCÄ«µå
DEBUG	[2014-02-26 23:59:55]	P_AMT	: 520600
DEBUG	[2014-02-26 23:59:55]	P_UNAME	: ±èÇÏ¾á»õ
DEBUG	[2014-02-26 23:59:55]	P_RMESG1	: Á¤»ó¿Ï·á
DEBUG	[2014-02-26 23:59:55]	P_RMESG2	: 00
DEBUG	[2014-02-26 23:59:55]	P_NOTI	: 
DEBUG	[2014-02-26 23:59:55]	P_AUTH_NO	: 56419476
DEBUG	[2014-02-26 23:59:55]	P_CARD_ISSUER_CODE	: 00
DEBUG	[2014-02-26 23:59:55]	P_CARD_NUM	: 63609495****
DEBUG	[2014-02-26 23:59:55]	P_CARD_MEMBER_NUM	: 738321311
DEBUG	[2014-02-26 23:59:55]	P_CARD_PURCHASE_CODE	: 11
DEBUG	[2014-02-26 23:59:55]	P_PRTC_CODE	: 1
DEBUG	[2014-02-26 23:59:55]	P_ISP_CARDCODE	: 050100222438831
DEBUG	[2014-02-26 23:59:55]	P_RMESG3	: RM3_DISC_AMT^|RM3_PRICE^520600|RM3_ORG_AMT^520600|RM3_EVENT_CODE^|RM3_INTEREST^0
DEBUG	[2014-02-26 23:59:55]	IP	: 211.219.96.165
INFO	[2014-02-26 23:59:55]	END Order log
------------------------------------------------------------------------------

