------------------------------------------------------------------------------
INFO	[2014-09-19 18:31:11]	START Order log
DEBUG	[2014-09-19 18:31:11]	P_TID	: INIMX_ISP_GODOloosfl20140919183110068711
DEBUG	[2014-09-19 18:31:11]	P_MID	: GODOloosfl
DEBUG	[2014-09-19 18:31:11]	P_AUTH_DT	: 20140919183110
DEBUG	[2014-09-19 18:31:11]	P_STATUS	: 00
DEBUG	[2014-09-19 18:31:11]	P_TYPE	: ISP
DEBUG	[2014-09-19 18:31:11]	P_OID	: 1411118973138
DEBUG	[2014-09-19 18:31:11]	P_FN_CD1	: 11
DEBUG	[2014-09-19 18:31:11]	P_FN_CD2	: 11
DEBUG	[2014-09-19 18:31:11]	P_FN_NM	: BC카드
DEBUG	[2014-09-19 18:31:11]	P_AMT	: 89000
DEBUG	[2014-09-19 18:31:11]	P_UNAME	: 이아현
DEBUG	[2014-09-19 18:31:11]	P_RMESG1	: 정상완료
DEBUG	[2014-09-19 18:31:11]	P_RMESG2	: 00
DEBUG	[2014-09-19 18:31:11]	P_NOTI	: 
DEBUG	[2014-09-19 18:31:11]	P_AUTH_NO	: 56471553
DEBUG	[2014-09-19 18:31:11]	P_CARD_ISSUER_CODE	: 00
DEBUG	[2014-09-19 18:31:11]	P_CARD_NUM	: 63609449****
DEBUG	[2014-09-19 18:31:11]	P_CARD_MEMBER_NUM	: 738321311
DEBUG	[2014-09-19 18:31:11]	P_CARD_PURCHASE_CODE	: 11
DEBUG	[2014-09-19 18:31:11]	P_PRTC_CODE	: 1
DEBUG	[2014-09-19 18:31:11]	P_ISP_CARDCODE	: 050100222410341
DEBUG	[2014-09-19 18:31:11]	P_CARD_PURCHASE_NAME	: 
DEBUG	[2014-09-19 18:31:11]	P_CARD_ISSUER_NAME	: 
DEBUG	[2014-09-19 18:31:11]	P_RMESG3	: RM3_DISC_AMT^|RM3_PRICE^89000|RM3_ORG_AMT^89000|RM3_EVENT_CODE^|RM3_INTEREST^0
DEBUG	[2014-09-19 18:31:11]	IP	: 118.129.210.25
INFO	[2014-09-19 18:31:11]	END Order log
------------------------------------------------------------------------------

