------------------------------------------------------------------------------
INFO	[2014-03-25 16:44:47]	START Order log
DEBUG	[2014-03-25 16:44:47]	P_STATUS	: 00
DEBUG	[2014-03-25 16:44:47]	P_AUTH_DT	: 20140325164447
DEBUG	[2014-03-25 16:44:47]	P_AUTH_NO	: 24803381
DEBUG	[2014-03-25 16:44:47]	P_RMESG1	: 성공적으로 처리 하였습니다.
DEBUG	[2014-03-25 16:44:47]	P_RMESG2	: 03
DEBUG	[2014-03-25 16:44:47]	P_TID	: INIMX_CARDGODOloosfl20140325164447493843
DEBUG	[2014-03-25 16:44:47]	P_FN_CD1	: 14
DEBUG	[2014-03-25 16:44:47]	P_AMT	: 79000
DEBUG	[2014-03-25 16:44:47]	P_TYPE	: CARD
DEBUG	[2014-03-25 16:44:47]	P_UNAME	: 고경인
DEBUG	[2014-03-25 16:44:47]	P_MID	: GODOloosfl
DEBUG	[2014-03-25 16:44:47]	P_OID	: 1395733404917
DEBUG	[2014-03-25 16:44:47]	P_NOTI	: 
DEBUG	[2014-03-25 16:44:47]	P_NEXT_URL	: https://www.loosfly.com:14020/shop/order/card/inipay/mobile/nscreen_card_return.php?ordno
DEBUG	[2014-03-25 16:44:47]	settlekind	: c
DEBUG	[2014-03-25 16:44:47]	page_type	: 
DEBUG	[2014-03-25 16:44:47]	P_MNAME	: 
DEBUG	[2014-03-25 16:44:47]	P_NOTEURL	: 
DEBUG	[2014-03-25 16:44:47]	P_CARD_MEMBER_NUM	: 
DEBUG	[2014-03-25 16:44:47]	P_CARD_NUM	: 465887543720
DEBUG	[2014-03-25 16:44:47]	P_CARD_ISSUER_CODE	: 26
DEBUG	[2014-03-25 16:44:47]	P_CARD_PURCHASE_CODE	: 14
DEBUG	[2014-03-25 16:44:47]	P_CARD_PRTC_CODE	: 1
DEBUG	[2014-03-25 16:44:47]	P_CARD_INTEREST	: 0
DEBUG	[2014-03-25 16:44:47]	P_CARD_CHECKFLAG	: 0
DEBUG	[2014-03-25 16:44:47]	IP	: 59.29.231.9
INFO	[2014-03-25 16:44:47]	END Order log
------------------------------------------------------------------------------

