------------------------------------------------------------------------------
INFO	[2014-06-10 09:55:03]	START Order log
DEBUG	[2014-06-10 09:55:03]	P_STATUS	: 00
DEBUG	[2014-06-10 09:55:03]	P_AUTH_DT	: 20140610095503
DEBUG	[2014-06-10 09:55:03]	P_AUTH_NO	: 18725606
DEBUG	[2014-06-10 09:55:03]	P_RMESG1	: 성공적으로 처리 하였습니다.
DEBUG	[2014-06-10 09:55:03]	P_RMESG2	: 02
DEBUG	[2014-06-10 09:55:03]	P_TID	: INIMX_CARDGODOloosfl20140610095502941117
DEBUG	[2014-06-10 09:55:03]	P_FN_CD1	: 14
DEBUG	[2014-06-10 09:55:03]	P_AMT	: 148000
DEBUG	[2014-06-10 09:55:03]	P_TYPE	: CARD
DEBUG	[2014-06-10 09:55:03]	P_UNAME	: 김하나
DEBUG	[2014-06-10 09:55:03]	P_MID	: GODOloosfl
DEBUG	[2014-06-10 09:55:03]	P_OID	: 1402361569177
DEBUG	[2014-06-10 09:55:03]	P_NOTI	: 
DEBUG	[2014-06-10 09:55:03]	P_NEXT_URL	: https://www.loosfly.com:14020/shop/order/card/inipay/mobile/nscreen_card_return.php?ordno
DEBUG	[2014-06-10 09:55:03]	settlekind	: c
DEBUG	[2014-06-10 09:55:03]	page_type	: 
DEBUG	[2014-06-10 09:55:03]	P_MNAME	: 
DEBUG	[2014-06-10 09:55:03]	P_NOTEURL	: 
DEBUG	[2014-06-10 09:55:03]	P_CARD_MEMBER_NUM	: 
DEBUG	[2014-06-10 09:55:03]	P_CARD_NUM	: 451842117986
DEBUG	[2014-06-10 09:55:03]	P_CARD_ISSUER_CODE	: 26
DEBUG	[2014-06-10 09:55:03]	P_CARD_PURCHASE_CODE	: 14
DEBUG	[2014-06-10 09:55:03]	P_CARD_PRTC_CODE	: 1
DEBUG	[2014-06-10 09:55:03]	P_CARD_INTEREST	: 0
DEBUG	[2014-06-10 09:55:03]	P_CARD_CHECKFLAG	: 0
DEBUG	[2014-06-10 09:55:03]	IP	: 123.215.170.80
INFO	[2014-06-10 09:55:03]	END Order log
------------------------------------------------------------------------------

