------------------------------------------------------------------------------
INFO	[2014-06-07 18:32:47]	START Order log
DEBUG	[2014-06-07 18:32:47]	P_TID	: INIMX_VBNKGODOloosfl20140607183248409401
DEBUG	[2014-06-07 18:32:47]	P_MID	: GODOloosfl
DEBUG	[2014-06-07 18:32:47]	P_AUTH_DT	: 20140607183248
DEBUG	[2014-06-07 18:32:47]	P_STATUS	: 00
DEBUG	[2014-06-07 18:32:47]	P_TYPE	: VBANK
DEBUG	[2014-06-07 18:32:47]	P_OID	: 1402133461669
DEBUG	[2014-06-07 18:32:47]	P_FN_CD1	: 03
DEBUG	[2014-06-07 18:32:47]	P_FN_CD2	: 
DEBUG	[2014-06-07 18:32:47]	P_FN_NM	: 기업은행
DEBUG	[2014-06-07 18:32:47]	P_AMT	: 89000
DEBUG	[2014-06-07 18:32:47]	P_UNAME	: 남유진
DEBUG	[2014-06-07 18:32:47]	P_RMESG1	: P_VACCT_NO=07500702197556|P_EXP_DT=20140617235900
DEBUG	[2014-06-07 18:32:47]	P_RMESG2	: 
DEBUG	[2014-06-07 18:32:47]	P_NOTI	: 
DEBUG	[2014-06-07 18:32:47]	P_AUTH_NO	: 
DEBUG	[2014-06-07 18:32:47]	IP	: 211.219.96.165
INFO	[2014-06-07 18:32:47]	END Order log
------------------------------------------------------------------------------

------------------------------------------------------------------------------
INFO	[2014-06-07 22:16:34]	START Order log
DEBUG	[2014-06-07 22:16:34]	P_TID	: INIMX_VBNKGODOloosfl20140607183248409401
DEBUG	[2014-06-07 22:16:34]	P_MID	: GODOloosfl
DEBUG	[2014-06-07 22:16:34]	P_AUTH_DT	: 20140607221635
DEBUG	[2014-06-07 22:16:34]	P_STATUS	: 02
DEBUG	[2014-06-07 22:16:34]	P_TYPE	: VBANK
DEBUG	[2014-06-07 22:16:34]	P_OID	: 1402133461669
DEBUG	[2014-06-07 22:16:34]	P_FN_CD1	: 03
DEBUG	[2014-06-07 22:16:34]	P_FN_CD2	: 
DEBUG	[2014-06-07 22:16:34]	P_FN_NM	: 기업은행
DEBUG	[2014-06-07 22:16:34]	P_AMT	: 89000
DEBUG	[2014-06-07 22:16:34]	P_UNAME	: 남유진
DEBUG	[2014-06-07 22:16:34]	P_RMESG1	: P_VACCT_NO=07500702197556|P_EXP_DT=20140617
DEBUG	[2014-06-07 22:16:34]	P_RMESG2	: 
DEBUG	[2014-06-07 22:16:34]	P_NOTI	: 
DEBUG	[2014-06-07 22:16:34]	P_AUTH_NO	: 
DEBUG	[2014-06-07 22:16:34]	IP	: 118.129.210.25
INFO	[2014-06-07 22:16:34]	END Order log
------------------------------------------------------------------------------

