------------------------------------------------------------------------------
INFO	[2014-06-19 17:25:39]	START Order log
DEBUG	[2014-06-19 17:25:39]	P_TID	: INIMX_VBNKGODOloosfl20140619172539564260
DEBUG	[2014-06-19 17:25:39]	P_MID	: GODOloosfl
DEBUG	[2014-06-19 17:25:39]	P_AUTH_DT	: 20140619172539
DEBUG	[2014-06-19 17:25:39]	P_STATUS	: 00
DEBUG	[2014-06-19 17:25:39]	P_TYPE	: VBANK
DEBUG	[2014-06-19 17:25:39]	P_OID	: 1403166283531
DEBUG	[2014-06-19 17:25:39]	P_FN_CD1	: 20
DEBUG	[2014-06-19 17:25:39]	P_FN_CD2	: 
DEBUG	[2014-06-19 17:25:39]	P_FN_NM	: 우리은행
DEBUG	[2014-06-19 17:25:39]	P_AMT	: 79000
DEBUG	[2014-06-19 17:25:39]	P_UNAME	: 이승은
DEBUG	[2014-06-19 17:25:39]	P_RMESG1	: P_VACCT_NO=26246072318068|P_EXP_DT=20140629235900
DEBUG	[2014-06-19 17:25:39]	P_RMESG2	: 
DEBUG	[2014-06-19 17:25:39]	P_NOTI	: 
DEBUG	[2014-06-19 17:25:39]	P_AUTH_NO	: 
DEBUG	[2014-06-19 17:25:39]	IP	: 211.219.96.165
INFO	[2014-06-19 17:25:39]	END Order log
------------------------------------------------------------------------------

------------------------------------------------------------------------------
INFO	[2014-06-19 17:27:32]	START Order log
DEBUG	[2014-06-19 17:27:32]	P_TID	: INIMX_VBNKGODOloosfl20140619172539564260
DEBUG	[2014-06-19 17:27:32]	P_MID	: GODOloosfl
DEBUG	[2014-06-19 17:27:32]	P_AUTH_DT	: 20140619172733
DEBUG	[2014-06-19 17:27:32]	P_STATUS	: 02
DEBUG	[2014-06-19 17:27:32]	P_TYPE	: VBANK
DEBUG	[2014-06-19 17:27:32]	P_OID	: 1403166283531
DEBUG	[2014-06-19 17:27:32]	P_FN_CD1	: 20
DEBUG	[2014-06-19 17:27:32]	P_FN_CD2	: 
DEBUG	[2014-06-19 17:27:32]	P_FN_NM	: 우리은행
DEBUG	[2014-06-19 17:27:32]	P_AMT	: 79000
DEBUG	[2014-06-19 17:27:32]	P_UNAME	: 이승은
DEBUG	[2014-06-19 17:27:32]	P_RMESG1	: P_VACCT_NO=26246072318068|P_EXP_DT=20140629
DEBUG	[2014-06-19 17:27:32]	P_RMESG2	: 
DEBUG	[2014-06-19 17:27:32]	P_NOTI	: 
DEBUG	[2014-06-19 17:27:32]	P_AUTH_NO	: 
DEBUG	[2014-06-19 17:27:32]	IP	: 118.129.210.25
INFO	[2014-06-19 17:27:32]	END Order log
------------------------------------------------------------------------------

