------------------------------------------------------------------------------
INFO	[2014-03-27 15:19:45]	START Order log
DEBUG	[2014-03-27 15:19:45]	P_STATUS	: 00
DEBUG	[2014-03-27 15:19:45]	P_AUTH_DT	: 20140327151945
DEBUG	[2014-03-27 15:19:45]	P_AUTH_NO	: 52039169
DEBUG	[2014-03-27 15:19:45]	P_RMESG1	: 성공적으로 처리 하였습니다.
DEBUG	[2014-03-27 15:19:45]	P_RMESG2	: 00
DEBUG	[2014-03-27 15:19:45]	P_TID	: INIMX_CARDGODOloosfl20140327151945739279
DEBUG	[2014-03-27 15:19:45]	P_FN_CD1	: 17
DEBUG	[2014-03-27 15:19:45]	P_AMT	: 79000
DEBUG	[2014-03-27 15:19:45]	P_TYPE	: CARD
DEBUG	[2014-03-27 15:19:45]	P_UNAME	: 고경인
DEBUG	[2014-03-27 15:19:45]	P_MID	: GODOloosfl
DEBUG	[2014-03-27 15:19:45]	P_OID	: 1395900957319
DEBUG	[2014-03-27 15:19:45]	P_NOTI	: 
DEBUG	[2014-03-27 15:19:45]	P_NEXT_URL	: https://www.loosfly.com:14020/shop/order/card/inipay/mobile/nscreen_card_return.php?ordno
DEBUG	[2014-03-27 15:19:45]	settlekind	: c
DEBUG	[2014-03-27 15:19:45]	page_type	: 
DEBUG	[2014-03-27 15:19:45]	P_MNAME	: 
DEBUG	[2014-03-27 15:19:45]	P_NOTEURL	: 
DEBUG	[2014-03-27 15:19:45]	P_CARD_MEMBER_NUM	: 
DEBUG	[2014-03-27 15:19:45]	P_CARD_NUM	: 531838001890
DEBUG	[2014-03-27 15:19:45]	P_CARD_ISSUER_CODE	: 81
DEBUG	[2014-03-27 15:19:45]	P_CARD_PURCHASE_CODE	: 17
DEBUG	[2014-03-27 15:19:45]	P_CARD_PRTC_CODE	: 1
DEBUG	[2014-03-27 15:19:45]	P_CARD_INTEREST	: 0
DEBUG	[2014-03-27 15:19:45]	P_CARD_CHECKFLAG	: 1
DEBUG	[2014-03-27 15:19:45]	IP	: 175.223.21.226
INFO	[2014-03-27 15:19:45]	END Order log
------------------------------------------------------------------------------

