------------------------------------------------------------------------------
INFO	[2014-10-11 19:24:53]	START Order log
DEBUG	[2014-10-11 19:24:53]	P_TID	: INIMX_ISP_GODOloosfl20141011192452700622
DEBUG	[2014-10-11 19:24:53]	P_MID	: GODOloosfl
DEBUG	[2014-10-11 19:24:53]	P_AUTH_DT	: 20141011192452
DEBUG	[2014-10-11 19:24:53]	P_STATUS	: 01
DEBUG	[2014-10-11 19:24:53]	P_TYPE	: ISP
DEBUG	[2014-10-11 19:24:53]	P_OID	: 1413021990773
DEBUG	[2014-10-11 19:24:53]	P_FN_CD1	: 11
DEBUG	[2014-10-11 19:24:53]	P_FN_CD2	: 11
DEBUG	[2014-10-11 19:24:53]	P_FN_NM	: BC카드
DEBUG	[2014-10-11 19:24:53]	P_AMT	: 89000
DEBUG	[2014-10-11 19:24:53]	P_UNAME	: 김도원
DEBUG	[2014-10-11 19:24:53]	P_RMESG1	: 거래제한카드
DEBUG	[2014-10-11 19:24:53]	P_RMESG2	: 00
DEBUG	[2014-10-11 19:24:53]	P_NOTI	: 
DEBUG	[2014-10-11 19:24:53]	P_AUTH_NO	: 00000000
DEBUG	[2014-10-11 19:24:53]	P_CARD_ISSUER_CODE	: 00
DEBUG	[2014-10-11 19:24:53]	P_CARD_NUM	: 53872081****
DEBUG	[2014-10-11 19:24:53]	P_CARD_MEMBER_NUM	: 738321311
DEBUG	[2014-10-11 19:24:53]	P_CARD_PURCHASE_CODE	: 11
DEBUG	[2014-10-11 19:24:53]	P_PRTC_CODE	: 
DEBUG	[2014-10-11 19:24:53]	P_ISP_CARDCODE	: 050100202036321
DEBUG	[2014-10-11 19:24:53]	P_CARD_PURCHASE_NAME	: 
DEBUG	[2014-10-11 19:24:53]	P_CARD_ISSUER_NAME	: 
DEBUG	[2014-10-11 19:24:53]	P_RMESG3	: RM3_DISC_AMT^|RM3_PRICE^89000|RM3_ORG_AMT^89000|RM3_EVENT_CODE^|RM3_INTEREST^0
DEBUG	[2014-10-11 19:24:53]	IP	: 211.219.96.165
INFO	[2014-10-11 19:24:53]	END Order log
------------------------------------------------------------------------------

