INFO	[2014-10-15 18:56:22:181] <29255> START INIPHP chkfake (V5031-111123)(OS:Linux2.6.18-371.11.1.el5,PHP:5.2.17)
DEBUG	[2014-10-15 18:56:22:183] <29255> inipayhome:/www/loosfly_godo_co_kr/shop/order/card/inipay
DEBUG	[2014-10-15 18:56:22:183] <29255> type:chkfake
DEBUG	[2014-10-15 18:56:22:183] <29255> debug:true
DEBUG	[2014-10-15 18:56:22:183] <29255> enctype:asym
DEBUG	[2014-10-15 18:56:22:183] <29255> admin:1111
DEBUG	[2014-10-15 18:56:22:183] <29255> checkopt:false
DEBUG	[2014-10-15 18:56:22:183] <29255> mid:GODOloosfl
DEBUG	[2014-10-15 18:56:22:183] <29255> price:258000
DEBUG	[2014-10-15 18:56:22:183] <29255> nointerest:no
DEBUG	[2014-10-15 18:56:22:183] <29255> quotabase:선택:일시불:2개월:3개월:4개월:5개월:6개월:7개월:8개월:9개월:10개월:11개월:12개월
INFO	[2014-10-15 18:56:22:184] <29255> Check Field OK
INFO	[2014-10-15 18:56:22:194] <29255> MERCHANT PRIV KEY LOAD OK
INFO	[2014-10-15 18:56:22:198] <29255> MERCHANT PUB KEY LOAD OK []
INFO	[2014-10-15 18:56:22:202] <29255> CHKFAKE KEY MAKE OK:MjAxNDEwMTUxODU2MjIxOTgzNjY4Mg==

INFO	[2014-10-15 18:56:22:202] <29255> END chkfake  Laptime:[0.03sec]
INFO	[2014-10-15 18:56:22:202] <29255> ===============================================================
INFO	[2014-10-15 18:56:31:45] <22838> START INIPHP chkfake (V5031-111123)(OS:Linux2.6.18-371.11.1.el5,PHP:5.2.17)
DEBUG	[2014-10-15 18:56:31:45] <22838> inipayhome:/www/loosfly_godo_co_kr/shop/order/card/inipay
DEBUG	[2014-10-15 18:56:31:45] <22838> type:chkfake
DEBUG	[2014-10-15 18:56:31:45] <22838> debug:true
DEBUG	[2014-10-15 18:56:31:45] <22838> enctype:asym
DEBUG	[2014-10-15 18:56:31:45] <22838> admin:1111
DEBUG	[2014-10-15 18:56:31:45] <22838> checkopt:false
DEBUG	[2014-10-15 18:56:31:45] <22838> mid:GODOloosfl
DEBUG	[2014-10-15 18:56:31:45] <22838> price:258000
DEBUG	[2014-10-15 18:56:31:45] <22838> nointerest:no
DEBUG	[2014-10-15 18:56:31:45] <22838> quotabase:선택:일시불:2개월:3개월:4개월:5개월:6개월:7개월:8개월:9개월:10개월:11개월:12개월
INFO	[2014-10-15 18:56:31:45] <22838> Check Field OK
INFO	[2014-10-15 18:56:31:45] <22838> MERCHANT PRIV KEY LOAD OK
INFO	[2014-10-15 18:56:31:45] <22838> MERCHANT PUB KEY LOAD OK []
INFO	[2014-10-15 18:56:31:47] <22838> CHKFAKE KEY MAKE OK:MjAxNDEwMTUxODU2MzEwNDUzNDgwNQ==

INFO	[2014-10-15 18:56:31:47] <22838> END chkfake  Laptime:[0.01sec]
INFO	[2014-10-15 18:56:31:47] <22838> ===============================================================
INFO	[2014-10-15 18:59:23:475] <22841> START INIPHP securepay (V5031-111123)(OS:Linux2.6.18-371.11.1.el5,PHP:5.2.17)
DEBUG	[2014-10-15 18:59:23:475] <22841> inipayhome:/www/loosfly_godo_co_kr/shop/order/card/inipay
DEBUG	[2014-10-15 18:59:23:475] <22841> type:securepay
DEBUG	[2014-10-15 18:59:23:475] <22841> pgid:INIphpCARD
DEBUG	[2014-10-15 18:59:23:475] <22841> subpgip:203.238.3.10
DEBUG	[2014-10-15 18:59:23:475] <22841> admin:1111
DEBUG	[2014-10-15 18:59:23:475] <22841> debug:true
DEBUG	[2014-10-15 18:59:23:475] <22841> uid:
DEBUG	[2014-10-15 18:59:23:475] <22841> goodname:Black Marble Leotard
DEBUG	[2014-10-15 18:59:23:475] <22841> currency:WON
DEBUG	[2014-10-15 18:59:23:475] <22841> mid:GODOloosfl
DEBUG	[2014-10-15 18:59:23:475] <22841> rn:MjAxNDEwMTUxODU2MzEwNDUzNDgwNQ==

DEBUG	[2014-10-15 18:59:23:475] <22841> price:258000
DEBUG	[2014-10-15 18:59:23:475] <22841> enctype:
DEBUG	[2014-10-15 18:59:23:475] <22841> buyername:김민정
DEBUG	[2014-10-15 18:59:23:475] <22841> buyertel:010-7935-9133
DEBUG	[2014-10-15 18:59:23:475] <22841> buyeremail:dnr100@nate.com
DEBUG	[2014-10-15 18:59:23:475] <22841> paymethod:Card
DEBUG	[2014-10-15 18:59:23:475] <22841> encrypted:Version=4.1&PayMethod=Card&RsaKeyNum=1&EncryptionAlgorithm=SEED-CBC&SignAlgorithm=RSAwithSHA1&CertVer=39&moid=1413366957543&ver_trace=main(6088,6053)card(6116,6106)n(6008)Cs(6022)Dt(6002)Pa(6002)Cf(6024)Fv(0000)La(6132)Re(6084)Vr(6006)P(6033)en(6040)nP(6006)&pg1=211.219.96.180&pg2=203.238.37.3&pg1ip=211.219.96.180&pg2ip=203.238.37.3&agreeflag=1111&Data=ylP66JulbSami6NpHKsj3AOEJoHPXKmbCwWsBVQbVLTPp3boNTn7x5DwelKbB7PG
zTqSvqRQEst7gHyPFdSm710Ng+PVjEBmY/J8C3SFWuRs1D606qStRZW+Cmb8+jTU
xhaUUOUsySL0+pKGvdRjuJYaWeaASu64j+JuK9S1HsKiUe8wE2RtG+WXqexwfVIE
me+0crSSUeCdcrPiQHcZtgIt+JsA0Ujcytb4POsofjhCCrkL9qo59tHpAR/HyhCU
lBs3awEce0YcglqLm8nDowQyOB/uD4aBp/WJZBneT/UlZOwBaMMvaRtby5kh/4Bu
OUltJg4pboLRciaaWdrLPD7RGM2t1zQ7wVyPI2Bkpyz77ug6ATZTI7zGjNghCW3W
TIc+EHgWu7sGDYN/ryvwWVQwP8YPYsGOmrxIiBPuW3Y9TpyDcMMhmvJfNyQqzBqa
fomVZrdLFiqV/Oc04owdoBrF8sC53INcHg0cc+GNWs3m9hh1FAN187p609sUH1dW
5FjB9kmUBBkp/97gfQFA4f2Kqcv64nh058trzDb0v/mKmj9sdL8e+BXZuJTFE+XS
k3cAWrePEJp6HLlab3nPwDRSG52nXexRv0bBHhJJVgUVtUBEd7Z9Ib7gG3OFjy0+
nu9fT4vJOMz31ZMNJ4/d8aBF7Q5/LXvTTgxQe1BmPvxLKT+hGbWbPNZF
DEBUG	[2014-10-15 18:59:23:475] <22841> sessionkey:xHAHwJWEuGc9hjROi0O+2O5xCjwZe1nFgtpiL/Dg/o311z7r4h6dcXV0YfEbQNua
gyfm6vcf6kVQYDv5XNuXnMjVumf9AliGaLA9kL+9+1rpnQ/bGxLpdDMq+mmzi/G8
sMzzCeCOEZHIZJvZcdn7A8KWDYoJIVvVZCFXVZOkpSM=
DEBUG	[2014-10-15 18:59:23:475] <22841> url:http://www.loosfly.com
DEBUG	[2014-10-15 18:59:23:475] <22841> cardcode:14
DEBUG	[2014-10-15 18:59:23:475] <22841> parentemail:dnr100@nate.com
DEBUG	[2014-10-15 18:59:23:475] <22841> recvname:김민정
DEBUG	[2014-10-15 18:59:23:475] <22841> recvtel:010-7935-9133
DEBUG	[2014-10-15 18:59:23:475] <22841> recvaddr:서울 용산구 한강로1가 용산파크자이 d동 613호
DEBUG	[2014-10-15 18:59:23:475] <22841> recvpostnum:140-752
DEBUG	[2014-10-15 18:59:23:475] <22841> recvmsg:
DEBUG	[2014-10-15 18:59:23:475] <22841> joincard:
DEBUG	[2014-10-15 18:59:23:475] <22841> joinexpire:
DEBUG	[2014-10-15 18:59:23:475] <22841> id_customer:
INFO	[2014-10-15 18:59:23:475] <22841> Check Field OK
INFO	[2014-10-15 18:59:23:475] <22841> Make TID OK INIphpCARDGODOloosfl20141015185923759922
INFO	[2014-10-15 18:59:23:475] <22841> PI PUB KEY LOAD OK [39]
INFO	[2014-10-15 18:59:23:486] <22841> PG PUB KEY LOAD OK [30]
INFO	[2014-10-15 18:59:23:486] <22841> MERCHANT PRIV KEY LOAD OK
INFO	[2014-10-15 18:59:23:486] <22841> MERCHANT PUB KEY LOAD OK [0]
INFO	[2014-10-15 18:59:23:488] <22841> MAKE BODY OK
INFO	[2014-10-15 18:59:23:489] <22841> SIGN OK
INFO	[2014-10-15 18:59:23:489] <22841> MAKE HEAD OK
INFO	[2014-10-15 18:59:23:489] <22841> MSG_TO_PG:[0300500175R SHA1                   0                  39                  300200GODOloosfl              258000INIphpCARDGODOloosfl20141015185923759922<?xml version="1.0" encoding="UTF-8"?>
<INIpay>
	  <GoodsInfo>
	    <GoodsCnt>1</GoodsCnt>
	    <MOID/>
	    <Currency>WON</Currency>
	    <Tax/>
	    <TaxFree/>
	    <Goods>
	      <SMID>GODOloosfl</SMID>
	      <GoodsName urlencode="1">Black+Marble+Leotard</GoodsName>
	      <GoodsPrice>258000</GoodsPrice></Goods></GoodsInfo>
	  <BuyerInfo>
	    <BuyerName urlencode="1">%B1%E8%B9%CE%C1%A4</BuyerName>
	    <BuyerTel>010-7935-9133</BuyerTel>
	    <BuyerEmail urlencode="1">dnr100%40nate.com</BuyerEmail>
	    <ParentEmail urlencode="1">dnr100%40nate.com</ParentEmail>
	    <RecvName urlencode="1">%B1%E8%B9%CE%C1%A4</RecvName>
	    <RecvTel urlencode="1">010-7935-9133</RecvTel>
	    <RecvMsg/>
	    <RecvAddr urlencode="1">%BC%AD%BF%EF+%BF%EB%BB%EA%B1%B8+%C7%D1%B0%AD%B7%CE1%B0%A1+%BF%EB%BB%EA%C6%C4%C5%A9%C0%DA%C0%CC+d%B5%BF+613%C8%A3</RecvAddr>
	    <RecvPostNum urlencode="1">140-752</RecvPostNum></BuyerInfo>
	  <PaymentInfo>
	    <Payment>
	      <PayMethod>Card</PayMethod>
	      <JoinCard/>
	      <JoinExpire/>
	      <MailOrder/>
	      <SessionKey>xHAHwJWEuGc9hjROi0O+2O5xCjwZe1nFgtpiL/Dg/o311z7r4h6dcXV0YfEbQNua
gyfm6vcf6kVQYDv5XNuXnMjVumf9AliGaLA9kL+9+1rpnQ/bGxLpdDMq+mmzi/G8
sMzzCeCOEZHIZJvZcdn7A8KWDYoJIVvVZCFXVZOkpSM=</SessionKey>
	      <Encrypted urlencode="1">Version%3D4.1%26PayMethod%3DCard%26RsaKeyNum%3D1%26EncryptionAlgorithm%3DSEED-CBC%26SignAlgorithm%3DRSAwithSHA1%26CertVer%3D39%26moid%3D1413366957543%26ver_trace%3Dmain%286088%2C6053%29card%286116%2C6106%29n%286008%29Cs%286022%29Dt%286002%29Pa%286002%29Cf%286024%29Fv%280000%29La%286132%29Re%286084%29Vr%286006%29P%286033%29en%286040%29nP%286006%29%26pg1%3D211.219.96.180%26pg2%3D203.238.37.3%26pg1ip%3D211.219.96.180%26pg2ip%3D203.238.37.3%26agreeflag%3D1111%26Data%3DylP66JulbSami6NpHKsj3AOEJoHPXKmbCwWsBVQbVLTPp3boNTn7x5DwelKbB7PG%0D%0AzTqSvqRQEst7gHyPFdSm710Ng%2BPVjEBmY%2FJ8C3SFWuRs1D606qStRZW%2BCmb8%2BjTU%0D%0AxhaUUOUsySL0%2BpKGvdRjuJYaWeaASu64j%2BJuK9S1HsKiUe8wE2RtG%2BWXqexwfVIE%0D%0Ame%2B0crSSUeCdcrPiQHcZtgIt%2BJsA0Ujcytb4POsofjhCCrkL9qo59tHpAR%2FHyhCU%0D%0AlBs3awEce0YcglqLm8nDowQyOB%2FuD4aBp%2FWJZBneT%2FUlZOwBaMMvaRtby5kh%2F4Bu%0D%0AOUltJg4pboLRciaaWdrLPD7RGM2t1zQ7wVyPI2Bkpyz77ug6ATZTI7zGjNghCW3W%0D%0ATIc%2BEHgWu7sGDYN%2FryvwWVQwP8YPYsGOmrxIiBPuW3Y9TpyDcMMhmvJfNyQqzBqa%0D%0AfomVZrdLFiqV%2FOc04owdoBrF8sC53INcHg0cc%2BGNWs3m9hh1FAN187p609sUH1dW%0D%0A5FjB9kmUBBkp%2F97gfQFA4f2Kqcv64nh058trzDb0v%2FmKmj9sdL8e%2BBXZuJTFE%2BXS%0D%0Ak3cAWrePEJp6HLlab3nPwDRSG52nXexRv0bBHhJJVgUVtUBEd7Z9Ib7gG3OFjy0%2B%0D%0Anu9fT4vJOMz31ZMNJ4%2Fd8aBF7Q5%2FLXvTTgxQe1BmPvxLKT%2BhGbWbPNZF</Encrypted></Payment></PaymentInfo>
	  <ReservedInfo>
	    <MReserved1/>
	    <MReserved2/>
	    <MReserved3/></ReservedInfo>
	  <ManageInfo>
	    <Language/>
	    <URL urlencode="1">http%3A%2F%2Fwww.loosfly.com</URL>
	    <TXVersion>5031B111123securLinux     PHPchkfake   2.6.18-371.11.1.el5PHP:5.2.17 </TXVersion>
	    <TXUserID/>
	    <TXRegNum/>
	    <Ack>1</Ack>
	    <TXRN>MjAxNDEwMTUxODU2MzEwNDUzNDgwNQ==
</TXRN></ManageInfo></INIpay>Aa2veUxOwxGJePJiL6RdPrbFC26TcaQTTXtgs5JKB5ueDUtQGdShX6JjFiuDiC6n
ALR4cpEJhnAPVe4V4RyQX5KtOR1vT/Z4b1Mio6OF/tlEj8xS+jf8hHt8wwRO0mwW
UwwRJh6AHWmSl71zRWVmqL8l/Tmfu7xr6w4wD/Um/5Df
]
INFO	[2014-10-15 18:59:23:496] <22841> DNS LOOKUP OK(211.219.96.180:211.219.96.180:34049) laptime:0
INFO	[2014-10-15 18:59:23:498] <22841> SOCKET CONNECT OK
INFO	[2014-10-15 18:59:23:498] <22841> SEND OK
INFO	[2014-10-15 18:59:25:165] <22841> RECV OK
INFO	[2014-10-15 18:59:25:165] <22841> MSG_FROM_PG:[0297900175D SHA1                   0                  39                  300210GODOloosfl              258000INIphpCARDGODOloosfl20141015185923759922<?xml version="1.0" encoding="UTF-8"?>
<INIpay>
  <GoodsInfo>
    <GoodsCnt>1</GoodsCnt>
    <MOID urlencode="1">1413366957543</MOID>
    <Currency>WON</Currency>
    <Goods no="1">
      <SMID>GODOloosfl</SMID>
      <GoodsName urlencode="1">Black+Marble+Leotard</GoodsName>
      <GoodsCntS>1</GoodsCntS>
      <GoodsPrice>258000</GoodsPrice>
    </Goods>
  </GoodsInfo>
  <PaymentInfo>
    <Payment>
      <SessionKey>AZjjWL2QrEMKKELRFUgSXbSDznqC2uF0VTbFHzZ7HDikAMAmwOqn+ITA40LX8Wsh
3Ov/nhjBlxIkiy/Y4xrhbMEyuoAkEVf9olZldBNGpNZAGdXyOhRChJwzCAJJ2dhp
x9PDI5o50dKvuNioEx/f5tDgzn9LYjDpLEzqNmacxdEFlbQf+Rm8wJs=
</SessionKey>
      <Encrypted>goWsPANazAach49xtkuPgR3yOxafoOYU0GSmFAzYgZeFCvYe948BC47Usfm36SpE
C29MGxEzhUmkRSLj1McKE49OhjPIn6DpQP2uKq7DOKC8rCIeKBl6Xuj2cpLgNFox
gF61G6NwIsJjr45KDAGvPYYWR4SedVEyO6HryO7nGmKVa/kxkM9dF8VWJAlw3iBX
zQ9EZgzjziZWsrXlp0fxjG7byUvF+n5quVHm6FqRHsHe9TfaewQ8nH3yT935DKzR
HTSoEjfDT/nyJROPp12K+oUxjlfn1gchimLRkJyV8TP6haA+Z9i+OOh88Trhiv06
Ibu60xV6lK5FJNNVKQaBujd4fTwo40/Vushu40Ioz8E2c6X4VfOJVriwZvYuZFUt
5D1Sc8BCuhV/16PIETPcDtoEZlVeO+zaEN8YVFV+wMYrnYDKNOlvJbdxgF5fTIKC
le/TffWF7/Bag8Q7iUPel/2Z0m03/56aLvBo7D7frWTBjapkoQIL0TDk4xcpT9Dt
0TrppKh8ZfpaL1RRsC653Ey0vM8hG5usYR6c9N4jxc5Bq3unI3/3x8jyffXyeNiR
6eaSLiRQU0P469W3JlusMSmrtMzlkgZ1GavlLP0giwt/03USLzp8bs5J8il7C/5i
voVulMB3rtQTcsWS1ZfEWf8epJej3+brXpadaMZZR2y3l9AnNINnDXVXwEjuHVvM
5BJ2Zfl9QvRtl41B+4OeAS5g3uTbIYosGlZAeJ6Ri4vKNvAzaAcI1DJXJlVvjJje
eCKOITS2ox2d+4irvOP9q9Ts7qtB2f8ZIk+2T0ojCESibCnKpRmOl2Fj3IVT20u4
JTVn+tlRt5g8Xm9s7pCiVD/XxBNL6N77e7XaGituHqt6I8ePd4fxoVGerdpvpZIO
92501VVB6bzJb5V/mBTNfVltYVPPyiEz2sAkdJXe9nOPYWCm9RAvTzwqEiIOLoJ4
E0COJYpyEapkd7TaewhEZ3C7fzEoUYMpZMtWfoFOpHUTMn3Py+KV5Sz5OrdEjDI0
0Srg3DnGbtwoYWpqz0GMGi+WHSloObAvaPrQQdjAAH6T5/aEVEKlr/h7Adu/k2pw
p/WoXWSNAFCBJRAwbU2hgJuvS8dbO7IZLCQ8Dig0xvGmxX1nEkz9HcJbFVHF+Y8E
Cn5J1eds9Xt5nCIqofqDmgc+60ZmSKlOebclPpEOtFMszyUxo7m80XR3cQiLp5r+
pTk2sPkUqOrjI3lJtLMIi3D2oJu3USaZQgeyIjBxTcyQU28/yZaCn9cuZAn44uUX
dyZWdMarJSJwAfkxK71mFLb4K4NLn0rwqHRWf7/rYPxStT1qlRdWzxp8dfCN3ZEL
nhsNb2vdkwEVTx6GPfVVgenRkl+rRDvCQXeAV7H16hSyj2S5OXxqyXOx1BTkl+Id
qrf7kD2XMSYgv5iOXgeWAjxS9x574ubVIEPco3f8SSoMz0HQ4p1B4GyQY667hPun
t1KRJdt4wbPxhDM98VA/1VcwkCgsitKCiiVzvtVj8pw9fgOs5kj4GFz/U0ZJvShd
CFhSgWKTLkgVcaCfTmjgGtsSOmqu1x/H9rZqb4zSrhyhjOGidczrRThj+yFMv87u
oWbFf9d8W3Y0v1XyjEyu1SfYxWxPlTHQ
</Encrypted>
      <PayMethod>Card</PayMethod>
      <ResultCode>120000</ResultCode>
      <ResultMsg urlencode="1">%C1%A4%BB%F3%C3%B3%B8%AE%B5%C7%BE%FA%BD%C0%B4%CF%B4%D9.</ResultMsg>
    </Payment>
  </PaymentInfo>
  <ManageInfo>
    <EventCode></EventCode>
    <OrgCurrency></OrgCurrency>
    <ExchangeRate></ExchangeRate>
    <OrgPrice></OrgPrice>
  </ManageInfo>
  <ReservedInfo>
    <MReserved1 urlencode="1"></MReserved1>
    <MReserved2 urlencode="1"></MReserved2>
    <MReserved3 urlencode="1"></MReserved3>
    <PGReserved1 urlencode="1"></PGReserved1>
    <PGReserved2 urlencode="1"></PGReserved2>
    <PGReserved3 urlencode="1"></PGReserved3>
  </ReservedInfo>
</INIpay>
Of7wolJ8K8FcHYhJCmkRF19yq2ZH9YY3NbEzVnOomGKKKsmNVyojvLeM3d/he3Pb
sDGYwRHDpIQCdWEGJPJWDVv2KAdLq5iOchNoKChPaJx9v9iFlT/+q7K7XHZ+z/pj
JZxiyfeQMXzeJX32ToVpoHp6XColMW3rqonDij5kTrw=
]
INFO	[2014-10-15 18:59:25:165] <22841> VERIFY OK
INFO	[2014-10-15 18:59:25:165] <22841> PARSE HEAD OK
INFO	[2014-10-15 18:59:25:167] <22841> PARSE BODY OK
INFO	[2014-10-15 18:59:25:170] <22841> DECRYPT OK
DEBUG	[2014-10-15 18:59:25:170] <22841> DECRYPT MSG:[<?xml version="1.0" encoding="UTF-8"?>
<PaymentInfo>
  <Payment>
    <EASYPAY/>
    <Card>
      <CARD_ApplPrice>258000</CARD_ApplPrice>
      <CARD_Num>510737268448</CARD_Num>
      <CARD_Expire></CARD_Expire>
      <CARD_Code>14</CARD_Code>
      <CARD_BankCode>26</CARD_BankCode>
      <CARD_Quota>00</CARD_Quota>
      <CARD_Interest>0</CARD_Interest>
      <CARD_Point></CARD_Point>
      <CARD_AuthType>99</CARD_AuthType>
      <CARD_RegNum></CARD_RegNum>
      <CARD_ApplDate>20141015</CARD_ApplDate>
      <CARD_ApplTime>185925</CARD_ApplTime>
      <CARD_ApplNum>17335503</CARD_ApplNum>
      <CARD_TerminalNum>019048y000</CARD_TerminalNum>
      <CARD_MemberNum></CARD_MemberNum>
      <CARD_PurchaseCode></CARD_PurchaseCode>
      <CARD_ResultCode>120000</CARD_ResultCode>
      <CARD_ResultMsg urlencode="1">%C1%A4%BB%F3%C3%B3%B8%AE%B5%C7%BE%FA%BD%C0%B4%CF%B4%D9.</CARD_ResultMsg>
      <CARD_PrtcCode>1</CARD_PrtcCode>
      <CARD_Quota_Point>00</CARD_Quota_Point>
      <CARD_CheckFlag>1</CARD_CheckFlag>
      <CARD_PurchaseName urlencode="1"></CARD_PurchaseName>
      <CARD_IssuerName urlencode="1"></CARD_IssuerName>
      <CARD_JoinUsePoint></CARD_JoinUsePoint>
    </Card>
  </Payment>
</PaymentInfo>]
INFO	[2014-10-15 18:59:25:172] <22841> DECRYPT PARSE OK
INFO	[2014-10-15 18:59:25:172] <22841> WAIT ACK INVOKING
DEBUG	[2014-10-15 18:59:25:172] <22841> MAKE HEAD OK
INFO	[2014-10-15 18:59:25:175] <22841> SUCCESS ACK INVOKING
INFO	[2014-10-15 18:59:25:175] <22841> END securepay 정상처리되었습니다. Laptime:[1.7sec]
INFO	[2014-10-15 18:59:25:175] <22841> ===============================================================
