INFO	[2013-12-22 19:46:16:997] <4538> START INIPHP chkfake (V5031-111123)(OS:Linux2.6.18-371.1.2.el5,PHP:5.2.17)
DEBUG	[2013-12-22 19:46:16:997] <4538> inipayhome:/www/loosfly_godo_co_kr/shop/order/card/inipay
DEBUG	[2013-12-22 19:46:16:997] <4538> type:chkfake
DEBUG	[2013-12-22 19:46:16:997] <4538> debug:true
DEBUG	[2013-12-22 19:46:16:997] <4538> enctype:asym
DEBUG	[2013-12-22 19:46:16:997] <4538> admin:1111
DEBUG	[2013-12-22 19:46:16:997] <4538> checkopt:false
DEBUG	[2013-12-22 19:46:16:997] <4538> mid:GODOloosfl
DEBUG	[2013-12-22 19:46:16:997] <4538> price:47000
DEBUG	[2013-12-22 19:46:16:997] <4538> nointerest:no
DEBUG	[2013-12-22 19:46:16:997] <4538> quotabase:선택:일시불:2개월:3개월:4개월:5개월:6개월:7개월:8개월:9개월:10개월:11개월:12개월
INFO	[2013-12-22 19:46:16:998] <4538> Check Field OK
INFO	[2013-12-22 19:46:17:7] <4538> MERCHANT PRIV KEY LOAD OK
INFO	[2013-12-22 19:46:17:11] <4538> MERCHANT PUB KEY LOAD OK []
INFO	[2013-12-22 19:46:17:14] <4538> CHKFAKE KEY MAKE OK:MjAxMzEyMjIxOTQ2MTcwMTE0MzczOA==

INFO	[2013-12-22 19:46:17:14] <4538> END chkfake  Laptime:[0.02sec]
INFO	[2013-12-22 19:46:17:14] <4538> ===============================================================
INFO	[2013-12-22 19:49:41:637] <4516> START INIPHP chkfake (V5031-111123)(OS:Linux2.6.18-371.1.2.el5,PHP:5.2.17)
DEBUG	[2013-12-22 19:49:41:637] <4516> inipayhome:/www/loosfly_godo_co_kr/shop/order/card/inipay
DEBUG	[2013-12-22 19:49:41:637] <4516> type:chkfake
DEBUG	[2013-12-22 19:49:41:637] <4516> debug:true
DEBUG	[2013-12-22 19:49:41:637] <4516> enctype:asym
DEBUG	[2013-12-22 19:49:41:637] <4516> admin:1111
DEBUG	[2013-12-22 19:49:41:637] <4516> checkopt:false
DEBUG	[2013-12-22 19:49:41:637] <4516> mid:GODOloosfl
DEBUG	[2013-12-22 19:49:41:637] <4516> price:47000
DEBUG	[2013-12-22 19:49:41:637] <4516> nointerest:no
DEBUG	[2013-12-22 19:49:41:637] <4516> quotabase:선택:일시불:2개월:3개월:4개월:5개월:6개월:7개월:8개월:9개월:10개월:11개월:12개월
INFO	[2013-12-22 19:49:41:637] <4516> Check Field OK
INFO	[2013-12-22 19:49:41:637] <4516> MERCHANT PRIV KEY LOAD OK
INFO	[2013-12-22 19:49:41:637] <4516> MERCHANT PUB KEY LOAD OK []
INFO	[2013-12-22 19:49:41:639] <4516> CHKFAKE KEY MAKE OK:MjAxMzEyMjIxOTQ5NDE2Mzc2NjM2OQ==

INFO	[2013-12-22 19:49:41:639] <4516> END chkfake  Laptime:[0sec]
INFO	[2013-12-22 19:49:41:639] <4516> ===============================================================
INFO	[2013-12-22 19:49:46:94] <4518> START INIPHP chkfake (V5031-111123)(OS:Linux2.6.18-371.1.2.el5,PHP:5.2.17)
DEBUG	[2013-12-22 19:49:46:94] <4518> inipayhome:/www/loosfly_godo_co_kr/shop/order/card/inipay
DEBUG	[2013-12-22 19:49:46:94] <4518> type:chkfake
DEBUG	[2013-12-22 19:49:46:94] <4518> debug:true
DEBUG	[2013-12-22 19:49:46:94] <4518> enctype:asym
DEBUG	[2013-12-22 19:49:46:94] <4518> admin:1111
DEBUG	[2013-12-22 19:49:46:94] <4518> checkopt:false
DEBUG	[2013-12-22 19:49:46:94] <4518> mid:GODOloosfl
DEBUG	[2013-12-22 19:49:46:94] <4518> price:47000
DEBUG	[2013-12-22 19:49:46:94] <4518> nointerest:no
DEBUG	[2013-12-22 19:49:46:94] <4518> quotabase:선택:일시불:2개월:3개월:4개월:5개월:6개월:7개월:8개월:9개월:10개월:11개월:12개월
INFO	[2013-12-22 19:49:46:94] <4518> Check Field OK
INFO	[2013-12-22 19:49:46:94] <4518> MERCHANT PRIV KEY LOAD OK
INFO	[2013-12-22 19:49:46:95] <4518> MERCHANT PUB KEY LOAD OK []
INFO	[2013-12-22 19:49:46:96] <4518> CHKFAKE KEY MAKE OK:MjAxMzEyMjIxOTQ5NDYwOTU3NzQ3Nw==

INFO	[2013-12-22 19:49:46:96] <4518> END chkfake  Laptime:[0.01sec]
INFO	[2013-12-22 19:49:46:96] <4518> ===============================================================
INFO	[2013-12-22 19:51:29:862] <2943> START INIPHP securepay (V5031-111123)(OS:Linux2.6.18-371.1.2.el5,PHP:5.2.17)
DEBUG	[2013-12-22 19:51:29:862] <2943> inipayhome:/www/loosfly_godo_co_kr/shop/order/card/inipay
DEBUG	[2013-12-22 19:51:29:862] <2943> type:securepay
DEBUG	[2013-12-22 19:51:29:862] <2943> pgid:INIphpCARD
DEBUG	[2013-12-22 19:51:29:862] <2943> subpgip:203.238.3.10
DEBUG	[2013-12-22 19:51:29:862] <2943> admin:1111
DEBUG	[2013-12-22 19:51:29:862] <2943> debug:true
DEBUG	[2013-12-22 19:51:29:862] <2943> uid:
DEBUG	[2013-12-22 19:51:29:862] <2943> goodname:Basic Lace Leotard Type B (Violet)
DEBUG	[2013-12-22 19:51:29:862] <2943> currency:WON
DEBUG	[2013-12-22 19:51:29:862] <2943> mid:GODOloosfl
DEBUG	[2013-12-22 19:51:29:862] <2943> rn:MjAxMzEyMjIxOTQ5NDYwOTU3NzQ3Nw==

DEBUG	[2013-12-22 19:51:29:862] <2943> price:47000
DEBUG	[2013-12-22 19:51:29:862] <2943> enctype:
DEBUG	[2013-12-22 19:51:29:862] <2943> buyername:이현정
DEBUG	[2013-12-22 19:51:29:862] <2943> buyertel:010-5058-9496
DEBUG	[2013-12-22 19:51:29:862] <2943> buyeremail:po9496@naver.com
DEBUG	[2013-12-22 19:51:29:862] <2943> paymethod:Card
DEBUG	[2013-12-22 19:51:29:862] <2943> encrypted:Version=4.1&PayMethod=Card&RsaKeyNum=1&EncryptionAlgorithm=SEED-CBC&SignAlgorithm=RSAwithSHA1&CertVer=39&moid=1387709370540&ver_trace=main(6076,6049)card(6098,6092)n(6008)Cs(6021)Dt(6002)Pa(6002)Cf(6024)Fv(0000)La(6117)Re(6071)Vr(6006)P(6033)en(6031)nP(6004)&pg1=211.219.96.180&pg2=203.238.37.3&pg1ip=211.219.96.180&pg2ip=203.238.37.3&agreeflag=1111&Data=3G7pvo33XVRa2Fmc9R6SvQ54GYrW6QHRUw98SJgZvhIVLqM5Qb/5PrRNGZDoLyGR
kchz7DLtSv3CeJzczX/gj95ys6uY0onXrHSUsb8olHS+M3TkYx4pe0OW+fWG1f3c
VYmKobXd9omkq1lk27Aq+iy3XxddmpWOrcEESMfoENovkqoLzAhKNzCIR4qxsIER
rnKSZqHMxb/tOMb4BWqj2kLx+RW1861XCpYOO15w5KJrwnbkgvlS1mipEGw0Wrgs
T0QCSod2U9939vSY6YUfWs2RAZUZl9XUXqgJaXgSarXEzBa6/hEImfiQnh+AqBmO
b++5da8478KHi7xduBcgdPzd5PjZ0pCCFUkE0WWxj9oTFRaVc7UAlZpBbS32PZSi
Sm5tQPUGFTax2HzXu7y5YaxTJ6YPfXYmKljkd3tQ7GtuxLU5tlkhVAcPH5kqjtNi
BuV5dPUmUOpKtwsbjkn0XPsTPvcC6mBOPL2SsdRoDJK3QExklR0y+KZdTPs7QWIF
eAO7Tk7dTfACFrV6M62biPTmk4y4nZfjixIeswbzwD3AuHQxn/1jzzDiTX+3qO/r
WfEDEH+iDv+Xrlx9dq2RTTWO1zPkiHnGiwfBjyrRJT0WwB/2ck3dbJeD6eV4yOEY
epiQL4DfhuJZUKOiOpZyqn/UtSjjjrf0yMaLRq1fmFUiGQBSMys9BZrMwTMUOYOn
DEBUG	[2013-12-22 19:51:29:862] <2943> sessionkey:xsiD3++NoaiE+q64J051sDcqc3MlUDezrxvIuuvR3IO+t514Vgi5ZvyPQPcWvFgk
DbiPsDJ1ZR3H05CdUbfnamQvnKLwodSByuofJ0o3+TkHbicZ3tp8fj6LDXHQEXar
+CQs3vnGvhEqMlJOI3wH4HV6nl/xnBjE2KW4JM+6qxw=
DEBUG	[2013-12-22 19:51:29:862] <2943> url:http://www.loosfly.com
DEBUG	[2013-12-22 19:51:29:862] <2943> cardcode:16
DEBUG	[2013-12-22 19:51:29:862] <2943> parentemail:po9496@naver.com
DEBUG	[2013-12-22 19:51:29:862] <2943> recvname:이현정
DEBUG	[2013-12-22 19:51:29:862] <2943> recvtel:010-5058-9496
DEBUG	[2013-12-22 19:51:29:862] <2943> recvaddr:서울특별시 서대문구 홍제동 463 문화촌현대아파트 101동 508호
DEBUG	[2013-12-22 19:51:29:862] <2943> recvpostnum:120-764
DEBUG	[2013-12-22 19:51:29:862] <2943> recvmsg:
DEBUG	[2013-12-22 19:51:29:862] <2943> joincard:
DEBUG	[2013-12-22 19:51:29:862] <2943> joinexpire:
DEBUG	[2013-12-22 19:51:29:862] <2943> id_customer:
INFO	[2013-12-22 19:51:29:862] <2943> Check Field OK
INFO	[2013-12-22 19:51:29:862] <2943> Make TID OK INIphpCARDGODOloosfl20131222195129626333
INFO	[2013-12-22 19:51:29:862] <2943> PI PUB KEY LOAD OK [39]
INFO	[2013-12-22 19:51:29:865] <2943> PG PUB KEY LOAD OK [30]
INFO	[2013-12-22 19:51:29:866] <2943> MERCHANT PRIV KEY LOAD OK
INFO	[2013-12-22 19:51:29:866] <2943> MERCHANT PUB KEY LOAD OK [0]
INFO	[2013-12-22 19:51:29:867] <2943> MAKE BODY OK
INFO	[2013-12-22 19:51:29:869] <2943> SIGN OK
INFO	[2013-12-22 19:51:29:869] <2943> MAKE HEAD OK
INFO	[2013-12-22 19:51:29:869] <2943> MSG_TO_PG:[0305300175R SHA1                   0                  39                  300200GODOloosfl               47000INIphpCARDGODOloosfl20131222195129626333<?xml version="1.0" encoding="UTF-8"?>
<INIpay>
	  <GoodsInfo>
	    <GoodsCnt>1</GoodsCnt>
	    <MOID/>
	    <Currency>WON</Currency>
	    <Tax/>
	    <TaxFree/>
	    <Goods>
	      <SMID>GODOloosfl</SMID>
	      <GoodsName urlencode="1">Basic+Lace+Leotard+Type+B+%28Violet%29</GoodsName>
	      <GoodsPrice>47000</GoodsPrice></Goods></GoodsInfo>
	  <BuyerInfo>
	    <BuyerName urlencode="1">%C0%CC%C7%F6%C1%A4</BuyerName>
	    <BuyerTel>010-5058-9496</BuyerTel>
	    <BuyerEmail urlencode="1">po9496%40naver.com</BuyerEmail>
	    <ParentEmail urlencode="1">po9496%40naver.com</ParentEmail>
	    <RecvName urlencode="1">%C0%CC%C7%F6%C1%A4</RecvName>
	    <RecvTel urlencode="1">010-5058-9496</RecvTel>
	    <RecvMsg/>
	    <RecvAddr urlencode="1">%BC%AD%BF%EF%C6%AF%BA%B0%BD%C3+%BC%AD%B4%EB%B9%AE%B1%B8+%C8%AB%C1%A6%B5%BF+463+%B9%AE%C8%AD%C3%CC%C7%F6%B4%EB%BE%C6%C6%C4%C6%AE+101%B5%BF+508%C8%A3</RecvAddr>
	    <RecvPostNum urlencode="1">120-764</RecvPostNum></BuyerInfo>
	  <PaymentInfo>
	    <Payment>
	      <PayMethod>Card</PayMethod>
	      <JoinCard/>
	      <JoinExpire/>
	      <MailOrder/>
	      <SessionKey>xsiD3++NoaiE+q64J051sDcqc3MlUDezrxvIuuvR3IO+t514Vgi5ZvyPQPcWvFgk
DbiPsDJ1ZR3H05CdUbfnamQvnKLwodSByuofJ0o3+TkHbicZ3tp8fj6LDXHQEXar
+CQs3vnGvhEqMlJOI3wH4HV6nl/xnBjE2KW4JM+6qxw=</SessionKey>
	      <Encrypted urlencode="1">Version%3D4.1%26PayMethod%3DCard%26RsaKeyNum%3D1%26EncryptionAlgorithm%3DSEED-CBC%26SignAlgorithm%3DRSAwithSHA1%26CertVer%3D39%26moid%3D1387709370540%26ver_trace%3Dmain%286076%2C6049%29card%286098%2C6092%29n%286008%29Cs%286021%29Dt%286002%29Pa%286002%29Cf%286024%29Fv%280000%29La%286117%29Re%286071%29Vr%286006%29P%286033%29en%286031%29nP%286004%29%26pg1%3D211.219.96.180%26pg2%3D203.238.37.3%26pg1ip%3D211.219.96.180%26pg2ip%3D203.238.37.3%26agreeflag%3D1111%26Data%3D3G7pvo33XVRa2Fmc9R6SvQ54GYrW6QHRUw98SJgZvhIVLqM5Qb%2F5PrRNGZDoLyGR%0D%0Akchz7DLtSv3CeJzczX%2Fgj95ys6uY0onXrHSUsb8olHS%2BM3TkYx4pe0OW%2BfWG1f3c%0D%0AVYmKobXd9omkq1lk27Aq%2Biy3XxddmpWOrcEESMfoENovkqoLzAhKNzCIR4qxsIER%0D%0ArnKSZqHMxb%2FtOMb4BWqj2kLx%2BRW1861XCpYOO15w5KJrwnbkgvlS1mipEGw0Wrgs%0D%0AT0QCSod2U9939vSY6YUfWs2RAZUZl9XUXqgJaXgSarXEzBa6%2FhEImfiQnh%2BAqBmO%0D%0Ab%2B%2B5da8478KHi7xduBcgdPzd5PjZ0pCCFUkE0WWxj9oTFRaVc7UAlZpBbS32PZSi%0D%0ASm5tQPUGFTax2HzXu7y5YaxTJ6YPfXYmKljkd3tQ7GtuxLU5tlkhVAcPH5kqjtNi%0D%0ABuV5dPUmUOpKtwsbjkn0XPsTPvcC6mBOPL2SsdRoDJK3QExklR0y%2BKZdTPs7QWIF%0D%0AeAO7Tk7dTfACFrV6M62biPTmk4y4nZfjixIeswbzwD3AuHQxn%2F1jzzDiTX%2B3qO%2Fr%0D%0AWfEDEH%2BiDv%2BXrlx9dq2RTTWO1zPkiHnGiwfBjyrRJT0WwB%2F2ck3dbJeD6eV4yOEY%0D%0AepiQL4DfhuJZUKOiOpZyqn%2FUtSjjjrf0yMaLRq1fmFUiGQBSMys9BZrMwTMUOYOn</Encrypted></Payment></PaymentInfo>
	  <ReservedInfo>
	    <MReserved1/>
	    <MReserved2/>
	    <MReserved3/></ReservedInfo>
	  <ManageInfo>
	    <Language/>
	    <URL urlencode="1">http%3A%2F%2Fwww.loosfly.com</URL>
	    <TXVersion>5031B111123securLinux     PHPchkfake   2.6.18-371.1.2.el5PHP:5.2.17  </TXVersion>
	    <TXUserID/>
	    <TXRegNum/>
	    <Ack>1</Ack>
	    <TXRN>MjAxMzEyMjIxOTQ5NDYwOTU3NzQ3Nw==
</TXRN></ManageInfo></INIpay>ALGY7NGogumHvU6eCLJwnnjrdSp0Prio1/YCav2qrphreDcs+C71c3OJn/xcmci8
RiOjK9I6VA5cwXw4fUNZ57ntL6BusvHVverrpV4RRZzXHISgekR7iOOwtVOdOMKJ
PMMzwlqEHp7zUhFbNNN5tlos20I39aQKBno2wzU1hQ8W
]
INFO	[2013-12-22 19:51:29:869] <2943> DNS LOOKUP OK(211.219.96.180:211.219.96.180:34049) laptime:0
INFO	[2013-12-22 19:51:29:872] <2943> SOCKET CONNECT OK
INFO	[2013-12-22 19:51:29:872] <2943> SEND OK
INFO	[2013-12-22 19:51:31:270] <2943> RECV OK
INFO	[2013-12-22 19:51:31:270] <2943> MSG_FROM_PG:[0299600175D SHA1                   0                  39                  300210GODOloosfl               47000INIphpCARDGODOloosfl20131222195129626333<?xml version="1.0" encoding="UTF-8"?>
<INIpay>
  <GoodsInfo>
    <GoodsCnt>1</GoodsCnt>
    <MOID urlencode="1">1387709370540</MOID>
    <Currency>WON</Currency>
    <Goods no="1">
      <SMID>GODOloosfl</SMID>
      <GoodsName urlencode="1">Basic+Lace+Leotard+Type+B+%28Violet%29</GoodsName>
      <GoodsCntS>1</GoodsCntS>
      <GoodsPrice>47000</GoodsPrice>
    </Goods>
  </GoodsInfo>
  <PaymentInfo>
    <Payment>
      <SessionKey>AQkINf2lTrpAvf7xaYCNGiT1WURQ1WncQ0njbRV0ukT3J9VvBUEro8S6lYBKC4DW
8j7qQ7whwLMtBqjk0BRiToi/jOfQTcG2+BDwve4YpgT0uTRe/3xDo5D/ZLoMS4vJ
MxZHcfuOfcTRcXY/HKqH80dHNHpGmntSsk6ISzxCbsdfXui7FqOoFHg=
</SessionKey>
      <Encrypted>riyjpNBspnFCJWPC5VBEECPcQJoxbY9A7HNimzsf+53TtUj6Lm96nuQzGjSHjC8j
rJId7yonFZ8NJXBpsGJzmC1+yBMC9Dr7/8LQU8PwDniiMP/GAD83cHNRjjGGs4Lt
b7fSJYdTfxQbqVn1EhZmQ8C+cNonwqP3DJe+kSxQNbNXbdGwiehHlVuOfdPmHhaQ
RWPDhedZs2GSoRFGiz23X+ci4OJmdxM3zUtS7EPcIuwAhu7sDLSeiX4Q5dO8gMqi
snzPKaWLyCfpX7SIwo/qIcU+Ry4k7h2XI1cxC+qM/0i2Ghtba4XnMzTVmvpeNrmS
RKBsV9+e9+KK9H0N7j8gunH9uTEWJ2NuGpBgwGWPkB4XySDEoXkNEuMZFI1//n77
7SCsJS8PXt4HxEJd+NOQiDswGS5hs0qkt+RKdiHOLUEDNjsRY4oA4ioP63xA3IRp
0u7IxgTlKkJvWOIGnMMHDTLm6PcRAgaK28usKpYO02LIjRLAmADQ44rdSXEBeStA
kyzfnZWWYFCPgGBndAN1VNXb5crWZVOT9PeuGMlA8mWFsE7A14jemJSsuHiVGB7+
i7FFPIdDXatnITp3IWAIyUS43H/kb1qPEnq46huRfO6EmxAmxKShW6VDs92AJsQE
cCkrGbOdlEUWtiY6vbLzAWKN5EM5eukd8IS8fVfM7QYZPoZYtj32yRe7ACkdszo3
g7Bp2zIoEYMVBoQuY8V35Gqt9njaXIVmmTVRqInpfTgiKOoK7ilHDkdJmwrx4JEP
iuxpsxrs5O/B6Dni01H4jqgOLPAyLwLzlDyRxPccavpTc+F+57nm/XKfNnn6oPUp
/PfqvVsnRw4z30YvyNv5vnzUCMzVFwyQdnr28XsNzCQ0kfLkps9N2+DQ8W7EwnEJ
h2CcYxqNmNXQt5+EvQieizvV0XUmFpjM0AnGlNym0+w/IhZk8dWJ8QTORnzLivbP
JpcYnjlodJgODuit2D72w/jwOSGfoNu0qD3nQ67m1JBKJsMmiXxBFjt4jHg1vv4u
UL6C8NYe8zVm6QcTfLmwdx6otRUPrTeihuStZiTzrSiGaezC65Iman7JSQba9gSD
QL58DEtS4TWxji6fgCyOjDMB2X3jkq14pt77hpD7qCgz1KrH0DFL7sZuLXBPzdYc
E92OEMRcSNUnfOo0gLMCb5jLHH8V4aAUw9BQp7EcM59siK1arKQTP8nDvnYfSkxI
0Lc9BRTgDc3e9PJtgryZb0vAgqggvUpnJqluyBcX0zUnP1jt0faY4hmsqMsj7xFD
WaUv12OL/oOffyidzqG9Lp2IM8jNFMxMroKN6j9RALA3em5lReC09y8DmN135p0M
nm30wRb5Ou/DAwN4T6aRmHBSMEjysTJVlecGWctPpfBZq+V9SkXdszMQUnpfUciT
dXT5mJDyVCtejzCXI07zVp26V+bN8PJD0mdOfdANXIQgSBEJGXfGTvt1mbOKDT5E
HyxVPozYlxBJ9gEJ9iRtqZptmcB70zRG2j3UI301Mws++DMc0TQhdbg8+4P/YX3m
DPSZw1G1d5Eoyx8HQ7DBctcODR0lWE9poyNHKDUk0M092qeOnLJWKUwLklIHVAjm
Xgej3eUBVYLvJFffh9Uhhn+9dfO98h1+
</Encrypted>
      <PayMethod>Card</PayMethod>
      <ResultCode>120000</ResultCode>
      <ResultMsg urlencode="1">%C1%A4%BB%F3%C3%B3%B8%AE%B5%C7%BE%FA%BD%C0%B4%CF%B4%D9.</ResultMsg>
    </Payment>
  </PaymentInfo>
  <ManageInfo>
    <EventCode></EventCode>
    <OrgCurrency></OrgCurrency>
    <ExchangeRate></ExchangeRate>
    <OrgPrice></OrgPrice>
  </ManageInfo>
  <ReservedInfo>
    <MReserved1 urlencode="1"></MReserved1>
    <MReserved2 urlencode="1"></MReserved2>
    <MReserved3 urlencode="1"></MReserved3>
    <PGReserved1 urlencode="1"></PGReserved1>
    <PGReserved2 urlencode="1"></PGReserved2>
    <PGReserved3 urlencode="1"></PGReserved3>
  </ReservedInfo>
</INIpay>
U/RbTgLvSUyOmZYu6Ds0czktaw3OY+k15ZbFULe56ilnT0RDlGEglE1zsimzzPL+
A9BPLlXh2ot9SFEzYudyv6Sn5AXH2MxOSbGDIXch/ns7U/rPgxxWMXyWSvR6QBtt
WbtCTyjZUykMMa8VFf60KOZVj1PaPIP4sb3Fj3noRKk=
]
INFO	[2013-12-22 19:51:31:274] <2943> VERIFY OK
INFO	[2013-12-22 19:51:31:274] <2943> PARSE HEAD OK
INFO	[2013-12-22 19:51:31:278] <2943> PARSE BODY OK
INFO	[2013-12-22 19:51:31:283] <2943> DECRYPT OK
DEBUG	[2013-12-22 19:51:31:283] <2943> DECRYPT MSG:[<?xml version="1.0" encoding="UTF-8"?>
<PaymentInfo>
  <Payment>
    <EASYPAY/>
    <Card>
      <CARD_ApplPrice>47000</CARD_ApplPrice>
      <CARD_Num>606052102781</CARD_Num>
      <CARD_Expire></CARD_Expire>
      <CARD_Code>16</CARD_Code>
      <CARD_BankCode>11</CARD_BankCode>
      <CARD_Quota>00</CARD_Quota>
      <CARD_Interest>0</CARD_Interest>
      <CARD_Point></CARD_Point>
      <CARD_AuthType>99</CARD_AuthType>
      <CARD_RegNum></CARD_RegNum>
      <CARD_ApplDate>20131222</CARD_ApplDate>
      <CARD_ApplTime>195131</CARD_ApplTime>
      <CARD_ApplNum>30000286</CARD_ApplNum>
      <CARD_TerminalNum>019048y000</CARD_TerminalNum>
      <CARD_MemberNum></CARD_MemberNum>
      <CARD_PurchaseCode></CARD_PurchaseCode>
      <CARD_ResultCode>120000</CARD_ResultCode>
      <CARD_ResultMsg urlencode="1">%C1%A4%BB%F3%C3%B3%B8%AE%B5%C7%BE%FA%BD%C0%B4%CF%B4%D9.</CARD_ResultMsg>
      <CARD_PrtcCode>1</CARD_PrtcCode>
      <CARD_Quota_Point>00</CARD_Quota_Point>
      <CARD_CheckFlag>1</CARD_CheckFlag>
      <CARD_PurchaseName urlencode="1"></CARD_PurchaseName>
      <CARD_IssuerName urlencode="1"></CARD_IssuerName>
      <CARD_JoinUsePoint></CARD_JoinUsePoint>
    </Card>
  </Payment>
</PaymentInfo>]
INFO	[2013-12-22 19:51:31:286] <2943> DECRYPT PARSE OK
INFO	[2013-12-22 19:51:31:286] <2943> WAIT ACK INVOKING
DEBUG	[2013-12-22 19:51:31:286] <2943> MAKE HEAD OK
INFO	[2013-12-22 19:51:31:289] <2943> SUCCESS ACK INVOKING
INFO	[2013-12-22 19:51:31:289] <2943> END securepay 정상처리되었습니다. Laptime:[1.43sec]
INFO	[2013-12-22 19:51:31:289] <2943> ===============================================================
