INFO	[2014-10-02 01:26:24:591] <27142> START INIPHP chkfake (V5031-111123)(OS:Linux2.6.18-371.11.1.el5,PHP:5.2.17)
DEBUG	[2014-10-02 01:26:24:594] <27142> inipayhome:/www/loosfly_godo_co_kr/shop/order/card/inipay
DEBUG	[2014-10-02 01:26:24:594] <27142> type:chkfake
DEBUG	[2014-10-02 01:26:24:594] <27142> debug:true
DEBUG	[2014-10-02 01:26:24:594] <27142> enctype:asym
DEBUG	[2014-10-02 01:26:24:594] <27142> admin:1111
DEBUG	[2014-10-02 01:26:24:594] <27142> checkopt:false
DEBUG	[2014-10-02 01:26:24:594] <27142> mid:GODOloosfl
DEBUG	[2014-10-02 01:26:24:594] <27142> price:230000
DEBUG	[2014-10-02 01:26:24:594] <27142> nointerest:no
DEBUG	[2014-10-02 01:26:24:594] <27142> quotabase:선택:일시불:2개월:3개월:4개월:5개월:6개월:7개월:8개월:9개월:10개월:11개월:12개월
INFO	[2014-10-02 01:26:24:594] <27142> Check Field OK
INFO	[2014-10-02 01:26:24:604] <27142> MERCHANT PRIV KEY LOAD OK
INFO	[2014-10-02 01:26:24:608] <27142> MERCHANT PUB KEY LOAD OK []
INFO	[2014-10-02 01:26:24:610] <27142> CHKFAKE KEY MAKE OK:MjAxNDEwMDIwMTI2MjQ2MDg5MzI4NQ==

INFO	[2014-10-02 01:26:24:610] <27142> END chkfake  Laptime:[0.03sec]
INFO	[2014-10-02 01:26:24:610] <27142> ===============================================================
INFO	[2014-10-02 01:28:40:100] <13251> START INIPHP securepay (V5031-111123)(OS:Linux2.6.18-371.11.1.el5,PHP:5.2.17)
DEBUG	[2014-10-02 01:28:40:101] <13251> inipayhome:/www/loosfly_godo_co_kr/shop/order/card/inipay
DEBUG	[2014-10-02 01:28:40:101] <13251> type:securepay
DEBUG	[2014-10-02 01:28:40:101] <13251> pgid:INIphpCARD
DEBUG	[2014-10-02 01:28:40:101] <13251> subpgip:203.238.3.10
DEBUG	[2014-10-02 01:28:40:101] <13251> admin:1111
DEBUG	[2014-10-02 01:28:40:101] <13251> debug:true
DEBUG	[2014-10-02 01:28:40:101] <13251> uid:
DEBUG	[2014-10-02 01:28:40:101] <13251> goodname:Short Sleeve Snap Leotard(Black) 외2건
DEBUG	[2014-10-02 01:28:40:101] <13251> currency:WON
DEBUG	[2014-10-02 01:28:40:101] <13251> mid:GODOloosfl
DEBUG	[2014-10-02 01:28:40:101] <13251> rn:MjAxNDEwMDIwMTI2MjQ2MDg5MzI4NQ==

DEBUG	[2014-10-02 01:28:40:101] <13251> price:230000
DEBUG	[2014-10-02 01:28:40:101] <13251> enctype:
DEBUG	[2014-10-02 01:28:40:101] <13251> buyername:이정
DEBUG	[2014-10-02 01:28:40:101] <13251> buyertel:010-7169-9994
DEBUG	[2014-10-02 01:28:40:101] <13251> buyeremail:lj9349@hanmail.net
DEBUG	[2014-10-02 01:28:40:101] <13251> paymethod:Card
DEBUG	[2014-10-02 01:28:40:101] <13251> encrypted:Version=4.1&PayMethod=Card&RsaKeyNum=1&EncryptionAlgorithm=SEED-CBC&SignAlgorithm=RSAwithSHA1&CertVer=39&moid=1412180717960&ver_trace=main(6086,6053)card(6115,6105)n(6008)Cs(6022)Dt(6002)Pa(6002)Cf(6024)Fv(0000)La(6131)Re(6083)Vr(6006)P(6033)en(6039)nP(6006)&pg1=211.219.96.180&pg2=203.238.37.3&pg1ip=211.219.96.180&pg2ip=203.238.37.3&agreeflag=1111&Data=1VJngQcu3KnNvONqgZ8d3HAFMIqMy/TYChvcreFfW+7rhk4Y1/AqjmOZJzyoPpOB
+YAbJ6VzDgxissmhm9O192VOc0jcasu7CTWeRfaAQPDVaWWrHV1Um8kC26zgdM5v
asw9q9LEjNwJPg1ycyM1m1CQLwKZBqoPr7nFkEC/8DTX+wTNKDL8p04wLzokNbG9
hp88vKN5St7qRLYemJ+YCjbG9aJGre7leq7FV9a/cdxs/candg/EtYWvp6BKbe5u
i9FGL1h5MGvjOG22aPgWx1aA23RhUTd/iStyL/X0a+D8t7jd9stF/vH5sxH9edOy
0IE1B+YHOQrgRzZnPX2q1bECMw0mYIWM3RqApVOW56pxB8M4wmPDpXbosD2mX8ab
+0c2NqrqCMwjNCrJp5xRwqpLy37pZ4+c9oaiH8IAi0lDSnsoEG0H/CKHBwtDXJNG
CSxazqOUFntkWPE0uywUP7QagJxDthTMSGI0+t7VFM2L87xkw6ntKf7oA/9u7t+s
7fjTbv9axGSqs55jB4YqbT9NXmyplS3JgeDgAwVv3MSB/DEBKrEgnw7pVHv3C6md
Mt8R+KJVUXUtGeyhHjpp3IFpxR4wCXAa8oW+Ipnp+FosLBgyp+6eaDtLWiVqvc6t
17YJ6Nf1mw1/2S5lwN7WQTNZDtMEcJe5GnYL1Dze8gZuh26FI8ECArFz
DEBUG	[2014-10-02 01:28:40:101] <13251> sessionkey:11qrwATg/HcCeKlfegtZNA4XdyPKfus+g5V3+Qz/uX5Ni4m43Ofy0QXSIf9Ia8oy
BpLj6YWRgDSUMco46zABRlo/zqEx/pkHxhoxtXzZr7/N/tsG16NJKT0ZcuRnIEYS
1+UaIYCRBGqNSeT+o3/r6+/F9iDPeSOs4ollSH+zXFk=
DEBUG	[2014-10-02 01:28:40:101] <13251> url:http://www.loosfly.com
DEBUG	[2014-10-02 01:28:40:101] <13251> cardcode:03
DEBUG	[2014-10-02 01:28:40:101] <13251> parentemail:lj9349@hanmail.net
DEBUG	[2014-10-02 01:28:40:101] <13251> recvname:이정
DEBUG	[2014-10-02 01:28:40:101] <13251> recvtel:010-7169-9994
DEBUG	[2014-10-02 01:28:40:101] <13251> recvaddr:경남 창원시 마산회원구 양덕2동 비전스카이아파트 101동 301호
DEBUG	[2014-10-02 01:28:40:101] <13251> recvpostnum:630-779
DEBUG	[2014-10-02 01:28:40:101] <13251> recvmsg:현대무용하는 중학생 아들이 너무 좋아할것 같아요.
빨리 레슨받기전에 입히고 싶네요.
빠른 배송 부탁드립니다.^^
DEBUG	[2014-10-02 01:28:40:101] <13251> joincard:
DEBUG	[2014-10-02 01:28:40:101] <13251> joinexpire:
DEBUG	[2014-10-02 01:28:40:101] <13251> id_customer:
INFO	[2014-10-02 01:28:40:101] <13251> Check Field OK
INFO	[2014-10-02 01:28:40:101] <13251> Make TID OK INIphpCARDGODOloosfl20141002012840015534
INFO	[2014-10-02 01:28:40:101] <13251> PI PUB KEY LOAD OK [39]
INFO	[2014-10-02 01:28:40:104] <13251> PG PUB KEY LOAD OK [30]
INFO	[2014-10-02 01:28:40:105] <13251> MERCHANT PRIV KEY LOAD OK
INFO	[2014-10-02 01:28:40:105] <13251> MERCHANT PUB KEY LOAD OK [0]
INFO	[2014-10-02 01:28:40:106] <13251> MAKE BODY OK
INFO	[2014-10-02 01:28:40:108] <13251> SIGN OK
INFO	[2014-10-02 01:28:40:108] <13251> MAKE HEAD OK
INFO	[2014-10-02 01:28:40:108] <13251> MSG_TO_PG:[0339400175R SHA1                   0                  39                  300200GODOloosfl              230000INIphpCARDGODOloosfl20141002012840015534<?xml version="1.0" encoding="UTF-8"?>
<INIpay>
	  <GoodsInfo>
	    <GoodsCnt>1</GoodsCnt>
	    <MOID/>
	    <Currency>WON</Currency>
	    <Tax/>
	    <TaxFree/>
	    <Goods>
	      <SMID>GODOloosfl</SMID>
	      <GoodsName urlencode="1">Short+Sleeve+Snap+Leotard%28Black%29+%BF%DC2%B0%C7</GoodsName>
	      <GoodsPrice>230000</GoodsPrice></Goods></GoodsInfo>
	  <BuyerInfo>
	    <BuyerName urlencode="1">%C0%CC%C1%A4</BuyerName>
	    <BuyerTel>010-7169-9994</BuyerTel>
	    <BuyerEmail urlencode="1">lj9349%40hanmail.net</BuyerEmail>
	    <ParentEmail urlencode="1">lj9349%40hanmail.net</ParentEmail>
	    <RecvName urlencode="1">%C0%CC%C1%A4</RecvName>
	    <RecvTel urlencode="1">010-7169-9994</RecvTel>
	    <RecvMsg urlencode="1">%C7%F6%B4%EB%B9%AB%BF%EB%C7%CF%B4%C2+%C1%DF%C7%D0%BB%FD+%BE%C6%B5%E9%C0%CC+%B3%CA%B9%AB+%C1%C1%BE%C6%C7%D2%B0%CD+%B0%B0%BE%C6%BF%E4.%0D%0A%BB%A1%B8%AE+%B7%B9%BD%BC%B9%DE%B1%E2%C0%FC%BF%A1+%C0%D4%C8%F7%B0%ED+%BD%CD%B3%D7%BF%E4.%0D%0A%BA%FC%B8%A5+%B9%E8%BC%DB+%BA%CE%C5%B9%B5%E5%B8%B3%B4%CF%B4%D9.%5E%5E</RecvMsg>
	    <RecvAddr urlencode="1">%B0%E6%B3%B2+%C3%A2%BF%F8%BD%C3+%B8%B6%BB%EA%C8%B8%BF%F8%B1%B8+%BE%E7%B4%F62%B5%BF+%BA%F1%C0%FC%BD%BA%C4%AB%C0%CC%BE%C6%C6%C4%C6%AE+101%B5%BF+301%C8%A3</RecvAddr>
	    <RecvPostNum urlencode="1">630-779</RecvPostNum></BuyerInfo>
	  <PaymentInfo>
	    <Payment>
	      <PayMethod>Card</PayMethod>
	      <JoinCard/>
	      <JoinExpire/>
	      <MailOrder/>
	      <SessionKey>11qrwATg/HcCeKlfegtZNA4XdyPKfus+g5V3+Qz/uX5Ni4m43Ofy0QXSIf9Ia8oy
BpLj6YWRgDSUMco46zABRlo/zqEx/pkHxhoxtXzZr7/N/tsG16NJKT0ZcuRnIEYS
1+UaIYCRBGqNSeT+o3/r6+/F9iDPeSOs4ollSH+zXFk=</SessionKey>
	      <Encrypted urlencode="1">Version%3D4.1%26PayMethod%3DCard%26RsaKeyNum%3D1%26EncryptionAlgorithm%3DSEED-CBC%26SignAlgorithm%3DRSAwithSHA1%26CertVer%3D39%26moid%3D1412180717960%26ver_trace%3Dmain%286086%2C6053%29card%286115%2C6105%29n%286008%29Cs%286022%29Dt%286002%29Pa%286002%29Cf%286024%29Fv%280000%29La%286131%29Re%286083%29Vr%286006%29P%286033%29en%286039%29nP%286006%29%26pg1%3D211.219.96.180%26pg2%3D203.238.37.3%26pg1ip%3D211.219.96.180%26pg2ip%3D203.238.37.3%26agreeflag%3D1111%26Data%3D1VJngQcu3KnNvONqgZ8d3HAFMIqMy%2FTYChvcreFfW%2B7rhk4Y1%2FAqjmOZJzyoPpOB%0D%0A%2BYAbJ6VzDgxissmhm9O192VOc0jcasu7CTWeRfaAQPDVaWWrHV1Um8kC26zgdM5v%0D%0Aasw9q9LEjNwJPg1ycyM1m1CQLwKZBqoPr7nFkEC%2F8DTX%2BwTNKDL8p04wLzokNbG9%0D%0Ahp88vKN5St7qRLYemJ%2BYCjbG9aJGre7leq7FV9a%2Fcdxs%2Fcandg%2FEtYWvp6BKbe5u%0D%0Ai9FGL1h5MGvjOG22aPgWx1aA23RhUTd%2FiStyL%2FX0a%2BD8t7jd9stF%2FvH5sxH9edOy%0D%0A0IE1B%2BYHOQrgRzZnPX2q1bECMw0mYIWM3RqApVOW56pxB8M4wmPDpXbosD2mX8ab%0D%0A%2B0c2NqrqCMwjNCrJp5xRwqpLy37pZ4%2Bc9oaiH8IAi0lDSnsoEG0H%2FCKHBwtDXJNG%0D%0ACSxazqOUFntkWPE0uywUP7QagJxDthTMSGI0%2Bt7VFM2L87xkw6ntKf7oA%2F9u7t%2Bs%0D%0A7fjTbv9axGSqs55jB4YqbT9NXmyplS3JgeDgAwVv3MSB%2FDEBKrEgnw7pVHv3C6md%0D%0AMt8R%2BKJVUXUtGeyhHjpp3IFpxR4wCXAa8oW%2BIpnp%2BFosLBgyp%2B6eaDtLWiVqvc6t%0D%0A17YJ6Nf1mw1%2F2S5lwN7WQTNZDtMEcJe5GnYL1Dze8gZuh26FI8ECArFz</Encrypted></Payment></PaymentInfo>
	  <ReservedInfo>
	    <MReserved1/>
	    <MReserved2/>
	    <MReserved3/></ReservedInfo>
	  <ManageInfo>
	    <Language/>
	    <URL urlencode="1">http%3A%2F%2Fwww.loosfly.com</URL>
	    <TXVersion>5031B111123securLinux     PHPchkfake   2.6.18-371.11.1.el5PHP:5.2.17 </TXVersion>
	    <TXUserID/>
	    <TXRegNum/>
	    <Ack>1</Ack>
	    <TXRN>MjAxNDEwMDIwMTI2MjQ2MDg5MzI4NQ==
</TXRN></ManageInfo></INIpay>AH49graX/Jp/aYtP13aOW/HQ3UAN3YS4qh7XC2l/bJ4FF5K1AoOCIa48faUr0slM
j6lqVkRhdbnr4B62Z8vQIFiDku6tg+dQCOqiuM7o4vbJKVTNBYYTXeKd5Yw1n9tI
i28JNwpEVffhnri/vFblmiFKTHjWBZ5GbYheQuI7C5Oh
]
INFO	[2014-10-02 01:28:40:108] <13251> DNS LOOKUP OK(211.219.96.180:211.219.96.180:34049) laptime:0
INFO	[2014-10-02 01:28:40:110] <13251> SOCKET CONNECT OK
INFO	[2014-10-02 01:28:40:110] <13251> SEND OK
INFO	[2014-10-02 01:28:40:848] <13251> RECV OK
INFO	[2014-10-02 01:28:40:848] <13251> MSG_FROM_PG:[0300900175D SHA1                   0                  39                  300210GODOloosfl              230000INIphpCARDGODOloosfl20141002012840015534<?xml version="1.0" encoding="UTF-8"?>
<INIpay>
  <GoodsInfo>
    <GoodsCnt>1</GoodsCnt>
    <MOID urlencode="1">1412180717960</MOID>
    <Currency>WON</Currency>
    <Goods no="1">
      <SMID>GODOloosfl</SMID>
      <GoodsName urlencode="1">Short+Sleeve+Snap+Leotard%28Black%29+%BF%DC2%B0%C7</GoodsName>
      <GoodsCntS>1</GoodsCntS>
      <GoodsPrice>230000</GoodsPrice>
    </Goods>
  </GoodsInfo>
  <PaymentInfo>
    <Payment>
      <SessionKey>AdehXdPh2lwCcwYiM/SCOWraTQoP8GX/dVWO13aNoyT0z+66jzVvKUodnyhJLOH0
28DI1WaMLKpaU6qf6K/bnRmX1QSRnTCEpWOLEsrNzlmE6FX/1K5tq2GnA83uI5Ms
aSnnN+y4GvV6/EcQx+PeVYpvNXK7AtmIK5pEX3LP/vpGcIW+zaWPxjw=
</SessionKey>
      <Encrypted>guxQV5/YUcwvkARcsRqcw2hRGuFGQv1lxbXYHblRmmX57jOdTKjUAdV6IGPnn2tl
S/62PUOZz2rxFCDUZWGOtGmg3YNY0gE496rLA3GqpitUplXLQdZkJ2K1SWNEcI+q
Uv7wQ2j01LN39tdsFBZGPMPJopFIMsQgOp6WTn/tvp7yMpTxjPWjn0GUKfy728v8
3Jswpi2zIze3L3tgmbD6uRwNtiTGjJduACrfba9zaRF1H9DWZj0nFOR1oVcN+r5e
Ziql9u1LT2JBvatqFHhxwBIseAXQUfU7NlQFPe7az8wWQfjk95fPQqkZky1Gsduv
sAXc5kX4clIIwXD7XgISqqYmMPxH0kV067gSWZaErLhZ2s+WaNov5mNQgxdBmZZK
HNIaReUmpXwhF64qkjuJd0SkMK5oErBxTpj5J0s0NVmx5doMd3+GJbg8M51rrSv+
0g3fIvWuhGlZAViOqYa2t89WfVu6U81isiyeUzT1u77ZHt8Q8Drn2znsvomiku5V
4ydWO5ON3aC7TdkUHBE2+BYhIcmbo8VNnzFVWPC3BqBziuEAuYdURyk4ttUCrjcW
5KjJsbv6qPWBo1dInj6ZXqgCRjCG2Ce1aiazN8GsgpEF/MJY7L9JJvyo7GJ5FKJB
zr8nhQbOcRXi9V5dGlPEAPxYRdXKhc7dQ5sD/csCYxrIBSVKmoL0x/dVFo/Z+nAC
YcvO2NqnGnWxXBcal8iwQqJmCRyg+v6NsRzd1z7a3hTAozeoeBeZjlLqy1lCavK0
E6IWExuE01Zull1sLk9x2zFuJ595F3O1MpS6lQuI/FvP04+4BIKO7d4tm/dXVSZt
8Nw+jkVBnGVnlHqR0c7usm9R8sGFeik5h5LlJu9jhSwTBnD7QJwrZlgzJCWLB6vt
sJBbqxKjPl6tHXynytjjduEwPtt6sJNJb8l4tlVKHzcKSsIk6yz7OySPm2Et/a5p
mJMEGxzoQDVaq7W1DH0Z6ALuj4+p1fx4DYOI3vt0q9SH2askMGW5Knq2njxwrj4f
G61uKmnfl1a2DUEA91VN8lvuR5DVSMfiAI7Cmjan69sbMu7IKAd3axsbqVq/y0/d
j3bn5njouiizvYkneUxnay78P0vV/QdPu+4f+apL4BPlrEXepLr34OpGi2zuTxJh
OJ4D7a02luGPjeemNCagAjzxFwpY4Cqk36PYCxB2bJwzb9gWAQHGjiLb8Pd/YdnQ
4vuHCvOERex6Bed0A74/L6REhQxj3g840y3nkZPElMZtOR+X5/bQtfij7EXtp05h
sQb2vQSm48IeQLeXYwDxsigzcnwKr2UjWHEc0//K4bnBbVqIo1WaaS2M/OvSOPfM
P1sXVYfqtI0Kh0V6fhdKKyHJaILZ7E0m3bV2Qx62NHKkSgWndVnYVHoM43/qnIAS
zFTvUGfBw59/lti6U2wrfSXBNfCEFE7epyLSs7opFFud87qwPg3UT6okYfmciVY7
tPkwneSp7oD3c7g6s/YNncQY9mdX2Up16JeLUCMuW9hU0MtkHTzu/iGR1OFHZsuY
nDXtXmRMwdUFY3IL4ka+4v1cqpO//S03emm6R932U/GVrIDLtGr97Zy8Be9RoAuH
VHC0i8V4dVyp30N3O3/alzv62iltRAwW
</Encrypted>
      <PayMethod>Card</PayMethod>
      <ResultCode>120000</ResultCode>
      <ResultMsg urlencode="1">%C1%A4%BB%F3%C3%B3%B8%AE%B5%C7%BE%FA%BD%C0%B4%CF%B4%D9.</ResultMsg>
    </Payment>
  </PaymentInfo>
  <ManageInfo>
    <EventCode></EventCode>
    <OrgCurrency></OrgCurrency>
    <ExchangeRate></ExchangeRate>
    <OrgPrice></OrgPrice>
  </ManageInfo>
  <ReservedInfo>
    <MReserved1 urlencode="1"></MReserved1>
    <MReserved2 urlencode="1"></MReserved2>
    <MReserved3 urlencode="1"></MReserved3>
    <PGReserved1 urlencode="1"></PGReserved1>
    <PGReserved2 urlencode="1"></PGReserved2>
    <PGReserved3 urlencode="1"></PGReserved3>
  </ReservedInfo>
</INIpay>
rqNdQgL9poKzPj0evaGCAitJCybtoXsWd26iKala7KQMdD7aNOq0FfC85xZcA7lP
OjDerBRi278/Lk2Km8/UtouJWV9inM+oj/Yb+3Ic8WHzDBjfXIn7P8Uncl1obwLF
7njlpaULBNN7U3GPNUco1lCKbeVefxPzd3tGsgkGqRE=
]
INFO	[2014-10-02 01:28:40:849] <13251> VERIFY OK
INFO	[2014-10-02 01:28:40:849] <13251> PARSE HEAD OK
INFO	[2014-10-02 01:28:40:851] <13251> PARSE BODY OK
INFO	[2014-10-02 01:28:40:853] <13251> DECRYPT OK
DEBUG	[2014-10-02 01:28:40:854] <13251> DECRYPT MSG:[<?xml version="1.0" encoding="UTF-8"?>
<PaymentInfo>
  <Payment>
    <EASYPAY/>
    <Card>
      <CARD_ApplPrice>230000</CARD_ApplPrice>
      <CARD_Num>467008501986</CARD_Num>
      <CARD_Expire></CARD_Expire>
      <CARD_Code>03</CARD_Code>
      <CARD_BankCode>00</CARD_BankCode>
      <CARD_Quota>00</CARD_Quota>
      <CARD_Interest>0</CARD_Interest>
      <CARD_Point></CARD_Point>
      <CARD_AuthType>99</CARD_AuthType>
      <CARD_RegNum></CARD_RegNum>
      <CARD_ApplDate>20141002</CARD_ApplDate>
      <CARD_ApplTime>012841</CARD_ApplTime>
      <CARD_ApplNum>64371743</CARD_ApplNum>
      <CARD_TerminalNum>019048y000</CARD_TerminalNum>
      <CARD_MemberNum></CARD_MemberNum>
      <CARD_PurchaseCode></CARD_PurchaseCode>
      <CARD_ResultCode>120000</CARD_ResultCode>
      <CARD_ResultMsg urlencode="1">%C1%A4%BB%F3%C3%B3%B8%AE%B5%C7%BE%FA%BD%C0%B4%CF%B4%D9.</CARD_ResultMsg>
      <CARD_PrtcCode>1</CARD_PrtcCode>
      <CARD_Quota_Point>00</CARD_Quota_Point>
      <CARD_CheckFlag>0</CARD_CheckFlag>
      <CARD_PurchaseName urlencode="1"></CARD_PurchaseName>
      <CARD_IssuerName urlencode="1"></CARD_IssuerName>
      <CARD_JoinUsePoint></CARD_JoinUsePoint>
    </Card>
  </Payment>
</PaymentInfo>]
INFO	[2014-10-02 01:28:40:855] <13251> DECRYPT PARSE OK
INFO	[2014-10-02 01:28:40:855] <13251> WAIT ACK INVOKING
DEBUG	[2014-10-02 01:28:40:855] <13251> MAKE HEAD OK
INFO	[2014-10-02 01:28:40:858] <13251> SUCCESS ACK INVOKING
INFO	[2014-10-02 01:28:40:858] <13251> END securepay 정상처리되었습니다. Laptime:[0.76sec]
INFO	[2014-10-02 01:28:40:858] <13251> ===============================================================
