INFO	[2014-07-20 19:46:06:186] <29988> START INIPHP chkfake (V5031-111123)(OS:Linux2.6.18-371.9.1.el5,PHP:5.2.17)
DEBUG	[2014-07-20 19:46:06:186] <29988> inipayhome:/www/loosfly_godo_co_kr/shop/order/card/inipay
DEBUG	[2014-07-20 19:46:06:186] <29988> type:chkfake
DEBUG	[2014-07-20 19:46:06:186] <29988> debug:true
DEBUG	[2014-07-20 19:46:06:186] <29988> enctype:asym
DEBUG	[2014-07-20 19:46:06:186] <29988> admin:1111
DEBUG	[2014-07-20 19:46:06:186] <29988> checkopt:false
DEBUG	[2014-07-20 19:46:06:186] <29988> mid:GODOloosfl
DEBUG	[2014-07-20 19:46:06:186] <29988> price:89000
DEBUG	[2014-07-20 19:46:06:186] <29988> nointerest:no
DEBUG	[2014-07-20 19:46:06:186] <29988> quotabase:선택:일시불:2개월:3개월:4개월:5개월:6개월:7개월:8개월:9개월:10개월:11개월:12개월
INFO	[2014-07-20 19:46:06:186] <29988> Check Field OK
INFO	[2014-07-20 19:46:06:200] <29988> MERCHANT PRIV KEY LOAD OK
INFO	[2014-07-20 19:46:06:204] <29988> MERCHANT PUB KEY LOAD OK []
INFO	[2014-07-20 19:46:06:206] <29988> CHKFAKE KEY MAKE OK:MjAxNDA3MjAxOTQ2MDYyMDQ1MTE1MA==

INFO	[2014-07-20 19:46:06:206] <29988> END chkfake  Laptime:[0.04sec]
INFO	[2014-07-20 19:46:06:206] <29988> ===============================================================
INFO	[2014-07-20 19:46:10:578] <32414> START INIPHP chkfake (V5031-111123)(OS:Linux2.6.18-371.9.1.el5,PHP:5.2.17)
DEBUG	[2014-07-20 19:46:10:578] <32414> inipayhome:/www/loosfly_godo_co_kr/shop/order/card/inipay
DEBUG	[2014-07-20 19:46:10:578] <32414> type:chkfake
DEBUG	[2014-07-20 19:46:10:578] <32414> debug:true
DEBUG	[2014-07-20 19:46:10:578] <32414> enctype:asym
DEBUG	[2014-07-20 19:46:10:578] <32414> admin:1111
DEBUG	[2014-07-20 19:46:10:578] <32414> checkopt:false
DEBUG	[2014-07-20 19:46:10:578] <32414> mid:GODOloosfl
DEBUG	[2014-07-20 19:46:10:578] <32414> price:89000
DEBUG	[2014-07-20 19:46:10:578] <32414> nointerest:no
DEBUG	[2014-07-20 19:46:10:578] <32414> quotabase:선택:일시불:2개월:3개월:4개월:5개월:6개월:7개월:8개월:9개월:10개월:11개월:12개월
INFO	[2014-07-20 19:46:10:578] <32414> Check Field OK
INFO	[2014-07-20 19:46:10:578] <32414> MERCHANT PRIV KEY LOAD OK
INFO	[2014-07-20 19:46:10:578] <32414> MERCHANT PUB KEY LOAD OK []
INFO	[2014-07-20 19:46:10:580] <32414> CHKFAKE KEY MAKE OK:MjAxNDA3MjAxOTQ2MTA1Nzg2MzIzNg==

INFO	[2014-07-20 19:46:10:580] <32414> END chkfake  Laptime:[0sec]
INFO	[2014-07-20 19:46:10:580] <32414> ===============================================================
INFO	[2014-07-20 19:46:30:936] <5767> START INIPHP chkfake (V5031-111123)(OS:Linux2.6.18-371.9.1.el5,PHP:5.2.17)
DEBUG	[2014-07-20 19:46:30:936] <5767> inipayhome:/www/loosfly_godo_co_kr/shop/order/card/inipay
DEBUG	[2014-07-20 19:46:30:936] <5767> type:chkfake
DEBUG	[2014-07-20 19:46:30:936] <5767> debug:true
DEBUG	[2014-07-20 19:46:30:936] <5767> enctype:asym
DEBUG	[2014-07-20 19:46:30:936] <5767> admin:1111
DEBUG	[2014-07-20 19:46:30:936] <5767> checkopt:false
DEBUG	[2014-07-20 19:46:30:936] <5767> mid:GODOloosfl
DEBUG	[2014-07-20 19:46:30:936] <5767> price:89000
DEBUG	[2014-07-20 19:46:30:936] <5767> nointerest:no
DEBUG	[2014-07-20 19:46:30:936] <5767> quotabase:선택:일시불:2개월:3개월:4개월:5개월:6개월:7개월:8개월:9개월:10개월:11개월:12개월
INFO	[2014-07-20 19:46:30:936] <5767> Check Field OK
INFO	[2014-07-20 19:46:30:936] <5767> MERCHANT PRIV KEY LOAD OK
INFO	[2014-07-20 19:46:30:936] <5767> MERCHANT PUB KEY LOAD OK []
INFO	[2014-07-20 19:46:30:938] <5767> CHKFAKE KEY MAKE OK:MjAxNDA3MjAxOTQ2MzA5Mzc4OTk5Mg==

INFO	[2014-07-20 19:46:30:938] <5767> END chkfake  Laptime:[0sec]
INFO	[2014-07-20 19:46:30:938] <5767> ===============================================================
