INFO	[2014-07-08 00:01:30:440] <12220> START INIPHP chkfake (V5031-111123)(OS:Linux2.6.18-371.9.1.el5,PHP:5.2.17)
DEBUG	[2014-07-08 00:01:30:441] <12220> inipayhome:/www/loosfly_godo_co_kr/shop/order/card/inipay
DEBUG	[2014-07-08 00:01:30:441] <12220> type:chkfake
DEBUG	[2014-07-08 00:01:30:441] <12220> debug:true
DEBUG	[2014-07-08 00:01:30:441] <12220> enctype:asym
DEBUG	[2014-07-08 00:01:30:441] <12220> admin:1111
DEBUG	[2014-07-08 00:01:30:441] <12220> checkopt:false
DEBUG	[2014-07-08 00:01:30:441] <12220> mid:GODOloosfl
DEBUG	[2014-07-08 00:01:30:441] <12220> price:47500
DEBUG	[2014-07-08 00:01:30:441] <12220> nointerest:no
DEBUG	[2014-07-08 00:01:30:441] <12220> quotabase:선택:일시불:2개월:3개월:4개월:5개월:6개월:7개월:8개월:9개월:10개월:11개월:12개월
INFO	[2014-07-08 00:01:30:441] <12220> Check Field OK
INFO	[2014-07-08 00:01:30:453] <12220> MERCHANT PRIV KEY LOAD OK
INFO	[2014-07-08 00:01:30:457] <12220> MERCHANT PUB KEY LOAD OK []
INFO	[2014-07-08 00:01:30:459] <12220> CHKFAKE KEY MAKE OK:MjAxNDA3MDgwMDAxMzA0NTczNDI1NQ==

INFO	[2014-07-08 00:01:30:459] <12220> END chkfake  Laptime:[0.03sec]
INFO	[2014-07-08 00:01:30:459] <12220> ===============================================================
INFO	[2014-07-08 00:02:48:267] <22989> START INIPHP securepay (V5031-111123)(OS:Linux2.6.18-371.9.1.el5,PHP:5.2.17)
DEBUG	[2014-07-08 00:02:48:267] <22989> inipayhome:/www/loosfly_godo_co_kr/shop/order/card/inipay
DEBUG	[2014-07-08 00:02:48:267] <22989> type:securepay
DEBUG	[2014-07-08 00:02:48:267] <22989> pgid:INIphpCARD
DEBUG	[2014-07-08 00:02:48:267] <22989> subpgip:203.238.3.10
DEBUG	[2014-07-08 00:02:48:267] <22989> admin:1111
DEBUG	[2014-07-08 00:02:48:267] <22989> debug:true
DEBUG	[2014-07-08 00:02:48:267] <22989> uid:
DEBUG	[2014-07-08 00:02:48:267] <22989> goodname:Mini Floral Lace Leotard (Brown)
DEBUG	[2014-07-08 00:02:48:267] <22989> currency:WON
DEBUG	[2014-07-08 00:02:48:267] <22989> mid:GODOloosfl
DEBUG	[2014-07-08 00:02:48:267] <22989> rn:MjAxNDA3MDgwMDAxMzA0NTczNDI1NQ==

DEBUG	[2014-07-08 00:02:48:267] <22989> price:47500
DEBUG	[2014-07-08 00:02:48:267] <22989> enctype:
DEBUG	[2014-07-08 00:02:48:267] <22989> buyername:이소영
DEBUG	[2014-07-08 00:02:48:267] <22989> buyertel:010-6680-0315
DEBUG	[2014-07-08 00:02:48:267] <22989> buyeremail:leedasom@cnu.ac.kr
DEBUG	[2014-07-08 00:02:48:267] <22989> paymethod:Card
DEBUG	[2014-07-08 00:02:48:267] <22989> encrypted:Version=4.1&PayMethod=Card&RsaKeyNum=1&EncryptionAlgorithm=SEED-CBC&SignAlgorithm=RSAwithSHA1&CertVer=39&moid=1404745282588&ver_trace=main(6086,6052)card(6112,6103)n(6008)Cs(6022)Dt(6002)Pa(6002)Cf(6024)Fv(0000)La(6127)Re(6079)Vr(6006)P(6033)en(6036)nP(6006)&pg1=203.238.37.3&pg2=211.219.96.180&pg1ip=203.238.37.3&pg2ip=211.219.96.180&agreeflag=1111&Data=tPYqEEOcS3afgmXCOGS4Pb8qFUSDbQAHA1mYHVsfQmA7GEnOf9zg/mwRLjfetUfV
Z6dE0/dqSm99RJ6J6q+LsEtSZR3RxgxUXtcIqn7dXyO/wDJQDUZGi33+qwu9Bp5L
9Cb0LDtfKEv1sFe0nlkVeX3MFxO+T38XU4BcXdloXx9p2b5lpixLLbFOgWXuuTwz
MlZYOPuDrf/jcQPmEAb0TQSIZDEU+PcH/CN5OQANamEm2qpu8z5Ck9qlPFz3eZ3O
zkJSr9MNsXJtXvHjrNqscyR221Ifo4D+7D70kL7lyK2FQUECKFWh0OpQkPBzgZSr
ijCvufJ0N4CTDZBRNsObhYYJBXU+4ZNxIWFCvTn57U1HznippLYPo5fPPhIxPYy+
TKEWddpXQPCoOIC9BvazQ57IawZt2cH4wLhkqg58Wl1fAf/Yf4Jo8t4lnBPG5OJb
lPXHtRslPxg6DkXzi0hhdx9xNhkg4YDKOQZVtQ6PU4pTEtZD61HKDmyhd5L6JdqJ
gxOdLhEN3YPK0T4vHzvX2EtUGusYWX+e0qhyijJBg7Vbo76ZsR/g2tpWpSahEZpk
ZK4NqC8z7mTuH4WeMkofjhXwh05I59ic07DGYcTrXNDyrENevg7X9zOGlCnZbpRm
t2MyCTidZ+9kRqWTMGKfwchR4vPTFrkTJqFEihqGcVTT3YY=
DEBUG	[2014-07-08 00:02:48:267] <22989> sessionkey:HvusONAEoxy6igvQtpJW4h11T3DRkP8hmX+H8oS1RufZYsO9CiUkYCTKzwJ/ynrz
lOepHf7GZ9qmgx0CrEEwNUuCpOC5z7+tqW++go1j6aNAs5gjWB9BXlZgDWIo9S4E
dRseKpNnaYhiBJucjzI6A1Ww388ebfOM3b42gIreDAY=
DEBUG	[2014-07-08 00:02:48:267] <22989> url:http://www.loosfly.com
DEBUG	[2014-07-08 00:02:48:267] <22989> cardcode:14
DEBUG	[2014-07-08 00:02:48:267] <22989> parentemail:leedasom@cnu.ac.kr
DEBUG	[2014-07-08 00:02:48:267] <22989> recvname:이소영
DEBUG	[2014-07-08 00:02:48:267] <22989> recvtel:010-6680-0315
DEBUG	[2014-07-08 00:02:48:267] <22989> recvaddr:대전광역시 유성구 궁동 220 충남대학교 공과대학1호관 435호 기술교육과 
DEBUG	[2014-07-08 00:02:48:267] <22989> recvpostnum:305-764
DEBUG	[2014-07-08 00:02:48:267] <22989> recvmsg:
DEBUG	[2014-07-08 00:02:48:267] <22989> joincard:
DEBUG	[2014-07-08 00:02:48:267] <22989> joinexpire:
DEBUG	[2014-07-08 00:02:48:267] <22989> id_customer:
INFO	[2014-07-08 00:02:48:267] <22989> Check Field OK
INFO	[2014-07-08 00:02:48:267] <22989> Make TID OK INIphpCARDGODOloosfl20140708000248679566
INFO	[2014-07-08 00:02:48:267] <22989> PI PUB KEY LOAD OK [39]
INFO	[2014-07-08 00:02:48:271] <22989> PG PUB KEY LOAD OK [30]
INFO	[2014-07-08 00:02:48:272] <22989> MERCHANT PRIV KEY LOAD OK
INFO	[2014-07-08 00:02:48:272] <22989> MERCHANT PUB KEY LOAD OK [0]
INFO	[2014-07-08 00:02:48:273] <22989> MAKE BODY OK
INFO	[2014-07-08 00:02:48:274] <22989> SIGN OK
INFO	[2014-07-08 00:02:48:275] <22989> MAKE HEAD OK
INFO	[2014-07-08 00:02:48:275] <22989> MSG_TO_PG:[0306500175R SHA1                   0                  39                  300200GODOloosfl               47500INIphpCARDGODOloosfl20140708000248679566<?xml version="1.0" encoding="UTF-8"?>
<INIpay>
	  <GoodsInfo>
	    <GoodsCnt>1</GoodsCnt>
	    <MOID/>
	    <Currency>WON</Currency>
	    <Tax/>
	    <TaxFree/>
	    <Goods>
	      <SMID>GODOloosfl</SMID>
	      <GoodsName urlencode="1">Mini+Floral+Lace+Leotard+%28Brown%29</GoodsName>
	      <GoodsPrice>47500</GoodsPrice></Goods></GoodsInfo>
	  <BuyerInfo>
	    <BuyerName urlencode="1">%C0%CC%BC%D2%BF%B5</BuyerName>
	    <BuyerTel>010-6680-0315</BuyerTel>
	    <BuyerEmail urlencode="1">leedasom%40cnu.ac.kr</BuyerEmail>
	    <ParentEmail urlencode="1">leedasom%40cnu.ac.kr</ParentEmail>
	    <RecvName urlencode="1">%C0%CC%BC%D2%BF%B5</RecvName>
	    <RecvTel urlencode="1">010-6680-0315</RecvTel>
	    <RecvMsg/>
	    <RecvAddr urlencode="1">%B4%EB%C0%FC%B1%A4%BF%AA%BD%C3+%C0%AF%BC%BA%B1%B8+%B1%C3%B5%BF+220+%C3%E6%B3%B2%B4%EB%C7%D0%B1%B3+%B0%F8%B0%FA%B4%EB%C7%D01%C8%A3%B0%FC+435%C8%A3+%B1%E2%BC%FA%B1%B3%C0%B0%B0%FA+</RecvAddr>
	    <RecvPostNum urlencode="1">305-764</RecvPostNum></BuyerInfo>
	  <PaymentInfo>
	    <Payment>
	      <PayMethod>Card</PayMethod>
	      <JoinCard/>
	      <JoinExpire/>
	      <MailOrder/>
	      <SessionKey>HvusONAEoxy6igvQtpJW4h11T3DRkP8hmX+H8oS1RufZYsO9CiUkYCTKzwJ/ynrz
lOepHf7GZ9qmgx0CrEEwNUuCpOC5z7+tqW++go1j6aNAs5gjWB9BXlZgDWIo9S4E
dRseKpNnaYhiBJucjzI6A1Ww388ebfOM3b42gIreDAY=</SessionKey>
	      <Encrypted urlencode="1">Version%3D4.1%26PayMethod%3DCard%26RsaKeyNum%3D1%26EncryptionAlgorithm%3DSEED-CBC%26SignAlgorithm%3DRSAwithSHA1%26CertVer%3D39%26moid%3D1404745282588%26ver_trace%3Dmain%286086%2C6052%29card%286112%2C6103%29n%286008%29Cs%286022%29Dt%286002%29Pa%286002%29Cf%286024%29Fv%280000%29La%286127%29Re%286079%29Vr%286006%29P%286033%29en%286036%29nP%286006%29%26pg1%3D203.238.37.3%26pg2%3D211.219.96.180%26pg1ip%3D203.238.37.3%26pg2ip%3D211.219.96.180%26agreeflag%3D1111%26Data%3DtPYqEEOcS3afgmXCOGS4Pb8qFUSDbQAHA1mYHVsfQmA7GEnOf9zg%2FmwRLjfetUfV%0D%0AZ6dE0%2FdqSm99RJ6J6q%2BLsEtSZR3RxgxUXtcIqn7dXyO%2FwDJQDUZGi33%2Bqwu9Bp5L%0D%0A9Cb0LDtfKEv1sFe0nlkVeX3MFxO%2BT38XU4BcXdloXx9p2b5lpixLLbFOgWXuuTwz%0D%0AMlZYOPuDrf%2FjcQPmEAb0TQSIZDEU%2BPcH%2FCN5OQANamEm2qpu8z5Ck9qlPFz3eZ3O%0D%0AzkJSr9MNsXJtXvHjrNqscyR221Ifo4D%2B7D70kL7lyK2FQUECKFWh0OpQkPBzgZSr%0D%0AijCvufJ0N4CTDZBRNsObhYYJBXU%2B4ZNxIWFCvTn57U1HznippLYPo5fPPhIxPYy%2B%0D%0ATKEWddpXQPCoOIC9BvazQ57IawZt2cH4wLhkqg58Wl1fAf%2FYf4Jo8t4lnBPG5OJb%0D%0AlPXHtRslPxg6DkXzi0hhdx9xNhkg4YDKOQZVtQ6PU4pTEtZD61HKDmyhd5L6JdqJ%0D%0AgxOdLhEN3YPK0T4vHzvX2EtUGusYWX%2Be0qhyijJBg7Vbo76ZsR%2Fg2tpWpSahEZpk%0D%0AZK4NqC8z7mTuH4WeMkofjhXwh05I59ic07DGYcTrXNDyrENevg7X9zOGlCnZbpRm%0D%0At2MyCTidZ%2B9kRqWTMGKfwchR4vPTFrkTJqFEihqGcVTT3YY%3D</Encrypted></Payment></PaymentInfo>
	  <ReservedInfo>
	    <MReserved1/>
	    <MReserved2/>
	    <MReserved3/></ReservedInfo>
	  <ManageInfo>
	    <Language/>
	    <URL urlencode="1">http%3A%2F%2Fwww.loosfly.com</URL>
	    <TXVersion>5031B111123securLinux     PHPchkfake   2.6.18-371.9.1.el5PHP:5.2.17  </TXVersion>
	    <TXUserID/>
	    <TXRegNum/>
	    <Ack>1</Ack>
	    <TXRN>MjAxNDA3MDgwMDAxMzA0NTczNDI1NQ==
</TXRN></ManageInfo></INIpay>AcQZ4lKotrsSn0YpfJGUIJFhRWfpTHctdgYzlw70m/YfQANw1pN8kTInpgOS6BtN
/qAjIOWOXNax3mIGSZM/2GAzOWqqMqHv54V59ZjBe7MAksq9g/PHf+zKid3wffKH
tHF0gvEG5QoqrflIIQfpwPDesNY19dlWpDUJkCiPB9vB
]
INFO	[2014-07-08 00:02:48:275] <22989> DNS LOOKUP OK(203.238.37.3:203.238.37.3:34049) laptime:0
INFO	[2014-07-08 00:02:48:279] <22989> SOCKET CONNECT OK
INFO	[2014-07-08 00:02:48:279] <22989> SEND OK
INFO	[2014-07-08 00:02:48:958] <22989> RECV OK
INFO	[2014-07-08 00:02:48:958] <22989> MSG_FROM_PG:[0299400175D SHA1                   0                  39                  300210GODOloosfl               47500INIphpCARDGODOloosfl20140708000248679566<?xml version="1.0" encoding="UTF-8"?>
<INIpay>
  <GoodsInfo>
    <GoodsCnt>1</GoodsCnt>
    <MOID urlencode="1">1404745282588</MOID>
    <Currency>WON</Currency>
    <Goods no="1">
      <SMID>GODOloosfl</SMID>
      <GoodsName urlencode="1">Mini+Floral+Lace+Leotard+%28Brown%29</GoodsName>
      <GoodsCntS>1</GoodsCntS>
      <GoodsPrice>47500</GoodsPrice>
    </Goods>
  </GoodsInfo>
  <PaymentInfo>
    <Payment>
      <SessionKey>AKLjijVd9P8Ud1KLc6mKmBZyEz9XZpuxRlSR8l+JgBiB8oVLrWo5SWq4pK3a4kFh
TbxbMMZg/GckWzoG1U8CDk6vWKEDsNyCW5wwOJwqt4Z609EvDFWkJ/yV4R1Dqfuc
t/XlCITCi/yET3/oYXg7ToKsX/Gc6C1S4uJnjv0KkoRqHAy1/7/wLG8=
</SessionKey>
      <Encrypted>INgu9cGGz+OkY/Fu43Ei4tHBndOYSFXMD1ZYPPct3eo63jeQOEWwLOiEnyC0jVBJ
zEG8GCMEpMWovJnYE8CO/21rTJejhWdFXPJDq9dxs3kd8SC89cPbFSGMvwB8X1EN
Tz2BxYVYN1SPvbsfzjp1wancZdcxT+oXXvylnCNzg5CElYuc1scIcDgsitpv6wNF
JYLQVQK1nEj770JulPizcFDW1kWJfwREU9n69bJv2LqeouONpeWHBMwXgy02V+Hf
R4Y7tRHWn2Nx5TWUN8LlCO32Lc2u1NqmdfsrltXQ6yZFyFC68+E7A+24STarIFIG
k3Al0noCVzyKUqAaBMiwXJwq+oQO8yIrcl8JL/1lgMtemIjTJFErp+3pPLcHPyB7
UviZJvtvfYudwD8aglrE24loCjZLgXnbKSFJauKI0z9glG/jVMoqy8Nqm43GQgUo
UzmhwrTr+xZsmAizY2QsFC7SvAAT+1t2ByutD2kA920eP0t2CzBb73OGrY/OFKta
RB8OTwZi7ZOuWh6OR27QMNwNqwhyZ0Ypm+XM1NE3SfR9cOZOazAhhtOXZXbvKcxd
JxVZCayPLaUl8w1xJimAdBjNiK7yEeYaj0bx/M5yeOyr9FvHgYEVP3oDlZSUI967
P9c6kN5PFWjG36IiSdcJhESrdZRhZCdX6AuRbUtcyrZamEPdbofPK+pJU/l0pBL8
NgvDAqcNayCDm+ewr4N7HQqOyBA82Ks4cctGS7mf94Q0zPfrlXne6ZxcFNKE/rMI
iGNn/dCLsw5zfB8WO2rmq+yuQmiXcG7+haTSD3BAtYAb4G4I3w8XATATwkBnpwJx
givHRzfMMPAcslglC0uCJBtnMDn4eDdqXt7GQnSwa+RKT3IPRjKOTfO0xm5qTwFc
gXsyiUGMN32O1wTyNpWQXmMbo79sBtf2r19yNG91ifFpR9TeqHkSfgqllnmkbTFX
gQvVx/R02yFnh3GS6AXI6TEHyH1e16KdNv8QfIIy9AWP5xgQAl19a8KFgXgAHMoa
G2fdU27CwgGuKLjEOApSvuRkJuuJpubhpko0fYkD7BHXVbSvrCH6d7yoqdGJEmI1
ddF5YJRT15hR9XQhgirNZ/yc0Djkc3z8csqkBa87sYmAMiRSL/fH4SHYQIcothRv
ATmIG8adaVU2Q9y0xfFwZpgCbOJG2R6zOK91GUxiOg3LPgztWSyfye/WmFYvK92X
t8XgwSswu21nvrDchmC5Ws0VfdTspk0juMdXZUKfWJIlhE+dec508QGEbQEqBv0H
dKa81Vxp4GwURxhh5ryGLRcWB7KnzdLYauy7scWvddECMTOT4E0BMrnAQ2EYhqOR
SzdbQjtALROZ93RnR6+BeGm9rsn3+fmpZ3X2qZSRAeuFFg0Uk/s0/lQcdnpGEBYw
+liI3qJfyZAvaDvP36mDJd1+FXahW99Fj0yx2mdNmh4/k7e3sIf6ud+F3ub83f3Y
l3V3Z1u/SjMRScogMc2V9zjhs8UGut1ZNWwu+gHPrjm+HALkPXgMAe/xs55e151+
D62lV5mBwe8BHEtku0acuXCQWPykbIa1qfuYM/e06gaNu/bEp2U6hNKJDEnw0FPM
/pJrgz5oFC1uewAuXSQOJsA72aGGgVX1
</Encrypted>
      <PayMethod>Card</PayMethod>
      <ResultCode>120000</ResultCode>
      <ResultMsg urlencode="1">%C1%A4%BB%F3%C3%B3%B8%AE%B5%C7%BE%FA%BD%C0%B4%CF%B4%D9.</ResultMsg>
    </Payment>
  </PaymentInfo>
  <ManageInfo>
    <EventCode></EventCode>
    <OrgCurrency></OrgCurrency>
    <ExchangeRate></ExchangeRate>
    <OrgPrice></OrgPrice>
  </ManageInfo>
  <ReservedInfo>
    <MReserved1 urlencode="1"></MReserved1>
    <MReserved2 urlencode="1"></MReserved2>
    <MReserved3 urlencode="1"></MReserved3>
    <PGReserved1 urlencode="1"></PGReserved1>
    <PGReserved2 urlencode="1"></PGReserved2>
    <PGReserved3 urlencode="1"></PGReserved3>
  </ReservedInfo>
</INIpay>
J05Bi/b+kj0P/KmZ22FnoKgCFxVyDnswcMsnMfgJJXjt9XpwGk0uEz22EkNDtYnb
bkOaOWkYlg+drUz9QX7gbp86iieJDDGW8Mb5v6HS3zrpO0CVhznD8z0PrMgEYXko
VWzpcu9zugqWtmv4U4udfQaZeHVxU2cOuTV4eJJlAdI=
]
INFO	[2014-07-08 00:02:48:959] <22989> VERIFY OK
INFO	[2014-07-08 00:02:48:959] <22989> PARSE HEAD OK
INFO	[2014-07-08 00:02:48:963] <22989> PARSE BODY OK
INFO	[2014-07-08 00:02:48:967] <22989> DECRYPT OK
DEBUG	[2014-07-08 00:02:48:967] <22989> DECRYPT MSG:[<?xml version="1.0" encoding="UTF-8"?>
<PaymentInfo>
  <Payment>
    <EASYPAY/>
    <Card>
      <CARD_ApplPrice>47500</CARD_ApplPrice>
      <CARD_Num>356297453685</CARD_Num>
      <CARD_Expire></CARD_Expire>
      <CARD_Code>14</CARD_Code>
      <CARD_BankCode>26</CARD_BankCode>
      <CARD_Quota>00</CARD_Quota>
      <CARD_Interest>0</CARD_Interest>
      <CARD_Point></CARD_Point>
      <CARD_AuthType>99</CARD_AuthType>
      <CARD_RegNum></CARD_RegNum>
      <CARD_ApplDate>20140708</CARD_ApplDate>
      <CARD_ApplTime>000250</CARD_ApplTime>
      <CARD_ApplNum>22591841</CARD_ApplNum>
      <CARD_TerminalNum>019048y000</CARD_TerminalNum>
      <CARD_MemberNum></CARD_MemberNum>
      <CARD_PurchaseCode></CARD_PurchaseCode>
      <CARD_ResultCode>120000</CARD_ResultCode>
      <CARD_ResultMsg urlencode="1">%C1%A4%BB%F3%C3%B3%B8%AE%B5%C7%BE%FA%BD%C0%B4%CF%B4%D9.</CARD_ResultMsg>
      <CARD_PrtcCode>1</CARD_PrtcCode>
      <CARD_Quota_Point>00</CARD_Quota_Point>
      <CARD_CheckFlag>0</CARD_CheckFlag>
      <CARD_PurchaseName urlencode="1"></CARD_PurchaseName>
      <CARD_IssuerName urlencode="1"></CARD_IssuerName>
      <CARD_JoinUsePoint></CARD_JoinUsePoint>
    </Card>
  </Payment>
</PaymentInfo>]
INFO	[2014-07-08 00:02:48:970] <22989> DECRYPT PARSE OK
INFO	[2014-07-08 00:02:48:970] <22989> WAIT ACK INVOKING
DEBUG	[2014-07-08 00:02:48:970] <22989> MAKE HEAD OK
INFO	[2014-07-08 00:02:48:974] <22989> SUCCESS ACK INVOKING
INFO	[2014-07-08 00:02:48:974] <22989> END securepay 정상처리되었습니다. Laptime:[0.7sec]
INFO	[2014-07-08 00:02:48:974] <22989> ===============================================================
