INFO	[2014-10-08 18:31:07:989] <28160> START INIPHP chkfake (V5031-111123)(OS:Linux2.6.18-371.11.1.el5,PHP:5.2.17)
DEBUG	[2014-10-08 18:31:07:989] <28160> inipayhome:/www/loosfly_godo_co_kr/shop/order/card/inipay
DEBUG	[2014-10-08 18:31:07:989] <28160> type:chkfake
DEBUG	[2014-10-08 18:31:07:989] <28160> debug:true
DEBUG	[2014-10-08 18:31:07:989] <28160> enctype:asym
DEBUG	[2014-10-08 18:31:07:989] <28160> admin:1111
DEBUG	[2014-10-08 18:31:07:989] <28160> checkopt:false
DEBUG	[2014-10-08 18:31:07:989] <28160> mid:GODOloosfl
DEBUG	[2014-10-08 18:31:07:989] <28160> price:69000
DEBUG	[2014-10-08 18:31:07:989] <28160> nointerest:no
DEBUG	[2014-10-08 18:31:07:989] <28160> quotabase:선택:일시불:2개월:3개월:4개월:5개월:6개월:7개월:8개월:9개월:10개월:11개월:12개월
INFO	[2014-10-08 18:31:07:989] <28160> Check Field OK
INFO	[2014-10-08 18:31:07:997] <28160> MERCHANT PRIV KEY LOAD OK
INFO	[2014-10-08 18:31:08:1] <28160> MERCHANT PUB KEY LOAD OK []
INFO	[2014-10-08 18:31:08:3] <28160> CHKFAKE KEY MAKE OK:MjAxNDEwMDgxODMxMDgwMDIyODU3OQ==

INFO	[2014-10-08 18:31:08:3] <28160> END chkfake  Laptime:[0.02sec]
INFO	[2014-10-08 18:31:08:3] <28160> ===============================================================
INFO	[2014-10-08 18:31:23:494] <13023> START INIPHP chkfake (V5031-111123)(OS:Linux2.6.18-371.11.1.el5,PHP:5.2.17)
DEBUG	[2014-10-08 18:31:23:494] <13023> inipayhome:/www/loosfly_godo_co_kr/shop/order/card/inipay
DEBUG	[2014-10-08 18:31:23:494] <13023> type:chkfake
DEBUG	[2014-10-08 18:31:23:494] <13023> debug:true
DEBUG	[2014-10-08 18:31:23:494] <13023> enctype:asym
DEBUG	[2014-10-08 18:31:23:494] <13023> admin:1111
DEBUG	[2014-10-08 18:31:23:494] <13023> checkopt:false
DEBUG	[2014-10-08 18:31:23:494] <13023> mid:GODOloosfl
DEBUG	[2014-10-08 18:31:23:494] <13023> price:69000
DEBUG	[2014-10-08 18:31:23:494] <13023> nointerest:no
DEBUG	[2014-10-08 18:31:23:494] <13023> quotabase:선택:일시불:2개월:3개월:4개월:5개월:6개월:7개월:8개월:9개월:10개월:11개월:12개월
INFO	[2014-10-08 18:31:23:494] <13023> Check Field OK
INFO	[2014-10-08 18:31:23:494] <13023> MERCHANT PRIV KEY LOAD OK
INFO	[2014-10-08 18:31:23:494] <13023> MERCHANT PUB KEY LOAD OK []
INFO	[2014-10-08 18:31:23:496] <13023> CHKFAKE KEY MAKE OK:MjAxNDEwMDgxODMxMjM0OTQ0NzU3NA==

INFO	[2014-10-08 18:31:23:496] <13023> END chkfake  Laptime:[0.01sec]
INFO	[2014-10-08 18:31:23:496] <13023> ===============================================================
