INFO	[2013-10-14 20:26:27:195] <15621> START INIPHP chkfake (V5031-111123)(OS:Linux2.6.18-348.16.1.el5,PHP:5.2.17)
DEBUG	[2013-10-14 20:26:27:199] <15621> inipayhome:/www/loosfly_godo_co_kr/shop/order/card/inipay
DEBUG	[2013-10-14 20:26:27:199] <15621> type:chkfake
DEBUG	[2013-10-14 20:26:27:199] <15621> debug:true
DEBUG	[2013-10-14 20:26:27:199] <15621> enctype:asym
DEBUG	[2013-10-14 20:26:27:199] <15621> admin:1111
DEBUG	[2013-10-14 20:26:27:199] <15621> checkopt:false
DEBUG	[2013-10-14 20:26:27:199] <15621> mid:GODOloosfl
DEBUG	[2013-10-14 20:26:27:199] <15621> price:15000
DEBUG	[2013-10-14 20:26:27:199] <15621> nointerest:no
DEBUG	[2013-10-14 20:26:27:199] <15621> quotabase:선택:일시불:2개월:3개월:4개월:5개월:6개월:7개월:8개월:9개월:10개월:11개월:12개월
INFO	[2013-10-14 20:26:27:199] <15621> Check Field OK
INFO	[2013-10-14 20:26:27:208] <15621> MERCHANT PRIV KEY LOAD OK
INFO	[2013-10-14 20:26:27:212] <15621> MERCHANT PUB KEY LOAD OK []
INFO	[2013-10-14 20:26:27:214] <15621> CHKFAKE KEY MAKE OK:MjAxMzEwMTQyMDI2MjcyMTI0OTQ5Ng==

INFO	[2013-10-14 20:26:27:215] <15621> END chkfake  Laptime:[0.03sec]
INFO	[2013-10-14 20:26:27:215] <15621> ===============================================================
INFO	[2013-10-14 20:28:02:679] <15135> START INIPHP securepay (V5031-111123)(OS:Linux2.6.18-348.16.1.el5,PHP:5.2.17)
DEBUG	[2013-10-14 20:28:02:679] <15135> inipayhome:/www/loosfly_godo_co_kr/shop/order/card/inipay
DEBUG	[2013-10-14 20:28:02:679] <15135> type:securepay
DEBUG	[2013-10-14 20:28:02:679] <15135> pgid:INIphpCARD
DEBUG	[2013-10-14 20:28:02:679] <15135> subpgip:203.238.3.10
DEBUG	[2013-10-14 20:28:02:679] <15135> admin:1111
DEBUG	[2013-10-14 20:28:02:679] <15135> debug:true
DEBUG	[2013-10-14 20:28:02:679] <15135> uid:
DEBUG	[2013-10-14 20:28:02:679] <15135> goodname:Shirring Headband (Black)
DEBUG	[2013-10-14 20:28:02:679] <15135> currency:WON
DEBUG	[2013-10-14 20:28:02:679] <15135> mid:GODOloosfl
DEBUG	[2013-10-14 20:28:02:679] <15135> rn:MjAxMzEwMTQyMDI2MjcyMTI0OTQ5Ng==

DEBUG	[2013-10-14 20:28:02:679] <15135> price:15000
DEBUG	[2013-10-14 20:28:02:679] <15135> enctype:
DEBUG	[2013-10-14 20:28:02:679] <15135> buyername:이선주
DEBUG	[2013-10-14 20:28:02:679] <15135> buyertel:010-9270-9718
DEBUG	[2013-10-14 20:28:02:679] <15135> buyeremail:wsmylife@naver.com
DEBUG	[2013-10-14 20:28:02:679] <15135> paymethod:Card
DEBUG	[2013-10-14 20:28:02:679] <15135> encrypted:Version=4.1&PayMethod=Card&RsaKeyNum=1&EncryptionAlgorithm=SEED-CBC&SignAlgorithm=RSAwithSHA1&CertVer=39&moid=1381749892514&ver_trace=main(6076,6049)card(6092,6085)n(6008)Cs(6021)Dt(6002)Pa(6002)Cf(6024)Fv(0000)La(6113)Re(6067)Vr(6006)P(6030)en(6030)nP(6004)&pg1=211.219.96.180&pg2=203.238.37.3&pg1ip=211.219.96.180&pg2ip=203.238.37.3&agreeflag=1111&Data=fnZ4WTSnVnMROJHqpoK7ktGCZMy6iPzp2ajttVYIe0arFpN5r/KhZEeh6H6aEt4W
2WPKz2hU3BcRu+jKnBnsabq/QGwsy5O754Gtfbof7U5cGKqGL1okeMhsnLEkp/9b
37G1EIveWIXdCYQJCPOsVhaAsoAHBn2tVcQEfPwD39ArimCQ5Sjqjv9+lomjqqq8
emp52i/Ph5oCUq9EPYcR9pg+BijqryLdiQ22aVCdi/tlkr76G94FyyBKmjGBO1+P
THVdhnKSZEBgzw9+RXf/4z9BrGCDYRroWfscTA4ljduPgKMD2UAgciJAs7XemAhf
0HRhYoUi+psrQ5CrjWd35xnBQO7r3sSJ2i/Sz3tQDEdgxEFlXeiLDjARctifYG3x
qTDwLHB7Uld9o+TU/Ttt7SIe//oCRPsdLSMW4cFbo9KNfmR6ez2W+kUEKOBh4cZt
emSx8pFy7pCyEj0PrAceIwtX4Nl5DQwtWUpvrgTbRkjIKqbaYzMzO3TArFczzfp2
fgdqxJEqVTO75hWkNWmvgceRGYV1jSiWgky4RQi9KS1AfGbqHdAn0SML4o6ViHOq
92cuvAPDN2VkfPDXafbOgLbKRaAP+0+418DYaeR9llEW6oVpHzjLXtK0dcP/dQS8
oqZfezSHNht9fhPXVzgNnxXTGRV6914zImoRdVZ15rcJmX3D0UR5NWxymA==
DEBUG	[2013-10-14 20:28:02:679] <15135> sessionkey:gF/fnDQ0My4vRIKvm0exBHJPQio62PgdU4AlBi0gxO2p+lV3dcTdzXjsDdmjvdCm
cmrazvU0iBUfJ0y8r0cocZR3aaONRGK4xAHBdZ+vKNbH02BG+nuZRVfZyRq7w2xy
pNxMv7S9QqMYl53yyliqrqXVtEAcdysDPe1vbzM5Jes=
DEBUG	[2013-10-14 20:28:02:679] <15135> url:http://www.loosfly.com
DEBUG	[2013-10-14 20:28:02:679] <15135> cardcode:14
DEBUG	[2013-10-14 20:28:02:679] <15135> parentemail:wsmylife@naver.com
DEBUG	[2013-10-14 20:28:02:679] <15135> recvname:이선주
DEBUG	[2013-10-14 20:28:02:679] <15135> recvtel:010-9270-9718
DEBUG	[2013-10-14 20:28:02:679] <15135> recvaddr:서울 마포구 상암동 상암월드컵파크4단지아파트 412동 1402호
DEBUG	[2013-10-14 20:28:02:679] <15135> recvpostnum:121-799
DEBUG	[2013-10-14 20:28:02:679] <15135> recvmsg:
DEBUG	[2013-10-14 20:28:02:679] <15135> joincard:
DEBUG	[2013-10-14 20:28:02:679] <15135> joinexpire:
DEBUG	[2013-10-14 20:28:02:679] <15135> id_customer:
INFO	[2013-10-14 20:28:02:679] <15135> Check Field OK
INFO	[2013-10-14 20:28:02:679] <15135> Make TID OK INIphpCARDGODOloosfl20131014202802795316
INFO	[2013-10-14 20:28:02:679] <15135> PI PUB KEY LOAD OK [39]
INFO	[2013-10-14 20:28:02:681] <15135> PG PUB KEY LOAD OK [30]
INFO	[2013-10-14 20:28:02:682] <15135> MERCHANT PRIV KEY LOAD OK
INFO	[2013-10-14 20:28:02:682] <15135> MERCHANT PUB KEY LOAD OK [0]
INFO	[2013-10-14 20:28:02:683] <15135> MAKE BODY OK
INFO	[2013-10-14 20:28:02:685] <15135> SIGN OK
INFO	[2013-10-14 20:28:02:685] <15135> MAKE HEAD OK
INFO	[2013-10-14 20:28:02:685] <15135> MSG_TO_PG:[0305000175R SHA1                   0                  39                  300200GODOloosfl               15000INIphpCARDGODOloosfl20131014202802795316<?xml version="1.0" encoding="UTF-8"?>
<INIpay>
	  <GoodsInfo>
	    <GoodsCnt>1</GoodsCnt>
	    <MOID/>
	    <Currency>WON</Currency>
	    <Tax/>
	    <TaxFree/>
	    <Goods>
	      <SMID>GODOloosfl</SMID>
	      <GoodsName urlencode="1">Shirring+Headband+%28Black%29</GoodsName>
	      <GoodsPrice>15000</GoodsPrice></Goods></GoodsInfo>
	  <BuyerInfo>
	    <BuyerName urlencode="1">%C0%CC%BC%B1%C1%D6</BuyerName>
	    <BuyerTel>010-9270-9718</BuyerTel>
	    <BuyerEmail urlencode="1">wsmylife%40naver.com</BuyerEmail>
	    <ParentEmail urlencode="1">wsmylife%40naver.com</ParentEmail>
	    <RecvName urlencode="1">%C0%CC%BC%B1%C1%D6</RecvName>
	    <RecvTel urlencode="1">010-9270-9718</RecvTel>
	    <RecvMsg/>
	    <RecvAddr urlencode="1">%BC%AD%BF%EF+%B8%B6%C6%F7%B1%B8+%BB%F3%BE%CF%B5%BF+%BB%F3%BE%CF%BF%F9%B5%E5%C4%C5%C6%C4%C5%A94%B4%DC%C1%F6%BE%C6%C6%C4%C6%AE+412%B5%BF+1402%C8%A3</RecvAddr>
	    <RecvPostNum urlencode="1">121-799</RecvPostNum></BuyerInfo>
	  <PaymentInfo>
	    <Payment>
	      <PayMethod>Card</PayMethod>
	      <JoinCard/>
	      <JoinExpire/>
	      <MailOrder/>
	      <SessionKey>gF/fnDQ0My4vRIKvm0exBHJPQio62PgdU4AlBi0gxO2p+lV3dcTdzXjsDdmjvdCm
cmrazvU0iBUfJ0y8r0cocZR3aaONRGK4xAHBdZ+vKNbH02BG+nuZRVfZyRq7w2xy
pNxMv7S9QqMYl53yyliqrqXVtEAcdysDPe1vbzM5Jes=</SessionKey>
	      <Encrypted urlencode="1">Version%3D4.1%26PayMethod%3DCard%26RsaKeyNum%3D1%26EncryptionAlgorithm%3DSEED-CBC%26SignAlgorithm%3DRSAwithSHA1%26CertVer%3D39%26moid%3D1381749892514%26ver_trace%3Dmain%286076%2C6049%29card%286092%2C6085%29n%286008%29Cs%286021%29Dt%286002%29Pa%286002%29Cf%286024%29Fv%280000%29La%286113%29Re%286067%29Vr%286006%29P%286030%29en%286030%29nP%286004%29%26pg1%3D211.219.96.180%26pg2%3D203.238.37.3%26pg1ip%3D211.219.96.180%26pg2ip%3D203.238.37.3%26agreeflag%3D1111%26Data%3DfnZ4WTSnVnMROJHqpoK7ktGCZMy6iPzp2ajttVYIe0arFpN5r%2FKhZEeh6H6aEt4W%0D%0A2WPKz2hU3BcRu%2BjKnBnsabq%2FQGwsy5O754Gtfbof7U5cGKqGL1okeMhsnLEkp%2F9b%0D%0A37G1EIveWIXdCYQJCPOsVhaAsoAHBn2tVcQEfPwD39ArimCQ5Sjqjv9%2Blomjqqq8%0D%0Aemp52i%2FPh5oCUq9EPYcR9pg%2BBijqryLdiQ22aVCdi%2Ftlkr76G94FyyBKmjGBO1%2BP%0D%0ATHVdhnKSZEBgzw9%2BRXf%2F4z9BrGCDYRroWfscTA4ljduPgKMD2UAgciJAs7XemAhf%0D%0A0HRhYoUi%2BpsrQ5CrjWd35xnBQO7r3sSJ2i%2FSz3tQDEdgxEFlXeiLDjARctifYG3x%0D%0AqTDwLHB7Uld9o%2BTU%2FTtt7SIe%2F%2FoCRPsdLSMW4cFbo9KNfmR6ez2W%2BkUEKOBh4cZt%0D%0AemSx8pFy7pCyEj0PrAceIwtX4Nl5DQwtWUpvrgTbRkjIKqbaYzMzO3TArFczzfp2%0D%0AfgdqxJEqVTO75hWkNWmvgceRGYV1jSiWgky4RQi9KS1AfGbqHdAn0SML4o6ViHOq%0D%0A92cuvAPDN2VkfPDXafbOgLbKRaAP%2B0%2B418DYaeR9llEW6oVpHzjLXtK0dcP%2FdQS8%0D%0AoqZfezSHNht9fhPXVzgNnxXTGRV6914zImoRdVZ15rcJmX3D0UR5NWxymA%3D%3D</Encrypted></Payment></PaymentInfo>
	  <ReservedInfo>
	    <MReserved1/>
	    <MReserved2/>
	    <MReserved3/></ReservedInfo>
	  <ManageInfo>
	    <Language/>
	    <URL urlencode="1">http%3A%2F%2Fwww.loosfly.com</URL>
	    <TXVersion>5031B111123securLinux     PHPchkfake   2.6.18-348.16.1.el5PHP:5.2.17 </TXVersion>
	    <TXUserID/>
	    <TXRegNum/>
	    <Ack>1</Ack>
	    <TXRN>MjAxMzEwMTQyMDI2MjcyMTI0OTQ5Ng==
</TXRN></ManageInfo></INIpay>AdI60NoC0ys96GSv/JOQJfUhUxBi8XhUAvxvM4U9ecfA2pyPne2LNopnLhHnZ5h3
nXX0wCOF79PER7e6SwNvlq3pqyFwoUD4IsS4HSrxX50ZHu519GoXzGN90ksCFsp3
9o5gZFt+IPfu92NyQ8SignUAg+mvOWdUwxrx6iHt1mw7
]
INFO	[2013-10-14 20:28:02:685] <15135> DNS LOOKUP OK(211.219.96.180:211.219.96.180:34049) laptime:0
INFO	[2013-10-14 20:28:02:687] <15135> SOCKET CONNECT OK
INFO	[2013-10-14 20:28:02:687] <15135> SEND OK
INFO	[2013-10-14 20:28:03:864] <15135> RECV OK
INFO	[2013-10-14 20:28:03:864] <15135> MSG_FROM_PG:[0292200175D SHA1                   0                  39                  300210GODOloosfl               15000INIphpCARDGODOloosfl20131014202802795316<?xml version="1.0" encoding="UTF-8"?>
<INIpay>
  <GoodsInfo>
    <GoodsCnt>1</GoodsCnt>
    <MOID urlencode="1">1381749892514</MOID>
    <Currency>WON</Currency>
    <Goods no="1">
      <SMID>GODOloosfl</SMID>
      <GoodsName urlencode="1">Shirring+Headband+%28Black%29</GoodsName>
      <GoodsCntS>1</GoodsCntS>
      <GoodsPrice>15000</GoodsPrice>
    </Goods>
  </GoodsInfo>
  <PaymentInfo>
    <Payment>
      <SessionKey>AWM4iAffnwccSBxeKopcE7u0tsT1MZdGQsvS37HdWapNhGQgTj2ySJVm7B+7+oRG
/D4CzXTIo0h4Xu8h68X/yvuUvlDg7DaVoDgZGA/rI+9/AnFlTNPd7YVwoZlZ0akl
iQoSTvznwO24rlOxCFbPzgFM6B3fv/buUvIZxsRBjihruS22u+HWE9s=
</SessionKey>
      <Encrypted>HPXt2l2Ym0oJZPc3WxLknPIx7RN5tp1ns7XYxB4T+5yegwPPjOi31UZzHtPQJef0
4Hdok3n4L2RJdrhcgeO6/j59dMIux8tLBatfz1S/AC0xXQENzn46EY9NuFu4IMNY
OqF6crPGjMDNsFQR4/Nf6vJuwLhS4vL9FVbwxNhSnjdm08A9iymfgUrzoiaLpC5O
H2LqwYtFMI5w95xS3kt5o5SUMa6yWiWE00Sk0Xy0WRtSmXFC5YxAGVzm8nkK8Zbl
PzT3zbgkZwAzwjyFicOPdzyPvl8efK4Fe8sX70KVv/Jik4NhuYZex1t5dAdxiJAQ
DyTbAoI6WEufWP6uHJBtZXbbC8CWQv/vzyfQ+JglQMIbhEtqUh/htGphjGAf0WOg
ktON+mmj8k1DBSHhvK7yDm3cD8Q6Jfhhr0Yfxx1D8jY/7bdJCGuZ/NnZJnv3luoz
9G+MK4z8+eKN/e2AR6zLAQki4NHTn193ChZBh7mCfAF8BnTzOqyok6kU9SsG3aji
ISOhN/dOF+OVI1ujWKS/vjdI5QMfd1PyVC7xAiJFohHuRcEKvNmXdJLRhDgUWEJk
hM4rtyYET9vTkCpjzk9pfnYdp799G8s9G2ZQ0oitGTHUVUPI79FpwP0JTL8RSuNH
TJ34dYTyW2UXwGtH2gngWFKNguJ6L79W85fFpK6kDPk1i3CGKWusEtZ3Q2UkxSEC
FA90JNGGMo970zepkRT4ofgyQYAEJlbWljrLki6wnCjdytN372eg8B2OzcZQ/QEQ
ApfWtKzSF7fr5hwc9H9s7Rv3pzqZT6FlqB1P01SSJCd70SjpNVbWQIhdKQAlUbhs
Mtif+4I4XRPeIwDwyQX6CNN417k48dMJOKlpjc8vgTNRsWOGl9QeWTxr1DY5EVP8
Br2Nb6RCFV9RD/xGTPqS0Tk0uE1vuQy7FT0jC+SnTeooRg03eIV9/LxBrHby2E4n
IYMyGUCsLvCz6/0qX8RRzkoi7jzZqMDLtPBOsXCdxtGfHapygDyKY5nW3ZAwRnes
fg2IyJiysgt18KNL1cnZcohJ+OpE2PKtfHg6yjlS6g9ACEfT23c4NWRN8RC7z0JU
WtQOJrw4xoNsnZfHODHVfot9zByMHDRdGDNQ2u5VnOcifaHY265PB9pk7yuwjwVm
+V5n0mgTz5SdaR8+ufT13uu5Te5YewTGSSeJNvtDZGPDz9gCY3IsHDOcBosXcsXU
l/EBV3UbZdWvGahiWIXDAWfu9GtaV84sws54y4TXA+xJzIPLfzNnncuNTssVyZIV
i3YUXPQfrgMDzUmbfmQfcR3sl9w0ollzmQP4vf4+n51BRgwhKUdbgefrCqT68CtI
AJXPYg53E5H8fDSidD95nulFW3/Pk/4xuwyNwKE5qu5L/KLH4ugZ08cbzd8CWMGP
JqaMgAkjnW35bn80UFnkwwvQutL9gARKGWji4OaL/jHJH7Yyakj4wteiHVj9oOsl
WUi4pwKrQ50YdIr3W1YjcwQ8L0dIAX+682pKV9JqaWw8+HOTO/D9M9/q9/sFzzj/
T9kR5mybAxHOZfyUtKBVEd98QjOYO90O
</Encrypted>
      <PayMethod>Card</PayMethod>
      <ResultCode>120000</ResultCode>
      <ResultMsg urlencode="1">%C1%A4%BB%F3%C3%B3%B8%AE%B5%C7%BE%FA%BD%C0%B4%CF%B4%D9.</ResultMsg>
    </Payment>
  </PaymentInfo>
  <ManageInfo>
    <EventCode></EventCode>
    <OrgCurrency></OrgCurrency>
    <ExchangeRate></ExchangeRate>
    <OrgPrice></OrgPrice>
  </ManageInfo>
  <ReservedInfo>
    <MReserved1 urlencode="1"></MReserved1>
    <MReserved2 urlencode="1"></MReserved2>
    <MReserved3 urlencode="1"></MReserved3>
    <PGReserved1 urlencode="1"></PGReserved1>
    <PGReserved2 urlencode="1"></PGReserved2>
    <PGReserved3 urlencode="1"></PGReserved3>
  </ReservedInfo>
</INIpay>
1fwkwA8NicFAsrP1YOEORiuYSTZf+HHRK92+Iz6OMoaFiH0tiDCbK26i9mzUZtvX
YYsRevhG9bLFcLWwpxaQZuJVn00Twdhg5lK2PF+z0uJv1E/RXaH5cadvXHa6DO0/
X5umF4DzXiWiCbj9w2EF6mrvjrsuMpdavrgUk+H66n4=
]
INFO	[2013-10-14 20:28:03:864] <15135> VERIFY OK
INFO	[2013-10-14 20:28:03:864] <15135> PARSE HEAD OK
INFO	[2013-10-14 20:28:03:867] <15135> PARSE BODY OK
INFO	[2013-10-14 20:28:03:869] <15135> DECRYPT OK
DEBUG	[2013-10-14 20:28:03:869] <15135> DECRYPT MSG:[<?xml version="1.0" encoding="UTF-8"?>
<PaymentInfo>
  <Payment>
    <EASYPAY/>
    <Card>
      <CARD_ApplPrice>15000</CARD_ApplPrice>
      <CARD_Num>451842825515</CARD_Num>
      <CARD_Expire></CARD_Expire>
      <CARD_Code>14</CARD_Code>
      <CARD_BankCode>26</CARD_BankCode>
      <CARD_Quota>00</CARD_Quota>
      <CARD_Interest>0</CARD_Interest>
      <CARD_Point></CARD_Point>
      <CARD_AuthType>99</CARD_AuthType>
      <CARD_RegNum></CARD_RegNum>
      <CARD_ApplDate>20131014</CARD_ApplDate>
      <CARD_ApplTime>202803</CARD_ApplTime>
      <CARD_ApplNum>34638035</CARD_ApplNum>
      <CARD_TerminalNum>019048y000</CARD_TerminalNum>
      <CARD_MemberNum></CARD_MemberNum>
      <CARD_PurchaseCode></CARD_PurchaseCode>
      <CARD_ResultCode>120000</CARD_ResultCode>
      <CARD_ResultMsg urlencode="1">%C1%A4%BB%F3%C3%B3%B8%AE%B5%C7%BE%FA%BD%C0%B4%CF%B4%D9.</CARD_ResultMsg>
      <CARD_PrtcCode>1</CARD_PrtcCode>
      <CARD_Quota_Point>00</CARD_Quota_Point>
      <CARD_CheckFlag>0</CARD_CheckFlag>
      <CARD_PurchaseName urlencode="1"></CARD_PurchaseName>
      <CARD_IssuerName urlencode="1"></CARD_IssuerName>
    </Card>
  </Payment>
</PaymentInfo>]
INFO	[2013-10-14 20:28:03:871] <15135> DECRYPT PARSE OK
INFO	[2013-10-14 20:28:03:871] <15135> WAIT ACK INVOKING
DEBUG	[2013-10-14 20:28:03:871] <15135> MAKE HEAD OK
INFO	[2013-10-14 20:28:03:874] <15135> SUCCESS ACK INVOKING
INFO	[2013-10-14 20:28:03:874] <15135> END securepay 정상처리되었습니다. Laptime:[1.19sec]
INFO	[2013-10-14 20:28:03:874] <15135> ===============================================================
