INFO	[2014-05-12 19:37:57:532] <21840> START INIPHP chkfake (V5031-111123)(OS:Linux2.6.18-371.6.1.el5,PHP:5.2.17)
DEBUG	[2014-05-12 19:37:57:532] <21840> inipayhome:/www/loosfly_godo_co_kr/shop/order/card/inipay
DEBUG	[2014-05-12 19:37:57:532] <21840> type:chkfake
DEBUG	[2014-05-12 19:37:57:532] <21840> debug:true
DEBUG	[2014-05-12 19:37:57:532] <21840> enctype:asym
DEBUG	[2014-05-12 19:37:57:532] <21840> admin:1111
DEBUG	[2014-05-12 19:37:57:532] <21840> checkopt:false
DEBUG	[2014-05-12 19:37:57:532] <21840> mid:GODOloosfl
DEBUG	[2014-05-12 19:37:57:532] <21840> price:103500
DEBUG	[2014-05-12 19:37:57:532] <21840> nointerest:no
DEBUG	[2014-05-12 19:37:57:532] <21840> quotabase:선택:일시불:2개월:3개월:4개월:5개월:6개월:7개월:8개월:9개월:10개월:11개월:12개월
INFO	[2014-05-12 19:37:57:532] <21840> Check Field OK
INFO	[2014-05-12 19:37:57:552] <21840> MERCHANT PRIV KEY LOAD OK
INFO	[2014-05-12 19:37:57:557] <21840> MERCHANT PUB KEY LOAD OK []
INFO	[2014-05-12 19:37:57:560] <21840> CHKFAKE KEY MAKE OK:MjAxNDA1MTIxOTM3NTc1NTg4NTg5Nw==

INFO	[2014-05-12 19:37:57:560] <21840> END chkfake  Laptime:[0.04sec]
INFO	[2014-05-12 19:37:57:560] <21840> ===============================================================
INFO	[2014-05-12 21:02:14:573] <7966> START INIPHP chkfake (V5031-111123)(OS:Linux2.6.18-371.6.1.el5,PHP:5.2.17)
DEBUG	[2014-05-12 21:02:14:579] <7966> inipayhome:/www/loosfly_godo_co_kr/shop/order/card/inipay
DEBUG	[2014-05-12 21:02:14:579] <7966> type:chkfake
DEBUG	[2014-05-12 21:02:14:579] <7966> debug:true
DEBUG	[2014-05-12 21:02:14:579] <7966> enctype:asym
DEBUG	[2014-05-12 21:02:14:579] <7966> admin:1111
DEBUG	[2014-05-12 21:02:14:579] <7966> checkopt:false
DEBUG	[2014-05-12 21:02:14:579] <7966> mid:GODOloosfl
DEBUG	[2014-05-12 21:02:14:579] <7966> price:103500
DEBUG	[2014-05-12 21:02:14:579] <7966> nointerest:no
DEBUG	[2014-05-12 21:02:14:579] <7966> quotabase:선택:일시불:2개월:3개월:4개월:5개월:6개월:7개월:8개월:9개월:10개월:11개월:12개월
INFO	[2014-05-12 21:02:14:579] <7966> Check Field OK
INFO	[2014-05-12 21:02:14:585] <7966> MERCHANT PRIV KEY LOAD OK
INFO	[2014-05-12 21:02:14:589] <7966> MERCHANT PUB KEY LOAD OK []
INFO	[2014-05-12 21:02:14:591] <7966> CHKFAKE KEY MAKE OK:MjAxNDA1MTIyMTAyMTQ1ODk5MTc3OA==

INFO	[2014-05-12 21:02:14:591] <7966> END chkfake  Laptime:[0.02sec]
INFO	[2014-05-12 21:02:14:591] <7966> ===============================================================
INFO	[2014-05-12 21:04:52:879] <7975> START INIPHP securepay (V5031-111123)(OS:Linux2.6.18-371.6.1.el5,PHP:5.2.17)
DEBUG	[2014-05-12 21:04:52:879] <7975> inipayhome:/www/loosfly_godo_co_kr/shop/order/card/inipay
DEBUG	[2014-05-12 21:04:52:879] <7975> type:securepay
DEBUG	[2014-05-12 21:04:52:879] <7975> pgid:INIphpCARD
DEBUG	[2014-05-12 21:04:52:879] <7975> subpgip:203.238.3.10
DEBUG	[2014-05-12 21:04:52:879] <7975> admin:1111
DEBUG	[2014-05-12 21:04:52:879] <7975> debug:true
DEBUG	[2014-05-12 21:04:52:879] <7975> uid:
DEBUG	[2014-05-12 21:04:52:879] <7975> goodname:Highneck Zipup Lace Top (Ash Gray) 외1건
DEBUG	[2014-05-12 21:04:52:879] <7975> currency:WON
DEBUG	[2014-05-12 21:04:52:879] <7975> mid:GODOloosfl
DEBUG	[2014-05-12 21:04:52:879] <7975> rn:MjAxNDA1MTIyMTAyMTQ1ODk5MTc3OA==

DEBUG	[2014-05-12 21:04:52:879] <7975> price:103500
DEBUG	[2014-05-12 21:04:52:879] <7975> enctype:
DEBUG	[2014-05-12 21:04:52:879] <7975> buyername:김정현
DEBUG	[2014-05-12 21:04:52:879] <7975> buyertel:010-9325-8951
DEBUG	[2014-05-12 21:04:52:879] <7975> buyeremail:intree303@naver.com
DEBUG	[2014-05-12 21:04:52:879] <7975> paymethod:Card
DEBUG	[2014-05-12 21:04:52:879] <7975> encrypted:Version=4.1&PayMethod=Card&RsaKeyNum=1&EncryptionAlgorithm=SEED-CBC&SignAlgorithm=RSAwithSHA1&CertVer=39&moid=1399896123335&ver_trace=main(6086,6052)card(6111,6102)n(6008)Cs(6022)Dt(6002)Pa(6002)Cf(6024)Fv(0000)La(6125)Re(6078)Vr(6006)P(6033)en(6036)nP(6006)&pg1=211.219.96.180&pg2=203.238.37.3&pg1ip=211.219.96.180&pg2ip=203.238.37.3&agreeflag=1111&Data=b7NJhqk9EfDAO/KIxRG/LpYB4Yim2S1VSq1Q832qh96PyqUCfskIzWIXRobZXler
/DaKOoaPHqdPOhLjLRvWOAc7ejJ8xVS9NVLcYGqH+tNqOYs5ugR7kQVlYMJJSMi1
T6m/PAwgSCa1Myn39WP3wvhILKlOpTL+V3vx6xYF8LboifN5okbnX+PaZzPPwaCn
HX+3z2WN8ZmwBRy9FnFAA35DNKCS5dU6nlbBAIR26ZIZphn50vyMx6tMD+Q0A2xS
kV9ABcsS4HHIXAJOobWbVyPSwllpPby7UtbNJsrUp3EJyTHWTcn0KLnt3bmkalYm
aZLbw+aL0SCz6opBBW7XWEv7AQ5NtpFbb+Ria93mX9NZCsk11rwgHahyNV1TSgz2
vUv7Ed2u5gi/7PrSy0f4WWfZ57jkBylWBebZ6UzzmVxkA84GuIAvgslbhQO/o69w
gt+jI1EYgXXjCtso4vQhjCCghNCaCa6W2H6eWm/TwIxhpfHtI/F4tdp/+8Iehg8s
0i76MSAqqpKxxMTngtJl8LScBQo4IYK+JcnzniiFMnIoo4NtgQ8aBuTwxE8GLO0O
m+oIqTYBEZNxbwr9nA3TPJ2c63OtuNUHxnTgvBiUIsOv0WsWMtVGSRV8AGKe9kCG
EZS7Et7B1YWaF9UFbODnX/PWFijH18CRXylL3K0CMGP1vOxWb3fgiPB7kwiU3xpu
OjSQ97CcYw==
DEBUG	[2014-05-12 21:04:52:879] <7975> sessionkey:dselVLV8Q7KNyPdg3u144gYw0s+4C0ylDLKdlE+8m91v3mrZqRY1/6DLLlwGH3DV
avnWSjiDSV0xrZXHNQhrtTP3sZfCcxxW88zb9qHXZU9feDFD27aPtHLNWPRAoxQh
U+AXnhLAzja3Ta/wlN24+EszRY9VbeWS5eEl1Aj38Wc=
DEBUG	[2014-05-12 21:04:52:879] <7975> url:http://www.loosfly.com
DEBUG	[2014-05-12 21:04:52:879] <7975> cardcode:12
DEBUG	[2014-05-12 21:04:52:879] <7975> parentemail:intree303@naver.com
DEBUG	[2014-05-12 21:04:52:879] <7975> recvname:김정현
DEBUG	[2014-05-12 21:04:52:879] <7975> recvtel:010-9325-8951
DEBUG	[2014-05-12 21:04:52:879] <7975> recvaddr:서울특별시 강남구 삼성동 120-2 삼성동대훈빌딩 302호 (주)쿠키이씨엔
DEBUG	[2014-05-12 21:04:52:879] <7975> recvpostnum:135-509
DEBUG	[2014-05-12 21:04:52:879] <7975> recvmsg:
DEBUG	[2014-05-12 21:04:52:879] <7975> joincard:
DEBUG	[2014-05-12 21:04:52:879] <7975> joinexpire:
DEBUG	[2014-05-12 21:04:52:879] <7975> id_customer:
INFO	[2014-05-12 21:04:52:884] <7975> Check Field OK
INFO	[2014-05-12 21:04:52:884] <7975> Make TID OK INIphpCARDGODOloosfl20140512210452842201
INFO	[2014-05-12 21:04:52:884] <7975> PI PUB KEY LOAD OK [39]
INFO	[2014-05-12 21:04:52:891] <7975> PG PUB KEY LOAD OK [30]
INFO	[2014-05-12 21:04:52:891] <7975> MERCHANT PRIV KEY LOAD OK
INFO	[2014-05-12 21:04:52:892] <7975> MERCHANT PUB KEY LOAD OK [0]
INFO	[2014-05-12 21:04:52:893] <7975> MAKE BODY OK
INFO	[2014-05-12 21:04:52:894] <7975> SIGN OK
INFO	[2014-05-12 21:04:52:894] <7975> MAKE HEAD OK
INFO	[2014-05-12 21:04:52:895] <7975> MSG_TO_PG:[0312300175R SHA1                   0                  39                  300200GODOloosfl              103500INIphpCARDGODOloosfl20140512210452842201<?xml version="1.0" encoding="UTF-8"?>
<INIpay>
	  <GoodsInfo>
	    <GoodsCnt>1</GoodsCnt>
	    <MOID/>
	    <Currency>WON</Currency>
	    <Tax/>
	    <TaxFree/>
	    <Goods>
	      <SMID>GODOloosfl</SMID>
	      <GoodsName urlencode="1">Highneck+Zipup+Lace+Top+%28Ash+Gray%29+%BF%DC1%B0%C7</GoodsName>
	      <GoodsPrice>103500</GoodsPrice></Goods></GoodsInfo>
	  <BuyerInfo>
	    <BuyerName urlencode="1">%B1%E8%C1%A4%C7%F6</BuyerName>
	    <BuyerTel>010-9325-8951</BuyerTel>
	    <BuyerEmail urlencode="1">intree303%40naver.com</BuyerEmail>
	    <ParentEmail urlencode="1">intree303%40naver.com</ParentEmail>
	    <RecvName urlencode="1">%B1%E8%C1%A4%C7%F6</RecvName>
	    <RecvTel urlencode="1">010-9325-8951</RecvTel>
	    <RecvMsg/>
	    <RecvAddr urlencode="1">%BC%AD%BF%EF%C6%AF%BA%B0%BD%C3+%B0%AD%B3%B2%B1%B8+%BB%EF%BC%BA%B5%BF+120-2+%BB%EF%BC%BA%B5%BF%B4%EB%C8%C6%BA%F4%B5%F9+302%C8%A3+%28%C1%D6%29%C4%ED%C5%B0%C0%CC%BE%BE%BF%A3</RecvAddr>
	    <RecvPostNum urlencode="1">135-509</RecvPostNum></BuyerInfo>
	  <PaymentInfo>
	    <Payment>
	      <PayMethod>Card</PayMethod>
	      <JoinCard/>
	      <JoinExpire/>
	      <MailOrder/>
	      <SessionKey>dselVLV8Q7KNyPdg3u144gYw0s+4C0ylDLKdlE+8m91v3mrZqRY1/6DLLlwGH3DV
avnWSjiDSV0xrZXHNQhrtTP3sZfCcxxW88zb9qHXZU9feDFD27aPtHLNWPRAoxQh
U+AXnhLAzja3Ta/wlN24+EszRY9VbeWS5eEl1Aj38Wc=</SessionKey>
	      <Encrypted urlencode="1">Version%3D4.1%26PayMethod%3DCard%26RsaKeyNum%3D1%26EncryptionAlgorithm%3DSEED-CBC%26SignAlgorithm%3DRSAwithSHA1%26CertVer%3D39%26moid%3D1399896123335%26ver_trace%3Dmain%286086%2C6052%29card%286111%2C6102%29n%286008%29Cs%286022%29Dt%286002%29Pa%286002%29Cf%286024%29Fv%280000%29La%286125%29Re%286078%29Vr%286006%29P%286033%29en%286036%29nP%286006%29%26pg1%3D211.219.96.180%26pg2%3D203.238.37.3%26pg1ip%3D211.219.96.180%26pg2ip%3D203.238.37.3%26agreeflag%3D1111%26Data%3Db7NJhqk9EfDAO%2FKIxRG%2FLpYB4Yim2S1VSq1Q832qh96PyqUCfskIzWIXRobZXler%0D%0A%2FDaKOoaPHqdPOhLjLRvWOAc7ejJ8xVS9NVLcYGqH%2BtNqOYs5ugR7kQVlYMJJSMi1%0D%0AT6m%2FPAwgSCa1Myn39WP3wvhILKlOpTL%2BV3vx6xYF8LboifN5okbnX%2BPaZzPPwaCn%0D%0AHX%2B3z2WN8ZmwBRy9FnFAA35DNKCS5dU6nlbBAIR26ZIZphn50vyMx6tMD%2BQ0A2xS%0D%0AkV9ABcsS4HHIXAJOobWbVyPSwllpPby7UtbNJsrUp3EJyTHWTcn0KLnt3bmkalYm%0D%0AaZLbw%2BaL0SCz6opBBW7XWEv7AQ5NtpFbb%2BRia93mX9NZCsk11rwgHahyNV1TSgz2%0D%0AvUv7Ed2u5gi%2F7PrSy0f4WWfZ57jkBylWBebZ6UzzmVxkA84GuIAvgslbhQO%2Fo69w%0D%0Agt%2BjI1EYgXXjCtso4vQhjCCghNCaCa6W2H6eWm%2FTwIxhpfHtI%2FF4tdp%2F%2B8Iehg8s%0D%0A0i76MSAqqpKxxMTngtJl8LScBQo4IYK%2BJcnzniiFMnIoo4NtgQ8aBuTwxE8GLO0O%0D%0Am%2BoIqTYBEZNxbwr9nA3TPJ2c63OtuNUHxnTgvBiUIsOv0WsWMtVGSRV8AGKe9kCG%0D%0AEZS7Et7B1YWaF9UFbODnX%2FPWFijH18CRXylL3K0CMGP1vOxWb3fgiPB7kwiU3xpu%0D%0AOjSQ97CcYw%3D%3D</Encrypted></Payment></PaymentInfo>
	  <ReservedInfo>
	    <MReserved1/>
	    <MReserved2/>
	    <MReserved3/></ReservedInfo>
	  <ManageInfo>
	    <Language/>
	    <URL urlencode="1">http%3A%2F%2Fwww.loosfly.com</URL>
	    <TXVersion>5031B111123securLinux     PHPchkfake   2.6.18-371.6.1.el5PHP:5.2.17  </TXVersion>
	    <TXUserID/>
	    <TXRegNum/>
	    <Ack>1</Ack>
	    <TXRN>MjAxNDA1MTIyMTAyMTQ1ODk5MTc3OA==
</TXRN></ManageInfo></INIpay>APs28FlCHg0zFiZEXHfQ0THTsDn4YQQ4xpddkSbUmUj8pWLoI4AWcvwgCOUq8kBH
2Hns2ZE1ZfHMK+p+bpePTnUB53qtcIWEi3uOIMVpXq6Hn0uxT68uXQq2p6XHD0Zs
Rk1779kn33qYQlkfMHyg5Ebwf8UmfvIbcVIvNuFsVuNB
]
INFO	[2014-05-12 21:04:52:895] <7975> DNS LOOKUP OK(211.219.96.180:211.219.96.180:34049) laptime:0
INFO	[2014-05-12 21:04:52:897] <7975> SOCKET CONNECT OK
INFO	[2014-05-12 21:04:52:897] <7975> SEND OK
INFO	[2014-05-12 21:04:53:920] <7975> RECV OK
INFO	[2014-05-12 21:04:53:920] <7975> MSG_FROM_PG:[0301200175D SHA1                   0                  39                  300210GODOloosfl              103500INIphpCARDGODOloosfl20140512210452842201<?xml version="1.0" encoding="UTF-8"?>
<INIpay>
  <GoodsInfo>
    <GoodsCnt>1</GoodsCnt>
    <MOID urlencode="1">1399896123335</MOID>
    <Currency>WON</Currency>
    <Goods no="1">
      <SMID>GODOloosfl</SMID>
      <GoodsName urlencode="1">Highneck+Zipup+Lace+Top+%28Ash+Gray%29+%BF%DC1%B0%C7</GoodsName>
      <GoodsCntS>1</GoodsCntS>
      <GoodsPrice>103500</GoodsPrice>
    </Goods>
  </GoodsInfo>
  <PaymentInfo>
    <Payment>
      <SessionKey>AGOjDOaSnBlriu0z9E6oY+zxF5pXdhMGo3QCzenTGLNV/AAKih5ePAPhfnksI6kr
oy2rHFRBVgxbPsfw/VcYCLqKcT6gXRsOGgFhPbjlng+ikQgaNk3j4AiFE4rHfnho
TsfGo+IUF6DtHY/eoUuoAVVgm6fMYfj0nRR9iRmMqiE1EhiPlxAtHQ0=
</SessionKey>
      <Encrypted>cDTFjW5wVvDwL1/7yhAUr48t77fm+LLyyaAqy9OD4m3/PbHumgNrFms0EKEtt9Ed
mF8804dqzHyYGoHujj3yCr4TpCidLCCRdMPftei2/zwrmeoEZUUZ/uz1Ilb7orJv
eHuQf2UPBHC8iSRLHjK9fpSjckcd7KWzC9H6GjESGqZ2rQwf+B/UMrWEKWG8hcC8
jQkyaqQvNRwkEQBOx7FKzOII44v6//pxgYUJqzOo0kiqMAk1yGKDnjJwxXZ9DK+u
fPmJIgLbnV+tYWzA9HdZm/2DjZM5w//HCnUIYaFURaw4W4UVwNq2cf3OG2Jn44Ec
EdykBUNS29W3rVJumovcF9FnztitYUfhJH0gNv3lDUQOV9DqSq+AyRdO4mNNbSoN
o1nvCsiT+1u9QlV84b16sNHoNfrC/IzR8R4zQxVKafjaeeMl9Afj7y8psXK+lelm
qsniZeWYaQNKPD7jC0kLC63vHwjJVWondrsEdimZc0wUJu3JqcqZdTOZH3x0MPia
B09oAVNxYj2iexk/JQh/beO6Wih0XdXegjHe7NAeOh/0B3e41FrNdSlq9YCFnu/i
1PexDaopNTH4BHrD8UrQ2rKCWenHlpy8vpYRmteb3PDa6BBOEbtLZiQa+8Wxo+CJ
ZDZEJX+Pz2EeY/BNRuxsKyfZfxUQHNuw4DRc8C1Ysr5BOZtgz6bAVVfV8lQJLcNC
Ax7UkvFXnjK51le6ZRzAdWvFvDVjfImHRipvoja+GHoermB1KOLeLsmESZOeQUcL
D90prEHPLiJ5oiDo5bHA3UqN/jXMCunTwcTXmn+J1EqayplCnp6O3BAN6gcGfXBb
o7fuRtMMyK9uUvKzpgwNmuY9rNuqt2ra2OrmqHDqDuH9MJ1KNBV03Q/bjAJWtsgo
pGCg6V1tBmwDoIDl3RUleu5UU1XBCFeO5tPZZs0/dwGD4QGZ5Uy+t350XydpWU1U
aCbGPvxqD8Ajr5UhOg3aHJJXZfL8WCOJs51TOru9Q6CK/UQ8qjo2Wt6B+hdKjlO8
u8XqLXiBYMtn4No04wjzURJvrfnbF0RU20DSyGOFJj3TwDzPkxKpARv9O/quW4Xt
6W3PeswN4Kn7xxb5yJByHHWDItYs3L3c77Ft9xCQNQOKgwa8qyB4q5J1gGOX4Ioo
T8ifMGCDgraaACodWG6AVYVZsb/uhNZCQZ5i+H+GC+gtZifLRGXWpI4F3uW1/4PB
DleM8iBper3Pzy8IbH0J67FMhA8WmfdkyQKvEst+HP1ye+wxM3g09Y1gIv8Kx6Ib
JeWSiYT4pban5hVK8OI52+nirQ0y0NtyT9ml2X5yETxLTjUyZUMsP/mpNiLa8YMe
eSwaNeD0nQWsFoyn/TDqIgg/XGL9MoaNxcehwn5MKctlAmsH90e66v7k/ETzxUG2
4eG8Nbqmk+ZqZYwK763/zPjdb0tflJcHgOIvK5KO+LvgNPaI9yuz6knbNPBeaahf
8ga9UPjpa2rQt0BY6CXPR+rrP1Ra/4pH6XBLSu4+/3yZeImH0Wgn8/zEaOQphdJk
gLoJ8KS4+LOPyX9a3SilolmUPBbUwqjFOBacfgvVB3QPRd406X8tQQo0r89O5m1p
980EXpkoi0MsBmQ2R1DrtaFB1cInWA+b
</Encrypted>
      <PayMethod>Card</PayMethod>
      <ResultCode>120000</ResultCode>
      <ResultMsg urlencode="1">%C1%A4%BB%F3%C3%B3%B8%AE%B5%C7%BE%FA%BD%C0%B4%CF%B4%D9.</ResultMsg>
    </Payment>
  </PaymentInfo>
  <ManageInfo>
    <EventCode>1</EventCode>
    <OrgCurrency></OrgCurrency>
    <ExchangeRate></ExchangeRate>
    <OrgPrice></OrgPrice>
  </ManageInfo>
  <ReservedInfo>
    <MReserved1 urlencode="1"></MReserved1>
    <MReserved2 urlencode="1"></MReserved2>
    <MReserved3 urlencode="1"></MReserved3>
    <PGReserved1 urlencode="1"></PGReserved1>
    <PGReserved2 urlencode="1"></PGReserved2>
    <PGReserved3 urlencode="1"></PGReserved3>
  </ReservedInfo>
</INIpay>
DjITAh85ty3V4081KurIUZMU+RUIPBgDmHJVLes3QuPJNPPpXuwifLHqQxJ5/cJd
F1pietW+rKXOK1wV1QMAUBXFJJ2IrVZMy1c3V/qfzRlgaqSG22sV2tMIjXaOYlOR
3+PVbXpbnA/uRQ3pUeJzFKPW4bsucQVA9PFjzNveIzg=
]
INFO	[2014-05-12 21:04:53:920] <7975> VERIFY OK
INFO	[2014-05-12 21:04:53:920] <7975> PARSE HEAD OK
INFO	[2014-05-12 21:04:53:922] <7975> PARSE BODY OK
INFO	[2014-05-12 21:04:53:925] <7975> DECRYPT OK
DEBUG	[2014-05-12 21:04:53:925] <7975> DECRYPT MSG:[<?xml version="1.0" encoding="UTF-8"?>
<PaymentInfo>
  <Payment>
    <EASYPAY/>
    <Card>
      <CARD_ApplPrice>103500</CARD_ApplPrice>
      <CARD_Num>552014210278</CARD_Num>
      <CARD_Expire></CARD_Expire>
      <CARD_Code>12</CARD_Code>
      <CARD_BankCode>00</CARD_BankCode>
      <CARD_Quota>03</CARD_Quota>
      <CARD_Interest>0</CARD_Interest>
      <CARD_Point></CARD_Point>
      <CARD_AuthType>99</CARD_AuthType>
      <CARD_RegNum></CARD_RegNum>
      <CARD_ApplDate>20140512</CARD_ApplDate>
      <CARD_ApplTime>210454</CARD_ApplTime>
      <CARD_ApplNum>18668409</CARD_ApplNum>
      <CARD_TerminalNum>019048y000</CARD_TerminalNum>
      <CARD_MemberNum></CARD_MemberNum>
      <CARD_PurchaseCode></CARD_PurchaseCode>
      <CARD_ResultCode>120000</CARD_ResultCode>
      <CARD_ResultMsg urlencode="1">%C1%A4%BB%F3%C3%B3%B8%AE%B5%C7%BE%FA%BD%C0%B4%CF%B4%D9.</CARD_ResultMsg>
      <CARD_PrtcCode>1</CARD_PrtcCode>
      <CARD_Quota_Point>03</CARD_Quota_Point>
      <CARD_CheckFlag>0</CARD_CheckFlag>
      <CARD_PurchaseName urlencode="1"></CARD_PurchaseName>
      <CARD_IssuerName urlencode="1"></CARD_IssuerName>
      <CARD_JoinUsePoint></CARD_JoinUsePoint>
    </Card>
  </Payment>
</PaymentInfo>]
INFO	[2014-05-12 21:04:53:927] <7975> DECRYPT PARSE OK
INFO	[2014-05-12 21:04:53:927] <7975> WAIT ACK INVOKING
DEBUG	[2014-05-12 21:04:53:927] <7975> MAKE HEAD OK
INFO	[2014-05-12 21:04:53:963] <7975> SUCCESS ACK INVOKING
INFO	[2014-05-12 21:04:53:964] <7975> END securepay 정상처리되었습니다. Laptime:[1.08sec]
INFO	[2014-05-12 21:04:53:964] <7975> ===============================================================
