INFO	[2013-08-20 23:50:47:379] <31388> START INIPHP chkfake (V5031-111123)(OS:Linux2.6.18-348.12.1.el5,PHP:5.2.17)
DEBUG	[2013-08-20 23:50:47:379] <31388> inipayhome:/www/loosfly_godo_co_kr/shop/order/card/inipay
DEBUG	[2013-08-20 23:50:47:379] <31388> type:chkfake
DEBUG	[2013-08-20 23:50:47:379] <31388> debug:true
DEBUG	[2013-08-20 23:50:47:379] <31388> enctype:asym
DEBUG	[2013-08-20 23:50:47:379] <31388> admin:1111
DEBUG	[2013-08-20 23:50:47:379] <31388> checkopt:false
DEBUG	[2013-08-20 23:50:47:379] <31388> mid:GODOloosfl
DEBUG	[2013-08-20 23:50:47:379] <31388> price:158000
DEBUG	[2013-08-20 23:50:47:379] <31388> nointerest:no
DEBUG	[2013-08-20 23:50:47:379] <31388> quotabase:선택:일시불:2개월:3개월:4개월:5개월:6개월:7개월:8개월:9개월:10개월:11개월:12개월
INFO	[2013-08-20 23:50:47:380] <31388> Check Field OK
INFO	[2013-08-20 23:50:47:389] <31388> MERCHANT PRIV KEY LOAD OK
INFO	[2013-08-20 23:50:47:393] <31388> MERCHANT PUB KEY LOAD OK []
INFO	[2013-08-20 23:50:47:395] <31388> CHKFAKE KEY MAKE OK:MjAxMzA4MjAyMzUwNDczOTQ5MDIwNQ==

INFO	[2013-08-20 23:50:47:395] <31388> END chkfake  Laptime:[0.02sec]
INFO	[2013-08-20 23:50:47:395] <31388> ===============================================================
INFO	[2013-08-20 23:51:07:976] <7738> START INIPHP chkfake (V5031-111123)(OS:Linux2.6.18-348.12.1.el5,PHP:5.2.17)
DEBUG	[2013-08-20 23:51:07:976] <7738> inipayhome:/www/loosfly_godo_co_kr/shop/order/card/inipay
DEBUG	[2013-08-20 23:51:07:976] <7738> type:chkfake
DEBUG	[2013-08-20 23:51:07:976] <7738> debug:true
DEBUG	[2013-08-20 23:51:07:976] <7738> enctype:asym
DEBUG	[2013-08-20 23:51:07:976] <7738> admin:1111
DEBUG	[2013-08-20 23:51:07:976] <7738> checkopt:false
DEBUG	[2013-08-20 23:51:07:976] <7738> mid:GODOloosfl
DEBUG	[2013-08-20 23:51:07:976] <7738> price:158000
DEBUG	[2013-08-20 23:51:07:976] <7738> nointerest:no
DEBUG	[2013-08-20 23:51:07:976] <7738> quotabase:선택:일시불:2개월:3개월:4개월:5개월:6개월:7개월:8개월:9개월:10개월:11개월:12개월
INFO	[2013-08-20 23:51:07:976] <7738> Check Field OK
INFO	[2013-08-20 23:51:07:977] <7738> MERCHANT PRIV KEY LOAD OK
INFO	[2013-08-20 23:51:07:977] <7738> MERCHANT PUB KEY LOAD OK []
INFO	[2013-08-20 23:51:07:978] <7738> CHKFAKE KEY MAKE OK:MjAxMzA4MjAyMzUxMDc5Nzc5NzE1Mw==

INFO	[2013-08-20 23:51:07:978] <7738> END chkfake  Laptime:[0sec]
INFO	[2013-08-20 23:51:07:978] <7738> ===============================================================
