INFO	[2014-05-11 16:00:37:201] <7971> START INIPHP chkfake (V5031-111123)(OS:Linux2.6.18-371.6.1.el5,PHP:5.2.17)
DEBUG	[2014-05-11 16:00:37:201] <7971> inipayhome:/www/loosfly_godo_co_kr/shop/order/card/inipay
DEBUG	[2014-05-11 16:00:37:201] <7971> type:chkfake
DEBUG	[2014-05-11 16:00:37:201] <7971> debug:true
DEBUG	[2014-05-11 16:00:37:201] <7971> enctype:asym
DEBUG	[2014-05-11 16:00:37:201] <7971> admin:1111
DEBUG	[2014-05-11 16:00:37:201] <7971> checkopt:false
DEBUG	[2014-05-11 16:00:37:201] <7971> mid:GODOloosfl
DEBUG	[2014-05-11 16:00:37:201] <7971> price:89000
DEBUG	[2014-05-11 16:00:37:201] <7971> nointerest:no
DEBUG	[2014-05-11 16:00:37:201] <7971> quotabase:선택:일시불:2개월:3개월:4개월:5개월:6개월:7개월:8개월:9개월:10개월:11개월:12개월
INFO	[2014-05-11 16:00:37:201] <7971> Check Field OK
INFO	[2014-05-11 16:00:37:213] <7971> MERCHANT PRIV KEY LOAD OK
INFO	[2014-05-11 16:00:37:218] <7971> MERCHANT PUB KEY LOAD OK []
INFO	[2014-05-11 16:00:37:219] <7971> CHKFAKE KEY MAKE OK:MjAxNDA1MTExNjAwMzcyMTg2NDgyOA==

INFO	[2014-05-11 16:00:37:219] <7971> END chkfake  Laptime:[0.03sec]
INFO	[2014-05-11 16:00:37:219] <7971> ===============================================================
INFO	[2014-05-11 16:03:57:96] <14741> START INIPHP securepay (V5031-111123)(OS:Linux2.6.18-371.6.1.el5,PHP:5.2.17)
DEBUG	[2014-05-11 16:03:57:96] <14741> inipayhome:/www/loosfly_godo_co_kr/shop/order/card/inipay
DEBUG	[2014-05-11 16:03:57:96] <14741> type:securepay
DEBUG	[2014-05-11 16:03:57:96] <14741> pgid:INIphpDBNK
DEBUG	[2014-05-11 16:03:57:96] <14741> subpgip:203.238.3.10
DEBUG	[2014-05-11 16:03:57:96] <14741> admin:1111
DEBUG	[2014-05-11 16:03:57:96] <14741> debug:true
DEBUG	[2014-05-11 16:03:57:96] <14741> uid:
DEBUG	[2014-05-11 16:03:57:96] <14741> goodname:Teruel Leotard (Black)
DEBUG	[2014-05-11 16:03:57:96] <14741> currency:WON
DEBUG	[2014-05-11 16:03:57:96] <14741> mid:GODOloosfl
DEBUG	[2014-05-11 16:03:57:96] <14741> rn:MjAxNDA1MTExNjAwMzcyMTg2NDgyOA==

DEBUG	[2014-05-11 16:03:57:96] <14741> price:89000
DEBUG	[2014-05-11 16:03:57:96] <14741> enctype:
DEBUG	[2014-05-11 16:03:57:96] <14741> buyername:김다경
DEBUG	[2014-05-11 16:03:57:96] <14741> buyertel:010-7748-3887
DEBUG	[2014-05-11 16:03:57:96] <14741> buyeremail:cjstk_78@naver.com
DEBUG	[2014-05-11 16:03:57:96] <14741> paymethod:DirectBank
DEBUG	[2014-05-11 16:03:57:96] <14741> encrypted:Version=4.1&PayMethod=DirectBank&RsaKeyNum=1&EncryptionAlgorithm=SEED-CBC&SignAlgorithm=RSAwithSHA1&CertVer=39&moid=1399791606534&ver_trace=main(6086,6052)dbank(6063,6052)n(6008)Cs(6022)Dt(6002)Pa(6002)Cf(6024)Fv(0000)La(6125)Re(6078)Vr(6006)P(6033)en(6036)nP(6006)&pg1=211.219.96.180&pg2=203.238.37.3&pg1ip=211.219.96.180&pg2ip=203.238.37.3&agreeflag=1111&Data=2ehpYElp7oV82UT135eIn1N4dn81UtFa+S74EiTIM8t+Ui+c2HSjGe/dte/4A78C
hvypYT2BoKz0jtrKQZTcrlD9rss++dklz0vf3z34ees1nvcw5R6xFSCsZ+lCIF/D
jzCR4oqoSPcwR2aev30k6xMaWEkqCsaVhNfXh3iGSKJIZzcSyVQQSTh8UdyFKjtb
pciE3hzxtFlaJskUQCqlwKjzTpibnHULeOWoUi1yZI8FBBcDnHBD06lxEOFBHeYA
jkhtlCsbQ/+8vWiv/O2HdTypzew85jZnpDcSjDRGxMzXKglzSwLx8NAfEDgKu+Jt
ydYXOka2VAj13j7QsHKFYZrfpw6CEr56leES2IWXY5uapksabdCNfkrNlmJPMFxh
FeXVHxfoiOxV7NkuxsJ2ciu5dvx5lPUem2JOagdjVhoSdonlRUCZIyOeeuGzQWym
YThRG4MiOIcQLCJ+HJA9aM7SAKxdBgg+uAJzj0a8V0y6LCMVWe/ZWE4OHoMGTT5k
Mb+mkvdhFyrFbZTPAm8IMp2f++x6Ej8jvzIwGH9n9nKzq2YoZPUyIK6NXquANVa9
lKeK/p80IvHImYh+1k5vMbMRqb7NHfY8nQxNy9Fj1Z/bR4SesSz7tI1dVMCbuCeK
hi5yn11RLgxZjH9O6qiOG16CXbz0+L9oTC+jH2lCDRzjCXFVytW/F3j41e7SVblx
Ergh6caGXW6DWalgV7Dw/2d5plC2WQyg9OefDC8OjdsDWiRkx2LpYYaE1CqEXXWw
2XCjgT5Yc6qdEFt1sehQ+TzsqgdbecgwX53XwcvdFDrlBhteIkXa/r84ZtIcDih9
fbxLeQkY/mQEsWf7JRmadd/L+wmWO5Y+J7lt3RTAgAMn83P9O6MZo3nmPBwCvZjV
+rc1xSKb1gR7unx8nhIPEq8WHt/ON9U7okOWPEVNQOUaNApHWB4ubFvprKV8i8z0
rECEZdMhrS4I4XNMwp+V0Q62SWa2+IWWQ+6HgA9ILaMcqSvUy+TXucO0qZlWayUT
F7umBL3SpEjctlZvVhTIx0WW0sJ56sBBdCQURG2fQz0AOhW1ndELoWXoKC2ZsLr+
95f5IO6fMonp9Bm1kDJ2Q3Iiq1Kq0BWCNQlpbj7ovGjdMd7NQtirUi+pvwxTYJOF
ipTbpY2ct+AVZ3DAFZRNoY0qY6eMdPi5/QwtMb3vlzpdllyPCj/CrXvnkmugcElR
gLWmCF4uLcTUaIMi8zEDjz5kNy2tO/Yy0qzaiFsLKX8XhlOEB9IS/dMSfPkYtU7D
91/L2xq+yVoP71bGbbhdALvPdaq7xDIBp/1Q/1pJ0gvhN+abw0QEL/kuXq+B5qCG
FmRC/cv2jgj/I4iwaJwm6jcCFmhk+i3Hnss/Z8+5iaiXaJry51ULvfQ1RebEQBEW
f0Q5IFyrCHGBZiiWyr5qJYVvKa2QH9Ca1OFlDeN1E68IKOC5llG+BPUru4qkYmsd
2jz2RzmHA16tHF3DJSW28H2QXmVEau4+AcNtxBwFeK0IkjLFe154ovxJ3I7DNyVY
nuhp98sTJignbghm7XeuWlqrvgIAWFp/SViCXdNWaCdQezZzpnXeowHNQWfPE28m
lJjA1NnUIKiUWIGnuj+9eo8dkRy8ykOXvpds8wrVSX6A0jsAnnuD8CepifkoYOmT
GfiMcYQkoO8liRzNKQyfSCq/gztD2YE0ZSLnhnjYyDQIFuk1L7H8AETV4esqATRl
Y7nKZeVmHXZekxgGaUr6RCwwbCAGdf9jh74q6RhAC8x6rgwlTLRLRGXkDdTA9LEF
XlySZpMfHj3I137tZa74vrUo0Or844mj8rDo7zJCUApPmSN+40T2q8c5cxAKc5Qh
nc89B6Xk6jFnjG1JlCRSeB6myZalOg+SUsUHUIsDIL5fRZM2mA3sJ6Zxb5yP6iJq
auAVEsHHwiJSojQg5izlX9AaNdmiQSTk05mbc3EWjez+Nw/r60AJSIl3B6g+ZlOm
DwvF19xNS+8Lzs5LYUKDp1gqNEdHfylNlox/e7NRrZTRNNznORkWYTdmcxGB08Ms
aqaPUPPJerVyqw+pJEOmI0dCuUtC+G48afSWP3B2L9VERIgbRCQRXoS1MiwmZ1WZ
E642m8nLOEpC22ZXP4218PRrkpEmiYh/7wKgXhs2izH3XR92j7E1M6zJ2I2P1NEX
mbMyOkfeDOk+2HXxnahhGLKwj1bwxGGJ0LFsMtf05b9neFfXYoumC0C5iI2dQECx
B3j5r7DC3iLGcGBoYQbvw2q0DumTNramX9e0kdlaSdwEwLnFlAk8ovyrVehDvq4Y
do2S96tOIk49lykFMK7le2VpUh6HbUlUZJSTT7cdb6cZ/LnFEg82Q6sl9/9LJgkE
Q1mInHPbqBVIIIZiZi5dsV2QuKIQAO6hy6eh12/ILWTGP+8+2BxpaovE1zUVPvPA
ZDgHjFlcxMTYNXd2nPwycY8CAfJtxE5mlQfLESFFC7uiK2jcpekQfeGZWfOtIRiG
cpqWIneW1uSaL5fsebm6/tqZEo91VDoCr/Ia9XGR2/CVP36quoe3XWxw8gVhcJvI
gkfHuQDnuLKxlYY3Ra31s7p2+oCUbDbKkN8f3TLKWLr9G133JcRasrCyyt6wiYCK
JsVzsj092f9m+qF6DTDkRGnfKkT3dFYWM5/FketDJ1UYxhGpQ62IcSBALMCZyRvn
OvPSuQfVNs01VdVKImOagZi61xspqzOtmQiQTJpuZwumm+XPjAgd3YLwmjAZmywT
k+cQN97F9/66oTI+NzgCg8rjFfytwZQJG/VkIXZttEi6GuV5+2plAthxNVmK3oHo
Mo1/QS46aTZFPmNtsWcGjtGxWeoDY7BIKJQvxsAeDXL/VJYIRdyZq7BSdIBPtJ/G
MfSA99y25FmHpRMqgMl17ykWcTLzCfXzdX1JWm0d56YfOghyl2JBERL7TGWFGKM1
uL4FJdWvL6gZQkLjvbQ4yAlq6rwAM3G36q+pS2nWYWYrkV4vjLLrPdrnMSOIbN9u
5IU7Nql6Wq0CgG9cOfP3O00uuwG3BXAeyDzPhh5NhtCG54AjROGARy6T7cTpkHP8
XocYsrNo72iu7Qf2+EW4T+phZu9IaHXp7mD9A+W57rA+cXAWh8MnSBclEAkzpAx/
pvvq1b5TmHcxdfv8aXn0M68jAnjJSeSSNxjye2qg6DpB4NeyPWrQ8MdruKPNLoDE
3/YMoZw+e9O86WBJblT7e4NPmxROihatKXGUlTZYkHIDyeYUn3yVYm3Ic16BaC49
8+we9vMXAOnK3TSUGANLujF38341vr0YeefgK7gzEj29cQDU/u1BrSz+m8ZHObQK
WRA2Mhw8hKnxOggCb6FsDBeiwRYoHHHrEkBOtKbamFRMcYxXvZS6GXJhpdGJZIaB
72tP9eQ22mYTICXxnuoNptp823d6Pu+c1F3bT7ZfsZote9Gow6XPm1eCK/AZNr7e
oojfav6fAVTT3ivbksaU/zgaFly2LlRpcXbBP6kht4zt2Ek9mdHjdLXR4APLTCDx
Vc7JKFC/1SdPimwgOHweCrxAi4ZXluPUv4XYqY73CRirVtVqGzLsVz/AXZdCtgeN
JZ8FVnuB4SDSkUMJIhe7Qmyx+yluPwGKzIKZ7FPLegsZyTSzyy7zXeXEuchyLgiG
crglbTpkRsfIVi2susbKKUvdZVlDzb8TmPsktJu9ZSTSVEFN29L0hdRkyxhTj0/7
rg+D4MX6J235euoK1zK7HdBDD2xFbWdQ0NJvVDXS43Ms02TEWtG/t49UHqMvhIts
6TTTPwR0SpXsBa0bAdhhO4mHD8zEdRyOBk7/SPJOr3O8XzJGnKXw65UAoYFbVaAQ
TFjMv1ublTjrgxoOB61Tmn8Q/JjFXhvf8MmNJdymS7Mdcj47qBZJLL7FBz1XPScO
SloXiExVIdkBhBrYHxk9WRZ11KYAZpvxWm/GtDmQSdzCaBAa47CVd7IKKb91T0PS
UoQIk35cnpJ/F1NinSfvMMbE1M1V0bVglnj1FrgA3GziUQdfzwzM3RJwTY10l/cs
/XUEFUp2hdY4gZyOoio7n9s07j4Sqwx2DyHgNFp0+iwsr40E3byeNa4KskRxmhwG
KJttjTkLz6emG+Hv2wJ66ox2qJGlIzX1iEgKuK92Kngihod2uI2Ypcn+TAeM8OQf
3rnWI4EhGDXsZJ3o6Own2wGkX4+PWi+WqOnHiJTipQeXi4RG5esXKhas93RqychB
Jm+d0yXnT3krQSITu7jOly3cl9rThWmS6BSN7mVOxwYcnU+RquG9XcW71VDdYg+O
Mk68Iaa7VpcdFSmTABsulgETPgI0G4s25W53olDvift4h1uQ4GikzNHUV2KQL91h
tTnNDZVqzmBwejpXNYerM14DKTHau5NU5inuiy2fVw3gQM33kdErBnVLsgbt3mXm
SdRiX++meKCZjklpUP38hKq5uf2qp6jeSzF0ZA4vq/u/LrbXM2dA3DK2cz5VT7b4
ukvhZxlKTE/1Sx+llmNcXZUh70zRNDx1qUtqfATXoq7di5YOWracVxOqaKtI/1Xt
NoHlq0pB/BC9t0h+C4SNrvqSor1fbOzyi5/T+NsCDCsgOJMoM6FWnysiS9rqkeQp
8M+lDSoQVvSwwHIvTFA6OiWHnMCTCi9WUWivX9lQEIRcfxQlto5QWceGLi6Ih2Iw
ahfL//tcyUUV7rppOKXZK/Lxkq0adRMiwAtnusXQhjafax2K+WACNcj8aPSKYbmY
IQJ/xiR1wsKkER7lWssWwwye32qoQ3yZ1jMEgOg33/Fb+1xd1lzTFkDamCaDRCCp
ZEi92KFIUj053LAIBcFjqd1hIpSifJ1OeBDgPxjOyClqn7dWUoVyYYTWQ2XHrwuf
j82pOIa9fkHqUWK5mTmtWhZMRXUP8VSLixVxlXSpmctCzsGREx7BmW5jRO4s2qN0
PPFM6ZmmFxnsdHMkZoOlquMCNMouVY8qq4L4UEAOw6S2S3fwjBwUszCI81MaaqvL
RfRhNGvmbZFjYaeXYWACIDQnlbK/qu/H6lM6+Y/KRh+IhXCZc3swjTCRs1GqxD+7
wIhHFNI1H7pI+JyBlMuRTpGhcJ4iGxpNmr39M1HXX4ZsPN/ogoK3XMugkpgGh8cw
2UgHQLZ1Z4ZM3y8xqQVJglN2Chizpmsxl0NHC30n+otVZK/Uox6WH3RxqM66u+Ed
Nu9cpilY2ZjPAeqNKw3gi3mdD2cwcT17mgdBHoPCX96+/Zu9OSPFx3AN7figdu7j
YKEpjejBcju6eWqT2PzrCi8AjKuhHIqqd+ALjC+UEsmVR9goHVKXkuw7eS0Z6/4j
DEBUG	[2014-05-11 16:03:57:96] <14741> sessionkey:uFZjwhIIqZ+hy4kp9I0l2CNx2rEvkTP6/YDThUM+ke72bc0UlPify3p9ck7UkJ/R
U2VEfZHUBeDGtinfk6b1M1fjbExBZALqZ/rNbAcckZNX4ieNDbFb5izWAsT62geN
+RvHl86IwV7M70/HFE5Dr+pzgcx3r6Y8hmcm3M925qc=
DEBUG	[2014-05-11 16:03:57:96] <14741> url:http://www.loosfly.com
DEBUG	[2014-05-11 16:03:57:96] <14741> cardcode:
DEBUG	[2014-05-11 16:03:57:96] <14741> parentemail:cjstk_78@naver.com
DEBUG	[2014-05-11 16:03:57:96] <14741> recvname:김다경
DEBUG	[2014-05-11 16:03:57:96] <14741> recvtel:010-7748-3887
DEBUG	[2014-05-11 16:03:57:96] <14741> recvaddr:경기 김포시 장기동 전원마을월드1단지아파트 109동 202호
DEBUG	[2014-05-11 16:03:57:96] <14741> recvpostnum:415-744
DEBUG	[2014-05-11 16:03:57:96] <14741> recvmsg:
DEBUG	[2014-05-11 16:03:57:96] <14741> joincard:
DEBUG	[2014-05-11 16:03:57:96] <14741> joinexpire:
DEBUG	[2014-05-11 16:03:57:96] <14741> id_customer:
INFO	[2014-05-11 16:03:57:96] <14741> Check Field OK
INFO	[2014-05-11 16:03:57:96] <14741> Make TID OK INIphpDBNKGODOloosfl20140511160357969116
INFO	[2014-05-11 16:03:57:96] <14741> PI PUB KEY LOAD OK [39]
INFO	[2014-05-11 16:03:57:101] <14741> PG PUB KEY LOAD OK [30]
INFO	[2014-05-11 16:03:57:102] <14741> MERCHANT PRIV KEY LOAD OK
INFO	[2014-05-11 16:03:57:102] <14741> MERCHANT PUB KEY LOAD OK [0]
INFO	[2014-05-11 16:03:57:104] <14741> MAKE BODY OK
INFO	[2014-05-11 16:03:57:106] <14741> SIGN OK
INFO	[2014-05-11 16:03:57:106] <14741> MAKE HEAD OK
INFO	[2014-05-11 16:03:57:106] <14741> MSG_TO_PG:[0837500175R SHA1                   0                  39                  300200GODOloosfl               89000INIphpDBNKGODOloosfl20140511160357969116<?xml version="1.0" encoding="UTF-8"?>
<INIpay>
	  <GoodsInfo>
	    <GoodsCnt>1</GoodsCnt>
	    <MOID/>
	    <Currency>WON</Currency>
	    <Tax/>
	    <TaxFree/>
	    <Goods>
	      <SMID>GODOloosfl</SMID>
	      <GoodsName urlencode="1">Teruel+Leotard+%28Black%29</GoodsName>
	      <GoodsPrice>89000</GoodsPrice></Goods></GoodsInfo>
	  <BuyerInfo>
	    <BuyerName urlencode="1">%B1%E8%B4%D9%B0%E6</BuyerName>
	    <BuyerTel>010-7748-3887</BuyerTel>
	    <BuyerEmail urlencode="1">cjstk_78%40naver.com</BuyerEmail>
	    <ParentEmail urlencode="1">cjstk_78%40naver.com</ParentEmail>
	    <RecvName urlencode="1">%B1%E8%B4%D9%B0%E6</RecvName>
	    <RecvTel urlencode="1">010-7748-3887</RecvTel>
	    <RecvMsg/>
	    <RecvAddr urlencode="1">%B0%E6%B1%E2+%B1%E8%C6%F7%BD%C3+%C0%E5%B1%E2%B5%BF+%C0%FC%BF%F8%B8%B6%C0%BB%BF%F9%B5%E51%B4%DC%C1%F6%BE%C6%C6%C4%C6%AE+109%B5%BF+202%C8%A3</RecvAddr>
	    <RecvPostNum urlencode="1">415-744</RecvPostNum></BuyerInfo>
	  <PaymentInfo>
	    <Payment>
	      <PayMethod>DirectBank</PayMethod>
	      <JoinCard/>
	      <JoinExpire/>
	      <MailOrder/>
	      <SessionKey>uFZjwhIIqZ+hy4kp9I0l2CNx2rEvkTP6/YDThUM+ke72bc0UlPify3p9ck7UkJ/R
U2VEfZHUBeDGtinfk6b1M1fjbExBZALqZ/rNbAcckZNX4ieNDbFb5izWAsT62geN
+RvHl86IwV7M70/HFE5Dr+pzgcx3r6Y8hmcm3M925qc=</SessionKey>
	      <Encrypted urlencode="1">Version%3D4.1%26PayMethod%3DDirectBank%26RsaKeyNum%3D1%26EncryptionAlgorithm%3DSEED-CBC%26SignAlgorithm%3DRSAwithSHA1%26CertVer%3D39%26moid%3D1399791606534%26ver_trace%3Dmain%286086%2C6052%29dbank%286063%2C6052%29n%286008%29Cs%286022%29Dt%286002%29Pa%286002%29Cf%286024%29Fv%280000%29La%286125%29Re%286078%29Vr%286006%29P%286033%29en%286036%29nP%286006%29%26pg1%3D211.219.96.180%26pg2%3D203.238.37.3%26pg1ip%3D211.219.96.180%26pg2ip%3D203.238.37.3%26agreeflag%3D1111%26Data%3D2ehpYElp7oV82UT135eIn1N4dn81UtFa%2BS74EiTIM8t%2BUi%2Bc2HSjGe%2Fdte%2F4A78C%0D%0AhvypYT2BoKz0jtrKQZTcrlD9rss%2B%2Bdklz0vf3z34ees1nvcw5R6xFSCsZ%2BlCIF%2FD%0D%0AjzCR4oqoSPcwR2aev30k6xMaWEkqCsaVhNfXh3iGSKJIZzcSyVQQSTh8UdyFKjtb%0D%0ApciE3hzxtFlaJskUQCqlwKjzTpibnHULeOWoUi1yZI8FBBcDnHBD06lxEOFBHeYA%0D%0AjkhtlCsbQ%2F%2B8vWiv%2FO2HdTypzew85jZnpDcSjDRGxMzXKglzSwLx8NAfEDgKu%2BJt%0D%0AydYXOka2VAj13j7QsHKFYZrfpw6CEr56leES2IWXY5uapksabdCNfkrNlmJPMFxh%0D%0AFeXVHxfoiOxV7NkuxsJ2ciu5dvx5lPUem2JOagdjVhoSdonlRUCZIyOeeuGzQWym%0D%0AYThRG4MiOIcQLCJ%2BHJA9aM7SAKxdBgg%2BuAJzj0a8V0y6LCMVWe%2FZWE4OHoMGTT5k%0D%0AMb%2BmkvdhFyrFbZTPAm8IMp2f%2B%2Bx6Ej8jvzIwGH9n9nKzq2YoZPUyIK6NXquANVa9%0D%0AlKeK%2Fp80IvHImYh%2B1k5vMbMRqb7NHfY8nQxNy9Fj1Z%2FbR4SesSz7tI1dVMCbuCeK%0D%0Ahi5yn11RLgxZjH9O6qiOG16CXbz0%2BL9oTC%2BjH2lCDRzjCXFVytW%2FF3j41e7SVblx%0D%0AErgh6caGXW6DWalgV7Dw%2F2d5plC2WQyg9OefDC8OjdsDWiRkx2LpYYaE1CqEXXWw%0D%0A2XCjgT5Yc6qdEFt1sehQ%2BTzsqgdbecgwX53XwcvdFDrlBhteIkXa%2Fr84ZtIcDih9%0D%0AfbxLeQkY%2FmQEsWf7JRmadd%2FL%2BwmWO5Y%2BJ7lt3RTAgAMn83P9O6MZo3nmPBwCvZjV%0D%0A%2Brc1xSKb1gR7unx8nhIPEq8WHt%2FON9U7okOWPEVNQOUaNApHWB4ubFvprKV8i8z0%0D%0ArECEZdMhrS4I4XNMwp%2BV0Q62SWa2%2BIWWQ%2B6HgA9ILaMcqSvUy%2BTXucO0qZlWayUT%0D%0AF7umBL3SpEjctlZvVhTIx0WW0sJ56sBBdCQURG2fQz0AOhW1ndELoWXoKC2ZsLr%2B%0D%0A95f5IO6fMonp9Bm1kDJ2Q3Iiq1Kq0BWCNQlpbj7ovGjdMd7NQtirUi%2BpvwxTYJOF%0D%0AipTbpY2ct%2BAVZ3DAFZRNoY0qY6eMdPi5%2FQwtMb3vlzpdllyPCj%2FCrXvnkmugcElR%0D%0AgLWmCF4uLcTUaIMi8zEDjz5kNy2tO%2FYy0qzaiFsLKX8XhlOEB9IS%2FdMSfPkYtU7D%0D%0A91%2FL2xq%2ByVoP71bGbbhdALvPdaq7xDIBp%2F1Q%2F1pJ0gvhN%2Babw0QEL%2FkuXq%2BB5qCG%0D%0AFmRC%2Fcv2jgj%2FI4iwaJwm6jcCFmhk%2Bi3Hnss%2FZ8%2B5iaiXaJry51ULvfQ1RebEQBEW%0D%0Af0Q5IFyrCHGBZiiWyr5qJYVvKa2QH9Ca1OFlDeN1E68IKOC5llG%2BBPUru4qkYmsd%0D%0A2jz2RzmHA16tHF3DJSW28H2QXmVEau4%2BAcNtxBwFeK0IkjLFe154ovxJ3I7DNyVY%0D%0Anuhp98sTJignbghm7XeuWlqrvgIAWFp%2FSViCXdNWaCdQezZzpnXeowHNQWfPE28m%0D%0AlJjA1NnUIKiUWIGnuj%2B9eo8dkRy8ykOXvpds8wrVSX6A0jsAnnuD8CepifkoYOmT%0D%0AGfiMcYQkoO8liRzNKQyfSCq%2FgztD2YE0ZSLnhnjYyDQIFuk1L7H8AETV4esqATRl%0D%0AY7nKZeVmHXZekxgGaUr6RCwwbCAGdf9jh74q6RhAC8x6rgwlTLRLRGXkDdTA9LEF%0D%0AXlySZpMfHj3I137tZa74vrUo0Or844mj8rDo7zJCUApPmSN%2B40T2q8c5cxAKc5Qh%0D%0Anc89B6Xk6jFnjG1JlCRSeB6myZalOg%2BSUsUHUIsDIL5fRZM2mA3sJ6Zxb5yP6iJq%0D%0AauAVEsHHwiJSojQg5izlX9AaNdmiQSTk05mbc3EWjez%2BNw%2Fr60AJSIl3B6g%2BZlOm%0D%0ADwvF19xNS%2B8Lzs5LYUKDp1gqNEdHfylNlox%2Fe7NRrZTRNNznORkWYTdmcxGB08Ms%0D%0AaqaPUPPJerVyqw%2BpJEOmI0dCuUtC%2BG48afSWP3B2L9VERIgbRCQRXoS1MiwmZ1WZ%0D%0AE642m8nLOEpC22ZXP4218PRrkpEmiYh%2F7wKgXhs2izH3XR92j7E1M6zJ2I2P1NEX%0D%0AmbMyOkfeDOk%2B2HXxnahhGLKwj1bwxGGJ0LFsMtf05b9neFfXYoumC0C5iI2dQECx%0D%0AB3j5r7DC3iLGcGBoYQbvw2q0DumTNramX9e0kdlaSdwEwLnFlAk8ovyrVehDvq4Y%0D%0Ado2S96tOIk49lykFMK7le2VpUh6HbUlUZJSTT7cdb6cZ%2FLnFEg82Q6sl9%2F9LJgkE%0D%0AQ1mInHPbqBVIIIZiZi5dsV2QuKIQAO6hy6eh12%2FILWTGP%2B8%2B2BxpaovE1zUVPvPA%0D%0AZDgHjFlcxMTYNXd2nPwycY8CAfJtxE5mlQfLESFFC7uiK2jcpekQfeGZWfOtIRiG%0D%0AcpqWIneW1uSaL5fsebm6%2FtqZEo91VDoCr%2FIa9XGR2%2FCVP36quoe3XWxw8gVhcJvI%0D%0AgkfHuQDnuLKxlYY3Ra31s7p2%2BoCUbDbKkN8f3TLKWLr9G133JcRasrCyyt6wiYCK%0D%0AJsVzsj092f9m%2BqF6DTDkRGnfKkT3dFYWM5%2FFketDJ1UYxhGpQ62IcSBALMCZyRvn%0D%0AOvPSuQfVNs01VdVKImOagZi61xspqzOtmQiQTJpuZwumm%2BXPjAgd3YLwmjAZmywT%0D%0Ak%2BcQN97F9%2F66oTI%2BNzgCg8rjFfytwZQJG%2FVkIXZttEi6GuV5%2B2plAthxNVmK3oHo%0D%0AMo1%2FQS46aTZFPmNtsWcGjtGxWeoDY7BIKJQvxsAeDXL%2FVJYIRdyZq7BSdIBPtJ%2FG%0D%0AMfSA99y25FmHpRMqgMl17ykWcTLzCfXzdX1JWm0d56YfOghyl2JBERL7TGWFGKM1%0D%0AuL4FJdWvL6gZQkLjvbQ4yAlq6rwAM3G36q%2BpS2nWYWYrkV4vjLLrPdrnMSOIbN9u%0D%0A5IU7Nql6Wq0CgG9cOfP3O00uuwG3BXAeyDzPhh5NhtCG54AjROGARy6T7cTpkHP8%0D%0AXocYsrNo72iu7Qf2%2BEW4T%2BphZu9IaHXp7mD9A%2BW57rA%2BcXAWh8MnSBclEAkzpAx%2F%0D%0Apvvq1b5TmHcxdfv8aXn0M68jAnjJSeSSNxjye2qg6DpB4NeyPWrQ8MdruKPNLoDE%0D%0A3%2FYMoZw%2Be9O86WBJblT7e4NPmxROihatKXGUlTZYkHIDyeYUn3yVYm3Ic16BaC49%0D%0A8%2Bwe9vMXAOnK3TSUGANLujF38341vr0YeefgK7gzEj29cQDU%2Fu1BrSz%2Bm8ZHObQK%0D%0AWRA2Mhw8hKnxOggCb6FsDBeiwRYoHHHrEkBOtKbamFRMcYxXvZS6GXJhpdGJZIaB%0D%0A72tP9eQ22mYTICXxnuoNptp823d6Pu%2Bc1F3bT7ZfsZote9Gow6XPm1eCK%2FAZNr7e%0D%0Aoojfav6fAVTT3ivbksaU%2FzgaFly2LlRpcXbBP6kht4zt2Ek9mdHjdLXR4APLTCDx%0D%0AVc7JKFC%2F1SdPimwgOHweCrxAi4ZXluPUv4XYqY73CRirVtVqGzLsVz%2FAXZdCtgeN%0D%0AJZ8FVnuB4SDSkUMJIhe7Qmyx%2ByluPwGKzIKZ7FPLegsZyTSzyy7zXeXEuchyLgiG%0D%0AcrglbTpkRsfIVi2susbKKUvdZVlDzb8TmPsktJu9ZSTSVEFN29L0hdRkyxhTj0%2F7%0D%0Arg%2BD4MX6J235euoK1zK7HdBDD2xFbWdQ0NJvVDXS43Ms02TEWtG%2Ft49UHqMvhIts%0D%0A6TTTPwR0SpXsBa0bAdhhO4mHD8zEdRyOBk7%2FSPJOr3O8XzJGnKXw65UAoYFbVaAQ%0D%0ATFjMv1ublTjrgxoOB61Tmn8Q%2FJjFXhvf8MmNJdymS7Mdcj47qBZJLL7FBz1XPScO%0D%0ASloXiExVIdkBhBrYHxk9WRZ11KYAZpvxWm%2FGtDmQSdzCaBAa47CVd7IKKb91T0PS%0D%0AUoQIk35cnpJ%2FF1NinSfvMMbE1M1V0bVglnj1FrgA3GziUQdfzwzM3RJwTY10l%2Fcs%0D%0A%2FXUEFUp2hdY4gZyOoio7n9s07j4Sqwx2DyHgNFp0%2Biwsr40E3byeNa4KskRxmhwG%0D%0AKJttjTkLz6emG%2BHv2wJ66ox2qJGlIzX1iEgKuK92Kngihod2uI2Ypcn%2BTAeM8OQf%0D%0A3rnWI4EhGDXsZJ3o6Own2wGkX4%2BPWi%2BWqOnHiJTipQeXi4RG5esXKhas93RqychB%0D%0AJm%2Bd0yXnT3krQSITu7jOly3cl9rThWmS6BSN7mVOxwYcnU%2BRquG9XcW71VDdYg%2BO%0D%0AMk68Iaa7VpcdFSmTABsulgETPgI0G4s25W53olDvift4h1uQ4GikzNHUV2KQL91h%0D%0AtTnNDZVqzmBwejpXNYerM14DKTHau5NU5inuiy2fVw3gQM33kdErBnVLsgbt3mXm%0D%0ASdRiX%2B%2BmeKCZjklpUP38hKq5uf2qp6jeSzF0ZA4vq%2Fu%2FLrbXM2dA3DK2cz5VT7b4%0D%0AukvhZxlKTE%2F1Sx%2BllmNcXZUh70zRNDx1qUtqfATXoq7di5YOWracVxOqaKtI%2F1Xt%0D%0ANoHlq0pB%2FBC9t0h%2BC4SNrvqSor1fbOzyi5%2FT%2BNsCDCsgOJMoM6FWnysiS9rqkeQp%0D%0A8M%2BlDSoQVvSwwHIvTFA6OiWHnMCTCi9WUWivX9lQEIRcfxQlto5QWceGLi6Ih2Iw%0D%0AahfL%2F%2FtcyUUV7rppOKXZK%2FLxkq0adRMiwAtnusXQhjafax2K%2BWACNcj8aPSKYbmY%0D%0AIQJ%2FxiR1wsKkER7lWssWwwye32qoQ3yZ1jMEgOg33%2FFb%2B1xd1lzTFkDamCaDRCCp%0D%0AZEi92KFIUj053LAIBcFjqd1hIpSifJ1OeBDgPxjOyClqn7dWUoVyYYTWQ2XHrwuf%0D%0Aj82pOIa9fkHqUWK5mTmtWhZMRXUP8VSLixVxlXSpmctCzsGREx7BmW5jRO4s2qN0%0D%0APPFM6ZmmFxnsdHMkZoOlquMCNMouVY8qq4L4UEAOw6S2S3fwjBwUszCI81MaaqvL%0D%0ARfRhNGvmbZFjYaeXYWACIDQnlbK%2Fqu%2FH6lM6%2BY%2FKRh%2BIhXCZc3swjTCRs1GqxD%2B7%0D%0AwIhHFNI1H7pI%2BJyBlMuRTpGhcJ4iGxpNmr39M1HXX4ZsPN%2FogoK3XMugkpgGh8cw%0D%0A2UgHQLZ1Z4ZM3y8xqQVJglN2Chizpmsxl0NHC30n%2BotVZK%2FUox6WH3RxqM66u%2BEd%0D%0ANu9cpilY2ZjPAeqNKw3gi3mdD2cwcT17mgdBHoPCX96%2B%2FZu9OSPFx3AN7figdu7j%0D%0AYKEpjejBcju6eWqT2PzrCi8AjKuhHIqqd%2BALjC%2BUEsmVR9goHVKXkuw7eS0Z6%2F4j</Encrypted></Payment></PaymentInfo>
	  <ReservedInfo>
	    <MReserved1/>
	    <MReserved2/>
	    <MReserved3/></ReservedInfo>
	  <ManageInfo>
	    <Language/>
	    <URL urlencode="1">http%3A%2F%2Fwww.loosfly.com</URL>
	    <TXVersion>5031B111123securLinux     PHPchkfake   2.6.18-371.6.1.el5PHP:5.2.17  </TXVersion>
	    <TXUserID/>
	    <TXRegNum/>
	    <Ack>1</Ack>
	    <TXRN>MjAxNDA1MTExNjAwMzcyMTg2NDgyOA==
</TXRN></ManageInfo></INIpay>AG6NE8k7BswHJB0OC2vBjSUO9NtRmoJSwEUsBvWAlqC38IGSw0M8HvwukzSDiO2s
UeDvh8SKzJ2HuzDY5m/z/znj17hb7NktBzYTuemODn2nODuxRJjKtDpBlio9zXu4
BW8RpMjT9kCjt95V8LsjIcyUgfXJ+Wsn98IaYuBdqswZ
]
INFO	[2014-05-11 16:03:57:107] <14741> DNS LOOKUP OK(211.219.96.180:211.219.96.180:34049) laptime:0
INFO	[2014-05-11 16:03:57:110] <14741> SOCKET CONNECT OK
INFO	[2014-05-11 16:03:57:110] <14741> SEND OK
INFO	[2014-05-11 16:03:58:255] <14741> RECV OK
INFO	[2014-05-11 16:03:58:255] <14741> MSG_FROM_PG:[0275600175D SHA1                   0                  39                  300210GODOloosfl               89000INIphpDBNKGODOloosfl20140511160357969116<?xml version="1.0" encoding="UTF-8"?>
<INIpay>
  <GoodsInfo>
    <GoodsCnt>1</GoodsCnt>
    <MOID urlencode="1">1399791606534</MOID>
    <Currency>WON</Currency>
    <Goods no="1">
      <SMID>GODOloosfl</SMID>
      <GoodsName urlencode="1">Teruel+Leotard+%28Black%29</GoodsName>
      <GoodsCntS>1</GoodsCntS>
      <GoodsPrice>89000</GoodsPrice>
    </Goods>
  </GoodsInfo>
  <PaymentInfo>
    <Payment>
      <SessionKey>AaTFrqufWhYYfHuOQ2uFRbfeteBOkYtZAE7rhuk4GggltiAESpUCkUCFX8T192Tg
AXoVhkQNrbaiKPTqwlrgXeeI7in8y5DaocAocjwgPtlsrMd9FJdX+A6uHryfKeNi
wlAEUiP9MFAMuGwWzwl16G2FwY95mKTFgOIxP7LTrmZCG1OWr3x4GYQ=
</SessionKey>
      <Encrypted>dFVrqocmbkCPVUW5HYt+WRpwRboDI/Q+cKlF2oZ6YIjHBqiNNMc1iTjFSLOxaJb3
OVBTpFAOQswHuwO8JIEEFEhMF2XfFQB3Jtesabyztp+qM/C6QnqgBba6B29zI409
Uqkr+iJQXaouA26b6XirMI7EGkW/Z+0QE9xPZj0fNQHvD8VdFGVNaQDniw+7b9k4
7E0qv7ICYj/0EFnm+yWqrkCYhsIq616PlyRbWLJ8WywWlHFwsr5PburBrDi6qAD3
lxJ0TuYjf0ZdbKoSNLz5JJr+mNjL5cMvKUtf9D1/ybd2mBoKU61/pxJI9XfrSOcR
z5f09jkPv6BwnBTXuYUNfvvd7hMM/GyngVKBS9tiYBKWUOa0IKqCRbGpVnbzsgID
cs3T8syPLsjFJvEmtHMyh5t5KSKvRyBwDyO1KKg0mZXPT8yQenRv/DYZaFOvPUZW
FKJj6RGZsqellF8G5trXQKEsFhe4L+CHWBNfLZtLcVXVKncVG8OeeUp1pKaHDGH4
GSta4fPO2H2AFrYAYV9pcekb9WK7bF0JhhPLKnk0hsqvLuOx4lGVMRLFUCTC/VGh
SuSqwsZq1sTPDh+TRqyefb/pDSGBhya5fYSEELvtSS5in2BGXeJgV30q49Qmj0Ho
KW2ST+XVYWte0ijDrowrd+FdLt0lK4KKOct7o0zriNZWVLnW77yLGsYTqO/c4HKV
vdNufpaCpMWVlo2TYHIcnqU6Ki7JHy/n6OGR21rP9AuNpafDZbb9omy79Bn36YUh
yZvReABM11ghDNHR23Oj6WeOJpF7M31ZSdgVlYgBJStUcdumLRCHm8jMa5gPJ+WM
5lPNzDvwnw8HWz/BPCihHHZYPpR5DNayBHMYkSNBCiunrj6pG9JsKcy3a4GQ7qfn
PmBQequg0kWkXC/IoGVP3nkNdKNHjW6sK/u9xOKaEL7lnpbujW0qG3FZerl1nmRi
v4fPlJy7yvGsHKv6NScks88cytNMLg3jUhtsFh6+HKkduEfiA5uJphiAAi4/GFR0
ICT0alerLFNOmi2M0reggsOJFgIDWHhS6+oYCsBhPyC7XbsLETZ7eSVc6WNygHNP
5P1JqFufod89GM+FumDk1S2pH7PAyavIU6j4rNUr75sZ9b2SJaHxzIy27R/45Gqn
C9TNoT8z+Rn5o11vZun7uRrPxpMkE8rwMUyMa32V1o8T5qwG3tI55fx7TYMLWPdX
p+3p/wxuoPTiMm1AXzuytpOVJhwXDsAyAmzDy7iNjT4dVxGgBHnfOkG5qN2vpUzK
cH+syHf5zFVS72tKnUsOMQ53IJbScZQSJLl4rKf9jWovvFCrxQXEksCaYMdUC15k
z5czr7GPEtrxWyaCV85dOnq+UEOlSz2h+jxUgc/oKhs=
</Encrypted>
      <PayMethod>DirectBank</PayMethod>
      <ResultCode>160333</ResultCode>
      <ResultMsg urlencode="1">%BE%BE%C5%A9%B8%AE%C6%AE+%C4%AB%B5%E5+%C4%DA%B5%E5%B0%AA+%C6%B2%B8%B2</ResultMsg>
    </Payment>
  </PaymentInfo>
  <ManageInfo>
    <EventCode></EventCode>
    <OrgCurrency></OrgCurrency>
    <ExchangeRate></ExchangeRate>
    <OrgPrice></OrgPrice>
  </ManageInfo>
  <ReservedInfo>
    <MReserved1 urlencode="1"></MReserved1>
    <MReserved2 urlencode="1"></MReserved2>
    <MReserved3 urlencode="1"></MReserved3>
    <PGReserved1 urlencode="1"></PGReserved1>
    <PGReserved2 urlencode="1"></PGReserved2>
    <PGReserved3 urlencode="1"></PGReserved3>
  </ReservedInfo>
</INIpay>
BO2Vldc3k8/V7cjDOl7gl6NZfn/N/neZviR0r4qZ5Yjrhzo3hzqPzXWrG6MSPl8I
9HSk4ApG0hP803dOWOHf790D466Hb9w8oEHh9FBb/cVgO1XCXQxuG68+puisB5kI
FayYB/I/8YyIOKj3gmz5jTwhCeUT0qCo1L9R9jdTciQ=
]
INFO	[2014-05-11 16:03:58:255] <14741> VERIFY OK
INFO	[2014-05-11 16:03:58:255] <14741> PARSE HEAD OK
INFO	[2014-05-11 16:03:58:259] <14741> PARSE BODY OK
INFO	[2014-05-11 16:03:58:262] <14741> DECRYPT OK
DEBUG	[2014-05-11 16:03:58:263] <14741> DECRYPT MSG:[<?xml version="1.0" encoding="UTF-8"?>
<PaymentInfo>
  <Payment>
    <EASYPAY/>
    <DirectBank>
      <ACCT_BankCode>81</ACCT_BankCode>
      <ACCT_Num></ACCT_Num>
      <ACCT_ApplPrice>89000</ACCT_ApplPrice>
      <ACCT_ApplDate>20140511</ACCT_ApplDate>
      <ACCT_ApplTime>160358</ACCT_ApplTime>
      <ACCT_ApplNum></ACCT_ApplNum>
      <ACCT_ResultCode>160333</ACCT_ResultCode>
      <ACCT_ResultMsg urlencode="1">%BE%BE%C5%A9%B8%AE%C6%AE+%C4%AB%B5%E5+%C4%DA%B5%E5%B0%AA+%C6%B2%B8%B2</ACCT_ResultMsg>
      <ACCT_Name urlencode="1">%C3%D6%C0%BA%BC%F7</ACCT_Name>
    </DirectBank>
    <CASH>
      <CSHR_ApplPrice></CSHR_ApplPrice>
      <CSHR_SupplyPrice></CSHR_SupplyPrice>
      <CSHR_Tax></CSHR_Tax>
      <CSHR_ServicePrice></CSHR_ServicePrice>
      <CSHR_Type></CSHR_Type>
      <CSHR_ApplDate></CSHR_ApplDate>
      <CSHR_ApplTime></CSHR_ApplTime>
      <CSHR_ApplNum></CSHR_ApplNum>
      <CSHR_ResultCode></CSHR_ResultCode>
      <CSHR_ResultMsg urlencode="1"></CSHR_ResultMsg>
    </CASH>
  </Payment>
</PaymentInfo>]
INFO	[2014-05-11 16:03:58:265] <14741> DECRYPT PARSE OK
INFO	[2014-05-11 16:03:58:265] <14741> END securepay [160333|씨크리트 카드 코드값 틀림] Laptime:[1.17sec]
INFO	[2014-05-11 16:03:58:265] <14741> ===============================================================
