INFO	[2014-07-15 12:13:43:915] <3806> START INIPHP chkfake (V5031-111123)(OS:Linux2.6.18-371.9.1.el5,PHP:5.2.17)
DEBUG	[2014-07-15 12:13:43:916] <3806> inipayhome:/www/loosfly_godo_co_kr/shop/order/card/inipay
DEBUG	[2014-07-15 12:13:43:916] <3806> type:chkfake
DEBUG	[2014-07-15 12:13:43:916] <3806> debug:true
DEBUG	[2014-07-15 12:13:43:916] <3806> enctype:asym
DEBUG	[2014-07-15 12:13:43:916] <3806> admin:1111
DEBUG	[2014-07-15 12:13:43:916] <3806> checkopt:false
DEBUG	[2014-07-15 12:13:43:916] <3806> mid:GODOloosfl
DEBUG	[2014-07-15 12:13:43:916] <3806> price:89000
DEBUG	[2014-07-15 12:13:43:916] <3806> nointerest:no
DEBUG	[2014-07-15 12:13:43:916] <3806> quotabase:선택:일시불:2개월:3개월:4개월:5개월:6개월:7개월:8개월:9개월:10개월:11개월:12개월
INFO	[2014-07-15 12:13:43:916] <3806> Check Field OK
INFO	[2014-07-15 12:13:43:924] <3806> MERCHANT PRIV KEY LOAD OK
INFO	[2014-07-15 12:13:43:928] <3806> MERCHANT PUB KEY LOAD OK []
INFO	[2014-07-15 12:13:43:931] <3806> CHKFAKE KEY MAKE OK:MjAxNDA3MTUxMjEzNDM5MjgxMjc1MQ==

INFO	[2014-07-15 12:13:43:931] <3806> END chkfake  Laptime:[0.04sec]
INFO	[2014-07-15 12:13:43:931] <3806> ===============================================================
INFO	[2014-07-15 12:15:04:813] <19410> START INIPHP securepay (V5031-111123)(OS:Linux2.6.18-371.9.1.el5,PHP:5.2.17)
DEBUG	[2014-07-15 12:15:04:813] <19410> inipayhome:/www/loosfly_godo_co_kr/shop/order/card/inipay
DEBUG	[2014-07-15 12:15:04:813] <19410> type:securepay
DEBUG	[2014-07-15 12:15:04:813] <19410> pgid:INIphpCARD
DEBUG	[2014-07-15 12:15:04:813] <19410> subpgip:203.238.3.10
DEBUG	[2014-07-15 12:15:04:813] <19410> admin:1111
DEBUG	[2014-07-15 12:15:04:813] <19410> debug:true
DEBUG	[2014-07-15 12:15:04:813] <19410> uid:
DEBUG	[2014-07-15 12:15:04:813] <19410> goodname:Carmen Lace Leotard (Red)
DEBUG	[2014-07-15 12:15:04:813] <19410> currency:WON
DEBUG	[2014-07-15 12:15:04:813] <19410> mid:GODOloosfl
DEBUG	[2014-07-15 12:15:04:813] <19410> rn:MjAxNDA3MTUxMjEzNDM5MjgxMjc1MQ==

DEBUG	[2014-07-15 12:15:04:813] <19410> price:89000
DEBUG	[2014-07-15 12:15:04:813] <19410> enctype:
DEBUG	[2014-07-15 12:15:04:813] <19410> buyername:이명희
DEBUG	[2014-07-15 12:15:04:813] <19410> buyertel:010-6270-3312
DEBUG	[2014-07-15 12:15:04:813] <19410> buyeremail:ball-33@hanmail.net
DEBUG	[2014-07-15 12:15:04:813] <19410> paymethod:Card
DEBUG	[2014-07-15 12:15:04:813] <19410> encrypted:Version=4.1&PayMethod=Card&RsaKeyNum=1&EncryptionAlgorithm=SEED-CBC&SignAlgorithm=RSAwithSHA1&CertVer=39&moid=1405394011293&ver_trace=main(6086,6053)card(6112,6103)n(6008)Cs(6022)Dt(6002)Pa(6002)Cf(6024)Fv(0000)La(6128)Re(6080)Vr(6006)P(6033)en(6037)nP(6006)&pg1=211.219.96.180&pg2=203.238.37.3&pg1ip=211.219.96.180&pg2ip=203.238.37.3&agreeflag=1111&Data=maRswWuFgONshwE5V+Vj2PQvZ1EvXWpxkq2NahjwEH+9WYXnr7zfALl1mxw2qDd3
63gEWsI2VATLk/lXQgLLOg77O2iNXfMRPQCstCZAhIaC7aAH8cXGztGhzpXSX151
z2BaRmDoJOAYpmrrBOvalYq5BX2a1qn+fg9O31LnjwlgzmVoigCd8schTG5AxNe7
x8COq45Js+uYq8iwnMG85Y3NPCyn5BodLG1n0MhZnSWLc4qsu5o6/ESl15Ozu3dn
3jJwJqXCqAMFoyEmcLFr4hYoKc2NzhOKDobDGsKWwcUaifCqW2iOL81+tzjT1W6f
ItzU5vIS/Irz1/GWB1RXrKoFUdr2SVdC8k2WRgjLgUuhF3wSGH3Ss98Pj9zg0A2K
dbk+OsnFsVOdMJ4u+NNJuczvXaI+akRszAbSc/k4/Q2BQrPpOJL29JxcyA/NHotk
cLemKNTPc0bhVOyRKljv7PVVhhifhBi70Z1MkB1Rmgzet5nv3DvZavsEEeC0NaoM
7jMwiKYxllJG59Hma3aQyosef728pg8M0JTCxdfySIqUWPK6LNKW76xRuGrcrk0J
/qFmlxtjCQHNkRBcCOx7JpNU1Yw/kDH1HbYJXwB4f7lyAsNrTBUW2xVKjIalGx6+
yxyGwaF4hZNQHFxCYi/GWvLbSAWBotA6MgVjIpgPPVJnI3tG8pofLls=
DEBUG	[2014-07-15 12:15:04:813] <19410> sessionkey:zuJ6anfaRTaFZOXCSNYaI86nDSzwWufavfMyXReSNqLcteQ0hDb/WQ+nDmh9LLLq
lyM7i0YHO2cB21qBbcxY5QiW/kBcN3+ARF9CoOEpOcDHWiSF8tb63iFS2yqX73gX
0zau3ippEJC7uIvp+rd0e8/TjEQ5LkJ6w4gYMLLVTys=
DEBUG	[2014-07-15 12:15:04:813] <19410> url:http://www.loosfly.com
DEBUG	[2014-07-15 12:15:04:813] <19410> cardcode:12
DEBUG	[2014-07-15 12:15:04:813] <19410> parentemail:ball-33@hanmail.net
DEBUG	[2014-07-15 12:15:04:813] <19410> recvname:이명희
DEBUG	[2014-07-15 12:15:04:813] <19410> recvtel:010-6270-3312
DEBUG	[2014-07-15 12:15:04:813] <19410> recvaddr:인천광역시 부평구 부평동 529-40 동아웰빙타운 6층601호 sm댄스아카데미
DEBUG	[2014-07-15 12:15:04:813] <19410> recvpostnum:403-825
DEBUG	[2014-07-15 12:15:04:813] <19410> recvmsg:
DEBUG	[2014-07-15 12:15:04:813] <19410> joincard:
DEBUG	[2014-07-15 12:15:04:813] <19410> joinexpire:
DEBUG	[2014-07-15 12:15:04:813] <19410> id_customer:
INFO	[2014-07-15 12:15:04:813] <19410> Check Field OK
INFO	[2014-07-15 12:15:04:813] <19410> Make TID OK INIphpCARDGODOloosfl20140715121504134663
INFO	[2014-07-15 12:15:04:814] <19410> PI PUB KEY LOAD OK [39]
INFO	[2014-07-15 12:15:04:825] <19410> PG PUB KEY LOAD OK [30]
INFO	[2014-07-15 12:15:04:825] <19410> MERCHANT PRIV KEY LOAD OK
INFO	[2014-07-15 12:15:04:825] <19410> MERCHANT PUB KEY LOAD OK [0]
INFO	[2014-07-15 12:15:04:827] <19410> MAKE BODY OK
INFO	[2014-07-15 12:15:04:829] <19410> SIGN OK
INFO	[2014-07-15 12:15:04:829] <19410> MAKE HEAD OK
INFO	[2014-07-15 12:15:04:829] <19410> MSG_TO_PG:[0306500175R SHA1                   0                  39                  300200GODOloosfl               89000INIphpCARDGODOloosfl20140715121504134663<?xml version="1.0" encoding="UTF-8"?>
<INIpay>
	  <GoodsInfo>
	    <GoodsCnt>1</GoodsCnt>
	    <MOID/>
	    <Currency>WON</Currency>
	    <Tax/>
	    <TaxFree/>
	    <Goods>
	      <SMID>GODOloosfl</SMID>
	      <GoodsName urlencode="1">Carmen+Lace+Leotard+%28Red%29</GoodsName>
	      <GoodsPrice>89000</GoodsPrice></Goods></GoodsInfo>
	  <BuyerInfo>
	    <BuyerName urlencode="1">%C0%CC%B8%ED%C8%F1</BuyerName>
	    <BuyerTel>010-6270-3312</BuyerTel>
	    <BuyerEmail urlencode="1">ball-33%40hanmail.net</BuyerEmail>
	    <ParentEmail urlencode="1">ball-33%40hanmail.net</ParentEmail>
	    <RecvName urlencode="1">%C0%CC%B8%ED%C8%F1</RecvName>
	    <RecvTel urlencode="1">010-6270-3312</RecvTel>
	    <RecvMsg/>
	    <RecvAddr urlencode="1">%C0%CE%C3%B5%B1%A4%BF%AA%BD%C3+%BA%CE%C6%F2%B1%B8+%BA%CE%C6%F2%B5%BF+529-40+%B5%BF%BE%C6%C0%A3%BA%F9%C5%B8%BF%EE+6%C3%FE601%C8%A3+sm%B4%ED%BD%BA%BE%C6%C4%AB%B5%A5%B9%CC</RecvAddr>
	    <RecvPostNum urlencode="1">403-825</RecvPostNum></BuyerInfo>
	  <PaymentInfo>
	    <Payment>
	      <PayMethod>Card</PayMethod>
	      <JoinCard/>
	      <JoinExpire/>
	      <MailOrder/>
	      <SessionKey>zuJ6anfaRTaFZOXCSNYaI86nDSzwWufavfMyXReSNqLcteQ0hDb/WQ+nDmh9LLLq
lyM7i0YHO2cB21qBbcxY5QiW/kBcN3+ARF9CoOEpOcDHWiSF8tb63iFS2yqX73gX
0zau3ippEJC7uIvp+rd0e8/TjEQ5LkJ6w4gYMLLVTys=</SessionKey>
	      <Encrypted urlencode="1">Version%3D4.1%26PayMethod%3DCard%26RsaKeyNum%3D1%26EncryptionAlgorithm%3DSEED-CBC%26SignAlgorithm%3DRSAwithSHA1%26CertVer%3D39%26moid%3D1405394011293%26ver_trace%3Dmain%286086%2C6053%29card%286112%2C6103%29n%286008%29Cs%286022%29Dt%286002%29Pa%286002%29Cf%286024%29Fv%280000%29La%286128%29Re%286080%29Vr%286006%29P%286033%29en%286037%29nP%286006%29%26pg1%3D211.219.96.180%26pg2%3D203.238.37.3%26pg1ip%3D211.219.96.180%26pg2ip%3D203.238.37.3%26agreeflag%3D1111%26Data%3DmaRswWuFgONshwE5V%2BVj2PQvZ1EvXWpxkq2NahjwEH%2B9WYXnr7zfALl1mxw2qDd3%0D%0A63gEWsI2VATLk%2FlXQgLLOg77O2iNXfMRPQCstCZAhIaC7aAH8cXGztGhzpXSX151%0D%0Az2BaRmDoJOAYpmrrBOvalYq5BX2a1qn%2Bfg9O31LnjwlgzmVoigCd8schTG5AxNe7%0D%0Ax8COq45Js%2BuYq8iwnMG85Y3NPCyn5BodLG1n0MhZnSWLc4qsu5o6%2FESl15Ozu3dn%0D%0A3jJwJqXCqAMFoyEmcLFr4hYoKc2NzhOKDobDGsKWwcUaifCqW2iOL81%2BtzjT1W6f%0D%0AItzU5vIS%2FIrz1%2FGWB1RXrKoFUdr2SVdC8k2WRgjLgUuhF3wSGH3Ss98Pj9zg0A2K%0D%0Adbk%2BOsnFsVOdMJ4u%2BNNJuczvXaI%2BakRszAbSc%2Fk4%2FQ2BQrPpOJL29JxcyA%2FNHotk%0D%0AcLemKNTPc0bhVOyRKljv7PVVhhifhBi70Z1MkB1Rmgzet5nv3DvZavsEEeC0NaoM%0D%0A7jMwiKYxllJG59Hma3aQyosef728pg8M0JTCxdfySIqUWPK6LNKW76xRuGrcrk0J%0D%0A%2FqFmlxtjCQHNkRBcCOx7JpNU1Yw%2FkDH1HbYJXwB4f7lyAsNrTBUW2xVKjIalGx6%2B%0D%0AyxyGwaF4hZNQHFxCYi%2FGWvLbSAWBotA6MgVjIpgPPVJnI3tG8pofLls%3D</Encrypted></Payment></PaymentInfo>
	  <ReservedInfo>
	    <MReserved1/>
	    <MReserved2/>
	    <MReserved3/></ReservedInfo>
	  <ManageInfo>
	    <Language/>
	    <URL urlencode="1">http%3A%2F%2Fwww.loosfly.com</URL>
	    <TXVersion>5031B111123securLinux     PHPchkfake   2.6.18-371.9.1.el5PHP:5.2.17  </TXVersion>
	    <TXUserID/>
	    <TXRegNum/>
	    <Ack>1</Ack>
	    <TXRN>MjAxNDA3MTUxMjEzNDM5MjgxMjc1MQ==
</TXRN></ManageInfo></INIpay>Aa7cMPZN7Tv2Yo75tnR/mOSHlDlcU18f4ztgOJ69ArbETRa7w+8UqolJY8KB7oA7
Prj3I3ylJ8ElCkrKJ+h2UyNcQCuh0CjOKAm81BpcORwKG58pXHjO9Fq2WUq389Xs
59D66TOz4m3PyjJF+7n2lfiAdC/5vTZe1OcWrcooraep
]
INFO	[2014-07-15 12:15:04:830] <19410> DNS LOOKUP OK(211.219.96.180:211.219.96.180:34049) laptime:0
INFO	[2014-07-15 12:15:04:834] <19410> SOCKET CONNECT OK
INFO	[2014-07-15 12:15:04:834] <19410> SEND OK
INFO	[2014-07-15 12:15:05:560] <19410> RECV OK
INFO	[2014-07-15 12:15:05:560] <19410> MSG_FROM_PG:[0298800175D SHA1                   0                  39                  300210GODOloosfl               89000INIphpCARDGODOloosfl20140715121504134663<?xml version="1.0" encoding="UTF-8"?>
<INIpay>
  <GoodsInfo>
    <GoodsCnt>1</GoodsCnt>
    <MOID urlencode="1">1405394011293</MOID>
    <Currency>WON</Currency>
    <Goods no="1">
      <SMID>GODOloosfl</SMID>
      <GoodsName urlencode="1">Carmen+Lace+Leotard+%28Red%29</GoodsName>
      <GoodsCntS>1</GoodsCntS>
      <GoodsPrice>89000</GoodsPrice>
    </Goods>
  </GoodsInfo>
  <PaymentInfo>
    <Payment>
      <SessionKey>AEFj59nN4b6QWqm3Be1XHtT6fZG9/gHF/audVch0B8jcFvm7mn5c0jJG08zdp2lH
C/CVOSUh6+/3QMniwTNPTDG5k5wDaZPI5qq7ET3BbE6jgPSf2vvVO+AT7bDa+vtl
QMiA2dUnMOPVF/YQ/p8k/kt8/kUqtej8qp6LvWfKdZx/9VBrj5MFjiw=
</SessionKey>
      <Encrypted>uF6qoAPZ/vGZYhZ4S/fM3P6237DpR7slqZfhd5zXJpHmOwwMCWp8ptouLO31CvlG
aKQh4eVqv6m8SfsCeNFUT0AtVADU+b6ZcVoh2ALurUL+gnLyVLxO1h/ixgAkp31P
m0KFnUqPlByGCur6bPNJIN8TAjLFxuY63O9D0hajLwKoaCpO7hnhS8pwGBBmiTWI
pedQ6FUefiTvJXDOxukfOVmIPlycoI7BjJVsTDVRPaHl0mLsqfzfWkDD0aFefCF9
QPxzb0zMJzSp3eyaLuxCcwYhWwFk1za6MxTfVEi9YnFZa79DGl7xHEd2chfb5FQV
an3SvAWOxGB8PFFzzJQFBvQjQLWI6t3chCu3i4iDusp5YEjKIDGas/437bt6eaWj
VrnV0Nu5RoFj71el6Nshla0nNAWDSHr5WZexVrF/STxT380i2AuKdzKWaaPf1VLK
L7EUXBKz5t5sTZ8qS8EomTfKiA4FwIfYt0slEF8VdxuCVm9qvcWUW0ypaTtEsghB
0JUA4OXdAfm3o9RIgTISzp9xp1ZZ4IADgd5WAMTErCe/Ybdzyn6c+40PH3LyWqU0
YyuBwmFlRcf8SsT0UncwS32mg+bVY73VF18/zmJS03PpN4TAf0PG1dzdfE/kq/o4
sT+L9Bf//zAYybEOcHTdpTVP2pCq6adqEf92fb0eRu1VTtJb+EGOW0RYncJzHRqd
y6YTG1I5sn1Mn0vSAPDYEeTCRzEy/AIAr3YCF+oWbtPBv1zet8IElMbNaOFn5BnY
8AQ6Lj8tjn2aKaAYMhC6+t1Ra3FPNnAZBu42YojH6J2xv6lQWwcCPN+7YcPlsd3p
F8SamJe+FyJF2QtdWCBEjVJEOtM5qsVUKNSU6jPfme0TeYoYjAmZ1W3W6Ek8ETjT
2euh5RL4yr1670YH9cLAFNNd8Rj2sNHX8VgtOxIiVtxQIH7zZRDR/Lvu7ctu7M/D
N2hMbjeKb8lWxkWt+hKpItJC0MdCZieV4htBMH0JPb1FjeFYpUH8bdvs3MNKsSMm
ZVcnxkuxVRhzlp119zT7brd2ohvd1LeFrRbPYA94Oq1NCD4QubFqiPCO/8PkPpfb
/CEtHlHbj9fWbncZvE2uwISd6uWPyZdtr0wX3vXE5aDdTvGq6snyOd87KfghoaDm
kixHOJWXxyDjxBFCsAJN2ohD9SQPaaP7Xlju0HBQuEkljJmQBvY/iThDoJrrlxnl
X7gRjRgE6hbbBDqv4keUxsaPobt8Hkf+dnceFrJ05SMvAYYOvyAK/o86CkSMXDrf
YPBYeGaYUICxSg6f2KIIbI4mPOckodqImZwXVHhw1IQEzFiM0faTo77if3HcAWWZ
1ZcgTodBiRCfYsJemaBfMYmcZ9TS2QRcJkjNDBhQw8PrPofEBPYW5hjb7rG/c4uw
SaYqsFdo43aHTjWSLY9uMdQnLNKwb+Jpi6QJDzU4jNQoyo5QqmUHnZpyBLB3lPMg
RErlfNuEKRGpUNl136le7tzUEb5rBmKqZpnE1SKeF0zlJZigj0Z4NDp9+wfylSB0
pEpaIYfRf9mx/rD/kDRKFcuT5TgCjHYMS0twxEqvRAe9Qc417sba+C89AIRnz/Ch
l8gzJqKB1cwZp93FMENuY81R4U2lpOws
</Encrypted>
      <PayMethod>Card</PayMethod>
      <ResultCode>120000</ResultCode>
      <ResultMsg urlencode="1">%C1%A4%BB%F3%C3%B3%B8%AE%B5%C7%BE%FA%BD%C0%B4%CF%B4%D9.</ResultMsg>
    </Payment>
  </PaymentInfo>
  <ManageInfo>
    <EventCode>1</EventCode>
    <OrgCurrency></OrgCurrency>
    <ExchangeRate></ExchangeRate>
    <OrgPrice></OrgPrice>
  </ManageInfo>
  <ReservedInfo>
    <MReserved1 urlencode="1"></MReserved1>
    <MReserved2 urlencode="1"></MReserved2>
    <MReserved3 urlencode="1"></MReserved3>
    <PGReserved1 urlencode="1"></PGReserved1>
    <PGReserved2 urlencode="1"></PGReserved2>
    <PGReserved3 urlencode="1"></PGReserved3>
  </ReservedInfo>
</INIpay>
BUB0BVV9yuh2OMQMBuHaDOMqVwa8HJ3eaSQYqezgsEnT3tSr2EDRN6FVAfr3hxTL
ikgJDPg0oPhrsNQUxI98sk3v2SfMck8vdOb8hG7ntbZusA6eBCruCKT2i6nSFH7v
Xrbb9WT8TOyReLLNHupn2Tj8gEkn3rlx7EOcqh/N6xw=
]
INFO	[2014-07-15 12:15:05:560] <19410> VERIFY OK
INFO	[2014-07-15 12:15:05:560] <19410> PARSE HEAD OK
INFO	[2014-07-15 12:15:05:563] <19410> PARSE BODY OK
INFO	[2014-07-15 12:15:05:565] <19410> DECRYPT OK
DEBUG	[2014-07-15 12:15:05:565] <19410> DECRYPT MSG:[<?xml version="1.0" encoding="UTF-8"?>
<PaymentInfo>
  <Payment>
    <EASYPAY/>
    <Card>
      <CARD_ApplPrice>89000</CARD_ApplPrice>
      <CARD_Num>541145000793</CARD_Num>
      <CARD_Expire></CARD_Expire>
      <CARD_Code>12</CARD_Code>
      <CARD_BankCode>00</CARD_BankCode>
      <CARD_Quota>03</CARD_Quota>
      <CARD_Interest>0</CARD_Interest>
      <CARD_Point></CARD_Point>
      <CARD_AuthType>99</CARD_AuthType>
      <CARD_RegNum></CARD_RegNum>
      <CARD_ApplDate>20140715</CARD_ApplDate>
      <CARD_ApplTime>121505</CARD_ApplTime>
      <CARD_ApplNum>15793309</CARD_ApplNum>
      <CARD_TerminalNum>019048y000</CARD_TerminalNum>
      <CARD_MemberNum></CARD_MemberNum>
      <CARD_PurchaseCode></CARD_PurchaseCode>
      <CARD_ResultCode>120000</CARD_ResultCode>
      <CARD_ResultMsg urlencode="1">%C1%A4%BB%F3%C3%B3%B8%AE%B5%C7%BE%FA%BD%C0%B4%CF%B4%D9.</CARD_ResultMsg>
      <CARD_PrtcCode>1</CARD_PrtcCode>
      <CARD_Quota_Point>03</CARD_Quota_Point>
      <CARD_CheckFlag>0</CARD_CheckFlag>
      <CARD_PurchaseName urlencode="1"></CARD_PurchaseName>
      <CARD_IssuerName urlencode="1"></CARD_IssuerName>
      <CARD_JoinUsePoint></CARD_JoinUsePoint>
    </Card>
  </Payment>
</PaymentInfo>]
INFO	[2014-07-15 12:15:05:567] <19410> DECRYPT PARSE OK
INFO	[2014-07-15 12:15:05:567] <19410> WAIT ACK INVOKING
DEBUG	[2014-07-15 12:15:05:567] <19410> MAKE HEAD OK
INFO	[2014-07-15 12:15:05:571] <19410> SUCCESS ACK INVOKING
INFO	[2014-07-15 12:15:05:571] <19410> END securepay 정상처리되었습니다. Laptime:[0.76sec]
INFO	[2014-07-15 12:15:05:571] <19410> ===============================================================
