INFO	[2014-06-05 16:38:39:901] <6751> START INIPHP chkfake (V5031-111123)(OS:Linux2.6.18-371.8.1.el5,PHP:5.2.17)
DEBUG	[2014-06-05 16:38:39:902] <6751> inipayhome:/www/loosfly_godo_co_kr/shop/order/card/inipay
DEBUG	[2014-06-05 16:38:39:902] <6751> type:chkfake
DEBUG	[2014-06-05 16:38:39:902] <6751> debug:true
DEBUG	[2014-06-05 16:38:39:902] <6751> enctype:asym
DEBUG	[2014-06-05 16:38:39:902] <6751> admin:1111
DEBUG	[2014-06-05 16:38:39:902] <6751> checkopt:false
DEBUG	[2014-06-05 16:38:39:902] <6751> mid:GODOloosfl
DEBUG	[2014-06-05 16:38:39:902] <6751> price:79000
DEBUG	[2014-06-05 16:38:39:902] <6751> nointerest:no
DEBUG	[2014-06-05 16:38:39:902] <6751> quotabase:선택:일시불:2개월:3개월:4개월:5개월:6개월:7개월:8개월:9개월:10개월:11개월:12개월
INFO	[2014-06-05 16:38:39:902] <6751> Check Field OK
INFO	[2014-06-05 16:38:39:910] <6751> MERCHANT PRIV KEY LOAD OK
INFO	[2014-06-05 16:38:39:914] <6751> MERCHANT PUB KEY LOAD OK []
INFO	[2014-06-05 16:38:39:917] <6751> CHKFAKE KEY MAKE OK:MjAxNDA2MDUxNjM4Mzk5MTQyODc1NA==

INFO	[2014-06-05 16:38:39:917] <6751> END chkfake  Laptime:[0.02sec]
INFO	[2014-06-05 16:38:39:917] <6751> ===============================================================
INFO	[2014-06-05 16:44:23:575] <22836> START INIPHP chkfake (V5031-111123)(OS:Linux2.6.18-371.8.1.el5,PHP:5.2.17)
DEBUG	[2014-06-05 16:44:23:575] <22836> inipayhome:/www/loosfly_godo_co_kr/shop/order/card/inipay
DEBUG	[2014-06-05 16:44:23:575] <22836> type:chkfake
DEBUG	[2014-06-05 16:44:23:575] <22836> debug:true
DEBUG	[2014-06-05 16:44:23:575] <22836> enctype:asym
DEBUG	[2014-06-05 16:44:23:575] <22836> admin:1111
DEBUG	[2014-06-05 16:44:23:575] <22836> checkopt:false
DEBUG	[2014-06-05 16:44:23:575] <22836> mid:GODOloosfl
DEBUG	[2014-06-05 16:44:23:575] <22836> price:89000
DEBUG	[2014-06-05 16:44:23:575] <22836> nointerest:no
DEBUG	[2014-06-05 16:44:23:575] <22836> quotabase:선택:일시불:2개월:3개월:4개월:5개월:6개월:7개월:8개월:9개월:10개월:11개월:12개월
INFO	[2014-06-05 16:44:23:575] <22836> Check Field OK
INFO	[2014-06-05 16:44:23:575] <22836> MERCHANT PRIV KEY LOAD OK
INFO	[2014-06-05 16:44:23:576] <22836> MERCHANT PUB KEY LOAD OK []
INFO	[2014-06-05 16:44:23:577] <22836> CHKFAKE KEY MAKE OK:MjAxNDA2MDUxNjQ0MjM1NzY2NDA4OA==

INFO	[2014-06-05 16:44:23:577] <22836> END chkfake  Laptime:[0sec]
INFO	[2014-06-05 16:44:23:577] <22836> ===============================================================
