INFO	[2014-09-13 00:29:27:944] <369> START INIPHP chkfake (V5031-111123)(OS:Linux2.6.18-371.11.1.el5,PHP:5.2.17)
DEBUG	[2014-09-13 00:29:27:948] <369> inipayhome:/www/loosfly_godo_co_kr/shop/order/card/inipay
DEBUG	[2014-09-13 00:29:27:948] <369> type:chkfake
DEBUG	[2014-09-13 00:29:27:948] <369> debug:true
DEBUG	[2014-09-13 00:29:27:948] <369> enctype:asym
DEBUG	[2014-09-13 00:29:27:948] <369> admin:1111
DEBUG	[2014-09-13 00:29:27:948] <369> checkopt:false
DEBUG	[2014-09-13 00:29:27:948] <369> mid:GODOloosfl
DEBUG	[2014-09-13 00:29:27:948] <369> price:178000
DEBUG	[2014-09-13 00:29:27:948] <369> nointerest:no
DEBUG	[2014-09-13 00:29:27:948] <369> quotabase:선택:일시불:2개월:3개월:4개월:5개월:6개월:7개월:8개월:9개월:10개월:11개월:12개월
INFO	[2014-09-13 00:29:27:948] <369> Check Field OK
INFO	[2014-09-13 00:29:27:978] <369> MERCHANT PRIV KEY LOAD OK
INFO	[2014-09-13 00:29:27:982] <369> MERCHANT PUB KEY LOAD OK []
INFO	[2014-09-13 00:29:27:985] <369> CHKFAKE KEY MAKE OK:MjAxNDA5MTMwMDI5Mjc5ODI2MDE5MA==

INFO	[2014-09-13 00:29:27:986] <369> END chkfake  Laptime:[0.06sec]
INFO	[2014-09-13 00:29:27:986] <369> ===============================================================
INFO	[2014-09-13 00:29:37:649] <383> START INIPHP chkfake (V5031-111123)(OS:Linux2.6.18-371.11.1.el5,PHP:5.2.17)
DEBUG	[2014-09-13 00:29:37:649] <383> inipayhome:/www/loosfly_godo_co_kr/shop/order/card/inipay
DEBUG	[2014-09-13 00:29:37:649] <383> type:chkfake
DEBUG	[2014-09-13 00:29:37:649] <383> debug:true
DEBUG	[2014-09-13 00:29:37:649] <383> enctype:asym
DEBUG	[2014-09-13 00:29:37:649] <383> admin:1111
DEBUG	[2014-09-13 00:29:37:649] <383> checkopt:false
DEBUG	[2014-09-13 00:29:37:649] <383> mid:GODOloosfl
DEBUG	[2014-09-13 00:29:37:649] <383> price:178000
DEBUG	[2014-09-13 00:29:37:649] <383> nointerest:no
DEBUG	[2014-09-13 00:29:37:649] <383> quotabase:선택:일시불:2개월:3개월:4개월:5개월:6개월:7개월:8개월:9개월:10개월:11개월:12개월
INFO	[2014-09-13 00:29:37:649] <383> Check Field OK
INFO	[2014-09-13 00:29:37:650] <383> MERCHANT PRIV KEY LOAD OK
INFO	[2014-09-13 00:29:37:650] <383> MERCHANT PUB KEY LOAD OK []
INFO	[2014-09-13 00:29:37:651] <383> CHKFAKE KEY MAKE OK:MjAxNDA5MTMwMDI5Mzc2NTAxMzk5MQ==

INFO	[2014-09-13 00:29:37:651] <383> END chkfake  Laptime:[0sec]
INFO	[2014-09-13 00:29:37:651] <383> ===============================================================
INFO	[2014-09-13 00:30:51:601] <13145> START INIPHP chkfake (V5031-111123)(OS:Linux2.6.18-371.11.1.el5,PHP:5.2.17)
DEBUG	[2014-09-13 00:30:51:601] <13145> inipayhome:/www/loosfly_godo_co_kr/shop/order/card/inipay
DEBUG	[2014-09-13 00:30:51:601] <13145> type:chkfake
DEBUG	[2014-09-13 00:30:51:601] <13145> debug:true
DEBUG	[2014-09-13 00:30:51:601] <13145> enctype:asym
DEBUG	[2014-09-13 00:30:51:601] <13145> admin:1111
DEBUG	[2014-09-13 00:30:51:601] <13145> checkopt:false
DEBUG	[2014-09-13 00:30:51:601] <13145> mid:GODOloosfl
DEBUG	[2014-09-13 00:30:51:601] <13145> price:178000
DEBUG	[2014-09-13 00:30:51:601] <13145> nointerest:no
DEBUG	[2014-09-13 00:30:51:601] <13145> quotabase:선택:일시불:2개월:3개월:4개월:5개월:6개월:7개월:8개월:9개월:10개월:11개월:12개월
INFO	[2014-09-13 00:30:51:602] <13145> Check Field OK
INFO	[2014-09-13 00:30:51:602] <13145> MERCHANT PRIV KEY LOAD OK
INFO	[2014-09-13 00:30:51:602] <13145> MERCHANT PUB KEY LOAD OK []
INFO	[2014-09-13 00:30:51:603] <13145> CHKFAKE KEY MAKE OK:MjAxNDA5MTMwMDMwNTE2MDI1MDY3Nw==

INFO	[2014-09-13 00:30:51:604] <13145> END chkfake  Laptime:[0sec]
INFO	[2014-09-13 00:30:51:604] <13145> ===============================================================
INFO	[2014-09-13 00:31:12:101] <13635> START INIPHP chkfake (V5031-111123)(OS:Linux2.6.18-371.11.1.el5,PHP:5.2.17)
DEBUG	[2014-09-13 00:31:12:101] <13635> inipayhome:/www/loosfly_godo_co_kr/shop/order/card/inipay
DEBUG	[2014-09-13 00:31:12:101] <13635> type:chkfake
DEBUG	[2014-09-13 00:31:12:101] <13635> debug:true
DEBUG	[2014-09-13 00:31:12:101] <13635> enctype:asym
DEBUG	[2014-09-13 00:31:12:101] <13635> admin:1111
DEBUG	[2014-09-13 00:31:12:101] <13635> checkopt:false
DEBUG	[2014-09-13 00:31:12:101] <13635> mid:GODOloosfl
DEBUG	[2014-09-13 00:31:12:101] <13635> price:178000
DEBUG	[2014-09-13 00:31:12:101] <13635> nointerest:no
DEBUG	[2014-09-13 00:31:12:101] <13635> quotabase:선택:일시불:2개월:3개월:4개월:5개월:6개월:7개월:8개월:9개월:10개월:11개월:12개월
INFO	[2014-09-13 00:31:12:102] <13635> Check Field OK
INFO	[2014-09-13 00:31:12:102] <13635> MERCHANT PRIV KEY LOAD OK
INFO	[2014-09-13 00:31:12:102] <13635> MERCHANT PUB KEY LOAD OK []
INFO	[2014-09-13 00:31:12:103] <13635> CHKFAKE KEY MAKE OK:MjAxNDA5MTMwMDMxMTIxMDIxODk1OQ==

INFO	[2014-09-13 00:31:12:104] <13635> END chkfake  Laptime:[0sec]
INFO	[2014-09-13 00:31:12:104] <13635> ===============================================================
INFO	[2014-09-13 00:34:04:627] <22574> START INIPHP chkfake (V5031-111123)(OS:Linux2.6.18-371.11.1.el5,PHP:5.2.17)
DEBUG	[2014-09-13 00:34:04:627] <22574> inipayhome:/www/loosfly_godo_co_kr/shop/order/card/inipay
DEBUG	[2014-09-13 00:34:04:627] <22574> type:chkfake
DEBUG	[2014-09-13 00:34:04:627] <22574> debug:true
DEBUG	[2014-09-13 00:34:04:627] <22574> enctype:asym
DEBUG	[2014-09-13 00:34:04:627] <22574> admin:1111
DEBUG	[2014-09-13 00:34:04:627] <22574> checkopt:false
DEBUG	[2014-09-13 00:34:04:627] <22574> mid:GODOloosfl
DEBUG	[2014-09-13 00:34:04:627] <22574> price:178000
DEBUG	[2014-09-13 00:34:04:627] <22574> nointerest:no
DEBUG	[2014-09-13 00:34:04:627] <22574> quotabase:선택:일시불:2개월:3개월:4개월:5개월:6개월:7개월:8개월:9개월:10개월:11개월:12개월
INFO	[2014-09-13 00:34:04:627] <22574> Check Field OK
INFO	[2014-09-13 00:34:04:628] <22574> MERCHANT PRIV KEY LOAD OK
INFO	[2014-09-13 00:34:04:628] <22574> MERCHANT PUB KEY LOAD OK []
INFO	[2014-09-13 00:34:04:629] <22574> CHKFAKE KEY MAKE OK:MjAxNDA5MTMwMDM0MDQ2Mjg3ODMxMA==

INFO	[2014-09-13 00:34:04:629] <22574> END chkfake  Laptime:[0sec]
INFO	[2014-09-13 00:34:04:629] <22574> ===============================================================
INFO	[2014-09-13 15:33:04:504] <2570> START INIPHP chkfake (V5031-111123)(OS:Linux2.6.18-371.11.1.el5,PHP:5.2.17)
DEBUG	[2014-09-13 15:33:04:506] <2570> inipayhome:/www/loosfly_godo_co_kr/shop/order/card/inipay
DEBUG	[2014-09-13 15:33:04:506] <2570> type:chkfake
DEBUG	[2014-09-13 15:33:04:506] <2570> debug:true
DEBUG	[2014-09-13 15:33:04:506] <2570> enctype:asym
DEBUG	[2014-09-13 15:33:04:506] <2570> admin:1111
DEBUG	[2014-09-13 15:33:04:506] <2570> checkopt:false
DEBUG	[2014-09-13 15:33:04:506] <2570> mid:GODOloosfl
DEBUG	[2014-09-13 15:33:04:506] <2570> price:158000
DEBUG	[2014-09-13 15:33:04:506] <2570> nointerest:no
DEBUG	[2014-09-13 15:33:04:506] <2570> quotabase:선택:일시불:2개월:3개월:4개월:5개월:6개월:7개월:8개월:9개월:10개월:11개월:12개월
INFO	[2014-09-13 15:33:04:506] <2570> Check Field OK
INFO	[2014-09-13 15:33:04:517] <2570> MERCHANT PRIV KEY LOAD OK
INFO	[2014-09-13 15:33:04:522] <2570> MERCHANT PUB KEY LOAD OK []
INFO	[2014-09-13 15:33:04:524] <2570> CHKFAKE KEY MAKE OK:MjAxNDA5MTMxNTMzMDQ1MjI2MzYyMA==

INFO	[2014-09-13 15:33:04:524] <2570> END chkfake  Laptime:[0.03sec]
INFO	[2014-09-13 15:33:04:524] <2570> ===============================================================
INFO	[2014-09-13 15:35:17:66] <387> START INIPHP securepay (V5031-111123)(OS:Linux2.6.18-371.11.1.el5,PHP:5.2.17)
DEBUG	[2014-09-13 15:35:17:66] <387> inipayhome:/www/loosfly_godo_co_kr/shop/order/card/inipay
DEBUG	[2014-09-13 15:35:17:66] <387> type:securepay
DEBUG	[2014-09-13 15:35:17:66] <387> pgid:INIphpCARD
DEBUG	[2014-09-13 15:35:17:66] <387> subpgip:203.238.3.10
DEBUG	[2014-09-13 15:35:17:66] <387> admin:1111
DEBUG	[2014-09-13 15:35:17:66] <387> debug:true
DEBUG	[2014-09-13 15:35:17:66] <387> uid:
DEBUG	[2014-09-13 15:35:17:66] <387> goodname:Semi-tight Contrast Pants (Indigo/Gray) 외1건
DEBUG	[2014-09-13 15:35:17:66] <387> currency:WON
DEBUG	[2014-09-13 15:35:17:66] <387> mid:GODOloosfl
DEBUG	[2014-09-13 15:35:17:66] <387> rn:MjAxNDA5MTMxNTMzMDQ1MjI2MzYyMA==

DEBUG	[2014-09-13 15:35:17:66] <387> price:158000
DEBUG	[2014-09-13 15:35:17:66] <387> enctype:
DEBUG	[2014-09-13 15:35:17:66] <387> buyername:이설희
DEBUG	[2014-09-13 15:35:17:66] <387> buyertel:010-8438-2503
DEBUG	[2014-09-13 15:35:17:66] <387> buyeremail:tjftjf@hanmail.net
DEBUG	[2014-09-13 15:35:17:66] <387> paymethod:Card
DEBUG	[2014-09-13 15:35:17:66] <387> encrypted:Version=4.1&PayMethod=Card&RsaKeyNum=1&EncryptionAlgorithm=SEED-CBC&SignAlgorithm=RSAwithSHA1&CertVer=39&moid=1410589765065&ver_trace=main(6086,6053)card(6114,6104)n(6008)Cs(6022)Dt(6002)Pa(6002)Cf(6024)Fv(0000)La(6130)Re(6083)Vr(6006)P(6033)en(6038)nP(6006)&pg1=211.219.96.180&pg2=203.238.37.3&pg1ip=211.219.96.180&pg2ip=203.238.37.3&agreeflag=1111&Data=PF04cM86zw892fU2liZQn2qMGPcsrNTAnlD5TzFHHo5uMkNdmm3erWYp/X0VQomG
0Bi2Sy85tIq2wAwphL08tBF/0gz3JTwV+btanOy4OdWZJDftHsrCDr5wJZGcjAhE
jUFJbRalD5TUbAnfXC82Cnf2e9yfQzdaOfRN+cLmpCa9ulJB1Qs40sFpxj37rc/r
KrWvy4qnfAQO6xOATK5xu9AvHG6JGImVzF2Pc4YuZ28aQnMKTUuoOluAI6We+PRi
6Z70y6MnfN99Up3IyzDagMfAOGDWspG6IJiU7BcFP1BiWONA8vKTM7Zh0PbdMFTI
5wOcS0nX+nhy2xqe7zVhmbXd0SG0B8PW2r/GKSL5O7v6P4b1nCSi3pit1V0AfOdG
XWnQyz0PP7YlJSE8LrXBMaI2OO32rV+Q7Mu/c+BBTRYQXz6i6nxUY1VMxwWPogMN
OS5suVNT4BlG8YTgErhfMF+IBDhzVkhLNdYVc3TTPTPKo0qPdUZcR4Vvwl9PKy3w
6PGi5mkrue6YmUH5QIkGoXhMewz+zmxultoA5t+d8Fx2n7nPeu3+PBsVKCpYZJQf
Xjg3kJo69ow6zhAZGSV4oa6aKJEJw63xVvhsWolWHEdFCdx7gejC1Trbxjpn+9lD
fYCUlQ86fbXqWVimlgN9bdhJ8+YXHocI83okoY+15UbKhNi3
DEBUG	[2014-09-13 15:35:17:66] <387> sessionkey:oI8uByF58Toi/BL1y+ERdiCyQerFnxUfebRzMe8XCTQTT/BzdlD06i6AaMpemZ3z
8bNYVhCzejL6njeolcfBPnAUC1LjH0rVtQgpUfXtMoAomqZGW7HGvkTcUPkBybtQ
yMpXAkwXQVeb3uWGEDSY4ZHKVtW+yD3tvdpj+Pj00Jw=
DEBUG	[2014-09-13 15:35:17:66] <387> url:http://www.loosfly.com
DEBUG	[2014-09-13 15:35:17:66] <387> cardcode:14
DEBUG	[2014-09-13 15:35:17:66] <387> parentemail:tjftjf@hanmail.net
DEBUG	[2014-09-13 15:35:17:66] <387> recvname:이설희
DEBUG	[2014-09-13 15:35:17:66] <387> recvtel:010-8438-2503
DEBUG	[2014-09-13 15:35:17:66] <387> recvaddr:경기도 고양시 덕양구 관산동 996 주공그린빌아파트 111-602
DEBUG	[2014-09-13 15:35:17:66] <387> recvpostnum:412-765
DEBUG	[2014-09-13 15:35:17:66] <387> recvmsg:부재시 경비실에 맡겨 주시면 감사하겠습니다^^
DEBUG	[2014-09-13 15:35:17:66] <387> joincard:
DEBUG	[2014-09-13 15:35:17:66] <387> joinexpire:
DEBUG	[2014-09-13 15:35:17:66] <387> id_customer:
INFO	[2014-09-13 15:35:17:71] <387> Check Field OK
INFO	[2014-09-13 15:35:17:71] <387> Make TID OK INIphpCARDGODOloosfl20140913153517715745
INFO	[2014-09-13 15:35:17:71] <387> PI PUB KEY LOAD OK [39]
INFO	[2014-09-13 15:35:17:75] <387> PG PUB KEY LOAD OK [30]
INFO	[2014-09-13 15:35:17:75] <387> MERCHANT PRIV KEY LOAD OK
INFO	[2014-09-13 15:35:17:75] <387> MERCHANT PUB KEY LOAD OK [0]
INFO	[2014-09-13 15:35:17:77] <387> MAKE BODY OK
INFO	[2014-09-13 15:35:17:78] <387> SIGN OK
INFO	[2014-09-13 15:35:17:78] <387> MAKE HEAD OK
INFO	[2014-09-13 15:35:17:78] <387> MSG_TO_PG:[0319700175R SHA1                   0                  39                  300200GODOloosfl              158000INIphpCARDGODOloosfl20140913153517715745<?xml version="1.0" encoding="UTF-8"?>
<INIpay>
	  <GoodsInfo>
	    <GoodsCnt>1</GoodsCnt>
	    <MOID/>
	    <Currency>WON</Currency>
	    <Tax/>
	    <TaxFree/>
	    <Goods>
	      <SMID>GODOloosfl</SMID>
	      <GoodsName urlencode="1">Semi-tight+Contrast+Pants+%28Indigo%2FGray%29+%BF%DC1%B0%C7</GoodsName>
	      <GoodsPrice>158000</GoodsPrice></Goods></GoodsInfo>
	  <BuyerInfo>
	    <BuyerName urlencode="1">%C0%CC%BC%B3%C8%F1</BuyerName>
	    <BuyerTel>010-8438-2503</BuyerTel>
	    <BuyerEmail urlencode="1">tjftjf%40hanmail.net</BuyerEmail>
	    <ParentEmail urlencode="1">tjftjf%40hanmail.net</ParentEmail>
	    <RecvName urlencode="1">%C0%CC%BC%B3%C8%F1</RecvName>
	    <RecvTel urlencode="1">010-8438-2503</RecvTel>
	    <RecvMsg urlencode="1">%BA%CE%C0%E7%BD%C3+%B0%E6%BA%F1%BD%C7%BF%A1+%B8%C3%B0%DC+%C1%D6%BD%C3%B8%E9+%B0%A8%BB%E7%C7%CF%B0%DA%BD%C0%B4%CF%B4%D9%5E%5E</RecvMsg>
	    <RecvAddr urlencode="1">%B0%E6%B1%E2%B5%B5+%B0%ED%BE%E7%BD%C3+%B4%F6%BE%E7%B1%B8+%B0%FC%BB%EA%B5%BF+996+%C1%D6%B0%F8%B1%D7%B8%B0%BA%F4%BE%C6%C6%C4%C6%AE+111-602</RecvAddr>
	    <RecvPostNum urlencode="1">412-765</RecvPostNum></BuyerInfo>
	  <PaymentInfo>
	    <Payment>
	      <PayMethod>Card</PayMethod>
	      <JoinCard/>
	      <JoinExpire/>
	      <MailOrder/>
	      <SessionKey>oI8uByF58Toi/BL1y+ERdiCyQerFnxUfebRzMe8XCTQTT/BzdlD06i6AaMpemZ3z
8bNYVhCzejL6njeolcfBPnAUC1LjH0rVtQgpUfXtMoAomqZGW7HGvkTcUPkBybtQ
yMpXAkwXQVeb3uWGEDSY4ZHKVtW+yD3tvdpj+Pj00Jw=</SessionKey>
	      <Encrypted urlencode="1">Version%3D4.1%26PayMethod%3DCard%26RsaKeyNum%3D1%26EncryptionAlgorithm%3DSEED-CBC%26SignAlgorithm%3DRSAwithSHA1%26CertVer%3D39%26moid%3D1410589765065%26ver_trace%3Dmain%286086%2C6053%29card%286114%2C6104%29n%286008%29Cs%286022%29Dt%286002%29Pa%286002%29Cf%286024%29Fv%280000%29La%286130%29Re%286083%29Vr%286006%29P%286033%29en%286038%29nP%286006%29%26pg1%3D211.219.96.180%26pg2%3D203.238.37.3%26pg1ip%3D211.219.96.180%26pg2ip%3D203.238.37.3%26agreeflag%3D1111%26Data%3DPF04cM86zw892fU2liZQn2qMGPcsrNTAnlD5TzFHHo5uMkNdmm3erWYp%2FX0VQomG%0D%0A0Bi2Sy85tIq2wAwphL08tBF%2F0gz3JTwV%2BbtanOy4OdWZJDftHsrCDr5wJZGcjAhE%0D%0AjUFJbRalD5TUbAnfXC82Cnf2e9yfQzdaOfRN%2BcLmpCa9ulJB1Qs40sFpxj37rc%2Fr%0D%0AKrWvy4qnfAQO6xOATK5xu9AvHG6JGImVzF2Pc4YuZ28aQnMKTUuoOluAI6We%2BPRi%0D%0A6Z70y6MnfN99Up3IyzDagMfAOGDWspG6IJiU7BcFP1BiWONA8vKTM7Zh0PbdMFTI%0D%0A5wOcS0nX%2Bnhy2xqe7zVhmbXd0SG0B8PW2r%2FGKSL5O7v6P4b1nCSi3pit1V0AfOdG%0D%0AXWnQyz0PP7YlJSE8LrXBMaI2OO32rV%2BQ7Mu%2Fc%2BBBTRYQXz6i6nxUY1VMxwWPogMN%0D%0AOS5suVNT4BlG8YTgErhfMF%2BIBDhzVkhLNdYVc3TTPTPKo0qPdUZcR4Vvwl9PKy3w%0D%0A6PGi5mkrue6YmUH5QIkGoXhMewz%2BzmxultoA5t%2Bd8Fx2n7nPeu3%2BPBsVKCpYZJQf%0D%0AXjg3kJo69ow6zhAZGSV4oa6aKJEJw63xVvhsWolWHEdFCdx7gejC1Trbxjpn%2B9lD%0D%0AfYCUlQ86fbXqWVimlgN9bdhJ8%2BYXHocI83okoY%2B15UbKhNi3</Encrypted></Payment></PaymentInfo>
	  <ReservedInfo>
	    <MReserved1/>
	    <MReserved2/>
	    <MReserved3/></ReservedInfo>
	  <ManageInfo>
	    <Language/>
	    <URL urlencode="1">http%3A%2F%2Fwww.loosfly.com</URL>
	    <TXVersion>5031B111123securLinux     PHPchkfake   2.6.18-371.11.1.el5PHP:5.2.17 </TXVersion>
	    <TXUserID/>
	    <TXRegNum/>
	    <Ack>1</Ack>
	    <TXRN>MjAxNDA5MTMxNTMzMDQ1MjI2MzYyMA==
</TXRN></ManageInfo></INIpay>AZP9d+sZwS3Gv/zXCUiumO+hcMphtq5Pqe2QxDmbqS7ArwXzZt3LXgqA9x0Kafvd
xHNRhRBgPo38vLEU/lniWvvlQfqXy8YFRxlzmxySs0hfGzqQeSbFqXt+/MTf8mnX
3xJgBPck09LLkmEfUswx3MFNWNKbJQNQR5Xs81kdJGTP
]
INFO	[2014-09-13 15:35:17:84] <387> DNS LOOKUP OK(211.219.96.180:211.219.96.180:34049) laptime:0
INFO	[2014-09-13 15:35:17:88] <387> SOCKET CONNECT OK
INFO	[2014-09-13 15:35:17:88] <387> SEND OK
INFO	[2014-09-13 15:35:18:88] <387> RECV OK
INFO	[2014-09-13 15:35:18:88] <387> MSG_FROM_PG:[0301900175D SHA1                   0                  39                  300210GODOloosfl              158000INIphpCARDGODOloosfl20140913153517715745<?xml version="1.0" encoding="UTF-8"?>
<INIpay>
  <GoodsInfo>
    <GoodsCnt>1</GoodsCnt>
    <MOID urlencode="1">1410589765065</MOID>
    <Currency>WON</Currency>
    <Goods no="1">
      <SMID>GODOloosfl</SMID>
      <GoodsName urlencode="1">Semi-tight+Contrast+Pants+%28Indigo%2FGray%29+%BF%DC1%B0%C7</GoodsName>
      <GoodsCntS>1</GoodsCntS>
      <GoodsPrice>158000</GoodsPrice>
    </Goods>
  </GoodsInfo>
  <PaymentInfo>
    <Payment>
      <SessionKey>AWca3jdLlhQPTXPL1uod/ao1O9YNRVv1OD0UY3TDd5TiN8XrAR4wXCZq4TIAImCu
xEIWcT+6f/rbgjRBKb5CCQLtKrRdaxkbPITrzQD80EYN4J8cHWvBWoC4WttqoH03
J+TUAPBjOv09G3hA1MWQxff54Z4HSkEP44eU9y3GWixP1Yk2cgdKkWw=
</SessionKey>
      <Encrypted>NBy6OkXI0a4Pd2blgN6s9OcfF6XdKnvP3cDh6XkNhN4rqDbP37UJv9T5mS5qBbY1
yTsxTTFAohsd/WWycVc55GDg1dXABx6UxXl6njkg1/UYpmWcFLMum9GTg3OFOPh+
3a4sFtkpLRplWH/vERpdQ1EktooaVRob5c3jEHrdThZkWUrBSoj/cOXFS+g4X/cf
M7QhzJe+g+InmNQ70exLvY1Uwzsukiqj5TgZ22Lb9rvDqJxsHMjbxfIf8F2XCTp0
giyv7iEhqcQV7rVkVOPxlXLL9xc2fPy59GOFXwihbOCHr1PyzPLkKjG7e1X3IFou
m7iRZ3qQJu0VzoMdjQvsnpYgTfvyCE+UCWly6Y2yQbCOMvI8SUo91DHrdAhIm7XJ
1TrbafwfDQisMeM3nbWlRiZXm/9ZxIDCmER7OZPDOblz58gOyJ9gsKSazVIVGNFI
8sWUhMQMFmMTKsgUqpJrNjaQ5fuKYSMfOXh7NQ67GoIhkMie6Ya09samLeQtmXIl
lodTGe3VbwLKtVceLPPVLeqDHpsZHFTj4ionQaaxk8ts1FmT5p2dR6RlQRKb1ECa
VzR801zsBsckyFlvV2I8smOh88Vg4w3qaaKKUgxMEOpfCvGUhOLY1sKR2v3NSDJL
i9E3TNQumzC9BWxZF8pubr4dOe7q4ryK/4ZAdkPYKTp+XNRA8TrN/PS/nuadh0D3
qMgQ0rVXSW9pwEI9uWN5UW/8OBkfwpRSfR/piIp0hbbQRfRafLqQYfn2sSshNbn1
re0Njr6EZ/CQpp6dh6X9UqMs4QG3jHLA8kMrqdDpCMZxfbb6j1dVTSADBz40qM0x
zOLiDxp48VPZfE+K/ZE1+7PNuTmHEdJJ0XGtY/x3LThk7GeAS9ikX6dTT8ufI95A
Hwm5QkGzGJaP0VMORWfz3+L1f2N1vuEf4kMctw7p4I6+YgSzJ8JJ4/MFPB33x9yG
rxdfABviO3PrQ3basLr+9bBrOymP7j69qg4O7BiJ+mYpTpVn+4SEclHL8l7nPzMU
C1tW5tQGGqNxzwUemh0D3V2iAZj1nQocYUqCyEYCbh23nAzChSvWbpCYGpJdJU8c
2vwF9LtCXdftEUS1V34rt/Q0rEpd4Eja467r4l8ywCCcqs6NMyLGwve09N5VU4sZ
kHiAZdUKDYabLqR2ORBTv0did/TrNcetG4BDDihs6Og+bglsCu/rYXLdpShOZ2tV
rTjIaABnnppF223QM0fgwErQv5ESb/lOj4qHR3KOB6jXz6r+c8v8uu1iVzsg5oIZ
Pqjt6e6Yy3UKorgfmblYCg2fihQFRwHH+EOlDGAacst4iWVD80UvtkGJlPPLrSHb
N3LNKXvp3OJ/6r5EKdGavM9wjz+apEoWhqdjYRFBH8TqJFYdHZCco5NklYoiTCzc
G3fwR+WOTlMxCogA7dtrwD7vk3kiWGJiug9YsMgDYuqG6FCb6SKasuWg6K5vQwSa
aQJ7VZnfjvYOCLZl+sR9L2wwnU2U5LFBbINcEWx6oNiqArTduvA0W0dr0ukEP4+T
OUqBZd9zouW6ZQg9Pm/pJMXR8DgMRqqHzSzxCtQ/d4yhjFheKZfE9tGtuKelAA9m
Grwq8BymiJpmOZnG1GrndP30BIHv9Pa6
</Encrypted>
      <PayMethod>Card</PayMethod>
      <ResultCode>120000</ResultCode>
      <ResultMsg urlencode="1">%C1%A4%BB%F3%C3%B3%B8%AE%B5%C7%BE%FA%BD%C0%B4%CF%B4%D9.</ResultMsg>
    </Payment>
  </PaymentInfo>
  <ManageInfo>
    <EventCode>1</EventCode>
    <OrgCurrency></OrgCurrency>
    <ExchangeRate></ExchangeRate>
    <OrgPrice></OrgPrice>
  </ManageInfo>
  <ReservedInfo>
    <MReserved1 urlencode="1"></MReserved1>
    <MReserved2 urlencode="1"></MReserved2>
    <MReserved3 urlencode="1"></MReserved3>
    <PGReserved1 urlencode="1"></PGReserved1>
    <PGReserved2 urlencode="1"></PGReserved2>
    <PGReserved3 urlencode="1"></PGReserved3>
  </ReservedInfo>
</INIpay>
suSoLDVCgXaLBwWzudPPatp7lAmrttwuXaIcrLRdnn5CDYC4OE60OUMt9APa1+gp
O6UmTdMsD0KZ+v066TW541Z7L7B0+Qzcf+/bWpO/lEV6Uz4orxaNh8vG61yps2aw
QCfpp1SNffTpFwFXLl8wgdlh3rXYxTeeuajcLUTXQL4=
]
INFO	[2014-09-13 15:35:18:89] <387> VERIFY OK
INFO	[2014-09-13 15:35:18:89] <387> PARSE HEAD OK
INFO	[2014-09-13 15:35:18:93] <387> PARSE BODY OK
INFO	[2014-09-13 15:35:18:98] <387> DECRYPT OK
DEBUG	[2014-09-13 15:35:18:98] <387> DECRYPT MSG:[<?xml version="1.0" encoding="UTF-8"?>
<PaymentInfo>
  <Payment>
    <EASYPAY/>
    <Card>
      <CARD_ApplPrice>158000</CARD_ApplPrice>
      <CARD_Num>356297116611</CARD_Num>
      <CARD_Expire></CARD_Expire>
      <CARD_Code>14</CARD_Code>
      <CARD_BankCode>26</CARD_BankCode>
      <CARD_Quota>05</CARD_Quota>
      <CARD_Interest>0</CARD_Interest>
      <CARD_Point></CARD_Point>
      <CARD_AuthType>99</CARD_AuthType>
      <CARD_RegNum></CARD_RegNum>
      <CARD_ApplDate>20140913</CARD_ApplDate>
      <CARD_ApplTime>153518</CARD_ApplTime>
      <CARD_ApplNum>27137568</CARD_ApplNum>
      <CARD_TerminalNum>019048y000</CARD_TerminalNum>
      <CARD_MemberNum></CARD_MemberNum>
      <CARD_PurchaseCode></CARD_PurchaseCode>
      <CARD_ResultCode>120000</CARD_ResultCode>
      <CARD_ResultMsg urlencode="1">%C1%A4%BB%F3%C3%B3%B8%AE%B5%C7%BE%FA%BD%C0%B4%CF%B4%D9.</CARD_ResultMsg>
      <CARD_PrtcCode>1</CARD_PrtcCode>
      <CARD_Quota_Point>05</CARD_Quota_Point>
      <CARD_CheckFlag>0</CARD_CheckFlag>
      <CARD_PurchaseName urlencode="1"></CARD_PurchaseName>
      <CARD_IssuerName urlencode="1"></CARD_IssuerName>
      <CARD_JoinUsePoint></CARD_JoinUsePoint>
    </Card>
  </Payment>
</PaymentInfo>]
INFO	[2014-09-13 15:35:18:101] <387> DECRYPT PARSE OK
INFO	[2014-09-13 15:35:18:102] <387> WAIT ACK INVOKING
DEBUG	[2014-09-13 15:35:18:102] <387> MAKE HEAD OK
INFO	[2014-09-13 15:35:18:105] <387> SUCCESS ACK INVOKING
INFO	[2014-09-13 15:35:18:105] <387> END securepay 정상처리되었습니다. Laptime:[1.04sec]
INFO	[2014-09-13 15:35:18:105] <387> ===============================================================
