INFO	[2013-12-08 13:05:18:296] <4239> START INIPHP chkfake (V5031-111123)(OS:Linux2.6.18-371.1.2.el5,PHP:5.2.17)
DEBUG	[2013-12-08 13:05:18:300] <4239> inipayhome:/www/loosfly_godo_co_kr/shop/order/card/inipay
DEBUG	[2013-12-08 13:05:18:300] <4239> type:chkfake
DEBUG	[2013-12-08 13:05:18:300] <4239> debug:true
DEBUG	[2013-12-08 13:05:18:300] <4239> enctype:asym
DEBUG	[2013-12-08 13:05:18:300] <4239> admin:1111
DEBUG	[2013-12-08 13:05:18:300] <4239> checkopt:false
DEBUG	[2013-12-08 13:05:18:300] <4239> mid:GODOloosfl
DEBUG	[2013-12-08 13:05:18:300] <4239> price:99800
DEBUG	[2013-12-08 13:05:18:300] <4239> nointerest:no
DEBUG	[2013-12-08 13:05:18:300] <4239> quotabase:선택:일시불:2개월:3개월:4개월:5개월:6개월:7개월:8개월:9개월:10개월:11개월:12개월
INFO	[2013-12-08 13:05:18:300] <4239> Check Field OK
INFO	[2013-12-08 13:05:18:309] <4239> MERCHANT PRIV KEY LOAD OK
INFO	[2013-12-08 13:05:18:313] <4239> MERCHANT PUB KEY LOAD OK []
INFO	[2013-12-08 13:05:18:314] <4239> CHKFAKE KEY MAKE OK:MjAxMzEyMDgxMzA1MTgzMTM3NDU2NA==

INFO	[2013-12-08 13:05:18:314] <4239> END chkfake  Laptime:[0.03sec]
INFO	[2013-12-08 13:05:18:314] <4239> ===============================================================
INFO	[2013-12-08 13:06:13:218] <530> START INIPHP chkfake (V5031-111123)(OS:Linux2.6.18-371.1.2.el5,PHP:5.2.17)
DEBUG	[2013-12-08 13:06:13:218] <530> inipayhome:/www/loosfly_godo_co_kr/shop/order/card/inipay
DEBUG	[2013-12-08 13:06:13:218] <530> type:chkfake
DEBUG	[2013-12-08 13:06:13:218] <530> debug:true
DEBUG	[2013-12-08 13:06:13:218] <530> enctype:asym
DEBUG	[2013-12-08 13:06:13:218] <530> admin:1111
DEBUG	[2013-12-08 13:06:13:218] <530> checkopt:false
DEBUG	[2013-12-08 13:06:13:218] <530> mid:GODOloosfl
DEBUG	[2013-12-08 13:06:13:218] <530> price:99800
DEBUG	[2013-12-08 13:06:13:218] <530> nointerest:no
DEBUG	[2013-12-08 13:06:13:218] <530> quotabase:선택:일시불:2개월:3개월:4개월:5개월:6개월:7개월:8개월:9개월:10개월:11개월:12개월
INFO	[2013-12-08 13:06:13:218] <530> Check Field OK
INFO	[2013-12-08 13:06:13:218] <530> MERCHANT PRIV KEY LOAD OK
INFO	[2013-12-08 13:06:13:219] <530> MERCHANT PUB KEY LOAD OK []
INFO	[2013-12-08 13:06:13:220] <530> CHKFAKE KEY MAKE OK:MjAxMzEyMDgxMzA2MTMyMTk3ODAwNQ==

INFO	[2013-12-08 13:06:13:220] <530> END chkfake  Laptime:[0sec]
INFO	[2013-12-08 13:06:13:220] <530> ===============================================================
INFO	[2013-12-08 13:10:38:863] <4237> START INIPHP chkfake (V5031-111123)(OS:Linux2.6.18-371.1.2.el5,PHP:5.2.17)
DEBUG	[2013-12-08 13:10:38:863] <4237> inipayhome:/www/loosfly_godo_co_kr/shop/order/card/inipay
DEBUG	[2013-12-08 13:10:38:863] <4237> type:chkfake
DEBUG	[2013-12-08 13:10:38:863] <4237> debug:true
DEBUG	[2013-12-08 13:10:38:863] <4237> enctype:asym
DEBUG	[2013-12-08 13:10:38:863] <4237> admin:1111
DEBUG	[2013-12-08 13:10:38:863] <4237> checkopt:false
DEBUG	[2013-12-08 13:10:38:863] <4237> mid:GODOloosfl
DEBUG	[2013-12-08 13:10:38:863] <4237> price:99800
DEBUG	[2013-12-08 13:10:38:863] <4237> nointerest:no
DEBUG	[2013-12-08 13:10:38:863] <4237> quotabase:선택:일시불:2개월:3개월:4개월:5개월:6개월:7개월:8개월:9개월:10개월:11개월:12개월
INFO	[2013-12-08 13:10:38:864] <4237> Check Field OK
INFO	[2013-12-08 13:10:38:864] <4237> MERCHANT PRIV KEY LOAD OK
INFO	[2013-12-08 13:10:38:864] <4237> MERCHANT PUB KEY LOAD OK []
INFO	[2013-12-08 13:10:38:865] <4237> CHKFAKE KEY MAKE OK:MjAxMzEyMDgxMzEwMzg4NjQ4MDgyNg==

INFO	[2013-12-08 13:10:38:866] <4237> END chkfake  Laptime:[0.01sec]
INFO	[2013-12-08 13:10:38:866] <4237> ===============================================================
INFO	[2013-12-08 22:47:04:671] <26220> START INIPHP chkfake (V5031-111123)(OS:Linux2.6.18-371.1.2.el5,PHP:5.2.17)
DEBUG	[2013-12-08 22:47:04:675] <26220> inipayhome:/www/loosfly_godo_co_kr/shop/order/card/inipay
DEBUG	[2013-12-08 22:47:04:675] <26220> type:chkfake
DEBUG	[2013-12-08 22:47:04:675] <26220> debug:true
DEBUG	[2013-12-08 22:47:04:675] <26220> enctype:asym
DEBUG	[2013-12-08 22:47:04:675] <26220> admin:1111
DEBUG	[2013-12-08 22:47:04:675] <26220> checkopt:false
DEBUG	[2013-12-08 22:47:04:675] <26220> mid:GODOloosfl
DEBUG	[2013-12-08 22:47:04:675] <26220> price:99800
DEBUG	[2013-12-08 22:47:04:675] <26220> nointerest:no
DEBUG	[2013-12-08 22:47:04:675] <26220> quotabase:선택:일시불:2개월:3개월:4개월:5개월:6개월:7개월:8개월:9개월:10개월:11개월:12개월
INFO	[2013-12-08 22:47:04:679] <26220> Check Field OK
INFO	[2013-12-08 22:47:04:688] <26220> MERCHANT PRIV KEY LOAD OK
INFO	[2013-12-08 22:47:04:692] <26220> MERCHANT PUB KEY LOAD OK []
INFO	[2013-12-08 22:47:04:693] <26220> CHKFAKE KEY MAKE OK:MjAxMzEyMDgyMjQ3MDQ2OTIzNjQyOA==

INFO	[2013-12-08 22:47:04:693] <26220> END chkfake  Laptime:[0.02sec]
INFO	[2013-12-08 22:47:04:693] <26220> ===============================================================
INFO	[2013-12-08 23:00:16:905] <4231> START INIPHP securepay (V5031-111123)(OS:Linux2.6.18-371.1.2.el5,PHP:5.2.17)
DEBUG	[2013-12-08 23:00:16:905] <4231> inipayhome:/www/loosfly_godo_co_kr/shop/order/card/inipay
DEBUG	[2013-12-08 23:00:16:905] <4231> type:securepay
DEBUG	[2013-12-08 23:00:16:905] <4231> pgid:INIphpCARD
DEBUG	[2013-12-08 23:00:16:905] <4231> subpgip:203.238.3.10
DEBUG	[2013-12-08 23:00:16:905] <4231> admin:1111
DEBUG	[2013-12-08 23:00:16:905] <4231> debug:true
DEBUG	[2013-12-08 23:00:16:905] <4231> uid:
DEBUG	[2013-12-08 23:00:16:905] <4231> goodname:Basic Lace Leotard Type B (Violet) 외1건
DEBUG	[2013-12-08 23:00:16:905] <4231> currency:WON
DEBUG	[2013-12-08 23:00:16:905] <4231> mid:GODOloosfl
DEBUG	[2013-12-08 23:00:16:905] <4231> rn:MjAxMzEyMDgyMjQ3MDQ2OTIzNjQyOA==

DEBUG	[2013-12-08 23:00:16:905] <4231> price:99800
DEBUG	[2013-12-08 23:00:16:905] <4231> enctype:
DEBUG	[2013-12-08 23:00:16:905] <4231> buyername:김유선
DEBUG	[2013-12-08 23:00:16:905] <4231> buyertel:010-4736-5143
DEBUG	[2013-12-08 23:00:16:905] <4231> buyeremail:kimus5021@hanmail.net
DEBUG	[2013-12-08 23:00:16:905] <4231> paymethod:Card
DEBUG	[2013-12-08 23:00:16:905] <4231> encrypted:Version=4.1&PayMethod=Card&RsaKeyNum=1&EncryptionAlgorithm=SEED-CBC&SignAlgorithm=RSAwithSHA1&CertVer=39&moid=1386510398026&ver_trace=main(6076,6049)card(6097,6091)n(6008)Cs(6021)Dt(6002)Pa(6002)Cf(6024)Fv(0000)La(6117)Re(6071)Vr(6006)P(6033)en(6031)nP(6004)&pg1=203.238.37.3&pg2=211.219.96.180&pg1ip=203.238.37.3&pg2ip=211.219.96.180&agreeflag=1111&Data=g3T5lKp7D0D0S0/1YPt4Jx6BFM7GjrBmBSnyiJmISNjMz6dc1hF7EEumVqWTffoD
xLJ1RIOOPrSdWH0Uk7HD7iookLU6ubQqe36iEBeP4ORENrfiTosul7NoFUu5H0P2
riiCSujwyCgOdup6dCQejULbBoiWaV8daiJXYE/rK0XBAEtScl08buqlXSAS946r
zmgykuWLOAs9N4RDFEKdFRfKWk1FLDKb/FeAF+hJWB1w8Z/vOtHfDHsjk2lpnNZ2
R6A1SGQGXePfw1gRf5u71dm4NGqg+5SdniEwjAriQmeWNoGsYSxclGw43ZUXe64O
CfPteR7A9b3xbWOGMbDmoy5KSkdSGg+slRi5Vo1dKAn6C12E0NgiJp2g+bb5hgqy
Yff2jOV4+2EvOEK3CADV/uJJUUE16yGs6eslHPF/dOEYydssDEO/nehvN1N1dQ+l
V9dJe/LtFlNm77NT7bU8ZaBxPM72n82tSoXboZivtcluCMvSF5+94x2fTuWrKJxL
K89f+UoVgnOId8pG3OBv+fMMe7Azy/4ns88JrngH5rAKKXLTbO/wUqZSU2M2NFYU
MNppxdnss8V4xYuvGgH6qarEZYRKgOIz9YJehWMuswS0YRvRyd6GI2EdXD81oYoH
SJ3GhN9UI1Mf5jWCdgpEWY0rW4R7W4SLE0hT4zsauzRj7ILnhdLo2QPIGvjkmQwp
qA==
DEBUG	[2013-12-08 23:00:16:905] <4231> sessionkey:JFjQA8NIxJS/KSi4SuOthi0dkkObRM9GilPRzfluvbrOjNrdFzN7LD5+Byq3pHx2
947IRNcc90JvUs8L/xese6uq/ue1pnh6uEd7RGYrgOB5tnKTHm45JSeHu8+20jU5
cCCOaLGHrLEbu7FUelBliX627ttYLYC44y/IM37e//s=
DEBUG	[2013-12-08 23:00:16:905] <4231> url:http://www.loosfly.com
DEBUG	[2013-12-08 23:00:16:905] <4231> cardcode:04
DEBUG	[2013-12-08 23:00:16:905] <4231> parentemail:kimus5021@hanmail.net
DEBUG	[2013-12-08 23:00:16:905] <4231> recvname:김유선
DEBUG	[2013-12-08 23:00:16:905] <4231> recvtel:010-4736-5143
DEBUG	[2013-12-08 23:00:16:905] <4231> recvaddr:서울 노원구 하계동 학여울 청구아파트 108-1501 
DEBUG	[2013-12-08 23:00:16:905] <4231> recvpostnum:139-230
DEBUG	[2013-12-08 23:00:16:905] <4231> recvmsg:
DEBUG	[2013-12-08 23:00:16:905] <4231> joincard:
DEBUG	[2013-12-08 23:00:16:905] <4231> joinexpire:
DEBUG	[2013-12-08 23:00:16:905] <4231> id_customer:
INFO	[2013-12-08 23:00:16:905] <4231> Check Field OK
INFO	[2013-12-08 23:00:16:906] <4231> Make TID OK INIphpCARDGODOloosfl20131208230016052287
INFO	[2013-12-08 23:00:16:906] <4231> PI PUB KEY LOAD OK [39]
INFO	[2013-12-08 23:00:16:914] <4231> PG PUB KEY LOAD OK [30]
INFO	[2013-12-08 23:00:16:914] <4231> MERCHANT PRIV KEY LOAD OK
INFO	[2013-12-08 23:00:16:915] <4231> MERCHANT PUB KEY LOAD OK [0]
INFO	[2013-12-08 23:00:16:916] <4231> MAKE BODY OK
INFO	[2013-12-08 23:00:16:917] <4231> SIGN OK
INFO	[2013-12-08 23:00:16:918] <4231> MAKE HEAD OK
INFO	[2013-12-08 23:00:16:918] <4231> MSG_TO_PG:[0305400175R SHA1                   0                  39                  300200GODOloosfl               99800INIphpCARDGODOloosfl20131208230016052287<?xml version="1.0" encoding="UTF-8"?>
<INIpay>
	  <GoodsInfo>
	    <GoodsCnt>1</GoodsCnt>
	    <MOID/>
	    <Currency>WON</Currency>
	    <Tax/>
	    <TaxFree/>
	    <Goods>
	      <SMID>GODOloosfl</SMID>
	      <GoodsName urlencode="1">Basic+Lace+Leotard+Type+B+%28Violet%29+%BF%DC1%B0%C7</GoodsName>
	      <GoodsPrice>99800</GoodsPrice></Goods></GoodsInfo>
	  <BuyerInfo>
	    <BuyerName urlencode="1">%B1%E8%C0%AF%BC%B1</BuyerName>
	    <BuyerTel>010-4736-5143</BuyerTel>
	    <BuyerEmail urlencode="1">kimus5021%40hanmail.net</BuyerEmail>
	    <ParentEmail urlencode="1">kimus5021%40hanmail.net</ParentEmail>
	    <RecvName urlencode="1">%B1%E8%C0%AF%BC%B1</RecvName>
	    <RecvTel urlencode="1">010-4736-5143</RecvTel>
	    <RecvMsg/>
	    <RecvAddr urlencode="1">%BC%AD%BF%EF+%B3%EB%BF%F8%B1%B8+%C7%CF%B0%E8%B5%BF+%C7%D0%BF%A9%BF%EF+%C3%BB%B1%B8%BE%C6%C6%C4%C6%AE+108-1501+</RecvAddr>
	    <RecvPostNum urlencode="1">139-230</RecvPostNum></BuyerInfo>
	  <PaymentInfo>
	    <Payment>
	      <PayMethod>Card</PayMethod>
	      <JoinCard/>
	      <JoinExpire/>
	      <MailOrder/>
	      <SessionKey>JFjQA8NIxJS/KSi4SuOthi0dkkObRM9GilPRzfluvbrOjNrdFzN7LD5+Byq3pHx2
947IRNcc90JvUs8L/xese6uq/ue1pnh6uEd7RGYrgOB5tnKTHm45JSeHu8+20jU5
cCCOaLGHrLEbu7FUelBliX627ttYLYC44y/IM37e//s=</SessionKey>
	      <Encrypted urlencode="1">Version%3D4.1%26PayMethod%3DCard%26RsaKeyNum%3D1%26EncryptionAlgorithm%3DSEED-CBC%26SignAlgorithm%3DRSAwithSHA1%26CertVer%3D39%26moid%3D1386510398026%26ver_trace%3Dmain%286076%2C6049%29card%286097%2C6091%29n%286008%29Cs%286021%29Dt%286002%29Pa%286002%29Cf%286024%29Fv%280000%29La%286117%29Re%286071%29Vr%286006%29P%286033%29en%286031%29nP%286004%29%26pg1%3D203.238.37.3%26pg2%3D211.219.96.180%26pg1ip%3D203.238.37.3%26pg2ip%3D211.219.96.180%26agreeflag%3D1111%26Data%3Dg3T5lKp7D0D0S0%2F1YPt4Jx6BFM7GjrBmBSnyiJmISNjMz6dc1hF7EEumVqWTffoD%0D%0AxLJ1RIOOPrSdWH0Uk7HD7iookLU6ubQqe36iEBeP4ORENrfiTosul7NoFUu5H0P2%0D%0AriiCSujwyCgOdup6dCQejULbBoiWaV8daiJXYE%2FrK0XBAEtScl08buqlXSAS946r%0D%0AzmgykuWLOAs9N4RDFEKdFRfKWk1FLDKb%2FFeAF%2BhJWB1w8Z%2FvOtHfDHsjk2lpnNZ2%0D%0AR6A1SGQGXePfw1gRf5u71dm4NGqg%2B5SdniEwjAriQmeWNoGsYSxclGw43ZUXe64O%0D%0ACfPteR7A9b3xbWOGMbDmoy5KSkdSGg%2BslRi5Vo1dKAn6C12E0NgiJp2g%2Bbb5hgqy%0D%0AYff2jOV4%2B2EvOEK3CADV%2FuJJUUE16yGs6eslHPF%2FdOEYydssDEO%2FnehvN1N1dQ%2Bl%0D%0AV9dJe%2FLtFlNm77NT7bU8ZaBxPM72n82tSoXboZivtcluCMvSF5%2B94x2fTuWrKJxL%0D%0AK89f%2BUoVgnOId8pG3OBv%2BfMMe7Azy%2F4ns88JrngH5rAKKXLTbO%2FwUqZSU2M2NFYU%0D%0AMNppxdnss8V4xYuvGgH6qarEZYRKgOIz9YJehWMuswS0YRvRyd6GI2EdXD81oYoH%0D%0ASJ3GhN9UI1Mf5jWCdgpEWY0rW4R7W4SLE0hT4zsauzRj7ILnhdLo2QPIGvjkmQwp%0D%0AqA%3D%3D</Encrypted></Payment></PaymentInfo>
	  <ReservedInfo>
	    <MReserved1/>
	    <MReserved2/>
	    <MReserved3/></ReservedInfo>
	  <ManageInfo>
	    <Language/>
	    <URL urlencode="1">http%3A%2F%2Fwww.loosfly.com</URL>
	    <TXVersion>5031B111123securLinux     PHPchkfake   2.6.18-371.1.2.el5PHP:5.2.17  </TXVersion>
	    <TXUserID/>
	    <TXRegNum/>
	    <Ack>1</Ack>
	    <TXRN>MjAxMzEyMDgyMjQ3MDQ2OTIzNjQyOA==
</TXRN></ManageInfo></INIpay>AZWRiYc23MH1tJsgU87GXKFp+88RkABuXk67VwOBFfDm7KRvsQSxfxlPwIJlEUmf
F2Z5KZ0JuADdq6hl8vVdMJRyflC8DUQfPqsLbHr9v9C9QmGcNfN4oTvtpn7UdXNF
w2NBdleT8+HqyeSiaTFOMWtOZq96xTGqkfDKEAZ96nQv
]
INFO	[2013-12-08 23:00:16:918] <4231> DNS LOOKUP OK(203.238.37.3:203.238.37.3:34049) laptime:0
INFO	[2013-12-08 23:00:16:935] <4231> SOCKET CONNECT OK
INFO	[2013-12-08 23:00:16:935] <4231> SEND OK
INFO	[2013-12-08 23:00:17:629] <4231> RECV OK
INFO	[2013-12-08 23:00:17:629] <4231> MSG_FROM_PG:[0301000175D SHA1                   0                  39                  300210GODOloosfl               99800INIphpCARDGODOloosfl20131208230016052287<?xml version="1.0" encoding="UTF-8"?>
<INIpay>
  <GoodsInfo>
    <GoodsCnt>1</GoodsCnt>
    <MOID urlencode="1">1386510398026</MOID>
    <Currency>WON</Currency>
    <Goods no="1">
      <SMID>GODOloosfl</SMID>
      <GoodsName urlencode="1">Basic+Lace+Leotard+Type+B+%28Violet%29+%BF%DC1%B0%C7</GoodsName>
      <GoodsCntS>1</GoodsCntS>
      <GoodsPrice>99800</GoodsPrice>
    </Goods>
  </GoodsInfo>
  <PaymentInfo>
    <Payment>
      <SessionKey>ASP49WsXDnwJ1+BVzlYtEDqq41IQafdCsOhhtBxhHkRzvU7bmaltwoVCan9eg8hc
J13IthqV0woZFgZ2x3H+tkENwiTXkhPhT6iWeTUctZsuVa0hTpJ7ZXAysYAuQPWm
6P/IZoxXn4ArXBBSZIKKCIcno0YkZc/Eo6FiZ3de6C6XOQ8PhV6LWTQ=
</SessionKey>
      <Encrypted>aDGS2AM46/Q9bsIV1jeE/aEgf3uNh0Bc3hyv8T0eh5cDUXK5A1ZhpnmKckRv3w1q
+DW9EmOL0SyPBgehseoz7aCsTcon81rnEft1Y5C4pSwe+0RqBgrBjEq6qEIFOai6
4D8Lv6KUFTPQosdhWDSuBEnbTQ+QGy+CGbVJ29nsaYl51HuoBxYye96TdocVYQs6
MdqT/PKPFRdnKi56m2rotWerzPXvM1m4LD3t7uSHCGQ/rkxsbGIgJIsa5yM+EExA
Y1ONufeN+v8Tn0PRPLGgswjin5TwVElizJsBFuH7NHgmR4f4Q1rD5LrP34mGHfm8
N4wHBVxyCOYTYcu1MLtupXPgrGSbR8pF6jbu265BXZ4CoqovKt2ydpTL+0+x+J3W
h6XXHnVBUB0BUHx4gbMWIur4Ny2gkeVLktNbWnoySZ3RfhIsKLg6VSTjHzeiuhSW
O47xJwt+2AoCBE/aKwEiGnqnfXPJ+b8Ny2bJCUCBcv9f6LHnVBBGrC9heKxq/UXw
zxqApoREnSjuY4hFRpXGEUURi8n3SNoNzyoEgewFYM7I3+epCgQNGSH2eQuDbYLR
+5cUqAQ4vSqnVmtM3qMni+h/NS85qX0ZqZGAMDPyGzDfX49Y5Wr3tMEeDpfwtHkM
r6pY0Fxqn5eg5TEyGaoNKNxku6bO3w5q06RCNf1hiybTMLaefzohOXV9Lpbe2Ioj
2AnJY2Xe5uXGy9Bxj0TNig7T20nGQSMsFnP7Hq/F8N1IbZ8B57cvjbAJmxG8oKwk
XWAlCVIiKqTSAYd+RtUFr4lEcHVNJsKusPY59s6uwOl9SAOvqfPEO0flNzxp2eM0
ZLNvofl844uUt5brnJwjHtwFlU8Y7ICjNy2RK8JHgX30k2Nf8AUMtNni+VzALasu
Iw/GVjk+IMAFXQpZMEkOC4qAAHjaf9VhZCZMU06/UKj427rvuTPLMEEjxOaN1D5V
9Tw695PsBehLOZfNJcfaMXW1oE0wCGRNQy43rrQ0bY7vmFqfDNtonkAdc/RKEqVY
r1znm7c5XGW+mU3bBzAQvJbLlsjV+xpnf8+v+LuC402atyu5VBRv+Ky6WqeSAyI5
05aoq00jd6oPYdJUzMQz7wJx61SBK6OUFdKsNaa9hxL/lJni2mIKB+SEKoTpoRzR
XiAM7IvROTroBs6up1rGQFFNp7NdO2rodlojqf5aecmi5pOxH/IL9bvy1YhWt8tr
aHm5l92v8jLi3GdGZP+YdT9IHBfyNir5TxQLBonhPUv4Ppcj+CuTB8mlIx8IOGUX
VYjqP65CZsD3ibIrRL1O6HQfFKqzA5vYGA1jJmk0eNGxTs+dlZAVO9Ui/AEhpMDS
xNaZMRdnGiciyQnlMa6Bldc8qYcgyd0jTHieq12zvJPyGJEOBp/di2VOvd2COsIH
pgi5mndU5cGL2/xwi3+eltVxEWprdRjgWI0e61IUkNm//Qy5cY0PBiYdrpaVajf1
IUeY/xr7NmTYbLWn1Yq98hxfyrQSQpJIZCIoh7l/TWbe89Hqi7wigxor4h2MwwP6
sfrKTevx2T0LB7Q04orIlWOsJFxjmtFD23kFdFnXxAU1DNJnebRBSg8FWdXYfNo9
osDW2ZZXkU1N7nq/WIv6qYmswnWcS3/8
</Encrypted>
      <PayMethod>Card</PayMethod>
      <ResultCode>120000</ResultCode>
      <ResultMsg urlencode="1">%C1%A4%BB%F3%C3%B3%B8%AE%B5%C7%BE%FA%BD%C0%B4%CF%B4%D9.</ResultMsg>
    </Payment>
  </PaymentInfo>
  <ManageInfo>
    <EventCode></EventCode>
    <OrgCurrency></OrgCurrency>
    <ExchangeRate></ExchangeRate>
    <OrgPrice></OrgPrice>
  </ManageInfo>
  <ReservedInfo>
    <MReserved1 urlencode="1"></MReserved1>
    <MReserved2 urlencode="1"></MReserved2>
    <MReserved3 urlencode="1"></MReserved3>
    <PGReserved1 urlencode="1"></PGReserved1>
    <PGReserved2 urlencode="1"></PGReserved2>
    <PGReserved3 urlencode="1"></PGReserved3>
  </ReservedInfo>
</INIpay>
vZTub4lnmxkHGeh+9Jt63eiOSpnyiC+GSV960XcXqnOuIYG0ZCSVv6leV9KsOvIP
3Pm3fst4nnTt14TiOqC0eO6YWYloxJMgp6k3Yul+6EGfAdYfQLc8mis6q8UIGexi
6X5ybfgJWL7zw/p0t068yROO9VZm1/EJMHwsm/BxXx8=
]
INFO	[2013-12-08 23:00:17:629] <4231> VERIFY OK
INFO	[2013-12-08 23:00:17:629] <4231> PARSE HEAD OK
INFO	[2013-12-08 23:00:17:632] <4231> PARSE BODY OK
INFO	[2013-12-08 23:00:17:634] <4231> DECRYPT OK
DEBUG	[2013-12-08 23:00:17:634] <4231> DECRYPT MSG:[<?xml version="1.0" encoding="UTF-8"?>
<PaymentInfo>
  <Payment>
    <EASYPAY/>
    <Card>
      <CARD_ApplPrice>99800</CARD_ApplPrice>
      <CARD_Num>543333041073</CARD_Num>
      <CARD_Expire></CARD_Expire>
      <CARD_Code>04</CARD_Code>
      <CARD_BankCode>00</CARD_BankCode>
      <CARD_Quota>02</CARD_Quota>
      <CARD_Interest>0</CARD_Interest>
      <CARD_Point></CARD_Point>
      <CARD_AuthType>99</CARD_AuthType>
      <CARD_RegNum></CARD_RegNum>
      <CARD_ApplDate>20131208</CARD_ApplDate>
      <CARD_ApplTime>230018</CARD_ApplTime>
      <CARD_ApplNum>00985572</CARD_ApplNum>
      <CARD_TerminalNum>019048y000</CARD_TerminalNum>
      <CARD_MemberNum></CARD_MemberNum>
      <CARD_PurchaseCode></CARD_PurchaseCode>
      <CARD_ResultCode>120000</CARD_ResultCode>
      <CARD_ResultMsg urlencode="1">%C1%A4%BB%F3%C3%B3%B8%AE%B5%C7%BE%FA%BD%C0%B4%CF%B4%D9.</CARD_ResultMsg>
      <CARD_PrtcCode>1</CARD_PrtcCode>
      <CARD_Quota_Point>02</CARD_Quota_Point>
      <CARD_CheckFlag>0</CARD_CheckFlag>
      <CARD_PurchaseName urlencode="1"></CARD_PurchaseName>
      <CARD_IssuerName urlencode="1"></CARD_IssuerName>
      <CARD_JoinUsePoint></CARD_JoinUsePoint>
    </Card>
  </Payment>
</PaymentInfo>]
INFO	[2013-12-08 23:00:17:641] <4231> DECRYPT PARSE OK
INFO	[2013-12-08 23:00:17:641] <4231> WAIT ACK INVOKING
DEBUG	[2013-12-08 23:00:17:641] <4231> MAKE HEAD OK
INFO	[2013-12-08 23:00:17:646] <4231> SUCCESS ACK INVOKING
INFO	[2013-12-08 23:00:17:646] <4231> END securepay 정상처리되었습니다. Laptime:[0.74sec]
INFO	[2013-12-08 23:00:17:647] <4231> ===============================================================
