INFO	[2014-06-02 13:47:20:224] <5244> START INIPHP chkfake (V5031-111123)(OS:Linux2.6.18-371.8.1.el5,PHP:5.2.17)
DEBUG	[2014-06-02 13:47:20:224] <5244> inipayhome:/www/loosfly_godo_co_kr/shop/order/card/inipay
DEBUG	[2014-06-02 13:47:20:224] <5244> type:chkfake
DEBUG	[2014-06-02 13:47:20:224] <5244> debug:true
DEBUG	[2014-06-02 13:47:20:224] <5244> enctype:asym
DEBUG	[2014-06-02 13:47:20:224] <5244> admin:1111
DEBUG	[2014-06-02 13:47:20:224] <5244> checkopt:false
DEBUG	[2014-06-02 13:47:20:224] <5244> mid:GODOloosfl
DEBUG	[2014-06-02 13:47:20:224] <5244> price:69000
DEBUG	[2014-06-02 13:47:20:224] <5244> nointerest:no
DEBUG	[2014-06-02 13:47:20:224] <5244> quotabase:선택:일시불:2개월:3개월:4개월:5개월:6개월:7개월:8개월:9개월:10개월:11개월:12개월
INFO	[2014-06-02 13:47:20:224] <5244> Check Field OK
INFO	[2014-06-02 13:47:20:238] <5244> MERCHANT PRIV KEY LOAD OK
INFO	[2014-06-02 13:47:20:242] <5244> MERCHANT PUB KEY LOAD OK []
INFO	[2014-06-02 13:47:20:243] <5244> CHKFAKE KEY MAKE OK:MjAxNDA2MDIxMzQ3MjAyNDI3NjMyOQ==

INFO	[2014-06-02 13:47:20:243] <5244> END chkfake  Laptime:[0.03sec]
INFO	[2014-06-02 13:47:20:243] <5244> ===============================================================
INFO	[2014-06-02 13:49:30:449] <29936> START INIPHP securepay (V5031-111123)(OS:Linux2.6.18-371.8.1.el5,PHP:5.2.17)
DEBUG	[2014-06-02 13:49:30:449] <29936> inipayhome:/www/loosfly_godo_co_kr/shop/order/card/inipay
DEBUG	[2014-06-02 13:49:30:449] <29936> type:securepay
DEBUG	[2014-06-02 13:49:30:449] <29936> pgid:INIphpCARD
DEBUG	[2014-06-02 13:49:30:449] <29936> subpgip:203.238.3.10
DEBUG	[2014-06-02 13:49:30:449] <29936> admin:1111
DEBUG	[2014-06-02 13:49:30:449] <29936> debug:true
DEBUG	[2014-06-02 13:49:30:449] <29936> uid:
DEBUG	[2014-06-02 13:49:30:449] <29936> goodname:Highneck Zipup Mesh Top (Black) 외1건
DEBUG	[2014-06-02 13:49:30:449] <29936> currency:WON
DEBUG	[2014-06-02 13:49:30:449] <29936> mid:GODOloosfl
DEBUG	[2014-06-02 13:49:30:449] <29936> rn:MjAxNDA2MDIxMzQ3MjAyNDI3NjMyOQ==

DEBUG	[2014-06-02 13:49:30:449] <29936> price:69000
DEBUG	[2014-06-02 13:49:30:449] <29936> enctype:
DEBUG	[2014-06-02 13:49:30:449] <29936> buyername:천새롬
DEBUG	[2014-06-02 13:49:30:449] <29936> buyertel:010-2606-7256
DEBUG	[2014-06-02 13:49:30:449] <29936> buyeremail:sr.chun79@gmail.com
DEBUG	[2014-06-02 13:49:30:449] <29936> paymethod:Card
DEBUG	[2014-06-02 13:49:30:449] <29936> encrypted:Version=4.1&PayMethod=Card&RsaKeyNum=1&EncryptionAlgorithm=SEED-CBC&SignAlgorithm=RSAwithSHA1&CertVer=39&moid=1401684426171&ver_trace=main(6086,6052)card(6111,6102)n(6008)Cs(6022)Dt(6002)Pa(6002)Cf(6024)Fv(0000)La(6125)Re(6078)Vr(6006)P(6033)en(6036)nP(6006)&pg1=203.238.37.3&pg2=211.219.96.180&pg1ip=203.238.37.3&pg2ip=211.219.96.180&agreeflag=1111&Data=jIGdUpSc9y1+31ZXYfMva/QdPWZLbXkg2OQ4hhP5a8nFHjIig6g0fO7tE54Gk3RW
+qr9SzsVzgR48Kj44DXgsk1t6FgWnw21EUJTvr4MAOc8ow55szQoP9a9IRrIxbTb
vhhZ1P4dtjMjpdY3CiJMjZyiwZkDAOEA9JkRG+T1GccBXzwd3igQ6stO8uuIhUJG
Q56L32q54deDY3vsX9qnWpdM6B54lkG0rm8vGrzsm9A1K55ri0goGyua8Ol/bxFi
gox53nge2k0i5wM0/LHr/Y5Mghy2401OBH80NhNgwNsM6Ot4C0gVliVsrJZ+73st
w32ydJWPvQKNfd2dmiGIqZR6CU72sH3Z6t3x/qMSt23LlfhCVTP+YLHrRtkYg93F
I7+4gT5wxgVs3LKUzCkgXBk2+fSmaAeuEN9//JHYn6AYOQ31yLBYXAFtLmdurTBg
MCDb1uVrsfeCzOkH3075CzX+xjPI+0bPZmOh5JzYSTrLTO6j00ktUji/Kjwrs8+H
w5qannnVHigIcKxtp8HsFU8dWp5EagW4r519oUyl4XQpxNx8I6uGg7J1BsfFGFn7
iv/1+Ud8Jv4V2xgT0AsOXTcRX9zL82dzcED5nmuo65+s+aVGxFqeyrZiXRogJdiJ
+9jARhTzWSUK2IKpitEymzSAuVR+NoSkY/vNl77i4BTlUgUfyql3Y06oFT8=
DEBUG	[2014-06-02 13:49:30:449] <29936> sessionkey:pc69LIXokOZMBFYjhPucH5O+rEK/4n/pKjR0xzhj9XiIBu6a61m6JNH1E7L1YnpE
0umEVJlhZ4AVTSuwfSZUhAtzYSmmozVsgH+jjbwPUwJGMOyw5HcIyNEypXMXkxX1
Wb0SzIOiaLrmD707/Oa2TGXOUmOdREv0kwOd270uJGk=
DEBUG	[2014-06-02 13:49:30:449] <29936> url:http://www.loosfly.com
DEBUG	[2014-06-02 13:49:30:449] <29936> cardcode:04
DEBUG	[2014-06-02 13:49:30:449] <29936> parentemail:sr.chun79@gmail.com
DEBUG	[2014-06-02 13:49:30:449] <29936> recvname:천새롬
DEBUG	[2014-06-02 13:49:30:449] <29936> recvtel:010-2606-7256
DEBUG	[2014-06-02 13:49:30:449] <29936> recvaddr:서울특별시 동작구 신대방동 395-70 전문건설회관빌딩 26층 과학기술정책연구원
DEBUG	[2014-06-02 13:49:30:449] <29936> recvpostnum:156-714
DEBUG	[2014-06-02 13:49:30:449] <29936> recvmsg:
DEBUG	[2014-06-02 13:49:30:449] <29936> joincard:
DEBUG	[2014-06-02 13:49:30:449] <29936> joinexpire:
DEBUG	[2014-06-02 13:49:30:449] <29936> id_customer:
INFO	[2014-06-02 13:49:30:449] <29936> Check Field OK
INFO	[2014-06-02 13:49:30:449] <29936> Make TID OK INIphpCARDGODOloosfl20140602134930493748
INFO	[2014-06-02 13:49:30:449] <29936> PI PUB KEY LOAD OK [39]
INFO	[2014-06-02 13:49:30:455] <29936> PG PUB KEY LOAD OK [30]
INFO	[2014-06-02 13:49:30:455] <29936> MERCHANT PRIV KEY LOAD OK
INFO	[2014-06-02 13:49:30:455] <29936> MERCHANT PUB KEY LOAD OK [0]
INFO	[2014-06-02 13:49:30:457] <29936> MAKE BODY OK
INFO	[2014-06-02 13:49:30:458] <29936> SIGN OK
INFO	[2014-06-02 13:49:30:458] <29936> MAKE HEAD OK
INFO	[2014-06-02 13:49:30:458] <29936> MSG_TO_PG:[0312700175R SHA1                   0                  39                  300200GODOloosfl               69000INIphpCARDGODOloosfl20140602134930493748<?xml version="1.0" encoding="UTF-8"?>
<INIpay>
	  <GoodsInfo>
	    <GoodsCnt>1</GoodsCnt>
	    <MOID/>
	    <Currency>WON</Currency>
	    <Tax/>
	    <TaxFree/>
	    <Goods>
	      <SMID>GODOloosfl</SMID>
	      <GoodsName urlencode="1">Highneck+Zipup+Mesh+Top+%28Black%29+%BF%DC1%B0%C7</GoodsName>
	      <GoodsPrice>69000</GoodsPrice></Goods></GoodsInfo>
	  <BuyerInfo>
	    <BuyerName urlencode="1">%C3%B5%BB%F5%B7%D2</BuyerName>
	    <BuyerTel>010-2606-7256</BuyerTel>
	    <BuyerEmail urlencode="1">sr.chun79%40gmail.com</BuyerEmail>
	    <ParentEmail urlencode="1">sr.chun79%40gmail.com</ParentEmail>
	    <RecvName urlencode="1">%C3%B5%BB%F5%B7%D2</RecvName>
	    <RecvTel urlencode="1">010-2606-7256</RecvTel>
	    <RecvMsg/>
	    <RecvAddr urlencode="1">%BC%AD%BF%EF%C6%AF%BA%B0%BD%C3+%B5%BF%C0%DB%B1%B8+%BD%C5%B4%EB%B9%E6%B5%BF+395-70+%C0%FC%B9%AE%B0%C7%BC%B3%C8%B8%B0%FC%BA%F4%B5%F9+26%C3%FE+%B0%FA%C7%D0%B1%E2%BC%FA%C1%A4%C3%A5%BF%AC%B1%B8%BF%F8</RecvAddr>
	    <RecvPostNum urlencode="1">156-714</RecvPostNum></BuyerInfo>
	  <PaymentInfo>
	    <Payment>
	      <PayMethod>Card</PayMethod>
	      <JoinCard/>
	      <JoinExpire/>
	      <MailOrder/>
	      <SessionKey>pc69LIXokOZMBFYjhPucH5O+rEK/4n/pKjR0xzhj9XiIBu6a61m6JNH1E7L1YnpE
0umEVJlhZ4AVTSuwfSZUhAtzYSmmozVsgH+jjbwPUwJGMOyw5HcIyNEypXMXkxX1
Wb0SzIOiaLrmD707/Oa2TGXOUmOdREv0kwOd270uJGk=</SessionKey>
	      <Encrypted urlencode="1">Version%3D4.1%26PayMethod%3DCard%26RsaKeyNum%3D1%26EncryptionAlgorithm%3DSEED-CBC%26SignAlgorithm%3DRSAwithSHA1%26CertVer%3D39%26moid%3D1401684426171%26ver_trace%3Dmain%286086%2C6052%29card%286111%2C6102%29n%286008%29Cs%286022%29Dt%286002%29Pa%286002%29Cf%286024%29Fv%280000%29La%286125%29Re%286078%29Vr%286006%29P%286033%29en%286036%29nP%286006%29%26pg1%3D203.238.37.3%26pg2%3D211.219.96.180%26pg1ip%3D203.238.37.3%26pg2ip%3D211.219.96.180%26agreeflag%3D1111%26Data%3DjIGdUpSc9y1%2B31ZXYfMva%2FQdPWZLbXkg2OQ4hhP5a8nFHjIig6g0fO7tE54Gk3RW%0D%0A%2Bqr9SzsVzgR48Kj44DXgsk1t6FgWnw21EUJTvr4MAOc8ow55szQoP9a9IRrIxbTb%0D%0AvhhZ1P4dtjMjpdY3CiJMjZyiwZkDAOEA9JkRG%2BT1GccBXzwd3igQ6stO8uuIhUJG%0D%0AQ56L32q54deDY3vsX9qnWpdM6B54lkG0rm8vGrzsm9A1K55ri0goGyua8Ol%2FbxFi%0D%0Agox53nge2k0i5wM0%2FLHr%2FY5Mghy2401OBH80NhNgwNsM6Ot4C0gVliVsrJZ%2B73st%0D%0Aw32ydJWPvQKNfd2dmiGIqZR6CU72sH3Z6t3x%2FqMSt23LlfhCVTP%2BYLHrRtkYg93F%0D%0AI7%2B4gT5wxgVs3LKUzCkgXBk2%2BfSmaAeuEN9%2F%2FJHYn6AYOQ31yLBYXAFtLmdurTBg%0D%0AMCDb1uVrsfeCzOkH3075CzX%2BxjPI%2B0bPZmOh5JzYSTrLTO6j00ktUji%2FKjwrs8%2BH%0D%0Aw5qannnVHigIcKxtp8HsFU8dWp5EagW4r519oUyl4XQpxNx8I6uGg7J1BsfFGFn7%0D%0Aiv%2F1%2BUd8Jv4V2xgT0AsOXTcRX9zL82dzcED5nmuo65%2Bs%2BaVGxFqeyrZiXRogJdiJ%0D%0A%2B9jARhTzWSUK2IKpitEymzSAuVR%2BNoSkY%2FvNl77i4BTlUgUfyql3Y06oFT8%3D</Encrypted></Payment></PaymentInfo>
	  <ReservedInfo>
	    <MReserved1/>
	    <MReserved2/>
	    <MReserved3/></ReservedInfo>
	  <ManageInfo>
	    <Language/>
	    <URL urlencode="1">http%3A%2F%2Fwww.loosfly.com</URL>
	    <TXVersion>5031B111123securLinux     PHPchkfake   2.6.18-371.8.1.el5PHP:5.2.17  </TXVersion>
	    <TXUserID/>
	    <TXRegNum/>
	    <Ack>1</Ack>
	    <TXRN>MjAxNDA2MDIxMzQ3MjAyNDI3NjMyOQ==
</TXRN></ManageInfo></INIpay>ASrGeJeOsFdv6J9YdeTe/C0HfzmsHrZJgt4fEEXUTav7OEc3xCDSHCdQMLmruAwR
OxoEEh0Xx4UmUSgxcF08bDpIcUSUWNJFpPLUoyDvJ7GK8PSnsFA2ptT4jmoKGL7s
PUUftSeZztyv/zlNhZFJ5qErj8Lag1cdZsCRrEGR2LQ8
]
INFO	[2014-06-02 13:49:30:458] <29936> DNS LOOKUP OK(203.238.37.3:203.238.37.3:34049) laptime:0
INFO	[2014-06-02 13:49:30:463] <29936> SOCKET CONNECT OK
INFO	[2014-06-02 13:49:30:463] <29936> SEND OK
INFO	[2014-06-02 13:49:31:344] <29936> RECV OK
INFO	[2014-06-02 13:49:31:344] <29936> MSG_FROM_PG:[0300800175D SHA1                   0                  39                  300210GODOloosfl               69000INIphpCARDGODOloosfl20140602134930493748<?xml version="1.0" encoding="UTF-8"?>
<INIpay>
  <GoodsInfo>
    <GoodsCnt>1</GoodsCnt>
    <MOID urlencode="1">1401684426171</MOID>
    <Currency>WON</Currency>
    <Goods no="1">
      <SMID>GODOloosfl</SMID>
      <GoodsName urlencode="1">Highneck+Zipup+Mesh+Top+%28Black%29+%BF%DC1%B0%C7</GoodsName>
      <GoodsCntS>1</GoodsCntS>
      <GoodsPrice>69000</GoodsPrice>
    </Goods>
  </GoodsInfo>
  <PaymentInfo>
    <Payment>
      <SessionKey>APQ2+jtIfCjyvEX6XF2J0noYxRp0yWvdXn23EmvWYGJxUkaIwmSoe/idxdy3nAsg
33258he3bId/n0hukZdAjy0wc1zBub4sE/yobHjdje87szKpbQeloH6tMHRfh/s4
8c28ZrSRk/NKcrTjCLo2MzslEHJra8u2TORHaQh6aEMvYgYhR3p7kiw=
</SessionKey>
      <Encrypted>M1eYC81JH/fEii+RtGWiAJFClWyC5UFxe0Rdyz0+D40/ZTY0vfrWn209Zbsle4xL
6Swd8US5xb3SZGBnsDVeyAAq2U0MQw+eAwma8viXowIBN9euQKRLlmt4sToqm62i
7+ZCNLTvBQUIJwlIWAxX3TP3KsZXgDSU54WnS7BZD5q+iH19BoOkGTF7xvdmvvDO
7AVnzcCHzHvhz+Gz3lTMtnc3P8md51GkKtDpNV0AFefv580loKC6jowkoiEV/cGi
pfHuIBQto7ed6PrAsnmxqTrcZYK5sL/uUquZEvOAyPQHTH0TgG2u0npdSptSSqL8
TZ9LeWz0RFND19V6P20+5nKL9o6vBSywnUwc1WiycSrbOeQ+3XmOxRFcNMQjcAmT
HvApTNJuTLP/kiWK5v3B2aav/rK0jccGZRGGTGNQZyqTqVf0leVh7GuF1bIUDVqi
4unmvpDzBW+B8P1Nu5DhU8YJy2ZaueZSROk+C0YySJ5UEpH2rCQqhD3ArX1dp7oW
3SGfwhUIThdzE9fGxP3d/EPmC67iXHwihHLNq/JXLtldzL+2f8uPb1IBC2G7DWLD
1GRdAgDtAL3fveiTf31o35A3XO91PjAXkndd7MH0yC3cWQi7jtr7Tq12T7YwEm5D
NAh2fgnC2lN5ep0n1is7lH7qfz8R12O3BqpsjqK5kKcfTcEA5IZlXaDMSjs7VEzG
HqrRxiBeoIr5wZ7e7ln5VCCu7PGAEtoJxKXVDWKclBDUFev6qv8dLw76+qp8C+ky
zpyNEhUll8VIXDGzBZmuzr+j6Sz8HoQsSsskbLWVPbXHbegMNoFzRdhsOzJ4G1oC
cVsquVSjttz7ZsSyzXIt/gdEWN9aP/gbdMYNnLIrsaOaxP56kD3cAVLV0GzH6plH
y+Ri64MTJ9L8aPrPM6ZEeyeq+lHXgyg9GccBtm7bPrCtyatA8Ms/GQJj8sjV5xYf
x+Kq1z6POBwYaP3v6oVeH49d5MzDgGqcYwHhwsUM2bgpZFQDb7syuT8XYJFC8vcW
Li23PFSJs8Wkt8QO34fyNJAeC+8SMGrcjC0nU059NBLLz9qnDEVZCc1HlsbyjlLV
+vOe9ujwdjq6SEnbJky6FlEJuSdpkJWeniUCKEFFY6eHYahCP4ggI97o7eZ7zLqX
pS+TUNep8tIv+hx8kDfSssyf8HZjdoH3ZBP5VlOmoggYW+6DmvN3TLDFP1LoyZ8e
p+hIRUiIcQvOBzc+q+gEubpiqOeYLF3/O8pCPQvOJIBeSP4InTq0/5DyqTM2xfiq
oUOTlJEPeLitnIScAQ2TIc6+HdBzZHrEN2Ic+Auklx25xEfrTkyD4/nJTlRaSw6B
SfIKKxbNoJ8GUPgTqROx74+qmsFVqoj4f7sX5CiNXOrSGtLKD7jd28oixRyZ29NV
WCi0mpTHZepByVG6WPzPCoibAeLueiqLu8d2ot1jGn+W4wuqEIBdQt1RnEGUi8lv
sNLwZwgHfoXr2N9tXoryCw+25MXsVWhDitjQPiJRZd7h9TwIZ/mkiPnRukUFdT5T
lEYzcjXHCYtsZtWhlYWTA+51fSFtHUxc2eeEYT5tcYWQl3WM+qZhmRsUJIJhJwyn
bI8C2SWCI03eCVCw1xX4NPsmlChj4aCU
</Encrypted>
      <PayMethod>Card</PayMethod>
      <ResultCode>120000</ResultCode>
      <ResultMsg urlencode="1">%C1%A4%BB%F3%C3%B3%B8%AE%B5%C7%BE%FA%BD%C0%B4%CF%B4%D9.</ResultMsg>
    </Payment>
  </PaymentInfo>
  <ManageInfo>
    <EventCode>1</EventCode>
    <OrgCurrency></OrgCurrency>
    <ExchangeRate></ExchangeRate>
    <OrgPrice></OrgPrice>
  </ManageInfo>
  <ReservedInfo>
    <MReserved1 urlencode="1"></MReserved1>
    <MReserved2 urlencode="1"></MReserved2>
    <MReserved3 urlencode="1"></MReserved3>
    <PGReserved1 urlencode="1"></PGReserved1>
    <PGReserved2 urlencode="1"></PGReserved2>
    <PGReserved3 urlencode="1"></PGReserved3>
  </ReservedInfo>
</INIpay>
0DNL3RiFE/1vQba4ibvkb6qGse6mI3fhrchUJ4+Ea/cD4K84neO+d+zoks0awrOA
SGwi/bXTOBS0PiEO5hT+PTPMWoZ21rWqpNSd6HfAHcfPrT2rirFs3+fgIEK1GmIn
1h8HJ89tYvke1ZFR3v+TAr/E9/Z/E4ZhUHFz5DMFzwo=
]
INFO	[2014-06-02 13:49:31:344] <29936> VERIFY OK
INFO	[2014-06-02 13:49:31:344] <29936> PARSE HEAD OK
INFO	[2014-06-02 13:49:31:347] <29936> PARSE BODY OK
INFO	[2014-06-02 13:49:31:349] <29936> DECRYPT OK
DEBUG	[2014-06-02 13:49:31:349] <29936> DECRYPT MSG:[<?xml version="1.0" encoding="UTF-8"?>
<PaymentInfo>
  <Payment>
    <EASYPAY/>
    <Card>
      <CARD_ApplPrice>69000</CARD_ApplPrice>
      <CARD_Num>402857105325</CARD_Num>
      <CARD_Expire></CARD_Expire>
      <CARD_Code>04</CARD_Code>
      <CARD_BankCode>00</CARD_BankCode>
      <CARD_Quota>02</CARD_Quota>
      <CARD_Interest>0</CARD_Interest>
      <CARD_Point></CARD_Point>
      <CARD_AuthType>99</CARD_AuthType>
      <CARD_RegNum></CARD_RegNum>
      <CARD_ApplDate>20140602</CARD_ApplDate>
      <CARD_ApplTime>134931</CARD_ApplTime>
      <CARD_ApplNum>00615930</CARD_ApplNum>
      <CARD_TerminalNum>019048y000</CARD_TerminalNum>
      <CARD_MemberNum></CARD_MemberNum>
      <CARD_PurchaseCode></CARD_PurchaseCode>
      <CARD_ResultCode>120000</CARD_ResultCode>
      <CARD_ResultMsg urlencode="1">%C1%A4%BB%F3%C3%B3%B8%AE%B5%C7%BE%FA%BD%C0%B4%CF%B4%D9.</CARD_ResultMsg>
      <CARD_PrtcCode>1</CARD_PrtcCode>
      <CARD_Quota_Point>02</CARD_Quota_Point>
      <CARD_CheckFlag>0</CARD_CheckFlag>
      <CARD_PurchaseName urlencode="1"></CARD_PurchaseName>
      <CARD_IssuerName urlencode="1"></CARD_IssuerName>
      <CARD_JoinUsePoint></CARD_JoinUsePoint>
    </Card>
  </Payment>
</PaymentInfo>]
INFO	[2014-06-02 13:49:31:351] <29936> DECRYPT PARSE OK
INFO	[2014-06-02 13:49:31:351] <29936> WAIT ACK INVOKING
DEBUG	[2014-06-02 13:49:31:351] <29936> MAKE HEAD OK
INFO	[2014-06-02 13:49:31:355] <29936> SUCCESS ACK INVOKING
INFO	[2014-06-02 13:49:31:355] <29936> END securepay 정상처리되었습니다. Laptime:[0.91sec]
INFO	[2014-06-02 13:49:31:355] <29936> ===============================================================
