INFO	[2013-08-16 15:52:08:83] <17796> START INIPHP chkfake (V5031-111123)(OS:Linux2.6.18-348.12.1.el5,PHP:5.2.17)
DEBUG	[2013-08-16 15:52:08:83] <17796> inipayhome:/www/loosfly_godo_co_kr/shop/order/card/inipay
DEBUG	[2013-08-16 15:52:08:83] <17796> type:chkfake
DEBUG	[2013-08-16 15:52:08:83] <17796> debug:true
DEBUG	[2013-08-16 15:52:08:83] <17796> enctype:asym
DEBUG	[2013-08-16 15:52:08:83] <17796> admin:1111
DEBUG	[2013-08-16 15:52:08:83] <17796> checkopt:false
DEBUG	[2013-08-16 15:52:08:83] <17796> mid:GODOloosfl
DEBUG	[2013-08-16 15:52:08:83] <17796> price:89000
DEBUG	[2013-08-16 15:52:08:83] <17796> nointerest:no
DEBUG	[2013-08-16 15:52:08:83] <17796> quotabase:선택:일시불:2개월:3개월:4개월:5개월:6개월:7개월:8개월:9개월:10개월:11개월:12개월
INFO	[2013-08-16 15:52:08:83] <17796> Check Field OK
INFO	[2013-08-16 15:52:08:87] <17796> MERCHANT PRIV KEY LOAD OK
INFO	[2013-08-16 15:52:08:91] <17796> MERCHANT PUB KEY LOAD OK []
INFO	[2013-08-16 15:52:08:94] <17796> CHKFAKE KEY MAKE OK:MjAxMzA4MTYxNTUyMDgwOTExNTIyMA==

INFO	[2013-08-16 15:52:08:94] <17796> END chkfake  Laptime:[0.01sec]
INFO	[2013-08-16 15:52:08:94] <17796> ===============================================================
INFO	[2013-08-16 15:53:41:923] <18200> START INIPHP securepay (V5031-111123)(OS:Linux2.6.18-348.12.1.el5,PHP:5.2.17)
DEBUG	[2013-08-16 15:53:41:923] <18200> inipayhome:/www/loosfly_godo_co_kr/shop/order/card/inipay
DEBUG	[2013-08-16 15:53:41:923] <18200> type:securepay
DEBUG	[2013-08-16 15:53:41:923] <18200> pgid:INIphpDBNK
DEBUG	[2013-08-16 15:53:41:923] <18200> subpgip:203.238.3.10
DEBUG	[2013-08-16 15:53:41:923] <18200> admin:1111
DEBUG	[2013-08-16 15:53:41:923] <18200> debug:true
DEBUG	[2013-08-16 15:53:41:923] <18200> uid:
DEBUG	[2013-08-16 15:53:41:923] <18200> goodname:Carmen Sleeved Lace Leotard
DEBUG	[2013-08-16 15:53:41:923] <18200> currency:WON
DEBUG	[2013-08-16 15:53:41:923] <18200> mid:GODOloosfl
DEBUG	[2013-08-16 15:53:41:923] <18200> rn:MjAxMzA4MTYxNTUyMDgwOTExNTIyMA==

DEBUG	[2013-08-16 15:53:41:923] <18200> price:89000
DEBUG	[2013-08-16 15:53:41:923] <18200> enctype:
DEBUG	[2013-08-16 15:53:41:923] <18200> buyername:성지현
DEBUG	[2013-08-16 15:53:41:923] <18200> buyertel:010-8606-8553
DEBUG	[2013-08-16 15:53:41:923] <18200> buyeremail:h-jete@hanmail.net
DEBUG	[2013-08-16 15:53:41:923] <18200> paymethod:DirectBank
DEBUG	[2013-08-16 15:53:41:923] <18200> encrypted:Version=4.1&PayMethod=DirectBank&RsaKeyNum=1&EncryptionAlgorithm=SEED-CBC&SignAlgorithm=RSAwithSHA1&CertVer=39&moid=1376635800053&ver_trace=main(6075,6049)dbank(6058,6048)n(6008)Cs(6021)Dt(6002)Pa(6002)Cf(6024)Fv(0000)La(6111)Re(6065)Vr(6006)P(6030)en(6030)nP(6004)&pg1=211.219.96.180&pg2=203.238.37.3&pg1ip=211.219.96.180&pg2ip=203.238.37.3&agreeflag=1111&Data=dSJbqoz7ogM8uFdK1hbl8W6Y1OOplRlq4QTguoSijhuBdvqDrzTEf/fu4kFah2b+
DOLJ3Yv5ejhT6eTGZofZcwqXvvpKETrzGO7znF7FkFnXibWcDkY8p7hy/dZWPtJ3
qtzGBdcsf182HrUVNH43Gd83fp3wjgUc/HaKkDvGchpofmuV7GGFbp14SKAtsrp+
e79VbIIxjpeR9T4SyicA9UgZ9RzMXk38mv0uMk+bSW+zYcTYF3tHmbl+riaMWfdI
K75f19LmYfzc1AoVAa0w4p2yOS4Cj19hHB+O9vs3QIN8XuY+DL7t0u7A1ukPR0Cx
vaELLZ7bMGjsgsftp4VyicI86JZ6UWZSYYCOHolIo9vLhfUIM3KOHiX1yZrPkHCr
hZIFb7Lfzcs8KjuoTcBkzkUmS0dDMNO7/YpCIh9sPwebcKoaIwRy0dCvIO+PHiri
ADkIDoRnpULcf0USKoWOQuoOBqcs4/Pd3V66ou8Sc+2nIERgB422eWtuxkEC2DTJ
RJOMNwFZmLh7h0zhaE/Qv8lcMW9jxvXQPZmQbZyb1u+YT83SlfNhWZAdIx4GliKH
6y7+fD1WgwmosrwgtLfJ8oSDfzMTC26VbnZbDupYOzk3A9oSowLJOjQnaihBtsQ/
MdXtB92vjzh4zIxbzRu7JbXQkiddI9knYSdoMBzhLrWjsDbyU00R9U5S8afLzB+4
yqHhJgS1SGTBwnQZWy5+gZ7xguUvWN+usCTIP8jWWQfotNZ7jeujavPpbynchcxM
8sIYwcuZJIB7AxJhzUwsj84SUEuvokI8/ilMJ0B3u84UdU8aZ8jPbvswFksdwQpX
6h0NkNCZvL8uTK58NUFn+u7b0VjT+u9YEak6bLMa7xBORu/eV22lK+zcTk94pSV5
aLCnLOeIDbIbIK7SfIIj8TAnydmoT4VOLLpflkkI+QwHhS9aMniwk5je42pQ1Lvm
YBVw9K5aLZ4qc5ekZ36wCN9jOnHcXGUuG+VAFzKAv0/nKkIUxoYvI76xwgvm0ZTL
cm2R3bsUzqJDOS9FgH66XCnragLIzn1ny787g1MiANA16c2BbqHbYQPcpi0T6VYN
RliBE/Hywktx/7sWqJWIUn4Unh6lYhOeE+xzgyjJYLDz78+EV8ZiCLlLY/ArM9Ge
XaR0ah//Q0/rJ3vahOuca+dMPh/raRJqhSBZEwLKCxNZKyXX85DXqCz3B7BV/SLL
4GuIe4i25c6B3QTB+nrH0FWici4Y3cHeKEfEWdSuaJyPZVihka4kuNKU6VBRj9yx
rSZk0QPnAZjDSfN3cXqvaQt8ktNi8o/ET8+FJ9fs2EHVbkyAfEdnEL1YZImIhVzV
ErD878ngncEi3OMDxex8xscNdd1Toi72NYa5srPkpcihqkEdE8JOJGAuhGQsf7s4
0hnyp2MknPyAKRwdz8wGKfhY8han1XFrDxET18yMrW4ffIQ6xfTfjevAnPq0Eenj
5rKFfkztCWXrEss0cis5UyvKNP5XFCFCktTslHNGyevrnjS5DvwFOAuHjqU67vn7
F/4pahp/nXEoG7FRMfjoh9ug4MYxTwW+ZQMCb0Lc2IVX7uQIeMSvacm6OrS+x716
hci5K9T0AS/8ddaoXfwrMdspVxDGTNc/mIrsFUwR/XSyP32vVrM/bPIQlu23Nr+b
31D4ygTn9yUzGiAcbwzM3jhbG8wTMqIwyORk0kRfYwYOrVIyjkoZc/G0AniyIMNX
lPgGb/C+grpDHvVKr44giYsjrwCy7m312t1cyFV3KBvGh3mptuVhoTqVbIUUJcWr
8/nwWWiknn3JDjXs6A35t154IyKX1QgT5NyuKMIBN+f0lNI2cEeqMntXrAsVCAut
2dNsZsy1WHmkPsYhHthBDX2Kz6UIEwGmEP9SwZN7aF+Gql1nNh67VSoxHeUMFZrL
l4JRWReUBtL80LDf8dFBnhlMm96tAFOgTQNo2Halt59jRNqo2paANzs2qOQbp2Ji
eUvugyywi5+SlnvQvVHiCAdrq5l3PtDtxbcVsaap68EFyJKZXxiJBk2wbNR1MmfE
ta66sZ6cgLkkhxfQjH4wOtSEmM9NN59qpmS4+RuIwole4NY+7Qw2HKu5U1pqzhSF
uOQ3pDMuUTSaaFSELazjOI/MJ9/vCXOR6YN+PzBp2yLVQiNwV3BpsYA2IXTtGTL4
GcZFl3YoWR719B2wGVJTGqjg6QIRNGxwhGfsaxst3Qk+fSkpsCsbhsK4jmtcQhQ1
PCajrJY+rxi7KT0IhHD4fRA2Ocb585jv42qKz4YMfB4O76Zcl6PH/ZQxBpOL4a5b
S8ArIOf8ESFfa7R5W+wfJIsOd1nhIUWox0JOIIjJrdrgCeByXs0Mx9ppnLKEBxuv
s0EmqHXl9erzimy7inkfOaJXOypjMch3xyNl1Fn1KSDDFXoAPPUwJr46ZJJ6NSxi
cSxPU/kzgW2aUyCl5cGhI5Ernmouyq7MDvqR0tDvz3/S6W0PYu7EhpjZd2E94ZtR
HWmqq7tS39GeICb8PVwy9rAhv6q35/OcLXnM2rbhavZFp/97jYGP4ALoA5Po22H+
Yy1SlXQvbJqCVtDzjw62fpLBogSBUGArinrmEjPJgOAE27FvA3ubEdf6Jywbv4F2
oyAhkD5Z4vT0aUB8Cd3MP9GzNm8RTN+BUhKmBsH1Mzw7xqStH3+GKoJEUCuivGVG
1a8vkuAdM3in+ecR6O3M/+SELlzU0id8QnCAlqNNA+gkyylV+31OSe37JMwHYlDX
LtSWc4PCAJJbcUmBw4OvQ8F3OTAcVOOggxSvlZvQcmhRs8XzNr4GUx6P7h3MIKkk
HVYxHO6maNO2XQxfLBi7RyMPikzYpeUYIIikluUh1xmF7n5nnGsiusO+Vk5v4ZPI
FQrszy3xTCm3JzdiSX1QYBO2E7WXxWkvgoBBD6vrFpQIq/5aRxl8YtpljoJoBaLJ
2UHFzuMLTsnXCoph58ZtPVTs5/53AjcqVycbgTODzg/9Tt7YRWBMzhkpecP2QI2r
D6oev2svVyhnMoxyLeeYRo8T7SCPkX0BUzVIjRUIxwrLZ0q7wUXaNELHAz6wsTUv
g/6UmmzlfPosmC9Gt4kWzHQWacgT9UIjik2I4ckTZDACa+EkYZxQf3yQ/e1JuOLZ
x1Hv2666AH9nN61ArYrEFKC5PDVRZHItrUBW9qTXH9UkGxr0U+zfYRa2ccrtpDEe
zakTQzPwZbBE0aXSVnpkj329n/nadbPZKcHLtstrdpcvCwZdwqFJh33vRcJKl3iW
u6sgwKFydl1xq1WnI4krfPC5w9q99ZxCz9m2DerS0guF/M8cL8AJ3HmkEGhG8gZx
WUudiPQxe2E6SUDKKXXSFBAU9mSrp20cF4noSyjWtWyNeVMDWVV1hvO6P57UlPEY
p9n2yktCw4EwBGa8RBExDM1OkBt9tGOndcWB7V5YI+XKZX8WWuYklNssO0Vsmubq
lxV96qj2KpYSEQb3F1cjoci6P4QEfXXbh2cqib6W79uWc0Do1GxN7GmE34bgIcqi
qFSsoTExPBURqb/8p8ZSgidUPE6hP0uOrE2E+HDGb85228DFip3FlX+lGMw0DXeh
+9iqMeNZCe9+d9ox9Wyqw8yhOVTg8LWRWLnecpST7//DqeARux1WxDgF6R93AVS+
HjdpepLGyOTbN2M7C/BSyMx3zz/onESQTtWHgH617kv9HkTzObv1KHwNNw/o9L2u
THh2jcmtvLu4SfJflYoMdkPKVGZgMpDaaEwPpmOKOPxdiYEp6cjcft3RAxdLKTww
N7slF+x8z8oFGwAvcJrsPzuEizDItV1I1Jj1F7LQVgllLm+BNLUpNF414jnnGuxs
xLySCYxcJXhfKqNCxeNfIJ+Wc16Qy+yzsCgHdptgfXYkYzl8uG3nMJUM4spkKrrS
wXoaNObd5OxIYjV7B0lXOQl38+iw046Xw4GMHJsUxVUX4o7yFqTgrFQz6YfhZtDB
OwlmqWpeqD1pVsSHRY/ySdGeFFPUiZI7VCQ9fTgz3CdTjQ+3TleiMj/kxxi85CQA
AfLuECJ9fku5wlcNFD+mB9VaazGUn82SJQmhsttXD/lts2w9zpoERrjv8lcBiqb6
s0xE8833a/MjkBucWqC/Pnwr3JmThJpwnk4qlznGsHrRRiiEHBRCyJJCIZVZYxE0
WlQNTkjAQo4fAPXpP5HgF+P5zB1/guqrPS72rtzXkTvNfuQacSm5GOw70XE425uW
05Z5/p+5nv5m3N0pBassLZM7+EaSLi8G7Wz/FHCLXZiuYiD+eygxrNXymTDm5kcv
lCe4QgyumHmI28vfKs+J/b2Oe3KHvItRoOAR6lmxCnpTghHo9AqxzmZJi9SRSuIS
eeYIkOjh4VG/cHV8USCwss/lRDbqmcPoz5Yz5zNzVWjGB0liC8l/JXG3jYAGJY7Z
D3kj3i7GVcTIcKrokjRu2Z34iR4Ae4p08FwBAzJgbk0nhB9t3zkXmi2igL7GXkvU
F2axw0x+XWGW5vQtaAqgQvoo+S87RrtcEdsiCldyyxefifbgSaO9EMERDoHakRgv
iWnmKrTfhu2hOmDXjpeGcZ7RblJTxHjzIMJAFiEvpgvnMRea9xx0Hz52RUWB0Xww
s19BYg1aSjgHlNGYTSf838vSO8RsZm75FJgfuSLA91TRcOnVz0etcKnYjTwv7xAE
vb04SEeBA06jmdGjsFJAfQIIKfJsrwk6OYjRnMlQQq4+wghTCexKsZsycWIfkIIp
p59B/FUqkGrMkbWb0dmjRSMJD/U+LPDH67USLxS0rKs8yW9DEvwObBsE6LfI3k8b
DcASifciZIRng64O5u+d7eMAJOlwEhWDWhBJxcPkXO3xw/eLiMpPio6jAXcK7gbU
Ol29baprrZPvlryJEWX1Oo7rXoNQvXMNuZtkvbM2q9Kqkfo7Ty6ex0+aac3a7L03
oYhFa52Lf/8T6NF+djV0MO7l4rCnUvSuxG3Ck3ZpiYgUwd8RrAtiuGQVcf4OM+zm
RGnhfYyOJSbFRv4YvkTjA9dQmzpPPMEmNxYnDOxy3zBwoybgafFYRFimOk7cmDjc
4NCd4BBieExhRIHCkYZSPMh1h5pxRDveF1Z+bLANVYnyqMz6ADDILIyZ9ZG9UoMb
CJsJAXwFJFKhgllKhePhnNZUjwY0l+cji7/OPwPk6wIlf8m53rRMgw6ill/E1gnl
w/9SzSCyeyKAvBnmTbN5WrJM7i5pqmOQ4qF6DFiPhlUAW671lp+jFQSVvcxYZWwv
d9YsUC8cg9EnI1B25vbQOUxp3oqtqo+/JUTA+7RR5nbM7pYXKHhqJsuw5qCwDKtm
GTA=
DEBUG	[2013-08-16 15:53:41:923] <18200> sessionkey:Ti0vXIC1KgUg9YX1ag7GXpe9BLUMCxwQwokG206w7bH2WoTSQozin0/BPRKSrNQc
UphPIhOR94S8xWWBLSWcdA8Mpd+aJ1FhOoNjGklcJTXtYEMKaPtRl/zc1x3n3E2o
CqIktJ81tPAKxINEZrJv+yT8VKaRc4Qls9NWkQBmTDE=
DEBUG	[2013-08-16 15:53:41:923] <18200> url:http://www.loosfly.com
DEBUG	[2013-08-16 15:53:41:923] <18200> cardcode:
DEBUG	[2013-08-16 15:53:41:923] <18200> parentemail:h-jete@hanmail.net
DEBUG	[2013-08-16 15:53:41:923] <18200> recvname:성지현
DEBUG	[2013-08-16 15:53:41:923] <18200> recvtel:010-8606-8553
DEBUG	[2013-08-16 15:53:41:923] <18200> recvaddr:광주 북구 용봉동 1129-1번지4층블랙제이댄스학원
DEBUG	[2013-08-16 15:53:41:923] <18200> recvpostnum:500-845
DEBUG	[2013-08-16 15:53:41:923] <18200> recvmsg:빠른배송부탁드립니다.
DEBUG	[2013-08-16 15:53:41:923] <18200> joincard:
DEBUG	[2013-08-16 15:53:41:923] <18200> joinexpire:
DEBUG	[2013-08-16 15:53:41:923] <18200> id_customer:
INFO	[2013-08-16 15:53:41:923] <18200> Check Field OK
INFO	[2013-08-16 15:53:41:923] <18200> Make TID OK INIphpDBNKGODOloosfl20130816155341238114
INFO	[2013-08-16 15:53:41:923] <18200> PI PUB KEY LOAD OK [39]
INFO	[2013-08-16 15:53:41:926] <18200> PG PUB KEY LOAD OK [30]
INFO	[2013-08-16 15:53:41:926] <18200> MERCHANT PRIV KEY LOAD OK
INFO	[2013-08-16 15:53:41:927] <18200> MERCHANT PUB KEY LOAD OK [0]
INFO	[2013-08-16 15:53:41:928] <18200> MAKE BODY OK
INFO	[2013-08-16 15:53:41:930] <18200> SIGN OK
INFO	[2013-08-16 15:53:41:930] <18200> MAKE HEAD OK
INFO	[2013-08-16 15:53:41:930] <18200> MSG_TO_PG:[0842200175R SHA1                   0                  39                  300200GODOloosfl               89000INIphpDBNKGODOloosfl20130816155341238114<?xml version="1.0" encoding="UTF-8"?>
<INIpay>
	  <GoodsInfo>
	    <GoodsCnt>1</GoodsCnt>
	    <MOID/>
	    <Currency>WON</Currency>
	    <Tax/>
	    <TaxFree/>
	    <Goods>
	      <SMID>GODOloosfl</SMID>
	      <GoodsName urlencode="1">Carmen+Sleeved+Lace+Leotard</GoodsName>
	      <GoodsPrice>89000</GoodsPrice></Goods></GoodsInfo>
	  <BuyerInfo>
	    <BuyerName urlencode="1">%BC%BA%C1%F6%C7%F6</BuyerName>
	    <BuyerTel>010-8606-8553</BuyerTel>
	    <BuyerEmail urlencode="1">h-jete%40hanmail.net</BuyerEmail>
	    <ParentEmail urlencode="1">h-jete%40hanmail.net</ParentEmail>
	    <RecvName urlencode="1">%BC%BA%C1%F6%C7%F6</RecvName>
	    <RecvTel urlencode="1">010-8606-8553</RecvTel>
	    <RecvMsg urlencode="1">%BA%FC%B8%A5%B9%E8%BC%DB%BA%CE%C5%B9%B5%E5%B8%B3%B4%CF%B4%D9.</RecvMsg>
	    <RecvAddr urlencode="1">%B1%A4%C1%D6+%BA%CF%B1%B8+%BF%EB%BA%C0%B5%BF+1129-1%B9%F8%C1%F64%C3%FE%BA%ED%B7%A2%C1%A6%C0%CC%B4%ED%BD%BA%C7%D0%BF%F8</RecvAddr>
	    <RecvPostNum urlencode="1">500-845</RecvPostNum></BuyerInfo>
	  <PaymentInfo>
	    <Payment>
	      <PayMethod>DirectBank</PayMethod>
	      <JoinCard/>
	      <JoinExpire/>
	      <MailOrder/>
	      <SessionKey>Ti0vXIC1KgUg9YX1ag7GXpe9BLUMCxwQwokG206w7bH2WoTSQozin0/BPRKSrNQc
UphPIhOR94S8xWWBLSWcdA8Mpd+aJ1FhOoNjGklcJTXtYEMKaPtRl/zc1x3n3E2o
CqIktJ81tPAKxINEZrJv+yT8VKaRc4Qls9NWkQBmTDE=</SessionKey>
	      <Encrypted urlencode="1">Version%3D4.1%26PayMethod%3DDirectBank%26RsaKeyNum%3D1%26EncryptionAlgorithm%3DSEED-CBC%26SignAlgorithm%3DRSAwithSHA1%26CertVer%3D39%26moid%3D1376635800053%26ver_trace%3Dmain%286075%2C6049%29dbank%286058%2C6048%29n%286008%29Cs%286021%29Dt%286002%29Pa%286002%29Cf%286024%29Fv%280000%29La%286111%29Re%286065%29Vr%286006%29P%286030%29en%286030%29nP%286004%29%26pg1%3D211.219.96.180%26pg2%3D203.238.37.3%26pg1ip%3D211.219.96.180%26pg2ip%3D203.238.37.3%26agreeflag%3D1111%26Data%3DdSJbqoz7ogM8uFdK1hbl8W6Y1OOplRlq4QTguoSijhuBdvqDrzTEf%2Ffu4kFah2b%2B%0D%0ADOLJ3Yv5ejhT6eTGZofZcwqXvvpKETrzGO7znF7FkFnXibWcDkY8p7hy%2FdZWPtJ3%0D%0AqtzGBdcsf182HrUVNH43Gd83fp3wjgUc%2FHaKkDvGchpofmuV7GGFbp14SKAtsrp%2B%0D%0Ae79VbIIxjpeR9T4SyicA9UgZ9RzMXk38mv0uMk%2BbSW%2BzYcTYF3tHmbl%2BriaMWfdI%0D%0AK75f19LmYfzc1AoVAa0w4p2yOS4Cj19hHB%2BO9vs3QIN8XuY%2BDL7t0u7A1ukPR0Cx%0D%0AvaELLZ7bMGjsgsftp4VyicI86JZ6UWZSYYCOHolIo9vLhfUIM3KOHiX1yZrPkHCr%0D%0AhZIFb7Lfzcs8KjuoTcBkzkUmS0dDMNO7%2FYpCIh9sPwebcKoaIwRy0dCvIO%2BPHiri%0D%0AADkIDoRnpULcf0USKoWOQuoOBqcs4%2FPd3V66ou8Sc%2B2nIERgB422eWtuxkEC2DTJ%0D%0ARJOMNwFZmLh7h0zhaE%2FQv8lcMW9jxvXQPZmQbZyb1u%2BYT83SlfNhWZAdIx4GliKH%0D%0A6y7%2BfD1WgwmosrwgtLfJ8oSDfzMTC26VbnZbDupYOzk3A9oSowLJOjQnaihBtsQ%2F%0D%0AMdXtB92vjzh4zIxbzRu7JbXQkiddI9knYSdoMBzhLrWjsDbyU00R9U5S8afLzB%2B4%0D%0AyqHhJgS1SGTBwnQZWy5%2BgZ7xguUvWN%2BusCTIP8jWWQfotNZ7jeujavPpbynchcxM%0D%0A8sIYwcuZJIB7AxJhzUwsj84SUEuvokI8%2FilMJ0B3u84UdU8aZ8jPbvswFksdwQpX%0D%0A6h0NkNCZvL8uTK58NUFn%2Bu7b0VjT%2Bu9YEak6bLMa7xBORu%2FeV22lK%2BzcTk94pSV5%0D%0AaLCnLOeIDbIbIK7SfIIj8TAnydmoT4VOLLpflkkI%2BQwHhS9aMniwk5je42pQ1Lvm%0D%0AYBVw9K5aLZ4qc5ekZ36wCN9jOnHcXGUuG%2BVAFzKAv0%2FnKkIUxoYvI76xwgvm0ZTL%0D%0Acm2R3bsUzqJDOS9FgH66XCnragLIzn1ny787g1MiANA16c2BbqHbYQPcpi0T6VYN%0D%0ARliBE%2FHywktx%2F7sWqJWIUn4Unh6lYhOeE%2BxzgyjJYLDz78%2BEV8ZiCLlLY%2FArM9Ge%0D%0AXaR0ah%2F%2FQ0%2FrJ3vahOuca%2BdMPh%2FraRJqhSBZEwLKCxNZKyXX85DXqCz3B7BV%2FSLL%0D%0A4GuIe4i25c6B3QTB%2BnrH0FWici4Y3cHeKEfEWdSuaJyPZVihka4kuNKU6VBRj9yx%0D%0ArSZk0QPnAZjDSfN3cXqvaQt8ktNi8o%2FET8%2BFJ9fs2EHVbkyAfEdnEL1YZImIhVzV%0D%0AErD878ngncEi3OMDxex8xscNdd1Toi72NYa5srPkpcihqkEdE8JOJGAuhGQsf7s4%0D%0A0hnyp2MknPyAKRwdz8wGKfhY8han1XFrDxET18yMrW4ffIQ6xfTfjevAnPq0Eenj%0D%0A5rKFfkztCWXrEss0cis5UyvKNP5XFCFCktTslHNGyevrnjS5DvwFOAuHjqU67vn7%0D%0AF%2F4pahp%2FnXEoG7FRMfjoh9ug4MYxTwW%2BZQMCb0Lc2IVX7uQIeMSvacm6OrS%2Bx716%0D%0Ahci5K9T0AS%2F8ddaoXfwrMdspVxDGTNc%2FmIrsFUwR%2FXSyP32vVrM%2FbPIQlu23Nr%2Bb%0D%0A31D4ygTn9yUzGiAcbwzM3jhbG8wTMqIwyORk0kRfYwYOrVIyjkoZc%2FG0AniyIMNX%0D%0AlPgGb%2FC%2BgrpDHvVKr44giYsjrwCy7m312t1cyFV3KBvGh3mptuVhoTqVbIUUJcWr%0D%0A8%2FnwWWiknn3JDjXs6A35t154IyKX1QgT5NyuKMIBN%2Bf0lNI2cEeqMntXrAsVCAut%0D%0A2dNsZsy1WHmkPsYhHthBDX2Kz6UIEwGmEP9SwZN7aF%2BGql1nNh67VSoxHeUMFZrL%0D%0Al4JRWReUBtL80LDf8dFBnhlMm96tAFOgTQNo2Halt59jRNqo2paANzs2qOQbp2Ji%0D%0AeUvugyywi5%2BSlnvQvVHiCAdrq5l3PtDtxbcVsaap68EFyJKZXxiJBk2wbNR1MmfE%0D%0Ata66sZ6cgLkkhxfQjH4wOtSEmM9NN59qpmS4%2BRuIwole4NY%2B7Qw2HKu5U1pqzhSF%0D%0AuOQ3pDMuUTSaaFSELazjOI%2FMJ9%2FvCXOR6YN%2BPzBp2yLVQiNwV3BpsYA2IXTtGTL4%0D%0AGcZFl3YoWR719B2wGVJTGqjg6QIRNGxwhGfsaxst3Qk%2BfSkpsCsbhsK4jmtcQhQ1%0D%0APCajrJY%2Brxi7KT0IhHD4fRA2Ocb585jv42qKz4YMfB4O76Zcl6PH%2FZQxBpOL4a5b%0D%0AS8ArIOf8ESFfa7R5W%2BwfJIsOd1nhIUWox0JOIIjJrdrgCeByXs0Mx9ppnLKEBxuv%0D%0As0EmqHXl9erzimy7inkfOaJXOypjMch3xyNl1Fn1KSDDFXoAPPUwJr46ZJJ6NSxi%0D%0AcSxPU%2FkzgW2aUyCl5cGhI5Ernmouyq7MDvqR0tDvz3%2FS6W0PYu7EhpjZd2E94ZtR%0D%0AHWmqq7tS39GeICb8PVwy9rAhv6q35%2FOcLXnM2rbhavZFp%2F97jYGP4ALoA5Po22H%2B%0D%0AYy1SlXQvbJqCVtDzjw62fpLBogSBUGArinrmEjPJgOAE27FvA3ubEdf6Jywbv4F2%0D%0AoyAhkD5Z4vT0aUB8Cd3MP9GzNm8RTN%2BBUhKmBsH1Mzw7xqStH3%2BGKoJEUCuivGVG%0D%0A1a8vkuAdM3in%2BecR6O3M%2F%2BSELlzU0id8QnCAlqNNA%2BgkyylV%2B31OSe37JMwHYlDX%0D%0ALtSWc4PCAJJbcUmBw4OvQ8F3OTAcVOOggxSvlZvQcmhRs8XzNr4GUx6P7h3MIKkk%0D%0AHVYxHO6maNO2XQxfLBi7RyMPikzYpeUYIIikluUh1xmF7n5nnGsiusO%2BVk5v4ZPI%0D%0AFQrszy3xTCm3JzdiSX1QYBO2E7WXxWkvgoBBD6vrFpQIq%2F5aRxl8YtpljoJoBaLJ%0D%0A2UHFzuMLTsnXCoph58ZtPVTs5%2F53AjcqVycbgTODzg%2F9Tt7YRWBMzhkpecP2QI2r%0D%0AD6oev2svVyhnMoxyLeeYRo8T7SCPkX0BUzVIjRUIxwrLZ0q7wUXaNELHAz6wsTUv%0D%0Ag%2F6UmmzlfPosmC9Gt4kWzHQWacgT9UIjik2I4ckTZDACa%2BEkYZxQf3yQ%2Fe1JuOLZ%0D%0Ax1Hv2666AH9nN61ArYrEFKC5PDVRZHItrUBW9qTXH9UkGxr0U%2BzfYRa2ccrtpDEe%0D%0AzakTQzPwZbBE0aXSVnpkj329n%2FnadbPZKcHLtstrdpcvCwZdwqFJh33vRcJKl3iW%0D%0Au6sgwKFydl1xq1WnI4krfPC5w9q99ZxCz9m2DerS0guF%2FM8cL8AJ3HmkEGhG8gZx%0D%0AWUudiPQxe2E6SUDKKXXSFBAU9mSrp20cF4noSyjWtWyNeVMDWVV1hvO6P57UlPEY%0D%0Ap9n2yktCw4EwBGa8RBExDM1OkBt9tGOndcWB7V5YI%2BXKZX8WWuYklNssO0Vsmubq%0D%0AlxV96qj2KpYSEQb3F1cjoci6P4QEfXXbh2cqib6W79uWc0Do1GxN7GmE34bgIcqi%0D%0AqFSsoTExPBURqb%2F8p8ZSgidUPE6hP0uOrE2E%2BHDGb85228DFip3FlX%2BlGMw0DXeh%0D%0A%2B9iqMeNZCe9%2Bd9ox9Wyqw8yhOVTg8LWRWLnecpST7%2F%2FDqeARux1WxDgF6R93AVS%2B%0D%0AHjdpepLGyOTbN2M7C%2FBSyMx3zz%2FonESQTtWHgH617kv9HkTzObv1KHwNNw%2Fo9L2u%0D%0ATHh2jcmtvLu4SfJflYoMdkPKVGZgMpDaaEwPpmOKOPxdiYEp6cjcft3RAxdLKTww%0D%0AN7slF%2Bx8z8oFGwAvcJrsPzuEizDItV1I1Jj1F7LQVgllLm%2BBNLUpNF414jnnGuxs%0D%0AxLySCYxcJXhfKqNCxeNfIJ%2BWc16Qy%2ByzsCgHdptgfXYkYzl8uG3nMJUM4spkKrrS%0D%0AwXoaNObd5OxIYjV7B0lXOQl38%2Biw046Xw4GMHJsUxVUX4o7yFqTgrFQz6YfhZtDB%0D%0AOwlmqWpeqD1pVsSHRY%2FySdGeFFPUiZI7VCQ9fTgz3CdTjQ%2B3TleiMj%2Fkxxi85CQA%0D%0AAfLuECJ9fku5wlcNFD%2BmB9VaazGUn82SJQmhsttXD%2Flts2w9zpoERrjv8lcBiqb6%0D%0As0xE8833a%2FMjkBucWqC%2FPnwr3JmThJpwnk4qlznGsHrRRiiEHBRCyJJCIZVZYxE0%0D%0AWlQNTkjAQo4fAPXpP5HgF%2BP5zB1%2FguqrPS72rtzXkTvNfuQacSm5GOw70XE425uW%0D%0A05Z5%2Fp%2B5nv5m3N0pBassLZM7%2BEaSLi8G7Wz%2FFHCLXZiuYiD%2BeygxrNXymTDm5kcv%0D%0AlCe4QgyumHmI28vfKs%2BJ%2Fb2Oe3KHvItRoOAR6lmxCnpTghHo9AqxzmZJi9SRSuIS%0D%0AeeYIkOjh4VG%2FcHV8USCwss%2FlRDbqmcPoz5Yz5zNzVWjGB0liC8l%2FJXG3jYAGJY7Z%0D%0AD3kj3i7GVcTIcKrokjRu2Z34iR4Ae4p08FwBAzJgbk0nhB9t3zkXmi2igL7GXkvU%0D%0AF2axw0x%2BXWGW5vQtaAqgQvoo%2BS87RrtcEdsiCldyyxefifbgSaO9EMERDoHakRgv%0D%0AiWnmKrTfhu2hOmDXjpeGcZ7RblJTxHjzIMJAFiEvpgvnMRea9xx0Hz52RUWB0Xww%0D%0As19BYg1aSjgHlNGYTSf838vSO8RsZm75FJgfuSLA91TRcOnVz0etcKnYjTwv7xAE%0D%0Avb04SEeBA06jmdGjsFJAfQIIKfJsrwk6OYjRnMlQQq4%2BwghTCexKsZsycWIfkIIp%0D%0Ap59B%2FFUqkGrMkbWb0dmjRSMJD%2FU%2BLPDH67USLxS0rKs8yW9DEvwObBsE6LfI3k8b%0D%0ADcASifciZIRng64O5u%2Bd7eMAJOlwEhWDWhBJxcPkXO3xw%2FeLiMpPio6jAXcK7gbU%0D%0AOl29baprrZPvlryJEWX1Oo7rXoNQvXMNuZtkvbM2q9Kqkfo7Ty6ex0%2Baac3a7L03%0D%0AoYhFa52Lf%2F8T6NF%2BdjV0MO7l4rCnUvSuxG3Ck3ZpiYgUwd8RrAtiuGQVcf4OM%2Bzm%0D%0ARGnhfYyOJSbFRv4YvkTjA9dQmzpPPMEmNxYnDOxy3zBwoybgafFYRFimOk7cmDjc%0D%0A4NCd4BBieExhRIHCkYZSPMh1h5pxRDveF1Z%2BbLANVYnyqMz6ADDILIyZ9ZG9UoMb%0D%0ACJsJAXwFJFKhgllKhePhnNZUjwY0l%2Bcji7%2FOPwPk6wIlf8m53rRMgw6ill%2FE1gnl%0D%0Aw%2F9SzSCyeyKAvBnmTbN5WrJM7i5pqmOQ4qF6DFiPhlUAW671lp%2BjFQSVvcxYZWwv%0D%0Ad9YsUC8cg9EnI1B25vbQOUxp3oqtqo%2B%2FJUTA%2B7RR5nbM7pYXKHhqJsuw5qCwDKtm%0D%0AGTA%3D</Encrypted></Payment></PaymentInfo>
	  <ReservedInfo>
	    <MReserved1/>
	    <MReserved2/>
	    <MReserved3/></ReservedInfo>
	  <ManageInfo>
	    <Language/>
	    <URL urlencode="1">http%3A%2F%2Fwww.loosfly.com</URL>
	    <TXVersion>5031B111123securLinux     PHPchkfake   2.6.18-348.12.1.el5PHP:5.2.17 </TXVersion>
	    <TXUserID/>
	    <TXRegNum/>
	    <Ack>1</Ack>
	    <TXRN>MjAxMzA4MTYxNTUyMDgwOTExNTIyMA==
</TXRN></ManageInfo></INIpay>AGfvDshuRWW/WQ49OG0WnsnYNtUu/aoENfHwErlhDCXSsZOkf12Ev+myCWUKYTwr
CGBc9Q8xmU0ksQv9wnfuVyxvlyL8KXadJZuX6o02juTt2hIi3n8tFNC/cUQi7FSM
Y6sZ0b2eqklSxBml5lFqohzoymRDxQ479PDimfhKXh4+
]
INFO	[2013-08-16 15:53:41:930] <18200> DNS LOOKUP OK(211.219.96.180:211.219.96.180:34049) laptime:0
INFO	[2013-08-16 15:53:41:933] <18200> SOCKET CONNECT OK
INFO	[2013-08-16 15:53:41:933] <18200> SEND OK
INFO	[2013-08-16 15:53:43:374] <18200> RECV OK
INFO	[2013-08-16 15:53:43:374] <18200> MSG_FROM_PG:[0277600175D SHA1                   0                  39                  300210GODOloosfl               89000INIphpDBNKGODOloosfl20130816155341238114<?xml version="1.0" encoding="UTF-8"?>
<INIpay>
  <GoodsInfo>
    <GoodsCnt>1</GoodsCnt>
    <MOID urlencode="1">1376635800053</MOID>
    <Currency>WON</Currency>
    <Goods no="1">
      <SMID>GODOloosfl</SMID>
      <GoodsName urlencode="1">Carmen+Sleeved+Lace+Leotard</GoodsName>
      <GoodsCntS>1</GoodsCntS>
      <GoodsPrice>89000</GoodsPrice>
    </Goods>
  </GoodsInfo>
  <PaymentInfo>
    <Payment>
      <SessionKey>ALHTxPD+Ip5iR3bs0UNjGfyodnav4su57GAq51uTvOrOcXTUiv49MmRHto0xPdER
ZvWHXNePOiiOEqrndHzGD2QIP1HcldREf3XH+0rdT838vlhj2YewuaNmxa7IH/Z8
ygTVf22bzXKWZHaYWBKVxYX+UtFbWtKvU7PIRwyILe+ls2/K4MUS6Is=
</SessionKey>
      <Encrypted>MhvkS/zCq7T6ZnijBPy+4Hlgrys1/erPp4Umnwc1ag91FdnkrrZrGiRirXz9lgw6
q+3lVdAPoor1sQVckm+DMv76QzwlNFkY8yhBr4tRb4uA5nZYeb7glzdpoxiQjgdl
4eGyK+OPObvCgu4WRV4NIANjvTbzooGRlL3jltpYtIMYnB5R0Ha8BddzG1PGRMno
EwEx9wt4ggMzG12+j/JYkzCq4txmI0c/7psc55YXi7RLlGPOqzhzvPDoek6ajJsj
j6dS+M73f3US9RL4TB03o8n1jyw2bMTaHVg92sp6mbpptjV05YM7yCtSzmj6yapu
/+21SxqOcKcFfKcXFuGiAwMX2fKDCzo1/Gll4Xc2ZKTBFQYiCp9EvYGwOiM1iY8N
16y2z/9QLLe0FNu/bzZv16Y875IYuQzP0LiI9mF+orU8ZRsSS1S2Orj1XCIurGK3
cHOX8tPjh8sBdB/KuIFkCRR/W2bv2mbAAfffduSBi71F9ZcXEXMOGJCIDRn0fVgb
zhtR+QYIHNz4y0VmOoXEG5qfmCHN/MrBmFarUXDpuiPN5jsJcOw896XGo57UBSnS
K52cfqu7sGGz7raKkCiuxYeqLWrGRGe9vp/W9lt1DtKg91yOJ9cM1glMPnVSAlrv
DC1l1ZuOgglRWgoglDjHXsvNaNKiEIdUD8Jz9lHhqUx/kbJlsE4sauQ4F5i8hhv6
CuoO24oXT2zXZM1kkj0NgwDQy0zkHHMt8K6i11rZgnHsfQQ9Z642wnAwX1VffxdJ
fngq6LTv1oaQdwTyxVSxIGXmKq4+vtTY5aYQ+8DLbh4/F1uG1sVe7fNDgT/O2uHQ
6sg8r4k1uvr2O8w3RhjNcFB8cqI1TUG+ExeDyw0An26M3S4tZAtUuWn0NjnZjG6v
fN9F4LYY8P+keBHnGNioZlZ9PKINgIHNZbPpViN7ZGEGtwYIv1SWsWF8ZUNqxHHr
HbpCC0s99PqW+ZhVyB+Jfqc0CQPZtsJs9MP+7MAWEzgBuo5G9Mm2oeaf4ZUV+0CE
6K3/VFu3B0dNb9fb0Xc/laIgH+56dmteS/CYjYkKBGtQ7wqEbaMYTh3DueohktA5
CsrtSE9wQVI5x5F0riNnCYBHRy1WTbR75Efcn8A2AHifD393BO5IFg5LDGfBe83V
ND93Cqu8afhjSpsH0c/U6V+pNN1atKdoLrjXsiLDRQO0Yf8FlqFvr8PSeYKeOYd3
7OWZFwpNvsMhF1UWQVUqzd6olu8cEwJxjD/jc7bdd4prEMArSwWvoBypdXpr4Tq5
ltOl/JfRujEEuDoBlnLvaZsi//cdWNGXGzuxv4K4aE2Sttrd4dl+z6+lLnYsSytK
tZEOgxser3k4dmNxuj7IBwLobEVUBE1bUJPkxroci1WT8Q1UEJg91beC6jajhWKk
sO8hYewKtFo=
</Encrypted>
      <PayMethod>DirectBank</PayMethod>
      <ResultCode>160000</ResultCode>
      <ResultMsg urlencode="1">%C1%A4%BB%F3%C3%B3%B8%AE%B5%C7%BE%FA%BD%C0%B4%CF%B4%D9.</ResultMsg>
    </Payment>
  </PaymentInfo>
  <ManageInfo>
    <EventCode></EventCode>
    <OrgCurrency></OrgCurrency>
    <ExchangeRate></ExchangeRate>
    <OrgPrice></OrgPrice>
  </ManageInfo>
  <ReservedInfo>
    <MReserved1 urlencode="1"></MReserved1>
    <MReserved2 urlencode="1"></MReserved2>
    <MReserved3 urlencode="1"></MReserved3>
    <PGReserved1 urlencode="1"></PGReserved1>
    <PGReserved2 urlencode="1"></PGReserved2>
    <PGReserved3 urlencode="1"></PGReserved3>
  </ReservedInfo>
</INIpay>
QoOWJKXR8q2mkSrU4DzHGIPl4I1CKdnf+wv1m8Jgk/bo9hjirfDnU4GuwNKDcn8y
j7BU52bQ0hgMGBDXU6CIWCQupJE1v2WbsLRmjS0Sl+8hm5AClLSqE5Veew6TnDCn
eFQFSQJgXzJGjnGTPwBZKhzcoc6WFxHAn0NRrGp1Uoo=
]
INFO	[2013-08-16 15:53:43:374] <18200> VERIFY OK
INFO	[2013-08-16 15:53:43:374] <18200> PARSE HEAD OK
INFO	[2013-08-16 15:53:43:378] <18200> PARSE BODY OK
INFO	[2013-08-16 15:53:43:381] <18200> DECRYPT OK
DEBUG	[2013-08-16 15:53:43:381] <18200> DECRYPT MSG:[<?xml version="1.0" encoding="UTF-8"?>
<PaymentInfo>
  <Payment>
    <EASYPAY/>
    <DirectBank>
      <ACCT_BankCode>11</ACCT_BankCode>
      <ACCT_Num></ACCT_Num>
      <ACCT_ApplPrice>89000</ACCT_ApplPrice>
      <ACCT_ApplDate>20130816</ACCT_ApplDate>
      <ACCT_ApplTime>155343</ACCT_ApplTime>
      <ACCT_ApplNum>1384009</ACCT_ApplNum>
      <ACCT_ResultCode>160000</ACCT_ResultCode>
      <ACCT_ResultMsg urlencode="1">%C1%A4%BB%F3%C3%B3%B8%AE%B5%C7%BE%FA%BD%C0%B4%CF%B4%D9.</ACCT_ResultMsg>
    </DirectBank>
    <CASH>
      <CSHR_ApplPrice>89000</CSHR_ApplPrice>
      <CSHR_SupplyPrice>89000</CSHR_SupplyPrice>
      <CSHR_Tax>0</CSHR_Tax>
      <CSHR_ServicePrice>0</CSHR_ServicePrice>
      <CSHR_Type>0</CSHR_Type>
      <CSHR_ApplDate>20130816</CSHR_ApplDate>
      <CSHR_ApplTime>155344</CSHR_ApplTime>
      <CSHR_ApplNum>265143852</CSHR_ApplNum>
      <CSHR_ResultCode>220000</CSHR_ResultCode>
      <CSHR_ResultMsg urlencode="1">%C1%A4%BB%F3%C3%B3%B8%AE%B5%C7%BE%FA%BD%C0%B4%CF%B4%D9.</CSHR_ResultMsg>
    </CASH>
  </Payment>
</PaymentInfo>]
INFO	[2013-08-16 15:53:43:383] <18200> DECRYPT PARSE OK
INFO	[2013-08-16 15:53:43:383] <18200> WAIT ACK INVOKING
DEBUG	[2013-08-16 15:53:43:383] <18200> MAKE HEAD OK
INFO	[2013-08-16 15:53:43:387] <18200> SUCCESS ACK INVOKING
INFO	[2013-08-16 15:53:43:387] <18200> END securepay 정상처리되었습니다. Laptime:[1.47sec]
INFO	[2013-08-16 15:53:43:387] <18200> ===============================================================
