INFO	[2014-04-03 19:31:09:298] <28813> START INIPHP chkfake (V5031-111123)(OS:Linux2.6.18-371.4.1.el5,PHP:5.2.17)
DEBUG	[2014-04-03 19:31:09:298] <28813> inipayhome:/www/loosfly_godo_co_kr/shop/order/card/inipay
DEBUG	[2014-04-03 19:31:09:298] <28813> type:chkfake
DEBUG	[2014-04-03 19:31:09:298] <28813> debug:true
DEBUG	[2014-04-03 19:31:09:298] <28813> enctype:asym
DEBUG	[2014-04-03 19:31:09:298] <28813> admin:1111
DEBUG	[2014-04-03 19:31:09:298] <28813> checkopt:false
DEBUG	[2014-04-03 19:31:09:298] <28813> mid:GODOloosfl
DEBUG	[2014-04-03 19:31:09:298] <28813> price:158000
DEBUG	[2014-04-03 19:31:09:298] <28813> nointerest:no
DEBUG	[2014-04-03 19:31:09:298] <28813> quotabase:선택:일시불:2개월:3개월:4개월:5개월:6개월:7개월:8개월:9개월:10개월:11개월:12개월
INFO	[2014-04-03 19:31:09:298] <28813> Check Field OK
INFO	[2014-04-03 19:31:09:304] <28813> MERCHANT PRIV KEY LOAD OK
INFO	[2014-04-03 19:31:09:312] <28813> MERCHANT PUB KEY LOAD OK []
INFO	[2014-04-03 19:31:09:315] <28813> CHKFAKE KEY MAKE OK:MjAxNDA0MDMxOTMxMDkzMTIxNTUzNQ==

INFO	[2014-04-03 19:31:09:315] <28813> END chkfake  Laptime:[0.03sec]
INFO	[2014-04-03 19:31:09:315] <28813> ===============================================================
INFO	[2014-04-03 19:33:56:879] <24023> START INIPHP chkfake (V5031-111123)(OS:Linux2.6.18-371.4.1.el5,PHP:5.2.17)
DEBUG	[2014-04-03 19:33:56:880] <24023> inipayhome:/www/loosfly_godo_co_kr/shop/order/card/inipay
DEBUG	[2014-04-03 19:33:56:880] <24023> type:chkfake
DEBUG	[2014-04-03 19:33:56:880] <24023> debug:true
DEBUG	[2014-04-03 19:33:56:880] <24023> enctype:asym
DEBUG	[2014-04-03 19:33:56:880] <24023> admin:1111
DEBUG	[2014-04-03 19:33:56:880] <24023> checkopt:false
DEBUG	[2014-04-03 19:33:56:880] <24023> mid:GODOloosfl
DEBUG	[2014-04-03 19:33:56:880] <24023> price:158000
DEBUG	[2014-04-03 19:33:56:880] <24023> nointerest:no
DEBUG	[2014-04-03 19:33:56:880] <24023> quotabase:선택:일시불:2개월:3개월:4개월:5개월:6개월:7개월:8개월:9개월:10개월:11개월:12개월
INFO	[2014-04-03 19:33:56:880] <24023> Check Field OK
INFO	[2014-04-03 19:33:56:880] <24023> MERCHANT PRIV KEY LOAD OK
INFO	[2014-04-03 19:33:56:880] <24023> MERCHANT PUB KEY LOAD OK []
INFO	[2014-04-03 19:33:56:882] <24023> CHKFAKE KEY MAKE OK:MjAxNDA0MDMxOTMzNTY4ODA4MzExOA==

INFO	[2014-04-03 19:33:56:882] <24023> END chkfake  Laptime:[0sec]
INFO	[2014-04-03 19:33:56:882] <24023> ===============================================================
INFO	[2014-04-03 19:38:11:534] <25957> START INIPHP securepay (V5031-111123)(OS:Linux2.6.18-371.4.1.el5,PHP:5.2.17)
DEBUG	[2014-04-03 19:38:11:535] <25957> inipayhome:/www/loosfly_godo_co_kr/shop/order/card/inipay
DEBUG	[2014-04-03 19:38:11:535] <25957> type:securepay
DEBUG	[2014-04-03 19:38:11:535] <25957> pgid:INIphpCARD
DEBUG	[2014-04-03 19:38:11:535] <25957> subpgip:203.238.3.10
DEBUG	[2014-04-03 19:38:11:535] <25957> admin:1111
DEBUG	[2014-04-03 19:38:11:535] <25957> debug:true
DEBUG	[2014-04-03 19:38:11:535] <25957> uid:
DEBUG	[2014-04-03 19:38:11:535] <25957> goodname:Semi-tight Contrast Pants (Indigo/Gray) 외1건
DEBUG	[2014-04-03 19:38:11:535] <25957> currency:WON
DEBUG	[2014-04-03 19:38:11:535] <25957> mid:GODOloosfl
DEBUG	[2014-04-03 19:38:11:535] <25957> rn:MjAxNDA0MDMxOTMzNTY4ODA4MzExOA==

DEBUG	[2014-04-03 19:38:11:535] <25957> price:158000
DEBUG	[2014-04-03 19:38:11:535] <25957> enctype:
DEBUG	[2014-04-03 19:38:11:535] <25957> buyername:권기옥
DEBUG	[2014-04-03 19:38:11:535] <25957> buyertel:010-9970-1620
DEBUG	[2014-04-03 19:38:11:535] <25957> buyeremail:kkogirl37@naver.com
DEBUG	[2014-04-03 19:38:11:535] <25957> paymethod:Card
DEBUG	[2014-04-03 19:38:11:535] <25957> encrypted:Version=4.1&PayMethod=Card&RsaKeyNum=1&EncryptionAlgorithm=SEED-CBC&SignAlgorithm=RSAwithSHA1&CertVer=39&moid=1396521083331&ver_trace=main(6085,6051)card(6107,6099)n(6008)Cs(6021)Dt(6002)Pa(6002)Cf(6024)Fv(0000)La(6122)Re(6075)Vr(6006)P(6033)en(6036)nP(6006)&pg1=203.238.37.3&pg2=211.219.96.180&pg1ip=203.238.37.3&pg2ip=211.219.96.180&agreeflag=1111&Data=nLopmyegIh5wzFODPcpar5K7hFD39mizc2KzR8DpS62z74XK5zztq9fFDGLkOODK
peyP1jSz9RpHxSN872Snw7IP2Qol4180ccP3DpOvIyYOa5kxWqY6b+1usZvEPx8j
/T0goV3Oj4wBGFFQHoH2SQxrdS5WtiABNvSfkkjwesssWHDRtAIL8rz7OxuMVdR0
93fFnrH5Jw2crxkEjRCs29z4vALK+CN3agq1x082ppLeLT22Yg5b6d0UqYLN9i4j
BP44FqXBgCc5/I9CIq62vYNOh9X4xhpx19qmAUcvEtYKcUQMMWjJKf2SLrEs/fI+
fLeRjfxySa4rBGsT8b0dU+V1Pe5o5sRgTmtM37SZ5Ozm26WECxjb8l5sDNdFoJ5a
hXcuxd5261MM7vKfpkYPS1xHQfgvnT8KcZY9yWPtyrZLsq3g1ui2Glz6ExRxs201
PQn2zmNIwSK/K9JPTrPObMpxgI5EJsBhNEZuNPm5fs4FOEqIbo8EU1/eNBCM88//
Df47RPcwa9Jz2a86DmOgVeB9FU/JXbJLmsh+PfQFuwgcR6DM1Hg9flWKZvJMQAeG
oM+UFD9v0+rC87aFLrXuxJ8N4opTF1nwCNPeWgPrCeF42c4oDl4ZfYTOFAh6Ivlw
YNSkzwSmCKLrTTK1pfp0lJewF6kQ4Qck4NtYa49fP+3zr9fkaFowudNzfoHIaw8Z
DEBUG	[2014-04-03 19:38:11:535] <25957> sessionkey:R84BhMHADel/Ulndyy3NYrfSZH9V36XdYgS5F+eM++CvpAvrSM8n5bvnmC7C/BMQ
mcZ7t5YHajOsOQxA4GI/4c7BL+ZLzmphCpnG3d0S733peTbth1EFsr7rEdI7eEZ7
nvItUjEKckIFdlB7oQGWxmNtzkC6DGZQoP7kAU1J6y8=
DEBUG	[2014-04-03 19:38:11:535] <25957> url:http://www.loosfly.com
DEBUG	[2014-04-03 19:38:11:535] <25957> cardcode:14
DEBUG	[2014-04-03 19:38:11:535] <25957> parentemail:kkogirl37@naver.com
DEBUG	[2014-04-03 19:38:11:535] <25957> recvname:권찬아
DEBUG	[2014-04-03 19:38:11:535] <25957> recvtel:010-9970-1620
DEBUG	[2014-04-03 19:38:11:535] <25957> recvaddr:서울특별시 광진구 군자동 125-244 지층
DEBUG	[2014-04-03 19:38:11:535] <25957> recvpostnum:143-839
DEBUG	[2014-04-03 19:38:11:535] <25957> recvmsg:대문 밑으로 넣어주세요 안되면 1층올라가는 계단쪽 대문 위로 던져주세요 핸드폰으로 연락주세요
DEBUG	[2014-04-03 19:38:11:535] <25957> joincard:
DEBUG	[2014-04-03 19:38:11:535] <25957> joinexpire:
DEBUG	[2014-04-03 19:38:11:535] <25957> id_customer:
INFO	[2014-04-03 19:38:11:535] <25957> Check Field OK
INFO	[2014-04-03 19:38:11:535] <25957> Make TID OK INIphpCARDGODOloosfl20140403193811359713
INFO	[2014-04-03 19:38:11:535] <25957> PI PUB KEY LOAD OK [39]
INFO	[2014-04-03 19:38:11:540] <25957> PG PUB KEY LOAD OK [30]
INFO	[2014-04-03 19:38:11:540] <25957> MERCHANT PRIV KEY LOAD OK
INFO	[2014-04-03 19:38:11:540] <25957> MERCHANT PUB KEY LOAD OK [0]
INFO	[2014-04-03 19:38:11:541] <25957> MAKE BODY OK
INFO	[2014-04-03 19:38:11:543] <25957> SIGN OK
INFO	[2014-04-03 19:38:11:543] <25957> MAKE HEAD OK
INFO	[2014-04-03 19:38:11:543] <25957> MSG_TO_PG:[0329100175R SHA1                   0                  39                  300200GODOloosfl              158000INIphpCARDGODOloosfl20140403193811359713<?xml version="1.0" encoding="UTF-8"?>
<INIpay>
	  <GoodsInfo>
	    <GoodsCnt>1</GoodsCnt>
	    <MOID/>
	    <Currency>WON</Currency>
	    <Tax/>
	    <TaxFree/>
	    <Goods>
	      <SMID>GODOloosfl</SMID>
	      <GoodsName urlencode="1">Semi-tight+Contrast+Pants+%28Indigo%2FGray%29+%BF%DC1%B0%C7</GoodsName>
	      <GoodsPrice>158000</GoodsPrice></Goods></GoodsInfo>
	  <BuyerInfo>
	    <BuyerName urlencode="1">%B1%C7%B1%E2%BF%C1</BuyerName>
	    <BuyerTel>010-9970-1620</BuyerTel>
	    <BuyerEmail urlencode="1">kkogirl37%40naver.com</BuyerEmail>
	    <ParentEmail urlencode="1">kkogirl37%40naver.com</ParentEmail>
	    <RecvName urlencode="1">%B1%C7%C2%F9%BE%C6</RecvName>
	    <RecvTel urlencode="1">010-9970-1620</RecvTel>
	    <RecvMsg urlencode="1">%B4%EB%B9%AE+%B9%D8%C0%B8%B7%CE+%B3%D6%BE%EE%C1%D6%BC%BC%BF%E4+%BE%C8%B5%C7%B8%E9+1%C3%FE%BF%C3%B6%F3%B0%A1%B4%C2+%B0%E8%B4%DC%C2%CA+%B4%EB%B9%AE+%C0%A7%B7%CE+%B4%F8%C1%AE%C1%D6%BC%BC%BF%E4+%C7%DA%B5%E5%C6%F9%C0%B8%B7%CE+%BF%AC%B6%F4%C1%D6%BC%BC%BF%E4</RecvMsg>
	    <RecvAddr urlencode="1">%BC%AD%BF%EF%C6%AF%BA%B0%BD%C3+%B1%A4%C1%F8%B1%B8+%B1%BA%C0%DA%B5%BF+125-244+%C1%F6%C3%FE</RecvAddr>
	    <RecvPostNum urlencode="1">143-839</RecvPostNum></BuyerInfo>
	  <PaymentInfo>
	    <Payment>
	      <PayMethod>Card</PayMethod>
	      <JoinCard/>
	      <JoinExpire/>
	      <MailOrder/>
	      <SessionKey>R84BhMHADel/Ulndyy3NYrfSZH9V36XdYgS5F+eM++CvpAvrSM8n5bvnmC7C/BMQ
mcZ7t5YHajOsOQxA4GI/4c7BL+ZLzmphCpnG3d0S733peTbth1EFsr7rEdI7eEZ7
nvItUjEKckIFdlB7oQGWxmNtzkC6DGZQoP7kAU1J6y8=</SessionKey>
	      <Encrypted urlencode="1">Version%3D4.1%26PayMethod%3DCard%26RsaKeyNum%3D1%26EncryptionAlgorithm%3DSEED-CBC%26SignAlgorithm%3DRSAwithSHA1%26CertVer%3D39%26moid%3D1396521083331%26ver_trace%3Dmain%286085%2C6051%29card%286107%2C6099%29n%286008%29Cs%286021%29Dt%286002%29Pa%286002%29Cf%286024%29Fv%280000%29La%286122%29Re%286075%29Vr%286006%29P%286033%29en%286036%29nP%286006%29%26pg1%3D203.238.37.3%26pg2%3D211.219.96.180%26pg1ip%3D203.238.37.3%26pg2ip%3D211.219.96.180%26agreeflag%3D1111%26Data%3DnLopmyegIh5wzFODPcpar5K7hFD39mizc2KzR8DpS62z74XK5zztq9fFDGLkOODK%0D%0ApeyP1jSz9RpHxSN872Snw7IP2Qol4180ccP3DpOvIyYOa5kxWqY6b%2B1usZvEPx8j%0D%0A%2FT0goV3Oj4wBGFFQHoH2SQxrdS5WtiABNvSfkkjwesssWHDRtAIL8rz7OxuMVdR0%0D%0A93fFnrH5Jw2crxkEjRCs29z4vALK%2BCN3agq1x082ppLeLT22Yg5b6d0UqYLN9i4j%0D%0ABP44FqXBgCc5%2FI9CIq62vYNOh9X4xhpx19qmAUcvEtYKcUQMMWjJKf2SLrEs%2FfI%2B%0D%0AfLeRjfxySa4rBGsT8b0dU%2BV1Pe5o5sRgTmtM37SZ5Ozm26WECxjb8l5sDNdFoJ5a%0D%0AhXcuxd5261MM7vKfpkYPS1xHQfgvnT8KcZY9yWPtyrZLsq3g1ui2Glz6ExRxs201%0D%0APQn2zmNIwSK%2FK9JPTrPObMpxgI5EJsBhNEZuNPm5fs4FOEqIbo8EU1%2FeNBCM88%2F%2F%0D%0ADf47RPcwa9Jz2a86DmOgVeB9FU%2FJXbJLmsh%2BPfQFuwgcR6DM1Hg9flWKZvJMQAeG%0D%0AoM%2BUFD9v0%2BrC87aFLrXuxJ8N4opTF1nwCNPeWgPrCeF42c4oDl4ZfYTOFAh6Ivlw%0D%0AYNSkzwSmCKLrTTK1pfp0lJewF6kQ4Qck4NtYa49fP%2B3zr9fkaFowudNzfoHIaw8Z</Encrypted></Payment></PaymentInfo>
	  <ReservedInfo>
	    <MReserved1/>
	    <MReserved2/>
	    <MReserved3/></ReservedInfo>
	  <ManageInfo>
	    <Language/>
	    <URL urlencode="1">http%3A%2F%2Fwww.loosfly.com</URL>
	    <TXVersion>5031B111123securLinux     PHPchkfake   2.6.18-371.4.1.el5PHP:5.2.17  </TXVersion>
	    <TXUserID/>
	    <TXRegNum/>
	    <Ack>1</Ack>
	    <TXRN>MjAxNDA0MDMxOTMzNTY4ODA4MzExOA==
</TXRN></ManageInfo></INIpay>AFCOh2+1V+0cLcmLSBTxbiTzyBSWzFve0UHt5hTx1sAsF8oiaia/mIIh04bBWTSd
dXhz737tX0FXY1AKECEv7g98sH8GWrQ+A8J9YKr1Gu2IYGgGnT9K0dje6+ipxiGc
gjESBW1wfZpUOXPNwL9rxmy/uXHN8zSULKWT/mXaHn+4
]
INFO	[2014-04-03 19:38:11:543] <25957> DNS LOOKUP OK(203.238.37.3:203.238.37.3:34049) laptime:0
INFO	[2014-04-03 19:38:11:546] <25957> SOCKET CONNECT OK
INFO	[2014-04-03 19:38:11:546] <25957> SEND OK
INFO	[2014-04-03 19:38:12:235] <25957> RECV OK
INFO	[2014-04-03 19:38:12:235] <25957> MSG_FROM_PG:[0295200175D SHA1                   0                  39                  300210GODOloosfl              158000INIphpCARDGODOloosfl20140403193811359713<?xml version="1.0" encoding="UTF-8"?>
<INIpay>
  <GoodsInfo>
    <GoodsCnt>1</GoodsCnt>
    <MOID urlencode="1">1396521083331</MOID>
    <Currency>WON</Currency>
    <Goods no="1">
      <SMID>GODOloosfl</SMID>
      <GoodsName urlencode="1">Semi-tight+Contrast+Pants+%28Indigo%2FGray%29+%BF%DC1%B0%C7</GoodsName>
      <GoodsCntS>1</GoodsCntS>
      <GoodsPrice>158000</GoodsPrice>
    </Goods>
  </GoodsInfo>
  <PaymentInfo>
    <Payment>
      <SessionKey>AKXQSYPqhio5Uk/4K3l19uvF69/J00y+3KbteNniPTZq2/tGrUF6xg/xdZj6ReSP
6EMCpYcLkXhD3PNkMDmQ2dnHjHLP3uaGcQeoqvj4OaCLahaSWoZvKhQJPZXSad0P
jHeuKy/wAmSGZjTHOtDtKfgfFJ0HOfUUoVNNPmM0behFZ+z12Zm5/o8=
</SessionKey>
      <Encrypted>z5CvL1JMPjJ7+unI5MkGWMJoOnGFsf0zzYAHnnWP8SzKkrjhbaB0hqdvQB43MDOq
Qvg3eid2IpWvbO5YmOnaFf+JKXi/KfgJaPiuqD0hn0hwXVypCHGPTmW3+M9jFerJ
T5zx62VjH/3TwRhWvAqhCfwjRgpHj0/QFoY0tjl6tXbXCVEVH5Y1XZmOsvWZSO34
gEAbCqbBjh+uSC3WujizX4lTArtnE7L23ubuf4xwZb0a4xEcJwmearPocJkkJbZ5
2UE08QqPhloWHmG4/n+KsuEGuq2YFKZJ55RbtfTaxvOB+JlSizEC5EpPzCk8gdr3
v2dIT4swEt3Op3NsxCYYJvOvqBtIR4PzQNPAO2Ninrv8a39x/C4lQJtdYupYTxoV
YDqPf6kfv89WrdoM83RWspCh/CJGDr/gKOWu5ohp0oxrktX9d1+Be6+NzE982OA4
Bn26D8kmMadrM5S7ltRRs7HF8eU5clLu7sKUOfsW0fLom7Oe+ZyFN78fLs35iVJu
vJdlELakZMSXDG4QjYj/dNl6HGVR4Jvyw/uqPdA48WqRj1HVbTbkw+hTV9deywoK
5yGAl4+jX3vY/WcscZOZH55yW0u1pzTeaJBjJKVT1C/Li+sZdNbgihLVVqstdQAi
IxzdHAend2uFXXptwKzv4HwBdw6sTAMvw1CGCLwudRZCVLdXhOrF1/DdyavrGsnH
aZPQS+jEHvR8rghkTnQPoTVoUG8y9GlVtfjwI1olWfO99wswveuFbYuKPF6aVgKE
BHRL4bfBf9WCpSCbWzpZ1hlwBaBxTc+6H2p+d7e0HjhHc+WF44JfufsMw2yX5wDz
9ZY24PrlGWGZMuKaMEuFNvH7ciNmaWq9r4y/6Z+jMh0g/k2kzZqtlHWlSwfx8Nv2
AouS3ZxO873paDS7ksG6Z1oNGTCZaK1yGhh33DTEjph1uXWHzm6N7KJaPMC3qQpt
52wPR8C3jzRVkQBMHcRXnlLgaPcnlwWjJkEGpty2w23lyGSPa5qN3SzDJGP+m0an
oOaUheFQHBHNJaleKoN1DLK65CcAu+AqGuFi3Bk0VkN0g2iz2EeIaIPLVprQbrsI
tAWyO7S5dm9Tk3MkZh3PDPRHExCa5FOtAxOhpyxuXRrBkRhwvYbnKk/5p8fb72a8
bLfq5wi62aFdZjT8yR3wnjDAcArLTr8jacKEmV3LliR0y/zFanBPWGW4zsAEoICG
b9XHmHToeQ85vcKIRGyTfrqevzwW1VuosLgEucmQCDuXgJKCJ57ICeIucZfBF4fL
otVGWtZjhXGprqO7X2Ek+zihLe/nttvmDKeO21UuG17zyNm+Um4HkmTfS8orDE3r
91X4OCG2fkvOaKIexj+N+FJyC2JXI8Ny1mUusl5cUvZlKTRKRyPJEGl6Tpawy0If
cdhDAGGsYm2kjT86RqyC3ZtodDPSqNcGX8xIGZDaK6wZgL41m7xjUmAQ52vqP91r
bUSAD6Gi9TX7XeZmdyBtOsyuXQDen30cgSjvBxjEVIhuxnXdgSs//Ped42CLeJhS
S4oz/RkzlDVdMa8V3MdagdOlB/RXwNCBcaMXTkr95jcjB3Yj+3Lqlg==
</Encrypted>
      <PayMethod>Card</PayMethod>
      <ResultCode>120003</ResultCode>
      <ResultMsg urlencode="1">%B9%CC%B5%EE%B7%CF%C4%AB%B5%E5</ResultMsg>
    </Payment>
  </PaymentInfo>
  <ManageInfo>
    <EventCode></EventCode>
    <OrgCurrency></OrgCurrency>
    <ExchangeRate></ExchangeRate>
    <OrgPrice></OrgPrice>
  </ManageInfo>
  <ReservedInfo>
    <MReserved1 urlencode="1"></MReserved1>
    <MReserved2 urlencode="1"></MReserved2>
    <MReserved3 urlencode="1"></MReserved3>
    <PGReserved1 urlencode="1"></PGReserved1>
    <PGReserved2 urlencode="1"></PGReserved2>
    <PGReserved3 urlencode="1"></PGReserved3>
  </ReservedInfo>
</INIpay>
mFZjgY8cnRM308cpY5SAJ6lrXgjXfzxDlbPoTncL3Op8FvkQNL8bzlk/yiMBAw+q
z6yojyqo4v9lpcO8YOqwnLovjqWvq4OLbj3wIWfKYU8gWkRroOQ+ReVAl4tHDvNO
QKypInfKjyFbH0PZ/kgFunue2jFot/Mwebboey3uINg=
]
INFO	[2014-04-03 19:38:12:236] <25957> VERIFY OK
INFO	[2014-04-03 19:38:12:236] <25957> PARSE HEAD OK
INFO	[2014-04-03 19:38:12:238] <25957> PARSE BODY OK
INFO	[2014-04-03 19:38:12:241] <25957> DECRYPT OK
DEBUG	[2014-04-03 19:38:12:241] <25957> DECRYPT MSG:[<?xml version="1.0" encoding="UTF-8"?>
<PaymentInfo>
  <Payment>
    <EASYPAY/>
    <Card>
      <CARD_ApplPrice>158000</CARD_ApplPrice>
      <CARD_Num>356297016068</CARD_Num>
      <CARD_Expire></CARD_Expire>
      <CARD_Code>14</CARD_Code>
      <CARD_BankCode>26</CARD_BankCode>
      <CARD_Quota>00</CARD_Quota>
      <CARD_Interest>0</CARD_Interest>
      <CARD_Point></CARD_Point>
      <CARD_AuthType>99</CARD_AuthType>
      <CARD_RegNum></CARD_RegNum>
      <CARD_ApplDate>20140403</CARD_ApplDate>
      <CARD_ApplTime>193813</CARD_ApplTime>
      <CARD_ApplNum></CARD_ApplNum>
      <CARD_TerminalNum>019048y000</CARD_TerminalNum>
      <CARD_MemberNum></CARD_MemberNum>
      <CARD_PurchaseCode></CARD_PurchaseCode>
      <CARD_ResultCode>120003</CARD_ResultCode>
      <CARD_ResultMsg urlencode="1">%B9%CC%B5%EE%B7%CF%C4%AB%B5%E5</CARD_ResultMsg>
      <CARD_PrtcCode></CARD_PrtcCode>
      <CARD_Quota_Point>00</CARD_Quota_Point>
      <CARD_CheckFlag></CARD_CheckFlag>
      <CARD_PurchaseName urlencode="1"></CARD_PurchaseName>
      <CARD_IssuerName urlencode="1"></CARD_IssuerName>
      <CARD_JoinUsePoint></CARD_JoinUsePoint>
    </Card>
  </Payment>
</PaymentInfo>]
INFO	[2014-04-03 19:38:12:242] <25957> DECRYPT PARSE OK
INFO	[2014-04-03 19:38:12:242] <25957> END securepay [120003|미등록카드] Laptime:[0.71sec]
INFO	[2014-04-03 19:38:12:242] <25957> ===============================================================
