INFO	[2013-06-24 12:58:17:432] <27260> START INIPHP chkfake (V5031-111123)(OS:Linux2.6.18-348.6.1.el5,PHP:5.2.17)
DEBUG	[2013-06-24 12:58:17:434] <27260> inipayhome:/www/loosfly_godo_co_kr/shop/order/card/inipay
DEBUG	[2013-06-24 12:58:17:434] <27260> type:chkfake
DEBUG	[2013-06-24 12:58:17:434] <27260> debug:true
DEBUG	[2013-06-24 12:58:17:434] <27260> enctype:asym
DEBUG	[2013-06-24 12:58:17:434] <27260> admin:1111
DEBUG	[2013-06-24 12:58:17:434] <27260> checkopt:false
DEBUG	[2013-06-24 12:58:17:434] <27260> mid:GODOloosfl
DEBUG	[2013-06-24 12:58:17:434] <27260> price:89000
DEBUG	[2013-06-24 12:58:17:434] <27260> nointerest:no
DEBUG	[2013-06-24 12:58:17:434] <27260> quotabase:선택:일시불:2개월:3개월:4개월:5개월:6개월:7개월:8개월:9개월:10개월:11개월:12개월
INFO	[2013-06-24 12:58:17:434] <27260> Check Field OK
INFO	[2013-06-24 12:58:17:439] <27260> MERCHANT PRIV KEY LOAD OK
INFO	[2013-06-24 12:58:17:443] <27260> MERCHANT PUB KEY LOAD OK []
INFO	[2013-06-24 12:58:17:447] <27260> CHKFAKE KEY MAKE OK:MjAxMzA2MjQxMjU4MTc0NDMyNTc5Mg==

INFO	[2013-06-24 12:58:17:447] <27260> END chkfake  Laptime:[0.03sec]
INFO	[2013-06-24 12:58:17:447] <27260> ===============================================================
INFO	[2013-06-24 13:25:46:472] <30675> START INIPHP chkfake (V5031-111123)(OS:Linux2.6.18-348.6.1.el5,PHP:5.2.17)
DEBUG	[2013-06-24 13:25:46:472] <30675> inipayhome:/www/loosfly_godo_co_kr/shop/order/card/inipay
DEBUG	[2013-06-24 13:25:46:472] <30675> type:chkfake
DEBUG	[2013-06-24 13:25:46:472] <30675> debug:true
DEBUG	[2013-06-24 13:25:46:472] <30675> enctype:asym
DEBUG	[2013-06-24 13:25:46:472] <30675> admin:1111
DEBUG	[2013-06-24 13:25:46:472] <30675> checkopt:false
DEBUG	[2013-06-24 13:25:46:472] <30675> mid:GODOloosfl
DEBUG	[2013-06-24 13:25:46:472] <30675> price:89000
DEBUG	[2013-06-24 13:25:46:472] <30675> nointerest:no
DEBUG	[2013-06-24 13:25:46:472] <30675> quotabase:선택:일시불:2개월:3개월:4개월:5개월:6개월:7개월:8개월:9개월:10개월:11개월:12개월
INFO	[2013-06-24 13:25:46:472] <30675> Check Field OK
INFO	[2013-06-24 13:25:46:473] <30675> MERCHANT PRIV KEY LOAD OK
INFO	[2013-06-24 13:25:46:473] <30675> MERCHANT PUB KEY LOAD OK []
INFO	[2013-06-24 13:25:46:474] <30675> CHKFAKE KEY MAKE OK:MjAxMzA2MjQxMzI1NDY0NzMxMTQ4MQ==

INFO	[2013-06-24 13:25:46:474] <30675> END chkfake  Laptime:[0sec]
INFO	[2013-06-24 13:25:46:474] <30675> ===============================================================
