INFO	[2013-07-09 10:11:38:278] <30687> START INIPHP chkfake (V5031-111123)(OS:Linux2.6.18-348.6.1.el5,PHP:5.2.17)
DEBUG	[2013-07-09 10:11:38:283] <30687> inipayhome:/www/loosfly_godo_co_kr/shop/order/card/inipay
DEBUG	[2013-07-09 10:11:38:283] <30687> type:chkfake
DEBUG	[2013-07-09 10:11:38:283] <30687> debug:true
DEBUG	[2013-07-09 10:11:38:283] <30687> enctype:asym
DEBUG	[2013-07-09 10:11:38:283] <30687> admin:1111
DEBUG	[2013-07-09 10:11:38:283] <30687> checkopt:false
DEBUG	[2013-07-09 10:11:38:283] <30687> mid:GODOloosfl
DEBUG	[2013-07-09 10:11:38:283] <30687> price:89000
DEBUG	[2013-07-09 10:11:38:283] <30687> nointerest:no
DEBUG	[2013-07-09 10:11:38:283] <30687> quotabase:선택:일시불:2개월:3개월:4개월:5개월:6개월:7개월:8개월:9개월:10개월:11개월:12개월
INFO	[2013-07-09 10:11:38:283] <30687> Check Field OK
INFO	[2013-07-09 10:11:38:291] <30687> MERCHANT PRIV KEY LOAD OK
INFO	[2013-07-09 10:11:38:295] <30687> MERCHANT PUB KEY LOAD OK []
INFO	[2013-07-09 10:11:38:297] <30687> CHKFAKE KEY MAKE OK:MjAxMzA3MDkxMDExMzgyOTU0NDAzNg==

INFO	[2013-07-09 10:11:38:297] <30687> END chkfake  Laptime:[0.03sec]
INFO	[2013-07-09 10:11:38:298] <30687> ===============================================================
INFO	[2013-07-09 16:31:12:843] <24906> START INIPHP chkfake (V5031-111123)(OS:Linux2.6.18-348.6.1.el5,PHP:5.2.17)
DEBUG	[2013-07-09 16:31:12:847] <24906> inipayhome:/www/loosfly_godo_co_kr/shop/order/card/inipay
DEBUG	[2013-07-09 16:31:12:847] <24906> type:chkfake
DEBUG	[2013-07-09 16:31:12:847] <24906> debug:true
DEBUG	[2013-07-09 16:31:12:847] <24906> enctype:asym
DEBUG	[2013-07-09 16:31:12:847] <24906> admin:1111
DEBUG	[2013-07-09 16:31:12:847] <24906> checkopt:false
DEBUG	[2013-07-09 16:31:12:847] <24906> mid:GODOloosfl
DEBUG	[2013-07-09 16:31:12:847] <24906> price:89000
DEBUG	[2013-07-09 16:31:12:847] <24906> nointerest:no
DEBUG	[2013-07-09 16:31:12:847] <24906> quotabase:선택:일시불:2개월:3개월:4개월:5개월:6개월:7개월:8개월:9개월:10개월:11개월:12개월
INFO	[2013-07-09 16:31:12:847] <24906> Check Field OK
INFO	[2013-07-09 16:31:12:858] <24906> MERCHANT PRIV KEY LOAD OK
INFO	[2013-07-09 16:31:12:861] <24906> MERCHANT PUB KEY LOAD OK []
INFO	[2013-07-09 16:31:12:863] <24906> CHKFAKE KEY MAKE OK:MjAxMzA3MDkxNjMxMTI4NjE0MzE4NA==

INFO	[2013-07-09 16:31:12:863] <24906> END chkfake  Laptime:[0.02sec]
INFO	[2013-07-09 16:31:12:863] <24906> ===============================================================
INFO	[2013-07-09 16:31:34:817] <32314> START INIPHP chkfake (V5031-111123)(OS:Linux2.6.18-348.6.1.el5,PHP:5.2.17)
DEBUG	[2013-07-09 16:31:34:817] <32314> inipayhome:/www/loosfly_godo_co_kr/shop/order/card/inipay
DEBUG	[2013-07-09 16:31:34:817] <32314> type:chkfake
DEBUG	[2013-07-09 16:31:34:817] <32314> debug:true
DEBUG	[2013-07-09 16:31:34:817] <32314> enctype:asym
DEBUG	[2013-07-09 16:31:34:817] <32314> admin:1111
DEBUG	[2013-07-09 16:31:34:817] <32314> checkopt:false
DEBUG	[2013-07-09 16:31:34:817] <32314> mid:GODOloosfl
DEBUG	[2013-07-09 16:31:34:817] <32314> price:89000
DEBUG	[2013-07-09 16:31:34:817] <32314> nointerest:no
DEBUG	[2013-07-09 16:31:34:817] <32314> quotabase:선택:일시불:2개월:3개월:4개월:5개월:6개월:7개월:8개월:9개월:10개월:11개월:12개월
INFO	[2013-07-09 16:31:34:817] <32314> Check Field OK
INFO	[2013-07-09 16:31:34:817] <32314> MERCHANT PRIV KEY LOAD OK
INFO	[2013-07-09 16:31:34:817] <32314> MERCHANT PUB KEY LOAD OK []
INFO	[2013-07-09 16:31:34:819] <32314> CHKFAKE KEY MAKE OK:MjAxMzA3MDkxNjMxMzQ4MTg1NzczMw==

INFO	[2013-07-09 16:31:34:819] <32314> END chkfake  Laptime:[0sec]
INFO	[2013-07-09 16:31:34:819] <32314> ===============================================================
INFO	[2013-07-09 16:34:28:615] <29566> START INIPHP chkfake (V5031-111123)(OS:Linux2.6.18-348.6.1.el5,PHP:5.2.17)
DEBUG	[2013-07-09 16:34:28:615] <29566> inipayhome:/www/loosfly_godo_co_kr/shop/order/card/inipay
DEBUG	[2013-07-09 16:34:28:615] <29566> type:chkfake
DEBUG	[2013-07-09 16:34:28:615] <29566> debug:true
DEBUG	[2013-07-09 16:34:28:615] <29566> enctype:asym
DEBUG	[2013-07-09 16:34:28:615] <29566> admin:1111
DEBUG	[2013-07-09 16:34:28:615] <29566> checkopt:false
DEBUG	[2013-07-09 16:34:28:615] <29566> mid:GODOloosfl
DEBUG	[2013-07-09 16:34:28:615] <29566> price:89000
DEBUG	[2013-07-09 16:34:28:615] <29566> nointerest:no
DEBUG	[2013-07-09 16:34:28:615] <29566> quotabase:선택:일시불:2개월:3개월:4개월:5개월:6개월:7개월:8개월:9개월:10개월:11개월:12개월
INFO	[2013-07-09 16:34:28:615] <29566> Check Field OK
INFO	[2013-07-09 16:34:28:615] <29566> MERCHANT PRIV KEY LOAD OK
INFO	[2013-07-09 16:34:28:615] <29566> MERCHANT PUB KEY LOAD OK []
INFO	[2013-07-09 16:34:28:617] <29566> CHKFAKE KEY MAKE OK:MjAxMzA3MDkxNjM0Mjg2MTU0NDg1OQ==

INFO	[2013-07-09 16:34:28:617] <29566> END chkfake  Laptime:[0sec]
INFO	[2013-07-09 16:34:28:617] <29566> ===============================================================
INFO	[2013-07-09 16:37:27:869] <29566> START INIPHP chkfake (V5031-111123)(OS:Linux2.6.18-348.6.1.el5,PHP:5.2.17)
DEBUG	[2013-07-09 16:37:27:869] <29566> inipayhome:/www/loosfly_godo_co_kr/shop/order/card/inipay
DEBUG	[2013-07-09 16:37:27:869] <29566> type:chkfake
DEBUG	[2013-07-09 16:37:27:869] <29566> debug:true
DEBUG	[2013-07-09 16:37:27:869] <29566> enctype:asym
DEBUG	[2013-07-09 16:37:27:869] <29566> admin:1111
DEBUG	[2013-07-09 16:37:27:869] <29566> checkopt:false
DEBUG	[2013-07-09 16:37:27:869] <29566> mid:GODOloosfl
DEBUG	[2013-07-09 16:37:27:869] <29566> price:89000
DEBUG	[2013-07-09 16:37:27:869] <29566> nointerest:no
DEBUG	[2013-07-09 16:37:27:869] <29566> quotabase:선택:일시불:2개월:3개월:4개월:5개월:6개월:7개월:8개월:9개월:10개월:11개월:12개월
INFO	[2013-07-09 16:37:27:870] <29566> Check Field OK
INFO	[2013-07-09 16:37:27:870] <29566> MERCHANT PRIV KEY LOAD OK
INFO	[2013-07-09 16:37:27:870] <29566> MERCHANT PUB KEY LOAD OK []
INFO	[2013-07-09 16:37:27:871] <29566> CHKFAKE KEY MAKE OK:MjAxMzA3MDkxNjM3Mjc4NzAyOTM1NQ==

INFO	[2013-07-09 16:37:27:872] <29566> END chkfake  Laptime:[0sec]
INFO	[2013-07-09 16:37:27:872] <29566> ===============================================================
INFO	[2013-07-09 16:45:20:803] <31111> START INIPHP chkfake (V5031-111123)(OS:Linux2.6.18-348.6.1.el5,PHP:5.2.17)
DEBUG	[2013-07-09 16:45:20:803] <31111> inipayhome:/www/loosfly_godo_co_kr/shop/order/card/inipay
DEBUG	[2013-07-09 16:45:20:803] <31111> type:chkfake
DEBUG	[2013-07-09 16:45:20:803] <31111> debug:true
DEBUG	[2013-07-09 16:45:20:803] <31111> enctype:asym
DEBUG	[2013-07-09 16:45:20:803] <31111> admin:1111
DEBUG	[2013-07-09 16:45:20:803] <31111> checkopt:false
DEBUG	[2013-07-09 16:45:20:803] <31111> mid:GODOloosfl
DEBUG	[2013-07-09 16:45:20:803] <31111> price:89000
DEBUG	[2013-07-09 16:45:20:803] <31111> nointerest:no
DEBUG	[2013-07-09 16:45:20:803] <31111> quotabase:선택:일시불:2개월:3개월:4개월:5개월:6개월:7개월:8개월:9개월:10개월:11개월:12개월
INFO	[2013-07-09 16:45:20:803] <31111> Check Field OK
INFO	[2013-07-09 16:45:20:804] <31111> MERCHANT PRIV KEY LOAD OK
INFO	[2013-07-09 16:45:20:804] <31111> MERCHANT PUB KEY LOAD OK []
INFO	[2013-07-09 16:45:20:805] <31111> CHKFAKE KEY MAKE OK:MjAxMzA3MDkxNjQ1MjA4MDQzMTgyMA==

INFO	[2013-07-09 16:45:20:805] <31111> END chkfake  Laptime:[0.01sec]
INFO	[2013-07-09 16:45:20:805] <31111> ===============================================================
