INFO	[2014-07-17 04:32:31:409] <3805> START INIPHP chkfake (V5031-111123)(OS:Linux2.6.18-371.9.1.el5,PHP:5.2.17)
DEBUG	[2014-07-17 04:32:31:412] <3805> inipayhome:/www/loosfly_godo_co_kr/shop/order/card/inipay
DEBUG	[2014-07-17 04:32:31:412] <3805> type:chkfake
DEBUG	[2014-07-17 04:32:31:412] <3805> debug:true
DEBUG	[2014-07-17 04:32:31:412] <3805> enctype:asym
DEBUG	[2014-07-17 04:32:31:412] <3805> admin:1111
DEBUG	[2014-07-17 04:32:31:412] <3805> checkopt:false
DEBUG	[2014-07-17 04:32:31:412] <3805> mid:GODOloosfl
DEBUG	[2014-07-17 04:32:31:412] <3805> price:200000
DEBUG	[2014-07-17 04:32:31:412] <3805> nointerest:no
DEBUG	[2014-07-17 04:32:31:412] <3805> quotabase:선택:일시불:2개월:3개월:4개월:5개월:6개월:7개월:8개월:9개월:10개월:11개월:12개월
INFO	[2014-07-17 04:32:31:413] <3805> Check Field OK
INFO	[2014-07-17 04:32:31:418] <3805> MERCHANT PRIV KEY LOAD OK
INFO	[2014-07-17 04:32:31:425] <3805> MERCHANT PUB KEY LOAD OK []
INFO	[2014-07-17 04:32:31:427] <3805> CHKFAKE KEY MAKE OK:MjAxNDA3MTcwNDMyMzE0MjUyNzQyNw==

INFO	[2014-07-17 04:32:31:427] <3805> END chkfake  Laptime:[0.03sec]
INFO	[2014-07-17 04:32:31:427] <3805> ===============================================================
INFO	[2014-07-17 04:32:41:138] <3815> START INIPHP chkfake (V5031-111123)(OS:Linux2.6.18-371.9.1.el5,PHP:5.2.17)
DEBUG	[2014-07-17 04:32:41:138] <3815> inipayhome:/www/loosfly_godo_co_kr/shop/order/card/inipay
DEBUG	[2014-07-17 04:32:41:138] <3815> type:chkfake
DEBUG	[2014-07-17 04:32:41:138] <3815> debug:true
DEBUG	[2014-07-17 04:32:41:138] <3815> enctype:asym
DEBUG	[2014-07-17 04:32:41:138] <3815> admin:1111
DEBUG	[2014-07-17 04:32:41:138] <3815> checkopt:false
DEBUG	[2014-07-17 04:32:41:138] <3815> mid:GODOloosfl
DEBUG	[2014-07-17 04:32:41:138] <3815> price:200000
DEBUG	[2014-07-17 04:32:41:138] <3815> nointerest:no
DEBUG	[2014-07-17 04:32:41:138] <3815> quotabase:선택:일시불:2개월:3개월:4개월:5개월:6개월:7개월:8개월:9개월:10개월:11개월:12개월
INFO	[2014-07-17 04:32:41:138] <3815> Check Field OK
INFO	[2014-07-17 04:32:41:144] <3815> MERCHANT PRIV KEY LOAD OK
INFO	[2014-07-17 04:32:41:144] <3815> MERCHANT PUB KEY LOAD OK []
INFO	[2014-07-17 04:32:41:145] <3815> CHKFAKE KEY MAKE OK:MjAxNDA3MTcwNDMyNDExNDQxMzc4Mg==

INFO	[2014-07-17 04:32:41:145] <3815> END chkfake  Laptime:[0.01sec]
INFO	[2014-07-17 04:32:41:146] <3815> ===============================================================
INFO	[2014-07-17 04:35:00:966] <3804> START INIPHP chkfake (V5031-111123)(OS:Linux2.6.18-371.9.1.el5,PHP:5.2.17)
DEBUG	[2014-07-17 04:35:00:966] <3804> inipayhome:/www/loosfly_godo_co_kr/shop/order/card/inipay
DEBUG	[2014-07-17 04:35:00:966] <3804> type:chkfake
DEBUG	[2014-07-17 04:35:00:966] <3804> debug:true
DEBUG	[2014-07-17 04:35:00:966] <3804> enctype:asym
DEBUG	[2014-07-17 04:35:00:966] <3804> admin:1111
DEBUG	[2014-07-17 04:35:00:966] <3804> checkopt:false
DEBUG	[2014-07-17 04:35:00:966] <3804> mid:GODOloosfl
DEBUG	[2014-07-17 04:35:00:966] <3804> price:269000
DEBUG	[2014-07-17 04:35:00:966] <3804> nointerest:no
DEBUG	[2014-07-17 04:35:00:966] <3804> quotabase:선택:일시불:2개월:3개월:4개월:5개월:6개월:7개월:8개월:9개월:10개월:11개월:12개월
INFO	[2014-07-17 04:35:00:966] <3804> Check Field OK
INFO	[2014-07-17 04:35:00:966] <3804> MERCHANT PRIV KEY LOAD OK
INFO	[2014-07-17 04:35:00:967] <3804> MERCHANT PUB KEY LOAD OK []
INFO	[2014-07-17 04:35:00:968] <3804> CHKFAKE KEY MAKE OK:MjAxNDA3MTcwNDM1MDA5NjcyMDA3OA==

INFO	[2014-07-17 04:35:00:968] <3804> END chkfake  Laptime:[0sec]
INFO	[2014-07-17 04:35:00:968] <3804> ===============================================================
INFO	[2014-07-17 11:18:07:158] <19410> START INIPHP chkfake (V5031-111123)(OS:Linux2.6.18-371.9.1.el5,PHP:5.2.17)
DEBUG	[2014-07-17 11:18:07:163] <19410> inipayhome:/www/loosfly_godo_co_kr/shop/order/card/inipay
DEBUG	[2014-07-17 11:18:07:163] <19410> type:chkfake
DEBUG	[2014-07-17 11:18:07:163] <19410> debug:true
DEBUG	[2014-07-17 11:18:07:163] <19410> enctype:asym
DEBUG	[2014-07-17 11:18:07:163] <19410> admin:1111
DEBUG	[2014-07-17 11:18:07:163] <19410> checkopt:false
DEBUG	[2014-07-17 11:18:07:163] <19410> mid:GODOloosfl
DEBUG	[2014-07-17 11:18:07:163] <19410> price:269000
DEBUG	[2014-07-17 11:18:07:163] <19410> nointerest:no
DEBUG	[2014-07-17 11:18:07:163] <19410> quotabase:선택:일시불:2개월:3개월:4개월:5개월:6개월:7개월:8개월:9개월:10개월:11개월:12개월
INFO	[2014-07-17 11:18:07:163] <19410> Check Field OK
INFO	[2014-07-17 11:18:07:168] <19410> MERCHANT PRIV KEY LOAD OK
INFO	[2014-07-17 11:18:07:172] <19410> MERCHANT PUB KEY LOAD OK []
INFO	[2014-07-17 11:18:07:175] <19410> CHKFAKE KEY MAKE OK:MjAxNDA3MTcxMTE4MDcxNzIzODkyOA==

INFO	[2014-07-17 11:18:07:175] <19410> END chkfake  Laptime:[0.03sec]
INFO	[2014-07-17 11:18:07:175] <19410> ===============================================================
INFO	[2014-07-17 11:22:20:104] <16820> START INIPHP chkfake (V5031-111123)(OS:Linux2.6.18-371.9.1.el5,PHP:5.2.17)
DEBUG	[2014-07-17 11:22:20:104] <16820> inipayhome:/www/loosfly_godo_co_kr/shop/order/card/inipay
DEBUG	[2014-07-17 11:22:20:104] <16820> type:chkfake
DEBUG	[2014-07-17 11:22:20:104] <16820> debug:true
DEBUG	[2014-07-17 11:22:20:104] <16820> enctype:asym
DEBUG	[2014-07-17 11:22:20:104] <16820> admin:1111
DEBUG	[2014-07-17 11:22:20:104] <16820> checkopt:false
DEBUG	[2014-07-17 11:22:20:104] <16820> mid:GODOloosfl
DEBUG	[2014-07-17 11:22:20:104] <16820> price:269000
DEBUG	[2014-07-17 11:22:20:104] <16820> nointerest:no
DEBUG	[2014-07-17 11:22:20:104] <16820> quotabase:선택:일시불:2개월:3개월:4개월:5개월:6개월:7개월:8개월:9개월:10개월:11개월:12개월
INFO	[2014-07-17 11:22:20:104] <16820> Check Field OK
INFO	[2014-07-17 11:22:20:104] <16820> MERCHANT PRIV KEY LOAD OK
INFO	[2014-07-17 11:22:20:105] <16820> MERCHANT PUB KEY LOAD OK []
INFO	[2014-07-17 11:22:20:106] <16820> CHKFAKE KEY MAKE OK:MjAxNDA3MTcxMTIyMjAxMDU2NTQ4Mg==

INFO	[2014-07-17 11:22:20:106] <16820> END chkfake  Laptime:[0.01sec]
INFO	[2014-07-17 11:22:20:106] <16820> ===============================================================
INFO	[2014-07-17 11:24:57:226] <21623> START INIPHP securepay (V5031-111123)(OS:Linux2.6.18-371.9.1.el5,PHP:5.2.17)
DEBUG	[2014-07-17 11:24:57:226] <21623> inipayhome:/www/loosfly_godo_co_kr/shop/order/card/inipay
DEBUG	[2014-07-17 11:24:57:226] <21623> type:securepay
DEBUG	[2014-07-17 11:24:57:226] <21623> pgid:INIphpCARD
DEBUG	[2014-07-17 11:24:57:226] <21623> subpgip:203.238.3.10
DEBUG	[2014-07-17 11:24:57:226] <21623> admin:1111
DEBUG	[2014-07-17 11:24:57:226] <21623> debug:true
DEBUG	[2014-07-17 11:24:57:226] <21623> uid:
DEBUG	[2014-07-17 11:24:57:226] <21623> goodname:Powerfit Shorts (Black) 외3건
DEBUG	[2014-07-17 11:24:57:226] <21623> currency:WON
DEBUG	[2014-07-17 11:24:57:226] <21623> mid:GODOloosfl
DEBUG	[2014-07-17 11:24:57:226] <21623> rn:MjAxNDA3MTcxMTIyMjAxMDU2NTQ4Mg==

DEBUG	[2014-07-17 11:24:57:226] <21623> price:269000
DEBUG	[2014-07-17 11:24:57:226] <21623> enctype:
DEBUG	[2014-07-17 11:24:57:226] <21623> buyername:권기옥
DEBUG	[2014-07-17 11:24:57:226] <21623> buyertel:010-9970-1620
DEBUG	[2014-07-17 11:24:57:226] <21623> buyeremail:kkogirl37@naver.com
DEBUG	[2014-07-17 11:24:57:226] <21623> paymethod:Card
DEBUG	[2014-07-17 11:24:57:226] <21623> encrypted:Version=4.1&PayMethod=Card&RsaKeyNum=1&EncryptionAlgorithm=SEED-CBC&SignAlgorithm=RSAwithSHA1&CertVer=39&moid=1405563685014&ver_trace=main(6086,6053)card(6112,6103)n(6008)Cs(6022)Dt(6002)Pa(6002)Cf(6024)Fv(0000)La(6128)Re(6080)Vr(6006)P(6033)en(6037)nP(6006)&pg1=211.219.96.180&pg2=203.238.37.3&pg1ip=211.219.96.180&pg2ip=203.238.37.3&agreeflag=1111&Data=05DglFeEc5EuJxuztfIehLGc4s4bNu3dDXUfhkg2GGzfaTMr9MzL1P6qHFFZ/L2R
rCFlDSXA1ruoaXcH7RX6wq4gj0Rg/+RKst8LQ54GirPZr4wclz8sN5NmkwcPFr4j
2cFtxn7n7sgs3G3Mx/Enp1MMjoKjFfS+EpzXLW6SSt31n7LIx9VTWIbEECiAsO2q
Tyxnlnx46R/PA3SWM9KyD8vc6LiHC9//dCoPM5RNxzEiWGJb51z7/4VT0tkUE+Yk
NQYF1IVXv10YPXoZ6k3ks7BTobk5QuL99cA8dSw9NxAzrBYMRam4JBrPuYKGfw3S
8L4rUM20iHhIt0s8X20k24VdFyFuKYY1rHV6gZkESozwieYtE8uF1VXYZ8GyMTKI
atOmFtZaPs4WbEEThjnLNnmYQX54xK7SLYpn1JTLsiYv315hGuuuL6K4DmESANmG
/pbt2exfENWTvCfV2w/CA3ayrPYktT68f2IMtxr4yJsJhBoLZt+RLpw+f9A8MOtY
TDDS2xHU0+4MFvoYgMNK2/Yew69xEWSKG1t14DsBJ7YibzLCvVLD3tzlMQBeS7gH
dhos93BFV8pAvOgJU1nkIa2cnnYAAV7aP+QCldbFBnzcz88ZzvhY7ZxIf4FJxzQv
4buJ1N3TM8YvkB4EDeShsFU4F7rRF1hWbKDUWqFKutVohYblnzK3g9dvcWJbst+g
TY0OjdRfWZ9M
DEBUG	[2014-07-17 11:24:57:226] <21623> sessionkey:ILLt8dwCcIYkA4Q6LJ72KOlPuPlr42V1LPAoqHAPK0kIw5iBu/N+Xkr5zo7GWKUj
OGpoK+vapZV9E6KU10NSKNRY40qk2PUU5UGobtkulHD0vFNlWzO2ZRIYr4tRiLt2
oxFMB1ijjlykjU/9MWFxdWJwKBS8oVzsMV6NvE5Yxps=
DEBUG	[2014-07-17 11:24:57:226] <21623> url:http://www.loosfly.com
DEBUG	[2014-07-17 11:24:57:226] <21623> cardcode:14
DEBUG	[2014-07-17 11:24:57:226] <21623> parentemail:kkogirl37@naver.com
DEBUG	[2014-07-17 11:24:57:226] <21623> recvname:권찬아
DEBUG	[2014-07-17 11:24:57:226] <21623> recvtel:010-9970-1620
DEBUG	[2014-07-17 11:24:57:226] <21623> recvaddr:서울 광진구 군자동 125-244
DEBUG	[2014-07-17 11:24:57:226] <21623> recvpostnum:143-839
DEBUG	[2014-07-17 11:24:57:226] <21623> recvmsg:
DEBUG	[2014-07-17 11:24:57:226] <21623> joincard:
DEBUG	[2014-07-17 11:24:57:226] <21623> joinexpire:
DEBUG	[2014-07-17 11:24:57:226] <21623> id_customer:
INFO	[2014-07-17 11:24:57:226] <21623> Check Field OK
INFO	[2014-07-17 11:24:57:226] <21623> Make TID OK INIphpCARDGODOloosfl20140717112457265614
INFO	[2014-07-17 11:24:57:227] <21623> PI PUB KEY LOAD OK [39]
INFO	[2014-07-17 11:24:57:232] <21623> PG PUB KEY LOAD OK [30]
INFO	[2014-07-17 11:24:57:232] <21623> MERCHANT PRIV KEY LOAD OK
INFO	[2014-07-17 11:24:57:232] <21623> MERCHANT PUB KEY LOAD OK [0]
INFO	[2014-07-17 11:24:57:235] <21623> MAKE BODY OK
INFO	[2014-07-17 11:24:57:236] <21623> SIGN OK
INFO	[2014-07-17 11:24:57:236] <21623> MAKE HEAD OK
INFO	[2014-07-17 11:24:57:236] <21623> MSG_TO_PG:[0299000175R SHA1                   0                  39                  300200GODOloosfl              269000INIphpCARDGODOloosfl20140717112457265614<?xml version="1.0" encoding="UTF-8"?>
<INIpay>
	  <GoodsInfo>
	    <GoodsCnt>1</GoodsCnt>
	    <MOID/>
	    <Currency>WON</Currency>
	    <Tax/>
	    <TaxFree/>
	    <Goods>
	      <SMID>GODOloosfl</SMID>
	      <GoodsName urlencode="1">Powerfit+Shorts+%28Black%29+%BF%DC3%B0%C7</GoodsName>
	      <GoodsPrice>269000</GoodsPrice></Goods></GoodsInfo>
	  <BuyerInfo>
	    <BuyerName urlencode="1">%B1%C7%B1%E2%BF%C1</BuyerName>
	    <BuyerTel>010-9970-1620</BuyerTel>
	    <BuyerEmail urlencode="1">kkogirl37%40naver.com</BuyerEmail>
	    <ParentEmail urlencode="1">kkogirl37%40naver.com</ParentEmail>
	    <RecvName urlencode="1">%B1%C7%C2%F9%BE%C6</RecvName>
	    <RecvTel urlencode="1">010-9970-1620</RecvTel>
	    <RecvMsg/>
	    <RecvAddr urlencode="1">%BC%AD%BF%EF+%B1%A4%C1%F8%B1%B8+%B1%BA%C0%DA%B5%BF+125-244</RecvAddr>
	    <RecvPostNum urlencode="1">143-839</RecvPostNum></BuyerInfo>
	  <PaymentInfo>
	    <Payment>
	      <PayMethod>Card</PayMethod>
	      <JoinCard/>
	      <JoinExpire/>
	      <MailOrder/>
	      <SessionKey>ILLt8dwCcIYkA4Q6LJ72KOlPuPlr42V1LPAoqHAPK0kIw5iBu/N+Xkr5zo7GWKUj
OGpoK+vapZV9E6KU10NSKNRY40qk2PUU5UGobtkulHD0vFNlWzO2ZRIYr4tRiLt2
oxFMB1ijjlykjU/9MWFxdWJwKBS8oVzsMV6NvE5Yxps=</SessionKey>
	      <Encrypted urlencode="1">Version%3D4.1%26PayMethod%3DCard%26RsaKeyNum%3D1%26EncryptionAlgorithm%3DSEED-CBC%26SignAlgorithm%3DRSAwithSHA1%26CertVer%3D39%26moid%3D1405563685014%26ver_trace%3Dmain%286086%2C6053%29card%286112%2C6103%29n%286008%29Cs%286022%29Dt%286002%29Pa%286002%29Cf%286024%29Fv%280000%29La%286128%29Re%286080%29Vr%286006%29P%286033%29en%286037%29nP%286006%29%26pg1%3D211.219.96.180%26pg2%3D203.238.37.3%26pg1ip%3D211.219.96.180%26pg2ip%3D203.238.37.3%26agreeflag%3D1111%26Data%3D05DglFeEc5EuJxuztfIehLGc4s4bNu3dDXUfhkg2GGzfaTMr9MzL1P6qHFFZ%2FL2R%0D%0ArCFlDSXA1ruoaXcH7RX6wq4gj0Rg%2F%2BRKst8LQ54GirPZr4wclz8sN5NmkwcPFr4j%0D%0A2cFtxn7n7sgs3G3Mx%2FEnp1MMjoKjFfS%2BEpzXLW6SSt31n7LIx9VTWIbEECiAsO2q%0D%0ATyxnlnx46R%2FPA3SWM9KyD8vc6LiHC9%2F%2FdCoPM5RNxzEiWGJb51z7%2F4VT0tkUE%2BYk%0D%0ANQYF1IVXv10YPXoZ6k3ks7BTobk5QuL99cA8dSw9NxAzrBYMRam4JBrPuYKGfw3S%0D%0A8L4rUM20iHhIt0s8X20k24VdFyFuKYY1rHV6gZkESozwieYtE8uF1VXYZ8GyMTKI%0D%0AatOmFtZaPs4WbEEThjnLNnmYQX54xK7SLYpn1JTLsiYv315hGuuuL6K4DmESANmG%0D%0A%2Fpbt2exfENWTvCfV2w%2FCA3ayrPYktT68f2IMtxr4yJsJhBoLZt%2BRLpw%2Bf9A8MOtY%0D%0ATDDS2xHU0%2B4MFvoYgMNK2%2FYew69xEWSKG1t14DsBJ7YibzLCvVLD3tzlMQBeS7gH%0D%0Adhos93BFV8pAvOgJU1nkIa2cnnYAAV7aP%2BQCldbFBnzcz88ZzvhY7ZxIf4FJxzQv%0D%0A4buJ1N3TM8YvkB4EDeShsFU4F7rRF1hWbKDUWqFKutVohYblnzK3g9dvcWJbst%2Bg%0D%0ATY0OjdRfWZ9M</Encrypted></Payment></PaymentInfo>
	  <ReservedInfo>
	    <MReserved1/>
	    <MReserved2/>
	    <MReserved3/></ReservedInfo>
	  <ManageInfo>
	    <Language/>
	    <URL urlencode="1">http%3A%2F%2Fwww.loosfly.com</URL>
	    <TXVersion>5031B111123securLinux     PHPchkfake   2.6.18-371.9.1.el5PHP:5.2.17  </TXVersion>
	    <TXUserID/>
	    <TXRegNum/>
	    <Ack>1</Ack>
	    <TXRN>MjAxNDA3MTcxMTIyMjAxMDU2NTQ4Mg==
</TXRN></ManageInfo></INIpay>Aa3Zu81QYQm5tb3L+7fTePgX0uMHLLqqIWfuBsHUOqBojQD+ACYLFVFifxzeYUaB
gVt5DTHHvmJakMYTJwzC31u717dCdJfouAgJlgmeTMjjpXtURGwufoV70bhuoAtI
xITln90nR+ufsONbtNzpWdAMa1GtnO615gY3to7+Wx+k
]
INFO	[2014-07-17 11:24:57:237] <21623> DNS LOOKUP OK(211.219.96.180:211.219.96.180:34049) laptime:0
INFO	[2014-07-17 11:24:57:239] <21623> SOCKET CONNECT OK
INFO	[2014-07-17 11:24:57:239] <21623> SEND OK
INFO	[2014-07-17 11:24:58:103] <21623> RECV OK
INFO	[2014-07-17 11:24:58:103] <21623> MSG_FROM_PG:[0300000175D SHA1                   0                  39                  300210GODOloosfl              269000INIphpCARDGODOloosfl20140717112457265614<?xml version="1.0" encoding="UTF-8"?>
<INIpay>
  <GoodsInfo>
    <GoodsCnt>1</GoodsCnt>
    <MOID urlencode="1">1405563685014</MOID>
    <Currency>WON</Currency>
    <Goods no="1">
      <SMID>GODOloosfl</SMID>
      <GoodsName urlencode="1">Powerfit+Shorts+%28Black%29+%BF%DC3%B0%C7</GoodsName>
      <GoodsCntS>1</GoodsCntS>
      <GoodsPrice>269000</GoodsPrice>
    </Goods>
  </GoodsInfo>
  <PaymentInfo>
    <Payment>
      <SessionKey>AYyfGgyzLGKhXLGQJ4rBkMWdqt0Hv2+A25FUDNU+wftb6R3Ye4Kc2ek1ry/Wm7xF
SLSVoFynbZ5T3FlCZADkX7XzblHFBp1b3ohwv52Y668w1oihki7Q4qSYY8tAqsNj
v5nDgnIGig3N23ot85JmiJ2yFdMacU7aP9s3hwueFRQ9JLULBeEVUiY=
</SessionKey>
      <Encrypted>6TjrWqAXGMXNCnSgA2mHnRb13qA/7jXBhAdOiBIaf34I5bEohXnHcv2WGr4GFPo2
aKsfMIaJrCjhqlcc4ld/Tzxwlwr82VkG95vCGelhI00VQN7j7WqvuKaMyXcs5je3
HOKIBbI5PfVYiTJ7zZh0MQER5SS700RE6PULdvVM9s+Iw9LjfZ6oGBxaNc/kBtQ1
uX1bo1rvW22/NkyWbD/kgl8+dpJLi7YGm9H0ic7QneEyMFiri3hDt3YzIUeWkvjk
DWRpFzRRHVCY79cTZAVWn29vabEsDAL/wcLUczduRQ1O5u+QMrNp/ZInX6OtZyhR
hrFBmEmEr/yCrVNZTLvkXHEhmjvKB8JAorYt6MIsA828X3//Wk2WZkcNVWzN/0oB
9++r1cuQl3+pG/6Uz1Yf1AYGhrDmZg2vBjkjk5Pfczra2YaIFnEpLf2mCYeCe7mz
AemDUah8yKyNr164jYVjvxJ13+9Yyz+dO9yzpdEVCfP9zcrohNYYce1SFuhT0Kli
Y4cfFibiDM/EQeiZeC+j+7a4ssHybZeRq3L59N3ABLddcegV5+Dv/0HUp9AoLtgl
nHcqe0UWckVFcvTFAGCReyDUZ4Uf5Y02Pp/oABB7CKuQwTRVOSht8GT5mKMkZBz+
TAAbulfXa7y4Jf6acSE+bJutNQkftl6iy8+8TbbSyYoq3jn5k63BvPWSY7X5Gm5p
TKKh8vWbH6ACbgyryxNQHd5Ee+9l14/RlL9Ymw3Fk2mID21+Pn7D09moNGqfuk8q
AqI0ufgvbbajM1mq5y4naYELk3uK+ahfiDV0NIBb30QfWrTh05uMcIk/w1FANexB
EHBF+lRLPK58Bh8M3sdQRfYr7LG/svWDWSvshSYIJF+mjWwGUphAdQzMGVZiuRaG
LAHvtqIVYx91tKN6cTDnDmgfT5tuBkCQgO1MZr3xjt86cGQ39jO+lOxeTEz5DDDk
cb6hIADhSzHcIw1R4p1rN8rbGKFIy6pEuzwZB3IrSGSGfBpNXiQni/xBNwoWRB/A
6wWblcmiDHLADSL1K2UR/Ok67+q61SsVouWU+wPsp+NvdgJ4mcF1zfJEJAJpq0ka
lao07YNCRrFXiaWO8SKWuKeWxF15uaMFnZ+Hq0o5jDIXHxzsS7CcMDX83d1ZO6jD
e4qXAOhAKtO199Z5DBhuKyTDmAv+GuT0ryFJ64xYy+nZjwhxs5+KBuCPSryVPmm+
W48bs8cEHCeewEyFXkJzkA4ku4ZEiO9jwGGyq2sP1vj8/2BQtn9w8vGZpSDDIXa4
hXtdBrM8M8mwqt0ofoU4enSGrMq12AYrWizqi9j6SGONRrHN2HdnXAgZGTWkORCp
Xp9MVRpsu416DrCPtG6EiNzWVmmz7iRk+bZnWukd8OTFQMigQdaPSRllQbj+OkZ3
VD8V7WO1AetPB1GjrcteI5Cz1kCCH04CvkVAjBayYFkVk53PNWtolPWBwN512yj2
P7nh+N9TAJSLCfg1WaYT5zC6Jp7Bth6WjtX2hhkp4/I8FJaMQH/lYTPgHsHCvX5M
tnMDUmzPw6+7vzpDMmgrYHPuw2ZfDNzNaQI+0dF4HUgg/haQ5jXRztthXqqoLKt+
7/Vhlc7OJC1hAadE1HwqIbNQI1W5MIrT
</Encrypted>
      <PayMethod>Card</PayMethod>
      <ResultCode>120000</ResultCode>
      <ResultMsg urlencode="1">%C1%A4%BB%F3%C3%B3%B8%AE%B5%C7%BE%FA%BD%C0%B4%CF%B4%D9.</ResultMsg>
    </Payment>
  </PaymentInfo>
  <ManageInfo>
    <EventCode></EventCode>
    <OrgCurrency></OrgCurrency>
    <ExchangeRate></ExchangeRate>
    <OrgPrice></OrgPrice>
  </ManageInfo>
  <ReservedInfo>
    <MReserved1 urlencode="1"></MReserved1>
    <MReserved2 urlencode="1"></MReserved2>
    <MReserved3 urlencode="1"></MReserved3>
    <PGReserved1 urlencode="1"></PGReserved1>
    <PGReserved2 urlencode="1"></PGReserved2>
    <PGReserved3 urlencode="1"></PGReserved3>
  </ReservedInfo>
</INIpay>
ppGOv0IBDvqDnfIWvr3vqY+ZIWjKdyxANU/hBJrxPUpQikHtXSdybARQxWpQnQpP
165O7d28o5+R9hJY2A8dtZaBJNaC/ukpqpvHXNxU/AsZ9jQ9q6BtMFoA/XWRv6i4
H824cLluidE/UsfNSWD3I6bndN1wjX8Rf250h4K5Vuc=
]
INFO	[2014-07-17 11:24:58:103] <21623> VERIFY OK
INFO	[2014-07-17 11:24:58:103] <21623> PARSE HEAD OK
INFO	[2014-07-17 11:24:58:106] <21623> PARSE BODY OK
INFO	[2014-07-17 11:24:58:108] <21623> DECRYPT OK
DEBUG	[2014-07-17 11:24:58:108] <21623> DECRYPT MSG:[<?xml version="1.0" encoding="UTF-8"?>
<PaymentInfo>
  <Payment>
    <EASYPAY/>
    <Card>
      <CARD_ApplPrice>269000</CARD_ApplPrice>
      <CARD_Num>356297453489</CARD_Num>
      <CARD_Expire></CARD_Expire>
      <CARD_Code>14</CARD_Code>
      <CARD_BankCode>26</CARD_BankCode>
      <CARD_Quota>00</CARD_Quota>
      <CARD_Interest>0</CARD_Interest>
      <CARD_Point>b</CARD_Point>
      <CARD_AuthType>99</CARD_AuthType>
      <CARD_RegNum></CARD_RegNum>
      <CARD_ApplDate>20140717</CARD_ApplDate>
      <CARD_ApplTime>112457</CARD_ApplTime>
      <CARD_ApplNum>43809359</CARD_ApplNum>
      <CARD_TerminalNum>019048y000</CARD_TerminalNum>
      <CARD_MemberNum></CARD_MemberNum>
      <CARD_PurchaseCode></CARD_PurchaseCode>
      <CARD_ResultCode>120000</CARD_ResultCode>
      <CARD_ResultMsg urlencode="1">%C1%A4%BB%F3%C3%B3%B8%AE%B5%C7%BE%FA%BD%C0%B4%CF%B4%D9.</CARD_ResultMsg>
      <CARD_PrtcCode>0</CARD_PrtcCode>
      <CARD_Quota_Point>00</CARD_Quota_Point>
      <CARD_CheckFlag>0</CARD_CheckFlag>
      <CARD_PurchaseName urlencode="1"></CARD_PurchaseName>
      <CARD_IssuerName urlencode="1"></CARD_IssuerName>
      <CARD_JoinUsePoint></CARD_JoinUsePoint>
    </Card>
  </Payment>
</PaymentInfo>]
INFO	[2014-07-17 11:24:58:110] <21623> DECRYPT PARSE OK
INFO	[2014-07-17 11:24:58:110] <21623> WAIT ACK INVOKING
DEBUG	[2014-07-17 11:24:58:110] <21623> MAKE HEAD OK
INFO	[2014-07-17 11:24:58:113] <21623> SUCCESS ACK INVOKING
INFO	[2014-07-17 11:24:58:113] <21623> END securepay 정상처리되었습니다. Laptime:[0.88sec]
INFO	[2014-07-17 11:24:58:113] <21623> ===============================================================
