INFO	[2014-08-21 10:43:22:115] <28292> START INIPHP chkfake (V5031-111123)(OS:Linux2.6.18-371.11.1.el5,PHP:5.2.17)
DEBUG	[2014-08-21 10:43:22:122] <28292> inipayhome:/www/loosfly_godo_co_kr/shop/order/card/inipay
DEBUG	[2014-08-21 10:43:22:122] <28292> type:chkfake
DEBUG	[2014-08-21 10:43:22:122] <28292> debug:true
DEBUG	[2014-08-21 10:43:22:122] <28292> enctype:asym
DEBUG	[2014-08-21 10:43:22:122] <28292> admin:1111
DEBUG	[2014-08-21 10:43:22:122] <28292> checkopt:false
DEBUG	[2014-08-21 10:43:22:122] <28292> mid:GODOloosfl
DEBUG	[2014-08-21 10:43:22:122] <28292> price:158000
DEBUG	[2014-08-21 10:43:22:122] <28292> nointerest:no
DEBUG	[2014-08-21 10:43:22:122] <28292> quotabase:선택:일시불:2개월:3개월:4개월:5개월:6개월:7개월:8개월:9개월:10개월:11개월:12개월
INFO	[2014-08-21 10:43:22:122] <28292> Check Field OK
INFO	[2014-08-21 10:43:22:133] <28292> MERCHANT PRIV KEY LOAD OK
INFO	[2014-08-21 10:43:22:141] <28292> MERCHANT PUB KEY LOAD OK []
INFO	[2014-08-21 10:43:22:142] <28292> CHKFAKE KEY MAKE OK:MjAxNDA4MjExMDQzMjIxNDE0NjMzOQ==

INFO	[2014-08-21 10:43:22:142] <28292> END chkfake  Laptime:[0.04sec]
INFO	[2014-08-21 10:43:22:142] <28292> ===============================================================
INFO	[2014-08-21 10:45:59:990] <7715> START INIPHP securepay (V5031-111123)(OS:Linux2.6.18-371.11.1.el5,PHP:5.2.17)
DEBUG	[2014-08-21 10:45:59:990] <7715> inipayhome:/www/loosfly_godo_co_kr/shop/order/card/inipay
DEBUG	[2014-08-21 10:45:59:990] <7715> type:securepay
DEBUG	[2014-08-21 10:45:59:990] <7715> pgid:INIphpCARD
DEBUG	[2014-08-21 10:45:59:990] <7715> subpgip:203.238.3.10
DEBUG	[2014-08-21 10:45:59:990] <7715> admin:1111
DEBUG	[2014-08-21 10:45:59:990] <7715> debug:true
DEBUG	[2014-08-21 10:45:59:990] <7715> uid:
DEBUG	[2014-08-21 10:45:59:990] <7715> goodname:Strap Fullness Pants (Dark Gray/Yellow) 외1건
DEBUG	[2014-08-21 10:45:59:990] <7715> currency:WON
DEBUG	[2014-08-21 10:45:59:990] <7715> mid:GODOloosfl
DEBUG	[2014-08-21 10:45:59:990] <7715> rn:MjAxNDA4MjExMDQzMjIxNDE0NjMzOQ==

DEBUG	[2014-08-21 10:45:59:990] <7715> price:158000
DEBUG	[2014-08-21 10:45:59:990] <7715> enctype:
DEBUG	[2014-08-21 10:45:59:990] <7715> buyername:김고은
DEBUG	[2014-08-21 10:45:59:990] <7715> buyertel:010-4697-8262
DEBUG	[2014-08-21 10:45:59:990] <7715> buyeremail:hjjj0902@gmail.com
DEBUG	[2014-08-21 10:45:59:990] <7715> paymethod:Card
DEBUG	[2014-08-21 10:45:59:990] <7715> encrypted:Version=4.1&PayMethod=Card&RsaKeyNum=1&EncryptionAlgorithm=SEED-CBC&SignAlgorithm=RSAwithSHA1&CertVer=39&moid=1408585350037&ver_trace=main(6086,6053)card(6114,6104)n(6008)Cs(6022)Dt(6002)Pa(6002)Cf(6024)Fv(0000)La(6130)Re(6082)Vr(6006)P(6033)en(6038)nP(6006)&pg1=203.238.37.3&pg2=211.219.96.180&pg1ip=203.238.37.3&pg2ip=211.219.96.180&agreeflag=1111&Data=RNEAOv1kVsb8s15tIz1b6t01lodJMfguCaaHPeGo/69gxXvb4Wf+MCPe0jvpmepH
qt8wJeYa5zRwbIP/2tbVRzOudmuGW/QfWezvTmlRnj7ROgqHSmhemsgBXbu/adBT
LXJWycJCIemK6W/zK7EzgvCQwvX9v0kp2S4VqJ6lnkcziiHdxVqqEC/wSu2sRn0m
F6TXoRXycKS2Mt/2JBr+XYLUGDW1UQWyi4ecXMRZUb+AYMzxBHY9HSgK2lURfDLo
yfMQbtIq7wcxWrREIso1tsTDtB2VByaQgW6ieRFtjCwfvjoh1fNWDS7GOQlyxk4C
b+I/IQiBEK9e3oKcm7EbewZCXieohbE+f5yUt54mgHYlmWCcqSwNUw+MewD0PGOR
48wtb9W9XjzG+7m2EANYFskeANxDmBvS3iYZ4M3YfHxHSe3PSQveAzfh5xQi5+/v
sjQtfdoiXASBIct9UZs3TskNj2s0nlcf/jaYQJI7/7uiS4rwUNoYMdmccPZ6REau
WdtFcP+U9+CrgS0r7oIaehsGFM7t2wzRIxh3xzH7SGFMGy+GIfWmGwdfvDT3yooG
+mgGFWdcQtnPGpE+hnnCOYd9X/w8SaQK4xMX5QrKoBVEqkCdMm7PbhH4AVDm/LEH
gfcEYa9ymlwJwRenGOFY9jDdgy4iRgk1CWdS6+ytRtEC
DEBUG	[2014-08-21 10:45:59:990] <7715> sessionkey:re557xQKFPeROK0R58pKk+Or6sYTLqfWpgsUilZYIviNU7Yaq3hlllkGrs7xWpWD
Rrl0OhiI1/A2EMZ9Yxzn8W9KqffXwB1IIT48U83ONra/Dg//1HZZ9qhJBUjllq9L
O5ujxNm0ug89gr0yPAUsgec73Q4EIAN88qHVEXBhUwA=
DEBUG	[2014-08-21 10:45:59:990] <7715> url:http://www.loosfly.com
DEBUG	[2014-08-21 10:45:59:990] <7715> cardcode:17
DEBUG	[2014-08-21 10:45:59:990] <7715> parentemail:hjjj0902@gmail.com
DEBUG	[2014-08-21 10:45:59:990] <7715> recvname:김고은
DEBUG	[2014-08-21 10:45:59:990] <7715> recvtel:010-4697-8262
DEBUG	[2014-08-21 10:45:59:990] <7715> recvaddr:대구 중구 남산2동 SK허브스카이apt. A동 701호
DEBUG	[2014-08-21 10:45:59:990] <7715> recvpostnum:700-442
DEBUG	[2014-08-21 10:45:59:990] <7715> recvmsg:
DEBUG	[2014-08-21 10:45:59:990] <7715> joincard:
DEBUG	[2014-08-21 10:45:59:990] <7715> joinexpire:
DEBUG	[2014-08-21 10:45:59:990] <7715> id_customer:
INFO	[2014-08-21 10:45:59:990] <7715> Check Field OK
INFO	[2014-08-21 10:45:59:990] <7715> Make TID OK INIphpCARDGODOloosfl20140821104559904582
INFO	[2014-08-21 10:45:59:990] <7715> PI PUB KEY LOAD OK [39]
INFO	[2014-08-21 10:45:59:996] <7715> PG PUB KEY LOAD OK [30]
INFO	[2014-08-21 10:45:59:996] <7715> MERCHANT PRIV KEY LOAD OK
INFO	[2014-08-21 10:45:59:997] <7715> MERCHANT PUB KEY LOAD OK [0]
INFO	[2014-08-21 10:45:59:998] <7715> MAKE BODY OK
INFO	[2014-08-21 10:46:00:0] <7715> SIGN OK
INFO	[2014-08-21 10:46:00:0] <7715> MAKE HEAD OK
INFO	[2014-08-21 10:46:00:0] <7715> MSG_TO_PG:[0302800175R SHA1                   0                  39                  300200GODOloosfl              158000INIphpCARDGODOloosfl20140821104559904582<?xml version="1.0" encoding="UTF-8"?>
<INIpay>
	  <GoodsInfo>
	    <GoodsCnt>1</GoodsCnt>
	    <MOID/>
	    <Currency>WON</Currency>
	    <Tax/>
	    <TaxFree/>
	    <Goods>
	      <SMID>GODOloosfl</SMID>
	      <GoodsName urlencode="1">Strap+Fullness+Pants+%28Dark+Gray%2FYellow%29+%BF%DC1%B0%C7</GoodsName>
	      <GoodsPrice>158000</GoodsPrice></Goods></GoodsInfo>
	  <BuyerInfo>
	    <BuyerName urlencode="1">%B1%E8%B0%ED%C0%BA</BuyerName>
	    <BuyerTel>010-4697-8262</BuyerTel>
	    <BuyerEmail urlencode="1">hjjj0902%40gmail.com</BuyerEmail>
	    <ParentEmail urlencode="1">hjjj0902%40gmail.com</ParentEmail>
	    <RecvName urlencode="1">%B1%E8%B0%ED%C0%BA</RecvName>
	    <RecvTel urlencode="1">010-4697-8262</RecvTel>
	    <RecvMsg/>
	    <RecvAddr urlencode="1">%B4%EB%B1%B8+%C1%DF%B1%B8+%B3%B2%BB%EA2%B5%BF+SK%C7%E3%BA%EA%BD%BA%C4%AB%C0%CCapt.+A%B5%BF+701%C8%A3</RecvAddr>
	    <RecvPostNum urlencode="1">700-442</RecvPostNum></BuyerInfo>
	  <PaymentInfo>
	    <Payment>
	      <PayMethod>Card</PayMethod>
	      <JoinCard/>
	      <JoinExpire/>
	      <MailOrder/>
	      <SessionKey>re557xQKFPeROK0R58pKk+Or6sYTLqfWpgsUilZYIviNU7Yaq3hlllkGrs7xWpWD
Rrl0OhiI1/A2EMZ9Yxzn8W9KqffXwB1IIT48U83ONra/Dg//1HZZ9qhJBUjllq9L
O5ujxNm0ug89gr0yPAUsgec73Q4EIAN88qHVEXBhUwA=</SessionKey>
	      <Encrypted urlencode="1">Version%3D4.1%26PayMethod%3DCard%26RsaKeyNum%3D1%26EncryptionAlgorithm%3DSEED-CBC%26SignAlgorithm%3DRSAwithSHA1%26CertVer%3D39%26moid%3D1408585350037%26ver_trace%3Dmain%286086%2C6053%29card%286114%2C6104%29n%286008%29Cs%286022%29Dt%286002%29Pa%286002%29Cf%286024%29Fv%280000%29La%286130%29Re%286082%29Vr%286006%29P%286033%29en%286038%29nP%286006%29%26pg1%3D203.238.37.3%26pg2%3D211.219.96.180%26pg1ip%3D203.238.37.3%26pg2ip%3D211.219.96.180%26agreeflag%3D1111%26Data%3DRNEAOv1kVsb8s15tIz1b6t01lodJMfguCaaHPeGo%2F69gxXvb4Wf%2BMCPe0jvpmepH%0D%0Aqt8wJeYa5zRwbIP%2F2tbVRzOudmuGW%2FQfWezvTmlRnj7ROgqHSmhemsgBXbu%2FadBT%0D%0ALXJWycJCIemK6W%2FzK7EzgvCQwvX9v0kp2S4VqJ6lnkcziiHdxVqqEC%2FwSu2sRn0m%0D%0AF6TXoRXycKS2Mt%2F2JBr%2BXYLUGDW1UQWyi4ecXMRZUb%2BAYMzxBHY9HSgK2lURfDLo%0D%0AyfMQbtIq7wcxWrREIso1tsTDtB2VByaQgW6ieRFtjCwfvjoh1fNWDS7GOQlyxk4C%0D%0Ab%2BI%2FIQiBEK9e3oKcm7EbewZCXieohbE%2Bf5yUt54mgHYlmWCcqSwNUw%2BMewD0PGOR%0D%0A48wtb9W9XjzG%2B7m2EANYFskeANxDmBvS3iYZ4M3YfHxHSe3PSQveAzfh5xQi5%2B%2Fv%0D%0AsjQtfdoiXASBIct9UZs3TskNj2s0nlcf%2FjaYQJI7%2F7uiS4rwUNoYMdmccPZ6REau%0D%0AWdtFcP%2BU9%2BCrgS0r7oIaehsGFM7t2wzRIxh3xzH7SGFMGy%2BGIfWmGwdfvDT3yooG%0D%0A%2BmgGFWdcQtnPGpE%2BhnnCOYd9X%2Fw8SaQK4xMX5QrKoBVEqkCdMm7PbhH4AVDm%2FLEH%0D%0AgfcEYa9ymlwJwRenGOFY9jDdgy4iRgk1CWdS6%2BytRtEC</Encrypted></Payment></PaymentInfo>
	  <ReservedInfo>
	    <MReserved1/>
	    <MReserved2/>
	    <MReserved3/></ReservedInfo>
	  <ManageInfo>
	    <Language/>
	    <URL urlencode="1">http%3A%2F%2Fwww.loosfly.com</URL>
	    <TXVersion>5031B111123securLinux     PHPchkfake   2.6.18-371.11.1.el5PHP:5.2.17 </TXVersion>
	    <TXUserID/>
	    <TXRegNum/>
	    <Ack>1</Ack>
	    <TXRN>MjAxNDA4MjExMDQzMjIxNDE0NjMzOQ==
</TXRN></ManageInfo></INIpay>AELY+8zP2dXKJiHRFIikg7rdnPUIPkNvSa3heaJtzTcF8l46TlVi2R3XyYfXlhEZ
aGrK3abOQ/1aQOXUryvpAYAtpF/vWOEE1ATKGU8nA0512ql8kqAt1p5qTI9yPe2l
lM1Mr7eRHZT86Kwv/wrlYT3u0OsQeWXgx6yw2k+CrBFj
]
INFO	[2014-08-21 10:46:00:0] <7715> DNS LOOKUP OK(203.238.37.3:203.238.37.3:34049) laptime:0
INFO	[2014-08-21 10:46:00:3] <7715> SOCKET CONNECT OK
INFO	[2014-08-21 10:46:00:3] <7715> SEND OK
INFO	[2014-08-21 10:46:01:89] <7715> RECV OK
INFO	[2014-08-21 10:46:01:89] <7715> MSG_FROM_PG:[0301800175D SHA1                   0                  39                  300210GODOloosfl              158000INIphpCARDGODOloosfl20140821104559904582<?xml version="1.0" encoding="UTF-8"?>
<INIpay>
  <GoodsInfo>
    <GoodsCnt>1</GoodsCnt>
    <MOID urlencode="1">1408585350037</MOID>
    <Currency>WON</Currency>
    <Goods no="1">
      <SMID>GODOloosfl</SMID>
      <GoodsName urlencode="1">Strap+Fullness+Pants+%28Dark+Gray%2FYellow%29+%BF%DC1%B0%C7</GoodsName>
      <GoodsCntS>1</GoodsCntS>
      <GoodsPrice>158000</GoodsPrice>
    </Goods>
  </GoodsInfo>
  <PaymentInfo>
    <Payment>
      <SessionKey>AEVq4p4+lOA8SxQpApG5gkB0w5QyJLgkDJVw4kL35r+jfKxOYqazm/TIRTqrLmhz
rDNTLAuQmWO1xOlI+01Ce1Erd2mxcVSkUQkyEblmVkYztl8HLiTe5UK7kVxq7vF8
WFa24u61YsNPm3dJmMyOOUDIL5hlWmEaJDtcTIl2TMJdJECI1SJhdD0=
</SessionKey>
      <Encrypted>d4DaLnkrJHSJlqfoXiePQzuFfLpyGnMq1VsJ+kLSSwwDCtG5TTspF4KvQ8FNz1XH
PW6S1hOwT5lWOh6dmy6XEfn6FkR7A3wEXFMrH90U97fZP0IU/2E1nrY5spoG94oC
sJgAXws/z7PpUEzk53iZiz+Vu1dndpPah7QCdQBgBW0Uv/+QHy/NoJlDJGWdObw7
3rmk3OliPpceMok6qhYMgcBfwLH1DzJJowwT1TrzjjhfZYx3FILFwdHzgzKehudd
Ci/ip2N8j/1zOXyEFhXSwSH32GY8F1zx9SfVAQIPQocwLNHsgcqA9FaIYZSdmw7I
2P0RQVYJSvMerXBkMry4+8kOP0B+zjb0h8urNBX5ayGC7hEHSz3g9jYD2VuJSZTs
+2GnkbFSTnJ5LHKD+GBCSeia59BzjL2TxRFDRTRSCM1ZzkgUfMC8dgrvnDW26JIw
rTJ+lZ6NPjHauwXyoQ+wd3CxgGnKfk9aGYyInStEjsXyrgwgfp0kmf4H1sVIFnD+
218of2XLofUWZlWWMsKAwttiSGqQYjQTC0sq9cIXrD9yvU3vrpHd8sRxRnGL2R2Y
7cknPCMTOvzTsdOdoxuMiiVkgOwdApfBDbfeX1Al+QBXR93GjFczTrT2dPvKa7fu
o5BCSP3WCV1jzu8mkQrP4D4YvLhkUi8aTARewHV5c0A0x8BggkigVsRjn1maTBuk
jLKHeptgbU/AdAWjjc0XoTc8xId++xHpWRB0phqHZYToBnncJOmwQq3FICa63A/3
5bpUczhwg6yWZWQ5IOFuE5KPySXqJZQpHQ3LFJIj0U9rEMvsU+FWvFF+8lriH/Wp
ExT1bHQe1ahUhgEBeTf7hJiplMudPtFIEwB4mSRPXJ/V28c0PggaJZSPaCHPs+rB
LyU8RvZ4VcqNfEgr4ZJWV3xLlLcox+2u8kZf5YLycCR6UaVwM28EaqbsVmDfL6zi
aATbLjQJBxBN9838BBiUh+wnSBalIPq5xWMmlNCDEBtsTtdoxcvhhPF/qlBPsG5s
97YMlb4GgKGud46MCDof9CNZ+QnNj7O1cdiRrcK8ri/fiJCrKOEhsO54lAMlCyt4
+sROiQYkNoxEljuj0x+GZa/Btf1XMkhbMpXAu7bp83qESGIr/NuN42j3+E+e5c+Z
WUxPSPN4aQ4bdjUdrbM8AuDpL7mxlqm2KYTeo3qILgwSE2dzeFnyTBPkE4Pc2w98
9XWp4n1xELXolLd9HHStiSO9EDTQ6C3HMbwYgZriF8UNh80qVEY8tWkuq05IHwX4
EMLovHOhMQ8rRODijhs9DJ192ySq4ICEhSw9YsbbKp4X5loetK8EMg/6ahoszquS
6gXEgCbVAPgYLRDmPzm5p9N2CECoBXYWPh0O9rHV5DRdUo8ZnZ8yeOwQRyQOiupd
GbccvCJEIeXQ12dbrBGLlCAuPzPVay0Y0PLvxRtRMNqtSMii8MGQHWHNtOiATJfK
FzxFxlBKyjtlhhyxw3G0cfFdOUD1GCb1Fdf+B/5szrcezaQgQ9T0+KymzbJgktLL
ph3K8+dfMTDaWPbRrpVEWXGRLA+y14WpR8yrVtzaGXT+09s8tpOmT7yQg/wZ34WX
R7jCFSze4svooiu6Tw68G9ZTRuyfwPve
</Encrypted>
      <PayMethod>Card</PayMethod>
      <ResultCode>120000</ResultCode>
      <ResultMsg urlencode="1">%C1%A4%BB%F3%C3%B3%B8%AE%B5%C7%BE%FA%BD%C0%B4%CF%B4%D9.</ResultMsg>
    </Payment>
  </PaymentInfo>
  <ManageInfo>
    <EventCode></EventCode>
    <OrgCurrency></OrgCurrency>
    <ExchangeRate></ExchangeRate>
    <OrgPrice></OrgPrice>
  </ManageInfo>
  <ReservedInfo>
    <MReserved1 urlencode="1"></MReserved1>
    <MReserved2 urlencode="1"></MReserved2>
    <MReserved3 urlencode="1"></MReserved3>
    <PGReserved1 urlencode="1"></PGReserved1>
    <PGReserved2 urlencode="1"></PGReserved2>
    <PGReserved3 urlencode="1"></PGReserved3>
  </ReservedInfo>
</INIpay>
pXXmRgLpQLI7pLlWQjqcBD/Hv9frZ2CKF8QjWHR4Hkk5tF/YZ37PY91i//OQo8ZU
VAC27/+vaMiRHA3VLcrNClBtzBZdEo/2TlKqeKrt8fDhDukOaNxec0k8nhvK6sKI
H2hBkwGcojbeN8d6s2vwrtU6PQx9XcIRERAAVZx+3eA=
]
INFO	[2014-08-21 10:46:01:89] <7715> VERIFY OK
INFO	[2014-08-21 10:46:01:89] <7715> PARSE HEAD OK
INFO	[2014-08-21 10:46:01:92] <7715> PARSE BODY OK
INFO	[2014-08-21 10:46:01:96] <7715> DECRYPT OK
DEBUG	[2014-08-21 10:46:01:96] <7715> DECRYPT MSG:[<?xml version="1.0" encoding="UTF-8"?>
<PaymentInfo>
  <Payment>
    <EASYPAY/>
    <Card>
      <CARD_ApplPrice>158000</CARD_ApplPrice>
      <CARD_Num>541707000231</CARD_Num>
      <CARD_Expire></CARD_Expire>
      <CARD_Code>17</CARD_Code>
      <CARD_BankCode>81</CARD_BankCode>
      <CARD_Quota>00</CARD_Quota>
      <CARD_Interest>0</CARD_Interest>
      <CARD_Point></CARD_Point>
      <CARD_AuthType>99</CARD_AuthType>
      <CARD_RegNum></CARD_RegNum>
      <CARD_ApplDate>20140821</CARD_ApplDate>
      <CARD_ApplTime>104601</CARD_ApplTime>
      <CARD_ApplNum>54774678</CARD_ApplNum>
      <CARD_TerminalNum>019048y000</CARD_TerminalNum>
      <CARD_MemberNum></CARD_MemberNum>
      <CARD_PurchaseCode></CARD_PurchaseCode>
      <CARD_ResultCode>120000</CARD_ResultCode>
      <CARD_ResultMsg urlencode="1">%C1%A4%BB%F3%C3%B3%B8%AE%B5%C7%BE%FA%BD%C0%B4%CF%B4%D9.</CARD_ResultMsg>
      <CARD_PrtcCode>1</CARD_PrtcCode>
      <CARD_Quota_Point>00</CARD_Quota_Point>
      <CARD_CheckFlag>0</CARD_CheckFlag>
      <CARD_PurchaseName urlencode="1"></CARD_PurchaseName>
      <CARD_IssuerName urlencode="1"></CARD_IssuerName>
      <CARD_JoinUsePoint></CARD_JoinUsePoint>
    </Card>
  </Payment>
</PaymentInfo>]
INFO	[2014-08-21 10:46:01:98] <7715> DECRYPT PARSE OK
INFO	[2014-08-21 10:46:01:98] <7715> WAIT ACK INVOKING
DEBUG	[2014-08-21 10:46:01:98] <7715> MAKE HEAD OK
INFO	[2014-08-21 10:46:01:103] <7715> SUCCESS ACK INVOKING
INFO	[2014-08-21 10:46:01:103] <7715> END securepay 정상처리되었습니다. Laptime:[1.11sec]
INFO	[2014-08-21 10:46:01:103] <7715> ===============================================================
