INFO	[2013-08-30 09:04:22:599] <16603> START INIPHP chkfake (V5031-111123)(OS:Linux2.6.18-348.12.1.el5,PHP:5.2.17)
DEBUG	[2013-08-30 09:04:22:600] <16603> inipayhome:/www/loosfly_godo_co_kr/shop/order/card/inipay
DEBUG	[2013-08-30 09:04:22:600] <16603> type:chkfake
DEBUG	[2013-08-30 09:04:22:600] <16603> debug:true
DEBUG	[2013-08-30 09:04:22:600] <16603> enctype:asym
DEBUG	[2013-08-30 09:04:22:600] <16603> admin:1111
DEBUG	[2013-08-30 09:04:22:600] <16603> checkopt:false
DEBUG	[2013-08-30 09:04:22:600] <16603> mid:GODOloosfl
DEBUG	[2013-08-30 09:04:22:600] <16603> price:129000
DEBUG	[2013-08-30 09:04:22:600] <16603> nointerest:no
DEBUG	[2013-08-30 09:04:22:600] <16603> quotabase:선택:일시불:2개월:3개월:4개월:5개월:6개월:7개월:8개월:9개월:10개월:11개월:12개월
INFO	[2013-08-30 09:04:22:600] <16603> Check Field OK
INFO	[2013-08-30 09:04:22:604] <16603> MERCHANT PRIV KEY LOAD OK
INFO	[2013-08-30 09:04:22:608] <16603> MERCHANT PUB KEY LOAD OK []
INFO	[2013-08-30 09:04:22:611] <16603> CHKFAKE KEY MAKE OK:MjAxMzA4MzAwOTA0MjI2MDg1NzQ3NA==

INFO	[2013-08-30 09:04:22:611] <16603> END chkfake  Laptime:[0.02sec]
INFO	[2013-08-30 09:04:22:611] <16603> ===============================================================
INFO	[2013-08-30 09:46:24:479] <19837> START INIPHP chkfake (V5031-111123)(OS:Linux2.6.18-348.12.1.el5,PHP:5.2.17)
DEBUG	[2013-08-30 09:46:24:521] <19837> inipayhome:/www/loosfly_godo_co_kr/shop/order/card/inipay
DEBUG	[2013-08-30 09:46:24:521] <19837> type:chkfake
DEBUG	[2013-08-30 09:46:24:521] <19837> debug:true
DEBUG	[2013-08-30 09:46:24:521] <19837> enctype:asym
DEBUG	[2013-08-30 09:46:24:521] <19837> admin:1111
DEBUG	[2013-08-30 09:46:24:521] <19837> checkopt:false
DEBUG	[2013-08-30 09:46:24:521] <19837> mid:GODOloosfl
DEBUG	[2013-08-30 09:46:24:521] <19837> price:129000
DEBUG	[2013-08-30 09:46:24:521] <19837> nointerest:no
DEBUG	[2013-08-30 09:46:24:521] <19837> quotabase:선택:일시불:2개월:3개월:4개월:5개월:6개월:7개월:8개월:9개월:10개월:11개월:12개월
INFO	[2013-08-30 09:46:24:522] <19837> Check Field OK
INFO	[2013-08-30 09:46:24:539] <19837> MERCHANT PRIV KEY LOAD OK
INFO	[2013-08-30 09:46:24:542] <19837> MERCHANT PUB KEY LOAD OK []
INFO	[2013-08-30 09:46:24:546] <19837> CHKFAKE KEY MAKE OK:MjAxMzA4MzAwOTQ2MjQ1NDI1ODM0Mg==

INFO	[2013-08-30 09:46:24:546] <19837> END chkfake  Laptime:[0.07sec]
INFO	[2013-08-30 09:46:24:546] <19837> ===============================================================
INFO	[2013-08-30 09:48:51:329] <1168> START INIPHP chkfake (V5031-111123)(OS:Linux2.6.18-348.12.1.el5,PHP:5.2.17)
DEBUG	[2013-08-30 09:48:51:330] <1168> inipayhome:/www/loosfly_godo_co_kr/shop/order/card/inipay
DEBUG	[2013-08-30 09:48:51:330] <1168> type:chkfake
DEBUG	[2013-08-30 09:48:51:330] <1168> debug:true
DEBUG	[2013-08-30 09:48:51:330] <1168> enctype:asym
DEBUG	[2013-08-30 09:48:51:330] <1168> admin:1111
DEBUG	[2013-08-30 09:48:51:330] <1168> checkopt:false
DEBUG	[2013-08-30 09:48:51:330] <1168> mid:GODOloosfl
DEBUG	[2013-08-30 09:48:51:330] <1168> price:129000
DEBUG	[2013-08-30 09:48:51:330] <1168> nointerest:no
DEBUG	[2013-08-30 09:48:51:330] <1168> quotabase:선택:일시불:2개월:3개월:4개월:5개월:6개월:7개월:8개월:9개월:10개월:11개월:12개월
INFO	[2013-08-30 09:48:51:330] <1168> Check Field OK
INFO	[2013-08-30 09:48:51:330] <1168> MERCHANT PRIV KEY LOAD OK
INFO	[2013-08-30 09:48:51:331] <1168> MERCHANT PUB KEY LOAD OK []
INFO	[2013-08-30 09:48:51:332] <1168> CHKFAKE KEY MAKE OK:MjAxMzA4MzAwOTQ4NTEzMzE3NTU4Mw==

INFO	[2013-08-30 09:48:51:332] <1168> END chkfake  Laptime:[0sec]
INFO	[2013-08-30 09:48:51:332] <1168> ===============================================================
INFO	[2013-08-30 09:51:02:388] <11508> START INIPHP chkfake (V5031-111123)(OS:Linux2.6.18-348.12.1.el5,PHP:5.2.17)
DEBUG	[2013-08-30 09:51:02:388] <11508> inipayhome:/www/loosfly_godo_co_kr/shop/order/card/inipay
DEBUG	[2013-08-30 09:51:02:388] <11508> type:chkfake
DEBUG	[2013-08-30 09:51:02:388] <11508> debug:true
DEBUG	[2013-08-30 09:51:02:388] <11508> enctype:asym
DEBUG	[2013-08-30 09:51:02:388] <11508> admin:1111
DEBUG	[2013-08-30 09:51:02:388] <11508> checkopt:false
DEBUG	[2013-08-30 09:51:02:388] <11508> mid:GODOloosfl
DEBUG	[2013-08-30 09:51:02:388] <11508> price:89000
DEBUG	[2013-08-30 09:51:02:388] <11508> nointerest:no
DEBUG	[2013-08-30 09:51:02:388] <11508> quotabase:선택:일시불:2개월:3개월:4개월:5개월:6개월:7개월:8개월:9개월:10개월:11개월:12개월
INFO	[2013-08-30 09:51:02:389] <11508> Check Field OK
INFO	[2013-08-30 09:51:02:389] <11508> MERCHANT PRIV KEY LOAD OK
INFO	[2013-08-30 09:51:02:389] <11508> MERCHANT PUB KEY LOAD OK []
INFO	[2013-08-30 09:51:02:392] <11508> CHKFAKE KEY MAKE OK:MjAxMzA4MzAwOTUxMDIzODkyODU5MA==

INFO	[2013-08-30 09:51:02:392] <11508> END chkfake  Laptime:[0sec]
INFO	[2013-08-30 09:51:02:392] <11508> ===============================================================
