INFO	[2014-01-15 15:04:32:762] <31789> START INIPHP chkfake (V5031-111123)(OS:Linux2.6.18-371.3.1.el5,PHP:5.2.17)
DEBUG	[2014-01-15 15:04:32:762] <31789> inipayhome:/www/loosfly_godo_co_kr/shop/order/card/inipay
DEBUG	[2014-01-15 15:04:32:762] <31789> type:chkfake
DEBUG	[2014-01-15 15:04:32:762] <31789> debug:true
DEBUG	[2014-01-15 15:04:32:762] <31789> enctype:asym
DEBUG	[2014-01-15 15:04:32:762] <31789> admin:1111
DEBUG	[2014-01-15 15:04:32:762] <31789> checkopt:false
DEBUG	[2014-01-15 15:04:32:762] <31789> mid:GODOloosfl
DEBUG	[2014-01-15 15:04:32:762] <31789> price:79000
DEBUG	[2014-01-15 15:04:32:762] <31789> nointerest:no
DEBUG	[2014-01-15 15:04:32:762] <31789> quotabase:선택:일시불:2개월:3개월:4개월:5개월:6개월:7개월:8개월:9개월:10개월:11개월:12개월
INFO	[2014-01-15 15:04:32:762] <31789> Check Field OK
INFO	[2014-01-15 15:04:32:767] <31789> MERCHANT PRIV KEY LOAD OK
INFO	[2014-01-15 15:04:32:771] <31789> MERCHANT PUB KEY LOAD OK []
INFO	[2014-01-15 15:04:32:773] <31789> CHKFAKE KEY MAKE OK:MjAxNDAxMTUxNTA0MzI3NzE5NTg2Mw==

INFO	[2014-01-15 15:04:32:773] <31789> END chkfake  Laptime:[0.01sec]
INFO	[2014-01-15 15:04:32:773] <31789> ===============================================================
INFO	[2014-01-15 15:05:37:907] <28805> START INIPHP chkfake (V5031-111123)(OS:Linux2.6.18-371.3.1.el5,PHP:5.2.17)
DEBUG	[2014-01-15 15:05:37:907] <28805> inipayhome:/www/loosfly_godo_co_kr/shop/order/card/inipay
DEBUG	[2014-01-15 15:05:37:907] <28805> type:chkfake
DEBUG	[2014-01-15 15:05:37:907] <28805> debug:true
DEBUG	[2014-01-15 15:05:37:907] <28805> enctype:asym
DEBUG	[2014-01-15 15:05:37:907] <28805> admin:1111
DEBUG	[2014-01-15 15:05:37:907] <28805> checkopt:false
DEBUG	[2014-01-15 15:05:37:907] <28805> mid:GODOloosfl
DEBUG	[2014-01-15 15:05:37:907] <28805> price:79000
DEBUG	[2014-01-15 15:05:37:907] <28805> nointerest:no
DEBUG	[2014-01-15 15:05:37:907] <28805> quotabase:선택:일시불:2개월:3개월:4개월:5개월:6개월:7개월:8개월:9개월:10개월:11개월:12개월
INFO	[2014-01-15 15:05:37:908] <28805> Check Field OK
INFO	[2014-01-15 15:05:37:908] <28805> MERCHANT PRIV KEY LOAD OK
INFO	[2014-01-15 15:05:37:908] <28805> MERCHANT PUB KEY LOAD OK []
INFO	[2014-01-15 15:05:37:909] <28805> CHKFAKE KEY MAKE OK:MjAxNDAxMTUxNTA1Mzc5MDg5NDM1NA==

INFO	[2014-01-15 15:05:37:909] <28805> END chkfake  Laptime:[0sec]
INFO	[2014-01-15 15:05:37:910] <28805> ===============================================================
