INFO	[2014-07-19 00:16:23:135] <8246> START INIPHP chkfake (V5031-111123)(OS:Linux2.6.18-371.9.1.el5,PHP:5.2.17)
DEBUG	[2014-07-19 00:16:23:135] <8246> inipayhome:/www/loosfly_godo_co_kr/shop/order/card/inipay
DEBUG	[2014-07-19 00:16:23:135] <8246> type:chkfake
DEBUG	[2014-07-19 00:16:23:135] <8246> debug:true
DEBUG	[2014-07-19 00:16:23:135] <8246> enctype:asym
DEBUG	[2014-07-19 00:16:23:135] <8246> admin:1111
DEBUG	[2014-07-19 00:16:23:135] <8246> checkopt:false
DEBUG	[2014-07-19 00:16:23:135] <8246> mid:GODOloosfl
DEBUG	[2014-07-19 00:16:23:135] <8246> price:171000
DEBUG	[2014-07-19 00:16:23:135] <8246> nointerest:no
DEBUG	[2014-07-19 00:16:23:135] <8246> quotabase:선택:일시불:2개월:3개월:4개월:5개월:6개월:7개월:8개월:9개월:10개월:11개월:12개월
INFO	[2014-07-19 00:16:23:136] <8246> Check Field OK
INFO	[2014-07-19 00:16:23:145] <8246> MERCHANT PRIV KEY LOAD OK
INFO	[2014-07-19 00:16:23:149] <8246> MERCHANT PUB KEY LOAD OK []
INFO	[2014-07-19 00:16:23:150] <8246> CHKFAKE KEY MAKE OK:MjAxNDA3MTkwMDE2MjMxNDk5MzAwNA==

INFO	[2014-07-19 00:16:23:150] <8246> END chkfake  Laptime:[0.02sec]
INFO	[2014-07-19 00:16:23:151] <8246> ===============================================================
INFO	[2014-07-19 00:21:53:445] <3807> START INIPHP securepay (V5031-111123)(OS:Linux2.6.18-371.9.1.el5,PHP:5.2.17)
DEBUG	[2014-07-19 00:21:53:445] <3807> inipayhome:/www/loosfly_godo_co_kr/shop/order/card/inipay
DEBUG	[2014-07-19 00:21:53:445] <3807> type:securepay
DEBUG	[2014-07-19 00:21:53:445] <3807> pgid:INIphpCARD
DEBUG	[2014-07-19 00:21:53:445] <3807> subpgip:203.238.3.10
DEBUG	[2014-07-19 00:21:53:445] <3807> admin:1111
DEBUG	[2014-07-19 00:21:53:445] <3807> debug:true
DEBUG	[2014-07-19 00:21:53:445] <3807> uid:
DEBUG	[2014-07-19 00:21:53:445] <3807> goodname:Teruel Leotard (Dark Blue) 외1건
DEBUG	[2014-07-19 00:21:53:445] <3807> currency:WON
DEBUG	[2014-07-19 00:21:53:445] <3807> mid:GODOloosfl
DEBUG	[2014-07-19 00:21:53:445] <3807> rn:MjAxNDA3MTkwMDE2MjMxNDk5MzAwNA==

DEBUG	[2014-07-19 00:21:53:445] <3807> price:171000
DEBUG	[2014-07-19 00:21:53:445] <3807> enctype:
DEBUG	[2014-07-19 00:21:53:445] <3807> buyername:김다현
DEBUG	[2014-07-19 00:21:53:445] <3807> buyertel:010-8644-4449
DEBUG	[2014-07-19 00:21:53:445] <3807> buyeremail:ekgus963@naver.com
DEBUG	[2014-07-19 00:21:53:445] <3807> paymethod:Card
DEBUG	[2014-07-19 00:21:53:445] <3807> encrypted:Version=4.1&PayMethod=Card&RsaKeyNum=1&EncryptionAlgorithm=SEED-CBC&SignAlgorithm=RSAwithSHA1&CertVer=39&moid=1405696532720&ver_trace=main(6086,6053)card(6112,6103)n(6008)Cs(6022)Dt(6002)Pa(6002)Cf(6024)Fv(0000)La(6128)Re(6080)Vr(6006)P(6033)en(6037)nP(6006)&pg1=203.238.37.3&pg2=211.219.96.180&pg1ip=203.238.37.3&pg2ip=211.219.96.180&agreeflag=1111&Data=P43ltZAV8w5th3V/0z47f1FG3BLehgKrbM/x4GzOHtQ2TAKHfQ3llPKsCy/5BvKo
bgSvXck9yRuLBpXaO0XMIIdtUBzmCro7RXymZmPHuJPQs7WHv7AucaPhfFnHYzAX
HE20fFy57zbo76I5F5xEh+rVyt2K/WC3ErBarmoYWbI0ZPaJNbbzUTx2ZUH8qpN5
1/CYyHKgUs6fEtizkHxQD7q6ZeQ6/E8gfg7jiy41ioISr511GX0NxnJLSYQvYAZ4
QVb9Rg4VzDYbE/gmEo8eEK9Ng2Eh9wA7Ngl8urYgSZLA+tjGIbPbCGnA1dVzbNeR
LTRHwkrQs6ZGUPpPkEaCIqMRG5luZSPY4VqQBx0gxRuwbshVATGcO/7iL5kN491t
mvlhV8tpUy/dEnZLBSAiNxEZpzno5nO0Ai51GJlPDT3XXk3cbaX2nU4lBtsxB50M
Qac4v+bA/l1pKZ5R6T/jWnHX26+J+PhETbgtbg61gwVAQjRd6YH/0RtW8zTJyo5h
KgUST3b3wgFcYqxO3eXfVGK6vActP+Abe5GOBnzn26OIA5vbN5CMkhEfwkARmqdh
LLQbWlkbhggjOOQZy5coFsBTN6ujDHcbNRx7mYrDA4ik7L+MEXcr5ByW8XEpnQTq
zaxUn8WIok8vEL7UYs8kjvdB9MVWND1PkdR/oYAcYw==
DEBUG	[2014-07-19 00:21:53:445] <3807> sessionkey:tqFb9TzLG56T6oOBH0JInBQ/kEbXbf4WQL9tRbvCoJAs8rDee4jj2U//Nfm60Wtc
ckbDhJi0JHvtBXWpqEymiAObnnzDMQTRsg6cuaoKcCgUZ7QAG3mYIx4V7caWCbDf
Cc1CK8pY5x3G/WRnbiVWhne7H1Jd4Wyfi0ZItFdf4fA=
DEBUG	[2014-07-19 00:21:53:445] <3807> url:http://www.loosfly.com
DEBUG	[2014-07-19 00:21:53:445] <3807> cardcode:01
DEBUG	[2014-07-19 00:21:53:445] <3807> parentemail:ekgus963@naver.com
DEBUG	[2014-07-19 00:21:53:445] <3807> recvname:김다현
DEBUG	[2014-07-19 00:21:53:445] <3807> recvtel:010-8644-4449
DEBUG	[2014-07-19 00:21:53:445] <3807> recvaddr:울산광역시 남구 달동 1412 삼환아르누보 1412번지 삼환아르누보 2204호
DEBUG	[2014-07-19 00:21:53:445] <3807> recvpostnum:680-803
DEBUG	[2014-07-19 00:21:53:445] <3807> recvmsg:집에아무도없으면 경비실에맞겨주세용ㅎㅎ
DEBUG	[2014-07-19 00:21:53:445] <3807> joincard:
DEBUG	[2014-07-19 00:21:53:445] <3807> joinexpire:
DEBUG	[2014-07-19 00:21:53:445] <3807> id_customer:
INFO	[2014-07-19 00:21:53:445] <3807> Check Field OK
INFO	[2014-07-19 00:21:53:445] <3807> Make TID OK INIphpCARDGODOloosfl20140719002153456833
INFO	[2014-07-19 00:21:53:445] <3807> PI PUB KEY LOAD OK [39]
INFO	[2014-07-19 00:21:53:450] <3807> PG PUB KEY LOAD OK [30]
INFO	[2014-07-19 00:21:53:451] <3807> MERCHANT PRIV KEY LOAD OK
INFO	[2014-07-19 00:21:53:451] <3807> MERCHANT PUB KEY LOAD OK [0]
INFO	[2014-07-19 00:21:53:452] <3807> MAKE BODY OK
INFO	[2014-07-19 00:21:53:454] <3807> SIGN OK
INFO	[2014-07-19 00:21:53:454] <3807> MAKE HEAD OK
INFO	[2014-07-19 00:21:53:454] <3807> MSG_TO_PG:[0320400175R SHA1                   0                  39                  300200GODOloosfl              171000INIphpCARDGODOloosfl20140719002153456833<?xml version="1.0" encoding="UTF-8"?>
<INIpay>
	  <GoodsInfo>
	    <GoodsCnt>1</GoodsCnt>
	    <MOID/>
	    <Currency>WON</Currency>
	    <Tax/>
	    <TaxFree/>
	    <Goods>
	      <SMID>GODOloosfl</SMID>
	      <GoodsName urlencode="1">Teruel+Leotard+%28Dark+Blue%29+%BF%DC1%B0%C7</GoodsName>
	      <GoodsPrice>171000</GoodsPrice></Goods></GoodsInfo>
	  <BuyerInfo>
	    <BuyerName urlencode="1">%B1%E8%B4%D9%C7%F6</BuyerName>
	    <BuyerTel>010-8644-4449</BuyerTel>
	    <BuyerEmail urlencode="1">ekgus963%40naver.com</BuyerEmail>
	    <ParentEmail urlencode="1">ekgus963%40naver.com</ParentEmail>
	    <RecvName urlencode="1">%B1%E8%B4%D9%C7%F6</RecvName>
	    <RecvTel urlencode="1">010-8644-4449</RecvTel>
	    <RecvMsg urlencode="1">%C1%FD%BF%A1%BE%C6%B9%AB%B5%B5%BE%F8%C0%B8%B8%E9+%B0%E6%BA%F1%BD%C7%BF%A1%B8%C2%B0%DC%C1%D6%BC%BC%BF%EB%A4%BE%A4%BE</RecvMsg>
	    <RecvAddr urlencode="1">%BF%EF%BB%EA%B1%A4%BF%AA%BD%C3+%B3%B2%B1%B8+%B4%DE%B5%BF+1412+%BB%EF%C8%AF%BE%C6%B8%A3%B4%A9%BA%B8+1412%B9%F8%C1%F6+%BB%EF%C8%AF%BE%C6%B8%A3%B4%A9%BA%B8+2204%C8%A3</RecvAddr>
	    <RecvPostNum urlencode="1">680-803</RecvPostNum></BuyerInfo>
	  <PaymentInfo>
	    <Payment>
	      <PayMethod>Card</PayMethod>
	      <JoinCard/>
	      <JoinExpire/>
	      <MailOrder/>
	      <SessionKey>tqFb9TzLG56T6oOBH0JInBQ/kEbXbf4WQL9tRbvCoJAs8rDee4jj2U//Nfm60Wtc
ckbDhJi0JHvtBXWpqEymiAObnnzDMQTRsg6cuaoKcCgUZ7QAG3mYIx4V7caWCbDf
Cc1CK8pY5x3G/WRnbiVWhne7H1Jd4Wyfi0ZItFdf4fA=</SessionKey>
	      <Encrypted urlencode="1">Version%3D4.1%26PayMethod%3DCard%26RsaKeyNum%3D1%26EncryptionAlgorithm%3DSEED-CBC%26SignAlgorithm%3DRSAwithSHA1%26CertVer%3D39%26moid%3D1405696532720%26ver_trace%3Dmain%286086%2C6053%29card%286112%2C6103%29n%286008%29Cs%286022%29Dt%286002%29Pa%286002%29Cf%286024%29Fv%280000%29La%286128%29Re%286080%29Vr%286006%29P%286033%29en%286037%29nP%286006%29%26pg1%3D203.238.37.3%26pg2%3D211.219.96.180%26pg1ip%3D203.238.37.3%26pg2ip%3D211.219.96.180%26agreeflag%3D1111%26Data%3DP43ltZAV8w5th3V%2F0z47f1FG3BLehgKrbM%2Fx4GzOHtQ2TAKHfQ3llPKsCy%2F5BvKo%0D%0AbgSvXck9yRuLBpXaO0XMIIdtUBzmCro7RXymZmPHuJPQs7WHv7AucaPhfFnHYzAX%0D%0AHE20fFy57zbo76I5F5xEh%2BrVyt2K%2FWC3ErBarmoYWbI0ZPaJNbbzUTx2ZUH8qpN5%0D%0A1%2FCYyHKgUs6fEtizkHxQD7q6ZeQ6%2FE8gfg7jiy41ioISr511GX0NxnJLSYQvYAZ4%0D%0AQVb9Rg4VzDYbE%2FgmEo8eEK9Ng2Eh9wA7Ngl8urYgSZLA%2BtjGIbPbCGnA1dVzbNeR%0D%0ALTRHwkrQs6ZGUPpPkEaCIqMRG5luZSPY4VqQBx0gxRuwbshVATGcO%2F7iL5kN491t%0D%0AmvlhV8tpUy%2FdEnZLBSAiNxEZpzno5nO0Ai51GJlPDT3XXk3cbaX2nU4lBtsxB50M%0D%0AQac4v%2BbA%2Fl1pKZ5R6T%2FjWnHX26%2BJ%2BPhETbgtbg61gwVAQjRd6YH%2F0RtW8zTJyo5h%0D%0AKgUST3b3wgFcYqxO3eXfVGK6vActP%2BAbe5GOBnzn26OIA5vbN5CMkhEfwkARmqdh%0D%0ALLQbWlkbhggjOOQZy5coFsBTN6ujDHcbNRx7mYrDA4ik7L%2BMEXcr5ByW8XEpnQTq%0D%0AzaxUn8WIok8vEL7UYs8kjvdB9MVWND1PkdR%2FoYAcYw%3D%3D</Encrypted></Payment></PaymentInfo>
	  <ReservedInfo>
	    <MReserved1/>
	    <MReserved2/>
	    <MReserved3/></ReservedInfo>
	  <ManageInfo>
	    <Language/>
	    <URL urlencode="1">http%3A%2F%2Fwww.loosfly.com</URL>
	    <TXVersion>5031B111123securLinux     PHPchkfake   2.6.18-371.9.1.el5PHP:5.2.17  </TXVersion>
	    <TXUserID/>
	    <TXRegNum/>
	    <Ack>1</Ack>
	    <TXRN>MjAxNDA3MTkwMDE2MjMxNDk5MzAwNA==
</TXRN></ManageInfo></INIpay>AViqd03MJOdEqWMbJsLr9pnluGNfrW88bpqqCnYyKnRRBvdElzUI5V1NRPSi6zRF
iXjY/ajvICMeNXIiT7UcG0FRvOUGCY4yGNOg7oo47TariaAyv4qA7XkRE71irPrk
xHWM1g6vB8w5SAT0nC0s5Nh70guyJjCC0XT6bX2O9oO7
]
INFO	[2014-07-19 00:21:53:454] <3807> DNS LOOKUP OK(203.238.37.3:203.238.37.3:34049) laptime:0
INFO	[2014-07-19 00:21:53:458] <3807> SOCKET CONNECT OK
INFO	[2014-07-19 00:21:53:458] <3807> SEND OK
INFO	[2014-07-19 00:21:54:320] <3807> RECV OK
INFO	[2014-07-19 00:21:54:320] <3807> MSG_FROM_PG:[0300300175D SHA1                   0                  39                  300210GODOloosfl              171000INIphpCARDGODOloosfl20140719002153456833<?xml version="1.0" encoding="UTF-8"?>
<INIpay>
  <GoodsInfo>
    <GoodsCnt>1</GoodsCnt>
    <MOID urlencode="1">1405696532720</MOID>
    <Currency>WON</Currency>
    <Goods no="1">
      <SMID>GODOloosfl</SMID>
      <GoodsName urlencode="1">Teruel+Leotard+%28Dark+Blue%29+%BF%DC1%B0%C7</GoodsName>
      <GoodsCntS>1</GoodsCntS>
      <GoodsPrice>171000</GoodsPrice>
    </Goods>
  </GoodsInfo>
  <PaymentInfo>
    <Payment>
      <SessionKey>AJgS85qQUybWUNKEf3rFcvy7yJFKkCMjdsDHb1lcWypOgvdaeVAMi8r2avXuwuEu
prVM27fmmMs+MdPV+8wNJqGtogQAVe0FbaV/2WRkP9Cr2Zs+d/ip27N/h3IwqydK
7ilMINwOnf9qwgcbebLJ3270TGhfC4DaCXaqYl9og4licF+iMUZluL8=
</SessionKey>
      <Encrypted>XQgNVC5eeQKcbvgNZDNnQ13ewTTi2qcs+EqPpZ3FZOUKlmx+mNN8u+pGEcb0DFEF
MZdPBDC/LJ37aKWKORquDhJVKuJnEiQP7XcaQJG7xdW3+NA24FtEpf3mbpzFgmGw
FvoNBFhf82mCXVnfuzNsKxW6WxGafIL0tnkhSaMY8h/70YeRChHcWg0Yg6+jN+7h
I/7wsiBp6aEqS+vSctdISDSiFvMvKz0LG+KFaEzUy3Xc6YAb6CLSkC/ODvkFhMH0
fUMBLQnftNa+grawq6ysS5HL0r9PB10NNNDYtJlcwlXOZl+xDIOZMnfAi8zhmID2
UQs75DTCa3D0W/hhPtDg9hGz4xS58xdtO8A/79lr7iXMlaZpbvAr68nFLM1r6GXb
Xixu0Ei0NyD+mUG8J2vmx4CXs2JQ4zSeGWhl/ETjwEywi7VGHajIuyNl6k6/1j3t
LLnzWPUkaQVFoRTBW8WtE3C5bji5aaLPendYqhflH9dj1/ZG0FpkvGVZoT2ykcYk
wVIBeBR42PIB2AqSezRLQC9a3mQhSrUNuRfuZI0VjY7uRPkSwfrH+dtcWgd56CdH
NXJFXYW4865mrx1su8IzH1lPU1+8N4CW4QadIFNE+wKJrNCot56x1nlxXhMn1Es2
Fx2iooJZrkoGN66aOpkiPTuM6IwIO7QnFjuV+XXbXHmC4ffxDbMroHwr4LUV7mtp
QtIV4+62bBl/ZFV+HtxPFQRGdxUKHU8oxmTaCM4h7fkoFGw4veCCBOE0ZEzVjF3T
N71Fsu8I8J6HRUFyQbUaHEirCDMKcZDHp0ZVLQwAiGfDrKuDF8qEm5J+1X0biVpN
LrbqqFcL8CV7eCaalTCA45h52ipgUUE/nv8YgLLvaxcKLNie6HNJBJ8yfGBOVCQR
77ig3GTX7pS+U2U+wEICs4780X3voMl1dVxuQ6B3GizZxz/v756AnkVSUQSXKoaI
VKbInGOLiHqC/e9YdW6LlQkedxe25PnEq7RORZnU3z0ME0247WQ839crDiDRu8fy
Wd9w0JAU13rMUDA34H7aS8pAQPgLdj2iB4rH77y0vBguQ1pxmME16xg+H2H/PNAp
18AoxlJJtcuFacN7YbdmVk4RwEEurL8bd5oz2UMMihqKRJXBhL1LU1W9BTCxSA/0
jaEpecg8tagXmH4zCwLQwRgM6l897wCoX1BVcamz36gTlSFX3i51EImyXjaUkd1i
/72wQwy/PhdUEfDErU2wfcENsWUgq3DVKeVxvCg0CxWyzt9ZAYMKuWxhms6a61kR
jbJjeMAWwUBdQ4nS/+b5Zy0Kt037+q0pp0OHgKZpQo9YIdlxQu7a1Blf+FO7SwkQ
9RqEmvBn4VLNm/h1rzXhYb4X+25CisAHj2YyYBEEm6ZGNwMUP++7Qf3W+V23b89w
5ayO2cDCUHKTh/CHutxEz0M1oyFv74iWQqVVo1wB5fWctNp6JCBoiH3z81X/DqN1
UlldVpcoqYX75dIB3iS8VOwi8Tuu0Y9CqHZVJpOIn4QwgvwS8trTd2pLslyZ2VEF
BzZGQA+/0gngfJ+iGVtI8R20ilA3Su0l4r1lvcdWbbwcw7Ii8DcsD7MP8xLxaL7V
kmvgBCyxIIpS+eeOMKUk5JWg0EoyBquE
</Encrypted>
      <PayMethod>Card</PayMethod>
      <ResultCode>120000</ResultCode>
      <ResultMsg urlencode="1">%C1%A4%BB%F3%C3%B3%B8%AE%B5%C7%BE%FA%BD%C0%B4%CF%B4%D9.</ResultMsg>
    </Payment>
  </PaymentInfo>
  <ManageInfo>
    <EventCode></EventCode>
    <OrgCurrency></OrgCurrency>
    <ExchangeRate></ExchangeRate>
    <OrgPrice></OrgPrice>
  </ManageInfo>
  <ReservedInfo>
    <MReserved1 urlencode="1"></MReserved1>
    <MReserved2 urlencode="1"></MReserved2>
    <MReserved3 urlencode="1"></MReserved3>
    <PGReserved1 urlencode="1"></PGReserved1>
    <PGReserved2 urlencode="1"></PGReserved2>
    <PGReserved3 urlencode="1"></PGReserved3>
  </ReservedInfo>
</INIpay>
YChSwglrxQJzWYtAu4V2HxdYGwE8hnuPOUV9lJRp0LSis1T80TbsFCfBXVo9VciX
wjq2vG4URqllcDY3RzAqe4kwgG6p9zLPjIRnWaqgGJbXHMpTr4HCJFtKQRUchVjs
O67ZR7MeS9w4d1bcjy8BtZ3eRfnf3r0HIQezT6n39cM=
]
INFO	[2014-07-19 00:21:54:320] <3807> VERIFY OK
INFO	[2014-07-19 00:21:54:320] <3807> PARSE HEAD OK
INFO	[2014-07-19 00:21:54:325] <3807> PARSE BODY OK
INFO	[2014-07-19 00:21:54:329] <3807> DECRYPT OK
DEBUG	[2014-07-19 00:21:54:329] <3807> DECRYPT MSG:[<?xml version="1.0" encoding="UTF-8"?>
<PaymentInfo>
  <Payment>
    <EASYPAY/>
    <Card>
      <CARD_ApplPrice>171000</CARD_ApplPrice>
      <CARD_Num>411904442757</CARD_Num>
      <CARD_Expire></CARD_Expire>
      <CARD_Code>01</CARD_Code>
      <CARD_BankCode>05</CARD_BankCode>
      <CARD_Quota>00</CARD_Quota>
      <CARD_Interest>0</CARD_Interest>
      <CARD_Point></CARD_Point>
      <CARD_AuthType>99</CARD_AuthType>
      <CARD_RegNum></CARD_RegNum>
      <CARD_ApplDate>20140719</CARD_ApplDate>
      <CARD_ApplTime>002155</CARD_ApplTime>
      <CARD_ApplNum>04486734</CARD_ApplNum>
      <CARD_TerminalNum>019048y000</CARD_TerminalNum>
      <CARD_MemberNum></CARD_MemberNum>
      <CARD_PurchaseCode></CARD_PurchaseCode>
      <CARD_ResultCode>120000</CARD_ResultCode>
      <CARD_ResultMsg urlencode="1">%C1%A4%BB%F3%C3%B3%B8%AE%B5%C7%BE%FA%BD%C0%B4%CF%B4%D9.</CARD_ResultMsg>
      <CARD_PrtcCode>1</CARD_PrtcCode>
      <CARD_Quota_Point>00</CARD_Quota_Point>
      <CARD_CheckFlag>0</CARD_CheckFlag>
      <CARD_PurchaseName urlencode="1"></CARD_PurchaseName>
      <CARD_IssuerName urlencode="1"></CARD_IssuerName>
      <CARD_JoinUsePoint></CARD_JoinUsePoint>
    </Card>
  </Payment>
</PaymentInfo>]
INFO	[2014-07-19 00:21:54:333] <3807> DECRYPT PARSE OK
INFO	[2014-07-19 00:21:54:333] <3807> WAIT ACK INVOKING
DEBUG	[2014-07-19 00:21:54:333] <3807> MAKE HEAD OK
INFO	[2014-07-19 00:21:54:337] <3807> SUCCESS ACK INVOKING
INFO	[2014-07-19 00:21:54:337] <3807> END securepay 정상처리되었습니다. Laptime:[0.89sec]
INFO	[2014-07-19 00:21:54:337] <3807> ===============================================================
