INFO	[2013-12-17 11:59:45:190] <529> START INIPHP chkfake (V5031-111123)(OS:Linux2.6.18-371.1.2.el5,PHP:5.2.17)
DEBUG	[2013-12-17 11:59:45:190] <529> inipayhome:/www/loosfly_godo_co_kr/shop/order/card/inipay
DEBUG	[2013-12-17 11:59:45:190] <529> type:chkfake
DEBUG	[2013-12-17 11:59:45:190] <529> debug:true
DEBUG	[2013-12-17 11:59:45:190] <529> enctype:asym
DEBUG	[2013-12-17 11:59:45:190] <529> admin:1111
DEBUG	[2013-12-17 11:59:45:190] <529> checkopt:false
DEBUG	[2013-12-17 11:59:45:190] <529> mid:GODOloosfl
DEBUG	[2013-12-17 11:59:45:190] <529> price:110600
DEBUG	[2013-12-17 11:59:45:190] <529> nointerest:no
DEBUG	[2013-12-17 11:59:45:190] <529> quotabase:선택:일시불:2개월:3개월:4개월:5개월:6개월:7개월:8개월:9개월:10개월:11개월:12개월
INFO	[2013-12-17 11:59:45:190] <529> Check Field OK
INFO	[2013-12-17 11:59:45:194] <529> MERCHANT PRIV KEY LOAD OK
INFO	[2013-12-17 11:59:45:198] <529> MERCHANT PUB KEY LOAD OK []
INFO	[2013-12-17 11:59:45:201] <529> CHKFAKE KEY MAKE OK:MjAxMzEyMTcxMTU5NDUxOTkxNTA4OA==

INFO	[2013-12-17 11:59:45:201] <529> END chkfake  Laptime:[0.02sec]
INFO	[2013-12-17 11:59:45:201] <529> ===============================================================
INFO	[2013-12-17 12:02:08:272] <4239> START INIPHP chkfake (V5031-111123)(OS:Linux2.6.18-371.1.2.el5,PHP:5.2.17)
DEBUG	[2013-12-17 12:02:08:272] <4239> inipayhome:/www/loosfly_godo_co_kr/shop/order/card/inipay
DEBUG	[2013-12-17 12:02:08:272] <4239> type:chkfake
DEBUG	[2013-12-17 12:02:08:272] <4239> debug:true
DEBUG	[2013-12-17 12:02:08:272] <4239> enctype:asym
DEBUG	[2013-12-17 12:02:08:272] <4239> admin:1111
DEBUG	[2013-12-17 12:02:08:272] <4239> checkopt:false
DEBUG	[2013-12-17 12:02:08:272] <4239> mid:GODOloosfl
DEBUG	[2013-12-17 12:02:08:272] <4239> price:110600
DEBUG	[2013-12-17 12:02:08:272] <4239> nointerest:no
DEBUG	[2013-12-17 12:02:08:272] <4239> quotabase:선택:일시불:2개월:3개월:4개월:5개월:6개월:7개월:8개월:9개월:10개월:11개월:12개월
INFO	[2013-12-17 12:02:08:273] <4239> Check Field OK
INFO	[2013-12-17 12:02:08:273] <4239> MERCHANT PRIV KEY LOAD OK
INFO	[2013-12-17 12:02:08:273] <4239> MERCHANT PUB KEY LOAD OK []
INFO	[2013-12-17 12:02:08:274] <4239> CHKFAKE KEY MAKE OK:MjAxMzEyMTcxMjAyMDgyNzM1ODMxNg==

INFO	[2013-12-17 12:02:08:275] <4239> END chkfake  Laptime:[0sec]
INFO	[2013-12-17 12:02:08:275] <4239> ===============================================================
INFO	[2013-12-17 12:03:34:467] <25791> START INIPHP securepay (V5031-111123)(OS:Linux2.6.18-371.1.2.el5,PHP:5.2.17)
DEBUG	[2013-12-17 12:03:34:467] <25791> inipayhome:/www/loosfly_godo_co_kr/shop/order/card/inipay
DEBUG	[2013-12-17 12:03:34:467] <25791> type:securepay
DEBUG	[2013-12-17 12:03:34:467] <25791> pgid:INIphpCARD
DEBUG	[2013-12-17 12:03:34:467] <25791> subpgip:203.238.3.10
DEBUG	[2013-12-17 12:03:34:467] <25791> admin:1111
DEBUG	[2013-12-17 12:03:34:467] <25791> debug:true
DEBUG	[2013-12-17 12:03:34:467] <25791> uid:
DEBUG	[2013-12-17 12:03:34:467] <25791> goodname:Strap Fullness Pants (Dark Blue) 외1건
DEBUG	[2013-12-17 12:03:34:467] <25791> currency:WON
DEBUG	[2013-12-17 12:03:34:467] <25791> mid:GODOloosfl
DEBUG	[2013-12-17 12:03:34:467] <25791> rn:MjAxMzEyMTcxMjAyMDgyNzM1ODMxNg==

DEBUG	[2013-12-17 12:03:34:467] <25791> price:110600
DEBUG	[2013-12-17 12:03:34:467] <25791> enctype:
DEBUG	[2013-12-17 12:03:34:467] <25791> buyername:김예지
DEBUG	[2013-12-17 12:03:34:467] <25791> buyertel:010-2322-7008
DEBUG	[2013-12-17 12:03:34:467] <25791> buyeremail:jsm980511@hanmail.net
DEBUG	[2013-12-17 12:03:34:467] <25791> paymethod:Card
DEBUG	[2013-12-17 12:03:34:467] <25791> encrypted:Version=4.1&PayMethod=Card&RsaKeyNum=1&EncryptionAlgorithm=SEED-CBC&SignAlgorithm=RSAwithSHA1&CertVer=39&moid=1387249307977&ver_trace=main(6076,6049)card(6098,6092)n(6008)Cs(6021)Dt(6002)Pa(6002)Cf(6024)Fv(0000)La(6117)Re(6071)Vr(6006)P(6033)en(6031)nP(6004)&pg1=203.238.37.3&pg2=211.219.96.180&pg1ip=203.238.37.3&pg2ip=211.219.96.180&agreeflag=1111&Data=RiRtnfGZJsIBL4qa2JRcJDkY+tBFmz15af+dbhWCQX+9PGFaz5P37xuOzcitm7gk
SI/FRFthFK2Pq1PZlgQGgSabKeAutXYpcBYJdtoOpAF3HSR92mTwPfj+5ot4JUPP
GkSxTLPrNxIyMJghziHZl9Hzqh2agMGtSKlkiYymAAbSttl13HfZfi2g0KRUn1z/
q89rG2Rj7SIKxOpqnOsu5naQckVkegfVWj/FjonmcyB5xRpMpvhxNxn3bkOFSPpC
PhAsgwJNeUNWjlgTraOjlwVSYDd4xyidWsNdsr6/vtlM9wvx1AfIZZuKQ7VJ+Ay0
ur3PCUX04Ra7mxJ64FYeAND0JR1dt9HFq+JXbFoNnIsZtUL9VeDAT+Magg0DUy98
ftltV8ClCpMQFPqL27O0mcjR9G1h2Y/RC7zfpOmJ6ygZYuZGWpDtbFNTVz0x6bRE
EE+un1Z0RUr3yaT91hZVlZx1mHrmcdnEy0ee/zOdN/Uok8FR7ZNQ+9TvtHI+fPgO
+1wJBRPWwCHtxafP9QQGknYUKk3/uX7fh2OCUSBCotu+ugikAxi1nePwAT9aN9In
q8wvDxEQAXQ5S6ulSvZMDicSVwcNaUnaaWrvg+IVuIkJdrw6QTj8EautzNpuPNvt
WbHHoauqzK+gX1pt0lz+7KOOQXuMUlPo8gjpsbS/5D5ED25OQ42oP94MwlMPYA==
DEBUG	[2013-12-17 12:03:34:467] <25791> sessionkey:u9HoO7qR3WlE6O0gyHXbU+OO2Myj/iVPJkQXjFWECVV5Zxr8jFEbfLRP0V/l72kG
rwiYVy3rYB1UlcO0DBTrfJaiaO3mtwFjmUv1Q7XpYC09gggNvzehlSoC6HBb2aRz
T/3vPDHpc44ymPTwGbcJXW176UKevRKUz6Hixz24Zro=
DEBUG	[2013-12-17 12:03:34:467] <25791> url:http://www.loosfly.com
DEBUG	[2013-12-17 12:03:34:467] <25791> cardcode:12
DEBUG	[2013-12-17 12:03:34:467] <25791> parentemail:jsm980511@hanmail.net
DEBUG	[2013-12-17 12:03:34:467] <25791> recvname:정선민
DEBUG	[2013-12-17 12:03:34:467] <25791> recvtel:010-2322-7008
DEBUG	[2013-12-17 12:03:34:467] <25791> recvaddr:경기 안양시 동안구 부림동 안양시청 하수과
DEBUG	[2013-12-17 12:03:34:467] <25791> recvpostnum:431-728
DEBUG	[2013-12-17 12:03:34:467] <25791> recvmsg:
DEBUG	[2013-12-17 12:03:34:467] <25791> joincard:
DEBUG	[2013-12-17 12:03:34:467] <25791> joinexpire:
DEBUG	[2013-12-17 12:03:34:467] <25791> id_customer:
INFO	[2013-12-17 12:03:34:467] <25791> Check Field OK
INFO	[2013-12-17 12:03:34:468] <25791> Make TID OK INIphpCARDGODOloosfl20131217120334682772
INFO	[2013-12-17 12:03:34:468] <25791> PI PUB KEY LOAD OK [39]
INFO	[2013-12-17 12:03:34:471] <25791> PG PUB KEY LOAD OK [30]
INFO	[2013-12-17 12:03:34:471] <25791> MERCHANT PRIV KEY LOAD OK
INFO	[2013-12-17 12:03:34:471] <25791> MERCHANT PUB KEY LOAD OK [0]
INFO	[2013-12-17 12:03:34:473] <25791> MAKE BODY OK
INFO	[2013-12-17 12:03:34:474] <25791> SIGN OK
INFO	[2013-12-17 12:03:34:474] <25791> MAKE HEAD OK
INFO	[2013-12-17 12:03:34:474] <25791> MSG_TO_PG:[0305600175R SHA1                   0                  39                  300200GODOloosfl              110600INIphpCARDGODOloosfl20131217120334682772<?xml version="1.0" encoding="UTF-8"?>
<INIpay>
	  <GoodsInfo>
	    <GoodsCnt>1</GoodsCnt>
	    <MOID/>
	    <Currency>WON</Currency>
	    <Tax/>
	    <TaxFree/>
	    <Goods>
	      <SMID>GODOloosfl</SMID>
	      <GoodsName urlencode="1">Strap+Fullness+Pants+%28Dark+Blue%29+%BF%DC1%B0%C7</GoodsName>
	      <GoodsPrice>110600</GoodsPrice></Goods></GoodsInfo>
	  <BuyerInfo>
	    <BuyerName urlencode="1">%B1%E8%BF%B9%C1%F6</BuyerName>
	    <BuyerTel>010-2322-7008</BuyerTel>
	    <BuyerEmail urlencode="1">jsm980511%40hanmail.net</BuyerEmail>
	    <ParentEmail urlencode="1">jsm980511%40hanmail.net</ParentEmail>
	    <RecvName urlencode="1">%C1%A4%BC%B1%B9%CE</RecvName>
	    <RecvTel urlencode="1">010-2322-7008</RecvTel>
	    <RecvMsg/>
	    <RecvAddr urlencode="1">%B0%E6%B1%E2+%BE%C8%BE%E7%BD%C3+%B5%BF%BE%C8%B1%B8+%BA%CE%B8%B2%B5%BF+%BE%C8%BE%E7%BD%C3%C3%BB+%C7%CF%BC%F6%B0%FA</RecvAddr>
	    <RecvPostNum urlencode="1">431-728</RecvPostNum></BuyerInfo>
	  <PaymentInfo>
	    <Payment>
	      <PayMethod>Card</PayMethod>
	      <JoinCard/>
	      <JoinExpire/>
	      <MailOrder/>
	      <SessionKey>u9HoO7qR3WlE6O0gyHXbU+OO2Myj/iVPJkQXjFWECVV5Zxr8jFEbfLRP0V/l72kG
rwiYVy3rYB1UlcO0DBTrfJaiaO3mtwFjmUv1Q7XpYC09gggNvzehlSoC6HBb2aRz
T/3vPDHpc44ymPTwGbcJXW176UKevRKUz6Hixz24Zro=</SessionKey>
	      <Encrypted urlencode="1">Version%3D4.1%26PayMethod%3DCard%26RsaKeyNum%3D1%26EncryptionAlgorithm%3DSEED-CBC%26SignAlgorithm%3DRSAwithSHA1%26CertVer%3D39%26moid%3D1387249307977%26ver_trace%3Dmain%286076%2C6049%29card%286098%2C6092%29n%286008%29Cs%286021%29Dt%286002%29Pa%286002%29Cf%286024%29Fv%280000%29La%286117%29Re%286071%29Vr%286006%29P%286033%29en%286031%29nP%286004%29%26pg1%3D203.238.37.3%26pg2%3D211.219.96.180%26pg1ip%3D203.238.37.3%26pg2ip%3D211.219.96.180%26agreeflag%3D1111%26Data%3DRiRtnfGZJsIBL4qa2JRcJDkY%2BtBFmz15af%2BdbhWCQX%2B9PGFaz5P37xuOzcitm7gk%0D%0ASI%2FFRFthFK2Pq1PZlgQGgSabKeAutXYpcBYJdtoOpAF3HSR92mTwPfj%2B5ot4JUPP%0D%0AGkSxTLPrNxIyMJghziHZl9Hzqh2agMGtSKlkiYymAAbSttl13HfZfi2g0KRUn1z%2F%0D%0Aq89rG2Rj7SIKxOpqnOsu5naQckVkegfVWj%2FFjonmcyB5xRpMpvhxNxn3bkOFSPpC%0D%0APhAsgwJNeUNWjlgTraOjlwVSYDd4xyidWsNdsr6%2FvtlM9wvx1AfIZZuKQ7VJ%2BAy0%0D%0Aur3PCUX04Ra7mxJ64FYeAND0JR1dt9HFq%2BJXbFoNnIsZtUL9VeDAT%2BMagg0DUy98%0D%0AftltV8ClCpMQFPqL27O0mcjR9G1h2Y%2FRC7zfpOmJ6ygZYuZGWpDtbFNTVz0x6bRE%0D%0AEE%2Bun1Z0RUr3yaT91hZVlZx1mHrmcdnEy0ee%2FzOdN%2FUok8FR7ZNQ%2B9TvtHI%2BfPgO%0D%0A%2B1wJBRPWwCHtxafP9QQGknYUKk3%2FuX7fh2OCUSBCotu%2BugikAxi1nePwAT9aN9In%0D%0Aq8wvDxEQAXQ5S6ulSvZMDicSVwcNaUnaaWrvg%2BIVuIkJdrw6QTj8EautzNpuPNvt%0D%0AWbHHoauqzK%2BgX1pt0lz%2B7KOOQXuMUlPo8gjpsbS%2F5D5ED25OQ42oP94MwlMPYA%3D%3D</Encrypted></Payment></PaymentInfo>
	  <ReservedInfo>
	    <MReserved1/>
	    <MReserved2/>
	    <MReserved3/></ReservedInfo>
	  <ManageInfo>
	    <Language/>
	    <URL urlencode="1">http%3A%2F%2Fwww.loosfly.com</URL>
	    <TXVersion>5031B111123securLinux     PHPchkfake   2.6.18-371.1.2.el5PHP:5.2.17  </TXVersion>
	    <TXUserID/>
	    <TXRegNum/>
	    <Ack>1</Ack>
	    <TXRN>MjAxMzEyMTcxMjAyMDgyNzM1ODMxNg==
</TXRN></ManageInfo></INIpay>ADjFJxsdgpfBDGC0OezqP8HleXUwCv9hHpJdJCDeP645SqOhGY/pL44CZSbiafx9
IQjobkRLJdZj9AWAIjr3i/cCnN8yENvBswbm0RF8yxXxsqtoBrwr77RfUNq78BPg
DwcQvgIoOfF7uSgB9/ZzJ+vJHnpiFgnroZ2iLuDon3yJ
]
INFO	[2013-12-17 12:03:34:474] <25791> DNS LOOKUP OK(203.238.37.3:203.238.37.3:34049) laptime:0
INFO	[2013-12-17 12:03:34:488] <25791> SOCKET CONNECT OK
INFO	[2013-12-17 12:03:34:488] <25791> SEND OK
INFO	[2013-12-17 12:03:35:236] <25791> RECV OK
INFO	[2013-12-17 12:03:35:236] <25791> MSG_FROM_PG:[0300900175D SHA1                   0                  39                  300210GODOloosfl              110600INIphpCARDGODOloosfl20131217120334682772<?xml version="1.0" encoding="UTF-8"?>
<INIpay>
  <GoodsInfo>
    <GoodsCnt>1</GoodsCnt>
    <MOID urlencode="1">1387249307977</MOID>
    <Currency>WON</Currency>
    <Goods no="1">
      <SMID>GODOloosfl</SMID>
      <GoodsName urlencode="1">Strap+Fullness+Pants+%28Dark+Blue%29+%BF%DC1%B0%C7</GoodsName>
      <GoodsCntS>1</GoodsCntS>
      <GoodsPrice>110600</GoodsPrice>
    </Goods>
  </GoodsInfo>
  <PaymentInfo>
    <Payment>
      <SessionKey>APtTfoAgEKpE20afr667//+vN5CLxZN4jQNtdzFAy+Vo2kU/nrp1AC/vEjxd3FgD
ZQFyRik09r//0aoe/YA2oZdkHV9DZ2/3UfjN1TrsDIYjRQ/OHoaEfHUXSL917Y/Y
rxCSaF6AVX9ffIlfz9e6KP2YoL8YVf/zgSfzCVoPW7kl9+WzDuQ42Is=
</SessionKey>
      <Encrypted>vtfVtnbBBUrXKd61r54kGmkf8cfCns0a/KXlrdCfRT+Q9n8l9dfnDq2Csih87SnV
adk9ZFjEgIiGQFtLqjT+x4FxINpDYIpU/0qNFE84UuOWs1fszmUnCTuv4JjDVZ6J
flisIDETZ3fUpeDPzD6I8lXwbkiw1uCCcb5LsbMRSHzQvGQahgr+74qGxZEtZE31
p8UrVTyh5sExbxcxouw3HBipDQNZkx1xQ4dhONVFZUIjApgPVknVVqRsXFLf37RW
6dY2/5QBpwC94R0KX+rh8uLKlY8uOMEZZNUd6YSQB2WQSBGmfc+Jp/sPjb2IW+8P
q96Th7AVQXvZ1HiZLj8MBjn8Utk7I/j81tRvzvNn664w8kccqBh9cv45Lpix6LzD
OX3wcm/hmBi/2wzH4PznDhoAr534H3UYRsryW/9HH5bv9kbXFvjxWjqP+2XWibRi
8BFeDbJ/+gG5k45O6VAsoSgsnMXedJZted2sJd4He30ylkG9UFAOjdcpf2BPYcYa
xUg7RO5F+rcqObh5gE4DPH/X1lv/dMd6Mn3zEE+KQuAQbqTcBnjkh7Ak5sOKfX89
XOZaOVj7ZxUk3Pd2wv82LVOqmqiyVvNZjbPXzYqlKbTQbzE+HNrZ4mWmHnYc+vm4
Kk2yB5NFa994pjU/l5jx7NGT3dU1+bsEzrM3+IQOgJyAWjdUmUM3UWN0lNKcqLiL
oP6MH7QblzumVzSrf/eZFX04ZFuv5jDLcBowaabvODHmYcOl8XcD047imCa5kpwP
LVYZiVDn5/fcZ9EXNv4CZRZ3Sm9GYjgVl5eamVqK9VGlmdcqBIrirpoQj+c9TzoV
VsnDUJVYHJVTqfHriY+EKvq9d2qdhSEnGV+LoSH/0bY+5axZOqxgYDh49Qpw8xJH
SV2hNf3mtsLT+hJh63TRRM/eJwOEcPLzux/lKZUYZ+JvUQ3EsQ7lxXOONijl2vk7
hgjpyTJZmn8h7GqJ2fbnKJa/UdyATePN8dS60zc/GiPN0NAWxEE1JVbyGcUyrwLA
VqWMVNNF5isrd9dk7B9i0wvLDs0La5dR+waI/ieLsfA4oFC7vTKzoWlQEC58FaJm
L2Hhd8glw3Bas7PpKfF7u+Xsr4zQJRUboKLvoF3qvhk41sPu2BeBHVYcwHkbqPT+
fkXzkCORzp9AuLjjDBzxx7pQ5FFInB4YDV3RapXk4iZ9xDYmoSnBiTbI+xtcwYbo
2C+r5zT952bByMjtCg6aEMhM01WrKkolc+T8ZtfdD6b5CFWq6wo60i786x8bkhcy
RvQtI2jXmmtKxi6eDsbOP2TzVRNx8T1wwTLqtLWqaLA+7MFicYR+C8tFoAtm3fxi
gkh+D1K9VRZBzdm+B4n6+hHfQZ/+kRBtnXuB41vxBXsHIENaUdh1Sz+Cgi/CGlGc
GJs25fmswhI1dj8XhW1UAp4gyJ/WyKqZcs52RR2o6qpFwTRaQqJe267kIoYcdS4L
VajjEBaZ3MDnB8ONPM/yWs4OPgNjT0R7ImZYi/vSgKjHSemFaZSH0zMRXdazTb80
dPpOLOxLBtKBg+//QgZ0YYhWGIBRsTTK500McHTNiEY/BhT+k8QAIISif2AvANRN
qpjf/+Pn9j7/c9Lo7zAK+/BlWQW2VOiC
</Encrypted>
      <PayMethod>Card</PayMethod>
      <ResultCode>120000</ResultCode>
      <ResultMsg urlencode="1">%C1%A4%BB%F3%C3%B3%B8%AE%B5%C7%BE%FA%BD%C0%B4%CF%B4%D9.</ResultMsg>
    </Payment>
  </PaymentInfo>
  <ManageInfo>
    <EventCode></EventCode>
    <OrgCurrency></OrgCurrency>
    <ExchangeRate></ExchangeRate>
    <OrgPrice></OrgPrice>
  </ManageInfo>
  <ReservedInfo>
    <MReserved1 urlencode="1"></MReserved1>
    <MReserved2 urlencode="1"></MReserved2>
    <MReserved3 urlencode="1"></MReserved3>
    <PGReserved1 urlencode="1"></PGReserved1>
    <PGReserved2 urlencode="1"></PGReserved2>
    <PGReserved3 urlencode="1"></PGReserved3>
  </ReservedInfo>
</INIpay>
h8NYfK4lioeW6913QWWP+MYOSldzkjQwnFSlkSgg9BB5zBHrnW2cLmPyO1rcL97d
I+YVl/mNuBygd71S3h52rq7yCEu5dNmrgms116sazUDrd7DwM+YbWTLbYeF1l63L
wBHV6YAdSK+xJePGHeEi/GsB0IVQ7x4hklJXRcjDWuI=
]
INFO	[2013-12-17 12:03:35:236] <25791> VERIFY OK
INFO	[2013-12-17 12:03:35:236] <25791> PARSE HEAD OK
INFO	[2013-12-17 12:03:35:239] <25791> PARSE BODY OK
INFO	[2013-12-17 12:03:35:243] <25791> DECRYPT OK
DEBUG	[2013-12-17 12:03:35:243] <25791> DECRYPT MSG:[<?xml version="1.0" encoding="UTF-8"?>
<PaymentInfo>
  <Payment>
    <EASYPAY/>
    <Card>
      <CARD_ApplPrice>110600</CARD_ApplPrice>
      <CARD_Num>400913112812</CARD_Num>
      <CARD_Expire></CARD_Expire>
      <CARD_Code>12</CARD_Code>
      <CARD_BankCode>00</CARD_BankCode>
      <CARD_Quota>00</CARD_Quota>
      <CARD_Interest>0</CARD_Interest>
      <CARD_Point></CARD_Point>
      <CARD_AuthType>99</CARD_AuthType>
      <CARD_RegNum></CARD_RegNum>
      <CARD_ApplDate>20131217</CARD_ApplDate>
      <CARD_ApplTime>120335</CARD_ApplTime>
      <CARD_ApplNum>57768409</CARD_ApplNum>
      <CARD_TerminalNum>019048y000</CARD_TerminalNum>
      <CARD_MemberNum></CARD_MemberNum>
      <CARD_PurchaseCode></CARD_PurchaseCode>
      <CARD_ResultCode>120000</CARD_ResultCode>
      <CARD_ResultMsg urlencode="1">%C1%A4%BB%F3%C3%B3%B8%AE%B5%C7%BE%FA%BD%C0%B4%CF%B4%D9.</CARD_ResultMsg>
      <CARD_PrtcCode>1</CARD_PrtcCode>
      <CARD_Quota_Point>00</CARD_Quota_Point>
      <CARD_CheckFlag>0</CARD_CheckFlag>
      <CARD_PurchaseName urlencode="1"></CARD_PurchaseName>
      <CARD_IssuerName urlencode="1"></CARD_IssuerName>
      <CARD_JoinUsePoint></CARD_JoinUsePoint>
    </Card>
  </Payment>
</PaymentInfo>]
INFO	[2013-12-17 12:03:35:245] <25791> DECRYPT PARSE OK
INFO	[2013-12-17 12:03:35:246] <25791> WAIT ACK INVOKING
DEBUG	[2013-12-17 12:03:35:246] <25791> MAKE HEAD OK
INFO	[2013-12-17 12:03:35:249] <25791> SUCCESS ACK INVOKING
INFO	[2013-12-17 12:03:35:249] <25791> END securepay 정상처리되었습니다. Laptime:[0.78sec]
INFO	[2013-12-17 12:03:35:249] <25791> ===============================================================
INFO	[2013-12-17 14:20:20:699] <4230> START INIPHP chkfake (V5031-111123)(OS:Linux2.6.18-371.1.2.el5,PHP:5.2.17)
DEBUG	[2013-12-17 14:20:20:701] <4230> inipayhome:/www/loosfly_godo_co_kr/shop/order/card/inipay
DEBUG	[2013-12-17 14:20:20:701] <4230> type:chkfake
DEBUG	[2013-12-17 14:20:20:701] <4230> debug:true
DEBUG	[2013-12-17 14:20:20:701] <4230> enctype:asym
DEBUG	[2013-12-17 14:20:20:701] <4230> admin:1111
DEBUG	[2013-12-17 14:20:20:701] <4230> checkopt:false
DEBUG	[2013-12-17 14:20:20:701] <4230> mid:GODOloosfl
DEBUG	[2013-12-17 14:20:20:701] <4230> price:110500
DEBUG	[2013-12-17 14:20:20:701] <4230> nointerest:no
DEBUG	[2013-12-17 14:20:20:701] <4230> quotabase:선택:일시불:2개월:3개월:4개월:5개월:6개월:7개월:8개월:9개월:10개월:11개월:12개월
INFO	[2013-12-17 14:20:20:701] <4230> Check Field OK
INFO	[2013-12-17 14:20:20:705] <4230> MERCHANT PRIV KEY LOAD OK
INFO	[2013-12-17 14:20:20:709] <4230> MERCHANT PUB KEY LOAD OK []
INFO	[2013-12-17 14:20:20:711] <4230> CHKFAKE KEY MAKE OK:MjAxMzEyMTcxNDIwMjA3MDk4Mjc1OQ==

INFO	[2013-12-17 14:20:20:711] <4230> END chkfake  Laptime:[0.02sec]
INFO	[2013-12-17 14:20:20:712] <4230> ===============================================================
INFO	[2013-12-17 14:20:38:293] <3572> START INIPHP chkfake (V5031-111123)(OS:Linux2.6.18-371.1.2.el5,PHP:5.2.17)
DEBUG	[2013-12-17 14:20:38:293] <3572> inipayhome:/www/loosfly_godo_co_kr/shop/order/card/inipay
DEBUG	[2013-12-17 14:20:38:293] <3572> type:chkfake
DEBUG	[2013-12-17 14:20:38:293] <3572> debug:true
DEBUG	[2013-12-17 14:20:38:293] <3572> enctype:asym
DEBUG	[2013-12-17 14:20:38:293] <3572> admin:1111
DEBUG	[2013-12-17 14:20:38:293] <3572> checkopt:false
DEBUG	[2013-12-17 14:20:38:293] <3572> mid:GODOloosfl
DEBUG	[2013-12-17 14:20:38:293] <3572> price:110500
DEBUG	[2013-12-17 14:20:38:293] <3572> nointerest:no
DEBUG	[2013-12-17 14:20:38:293] <3572> quotabase:선택:일시불:2개월:3개월:4개월:5개월:6개월:7개월:8개월:9개월:10개월:11개월:12개월
INFO	[2013-12-17 14:20:38:293] <3572> Check Field OK
INFO	[2013-12-17 14:20:38:293] <3572> MERCHANT PRIV KEY LOAD OK
INFO	[2013-12-17 14:20:38:293] <3572> MERCHANT PUB KEY LOAD OK []
INFO	[2013-12-17 14:20:38:295] <3572> CHKFAKE KEY MAKE OK:MjAxMzEyMTcxNDIwMzgyOTQxMTY3Mw==

INFO	[2013-12-17 14:20:38:295] <3572> END chkfake  Laptime:[0.01sec]
INFO	[2013-12-17 14:20:38:295] <3572> ===============================================================
INFO	[2013-12-17 14:20:53:896] <26642> START INIPHP chkfake (V5031-111123)(OS:Linux2.6.18-371.1.2.el5,PHP:5.2.17)
DEBUG	[2013-12-17 14:20:53:896] <26642> inipayhome:/www/loosfly_godo_co_kr/shop/order/card/inipay
DEBUG	[2013-12-17 14:20:53:896] <26642> type:chkfake
DEBUG	[2013-12-17 14:20:53:896] <26642> debug:true
DEBUG	[2013-12-17 14:20:53:896] <26642> enctype:asym
DEBUG	[2013-12-17 14:20:53:896] <26642> admin:1111
DEBUG	[2013-12-17 14:20:53:896] <26642> checkopt:false
DEBUG	[2013-12-17 14:20:53:896] <26642> mid:GODOloosfl
DEBUG	[2013-12-17 14:20:53:896] <26642> price:110500
DEBUG	[2013-12-17 14:20:53:896] <26642> nointerest:no
DEBUG	[2013-12-17 14:20:53:896] <26642> quotabase:선택:일시불:2개월:3개월:4개월:5개월:6개월:7개월:8개월:9개월:10개월:11개월:12개월
INFO	[2013-12-17 14:20:53:896] <26642> Check Field OK
INFO	[2013-12-17 14:20:53:897] <26642> MERCHANT PRIV KEY LOAD OK
INFO	[2013-12-17 14:20:53:897] <26642> MERCHANT PUB KEY LOAD OK []
INFO	[2013-12-17 14:20:53:898] <26642> CHKFAKE KEY MAKE OK:MjAxMzEyMTcxNDIwNTM4OTczOTA4MA==

INFO	[2013-12-17 14:20:53:898] <26642> END chkfake  Laptime:[0sec]
INFO	[2013-12-17 14:20:53:898] <26642> ===============================================================
INFO	[2013-12-17 14:51:56:882] <3572> START INIPHP chkfake (V5031-111123)(OS:Linux2.6.18-371.1.2.el5,PHP:5.2.17)
DEBUG	[2013-12-17 14:51:56:882] <3572> inipayhome:/www/loosfly_godo_co_kr/shop/order/card/inipay
DEBUG	[2013-12-17 14:51:56:882] <3572> type:chkfake
DEBUG	[2013-12-17 14:51:56:882] <3572> debug:true
DEBUG	[2013-12-17 14:51:56:882] <3572> enctype:asym
DEBUG	[2013-12-17 14:51:56:882] <3572> admin:1111
DEBUG	[2013-12-17 14:51:56:882] <3572> checkopt:false
DEBUG	[2013-12-17 14:51:56:882] <3572> mid:GODOloosfl
DEBUG	[2013-12-17 14:51:56:882] <3572> price:110500
DEBUG	[2013-12-17 14:51:56:882] <3572> nointerest:no
DEBUG	[2013-12-17 14:51:56:882] <3572> quotabase:선택:일시불:2개월:3개월:4개월:5개월:6개월:7개월:8개월:9개월:10개월:11개월:12개월
INFO	[2013-12-17 14:51:56:882] <3572> Check Field OK
INFO	[2013-12-17 14:51:56:883] <3572> MERCHANT PRIV KEY LOAD OK
INFO	[2013-12-17 14:51:56:883] <3572> MERCHANT PUB KEY LOAD OK []
INFO	[2013-12-17 14:51:56:884] <3572> CHKFAKE KEY MAKE OK:MjAxMzEyMTcxNDUxNTY4ODM2Nzg1Mg==

INFO	[2013-12-17 14:51:56:884] <3572> END chkfake  Laptime:[0sec]
INFO	[2013-12-17 14:51:56:885] <3572> ===============================================================
INFO	[2013-12-17 14:52:30:73] <4240> START INIPHP chkfake (V5031-111123)(OS:Linux2.6.18-371.1.2.el5,PHP:5.2.17)
DEBUG	[2013-12-17 14:52:30:73] <4240> inipayhome:/www/loosfly_godo_co_kr/shop/order/card/inipay
DEBUG	[2013-12-17 14:52:30:73] <4240> type:chkfake
DEBUG	[2013-12-17 14:52:30:73] <4240> debug:true
DEBUG	[2013-12-17 14:52:30:73] <4240> enctype:asym
DEBUG	[2013-12-17 14:52:30:73] <4240> admin:1111
DEBUG	[2013-12-17 14:52:30:73] <4240> checkopt:false
DEBUG	[2013-12-17 14:52:30:73] <4240> mid:GODOloosfl
DEBUG	[2013-12-17 14:52:30:73] <4240> price:110500
DEBUG	[2013-12-17 14:52:30:73] <4240> nointerest:no
DEBUG	[2013-12-17 14:52:30:73] <4240> quotabase:선택:일시불:2개월:3개월:4개월:5개월:6개월:7개월:8개월:9개월:10개월:11개월:12개월
INFO	[2013-12-17 14:52:30:73] <4240> Check Field OK
INFO	[2013-12-17 14:52:30:73] <4240> MERCHANT PRIV KEY LOAD OK
INFO	[2013-12-17 14:52:30:73] <4240> MERCHANT PUB KEY LOAD OK []
INFO	[2013-12-17 14:52:30:75] <4240> CHKFAKE KEY MAKE OK:MjAxMzEyMTcxNDUyMzAwNzMyNTA1OQ==

INFO	[2013-12-17 14:52:30:75] <4240> END chkfake  Laptime:[0.01sec]
INFO	[2013-12-17 14:52:30:75] <4240> ===============================================================
INFO	[2013-12-17 18:25:01:658] <11269> START INIPHP chkfake (V5031-111123)(OS:Linux2.6.18-371.1.2.el5,PHP:5.2.17)
DEBUG	[2013-12-17 18:25:01:661] <11269> inipayhome:/www/loosfly_godo_co_kr/shop/order/card/inipay
DEBUG	[2013-12-17 18:25:01:661] <11269> type:chkfake
DEBUG	[2013-12-17 18:25:01:661] <11269> debug:true
DEBUG	[2013-12-17 18:25:01:661] <11269> enctype:asym
DEBUG	[2013-12-17 18:25:01:661] <11269> admin:1111
DEBUG	[2013-12-17 18:25:01:661] <11269> checkopt:false
DEBUG	[2013-12-17 18:25:01:661] <11269> mid:GODOloosfl
DEBUG	[2013-12-17 18:25:01:661] <11269> price:347100
DEBUG	[2013-12-17 18:25:01:661] <11269> nointerest:no
DEBUG	[2013-12-17 18:25:01:661] <11269> quotabase:선택:일시불:2개월:3개월:4개월:5개월:6개월:7개월:8개월:9개월:10개월:11개월:12개월
INFO	[2013-12-17 18:25:01:662] <11269> Check Field OK
INFO	[2013-12-17 18:25:01:671] <11269> MERCHANT PRIV KEY LOAD OK
INFO	[2013-12-17 18:25:01:675] <11269> MERCHANT PUB KEY LOAD OK []
INFO	[2013-12-17 18:25:01:677] <11269> CHKFAKE KEY MAKE OK:MjAxMzEyMTcxODI1MDE2NzU1MjIwMA==

INFO	[2013-12-17 18:25:01:677] <11269> END chkfake  Laptime:[0.02sec]
INFO	[2013-12-17 18:25:01:677] <11269> ===============================================================
INFO	[2013-12-17 18:28:22:488] <25280> START INIPHP securepay (V5031-111123)(OS:Linux2.6.18-371.1.2.el5,PHP:5.2.17)
DEBUG	[2013-12-17 18:28:22:488] <25280> inipayhome:/www/loosfly_godo_co_kr/shop/order/card/inipay
DEBUG	[2013-12-17 18:28:22:488] <25280> type:securepay
DEBUG	[2013-12-17 18:28:22:488] <25280> pgid:INIphpCARD
DEBUG	[2013-12-17 18:28:22:488] <25280> subpgip:203.238.3.10
DEBUG	[2013-12-17 18:28:22:488] <25280> admin:1111
DEBUG	[2013-12-17 18:28:22:488] <25280> debug:true
DEBUG	[2013-12-17 18:28:22:488] <25280> uid:
DEBUG	[2013-12-17 18:28:22:488] <25280> goodname:Contrast Band Tights (Navy/Light Gray) 외5건
DEBUG	[2013-12-17 18:28:22:488] <25280> currency:WON
DEBUG	[2013-12-17 18:28:22:488] <25280> mid:GODOloosfl
DEBUG	[2013-12-17 18:28:22:488] <25280> rn:MjAxMzEyMTcxODI1MDE2NzU1MjIwMA==

DEBUG	[2013-12-17 18:28:22:488] <25280> price:347100
DEBUG	[2013-12-17 18:28:22:488] <25280> enctype:
DEBUG	[2013-12-17 18:28:22:488] <25280> buyername:박정은
DEBUG	[2013-12-17 18:28:22:488] <25280> buyertel:010-8565-1525
DEBUG	[2013-12-17 18:28:22:488] <25280> buyeremail:je1525@nate.com
DEBUG	[2013-12-17 18:28:22:488] <25280> paymethod:Card
DEBUG	[2013-12-17 18:28:22:488] <25280> encrypted:Version=4.1&PayMethod=Card&RsaKeyNum=1&EncryptionAlgorithm=SEED-CBC&SignAlgorithm=RSAwithSHA1&CertVer=39&moid=1387272270234&ver_trace=main(6076,6049)card(6098,6092)n(6008)Cs(6021)Dt(6002)Pa(6002)Cf(6024)Fv(0000)La(6117)Re(6071)Vr(6006)P(6033)en(6031)nP(6004)&pg1=203.238.37.3&pg2=211.219.96.180&pg1ip=203.238.37.3&pg2ip=211.219.96.180&agreeflag=1111&Data=ZysrmhgzGkeBNYWKZeFZQ9l7J6QS/jLtDn05awqcYRBWm8GAr7Cq0wtncBKt93vk
NdqurPqrYdZXxa/RFuB+w+QqmieSQJjx9laUNUJpV6yC5lQdCnAyJuyJY5CVmHvc
Ph7YIy8DHvPjwWOMFAPjNO+TZ3w0NLaZH5ThLdhuQCWSoi1CiEPUjzsAvX5pzx+f
A08tENB8G3eAxak9qiB5PuRuxl+MwbxqhEfMsoN7RmVfB5vUrBAhwwp2UReyy3j4
6UKJlfGQHy7xyINj+egsEKBjUZosDs1Md080riH9TZlEwqS4F3CPVwIAPFXDpLqZ
HOcfzk5BIElizmnLxsFUM/2IVdCIw4dFaEUrRv9cKVjJ+Qifb5YMGVNAL6BgZMjm
sap9Hd8sOxX76aSbcDV0vUq07f9G12kbWPLZuCt1r3ttnUboiEQ1muXXqvHR3QGk
h/e8/2eool09UFY9h2ucocJj1DiXUgsRALWjYn/YHViZBX+9yS+LNOU5M9AX0dpR
Dnl3CBI8uG73r2BmQ6xfS6jIMZJSlOK8RU84SHZLHfjx6YYwklwOamS8uQYqoZ4S
t3aCLDbUyyDKZZBqI5Iq9Yhy11idBh/p8LLnEp1f40lH8kz0XuOPkb5pUnHPl0Du
GWwCIZppQkNElS+NWDe5bVUG9uNBdHDt51jQetNVjgNRpt+gPtdWeu7C
DEBUG	[2013-12-17 18:28:22:488] <25280> sessionkey:bUaYdVityAb/zA+L35mc+Pi7Vr8oCivcV1COUaP75nOzmlvbsbO9sqXn6rmW71kM
ULdQE53fIErkVQGHaIU3CoMGV4JaMAsqKdiVhw6q8kZ3lTDHrj93TY8hpc+AAxX9
pwajNfFY7qc/4WhAFVmhabCV8IKkXbJnLCNPvBVVpQ==
DEBUG	[2013-12-17 18:28:22:488] <25280> url:http://www.loosfly.com
DEBUG	[2013-12-17 18:28:22:488] <25280> cardcode:14
DEBUG	[2013-12-17 18:28:22:488] <25280> parentemail:je1525@nate.com
DEBUG	[2013-12-17 18:28:22:488] <25280> recvname:박정은
DEBUG	[2013-12-17 18:28:22:488] <25280> recvtel:010-8565-1525
DEBUG	[2013-12-17 18:28:22:488] <25280> recvaddr:경북 구미시 고아읍 원호리 원호대우아파트 105동 503호
DEBUG	[2013-12-17 18:28:22:488] <25280> recvpostnum:730-741
DEBUG	[2013-12-17 18:28:22:488] <25280> recvmsg:부재시 경비실에 맡겨주세요
DEBUG	[2013-12-17 18:28:22:488] <25280> joincard:
DEBUG	[2013-12-17 18:28:22:488] <25280> joinexpire:
DEBUG	[2013-12-17 18:28:22:488] <25280> id_customer:
INFO	[2013-12-17 18:28:22:488] <25280> Check Field OK
INFO	[2013-12-17 18:28:22:488] <25280> Make TID OK INIphpCARDGODOloosfl20131217182822887695
INFO	[2013-12-17 18:28:22:488] <25280> PI PUB KEY LOAD OK [39]
INFO	[2013-12-17 18:28:22:491] <25280> PG PUB KEY LOAD OK [30]
INFO	[2013-12-17 18:28:22:491] <25280> MERCHANT PRIV KEY LOAD OK
INFO	[2013-12-17 18:28:22:492] <25280> MERCHANT PUB KEY LOAD OK [0]
INFO	[2013-12-17 18:28:22:493] <25280> MAKE BODY OK
INFO	[2013-12-17 18:28:22:494] <25280> SIGN OK
INFO	[2013-12-17 18:28:22:494] <25280> MAKE HEAD OK
INFO	[2013-12-17 18:28:22:494] <25280> MSG_TO_PG:[0314400175R SHA1                   0                  39                  300200GODOloosfl              347100INIphpCARDGODOloosfl20131217182822887695<?xml version="1.0" encoding="UTF-8"?>
<INIpay>
	  <GoodsInfo>
	    <GoodsCnt>1</GoodsCnt>
	    <MOID/>
	    <Currency>WON</Currency>
	    <Tax/>
	    <TaxFree/>
	    <Goods>
	      <SMID>GODOloosfl</SMID>
	      <GoodsName urlencode="1">Contrast+Band+Tights+%28Navy%2FLight+Gray%29+%BF%DC5%B0%C7</GoodsName>
	      <GoodsPrice>347100</GoodsPrice></Goods></GoodsInfo>
	  <BuyerInfo>
	    <BuyerName urlencode="1">%B9%DA%C1%A4%C0%BA</BuyerName>
	    <BuyerTel>010-8565-1525</BuyerTel>
	    <BuyerEmail urlencode="1">je1525%40nate.com</BuyerEmail>
	    <ParentEmail urlencode="1">je1525%40nate.com</ParentEmail>
	    <RecvName urlencode="1">%B9%DA%C1%A4%C0%BA</RecvName>
	    <RecvTel urlencode="1">010-8565-1525</RecvTel>
	    <RecvMsg urlencode="1">%BA%CE%C0%E7%BD%C3+%B0%E6%BA%F1%BD%C7%BF%A1+%B8%C3%B0%DC%C1%D6%BC%BC%BF%E4</RecvMsg>
	    <RecvAddr urlencode="1">%B0%E6%BA%CF+%B1%B8%B9%CC%BD%C3+%B0%ED%BE%C6%C0%BE+%BF%F8%C8%A3%B8%AE+%BF%F8%C8%A3%B4%EB%BF%EC%BE%C6%C6%C4%C6%AE+105%B5%BF+503%C8%A3</RecvAddr>
	    <RecvPostNum urlencode="1">730-741</RecvPostNum></BuyerInfo>
	  <PaymentInfo>
	    <Payment>
	      <PayMethod>Card</PayMethod>
	      <JoinCard/>
	      <JoinExpire/>
	      <MailOrder/>
	      <SessionKey>bUaYdVityAb/zA+L35mc+Pi7Vr8oCivcV1COUaP75nOzmlvbsbO9sqXn6rmW71kM
ULdQE53fIErkVQGHaIU3CoMGV4JaMAsqKdiVhw6q8kZ3lTDHrj93TY8hpc+AAxX9
pwajNfFY7qc/4WhAFVmhabCV8IKkXbJnLCNPvBVVpQ==</SessionKey>
	      <Encrypted urlencode="1">Version%3D4.1%26PayMethod%3DCard%26RsaKeyNum%3D1%26EncryptionAlgorithm%3DSEED-CBC%26SignAlgorithm%3DRSAwithSHA1%26CertVer%3D39%26moid%3D1387272270234%26ver_trace%3Dmain%286076%2C6049%29card%286098%2C6092%29n%286008%29Cs%286021%29Dt%286002%29Pa%286002%29Cf%286024%29Fv%280000%29La%286117%29Re%286071%29Vr%286006%29P%286033%29en%286031%29nP%286004%29%26pg1%3D203.238.37.3%26pg2%3D211.219.96.180%26pg1ip%3D203.238.37.3%26pg2ip%3D211.219.96.180%26agreeflag%3D1111%26Data%3DZysrmhgzGkeBNYWKZeFZQ9l7J6QS%2FjLtDn05awqcYRBWm8GAr7Cq0wtncBKt93vk%0D%0ANdqurPqrYdZXxa%2FRFuB%2Bw%2BQqmieSQJjx9laUNUJpV6yC5lQdCnAyJuyJY5CVmHvc%0D%0APh7YIy8DHvPjwWOMFAPjNO%2BTZ3w0NLaZH5ThLdhuQCWSoi1CiEPUjzsAvX5pzx%2Bf%0D%0AA08tENB8G3eAxak9qiB5PuRuxl%2BMwbxqhEfMsoN7RmVfB5vUrBAhwwp2UReyy3j4%0D%0A6UKJlfGQHy7xyINj%2BegsEKBjUZosDs1Md080riH9TZlEwqS4F3CPVwIAPFXDpLqZ%0D%0AHOcfzk5BIElizmnLxsFUM%2F2IVdCIw4dFaEUrRv9cKVjJ%2BQifb5YMGVNAL6BgZMjm%0D%0Asap9Hd8sOxX76aSbcDV0vUq07f9G12kbWPLZuCt1r3ttnUboiEQ1muXXqvHR3QGk%0D%0Ah%2Fe8%2F2eool09UFY9h2ucocJj1DiXUgsRALWjYn%2FYHViZBX%2B9yS%2BLNOU5M9AX0dpR%0D%0ADnl3CBI8uG73r2BmQ6xfS6jIMZJSlOK8RU84SHZLHfjx6YYwklwOamS8uQYqoZ4S%0D%0At3aCLDbUyyDKZZBqI5Iq9Yhy11idBh%2Fp8LLnEp1f40lH8kz0XuOPkb5pUnHPl0Du%0D%0AGWwCIZppQkNElS%2BNWDe5bVUG9uNBdHDt51jQetNVjgNRpt%2BgPtdWeu7C</Encrypted></Payment></PaymentInfo>
	  <ReservedInfo>
	    <MReserved1/>
	    <MReserved2/>
	    <MReserved3/></ReservedInfo>
	  <ManageInfo>
	    <Language/>
	    <URL urlencode="1">http%3A%2F%2Fwww.loosfly.com</URL>
	    <TXVersion>5031B111123securLinux     PHPchkfake   2.6.18-371.1.2.el5PHP:5.2.17  </TXVersion>
	    <TXUserID/>
	    <TXRegNum/>
	    <Ack>1</Ack>
	    <TXRN>MjAxMzEyMTcxODI1MDE2NzU1MjIwMA==
</TXRN></ManageInfo></INIpay>AKMm5aRHgy8bLY28t+omOAu5068TJB61MWozBC53yQTjg23nuZNBLpOv7XQxHdef
EkCrAAncOeVfADuMa6J8hEJQw8QF3JVjdrkjKedn7/edP6KoNqaKovDw5juRKGnp
wNZsxifxHvADNGgBUp5lJ0f+HSHmZB8aWzz8Chk84OYP
]
INFO	[2013-12-17 18:28:22:495] <25280> DNS LOOKUP OK(203.238.37.3:203.238.37.3:34049) laptime:0
INFO	[2013-12-17 18:28:22:497] <25280> SOCKET CONNECT OK
INFO	[2013-12-17 18:28:22:497] <25280> SEND OK
INFO	[2013-12-17 18:28:23:577] <25280> RECV OK
INFO	[2013-12-17 18:28:23:577] <25280> MSG_FROM_PG:[0301700175D SHA1                   0                  39                  300210GODOloosfl              347100INIphpCARDGODOloosfl20131217182822887695<?xml version="1.0" encoding="UTF-8"?>
<INIpay>
  <GoodsInfo>
    <GoodsCnt>1</GoodsCnt>
    <MOID urlencode="1">1387272270234</MOID>
    <Currency>WON</Currency>
    <Goods no="1">
      <SMID>GODOloosfl</SMID>
      <GoodsName urlencode="1">Contrast+Band+Tights+%28Navy%2FLight+Gray%29+%BF%DC5%B0%C7</GoodsName>
      <GoodsCntS>1</GoodsCntS>
      <GoodsPrice>347100</GoodsPrice>
    </Goods>
  </GoodsInfo>
  <PaymentInfo>
    <Payment>
      <SessionKey>AdzOH6zenWJMzfK8Te5gWRZKWvqXdak5k9tYHrxVb0Z6wT0bz67SlErsiiYBwe+Y
reAHZ816y9qXyN1AF1ZL6xdpA9/vkYyn0meikieo9hQGOaXGabjcb38zAMytW/3+
qbEAzleilB8ectLSe0FCNWoSfwOg/rZ/TwhOUIGu03Il2y2kX358gIE=
</SessionKey>
      <Encrypted>+1lPKrgsYmbXtpuLWWsH9EZU4thYMFpVAHI0Wyf+ZMNwyYXVV5P3pZ3LAHEf5Qtx
K1FbnXlKItUeB3uyOpkU22F0Mzs+VkjBvyIAJxKX3iSZRW9oxs3b4+nDLenawg5T
uI/VwdBUu99WjQcPPkjcZ7ytNwdYleurpQG6ssulBMnz44a3jjpQ2SmMAyyi/lPM
HgIVFAENVTJdaf2N77sZq5DnSmTiSAsomkjLdwH/a56DYZmWDM+vHI2odNClxX05
hAXOMoNpJgm2eeBLj+r8OLvt8XRA+zOlzVN3lFppK1kul2B1kVQPlpu7SfDgC6AD
uh2NIMs7IRsaLQZMbpjctYAMOy7LGssoJ7N/7VUH/trKM7fwiI23i1zVqHCa3naU
5VlrABChZMbkQPY18WCDS7z+5z6nhJmJj7aHwsJtY5aaUaB669QuFVs9ZiRmjVgg
lmuD/hc7cRNVGC3N1kGGuB9cWAjDYB2Nwi9rN+UVXMSE6nKapM24CaQqUSOAxdoV
YlYk4VphP0EZq23NaU+M4UGXAEC3Nr/R7KAtD54xSbjHed6RCKHnmiVvOUfWM97I
POjkBZsKn1o0WVTm+/PJsU93yrY22QIuARjsbfLvi+DrkUbVGlXKBh75f48xfioY
Xp00B139f/zjGH/NIbSMY9KhwIQ2lQzW/1cH4lRSFxfbzHZaYrYvW4MkuznSrz/F
9TO5J/YmhTdxjN2rFt6hyKOhHLekB2P0oSH+KpHeN0cP65+gHbVo+gPGUBUkyeth
CmszGmvVi92NeEFWLU+YlreRw4IRl4jb0DvWU/dbpqP2m+1RZpKCJR/COpcEJUYY
vebtiz6RuXwX7MTY3gXcFq5jI+2f/6s5FvmfCZD5lXJDgyRR3+l11SpxcFXmB14k
Y60rl3WIJcozlgiNtu3/+bXWnnchyhl/VzeJQKhKjSXJ6TraJ9Wjqssku276tSzR
hi9rjeBSmU1mGH3MOOcsY5SAqdIZ1Wm4n8aahZ68YChhzgQnvKzFxosBYj+fOSqb
Z7M9za3n4crk9gWetVcbpSO+T6nHi8P3CTSXjP31N93GQqDxsXH2z9amv9s/FGce
+FtPdAr+ygz3MJTEefU4IfpkAVpovYIIyd/fSYjGPqCRl4v49w3woG+n4CkB86EZ
XcZ+z5MW+ywupkqKEAb6L+JlCG697z31mLnwXzfaEaOMF2pczSr2wDdgsKIr73xs
xJwlDIySwToV/Ukql1cjWBj1/V39GgEIk/rvPSouanKfFQNDizmpOsNJmf+142Ga
sdUfNxCWxXwz27xZyEd9fRgvAsGWeTyBDRSAA6mefFi4jocc5Ro3BOtkDtJTiHLp
PJaYhVgffQAq7hgb140saTkfpnt7tpzE1aBGon+Ev2mERG0gVTDfzJGI+shKqzPl
+LhftseJyt4wcP+kBOotsz0Qt5Enq5j9jus1lUARDC9971xEsXaVFpPXazELIw1z
y5XjZ/3X240WnJ2iNnpw1DRWFIO62QzXsQbL18uigmYxGeMhl5FmnTsT0hKftfum
Ar9gboSpQgF1EW0NcqhebLjLMt+q6hQqCy2PhhYnpnlmEyFr0ACpERD0hoNNe+YN
assdg2ZTPSLtB7ruJBQj/xf8AQWVHRaa
</Encrypted>
      <PayMethod>Card</PayMethod>
      <ResultCode>120000</ResultCode>
      <ResultMsg urlencode="1">%C1%A4%BB%F3%C3%B3%B8%AE%B5%C7%BE%FA%BD%C0%B4%CF%B4%D9.</ResultMsg>
    </Payment>
  </PaymentInfo>
  <ManageInfo>
    <EventCode></EventCode>
    <OrgCurrency></OrgCurrency>
    <ExchangeRate></ExchangeRate>
    <OrgPrice></OrgPrice>
  </ManageInfo>
  <ReservedInfo>
    <MReserved1 urlencode="1"></MReserved1>
    <MReserved2 urlencode="1"></MReserved2>
    <MReserved3 urlencode="1"></MReserved3>
    <PGReserved1 urlencode="1"></PGReserved1>
    <PGReserved2 urlencode="1"></PGReserved2>
    <PGReserved3 urlencode="1"></PGReserved3>
  </ReservedInfo>
</INIpay>
zm1Ztu5L7M1r+Ah5VLUxuJDAY6yk7/bybnCZ5237Dk+fiuhQzWlgz1Tma4QrdsVt
Kr6VaH6ccOiA105Rcg5rXewnVC2hn+3wXHjijNkr/oRUZZROum80WPjmVk3rdQ8f
rpre0qoUcWqhKp39vP7WAH1e7lMtVsVs4TWyylwdHeM=
]
INFO	[2013-12-17 18:28:23:577] <25280> VERIFY OK
INFO	[2013-12-17 18:28:23:577] <25280> PARSE HEAD OK
INFO	[2013-12-17 18:28:23:580] <25280> PARSE BODY OK
INFO	[2013-12-17 18:28:23:583] <25280> DECRYPT OK
DEBUG	[2013-12-17 18:28:23:583] <25280> DECRYPT MSG:[<?xml version="1.0" encoding="UTF-8"?>
<PaymentInfo>
  <Payment>
    <EASYPAY/>
    <Card>
      <CARD_ApplPrice>347100</CARD_ApplPrice>
      <CARD_Num>451842892656</CARD_Num>
      <CARD_Expire></CARD_Expire>
      <CARD_Code>14</CARD_Code>
      <CARD_BankCode>26</CARD_BankCode>
      <CARD_Quota>03</CARD_Quota>
      <CARD_Interest>0</CARD_Interest>
      <CARD_Point></CARD_Point>
      <CARD_AuthType>99</CARD_AuthType>
      <CARD_RegNum></CARD_RegNum>
      <CARD_ApplDate>20131217</CARD_ApplDate>
      <CARD_ApplTime>182824</CARD_ApplTime>
      <CARD_ApplNum>42248633</CARD_ApplNum>
      <CARD_TerminalNum>019048y000</CARD_TerminalNum>
      <CARD_MemberNum></CARD_MemberNum>
      <CARD_PurchaseCode></CARD_PurchaseCode>
      <CARD_ResultCode>120000</CARD_ResultCode>
      <CARD_ResultMsg urlencode="1">%C1%A4%BB%F3%C3%B3%B8%AE%B5%C7%BE%FA%BD%C0%B4%CF%B4%D9.</CARD_ResultMsg>
      <CARD_PrtcCode>1</CARD_PrtcCode>
      <CARD_Quota_Point>03</CARD_Quota_Point>
      <CARD_CheckFlag>0</CARD_CheckFlag>
      <CARD_PurchaseName urlencode="1"></CARD_PurchaseName>
      <CARD_IssuerName urlencode="1"></CARD_IssuerName>
      <CARD_JoinUsePoint></CARD_JoinUsePoint>
    </Card>
  </Payment>
</PaymentInfo>]
INFO	[2013-12-17 18:28:23:585] <25280> DECRYPT PARSE OK
INFO	[2013-12-17 18:28:23:585] <25280> WAIT ACK INVOKING
DEBUG	[2013-12-17 18:28:23:585] <25280> MAKE HEAD OK
INFO	[2013-12-17 18:28:23:588] <25280> SUCCESS ACK INVOKING
INFO	[2013-12-17 18:28:23:588] <25280> END securepay 정상처리되었습니다. Laptime:[1.1sec]
INFO	[2013-12-17 18:28:23:588] <25280> ===============================================================
