INFO	[2014-06-15 20:31:36:518] <26398> START INIPHP chkfake (V5031-111123)(OS:Linux2.6.18-371.9.1.el5,PHP:5.2.17)
DEBUG	[2014-06-15 20:31:36:518] <26398> inipayhome:/www/loosfly_godo_co_kr/shop/order/card/inipay
DEBUG	[2014-06-15 20:31:36:518] <26398> type:chkfake
DEBUG	[2014-06-15 20:31:36:518] <26398> debug:true
DEBUG	[2014-06-15 20:31:36:518] <26398> enctype:asym
DEBUG	[2014-06-15 20:31:36:518] <26398> admin:1111
DEBUG	[2014-06-15 20:31:36:518] <26398> checkopt:false
DEBUG	[2014-06-15 20:31:36:518] <26398> mid:GODOloosfl
DEBUG	[2014-06-15 20:31:36:518] <26398> price:158000
DEBUG	[2014-06-15 20:31:36:518] <26398> nointerest:no
DEBUG	[2014-06-15 20:31:36:518] <26398> quotabase:선택:일시불:2개월:3개월:4개월:5개월:6개월:7개월:8개월:9개월:10개월:11개월:12개월
INFO	[2014-06-15 20:31:36:518] <26398> Check Field OK
INFO	[2014-06-15 20:31:36:531] <26398> MERCHANT PRIV KEY LOAD OK
INFO	[2014-06-15 20:31:36:536] <26398> MERCHANT PUB KEY LOAD OK []
INFO	[2014-06-15 20:31:36:537] <26398> CHKFAKE KEY MAKE OK:MjAxNDA2MTUyMDMxMzY1MzY2ODAwMw==

INFO	[2014-06-15 20:31:36:537] <26398> END chkfake  Laptime:[0.03sec]
INFO	[2014-06-15 20:31:36:537] <26398> ===============================================================
INFO	[2014-06-15 20:31:41:360] <8827> START INIPHP chkfake (V5031-111123)(OS:Linux2.6.18-371.9.1.el5,PHP:5.2.17)
DEBUG	[2014-06-15 20:31:41:360] <8827> inipayhome:/www/loosfly_godo_co_kr/shop/order/card/inipay
DEBUG	[2014-06-15 20:31:41:360] <8827> type:chkfake
DEBUG	[2014-06-15 20:31:41:360] <8827> debug:true
DEBUG	[2014-06-15 20:31:41:360] <8827> enctype:asym
DEBUG	[2014-06-15 20:31:41:360] <8827> admin:1111
DEBUG	[2014-06-15 20:31:41:360] <8827> checkopt:false
DEBUG	[2014-06-15 20:31:41:360] <8827> mid:GODOloosfl
DEBUG	[2014-06-15 20:31:41:360] <8827> price:158000
DEBUG	[2014-06-15 20:31:41:360] <8827> nointerest:no
DEBUG	[2014-06-15 20:31:41:360] <8827> quotabase:선택:일시불:2개월:3개월:4개월:5개월:6개월:7개월:8개월:9개월:10개월:11개월:12개월
INFO	[2014-06-15 20:31:41:360] <8827> Check Field OK
INFO	[2014-06-15 20:31:41:360] <8827> MERCHANT PRIV KEY LOAD OK
INFO	[2014-06-15 20:31:41:360] <8827> MERCHANT PUB KEY LOAD OK []
INFO	[2014-06-15 20:31:41:362] <8827> CHKFAKE KEY MAKE OK:MjAxNDA2MTUyMDMxNDEzNjEzMjc0NA==

INFO	[2014-06-15 20:31:41:362] <8827> END chkfake  Laptime:[0sec]
INFO	[2014-06-15 20:31:41:362] <8827> ===============================================================
INFO	[2014-06-15 22:55:20:212] <8578> START INIPHP chkfake (V5031-111123)(OS:Linux2.6.18-371.9.1.el5,PHP:5.2.17)
DEBUG	[2014-06-15 22:55:20:215] <8578> inipayhome:/www/loosfly_godo_co_kr/shop/order/card/inipay
DEBUG	[2014-06-15 22:55:20:215] <8578> type:chkfake
DEBUG	[2014-06-15 22:55:20:215] <8578> debug:true
DEBUG	[2014-06-15 22:55:20:215] <8578> enctype:asym
DEBUG	[2014-06-15 22:55:20:215] <8578> admin:1111
DEBUG	[2014-06-15 22:55:20:215] <8578> checkopt:false
DEBUG	[2014-06-15 22:55:20:215] <8578> mid:GODOloosfl
DEBUG	[2014-06-15 22:55:20:215] <8578> price:89000
DEBUG	[2014-06-15 22:55:20:215] <8578> nointerest:no
DEBUG	[2014-06-15 22:55:20:215] <8578> quotabase:선택:일시불:2개월:3개월:4개월:5개월:6개월:7개월:8개월:9개월:10개월:11개월:12개월
INFO	[2014-06-15 22:55:20:216] <8578> Check Field OK
INFO	[2014-06-15 22:55:20:222] <8578> MERCHANT PRIV KEY LOAD OK
INFO	[2014-06-15 22:55:20:226] <8578> MERCHANT PUB KEY LOAD OK []
INFO	[2014-06-15 22:55:20:228] <8578> CHKFAKE KEY MAKE OK:MjAxNDA2MTUyMjU1MjAyMjY1ODk1Mg==

INFO	[2014-06-15 22:55:20:228] <8578> END chkfake  Laptime:[0.02sec]
INFO	[2014-06-15 22:55:20:228] <8578> ===============================================================
INFO	[2014-06-15 22:56:43:514] <4255> START INIPHP chkfake (V5031-111123)(OS:Linux2.6.18-371.9.1.el5,PHP:5.2.17)
DEBUG	[2014-06-15 22:56:43:514] <4255> inipayhome:/www/loosfly_godo_co_kr/shop/order/card/inipay
DEBUG	[2014-06-15 22:56:43:514] <4255> type:chkfake
DEBUG	[2014-06-15 22:56:43:514] <4255> debug:true
DEBUG	[2014-06-15 22:56:43:514] <4255> enctype:asym
DEBUG	[2014-06-15 22:56:43:514] <4255> admin:1111
DEBUG	[2014-06-15 22:56:43:514] <4255> checkopt:false
DEBUG	[2014-06-15 22:56:43:514] <4255> mid:GODOloosfl
DEBUG	[2014-06-15 22:56:43:514] <4255> price:89000
DEBUG	[2014-06-15 22:56:43:514] <4255> nointerest:no
DEBUG	[2014-06-15 22:56:43:514] <4255> quotabase:선택:일시불:2개월:3개월:4개월:5개월:6개월:7개월:8개월:9개월:10개월:11개월:12개월
INFO	[2014-06-15 22:56:43:514] <4255> Check Field OK
INFO	[2014-06-15 22:56:43:515] <4255> MERCHANT PRIV KEY LOAD OK
INFO	[2014-06-15 22:56:43:515] <4255> MERCHANT PUB KEY LOAD OK []
INFO	[2014-06-15 22:56:43:516] <4255> CHKFAKE KEY MAKE OK:MjAxNDA2MTUyMjU2NDM1MTUyNDYxNw==

INFO	[2014-06-15 22:56:43:516] <4255> END chkfake  Laptime:[0.01sec]
INFO	[2014-06-15 22:56:43:516] <4255> ===============================================================
INFO	[2014-06-15 22:56:47:783] <4257> START INIPHP chkfake (V5031-111123)(OS:Linux2.6.18-371.9.1.el5,PHP:5.2.17)
DEBUG	[2014-06-15 22:56:47:783] <4257> inipayhome:/www/loosfly_godo_co_kr/shop/order/card/inipay
DEBUG	[2014-06-15 22:56:47:783] <4257> type:chkfake
DEBUG	[2014-06-15 22:56:47:783] <4257> debug:true
DEBUG	[2014-06-15 22:56:47:783] <4257> enctype:asym
DEBUG	[2014-06-15 22:56:47:783] <4257> admin:1111
DEBUG	[2014-06-15 22:56:47:783] <4257> checkopt:false
DEBUG	[2014-06-15 22:56:47:783] <4257> mid:GODOloosfl
DEBUG	[2014-06-15 22:56:47:783] <4257> price:89000
DEBUG	[2014-06-15 22:56:47:783] <4257> nointerest:no
DEBUG	[2014-06-15 22:56:47:783] <4257> quotabase:선택:일시불:2개월:3개월:4개월:5개월:6개월:7개월:8개월:9개월:10개월:11개월:12개월
INFO	[2014-06-15 22:56:47:783] <4257> Check Field OK
INFO	[2014-06-15 22:56:47:783] <4257> MERCHANT PRIV KEY LOAD OK
INFO	[2014-06-15 22:56:47:784] <4257> MERCHANT PUB KEY LOAD OK []
INFO	[2014-06-15 22:56:47:785] <4257> CHKFAKE KEY MAKE OK:MjAxNDA2MTUyMjU2NDc3ODQ1Njk0Ng==

INFO	[2014-06-15 22:56:47:785] <4257> END chkfake  Laptime:[0.01sec]
INFO	[2014-06-15 22:56:47:785] <4257> ===============================================================
INFO	[2014-06-15 22:58:08:740] <1977> START INIPHP securepay (V5031-111123)(OS:Linux2.6.18-371.9.1.el5,PHP:5.2.17)
DEBUG	[2014-06-15 22:58:08:740] <1977> inipayhome:/www/loosfly_godo_co_kr/shop/order/card/inipay
DEBUG	[2014-06-15 22:58:08:740] <1977> type:securepay
DEBUG	[2014-06-15 22:58:08:740] <1977> pgid:INIphpCARD
DEBUG	[2014-06-15 22:58:08:740] <1977> subpgip:203.238.3.10
DEBUG	[2014-06-15 22:58:08:740] <1977> admin:1111
DEBUG	[2014-06-15 22:58:08:740] <1977> debug:true
DEBUG	[2014-06-15 22:58:08:740] <1977> uid:
DEBUG	[2014-06-15 22:58:08:740] <1977> goodname:Highneck Zipup Mesh Leotard(Black)
DEBUG	[2014-06-15 22:58:08:740] <1977> currency:WON
DEBUG	[2014-06-15 22:58:08:740] <1977> mid:GODOloosfl
DEBUG	[2014-06-15 22:58:08:740] <1977> rn:MjAxNDA2MTUyMjU2NDc3ODQ1Njk0Ng==

DEBUG	[2014-06-15 22:58:08:740] <1977> price:89000
DEBUG	[2014-06-15 22:58:08:740] <1977> enctype:
DEBUG	[2014-06-15 22:58:08:740] <1977> buyername:이정남
DEBUG	[2014-06-15 22:58:08:740] <1977> buyertel:010-2355-4659
DEBUG	[2014-06-15 22:58:08:740] <1977> buyeremail:teinan@naver.com
DEBUG	[2014-06-15 22:58:08:740] <1977> paymethod:Card
DEBUG	[2014-06-15 22:58:08:740] <1977> encrypted:Version=4.1&PayMethod=Card&RsaKeyNum=1&EncryptionAlgorithm=SEED-CBC&SignAlgorithm=RSAwithSHA1&CertVer=39&moid=1402840506804&ver_trace=main(6086,6052)card(6111,6102)n(6008)Cs(6022)Dt(6002)Pa(6002)Cf(6024)Fv(0000)La(6125)Re(6078)Vr(6006)P(6033)en(6036)nP(6006)&pg1=203.238.37.3&pg2=211.219.96.180&pg1ip=203.238.37.3&pg2ip=211.219.96.180&agreeflag=1111&Data=7VLrZhENKRAKaR4hADjFM33KiUzcobbIWsUFF9GL1EwTcW/RFIvhTAYX1qUV0BVO
ScJhPV5OdX/sZ3su/fkmZxBe6h0Her0NI1QyqCcvPVUDYwQG7aKEfv5EkMw2Z8JN
IzmnViW3+qljnkoUTh1GLgf9H2wfzIV20DFyBxMzZap5ndTJB8FAjohMfciic7Xp
ZQXaLGC3RqyEOjSwCSO78jKi1aFLKlCoBo+Mu4zEcYjzb6BMUYJk7OL78M6k68ge
E17SAiYIn+E15sdnkuHDMk9emozLC88A4w6QETTDxF8cr+aY5cyoSZ9aIOPYt8Ij
nQP9E4pinKsjp6oDATO+JST+NidSW5I/3IpBRwihO6Ao7iR8pdct72AmJRhMCyWb
G096M2BUvUHIvUHS68gS/7BbNmLsMLye/PkfV3DLi5qrlZYd1mceInfhHrWggbav
hQW8UpnJufiXNontaJXIl46fjaJolBKgaQ1WYABOp3qbEjg+jhau3NebaeRR6KDx
fY70cx0T1mNtahWfJXSae02l0rX0f9pMYot1uBg4aeEmRx+XY/fc071cAu1scxqb
2u2AON6ipx7BO/5NJaQ3wL847wp2hXvcZpFba8wEO6Tt7uSYsgLi7LA0McZ7q9dX
fiY7hZ0gz897K5CRwuluNN7NZVStvzHp4Je+KdcL/TJecG58L2ks+CrJR8Eb
DEBUG	[2014-06-15 22:58:08:740] <1977> sessionkey:GpFfshy6MBRj/nTFnep061XMUVEjXIOYBd5OwLfLio13SHmb5fPCo6rc+DivJcpJ
BYhFqgsv6aUZCzDzywth8AUQV8Uj7EnQjWfNZ1JPJ9gYuo1TjDNM8c4p9+AJWE8n
5809Xamyn3G03cE026cpyqZk5sckYJuaaoWNx0qgUw0=
DEBUG	[2014-06-15 22:58:08:740] <1977> url:http://www.loosfly.com
DEBUG	[2014-06-15 22:58:08:740] <1977> cardcode:11
DEBUG	[2014-06-15 22:58:08:740] <1977> parentemail:teinan@naver.com
DEBUG	[2014-06-15 22:58:08:740] <1977> recvname:이정남
DEBUG	[2014-06-15 22:58:08:740] <1977> recvtel:010-2355-4659
DEBUG	[2014-06-15 22:58:08:740] <1977> recvaddr:서울 성북구 돈암1동 동부센트레빌아파트 108-1101
DEBUG	[2014-06-15 22:58:08:740] <1977> recvpostnum:136-061
DEBUG	[2014-06-15 22:58:08:740] <1977> recvmsg:
DEBUG	[2014-06-15 22:58:08:740] <1977> joincard:
DEBUG	[2014-06-15 22:58:08:740] <1977> joinexpire:
DEBUG	[2014-06-15 22:58:08:740] <1977> id_customer:
INFO	[2014-06-15 22:58:08:740] <1977> Check Field OK
INFO	[2014-06-15 22:58:08:740] <1977> Make TID OK INIphpCARDGODOloosfl20140615225808403707
INFO	[2014-06-15 22:58:08:740] <1977> PI PUB KEY LOAD OK [39]
INFO	[2014-06-15 22:58:08:747] <1977> PG PUB KEY LOAD OK [30]
INFO	[2014-06-15 22:58:08:748] <1977> MERCHANT PRIV KEY LOAD OK
INFO	[2014-06-15 22:58:08:748] <1977> MERCHANT PUB KEY LOAD OK [0]
INFO	[2014-06-15 22:58:08:749] <1977> MAKE BODY OK
INFO	[2014-06-15 22:58:08:751] <1977> SIGN OK
INFO	[2014-06-15 22:58:08:751] <1977> MAKE HEAD OK
INFO	[2014-06-15 22:58:08:751] <1977> MSG_TO_PG:[0301700175R SHA1                   0                  39                  300200GODOloosfl               89000INIphpCARDGODOloosfl20140615225808403707<?xml version="1.0" encoding="UTF-8"?>
<INIpay>
	  <GoodsInfo>
	    <GoodsCnt>1</GoodsCnt>
	    <MOID/>
	    <Currency>WON</Currency>
	    <Tax/>
	    <TaxFree/>
	    <Goods>
	      <SMID>GODOloosfl</SMID>
	      <GoodsName urlencode="1">Highneck+Zipup+Mesh+Leotard%28Black%29</GoodsName>
	      <GoodsPrice>89000</GoodsPrice></Goods></GoodsInfo>
	  <BuyerInfo>
	    <BuyerName urlencode="1">%C0%CC%C1%A4%B3%B2</BuyerName>
	    <BuyerTel>010-2355-4659</BuyerTel>
	    <BuyerEmail urlencode="1">teinan%40naver.com</BuyerEmail>
	    <ParentEmail urlencode="1">teinan%40naver.com</ParentEmail>
	    <RecvName urlencode="1">%C0%CC%C1%A4%B3%B2</RecvName>
	    <RecvTel urlencode="1">010-2355-4659</RecvTel>
	    <RecvMsg/>
	    <RecvAddr urlencode="1">%BC%AD%BF%EF+%BC%BA%BA%CF%B1%B8+%B5%B7%BE%CF1%B5%BF+%B5%BF%BA%CE%BC%BE%C6%AE%B7%B9%BA%F4%BE%C6%C6%C4%C6%AE+108-1101</RecvAddr>
	    <RecvPostNum urlencode="1">136-061</RecvPostNum></BuyerInfo>
	  <PaymentInfo>
	    <Payment>
	      <PayMethod>Card</PayMethod>
	      <JoinCard/>
	      <JoinExpire/>
	      <MailOrder/>
	      <SessionKey>GpFfshy6MBRj/nTFnep061XMUVEjXIOYBd5OwLfLio13SHmb5fPCo6rc+DivJcpJ
BYhFqgsv6aUZCzDzywth8AUQV8Uj7EnQjWfNZ1JPJ9gYuo1TjDNM8c4p9+AJWE8n
5809Xamyn3G03cE026cpyqZk5sckYJuaaoWNx0qgUw0=</SessionKey>
	      <Encrypted urlencode="1">Version%3D4.1%26PayMethod%3DCard%26RsaKeyNum%3D1%26EncryptionAlgorithm%3DSEED-CBC%26SignAlgorithm%3DRSAwithSHA1%26CertVer%3D39%26moid%3D1402840506804%26ver_trace%3Dmain%286086%2C6052%29card%286111%2C6102%29n%286008%29Cs%286022%29Dt%286002%29Pa%286002%29Cf%286024%29Fv%280000%29La%286125%29Re%286078%29Vr%286006%29P%286033%29en%286036%29nP%286006%29%26pg1%3D203.238.37.3%26pg2%3D211.219.96.180%26pg1ip%3D203.238.37.3%26pg2ip%3D211.219.96.180%26agreeflag%3D1111%26Data%3D7VLrZhENKRAKaR4hADjFM33KiUzcobbIWsUFF9GL1EwTcW%2FRFIvhTAYX1qUV0BVO%0D%0AScJhPV5OdX%2FsZ3su%2FfkmZxBe6h0Her0NI1QyqCcvPVUDYwQG7aKEfv5EkMw2Z8JN%0D%0AIzmnViW3%2BqljnkoUTh1GLgf9H2wfzIV20DFyBxMzZap5ndTJB8FAjohMfciic7Xp%0D%0AZQXaLGC3RqyEOjSwCSO78jKi1aFLKlCoBo%2BMu4zEcYjzb6BMUYJk7OL78M6k68ge%0D%0AE17SAiYIn%2BE15sdnkuHDMk9emozLC88A4w6QETTDxF8cr%2BaY5cyoSZ9aIOPYt8Ij%0D%0AnQP9E4pinKsjp6oDATO%2BJST%2BNidSW5I%2F3IpBRwihO6Ao7iR8pdct72AmJRhMCyWb%0D%0AG096M2BUvUHIvUHS68gS%2F7BbNmLsMLye%2FPkfV3DLi5qrlZYd1mceInfhHrWggbav%0D%0AhQW8UpnJufiXNontaJXIl46fjaJolBKgaQ1WYABOp3qbEjg%2Bjhau3NebaeRR6KDx%0D%0AfY70cx0T1mNtahWfJXSae02l0rX0f9pMYot1uBg4aeEmRx%2BXY%2Ffc071cAu1scxqb%0D%0A2u2AON6ipx7BO%2F5NJaQ3wL847wp2hXvcZpFba8wEO6Tt7uSYsgLi7LA0McZ7q9dX%0D%0AfiY7hZ0gz897K5CRwuluNN7NZVStvzHp4Je%2BKdcL%2FTJecG58L2ks%2BCrJR8Eb</Encrypted></Payment></PaymentInfo>
	  <ReservedInfo>
	    <MReserved1/>
	    <MReserved2/>
	    <MReserved3/></ReservedInfo>
	  <ManageInfo>
	    <Language/>
	    <URL urlencode="1">http%3A%2F%2Fwww.loosfly.com</URL>
	    <TXVersion>5031B111123securLinux     PHPchkfake   2.6.18-371.9.1.el5PHP:5.2.17  </TXVersion>
	    <TXUserID/>
	    <TXRegNum/>
	    <Ack>1</Ack>
	    <TXRN>MjAxNDA2MTUyMjU2NDc3ODQ1Njk0Ng==
</TXRN></ManageInfo></INIpay>Aab+M5i20OsFsJSCEvOlvWBL3liwYNdct9tMGKsCdvjc4LQdTBFpwNewdlmSrWz6
KJbfVonHLEkMWtnQcbX5iK/zgj4bo/e2J0wV9AdwRAlMflBFICqAtNMW0hNmypV2
i20+dcFuC7f6DXd54aeDSIZe5k6kfNNpgrBIO4SRPufI
]
INFO	[2014-06-15 22:58:08:751] <1977> DNS LOOKUP OK(203.238.37.3:203.238.37.3:34049) laptime:0
INFO	[2014-06-15 22:58:08:754] <1977> SOCKET CONNECT OK
INFO	[2014-06-15 22:58:08:754] <1977> SEND OK
INFO	[2014-06-15 22:58:10:132] <1977> RECV OK
INFO	[2014-06-15 22:58:10:132] <1977> MSG_FROM_PG:[0299600175D SHA1                   0                  39                  300210GODOloosfl               89000INIphpCARDGODOloosfl20140615225808403707<?xml version="1.0" encoding="UTF-8"?>
<INIpay>
  <GoodsInfo>
    <GoodsCnt>1</GoodsCnt>
    <MOID urlencode="1">1402840506804</MOID>
    <Currency>WON</Currency>
    <Goods no="1">
      <SMID>GODOloosfl</SMID>
      <GoodsName urlencode="1">Highneck+Zipup+Mesh+Leotard%28Black%29</GoodsName>
      <GoodsCntS>1</GoodsCntS>
      <GoodsPrice>89000</GoodsPrice>
    </Goods>
  </GoodsInfo>
  <PaymentInfo>
    <Payment>
      <SessionKey>APE9VKE1QeK2LfNOr6xe7tGt06JXpQmdvD2hgxSnH/fIAaLY4hMccPLW1di1tUoq
bvGh7lFzaTFvxbvAxiiK4w8doTxhfwBF8BStG/mxu8H27xRCYLRXw7uUpmCpJvRm
TRJhGdBb3WGJYwB5YlG757CBTsKW9Z07faRdZZAZ3DYEAfeQh8lHI00=
</SessionKey>
      <Encrypted>qbHOdlwTszdmpkOQDSnw+a4+muOLZ/p+GSFSkcavcwYODgMG/GZUnrrOpQ8HlD5T
nyiKKl7PbdTQI2/L7Mdss7+Bw2gddSq8zcKwHx0EQwOXTAfosbmFUoAaJ9xa9v5S
84E+h+tSzKTYhXl5reRd4RfaaAwyHxyXN4s2Fuiy8j+rLkBn1qHCLSsnWL9hl3JT
EbNIadT2+WEjcg3fXOM/+E3NOO+XxUPg4FxK66gXcq8IulalFxfffX/VOWYvS2hP
vX5UpPFA0ofp4thFl6VlvjObS6tNQpP/tTSK7WaXf7/n0ui+DOCcy7GgGupSc/aj
OrwWSaaLpfBjCIhkEQIKRNhthXrEj1JZ1J6El0xt3wb6Nww3y4rrbhvLmUB792RN
MhpbPtjaBGpXFD2mdWtosut4dx+aYOGwQExFu0uY46a/SC+MhstiCxni3EAnzNEJ
0dNauYgd7+7CWDcGx2RRf9uymg4e2A+BeKi1ylx08apFodr+XB9LUBFOvz64OWqe
qG2OczTp7XPWMEqSNnFTLF7PJ3Bn7IRRNGrVJmioSVuv9ZLC2g6c+EfwKoImJ3ZC
CAkqpczjLJGxmdGPg8vMjn+Hx4gCGN7aX9Q+UGu/7LVIc/bJUsDW2MCufznzaDJz
x7asVBcPuN9E7MFYRNLISOCBsSD1SjiOj3g7WWpfvjH62RsyKqq+SuDuyu/KDQbH
vPrqk8dzLyvL//kNJztnEZm7y67uIa32l4xc26e/gXR20erW/DMqzzwZhjRrU+NJ
jj/rvlKwmai1bCGpZsKNSifgGz9jToIdU8OCNqTiSvioFfSMhBiZOn38BZYBLEbM
e2nn1cfHmyist0HOEK6KOArq6352zhLD3eEyuQprV/gxKOv+5jixCZaG+kYwpuPR
nTp7PcbxkgPOx8hY/iNIsLzMbRIzT7JoSnM8VKgrQ76bb5FFPWhAhJx0BJchcB9u
XR/4Cg+bz2+gIMal95R2l6kacYwnb5AADaMoDkRbjEi+/G4iOIJCi2r5klKHhMak
k/033nbyrGJp0FA+hpUT8/25AtE9vpTa2mWge0EkrhjtYcgrsOl4a1Q4OJubxXr1
MLgIM0AxKOMd3vgt4hyzKiaRtXk6gG7/iqhgmE3t7LXME4vyQmisr+/LS1TiN6/0
qc8PAZZlHQgieyJQpodJJHf+q1ZZKiDj3C3CKMvBt30fkjT9dkpoza3pvMRIkOGT
3zHnTSaUYDp9kJdQuWAo5VZqaWOIFnteDo1x1eHSa1MAgzSYEt0P8KjOT+lwg6ZO
UYQpWy2SFuI9EOt9lUorlBS8eJPhvJcAJ9l3ZeoWG1pchwo0pU77mLG7lQMLUSHn
+mc77zi8JsRa1UVhBNoKJU3jwshmylNSwvwHcHVs6aGLk2t09idzUA4q4e8jJ1Pj
jUlRqhQylKtEjZ++3hJ9dK9ClYiFPo02Unl1Ia//ZMIbdXvlaf0b7fMkL9fwKanc
KO42PjOl01TaAQ5r5tzMRr9//KB2sqmq9HoZc9p3lvj0O2BfNP7+73hyRMa+nBBe
9ANHyLhusFdsdjYSuSxsUrW5X5XRW7m3aJWA3Yf3X2h/RaiOigqL2ph7irG/wVLZ
b+i2o0aGPJqpiRHziCmJ+/qz3Vj49nN/
</Encrypted>
      <PayMethod>Card</PayMethod>
      <ResultCode>120000</ResultCode>
      <ResultMsg urlencode="1">%C1%A4%BB%F3%C3%B3%B8%AE%B5%C7%BE%FA%BD%C0%B4%CF%B4%D9.</ResultMsg>
    </Payment>
  </PaymentInfo>
  <ManageInfo>
    <EventCode></EventCode>
    <OrgCurrency></OrgCurrency>
    <ExchangeRate></ExchangeRate>
    <OrgPrice></OrgPrice>
  </ManageInfo>
  <ReservedInfo>
    <MReserved1 urlencode="1"></MReserved1>
    <MReserved2 urlencode="1"></MReserved2>
    <MReserved3 urlencode="1"></MReserved3>
    <PGReserved1 urlencode="1"></PGReserved1>
    <PGReserved2 urlencode="1"></PGReserved2>
    <PGReserved3 urlencode="1"></PGReserved3>
  </ReservedInfo>
</INIpay>
o6d4Mosuor38wTS87owplvyfh/sTs01F11BK0YE2sx2zDK8GGcr8FE9JSsrM2DWz
cVqIAg4ZSgX/MYDN1PBa4Kb4/rHOha7+3s/UXyA+ilzcs/l/PFQdPm4OrowOKvaT
owUIdZusb1Al6Pan8x/xYNiQNmD0tkTnJiARwXftKyk=
]
INFO	[2014-06-15 22:58:10:133] <1977> VERIFY OK
INFO	[2014-06-15 22:58:10:133] <1977> PARSE HEAD OK
INFO	[2014-06-15 22:58:10:137] <1977> PARSE BODY OK
INFO	[2014-06-15 22:58:10:141] <1977> DECRYPT OK
DEBUG	[2014-06-15 22:58:10:142] <1977> DECRYPT MSG:[<?xml version="1.0" encoding="UTF-8"?>
<PaymentInfo>
  <Payment>
    <EASYPAY/>
    <Card>
      <CARD_ApplPrice>89000</CARD_ApplPrice>
      <CARD_Num>462890000198</CARD_Num>
      <CARD_Expire></CARD_Expire>
      <CARD_Code>11</CARD_Code>
      <CARD_BankCode>53</CARD_BankCode>
      <CARD_Quota>04</CARD_Quota>
      <CARD_Interest>0</CARD_Interest>
      <CARD_Point></CARD_Point>
      <CARD_AuthType>99</CARD_AuthType>
      <CARD_RegNum></CARD_RegNum>
      <CARD_ApplDate>20140615</CARD_ApplDate>
      <CARD_ApplTime>225809</CARD_ApplTime>
      <CARD_ApplNum>31949914</CARD_ApplNum>
      <CARD_TerminalNum>019048y000</CARD_TerminalNum>
      <CARD_MemberNum></CARD_MemberNum>
      <CARD_PurchaseCode></CARD_PurchaseCode>
      <CARD_ResultCode>120000</CARD_ResultCode>
      <CARD_ResultMsg urlencode="1">%C1%A4%BB%F3%C3%B3%B8%AE%B5%C7%BE%FA%BD%C0%B4%CF%B4%D9.</CARD_ResultMsg>
      <CARD_PrtcCode>1</CARD_PrtcCode>
      <CARD_Quota_Point>04</CARD_Quota_Point>
      <CARD_CheckFlag>0</CARD_CheckFlag>
      <CARD_PurchaseName urlencode="1"></CARD_PurchaseName>
      <CARD_IssuerName urlencode="1"></CARD_IssuerName>
      <CARD_JoinUsePoint></CARD_JoinUsePoint>
    </Card>
  </Payment>
</PaymentInfo>]
INFO	[2014-06-15 22:58:10:144] <1977> DECRYPT PARSE OK
INFO	[2014-06-15 22:58:10:145] <1977> WAIT ACK INVOKING
DEBUG	[2014-06-15 22:58:10:145] <1977> MAKE HEAD OK
INFO	[2014-06-15 22:58:10:149] <1977> SUCCESS ACK INVOKING
INFO	[2014-06-15 22:58:10:149] <1977> END securepay 정상처리되었습니다. Laptime:[1.41sec]
INFO	[2014-06-15 22:58:10:149] <1977> ===============================================================
