INFO	[2014-05-02 10:57:30:976] <7965> START INIPHP chkfake (V5031-111123)(OS:Linux2.6.18-371.6.1.el5,PHP:5.2.17)
DEBUG	[2014-05-02 10:57:30:976] <7965> inipayhome:/www/loosfly_godo_co_kr/shop/order/card/inipay
DEBUG	[2014-05-02 10:57:30:976] <7965> type:chkfake
DEBUG	[2014-05-02 10:57:30:976] <7965> debug:true
DEBUG	[2014-05-02 10:57:30:976] <7965> enctype:asym
DEBUG	[2014-05-02 10:57:30:976] <7965> admin:1111
DEBUG	[2014-05-02 10:57:30:976] <7965> checkopt:false
DEBUG	[2014-05-02 10:57:30:976] <7965> mid:GODOloosfl
DEBUG	[2014-05-02 10:57:30:976] <7965> price:79000
DEBUG	[2014-05-02 10:57:30:976] <7965> nointerest:no
DEBUG	[2014-05-02 10:57:30:976] <7965> quotabase:선택:일시불:2개월:3개월:4개월:5개월:6개월:7개월:8개월:9개월:10개월:11개월:12개월
INFO	[2014-05-02 10:57:30:976] <7965> Check Field OK
INFO	[2014-05-02 10:57:30:986] <7965> MERCHANT PRIV KEY LOAD OK
INFO	[2014-05-02 10:57:30:990] <7965> MERCHANT PUB KEY LOAD OK []
INFO	[2014-05-02 10:57:30:992] <7965> CHKFAKE KEY MAKE OK:MjAxNDA1MDIxMDU3MzA5OTA0ODQwNg==

INFO	[2014-05-02 10:57:30:992] <7965> END chkfake  Laptime:[0.02sec]
INFO	[2014-05-02 10:57:30:992] <7965> ===============================================================
INFO	[2014-05-02 11:01:08:473] <7974> START INIPHP securepay (V5031-111123)(OS:Linux2.6.18-371.6.1.el5,PHP:5.2.17)
DEBUG	[2014-05-02 11:01:08:473] <7974> inipayhome:/www/loosfly_godo_co_kr/shop/order/card/inipay
DEBUG	[2014-05-02 11:01:08:473] <7974> type:securepay
DEBUG	[2014-05-02 11:01:08:473] <7974> pgid:INIphpCARD
DEBUG	[2014-05-02 11:01:08:473] <7974> subpgip:203.238.3.10
DEBUG	[2014-05-02 11:01:08:473] <7974> admin:1111
DEBUG	[2014-05-02 11:01:08:473] <7974> debug:true
DEBUG	[2014-05-02 11:01:08:473] <7974> uid:
DEBUG	[2014-05-02 11:01:08:473] <7974> goodname:Semi-tight Contrast Pants (Reddish Gray/Mint)
DEBUG	[2014-05-02 11:01:08:473] <7974> currency:WON
DEBUG	[2014-05-02 11:01:08:473] <7974> mid:GODOloosfl
DEBUG	[2014-05-02 11:01:08:473] <7974> rn:MjAxNDA1MDIxMDU3MzA5OTA0ODQwNg==

DEBUG	[2014-05-02 11:01:08:473] <7974> price:79000
DEBUG	[2014-05-02 11:01:08:473] <7974> enctype:
DEBUG	[2014-05-02 11:01:08:473] <7974> buyername:조성대
DEBUG	[2014-05-02 11:01:08:473] <7974> buyertel:010-3410-1888
DEBUG	[2014-05-02 11:01:08:473] <7974> buyeremail:andrewto@naver.com
DEBUG	[2014-05-02 11:01:08:473] <7974> paymethod:Card
DEBUG	[2014-05-02 11:01:08:473] <7974> encrypted:Version=4.1&PayMethod=Card&RsaKeyNum=1&EncryptionAlgorithm=SEED-CBC&SignAlgorithm=RSAwithSHA1&CertVer=39&moid=1398995832920&ver_trace=main(6085,6051)card(6110,6101)n(6008)Cs(6022)Dt(6002)Pa(6002)Cf(6024)Fv(0000)La(6124)Re(6077)Vr(6006)P(6033)en(6036)nP(6006)&pg1=203.238.37.3&pg2=211.219.96.180&pg1ip=203.238.37.3&pg2ip=211.219.96.180&agreeflag=1111&Data=y8y+FhgyNPqtQ4+cZYYVN0W79VhXJuOjzdKkSWSIFgb5UXYZRrttCMONW1W5FYbp
OH6lI4AmYCg4ihdftQoZUMhLnfSIHRubvpr/KgWjSgzBTfY8q68WTyLCFeoWo0Eq
3jyhCh/y4JtCWaxW7aY5/phOWBgXhOjE+NYLCh4RUFgYuz7poKtLvpIckzfTMETR
GKOsgKR6i3XPFG6kAOCBRj2sM0vcmTSznD4CEIil3acybDimVrJ02bJtR+vjxyYF
FNigNBt2NYVKq0EFSqSy55v2s+/CJzWlU5mnITekI9+dTFGgprGRymsNBSzws/is
/cWAlDEl/MSDQjDPTUT6SUgfUwfYOpwBxU/nyv0K3MMIW26oDoXC4AAv73LJ/KVG
vrYHWSd/2/wQ+AJ19rATbb59szCJb0UF11Yvr+ByCGXoP4XzM9rgAY95w6Zdc5qQ
m31uaPR/fYTI5KNjimc0KkWQ7qVoSEEqWU9j4wFfY/gFoGu6VltNSUEVlywg2wV3
XTwheNvHeY2iLL4WVB/SHghenuTvsOTQ5umKNC5jdBvkxHjMmTzw6Bl3PrxwunDE
+gFCyqYui6uOCe8rFUGQJDl7Gbhk6+0evfV82gOtk8wMBL7U+jXuKDCASDf4Zgq+
oCga86GBsHbv1V502yORwDQD+fEv+orhl8vNK054DmjZxJLvOkJg9yhIcGWdmqWV
5WB6LTBhm6KkjrM=
DEBUG	[2014-05-02 11:01:08:473] <7974> sessionkey:Up6AR5R5UaYfxamXuPM0FoNqRqYvpyTPmjuCyxnBxk400JbZZCDsCZMCDwJl8hlo
D1ayC7D83uILglfi+065kMCqwz7HjCuEO+/CdLibJ3HxbQEuhWEQ7WnfLQNUdPsu
qU8rEHLcEQG6+bFUsyoFbQ6e+S3WZhleysXCOA82tj4=
DEBUG	[2014-05-02 11:01:08:473] <7974> url:http://www.loosfly.com
DEBUG	[2014-05-02 11:01:08:473] <7974> cardcode:12
DEBUG	[2014-05-02 11:01:08:473] <7974> parentemail:andrewto@naver.com
DEBUG	[2014-05-02 11:01:08:473] <7974> recvname:조성대
DEBUG	[2014-05-02 11:01:08:473] <7974> recvtel:010-3410-1888
DEBUG	[2014-05-02 11:01:08:473] <7974> recvaddr:서울특별시 강남구 삼성동 159-1 트레이드타워 46층
DEBUG	[2014-05-02 11:01:08:473] <7974> recvpostnum:135-729
DEBUG	[2014-05-02 11:01:08:473] <7974> recvmsg:
DEBUG	[2014-05-02 11:01:08:473] <7974> joincard:
DEBUG	[2014-05-02 11:01:08:473] <7974> joinexpire:
DEBUG	[2014-05-02 11:01:08:473] <7974> id_customer:
INFO	[2014-05-02 11:01:08:473] <7974> Check Field OK
INFO	[2014-05-02 11:01:08:473] <7974> Make TID OK INIphpCARDGODOloosfl20140502110108733389
INFO	[2014-05-02 11:01:08:473] <7974> PI PUB KEY LOAD OK [39]
INFO	[2014-05-02 11:01:08:477] <7974> PG PUB KEY LOAD OK [30]
INFO	[2014-05-02 11:01:08:477] <7974> MERCHANT PRIV KEY LOAD OK
INFO	[2014-05-02 11:01:08:477] <7974> MERCHANT PUB KEY LOAD OK [0]
INFO	[2014-05-02 11:01:08:478] <7974> MAKE BODY OK
INFO	[2014-05-02 11:01:08:480] <7974> SIGN OK
INFO	[2014-05-02 11:01:08:480] <7974> MAKE HEAD OK
INFO	[2014-05-02 11:01:08:480] <7974> MSG_TO_PG:[0308500175R SHA1                   0                  39                  300200GODOloosfl               79000INIphpCARDGODOloosfl20140502110108733389<?xml version="1.0" encoding="UTF-8"?>
<INIpay>
	  <GoodsInfo>
	    <GoodsCnt>1</GoodsCnt>
	    <MOID/>
	    <Currency>WON</Currency>
	    <Tax/>
	    <TaxFree/>
	    <Goods>
	      <SMID>GODOloosfl</SMID>
	      <GoodsName urlencode="1">Semi-tight+Contrast+Pants+%28Reddish+Gray%2FMint%29</GoodsName>
	      <GoodsPrice>79000</GoodsPrice></Goods></GoodsInfo>
	  <BuyerInfo>
	    <BuyerName urlencode="1">%C1%B6%BC%BA%B4%EB</BuyerName>
	    <BuyerTel>010-3410-1888</BuyerTel>
	    <BuyerEmail urlencode="1">andrewto%40naver.com</BuyerEmail>
	    <ParentEmail urlencode="1">andrewto%40naver.com</ParentEmail>
	    <RecvName urlencode="1">%C1%B6%BC%BA%B4%EB</RecvName>
	    <RecvTel urlencode="1">010-3410-1888</RecvTel>
	    <RecvMsg/>
	    <RecvAddr urlencode="1">%BC%AD%BF%EF%C6%AF%BA%B0%BD%C3+%B0%AD%B3%B2%B1%B8+%BB%EF%BC%BA%B5%BF+159-1+%C6%AE%B7%B9%C0%CC%B5%E5%C5%B8%BF%F6+46%C3%FE</RecvAddr>
	    <RecvPostNum urlencode="1">135-729</RecvPostNum></BuyerInfo>
	  <PaymentInfo>
	    <Payment>
	      <PayMethod>Card</PayMethod>
	      <JoinCard/>
	      <JoinExpire/>
	      <MailOrder/>
	      <SessionKey>Up6AR5R5UaYfxamXuPM0FoNqRqYvpyTPmjuCyxnBxk400JbZZCDsCZMCDwJl8hlo
D1ayC7D83uILglfi+065kMCqwz7HjCuEO+/CdLibJ3HxbQEuhWEQ7WnfLQNUdPsu
qU8rEHLcEQG6+bFUsyoFbQ6e+S3WZhleysXCOA82tj4=</SessionKey>
	      <Encrypted urlencode="1">Version%3D4.1%26PayMethod%3DCard%26RsaKeyNum%3D1%26EncryptionAlgorithm%3DSEED-CBC%26SignAlgorithm%3DRSAwithSHA1%26CertVer%3D39%26moid%3D1398995832920%26ver_trace%3Dmain%286085%2C6051%29card%286110%2C6101%29n%286008%29Cs%286022%29Dt%286002%29Pa%286002%29Cf%286024%29Fv%280000%29La%286124%29Re%286077%29Vr%286006%29P%286033%29en%286036%29nP%286006%29%26pg1%3D203.238.37.3%26pg2%3D211.219.96.180%26pg1ip%3D203.238.37.3%26pg2ip%3D211.219.96.180%26agreeflag%3D1111%26Data%3Dy8y%2BFhgyNPqtQ4%2BcZYYVN0W79VhXJuOjzdKkSWSIFgb5UXYZRrttCMONW1W5FYbp%0D%0AOH6lI4AmYCg4ihdftQoZUMhLnfSIHRubvpr%2FKgWjSgzBTfY8q68WTyLCFeoWo0Eq%0D%0A3jyhCh%2Fy4JtCWaxW7aY5%2FphOWBgXhOjE%2BNYLCh4RUFgYuz7poKtLvpIckzfTMETR%0D%0AGKOsgKR6i3XPFG6kAOCBRj2sM0vcmTSznD4CEIil3acybDimVrJ02bJtR%2BvjxyYF%0D%0AFNigNBt2NYVKq0EFSqSy55v2s%2B%2FCJzWlU5mnITekI9%2BdTFGgprGRymsNBSzws%2Fis%0D%0A%2FcWAlDEl%2FMSDQjDPTUT6SUgfUwfYOpwBxU%2Fnyv0K3MMIW26oDoXC4AAv73LJ%2FKVG%0D%0AvrYHWSd%2F2%2FwQ%2BAJ19rATbb59szCJb0UF11Yvr%2BByCGXoP4XzM9rgAY95w6Zdc5qQ%0D%0Am31uaPR%2FfYTI5KNjimc0KkWQ7qVoSEEqWU9j4wFfY%2FgFoGu6VltNSUEVlywg2wV3%0D%0AXTwheNvHeY2iLL4WVB%2FSHghenuTvsOTQ5umKNC5jdBvkxHjMmTzw6Bl3PrxwunDE%0D%0A%2BgFCyqYui6uOCe8rFUGQJDl7Gbhk6%2B0evfV82gOtk8wMBL7U%2BjXuKDCASDf4Zgq%2B%0D%0AoCga86GBsHbv1V502yORwDQD%2BfEv%2Borhl8vNK054DmjZxJLvOkJg9yhIcGWdmqWV%0D%0A5WB6LTBhm6KkjrM%3D</Encrypted></Payment></PaymentInfo>
	  <ReservedInfo>
	    <MReserved1/>
	    <MReserved2/>
	    <MReserved3/></ReservedInfo>
	  <ManageInfo>
	    <Language/>
	    <URL urlencode="1">http%3A%2F%2Fwww.loosfly.com</URL>
	    <TXVersion>5031B111123securLinux     PHPchkfake   2.6.18-371.6.1.el5PHP:5.2.17  </TXVersion>
	    <TXUserID/>
	    <TXRegNum/>
	    <Ack>1</Ack>
	    <TXRN>MjAxNDA1MDIxMDU3MzA5OTA0ODQwNg==
</TXRN></ManageInfo></INIpay>AY/lwNxkeZkP4eOjI7vbtuACQXApNzndLoG4QgKO0ahdECUdVNt+5AbS4lwJVwLq
tjhaYj9eOi94SVB6z+FZq42XQuAWI2EUuczY52QEqHTUIdqVqtoEVHJAl1JB7FRo
rg2YVTke5g6Rz++/yypoYcKlcU91i5u1l4WxhpqmxlDD
]
INFO	[2014-05-02 11:01:08:480] <7974> DNS LOOKUP OK(203.238.37.3:203.238.37.3:34049) laptime:0
INFO	[2014-05-02 11:01:08:483] <7974> SOCKET CONNECT OK
INFO	[2014-05-02 11:01:08:483] <7974> SEND OK
INFO	[2014-05-02 11:01:09:414] <7974> RECV OK
INFO	[2014-05-02 11:01:09:414] <7974> MSG_FROM_PG:[0301000175D SHA1                   0                  39                  300210GODOloosfl               79000INIphpCARDGODOloosfl20140502110108733389<?xml version="1.0" encoding="UTF-8"?>
<INIpay>
  <GoodsInfo>
    <GoodsCnt>1</GoodsCnt>
    <MOID urlencode="1">1398995832920</MOID>
    <Currency>WON</Currency>
    <Goods no="1">
      <SMID>GODOloosfl</SMID>
      <GoodsName urlencode="1">Semi-tight+Contrast+Pants+%28Reddish+Gray%2FMint%29</GoodsName>
      <GoodsCntS>1</GoodsCntS>
      <GoodsPrice>79000</GoodsPrice>
    </Goods>
  </GoodsInfo>
  <PaymentInfo>
    <Payment>
      <SessionKey>AMyBVuSbXAEClSqVfMA4X+xTKzf5Qy+wPZgXZKJRXtrESiR8zDcM6cjM7x5x+++q
0mPJ9o/GSFtVIpH/j6uqJsZrFeX2giBHSDdviPNdl5L6cErBgxL9XLq8ESW+H93J
Em6TJTriwZ/wucxGJojNQMh302iCzOTxfuY+2T4h64djD0IbR3ImBus=
</SessionKey>
      <Encrypted>ZyHGViHd+n/dBB2wTTPfCvVpUYsuXvAb3TwihqC1k02CIDucv6ZUWvmU/n2PRqaB
s+JttaujLEhKORUYLWG/bOgNAlS+1O99y+VeF3O8z+swaq1jx/mQHKai27LRAVCK
62mWxI2MAQHdsx58z6m304Ui3rrpwgdoqeFc2aEB2jn+UWhkCOnY/hifFOyI2F8p
XWx8igxjJchx/Y9Ihaq1Jf3LQx23Vn+z/xlh1WVc+bK/UkzSGTBPymvFDx+M4xev
Z8Zx+1poiY4SRWyEyJ/DWG4PKYL5QPPnj2aAQCtha07nH8YlaS6PMb1nXWvylGf3
+Kvl8Pu6xbz+pY5fIrdoRB1zwepT/RqkZ0i5PNnjuYd5x/obmEmXGqbiqoyw46In
GcbQ/u35JX3U4wdtgaXbxVokxWxHndK+WFmf1kOCkEShvJtqjGgVgrIFPk+hpdbU
D0QgvGtennEOpMf/U/YUIvl3fih91GdRcqlI7bdYgkpEafyyRZtz1iPOCJM6vR1g
yj8ZREMars4F3iN9jB2IgEpuEOoSeCNEzGMY5vbM4InXEWdFrioGjZKZXr4op/fx
e0BRtATwsn+i9pxFswHWZ8FLe2tTh6q8/foh6gvfN0AWZ2C4Fxri4knXjvodEQwG
UDEBeo7bpiaexRVKa8yfZq7iG68HzGTGu4sIVoE+MZyq2pWKd1nqQP54Qd+S9MKg
/r3yXEEkQDPkg8fi98nKPRVIkbJa8ajsTsafbhPJYKzUzECQOcnVuQFM+u4AjNQ7
lz6XfZkOB0pihUCPOYrYVrexIs88n99P7SH5aEKVKvPMOzOfsZZzsPc3sVDCD/Zy
BG86YETtOdX25YtnnUPOzW2k1t0mI19gBljTu4lq1VacNamY/1QnmO0OK8XtvUcB
pR/sNa5EYYBBQJZH4UmsCwWUnefDr/FcbIzxZKNduExpPWD6AGS4ktquhhOhnCA2
zpqye1FkxVqWQJuloPe4GzLretbTTWeOCceCFk/PT7Z9P98a2Jp6JCzrPbxzaUlz
qa7LOfUGpfJQPgv7LVbV+AuyChUmMdbFP6wh8i8fwUSw38r/JoLFaWwRsndKZKmJ
Tc6iEQja2YMIfZSUwfF0UmKEO9lg1oPczfzPqFlBsXIxfWVdYA3h6sWVm9aO3dfk
+hA4NH2vCE7CNyWxPFqBJ3SSbfuWuijPAR0ZI4CkItr13pz12hNd6hzrKyUjKyck
uhlX49rfeh9ASJl/Lf88XAQrGw+LoPe6MIbrO4YxdCsOnQf2hdvibiFCJrFcotFG
LJKmgwwjs4lNX+F4YShF6I6xB41bmEDiKO1+D2bnrqOGyMdQvhSxoRCkcmGMYA96
80071CahrRRDjd+0gB5fUwDuniNTLz1kIQcdz+zz7YQLivnj1LLQMm+crRFeVvzY
Dl2oyOE2LavFU4ZpusysZUyN1ouc5UvsjFGZk9jw7dB6tWChg8BvccWYaJ+WLop0
ViF/mcWEj98QVQQaVnlJfCwawrMwgMIBdwkSpwPCqmzwWqXN+9r1jErqZb4zQN7I
O4+7hR5EK9JhWg8x8IYZ743QQMWwLI+bRqk2iIwGROVfYUcOjpi3G9qg/3KSzf61
Azb6/4TbRKOKmdBAN0gkRpq3wS+L74T4
</Encrypted>
      <PayMethod>Card</PayMethod>
      <ResultCode>120000</ResultCode>
      <ResultMsg urlencode="1">%C1%A4%BB%F3%C3%B3%B8%AE%B5%C7%BE%FA%BD%C0%B4%CF%B4%D9.</ResultMsg>
    </Payment>
  </PaymentInfo>
  <ManageInfo>
    <EventCode>1</EventCode>
    <OrgCurrency></OrgCurrency>
    <ExchangeRate></ExchangeRate>
    <OrgPrice></OrgPrice>
  </ManageInfo>
  <ReservedInfo>
    <MReserved1 urlencode="1"></MReserved1>
    <MReserved2 urlencode="1"></MReserved2>
    <MReserved3 urlencode="1"></MReserved3>
    <PGReserved1 urlencode="1"></PGReserved1>
    <PGReserved2 urlencode="1"></PGReserved2>
    <PGReserved3 urlencode="1"></PGReserved3>
  </ReservedInfo>
</INIpay>
Dj+jOx5LwUTOukXzWUmv7YNWA6JkB8mVZyeWH8farJcE7V2qucCXWTfkT+7OxWou
91h45arWbltvpwSF1GS/CJGvlo7vbKWjuAFyoyH1DP0UOVsbpgLZ8rkZ9+Ug4NyG
/4+5mJiGQVHAPVh26EQWE7whvQCxDWjmRQ1c94W/xZc=
]
INFO	[2014-05-02 11:01:09:414] <7974> VERIFY OK
INFO	[2014-05-02 11:01:09:414] <7974> PARSE HEAD OK
INFO	[2014-05-02 11:01:09:418] <7974> PARSE BODY OK
INFO	[2014-05-02 11:01:09:422] <7974> DECRYPT OK
DEBUG	[2014-05-02 11:01:09:423] <7974> DECRYPT MSG:[<?xml version="1.0" encoding="UTF-8"?>
<PaymentInfo>
  <Payment>
    <EASYPAY/>
    <Card>
      <CARD_ApplPrice>79000</CARD_ApplPrice>
      <CARD_Num>540447000137</CARD_Num>
      <CARD_Expire></CARD_Expire>
      <CARD_Code>12</CARD_Code>
      <CARD_BankCode>00</CARD_BankCode>
      <CARD_Quota>03</CARD_Quota>
      <CARD_Interest>0</CARD_Interest>
      <CARD_Point></CARD_Point>
      <CARD_AuthType>99</CARD_AuthType>
      <CARD_RegNum></CARD_RegNum>
      <CARD_ApplDate>20140502</CARD_ApplDate>
      <CARD_ApplTime>110109</CARD_ApplTime>
      <CARD_ApplNum>46281209</CARD_ApplNum>
      <CARD_TerminalNum>019048y000</CARD_TerminalNum>
      <CARD_MemberNum></CARD_MemberNum>
      <CARD_PurchaseCode></CARD_PurchaseCode>
      <CARD_ResultCode>120000</CARD_ResultCode>
      <CARD_ResultMsg urlencode="1">%C1%A4%BB%F3%C3%B3%B8%AE%B5%C7%BE%FA%BD%C0%B4%CF%B4%D9.</CARD_ResultMsg>
      <CARD_PrtcCode>1</CARD_PrtcCode>
      <CARD_Quota_Point>03</CARD_Quota_Point>
      <CARD_CheckFlag>0</CARD_CheckFlag>
      <CARD_PurchaseName urlencode="1"></CARD_PurchaseName>
      <CARD_IssuerName urlencode="1"></CARD_IssuerName>
      <CARD_JoinUsePoint></CARD_JoinUsePoint>
    </Card>
  </Payment>
</PaymentInfo>]
INFO	[2014-05-02 11:01:09:425] <7974> DECRYPT PARSE OK
INFO	[2014-05-02 11:01:09:425] <7974> WAIT ACK INVOKING
DEBUG	[2014-05-02 11:01:09:426] <7974> MAKE HEAD OK
INFO	[2014-05-02 11:01:09:429] <7974> SUCCESS ACK INVOKING
INFO	[2014-05-02 11:01:09:429] <7974> END securepay 정상처리되었습니다. Laptime:[0.96sec]
INFO	[2014-05-02 11:01:09:429] <7974> ===============================================================
