INFO	[2014-01-21 16:23:06:399] <20277> START INIPHP chkfake (V5031-111123)(OS:Linux2.6.18-371.3.1.el5,PHP:5.2.17)
DEBUG	[2014-01-21 16:23:06:403] <20277> inipayhome:/www/loosfly_godo_co_kr/shop/order/card/inipay
DEBUG	[2014-01-21 16:23:06:403] <20277> type:chkfake
DEBUG	[2014-01-21 16:23:06:403] <20277> debug:true
DEBUG	[2014-01-21 16:23:06:403] <20277> enctype:asym
DEBUG	[2014-01-21 16:23:06:403] <20277> admin:1111
DEBUG	[2014-01-21 16:23:06:403] <20277> checkopt:false
DEBUG	[2014-01-21 16:23:06:403] <20277> mid:GODOloosfl
DEBUG	[2014-01-21 16:23:06:403] <20277> price:89000
DEBUG	[2014-01-21 16:23:06:403] <20277> nointerest:no
DEBUG	[2014-01-21 16:23:06:403] <20277> quotabase:선택:일시불:2개월:3개월:4개월:5개월:6개월:7개월:8개월:9개월:10개월:11개월:12개월
INFO	[2014-01-21 16:23:06:403] <20277> Check Field OK
INFO	[2014-01-21 16:23:06:433] <20277> MERCHANT PRIV KEY LOAD OK
INFO	[2014-01-21 16:23:06:453] <20277> MERCHANT PUB KEY LOAD OK []
INFO	[2014-01-21 16:23:06:456] <20277> CHKFAKE KEY MAKE OK:MjAxNDAxMjExNjIzMDY0NTM2Mzg3NQ==

INFO	[2014-01-21 16:23:06:456] <20277> END chkfake  Laptime:[0.22sec]
INFO	[2014-01-21 16:23:06:456] <20277> ===============================================================
INFO	[2014-01-21 16:29:31:660] <19205> START INIPHP chkfake (V5031-111123)(OS:Linux2.6.18-371.3.1.el5,PHP:5.2.17)
DEBUG	[2014-01-21 16:29:31:660] <19205> inipayhome:/www/loosfly_godo_co_kr/shop/order/card/inipay
DEBUG	[2014-01-21 16:29:31:660] <19205> type:chkfake
DEBUG	[2014-01-21 16:29:31:660] <19205> debug:true
DEBUG	[2014-01-21 16:29:31:660] <19205> enctype:asym
DEBUG	[2014-01-21 16:29:31:660] <19205> admin:1111
DEBUG	[2014-01-21 16:29:31:660] <19205> checkopt:false
DEBUG	[2014-01-21 16:29:31:660] <19205> mid:GODOloosfl
DEBUG	[2014-01-21 16:29:31:660] <19205> price:89000
DEBUG	[2014-01-21 16:29:31:660] <19205> nointerest:no
DEBUG	[2014-01-21 16:29:31:660] <19205> quotabase:선택:일시불:2개월:3개월:4개월:5개월:6개월:7개월:8개월:9개월:10개월:11개월:12개월
INFO	[2014-01-21 16:29:31:661] <19205> Check Field OK
INFO	[2014-01-21 16:29:31:661] <19205> MERCHANT PRIV KEY LOAD OK
INFO	[2014-01-21 16:29:31:661] <19205> MERCHANT PUB KEY LOAD OK []
INFO	[2014-01-21 16:29:31:662] <19205> CHKFAKE KEY MAKE OK:MjAxNDAxMjExNjI5MzE2NjE3NTA2MQ==

INFO	[2014-01-21 16:29:31:663] <19205> END chkfake  Laptime:[0sec]
INFO	[2014-01-21 16:29:31:663] <19205> ===============================================================
