INFO	[2013-12-21 02:32:31:827] <4250> START INIPHP chkfake (V5031-111123)(OS:Linux2.6.18-371.1.2.el5,PHP:5.2.17)
DEBUG	[2013-12-21 02:32:31:827] <4250> inipayhome:/www/loosfly_godo_co_kr/shop/order/card/inipay
DEBUG	[2013-12-21 02:32:31:827] <4250> type:chkfake
DEBUG	[2013-12-21 02:32:31:827] <4250> debug:true
DEBUG	[2013-12-21 02:32:31:827] <4250> enctype:asym
DEBUG	[2013-12-21 02:32:31:827] <4250> admin:1111
DEBUG	[2013-12-21 02:32:31:827] <4250> checkopt:false
DEBUG	[2013-12-21 02:32:31:827] <4250> mid:GODOloosfl
DEBUG	[2013-12-21 02:32:31:827] <4250> price:53400
DEBUG	[2013-12-21 02:32:31:827] <4250> nointerest:no
DEBUG	[2013-12-21 02:32:31:827] <4250> quotabase:선택:일시불:2개월:3개월:4개월:5개월:6개월:7개월:8개월:9개월:10개월:11개월:12개월
INFO	[2013-12-21 02:32:31:827] <4250> Check Field OK
INFO	[2013-12-21 02:32:31:837] <4250> MERCHANT PRIV KEY LOAD OK
INFO	[2013-12-21 02:32:31:841] <4250> MERCHANT PUB KEY LOAD OK []
INFO	[2013-12-21 02:32:31:843] <4250> CHKFAKE KEY MAKE OK:MjAxMzEyMjEwMjMyMzE4NDE0OTkzNw==

INFO	[2013-12-21 02:32:31:843] <4250> END chkfake  Laptime:[0.02sec]
INFO	[2013-12-21 02:32:31:843] <4250> ===============================================================
INFO	[2013-12-21 02:33:07:134] <6077> START INIPHP chkfake (V5031-111123)(OS:Linux2.6.18-371.1.2.el5,PHP:5.2.17)
DEBUG	[2013-12-21 02:33:07:134] <6077> inipayhome:/www/loosfly_godo_co_kr/shop/order/card/inipay
DEBUG	[2013-12-21 02:33:07:134] <6077> type:chkfake
DEBUG	[2013-12-21 02:33:07:134] <6077> debug:true
DEBUG	[2013-12-21 02:33:07:134] <6077> enctype:asym
DEBUG	[2013-12-21 02:33:07:134] <6077> admin:1111
DEBUG	[2013-12-21 02:33:07:134] <6077> checkopt:false
DEBUG	[2013-12-21 02:33:07:134] <6077> mid:GODOloosfl
DEBUG	[2013-12-21 02:33:07:134] <6077> price:53400
DEBUG	[2013-12-21 02:33:07:134] <6077> nointerest:no
DEBUG	[2013-12-21 02:33:07:134] <6077> quotabase:선택:일시불:2개월:3개월:4개월:5개월:6개월:7개월:8개월:9개월:10개월:11개월:12개월
INFO	[2013-12-21 02:33:07:135] <6077> Check Field OK
INFO	[2013-12-21 02:33:07:136] <6077> MERCHANT PRIV KEY LOAD OK
INFO	[2013-12-21 02:33:07:136] <6077> MERCHANT PUB KEY LOAD OK []
INFO	[2013-12-21 02:33:07:138] <6077> CHKFAKE KEY MAKE OK:MjAxMzEyMjEwMjMzMDcxMzY3MTIxNg==

INFO	[2013-12-21 02:33:07:138] <6077> END chkfake  Laptime:[0.01sec]
INFO	[2013-12-21 02:33:07:138] <6077> ===============================================================
INFO	[2013-12-21 02:33:10:520] <23931> START INIPHP chkfake (V5031-111123)(OS:Linux2.6.18-371.1.2.el5,PHP:5.2.17)
DEBUG	[2013-12-21 02:33:10:520] <23931> inipayhome:/www/loosfly_godo_co_kr/shop/order/card/inipay
DEBUG	[2013-12-21 02:33:10:520] <23931> type:chkfake
DEBUG	[2013-12-21 02:33:10:520] <23931> debug:true
DEBUG	[2013-12-21 02:33:10:520] <23931> enctype:asym
DEBUG	[2013-12-21 02:33:10:520] <23931> admin:1111
DEBUG	[2013-12-21 02:33:10:520] <23931> checkopt:false
DEBUG	[2013-12-21 02:33:10:520] <23931> mid:GODOloosfl
DEBUG	[2013-12-21 02:33:10:520] <23931> price:53400
DEBUG	[2013-12-21 02:33:10:520] <23931> nointerest:no
DEBUG	[2013-12-21 02:33:10:520] <23931> quotabase:선택:일시불:2개월:3개월:4개월:5개월:6개월:7개월:8개월:9개월:10개월:11개월:12개월
INFO	[2013-12-21 02:33:10:521] <23931> Check Field OK
INFO	[2013-12-21 02:33:10:521] <23931> MERCHANT PRIV KEY LOAD OK
INFO	[2013-12-21 02:33:10:521] <23931> MERCHANT PUB KEY LOAD OK []
INFO	[2013-12-21 02:33:10:523] <23931> CHKFAKE KEY MAKE OK:MjAxMzEyMjEwMjMzMTA1MjE2ODMzNA==

INFO	[2013-12-21 02:33:10:523] <23931> END chkfake  Laptime:[0sec]
INFO	[2013-12-21 02:33:10:523] <23931> ===============================================================
INFO	[2013-12-21 02:37:58:799] <15595> START INIPHP securepay (V5031-111123)(OS:Linux2.6.18-371.1.2.el5,PHP:5.2.17)
DEBUG	[2013-12-21 02:37:58:799] <15595> inipayhome:/www/loosfly_godo_co_kr/shop/order/card/inipay
DEBUG	[2013-12-21 02:37:58:799] <15595> type:securepay
DEBUG	[2013-12-21 02:37:58:799] <15595> pgid:INIphpCARD
DEBUG	[2013-12-21 02:37:58:799] <15595> subpgip:203.238.3.10
DEBUG	[2013-12-21 02:37:58:799] <15595> admin:1111
DEBUG	[2013-12-21 02:37:58:799] <15595> debug:true
DEBUG	[2013-12-21 02:37:58:799] <15595> uid:
DEBUG	[2013-12-21 02:37:58:799] <15595> goodname:Souplesse Lace Leotard (White)
DEBUG	[2013-12-21 02:37:58:799] <15595> currency:WON
DEBUG	[2013-12-21 02:37:58:799] <15595> mid:GODOloosfl
DEBUG	[2013-12-21 02:37:58:799] <15595> rn:MjAxMzEyMjEwMjMzMTA1MjE2ODMzNA==

DEBUG	[2013-12-21 02:37:58:799] <15595> price:53400
DEBUG	[2013-12-21 02:37:58:799] <15595> enctype:
DEBUG	[2013-12-21 02:37:58:799] <15595> buyername:전하나
DEBUG	[2013-12-21 02:37:58:799] <15595> buyertel:010-8565-1101
DEBUG	[2013-12-21 02:37:58:799] <15595> buyeremail:jhn8734@naver.com
DEBUG	[2013-12-21 02:37:58:799] <15595> paymethod:Card
DEBUG	[2013-12-21 02:37:58:799] <15595> encrypted:Version=4.1&PayMethod=Card&RsaKeyNum=1&EncryptionAlgorithm=SEED-CBC&SignAlgorithm=RSAwithSHA1&CertVer=39&moid=1387560775579&ver_trace=main(6076,6049)card(6098,6092)n(6008)Cs(6021)Dt(6002)Pa(6002)Cf(6024)Fv(0000)La(6117)Re(6071)Vr(6006)P(6033)en(6031)nP(6004)&pg1=211.219.96.180&pg2=203.238.37.3&pg1ip=211.219.96.180&pg2ip=203.238.37.3&agreeflag=1111&Data=TfPLopkrfnPtxjjmwkJBkOTLD9rzabYmAua/GIR9ibQ5Kgyc9RFy8GUdIgo6zz4P
BUkKXH+QZZhu367C+aVR6ScMV73bdLubLBRlTKLpmrU+GgADJDi/SNhC+1UQS6CL
fTZtRwNjcuiCPO4SlHrzhMj5J75pkI5iX48QoOUCnQw4BeQIPhh0qXVoRgUjlu0T
5BV3vHylNWIbvVsXLgr5ulRw2eyEd8IUktc2JsWWkyJVY5OhGgNeTp5FxqN1tAQo
FuGQxhkzUVJd6TdhIRPJfPy3Q/mD8Yna/+j5o/aqYjPJafRVjYA5oRd9mgjCpB4O
N/vyyT7TRb7y2RZJKcpYN+7V8A/CqVQPROFb587uhRj9g7t+jD8d5Qjd/u8Y2Xzm
C4EtrhGEyRVVXDx3EtBV/N8ktj4Xz2FscAWkSlKGN4uTxjR1pZb96LmGQwt7EFB2
c61tc9bLR5lRV9AGplpjrmNE8+KRVTrAE9QFAKi01Z98LAzo466CR3qqNehbWHpe
ExrkqRLE5wLdIAWomOnwK0VJ1tEDNQ9jBMDUDDiNfl0P2upArsPkL+I8gQbOlGXy
ptGldizj6JkZanmDuYUiimdaUqT3gh3KTlk8BNOtMpqx0MFYqTEZs43ZHOZe7t01
7AdPWR9Xb/hgdDP+7W1ody8ciDb2cy2zVINsd+b/gFdcuUe29soh0l1mHugu78EK
DEBUG	[2013-12-21 02:37:58:799] <15595> sessionkey:Ag57JKaV3ehEa8rS5OiSf+uWgDtWQgDhlpqiam+JLIJLUkNCorS6cPLJeFU7nz0B
LI6Iteko+/riH8vW9oiWqnK6JTqM2VvL1UfWtNVOBXoAEkm8J7ngLXdNFOGTALqM
G6qLafkxhQzK7zeIHoVfythLT36Y4pW9xmyTW3Qtsi8=
DEBUG	[2013-12-21 02:37:58:799] <15595> url:http://www.loosfly.com
DEBUG	[2013-12-21 02:37:58:799] <15595> cardcode:14
DEBUG	[2013-12-21 02:37:58:799] <15595> parentemail:jhn8734@naver.com
DEBUG	[2013-12-21 02:37:58:799] <15595> recvname:전하나
DEBUG	[2013-12-21 02:37:58:799] <15595> recvtel:010-8565-1101
DEBUG	[2013-12-21 02:37:58:799] <15595> recvaddr:대구광역시 북구 동천동 913 107동 1702호
DEBUG	[2013-12-21 02:37:58:799] <15595> recvpostnum:702-739
DEBUG	[2013-12-21 02:37:58:799] <15595> recvmsg:
DEBUG	[2013-12-21 02:37:58:799] <15595> joincard:
DEBUG	[2013-12-21 02:37:58:799] <15595> joinexpire:
DEBUG	[2013-12-21 02:37:58:799] <15595> id_customer:
INFO	[2013-12-21 02:37:58:799] <15595> Check Field OK
INFO	[2013-12-21 02:37:58:800] <15595> Make TID OK INIphpCARDGODOloosfl20131221023758998149
INFO	[2013-12-21 02:37:58:800] <15595> PI PUB KEY LOAD OK [39]
INFO	[2013-12-21 02:37:58:801] <15595> PG PUB KEY LOAD OK [30]
INFO	[2013-12-21 02:37:58:802] <15595> MERCHANT PRIV KEY LOAD OK
INFO	[2013-12-21 02:37:58:802] <15595> MERCHANT PUB KEY LOAD OK [0]
INFO	[2013-12-21 02:37:58:803] <15595> MAKE BODY OK
INFO	[2013-12-21 02:37:58:805] <15595> SIGN OK
INFO	[2013-12-21 02:37:58:805] <15595> MAKE HEAD OK
INFO	[2013-12-21 02:37:58:805] <15595> MSG_TO_PG:[0299700175R SHA1                   0                  39                  300200GODOloosfl               53400INIphpCARDGODOloosfl20131221023758998149<?xml version="1.0" encoding="UTF-8"?>
<INIpay>
	  <GoodsInfo>
	    <GoodsCnt>1</GoodsCnt>
	    <MOID/>
	    <Currency>WON</Currency>
	    <Tax/>
	    <TaxFree/>
	    <Goods>
	      <SMID>GODOloosfl</SMID>
	      <GoodsName urlencode="1">Souplesse+Lace+Leotard+%28White%29</GoodsName>
	      <GoodsPrice>53400</GoodsPrice></Goods></GoodsInfo>
	  <BuyerInfo>
	    <BuyerName urlencode="1">%C0%FC%C7%CF%B3%AA</BuyerName>
	    <BuyerTel>010-8565-1101</BuyerTel>
	    <BuyerEmail urlencode="1">jhn8734%40naver.com</BuyerEmail>
	    <ParentEmail urlencode="1">jhn8734%40naver.com</ParentEmail>
	    <RecvName urlencode="1">%C0%FC%C7%CF%B3%AA</RecvName>
	    <RecvTel urlencode="1">010-8565-1101</RecvTel>
	    <RecvMsg/>
	    <RecvAddr urlencode="1">%B4%EB%B1%B8%B1%A4%BF%AA%BD%C3+%BA%CF%B1%B8+%B5%BF%C3%B5%B5%BF+913+107%B5%BF+1702%C8%A3</RecvAddr>
	    <RecvPostNum urlencode="1">702-739</RecvPostNum></BuyerInfo>
	  <PaymentInfo>
	    <Payment>
	      <PayMethod>Card</PayMethod>
	      <JoinCard/>
	      <JoinExpire/>
	      <MailOrder/>
	      <SessionKey>Ag57JKaV3ehEa8rS5OiSf+uWgDtWQgDhlpqiam+JLIJLUkNCorS6cPLJeFU7nz0B
LI6Iteko+/riH8vW9oiWqnK6JTqM2VvL1UfWtNVOBXoAEkm8J7ngLXdNFOGTALqM
G6qLafkxhQzK7zeIHoVfythLT36Y4pW9xmyTW3Qtsi8=</SessionKey>
	      <Encrypted urlencode="1">Version%3D4.1%26PayMethod%3DCard%26RsaKeyNum%3D1%26EncryptionAlgorithm%3DSEED-CBC%26SignAlgorithm%3DRSAwithSHA1%26CertVer%3D39%26moid%3D1387560775579%26ver_trace%3Dmain%286076%2C6049%29card%286098%2C6092%29n%286008%29Cs%286021%29Dt%286002%29Pa%286002%29Cf%286024%29Fv%280000%29La%286117%29Re%286071%29Vr%286006%29P%286033%29en%286031%29nP%286004%29%26pg1%3D211.219.96.180%26pg2%3D203.238.37.3%26pg1ip%3D211.219.96.180%26pg2ip%3D203.238.37.3%26agreeflag%3D1111%26Data%3DTfPLopkrfnPtxjjmwkJBkOTLD9rzabYmAua%2FGIR9ibQ5Kgyc9RFy8GUdIgo6zz4P%0D%0ABUkKXH%2BQZZhu367C%2BaVR6ScMV73bdLubLBRlTKLpmrU%2BGgADJDi%2FSNhC%2B1UQS6CL%0D%0AfTZtRwNjcuiCPO4SlHrzhMj5J75pkI5iX48QoOUCnQw4BeQIPhh0qXVoRgUjlu0T%0D%0A5BV3vHylNWIbvVsXLgr5ulRw2eyEd8IUktc2JsWWkyJVY5OhGgNeTp5FxqN1tAQo%0D%0AFuGQxhkzUVJd6TdhIRPJfPy3Q%2FmD8Yna%2F%2Bj5o%2FaqYjPJafRVjYA5oRd9mgjCpB4O%0D%0AN%2FvyyT7TRb7y2RZJKcpYN%2B7V8A%2FCqVQPROFb587uhRj9g7t%2BjD8d5Qjd%2Fu8Y2Xzm%0D%0AC4EtrhGEyRVVXDx3EtBV%2FN8ktj4Xz2FscAWkSlKGN4uTxjR1pZb96LmGQwt7EFB2%0D%0Ac61tc9bLR5lRV9AGplpjrmNE8%2BKRVTrAE9QFAKi01Z98LAzo466CR3qqNehbWHpe%0D%0AExrkqRLE5wLdIAWomOnwK0VJ1tEDNQ9jBMDUDDiNfl0P2upArsPkL%2BI8gQbOlGXy%0D%0AptGldizj6JkZanmDuYUiimdaUqT3gh3KTlk8BNOtMpqx0MFYqTEZs43ZHOZe7t01%0D%0A7AdPWR9Xb%2FhgdDP%2B7W1ody8ciDb2cy2zVINsd%2Bb%2FgFdcuUe29soh0l1mHugu78EK</Encrypted></Payment></PaymentInfo>
	  <ReservedInfo>
	    <MReserved1/>
	    <MReserved2/>
	    <MReserved3/></ReservedInfo>
	  <ManageInfo>
	    <Language/>
	    <URL urlencode="1">http%3A%2F%2Fwww.loosfly.com</URL>
	    <TXVersion>5031B111123securLinux     PHPchkfake   2.6.18-371.1.2.el5PHP:5.2.17  </TXVersion>
	    <TXUserID/>
	    <TXRegNum/>
	    <Ack>1</Ack>
	    <TXRN>MjAxMzEyMjEwMjMzMTA1MjE2ODMzNA==
</TXRN></ManageInfo></INIpay>ARl4YhbQ0ffvW6VaxGc05lv2lshdfwDpLFEYpxja8vYYBobTemCSZxTFSSHr4Bzj
3i7fOQmFmS5GwZ7K/4PsyZZwXgb62v2YCkR4C2phbLffu8iJChiATE4jxUDxnztZ
GgfqctkzGygWVShjxNN3QTX5m2hkIKc2IS6O6fTRCU/2
]
INFO	[2013-12-21 02:37:58:805] <15595> DNS LOOKUP OK(211.219.96.180:211.219.96.180:34049) laptime:0
INFO	[2013-12-21 02:37:58:807] <15595> SOCKET CONNECT OK
INFO	[2013-12-21 02:37:58:808] <15595> SEND OK
INFO	[2013-12-21 02:37:59:780] <15595> RECV OK
INFO	[2013-12-21 02:37:59:780] <15595> MSG_FROM_PG:[0299200175D SHA1                   0                  39                  300210GODOloosfl               53400INIphpCARDGODOloosfl20131221023758998149<?xml version="1.0" encoding="UTF-8"?>
<INIpay>
  <GoodsInfo>
    <GoodsCnt>1</GoodsCnt>
    <MOID urlencode="1">1387560775579</MOID>
    <Currency>WON</Currency>
    <Goods no="1">
      <SMID>GODOloosfl</SMID>
      <GoodsName urlencode="1">Souplesse+Lace+Leotard+%28White%29</GoodsName>
      <GoodsCntS>1</GoodsCntS>
      <GoodsPrice>53400</GoodsPrice>
    </Goods>
  </GoodsInfo>
  <PaymentInfo>
    <Payment>
      <SessionKey>ACTUhtJnOexXnTpJUBN9v9kPd0Lg8c4YIwb/wsQDA6yFW37sZ0HcSXCCH38DB6E8
Dts4+2s3UTrmCRaiFXhCRQqALDnBl0h+bfL0vFWD/2dIGK8rVZAWdaDHUDX9mgqN
v6DLKMkwaQhxC3zMGXiy8h/oeHPbnPVG3pT4MdkoTiN7+YCGCEp702c=
</SessionKey>
      <Encrypted>MhkYzSlVcu7QkZ0uCKfFgs594zopt3UQjA6pxvAdo5sSjKNnrZCRD/NwSFNbgJZy
lavHaWze7zvGzUmZyUNx5dsY+gJu4t08om0Dho95bI+2npyZ55i8r5OdKq2JrojJ
YqzvbQN0cRcIOIlZXYv2gxMEj8qN2VswxKAIEM//dNpXHPDhK6hfEi3pKFH5D/A5
LqnJnhoAdw9z5urO7rs+G5abuL9gzdZ2YxuBhpycuRU2jh/ru3ciFyHvovYg+hHA
zOa8hJQyTtcMSXteeIBoykR1KfpG1JErDuwdfQof0zzRNPStx+mPvjgIHzebhVfB
ADDyH/jgtPwQvtP+XwBak92U7QK+VNseTrJEvEED65WlTVy+6HC7CmsddDodD/ad
y3B1rYOYSZC5GQvRYZfYCxfEcBDna+3ZTrkzIIEGzIoUiTAy1ja0cXo815XFj8Yy
K8BLEvxRdLagG/OOhE4bKViVgrkcC8DmXKnqQXUxILr/xr1LCpz2NWLVCBmHFjCQ
Pn+vTLYT3qO0X0K8jhyFKRfa1qtX9xA4z6XlUR0tDKx5RHCswY990pqI9DqHukYK
eh90mduCdZhTs6/lsUVihrnLVGXFwyCDl3jYhTlUxsbe4AwKeYA3e/w5D154R7B1
RgCGTH+lY0/NkrxafJlIJC4Q1HsXwF3xRbaaI3KpngcZ4PvoiXZQUeNf85tfAdUJ
lT5qNoPRmHAYiAf1daVVNvA9jHhdT0BPkL4eQrrfZOf7lCR1OJjBs7w49VdAlxKv
rgu59Je+5c67l1GHRXdgZaNc2ujFtfMfE13ZUlMP1CI+KXgP8gkMA1v0dewUWFo5
CTnmBuRO7m4Y9yXss9LRT6B3gm78Sz1tU362d+7APlTkQunTEvBiaCN0lVemJBpI
AHLMlcFckgVDQwcxoEFW1Dq/AcSMizBzbj02xmlYIYJ5+SwZae0OYPWHZ+UMeZSd
k6qNzkq2WIzNgj3rkx5CP2pgiodLR6g6jVsX9IHDjgmj4PKfyWq1c1FCSRDXuraK
DprWIgKAUucKO8SpyimjuY2RFcV9uXaOeIv2fswAMoeWcki7AArQ32wudJ6esntC
H3nZQS62xscgO3pA9rMZQl7necDlQIIM7QUxtT4L1DZWo4qfa2hjmOJutQaoAeN+
H6IwljZi2Xp+ypQyh7r240KImGDUYVpSw9cfcue2aFtd4kL789NHpWvMlzJxQFHF
5KjzR51gjpPnfcjM0fF+Jb2mw1KGLiLbrBdGu5SoFB34EeK/2+4HmgcgVEtQIBaE
BBCEqw7SUWOZ5wm+iLvtV0TO3bI/OGCRGUOz91QCbfDQCRwG85Akw6JmhyNyrzRV
6qmdkrk90AGXByvbOihOn2hnnUJmmCXNF9LEF7Mo+LOFuF8GFtUkYsGElNPX7/jL
iV4HbvlAWDoNnTyxlrZg8ahxpzZYqYxhwEtAgHnWVARf+53gD5jTuLOuYtMu9AAJ
VSAbsUw9uGLz56mDV6jSNQKpDO2oN9C7dabMBKQe1A9V8TdY6oNzunNB8/2ylmUa
PI48Fyh6ivvicvw3HUOzmZZZxpdD1rklSguJuogRLjKu1DAyXRxw1GuJrny3iFEf
cno/LUPriX39cxqhDoKe+tT/So/jGXhm
</Encrypted>
      <PayMethod>Card</PayMethod>
      <ResultCode>120000</ResultCode>
      <ResultMsg urlencode="1">%C1%A4%BB%F3%C3%B3%B8%AE%B5%C7%BE%FA%BD%C0%B4%CF%B4%D9.</ResultMsg>
    </Payment>
  </PaymentInfo>
  <ManageInfo>
    <EventCode></EventCode>
    <OrgCurrency></OrgCurrency>
    <ExchangeRate></ExchangeRate>
    <OrgPrice></OrgPrice>
  </ManageInfo>
  <ReservedInfo>
    <MReserved1 urlencode="1"></MReserved1>
    <MReserved2 urlencode="1"></MReserved2>
    <MReserved3 urlencode="1"></MReserved3>
    <PGReserved1 urlencode="1"></PGReserved1>
    <PGReserved2 urlencode="1"></PGReserved2>
    <PGReserved3 urlencode="1"></PGReserved3>
  </ReservedInfo>
</INIpay>
t/y0iX/9uxWHc9tCzx7MYfRf+nG+K1vkRHrLoQg8fFNy1AuV+xdYE/N7bppqPNKF
k0GVI0NLIIfjBU2YUqcM7EAYFUYh73FXSZCMOJ6ZFNa3PcId5ig3L4K9XVFFcjr0
7vGE72+KYRfjNiQyL5rGUt3mE4mfhL3azsShnrOh60U=
]
INFO	[2013-12-21 02:37:59:780] <15595> VERIFY OK
INFO	[2013-12-21 02:37:59:780] <15595> PARSE HEAD OK
INFO	[2013-12-21 02:37:59:783] <15595> PARSE BODY OK
INFO	[2013-12-21 02:37:59:785] <15595> DECRYPT OK
DEBUG	[2013-12-21 02:37:59:785] <15595> DECRYPT MSG:[<?xml version="1.0" encoding="UTF-8"?>
<PaymentInfo>
  <Payment>
    <EASYPAY/>
    <Card>
      <CARD_ApplPrice>53400</CARD_ApplPrice>
      <CARD_Num>356297453394</CARD_Num>
      <CARD_Expire></CARD_Expire>
      <CARD_Code>14</CARD_Code>
      <CARD_BankCode>26</CARD_BankCode>
      <CARD_Quota>00</CARD_Quota>
      <CARD_Interest>0</CARD_Interest>
      <CARD_Point></CARD_Point>
      <CARD_AuthType>99</CARD_AuthType>
      <CARD_RegNum></CARD_RegNum>
      <CARD_ApplDate>20131221</CARD_ApplDate>
      <CARD_ApplTime>023800</CARD_ApplTime>
      <CARD_ApplNum>14094074</CARD_ApplNum>
      <CARD_TerminalNum>019048y000</CARD_TerminalNum>
      <CARD_MemberNum></CARD_MemberNum>
      <CARD_PurchaseCode></CARD_PurchaseCode>
      <CARD_ResultCode>120000</CARD_ResultCode>
      <CARD_ResultMsg urlencode="1">%C1%A4%BB%F3%C3%B3%B8%AE%B5%C7%BE%FA%BD%C0%B4%CF%B4%D9.</CARD_ResultMsg>
      <CARD_PrtcCode>1</CARD_PrtcCode>
      <CARD_Quota_Point>00</CARD_Quota_Point>
      <CARD_CheckFlag>0</CARD_CheckFlag>
      <CARD_PurchaseName urlencode="1"></CARD_PurchaseName>
      <CARD_IssuerName urlencode="1"></CARD_IssuerName>
      <CARD_JoinUsePoint></CARD_JoinUsePoint>
    </Card>
  </Payment>
</PaymentInfo>]
INFO	[2013-12-21 02:37:59:787] <15595> DECRYPT PARSE OK
INFO	[2013-12-21 02:37:59:787] <15595> WAIT ACK INVOKING
DEBUG	[2013-12-21 02:37:59:787] <15595> MAKE HEAD OK
INFO	[2013-12-21 02:37:59:790] <15595> SUCCESS ACK INVOKING
INFO	[2013-12-21 02:37:59:790] <15595> END securepay 정상처리되었습니다. Laptime:[0.99sec]
INFO	[2013-12-21 02:37:59:790] <15595> ===============================================================
