INFO	[2014-09-23 16:37:52:446] <27407> START INIPHP chkfake (V5031-111123)(OS:Linux2.6.18-371.11.1.el5,PHP:5.2.17)
DEBUG	[2014-09-23 16:37:52:456] <27407> inipayhome:/www/loosfly_godo_co_kr/shop/order/card/inipay
DEBUG	[2014-09-23 16:37:52:456] <27407> type:chkfake
DEBUG	[2014-09-23 16:37:52:456] <27407> debug:true
DEBUG	[2014-09-23 16:37:52:456] <27407> enctype:asym
DEBUG	[2014-09-23 16:37:52:456] <27407> admin:1111
DEBUG	[2014-09-23 16:37:52:456] <27407> checkopt:false
DEBUG	[2014-09-23 16:37:52:456] <27407> mid:GODOloosfl
DEBUG	[2014-09-23 16:37:52:456] <27407> price:89000
DEBUG	[2014-09-23 16:37:52:456] <27407> nointerest:no
DEBUG	[2014-09-23 16:37:52:456] <27407> quotabase:선택:일시불:2개월:3개월:4개월:5개월:6개월:7개월:8개월:9개월:10개월:11개월:12개월
INFO	[2014-09-23 16:37:52:456] <27407> Check Field OK
INFO	[2014-09-23 16:37:52:531] <27407> MERCHANT PRIV KEY LOAD OK
INFO	[2014-09-23 16:37:52:534] <27407> MERCHANT PUB KEY LOAD OK []
INFO	[2014-09-23 16:37:52:536] <27407> CHKFAKE KEY MAKE OK:MjAxNDA5MjMxNjM3NTI1MzQ3Mjg5Nw==

INFO	[2014-09-23 16:37:52:536] <27407> END chkfake  Laptime:[0.16sec]
INFO	[2014-09-23 16:37:52:536] <27407> ===============================================================
INFO	[2014-09-23 16:40:49:466] <27407> START INIPHP securepay (V5031-111123)(OS:Linux2.6.18-371.11.1.el5,PHP:5.2.17)
DEBUG	[2014-09-23 16:40:49:466] <27407> inipayhome:/www/loosfly_godo_co_kr/shop/order/card/inipay
DEBUG	[2014-09-23 16:40:49:466] <27407> type:securepay
DEBUG	[2014-09-23 16:40:49:466] <27407> pgid:INIphpCARD
DEBUG	[2014-09-23 16:40:49:466] <27407> subpgip:203.238.3.10
DEBUG	[2014-09-23 16:40:49:466] <27407> admin:1111
DEBUG	[2014-09-23 16:40:49:466] <27407> debug:true
DEBUG	[2014-09-23 16:40:49:466] <27407> uid:
DEBUG	[2014-09-23 16:40:49:466] <27407> goodname:Basic Sleeved Lace Leotard (Black)
DEBUG	[2014-09-23 16:40:49:466] <27407> currency:WON
DEBUG	[2014-09-23 16:40:49:466] <27407> mid:GODOloosfl
DEBUG	[2014-09-23 16:40:49:466] <27407> rn:MjAxNDA5MjMxNjM3NTI1MzQ3Mjg5Nw==

DEBUG	[2014-09-23 16:40:49:466] <27407> price:89000
DEBUG	[2014-09-23 16:40:49:466] <27407> enctype:
DEBUG	[2014-09-23 16:40:49:466] <27407> buyername:홍혜수
DEBUG	[2014-09-23 16:40:49:466] <27407> buyertel:010-2497-9749
DEBUG	[2014-09-23 16:40:49:466] <27407> buyeremail:hye9749@hanmail.net
DEBUG	[2014-09-23 16:40:49:466] <27407> paymethod:Card
DEBUG	[2014-09-23 16:40:49:466] <27407> encrypted:Version=4.1&PayMethod=Card&RsaKeyNum=1&EncryptionAlgorithm=SEED-CBC&SignAlgorithm=RSAwithSHA1&CertVer=39&moid=1411457818587&ver_trace=main(6086,6053)card(6114,6104)n(6008)Cs(6022)Dt(6002)Pa(6002)Cf(6024)Fv(0000)La(6130)Re(6083)Vr(6006)P(6033)en(6038)nP(6006)&pg1=211.219.96.180&pg2=203.238.37.3&pg1ip=211.219.96.180&pg2ip=203.238.37.3&agreeflag=1111&Data=fmEFlffyXjsRul1Kio0o1UgRs4zNHJ5JzxXhexTJ19U35YfjxazyeH0Expc4XWKU
ZSHDtZFsc9FjT9vG81eMjAomtwracD/VoI7Evt4rrRCgBhidlCKZw99AAJ2zpB3V
wQGasY78Oy4awt+8miKCnKFrQp61qwf4MvRt/I5ZXtN2lartNAB+GQYgazV8tH4n
hDPumaA7pdfOqFXvAprl8DgaMZbQGKRikcIqKqxwzfGLVNw4P6pIFbeCKo984pGI
K5iw3NzBPBxlekmAPmmUYHW7pUlc5K15p3l6eWND3j4FMlFvx6J6koAmUWNIaUTg
lvVD1rxL1NU/5ezwPTe/qFYUEJsV4cRAYzKMxcycWTGzWVoXkCI3bVuhpliWmydB
C4RX4jOC18iSy1OjHJeXBYzEvFTU0GPzfGSM7LDBV3cxbgGVsQQVTARGw4LDUs97
NsJe6BiFQvKqB+IVIFAkowdg4gYfLY55cyVaGsef+85ixz7/hWDptq0ql64S6s5X
klciRrf05nUL7NBqgXoRyoJlERzBWDxs+U13KdA+pCKlk69fU88zNFKpOWolfwlA
XgL3ur6MzdIunJ4rENecFQtvMzHOMUlnaTBHllJnELuLfpwIkMzwvHgVyleB46Sn
uuE6Eva8mo9am+ZdR6yjwIaZRRSkvBfqqWyLhW9xO1E0Bza4ptvWqMxrX0w=
DEBUG	[2014-09-23 16:40:49:466] <27407> sessionkey:UbcCKBnpsUA1TgN+g3gT3BmWBqVfzfyWpTwyq1dNn1q6cqn1A1oN/d1H37MwaNHP
deaZGAZwUXf+1TCtxtATz2iRDNb7oQ4qLVHmHe6nzB4qqxKSflZVLynGNWlhyPns
Bjewj546K+MSP9/Xn7tHb+Qcen1bnu6tZd0tyDMFNcY=
DEBUG	[2014-09-23 16:40:49:466] <27407> url:http://www.loosfly.com
DEBUG	[2014-09-23 16:40:49:466] <27407> cardcode:03
DEBUG	[2014-09-23 16:40:49:466] <27407> parentemail:hye9749@hanmail.net
DEBUG	[2014-09-23 16:40:49:466] <27407> recvname:홍혜수
DEBUG	[2014-09-23 16:40:49:466] <27407> recvtel:010-2497-9749
DEBUG	[2014-09-23 16:40:49:466] <27407> recvaddr:부산 수영구 남천1동 엑슬루타워 101동 1204호
DEBUG	[2014-09-23 16:40:49:466] <27407> recvpostnum:613-011
DEBUG	[2014-09-23 16:40:49:466] <27407> recvmsg:이번주말 면접이 있어서 최대한 빠른 배송 부탁드립니다. 
DEBUG	[2014-09-23 16:40:49:466] <27407> joincard:
DEBUG	[2014-09-23 16:40:49:466] <27407> joinexpire:
DEBUG	[2014-09-23 16:40:49:466] <27407> id_customer:
INFO	[2014-09-23 16:40:49:466] <27407> Check Field OK
INFO	[2014-09-23 16:40:49:466] <27407> Make TID OK INIphpCARDGODOloosfl20140923164049667718
INFO	[2014-09-23 16:40:49:466] <27407> PI PUB KEY LOAD OK [39]
INFO	[2014-09-23 16:40:49:472] <27407> PG PUB KEY LOAD OK [30]
INFO	[2014-09-23 16:40:49:473] <27407> MERCHANT PRIV KEY LOAD OK
INFO	[2014-09-23 16:40:49:473] <27407> MERCHANT PUB KEY LOAD OK [0]
INFO	[2014-09-23 16:40:49:476] <27407> MAKE BODY OK
INFO	[2014-09-23 16:40:49:478] <27407> SIGN OK
INFO	[2014-09-23 16:40:49:478] <27407> MAKE HEAD OK
INFO	[2014-09-23 16:40:49:478] <27407> MSG_TO_PG:[0316800175R SHA1                   0                  39                  300200GODOloosfl               89000INIphpCARDGODOloosfl20140923164049667718<?xml version="1.0" encoding="UTF-8"?>
<INIpay>
	  <GoodsInfo>
	    <GoodsCnt>1</GoodsCnt>
	    <MOID/>
	    <Currency>WON</Currency>
	    <Tax/>
	    <TaxFree/>
	    <Goods>
	      <SMID>GODOloosfl</SMID>
	      <GoodsName urlencode="1">Basic+Sleeved+Lace+Leotard+%28Black%29</GoodsName>
	      <GoodsPrice>89000</GoodsPrice></Goods></GoodsInfo>
	  <BuyerInfo>
	    <BuyerName urlencode="1">%C8%AB%C7%FD%BC%F6</BuyerName>
	    <BuyerTel>010-2497-9749</BuyerTel>
	    <BuyerEmail urlencode="1">hye9749%40hanmail.net</BuyerEmail>
	    <ParentEmail urlencode="1">hye9749%40hanmail.net</ParentEmail>
	    <RecvName urlencode="1">%C8%AB%C7%FD%BC%F6</RecvName>
	    <RecvTel urlencode="1">010-2497-9749</RecvTel>
	    <RecvMsg urlencode="1">%C0%CC%B9%F8%C1%D6%B8%BB+%B8%E9%C1%A2%C0%CC+%C0%D6%BE%EE%BC%AD+%C3%D6%B4%EB%C7%D1+%BA%FC%B8%A5+%B9%E8%BC%DB+%BA%CE%C5%B9%B5%E5%B8%B3%B4%CF%B4%D9.+</RecvMsg>
	    <RecvAddr urlencode="1">%BA%CE%BB%EA+%BC%F6%BF%B5%B1%B8+%B3%B2%C3%B51%B5%BF+%BF%A2%BD%BD%B7%E7%C5%B8%BF%F6+101%B5%BF+1204%C8%A3</RecvAddr>
	    <RecvPostNum urlencode="1">613-011</RecvPostNum></BuyerInfo>
	  <PaymentInfo>
	    <Payment>
	      <PayMethod>Card</PayMethod>
	      <JoinCard/>
	      <JoinExpire/>
	      <MailOrder/>
	      <SessionKey>UbcCKBnpsUA1TgN+g3gT3BmWBqVfzfyWpTwyq1dNn1q6cqn1A1oN/d1H37MwaNHP
deaZGAZwUXf+1TCtxtATz2iRDNb7oQ4qLVHmHe6nzB4qqxKSflZVLynGNWlhyPns
Bjewj546K+MSP9/Xn7tHb+Qcen1bnu6tZd0tyDMFNcY=</SessionKey>
	      <Encrypted urlencode="1">Version%3D4.1%26PayMethod%3DCard%26RsaKeyNum%3D1%26EncryptionAlgorithm%3DSEED-CBC%26SignAlgorithm%3DRSAwithSHA1%26CertVer%3D39%26moid%3D1411457818587%26ver_trace%3Dmain%286086%2C6053%29card%286114%2C6104%29n%286008%29Cs%286022%29Dt%286002%29Pa%286002%29Cf%286024%29Fv%280000%29La%286130%29Re%286083%29Vr%286006%29P%286033%29en%286038%29nP%286006%29%26pg1%3D211.219.96.180%26pg2%3D203.238.37.3%26pg1ip%3D211.219.96.180%26pg2ip%3D203.238.37.3%26agreeflag%3D1111%26Data%3DfmEFlffyXjsRul1Kio0o1UgRs4zNHJ5JzxXhexTJ19U35YfjxazyeH0Expc4XWKU%0D%0AZSHDtZFsc9FjT9vG81eMjAomtwracD%2FVoI7Evt4rrRCgBhidlCKZw99AAJ2zpB3V%0D%0AwQGasY78Oy4awt%2B8miKCnKFrQp61qwf4MvRt%2FI5ZXtN2lartNAB%2BGQYgazV8tH4n%0D%0AhDPumaA7pdfOqFXvAprl8DgaMZbQGKRikcIqKqxwzfGLVNw4P6pIFbeCKo984pGI%0D%0AK5iw3NzBPBxlekmAPmmUYHW7pUlc5K15p3l6eWND3j4FMlFvx6J6koAmUWNIaUTg%0D%0AlvVD1rxL1NU%2F5ezwPTe%2FqFYUEJsV4cRAYzKMxcycWTGzWVoXkCI3bVuhpliWmydB%0D%0AC4RX4jOC18iSy1OjHJeXBYzEvFTU0GPzfGSM7LDBV3cxbgGVsQQVTARGw4LDUs97%0D%0ANsJe6BiFQvKqB%2BIVIFAkowdg4gYfLY55cyVaGsef%2B85ixz7%2FhWDptq0ql64S6s5X%0D%0AklciRrf05nUL7NBqgXoRyoJlERzBWDxs%2BU13KdA%2BpCKlk69fU88zNFKpOWolfwlA%0D%0AXgL3ur6MzdIunJ4rENecFQtvMzHOMUlnaTBHllJnELuLfpwIkMzwvHgVyleB46Sn%0D%0AuuE6Eva8mo9am%2BZdR6yjwIaZRRSkvBfqqWyLhW9xO1E0Bza4ptvWqMxrX0w%3D</Encrypted></Payment></PaymentInfo>
	  <ReservedInfo>
	    <MReserved1/>
	    <MReserved2/>
	    <MReserved3/></ReservedInfo>
	  <ManageInfo>
	    <Language/>
	    <URL urlencode="1">http%3A%2F%2Fwww.loosfly.com</URL>
	    <TXVersion>5031B111123securLinux     PHPchkfake   2.6.18-371.11.1.el5PHP:5.2.17 </TXVersion>
	    <TXUserID/>
	    <TXRegNum/>
	    <Ack>1</Ack>
	    <TXRN>MjAxNDA5MjMxNjM3NTI1MzQ3Mjg5Nw==
</TXRN></ManageInfo></INIpay>ACVlFw3F16doSRVRRKX6T0xiW5NQ9vDXdoXhAGq5x7TIq6p5V//1pYQ/PtyLvbng
C/VV8O3mI+px3u7vTIwyIJOjhi9T3vfamCAkrqF+ZA+znDfSUskVcDyaVPX6OIWj
nhtsFURMpzcoXT2s6EbfthiT1izQGo65QO3BW8Yz6jdo
]
INFO	[2014-09-23 16:40:49:478] <27407> DNS LOOKUP OK(211.219.96.180:211.219.96.180:34049) laptime:0
INFO	[2014-09-23 16:40:49:481] <27407> SOCKET CONNECT OK
INFO	[2014-09-23 16:40:49:481] <27407> SEND OK
INFO	[2014-09-23 16:40:50:179] <27407> RECV OK
INFO	[2014-09-23 16:40:50:179] <27407> MSG_FROM_PG:[0298900175D SHA1                   0                  39                  300210GODOloosfl               89000INIphpCARDGODOloosfl20140923164049667718<?xml version="1.0" encoding="UTF-8"?>
<INIpay>
  <GoodsInfo>
    <GoodsCnt>1</GoodsCnt>
    <MOID urlencode="1">1411457818587</MOID>
    <Currency>WON</Currency>
    <Goods no="1">
      <SMID>GODOloosfl</SMID>
      <GoodsName urlencode="1">Basic+Sleeved+Lace+Leotard+%28Black%29</GoodsName>
      <GoodsCntS>1</GoodsCntS>
      <GoodsPrice>89000</GoodsPrice>
    </Goods>
  </GoodsInfo>
  <PaymentInfo>
    <Payment>
      <SessionKey>AGnhB/zBvc0Bqn96rDHxmbcYYXmaxQ4y5rb1uOfhu2MG0MvbamggsMfMo68M+NdW
lDFDrgUWVopxuqjVy6BCjupjd/1yCTfoYXNZfrF/xBE/Wowe053yOCOsRbfV+TSD
CGHHOAeAIIrf9VFj4Rd2yHObhgFmd3yxuOHEYb4+b723dk6Ou+/yn2I=
</SessionKey>
      <Encrypted>jTm+EAheyjPnAIxbN/JzM6nBN0wN3XSoNeTRLCeF7lkHF2oeaJdQNMs58QhQSwr7
50CzjJmPLtWb4G51DfVqn7uXHd2kZJn3AO1XE+HDoITvOSYF+GGHXHTf70rUsGGp
5rdB+18iWzFuS04WLnpBx9srpazzJZrzAkb6Mxsb8OIM/p4203q5JhORt51q2Wr+
vUGKpcLyStmne82huebqasUGEgil4Es+lYfX+vWkEoCsnz36wRKvXQBOUS/k/eWr
9e/o2SoF0DSAlgcWfT8k/QDAkZZG5hG9kwsYJiyPD6YP3BwybGv8eawUfpzPaNe+
rRZ8Tit0QrzKkoYK4neQJTDL7k6uMIZayylkOvU5PnWaK/hbTBbsAPtyJPDJsjrh
2AnlifZ14Q4jmBVBn6lQArXU9+8VBa2HH+v+KaJjFUuKb12gMYjGevPlnC/EZ59M
TBBzwGKJAWUPBCROEYdq84ORgOFx5OeaYwVtuyyFEsoTDWcRHXwKWzZxrIwjHBD6
GQmbVYAgvLgVWp69FHy8sDFqpwOmQkK6Hey5oBnA5mbt5Ib6oKWVsTA1PxIWWPqn
25kmqkyXdaTZsSg/SfX5cwGDfDqTavdfUzmTTbHJMl+a0YojoIECKjuKYjsX+yRA
21d7PQs+O2d6Y+wSohYDusN+dabFkwWrLPTTx9+lu0z/dwW30faXc7eHakUpXr8H
DlpKHHDs3dW41eYgVnHHYeFUfO3m0WGKe11j+ju09mF9JLwMohX2MlxpkgcLPgPO
rGo9DLdbyuyVea4mvIyLEzwJONX8VIoPWHspzoPfwxuEmRxX0aVte6RMb26q+iNR
m7OFqhqW4NH0nAX/0zrRenvYT86tlTIDhzH+zevQo3zLBZWzFaF2sCHWPTBIRm5c
s1SSYK8SIjT/8AD23u4oW5pbymF5A8sls8vsjpKUtg/g1cQ4o6iwK8352q2vuuKO
wwvkfbyq64abwS0+ch9Nx0X2g25RGNtvEe4OmGKDa53J2kG5xQjZYqwsPpOxIMJU
F4gaOIMxiRj3tkdqq7pAK+xxk4hichaOk1lZpa45Kj/7nfoSqggljSpHtLDm8Zi5
7W/HPQqPCrhTfNBpr/agqobnW7J7iLi+mtmY5EHYTHcAxeRs9aKQySWVAy8SMGEH
9wkgGK4hei/Gwlus1lIUwyL8eLCEJPztxoELLD6V1vAgbbm+RgV25AEqLo7Hhymb
6g+hX3PV9kw2rM5t7VNQqkzuUWcFhcKTkgGU7FRRTy3uMGNRqjTnCbUwlha+PDQ+
Pdh41F5CJ90MjuGXp2n+c/3ZFJ8CoEv2mHukjqmA00W4on7hGORk5zOVzl6+k09h
qsmGm6q2DwhQ0PndQLS7DPm8wmf14xiBKDMgI2loko84BN2lLleDoIvtkm/gEXcY
R5GVQv9RoFBZiAQuL4Wo07TvXyeYGpWdNMosbOPkGWCNzFaUVCOIb+c1dcywqs0D
DROI+adLhw4BDL3hz3kC2CytG7rmP6vk3NP7GSeotzgKTUHB8TNWE8zS1wcrdtgh
szQ45c4E+St7JqYMxxQ6AyJelPZn2/NOt1u+iwWwyvOfa45cQANoDtAQSvMpH6rc
aBTPiO4Q9Qv0JTNzSLDEtA==
</Encrypted>
      <PayMethod>Card</PayMethod>
      <ResultCode>120099</ResultCode>
      <ResultMsg urlencode="1">%C7%D8%B4%E7%C4%AB%B5%E5%BB%E7+%C0%FC%C8%AD%BF%E4%B8%C1</ResultMsg>
    </Payment>
  </PaymentInfo>
  <ManageInfo>
    <EventCode>1</EventCode>
    <OrgCurrency></OrgCurrency>
    <ExchangeRate></ExchangeRate>
    <OrgPrice></OrgPrice>
  </ManageInfo>
  <ReservedInfo>
    <MReserved1 urlencode="1"></MReserved1>
    <MReserved2 urlencode="1"></MReserved2>
    <MReserved3 urlencode="1"></MReserved3>
    <PGReserved1 urlencode="1"></PGReserved1>
    <PGReserved2 urlencode="1"></PGReserved2>
    <PGReserved3 urlencode="1"></PGReserved3>
  </ReservedInfo>
</INIpay>
HW0vcKuXWu6SJT8ecmW4+9zG/wWXb7eXV0LsRW9j4U81LSw1OETOlKpYg8HGzANL
nCFRYjTqpW7MKYkEDsMNP60VoTSxNfaiODw3Xw8a/5EvmcZqf93M5U2tOAyn1xgc
XueXwrQ/KIweq5RuWLHRpMQBCf+J3Zf1nKs9AX2LxAM=
]
INFO	[2014-09-23 16:40:50:179] <27407> VERIFY OK
INFO	[2014-09-23 16:40:50:179] <27407> PARSE HEAD OK
INFO	[2014-09-23 16:40:50:184] <27407> PARSE BODY OK
INFO	[2014-09-23 16:40:50:189] <27407> DECRYPT OK
DEBUG	[2014-09-23 16:40:50:189] <27407> DECRYPT MSG:[<?xml version="1.0" encoding="UTF-8"?>
<PaymentInfo>
  <Payment>
    <EASYPAY/>
    <Card>
      <CARD_ApplPrice>89000</CARD_ApplPrice>
      <CARD_Num>625904000072</CARD_Num>
      <CARD_Expire></CARD_Expire>
      <CARD_Code>03</CARD_Code>
      <CARD_BankCode>00</CARD_BankCode>
      <CARD_Quota>05</CARD_Quota>
      <CARD_Interest>0</CARD_Interest>
      <CARD_Point></CARD_Point>
      <CARD_AuthType>99</CARD_AuthType>
      <CARD_RegNum></CARD_RegNum>
      <CARD_ApplDate>20140923</CARD_ApplDate>
      <CARD_ApplTime>164050</CARD_ApplTime>
      <CARD_ApplNum></CARD_ApplNum>
      <CARD_TerminalNum>019048y000</CARD_TerminalNum>
      <CARD_MemberNum></CARD_MemberNum>
      <CARD_PurchaseCode></CARD_PurchaseCode>
      <CARD_ResultCode>120099</CARD_ResultCode>
      <CARD_ResultMsg urlencode="1">%C7%D8%B4%E7%C4%AB%B5%E5%BB%E7+%C0%FC%C8%AD%BF%E4%B8%C1</CARD_ResultMsg>
      <CARD_PrtcCode></CARD_PrtcCode>
      <CARD_Quota_Point>05</CARD_Quota_Point>
      <CARD_CheckFlag>0</CARD_CheckFlag>
      <CARD_PurchaseName urlencode="1"></CARD_PurchaseName>
      <CARD_IssuerName urlencode="1"></CARD_IssuerName>
      <CARD_JoinUsePoint></CARD_JoinUsePoint>
    </Card>
  </Payment>
</PaymentInfo>]
INFO	[2014-09-23 16:40:50:192] <27407> DECRYPT PARSE OK
INFO	[2014-09-23 16:40:50:192] <27407> END securepay [120099|해당카드사 전화요망] Laptime:[0.72sec]
INFO	[2014-09-23 16:40:50:192] <27407> ===============================================================
INFO	[2014-09-23 16:42:01:84] <20224> START INIPHP chkfake (V5031-111123)(OS:Linux2.6.18-371.11.1.el5,PHP:5.2.17)
DEBUG	[2014-09-23 16:42:01:84] <20224> inipayhome:/www/loosfly_godo_co_kr/shop/order/card/inipay
DEBUG	[2014-09-23 16:42:01:84] <20224> type:chkfake
DEBUG	[2014-09-23 16:42:01:84] <20224> debug:true
DEBUG	[2014-09-23 16:42:01:84] <20224> enctype:asym
DEBUG	[2014-09-23 16:42:01:84] <20224> admin:1111
DEBUG	[2014-09-23 16:42:01:84] <20224> checkopt:false
DEBUG	[2014-09-23 16:42:01:84] <20224> mid:GODOloosfl
DEBUG	[2014-09-23 16:42:01:84] <20224> price:89000
DEBUG	[2014-09-23 16:42:01:84] <20224> nointerest:no
DEBUG	[2014-09-23 16:42:01:84] <20224> quotabase:선택:일시불:2개월:3개월:4개월:5개월:6개월:7개월:8개월:9개월:10개월:11개월:12개월
INFO	[2014-09-23 16:42:01:84] <20224> Check Field OK
INFO	[2014-09-23 16:42:01:85] <20224> MERCHANT PRIV KEY LOAD OK
INFO	[2014-09-23 16:42:01:85] <20224> MERCHANT PUB KEY LOAD OK []
INFO	[2014-09-23 16:42:01:86] <20224> CHKFAKE KEY MAKE OK:MjAxNDA5MjMxNjQyMDEwODUzODg3MA==

INFO	[2014-09-23 16:42:01:86] <20224> END chkfake  Laptime:[0.01sec]
INFO	[2014-09-23 16:42:01:86] <20224> ===============================================================
INFO	[2014-09-23 16:44:15:757] <376> START INIPHP securepay (V5031-111123)(OS:Linux2.6.18-371.11.1.el5,PHP:5.2.17)
DEBUG	[2014-09-23 16:44:15:757] <376> inipayhome:/www/loosfly_godo_co_kr/shop/order/card/inipay
DEBUG	[2014-09-23 16:44:15:757] <376> type:securepay
DEBUG	[2014-09-23 16:44:15:757] <376> pgid:INIphpCARD
DEBUG	[2014-09-23 16:44:15:757] <376> subpgip:203.238.3.10
DEBUG	[2014-09-23 16:44:15:757] <376> admin:1111
DEBUG	[2014-09-23 16:44:15:757] <376> debug:true
DEBUG	[2014-09-23 16:44:15:757] <376> uid:
DEBUG	[2014-09-23 16:44:15:757] <376> goodname:Basic Sleeved Lace Leotard (Black)
DEBUG	[2014-09-23 16:44:15:757] <376> currency:WON
DEBUG	[2014-09-23 16:44:15:757] <376> mid:GODOloosfl
DEBUG	[2014-09-23 16:44:15:757] <376> rn:MjAxNDA5MjMxNjQyMDEwODUzODg3MA==

DEBUG	[2014-09-23 16:44:15:757] <376> price:89000
DEBUG	[2014-09-23 16:44:15:757] <376> enctype:
DEBUG	[2014-09-23 16:44:15:757] <376> buyername:홍혜수
DEBUG	[2014-09-23 16:44:15:757] <376> buyertel:010-2497-9749
DEBUG	[2014-09-23 16:44:15:757] <376> buyeremail:hye9749@hanmail.net
DEBUG	[2014-09-23 16:44:15:757] <376> paymethod:Card
DEBUG	[2014-09-23 16:44:15:757] <376> encrypted:Version=4.1&PayMethod=Card&RsaKeyNum=1&EncryptionAlgorithm=SEED-CBC&SignAlgorithm=RSAwithSHA1&CertVer=39&moid=1411458072131&ver_trace=main(6086,6053)card(6114,6104)n(6008)Cs(6022)Dt(6002)Pa(6002)Cf(6024)Fv(0000)La(6130)Re(6083)Vr(6006)P(6033)en(6038)nP(6006)&pg1=211.219.96.180&pg2=203.238.37.3&pg1ip=211.219.96.180&pg2ip=203.238.37.3&agreeflag=1111&Data=nMUCCvnDY89r76nM/S3t79jwDjGxdYt6m6RiywjX0qeGHRf4y0RrClKdCsfVzf4w
yJv1Ig+E2SCE6zXJMuDtrTwI0zWKlZ0P8FiqVVONV9/DoLGwGwEOiFdVwbpBmfZX
usYXpP8u0FkBtabovC+cskH6EF9kqi8nN+vp2V+oKfwd/c0S8C1a1qJUehiE2gLH
yK1ZKK2AYr0i6rYDPISg255IBmN8wCWNM2Jr4k1couSaeMmbc4+U5pry4IwKuJRZ
kw35yeXNKCehxhi0+pSYT2nU5s6p7gRr2l1vQCEL5H5zGtpgBfw64VMGd8AGaU5e
MPNXMGEievDrAUkQgQDJDojazYfUSSsT6SBLHi3d7qK9u7XLOzltHS30dVPbAZAr
L9jdm9jkfx3oU5aV9wHVnHSm2JrhXV3k7ZH+tj1Avox1sc2tVeofKtVAcZl6zBSC
+KHoycydMWySAQMC4vkFvr2toz/iRrI3eGjqhUfEA6AofL59paEjnC9Zpb5gv51I
5LV/tlRqw6TmrVvy7a/hn2VPsS4mp9I2XgsNK4gjkh8UywSvh+kRckFqigps4MF+
FHGz4rtaFT05oP6qGUVtlBBjwyabE7/LmLI+SOIv4OrrLBDVRu+MCDzFl/aA5fN8
vrP/3/l2DWKx7Cx4dj0XJ6yb3zF1tc8krD12xQtmd6qCfS8C9ceq4KGkHFk=
DEBUG	[2014-09-23 16:44:15:757] <376> sessionkey:bxrGNW61Rxib4WwNjsFDmoN1RM/Rz4g9+H7bELwr9RPu30ue0zOVJXhSK3FbM+g5
6CUPUMeS5EZLDZnKSvVrgeDUkb8y4cuP4jpLejlUxfj9VeQ+AB+IFOS6JaoXzv4P
ehpBkQ8rRKAbGwsTQA0iRAAim9b4x9SheW2uk024rEk=
DEBUG	[2014-09-23 16:44:15:757] <376> url:http://www.loosfly.com
DEBUG	[2014-09-23 16:44:15:757] <376> cardcode:03
DEBUG	[2014-09-23 16:44:15:757] <376> parentemail:hye9749@hanmail.net
DEBUG	[2014-09-23 16:44:15:757] <376> recvname:홍혜수
DEBUG	[2014-09-23 16:44:15:757] <376> recvtel:010-2497-9749
DEBUG	[2014-09-23 16:44:15:757] <376> recvaddr:부산 수영구 남천1동 엑슬루타워 101동 1204호
DEBUG	[2014-09-23 16:44:15:757] <376> recvpostnum:613-011
DEBUG	[2014-09-23 16:44:15:757] <376> recvmsg:빠른배송 부탁드립니다.
DEBUG	[2014-09-23 16:44:15:757] <376> joincard:
DEBUG	[2014-09-23 16:44:15:757] <376> joinexpire:
DEBUG	[2014-09-23 16:44:15:757] <376> id_customer:
INFO	[2014-09-23 16:44:15:757] <376> Check Field OK
INFO	[2014-09-23 16:44:15:757] <376> Make TID OK INIphpCARDGODOloosfl20140923164415574168
INFO	[2014-09-23 16:44:15:757] <376> PI PUB KEY LOAD OK [39]
INFO	[2014-09-23 16:44:15:758] <376> PG PUB KEY LOAD OK [30]
INFO	[2014-09-23 16:44:15:758] <376> MERCHANT PRIV KEY LOAD OK
INFO	[2014-09-23 16:44:15:758] <376> MERCHANT PUB KEY LOAD OK [0]
INFO	[2014-09-23 16:44:15:760] <376> MAKE BODY OK
INFO	[2014-09-23 16:44:15:761] <376> SIGN OK
INFO	[2014-09-23 16:44:15:761] <376> MAKE HEAD OK
INFO	[2014-09-23 16:44:15:761] <376> MSG_TO_PG:[0310400175R SHA1                   0                  39                  300200GODOloosfl               89000INIphpCARDGODOloosfl20140923164415574168<?xml version="1.0" encoding="UTF-8"?>
<INIpay>
	  <GoodsInfo>
	    <GoodsCnt>1</GoodsCnt>
	    <MOID/>
	    <Currency>WON</Currency>
	    <Tax/>
	    <TaxFree/>
	    <Goods>
	      <SMID>GODOloosfl</SMID>
	      <GoodsName urlencode="1">Basic+Sleeved+Lace+Leotard+%28Black%29</GoodsName>
	      <GoodsPrice>89000</GoodsPrice></Goods></GoodsInfo>
	  <BuyerInfo>
	    <BuyerName urlencode="1">%C8%AB%C7%FD%BC%F6</BuyerName>
	    <BuyerTel>010-2497-9749</BuyerTel>
	    <BuyerEmail urlencode="1">hye9749%40hanmail.net</BuyerEmail>
	    <ParentEmail urlencode="1">hye9749%40hanmail.net</ParentEmail>
	    <RecvName urlencode="1">%C8%AB%C7%FD%BC%F6</RecvName>
	    <RecvTel urlencode="1">010-2497-9749</RecvTel>
	    <RecvMsg urlencode="1">%BA%FC%B8%A5%B9%E8%BC%DB+%BA%CE%C5%B9%B5%E5%B8%B3%B4%CF%B4%D9.</RecvMsg>
	    <RecvAddr urlencode="1">%BA%CE%BB%EA+%BC%F6%BF%B5%B1%B8+%B3%B2%C3%B51%B5%BF+%BF%A2%BD%BD%B7%E7%C5%B8%BF%F6+101%B5%BF+1204%C8%A3</RecvAddr>
	    <RecvPostNum urlencode="1">613-011</RecvPostNum></BuyerInfo>
	  <PaymentInfo>
	    <Payment>
	      <PayMethod>Card</PayMethod>
	      <JoinCard/>
	      <JoinExpire/>
	      <MailOrder/>
	      <SessionKey>bxrGNW61Rxib4WwNjsFDmoN1RM/Rz4g9+H7bELwr9RPu30ue0zOVJXhSK3FbM+g5
6CUPUMeS5EZLDZnKSvVrgeDUkb8y4cuP4jpLejlUxfj9VeQ+AB+IFOS6JaoXzv4P
ehpBkQ8rRKAbGwsTQA0iRAAim9b4x9SheW2uk024rEk=</SessionKey>
	      <Encrypted urlencode="1">Version%3D4.1%26PayMethod%3DCard%26RsaKeyNum%3D1%26EncryptionAlgorithm%3DSEED-CBC%26SignAlgorithm%3DRSAwithSHA1%26CertVer%3D39%26moid%3D1411458072131%26ver_trace%3Dmain%286086%2C6053%29card%286114%2C6104%29n%286008%29Cs%286022%29Dt%286002%29Pa%286002%29Cf%286024%29Fv%280000%29La%286130%29Re%286083%29Vr%286006%29P%286033%29en%286038%29nP%286006%29%26pg1%3D211.219.96.180%26pg2%3D203.238.37.3%26pg1ip%3D211.219.96.180%26pg2ip%3D203.238.37.3%26agreeflag%3D1111%26Data%3DnMUCCvnDY89r76nM%2FS3t79jwDjGxdYt6m6RiywjX0qeGHRf4y0RrClKdCsfVzf4w%0D%0AyJv1Ig%2BE2SCE6zXJMuDtrTwI0zWKlZ0P8FiqVVONV9%2FDoLGwGwEOiFdVwbpBmfZX%0D%0AusYXpP8u0FkBtabovC%2BcskH6EF9kqi8nN%2Bvp2V%2BoKfwd%2Fc0S8C1a1qJUehiE2gLH%0D%0AyK1ZKK2AYr0i6rYDPISg255IBmN8wCWNM2Jr4k1couSaeMmbc4%2BU5pry4IwKuJRZ%0D%0Akw35yeXNKCehxhi0%2BpSYT2nU5s6p7gRr2l1vQCEL5H5zGtpgBfw64VMGd8AGaU5e%0D%0AMPNXMGEievDrAUkQgQDJDojazYfUSSsT6SBLHi3d7qK9u7XLOzltHS30dVPbAZAr%0D%0AL9jdm9jkfx3oU5aV9wHVnHSm2JrhXV3k7ZH%2Btj1Avox1sc2tVeofKtVAcZl6zBSC%0D%0A%2BKHoycydMWySAQMC4vkFvr2toz%2FiRrI3eGjqhUfEA6AofL59paEjnC9Zpb5gv51I%0D%0A5LV%2FtlRqw6TmrVvy7a%2Fhn2VPsS4mp9I2XgsNK4gjkh8UywSvh%2BkRckFqigps4MF%2B%0D%0AFHGz4rtaFT05oP6qGUVtlBBjwyabE7%2FLmLI%2BSOIv4OrrLBDVRu%2BMCDzFl%2FaA5fN8%0D%0AvrP%2F3%2Fl2DWKx7Cx4dj0XJ6yb3zF1tc8krD12xQtmd6qCfS8C9ceq4KGkHFk%3D</Encrypted></Payment></PaymentInfo>
	  <ReservedInfo>
	    <MReserved1/>
	    <MReserved2/>
	    <MReserved3/></ReservedInfo>
	  <ManageInfo>
	    <Language/>
	    <URL urlencode="1">http%3A%2F%2Fwww.loosfly.com</URL>
	    <TXVersion>5031B111123securLinux     PHPchkfake   2.6.18-371.11.1.el5PHP:5.2.17 </TXVersion>
	    <TXUserID/>
	    <TXRegNum/>
	    <Ack>1</Ack>
	    <TXRN>MjAxNDA5MjMxNjQyMDEwODUzODg3MA==
</TXRN></ManageInfo></INIpay>AAGsMwM+is4NCxepra8McAnMr8D9Fs/Rq3eRyY+a3UL0lfXtGPGHnzXUOn6BFILO
TDipqlBCN1UYpibqMT3angUxaZdxj4Cg4+8tUmxDHaVLiGhFQOzTP4nf6O8Kcaa8
RIAM21IkYzUy9MmmwO1fyyJqhb3DXKuEg/CahjGxAqbh
]
INFO	[2014-09-23 16:44:15:761] <376> DNS LOOKUP OK(211.219.96.180:211.219.96.180:34049) laptime:0
INFO	[2014-09-23 16:44:15:764] <376> SOCKET CONNECT OK
INFO	[2014-09-23 16:44:15:764] <376> SEND OK
INFO	[2014-09-23 16:44:16:719] <376> RECV OK
INFO	[2014-09-23 16:44:16:719] <376> MSG_FROM_PG:[0299700175D SHA1                   0                  39                  300210GODOloosfl               89000INIphpCARDGODOloosfl20140923164415574168<?xml version="1.0" encoding="UTF-8"?>
<INIpay>
  <GoodsInfo>
    <GoodsCnt>1</GoodsCnt>
    <MOID urlencode="1">1411458072131</MOID>
    <Currency>WON</Currency>
    <Goods no="1">
      <SMID>GODOloosfl</SMID>
      <GoodsName urlencode="1">Basic+Sleeved+Lace+Leotard+%28Black%29</GoodsName>
      <GoodsCntS>1</GoodsCntS>
      <GoodsPrice>89000</GoodsPrice>
    </Goods>
  </GoodsInfo>
  <PaymentInfo>
    <Payment>
      <SessionKey>ASAygY9o4s/EZG6l8VQL0BV908WhCKgxSmzs19YakkATQwBkWenmR8Cf4/ezNjL9
S+WKNoRtQQmoLEy7JmNh1JRwV4ORp1lUtG2Yf/JPCYE8desGR6QKRQ3j6uNskT8K
10W7Eo/cUeWN62khRsuqVc57pC+TAUtTATpB2Gjt+bxJGUBVKZ1yxbs=
</SessionKey>
      <Encrypted>yZKZwUkOS+UdkUqBTSDL1lAUP0gg+9/4vtWhdiDzz1rekSxdZ/mMcNw2aQjczGqa
f8TE/V6wkxaaMsdYhdkWbKsT7M37Pf7b3wOFwPXymqWbCQvJ5XRuutPhTnXHX6v+
w62HMLujTUbvRgDkUdAO5LOgTJtrh2km1OxX6nN+Ix0kWfVea/c0wJceVWT6at2e
MjOhvDd2emg+8Y8a9a9xR64M1yau/Jf9efV9V5AUSY+QxNXMFwSbElnm9uFwl5B4
JSDNN//CbG1RtxFV5ZGP+/3FJ4E9rZDPbpG+LP+MiArji4L3p/6u+77uHgku0mDQ
iDzralWbQVhm29QXIkQo0f3CDggFkoPyo9bLHNhtaMj8FUMuBLljlJYxoCsk+JEs
9gghpTl5kuJg6k2o0rSBSYaod1e96tltlep9AJqStjA+PSDWp94nZ1QwBZxY6TAG
a2YJI6c2cfKD76Kz5d8C3tMBde2RRxdlNqOA4Lpt79S7Yhg/GV0G2PQtbn/RiEJv
ID/TmTkfgAsEHfGyrGRQtgopxtGTb0NjSRvfsCxwUU4kX1HlmkSMLTlg7aTlOeOK
uDw73g45Iqa5aQuL2R8tZLiFkFTy7O0TxaITzKZRJ/tX3v8ca0X72aO5zn8Zo7Bq
dcnN4lI/NVonzjLWrNav2uTe67YtBF3GxlqKApt59OM2Xip4eDwyBQ0VOog4QpnJ
xG3VR48sBVzIPjsmRCpgFS0bIPhfiDqqRNv6TQCybfTCW69XN6HeGJWwETlyGgSr
OKfOQqC0HSpt1ohuEBhLEhAB05XurURCOl+a3qY2aWvtVugJCh6ojKGFNHNIxQ7F
q7J2XuYWx+9pPNv9DCsyplx8xiZpjCl4y8aZ7LQv4NPHatavcxzKMFN0U1y9oyrf
Ya8KfLawGNuAxYTYEnRZDob4UoLXrRJWOcoy23mnZzUVUkMRX1JKV0Njt1u4PDAU
29M0tSCJ5DooQF4/1J1O6vx68Lr/iUHnl480qvm+9fkolYOUtFSYMtgTVE82NAG8
iWZ29J3w/P/Rw9kfjzv1ZHvL0xmNdiFVuKxiLDY8Is8lCu24cm4mheY0doTOZkMu
+xjf3ZPcluff4DMejCa2Cj3JUH3QXq3PNI8/6C1LKF/q9fs6Wraq66LkcRH5/oMA
F1ITJEsV0MR5vjoEeGuKO7Xhin4BZJ8BmPAIOrAU71Rlgx3iWnv6djv64J9vOUnV
QbJyb+FHXPeDSsYFaWT12w/NLtlA32pfMpW2/OEOwW7Cn+HUXIaE+9uDIlElVPde
U+O7k2kv30qJHNwmRtKozEv2ySvwhoaz6Js+cOB4rSKQJV5+l9PkFWVK0x5mAhny
ekcGKMQcIAB3V0sJedLYzbCk2gmJB6IpVCbZj9aH8KURwRwEsQo3IDwphD7H3FFb
J39m+tIy36F5oOyC/KnmMSLP5f43mEIsYh8/l/D/VJcQvktZA9Pk049lq7sL0b5k
O9cOJPG9Kh/EX3reWQRlgwzJKiwI2c8Oj+OplsT00Rbw7jqop3hwDM7KbOPW2UCX
zNrmD4cODQ7sB1lp075yY/bBr+6Cews47OyW5OWmfpE7XPellKHyW5XHVRF6SK0G
v4RiY4GtFQFN97C37Pv5/gEHIYAPcS2G
</Encrypted>
      <PayMethod>Card</PayMethod>
      <ResultCode>120000</ResultCode>
      <ResultMsg urlencode="1">%C1%A4%BB%F3%C3%B3%B8%AE%B5%C7%BE%FA%BD%C0%B4%CF%B4%D9.</ResultMsg>
    </Payment>
  </PaymentInfo>
  <ManageInfo>
    <EventCode>1</EventCode>
    <OrgCurrency></OrgCurrency>
    <ExchangeRate></ExchangeRate>
    <OrgPrice></OrgPrice>
  </ManageInfo>
  <ReservedInfo>
    <MReserved1 urlencode="1"></MReserved1>
    <MReserved2 urlencode="1"></MReserved2>
    <MReserved3 urlencode="1"></MReserved3>
    <PGReserved1 urlencode="1"></PGReserved1>
    <PGReserved2 urlencode="1"></PGReserved2>
    <PGReserved3 urlencode="1"></PGReserved3>
  </ReservedInfo>
</INIpay>
0UXACqtVpmizZCgaBJdGU1dxj3S6NQHICjv7DRQLzbqJsBO2P+QVhG9QPpu+knz4
6dOTY5UADtl6WijyNVdxDNRe1tSd5CsGlBFqnlbwb9Rs7iJmoAinrTRUi3IXTuco
FyfyNEe57QjVkEX4j9EeIX2neZmlvgDrZUt7UGOwNc0=
]
INFO	[2014-09-23 16:44:16:719] <376> VERIFY OK
INFO	[2014-09-23 16:44:16:719] <376> PARSE HEAD OK
INFO	[2014-09-23 16:44:16:721] <376> PARSE BODY OK
INFO	[2014-09-23 16:44:16:724] <376> DECRYPT OK
DEBUG	[2014-09-23 16:44:16:724] <376> DECRYPT MSG:[<?xml version="1.0" encoding="UTF-8"?>
<PaymentInfo>
  <Payment>
    <EASYPAY/>
    <Card>
      <CARD_ApplPrice>89000</CARD_ApplPrice>
      <CARD_Num>625904000375</CARD_Num>
      <CARD_Expire></CARD_Expire>
      <CARD_Code>03</CARD_Code>
      <CARD_BankCode>00</CARD_BankCode>
      <CARD_Quota>05</CARD_Quota>
      <CARD_Interest>0</CARD_Interest>
      <CARD_Point></CARD_Point>
      <CARD_AuthType>99</CARD_AuthType>
      <CARD_RegNum></CARD_RegNum>
      <CARD_ApplDate>20140923</CARD_ApplDate>
      <CARD_ApplTime>164416</CARD_ApplTime>
      <CARD_ApplNum>26807008</CARD_ApplNum>
      <CARD_TerminalNum>019048y000</CARD_TerminalNum>
      <CARD_MemberNum></CARD_MemberNum>
      <CARD_PurchaseCode></CARD_PurchaseCode>
      <CARD_ResultCode>120000</CARD_ResultCode>
      <CARD_ResultMsg urlencode="1">%C1%A4%BB%F3%C3%B3%B8%AE%B5%C7%BE%FA%BD%C0%B4%CF%B4%D9.</CARD_ResultMsg>
      <CARD_PrtcCode>1</CARD_PrtcCode>
      <CARD_Quota_Point>05</CARD_Quota_Point>
      <CARD_CheckFlag>0</CARD_CheckFlag>
      <CARD_PurchaseName urlencode="1"></CARD_PurchaseName>
      <CARD_IssuerName urlencode="1"></CARD_IssuerName>
      <CARD_JoinUsePoint></CARD_JoinUsePoint>
    </Card>
  </Payment>
</PaymentInfo>]
INFO	[2014-09-23 16:44:16:726] <376> DECRYPT PARSE OK
INFO	[2014-09-23 16:44:16:726] <376> WAIT ACK INVOKING
DEBUG	[2014-09-23 16:44:16:726] <376> MAKE HEAD OK
INFO	[2014-09-23 16:44:16:730] <376> SUCCESS ACK INVOKING
INFO	[2014-09-23 16:44:16:730] <376> END securepay 정상처리되었습니다. Laptime:[0.97sec]
INFO	[2014-09-23 16:44:16:730] <376> ===============================================================
