INFO	[2013-09-27 10:08:03:355] <25333> START INIPHP cancel (V5031-111123)(OS:Linux2.6.18-348.16.1.el5,PHP:5.2.17)
DEBUG	[2013-09-27 10:08:03:355] <25333> inipayhome:/www/loosfly_godo_co_kr/shop/order/card/inipay
DEBUG	[2013-09-27 10:08:03:355] <25333> type:cancel
DEBUG	[2013-09-27 10:08:03:355] <25333> debug:true
DEBUG	[2013-09-27 10:08:03:355] <25333> mid:GODOloosfl
DEBUG	[2013-09-27 10:08:03:355] <25333> admin:1111
DEBUG	[2013-09-27 10:08:03:355] <25333> tid:INIphpCARDGODOloosfl20130927100608682432
DEBUG	[2013-09-27 10:08:03:355] <25333> cancelmsg:관리자 승인취소
INFO	[2013-09-27 10:08:03:355] <25333> Check Field OK
INFO	[2013-09-27 10:08:03:355] <25333> PI PUB KEY LOAD OK []
INFO	[2013-09-27 10:08:03:356] <25333> PG PUB KEY LOAD OK [30]
INFO	[2013-09-27 10:08:03:356] <25333> MERCHANT PRIV KEY LOAD OK
INFO	[2013-09-27 10:08:03:356] <25333> MERCHANT PUB KEY LOAD OK [0]
DEBUG	[2013-09-27 10:08:03:357] <25333> MAKE ENCRYPT OK[<?xml version="1.0" encoding="UTF-8"?>
<CancelInfo>
	  <CancelTID>INIphpCARDGODOloosfl20130927100608682432</CancelTID>
	  <CancelMsg urlencode="1">%B0%FC%B8%AE%C0%DA+%BD%C2%C0%CE%C3%EB%BC%D2</CancelMsg></CancelInfo>]
INFO	[2013-09-27 10:08:03:357] <25333> MAKE BODY OK
INFO	[2013-09-27 10:08:03:359] <25333> SIGN OK
INFO	[2013-09-27 10:08:03:359] <25333> MAKE HEAD OK
INFO	[2013-09-27 10:08:03:359] <25333> MSG_TO_PG:[0090500175D SHA1                   0                                      300420GODOloosfl                    INIphpCARDGODOloosfl20130927100608682432<?xml version="1.0" encoding="UTF-8"?>
<INIpay>
	  <CancelInfo>
	    <SessionKey>Vbixu3ixunhnHZF9WkuPl1gtrrizN0er8ylZFAopvsaZAbwngF4AABUGxjiBjMGr
7N5ruF/NxEI3WY+tPCGKogwXVrMWre4SYC5e5Y5iknyPpwXBataW+WPXD++mZVc3
fR2k4WM1X8FJbYGVdbG8dHeGAkOanL4dqDB3V3qbi1TKT7EZF7QLDg==
</SessionKey>
	    <Encrypted>awic2/Uq+vrvFEVfGWZXAnZFLwnZkIaOppY33W+sOswnZBFdnxZ82GjSegFPRyKs
LHAI+VUhwl7Wx+HBoO1Dtd2p7rJOE25wHaAyop2qbSKj8b3CHb21OZVYSmpNEDai
HOTkPs4UIWtxiDMISTIaFih0+GiWD882j3HzMoyfl/UQB5LW4AIR11RdaYEcrIxQ
DjEsYlzOP60hGEwtKiCnnnyhLBo/TpyCt0A1VwtZXR6Jl142qDgF+0XWAteOsHm7
Xp17HM2GgIa8u1nI+A1+jkHRDzw0UYsP
</Encrypted></CancelInfo>
	  <ReservedInfo>
	    <MReserved1/>
	    <MReserved2/>
	    <MReserved3/></ReservedInfo>
	  <ManageInfo>
	    <Language/>
	    <URL/>
	    <TXVersion>5031B111123canceLinux     PHPchkfake   2.6.18-348.16.1.el5PHP:5.2.17 </TXVersion>
	    <TXUserID/>
	    <TXRegNum/></ManageInfo></INIpay>AMWPwGwc6xGsCj79GjkKxKGgmRDQUYI9L5nqXZHz0M9O8kZbllGdb3OmnRNjSYBS
463PRv9Fao4paAFUCMeJdgzZ4XoKdz/T/Lw47z/9r2089Z+4MxYw+bxsvuurCHDm
8Je9PvgFNfcAhN4l8CsDo+aWoi0dQIZhZA8cl35yJi0q
]
INFO	[2013-09-27 10:08:03:359] <25333> DNS LOOKUP OK(203.238.37.3:203.238.37.3:34049) laptime:0
INFO	[2013-09-27 10:08:03:362] <25333> SOCKET CONNECT OK
INFO	[2013-09-27 10:08:03:362] <25333> SEND OK
INFO	[2013-09-27 10:08:03:928] <25333> RECV OK
INFO	[2013-09-27 10:08:03:928] <25333> MSG_FROM_PG:[0115800175D SHA1                   0                                      300430GODOloosfl                    INIphpCARDGODOloosfl20130927100608682432<?xml version="1.0" encoding="UTF-8"?>
<INIpay>
  <CancelInfo>
    <ResultCode>120000</ResultCode>
    <ResultMsg urlencode="1">%C1%A4%BB%F3%C3%B3%B8%AE%B5%C7%BE%FA%BD%C0%B4%CF%B4%D9.</ResultMsg>
    <SessionKey>AUlFlaU2mQI4TLIbyihyg4zJzYYFJydIN6Z2nz3BR8Y/vhV4uJqdjhmh8xSf+vc4
z3F3TqBYLKwJug5Mu0UsR+jzT/Lv8X13qK1sK19Cg39UP4W3sOMl0bfrqHubBnUm
zbfB7ijBZLpgNtI5LyRT3BeNCTi2qDMddq2F+zN7/1Nq7Ucc2fJQEas=
</SessionKey>
    <Encrypted>kYyJBwqNrGcITFQ/W9myZLo4je9cooyrFHan5Vye7lpZCDsZhWavukkFW14tkbAa
Y1B9gOylsutY5GuXqCg6Ph21AfhEhVz/Uj9RP8IE1x4YpcBEPAaLkRqquDtFbznJ
vnYUumT+6VSqB0tK7lKu3MODJfzBoMzy+Kuc6CGcu0eTKRCjEWrmvIirAXeRMkh7
p6pYkDgRWPfTeKkOykNoCyTdRNkNrok6YSwdCgwSc6W16fYxGg4U0PFK7o2WhJt3
n9gK5j3E0fjYmY7c5SJ9Ye1zco/vtlw78scDuICf5U1TGwe0lGrZyaS9EjGLLTy+
sxh+fjHlRSJWel3MSA8ZNuqg9WVHhf42Xe5l55bBunA=
</Encrypted>
  </CancelInfo>
  <ManageInfo/>
  <ReservedInfo>
    <MReserved1 urlencode="1"></MReserved1>
    <MReserved2 urlencode="1"></MReserved2>
    <MReserved3 urlencode="1"></MReserved3>
    <PGReserved1 urlencode="1"></PGReserved1>
    <PGReserved2 urlencode="1"></PGReserved2>
    <PGReserved3 urlencode="1"></PGReserved3>
  </ReservedInfo>
</INIpay>
EtTnG8BRfZYsSil1KsLmphZ+lB7x5moDrQRf2JtoTJYYCkLA0YHit8/apadyWmlJ
0U/M6LxZYnBHA0KJbqCxN1773UvHCrKiaG22u5q3dicjnrDRSoJUVO4E4yJ/JD6o
xSSPil/ChsIVOLvu8RpsMAmIX82OMw4k6cSWofI1nR4=
]
INFO	[2013-09-27 10:08:03:928] <25333> VERIFY OK
INFO	[2013-09-27 10:08:03:929] <25333> PARSE HEAD OK
INFO	[2013-09-27 10:08:03:930] <25333> PARSE BODY OK
INFO	[2013-09-27 10:08:03:933] <25333> DECRYPT OK
DEBUG	[2013-09-27 10:08:03:933] <25333> DECRYPT MSG:[<?xml version="1.0" encoding="UTF-8"?>
<CancelInfo>
  <CancelDate>20130927</CancelDate>
  <CancelTime>100803</CancelTime>
  <ResultCode>120000</ResultCode>
  <ResultMsg urlencode="1">%C1%A4%BB%F3%C3%B3%B8%AE%B5%C7%BE%FA%BD%C0%B4%CF%B4%D9.</ResultMsg>
</CancelInfo>]
INFO	[2013-09-27 10:08:03:934] <25333> DECRYPT PARSE OK
INFO	[2013-09-27 10:08:03:934] <25333> END cancel 정상처리되었습니다. Laptime:[0.57sec]
INFO	[2013-09-27 10:08:03:934] <25333> ===============================================================
