INFO	[2014-05-08 17:00:54:537] <23569> START INIPHP chkfake (V5031-111123)(OS:Linux2.6.18-371.6.1.el5,PHP:5.2.17)
DEBUG	[2014-05-08 17:00:54:541] <23569> inipayhome:/www/loosfly_godo_co_kr/shop/order/card/inipay
DEBUG	[2014-05-08 17:00:54:541] <23569> type:chkfake
DEBUG	[2014-05-08 17:00:54:541] <23569> debug:true
DEBUG	[2014-05-08 17:00:54:541] <23569> enctype:asym
DEBUG	[2014-05-08 17:00:54:541] <23569> admin:1111
DEBUG	[2014-05-08 17:00:54:541] <23569> checkopt:false
DEBUG	[2014-05-08 17:00:54:541] <23569> mid:GODOloosfl
DEBUG	[2014-05-08 17:00:54:541] <23569> price:72000
DEBUG	[2014-05-08 17:00:54:541] <23569> nointerest:no
DEBUG	[2014-05-08 17:00:54:541] <23569> quotabase:선택:일시불:2개월:3개월:4개월:5개월:6개월:7개월:8개월:9개월:10개월:11개월:12개월
INFO	[2014-05-08 17:00:54:541] <23569> Check Field OK
INFO	[2014-05-08 17:00:54:554] <23569> MERCHANT PRIV KEY LOAD OK
INFO	[2014-05-08 17:00:54:558] <23569> MERCHANT PUB KEY LOAD OK []
INFO	[2014-05-08 17:00:54:560] <23569> CHKFAKE KEY MAKE OK:MjAxNDA1MDgxNzAwNTQ1NTg5Mzk3Ng==

INFO	[2014-05-08 17:00:54:560] <23569> END chkfake  Laptime:[0.04sec]
INFO	[2014-05-08 17:00:54:560] <23569> ===============================================================
INFO	[2014-05-08 17:02:57:52] <25530> START INIPHP securepay (V5031-111123)(OS:Linux2.6.18-371.6.1.el5,PHP:5.2.17)
DEBUG	[2014-05-08 17:02:57:52] <25530> inipayhome:/www/loosfly_godo_co_kr/shop/order/card/inipay
DEBUG	[2014-05-08 17:02:57:52] <25530> type:securepay
DEBUG	[2014-05-08 17:02:57:52] <25530> pgid:INIphpCARD
DEBUG	[2014-05-08 17:02:57:52] <25530> subpgip:203.238.3.10
DEBUG	[2014-05-08 17:02:57:52] <25530> admin:1111
DEBUG	[2014-05-08 17:02:57:52] <25530> debug:true
DEBUG	[2014-05-08 17:02:57:52] <25530> uid:
DEBUG	[2014-05-08 17:02:57:52] <25530> goodname:Basic Capri Pants (Gray)
DEBUG	[2014-05-08 17:02:57:52] <25530> currency:WON
DEBUG	[2014-05-08 17:02:57:52] <25530> mid:GODOloosfl
DEBUG	[2014-05-08 17:02:57:52] <25530> rn:MjAxNDA1MDgxNzAwNTQ1NTg5Mzk3Ng==

DEBUG	[2014-05-08 17:02:57:52] <25530> price:72000
DEBUG	[2014-05-08 17:02:57:52] <25530> enctype:
DEBUG	[2014-05-08 17:02:57:52] <25530> buyername:조성대
DEBUG	[2014-05-08 17:02:57:52] <25530> buyertel:010-3410-1888
DEBUG	[2014-05-08 17:02:57:52] <25530> buyeremail:andrewto@naver.com
DEBUG	[2014-05-08 17:02:57:52] <25530> paymethod:Card
DEBUG	[2014-05-08 17:02:57:52] <25530> encrypted:Version=4.1&PayMethod=Card&RsaKeyNum=1&EncryptionAlgorithm=SEED-CBC&SignAlgorithm=RSAwithSHA1&CertVer=39&moid=1399536045238&ver_trace=main(6085,6051)card(6110,6101)n(6008)Cs(6022)Dt(6002)Pa(6002)Cf(6024)Fv(0000)La(6124)Re(6077)Vr(6006)P(6033)en(6036)nP(6006)&pg1=211.219.96.180&pg2=203.238.37.3&pg1ip=211.219.96.180&pg2ip=203.238.37.3&agreeflag=1111&Data=E1vDwex/GcUnh5BoahoktWlunf9ZhrIEna8v+iPBfc0c2I26v9lbZgA468TbpMi4
FAGnXXyLiZ0PwyFHWj+AtnjH4ts5+EMymCGkGXB1hM+BGdyn0TQUjpwe3UVIEnEn
TcTTb6r1MNod30yNSj2DTDpjsCPlf9gJO3uW9ECf299I6ObNNEJpYNUF2yQHiNxA
2HnQYoNh5gamOdP20wIzmA0JT98bWO+xGbwGA1zU8IxFltHwUFfRoNebx4HHp7br
I1PmICTqKps82DjDHQbfKFgIgAvqjuplfH+g5O5ngIA3SFijBlJBtZtJwkOl1V/j
FbxQEK9ylJgC9HyX7GD4knz4xcr0YSlczj7warkIHHkSvV7yAqFz1ZKJWEielbdl
LVWB40pBmkuDuS9p4Rm9za5j+hNk+W/h8HEX5oypMxwPbbAlSR4Kg7p9gJDc9DzP
JNJg5Uc0J1gVt2bVEgv8domVW4ugPYE165FlDDazT+HrxYnOfrIhOHBQHXjDL/m5
Qoa92NctOLfFFSCbqkgHwXtttdXDNkaUl2P3SbahIO2L4vEsoxCYFJOk51W5r4Gd
M0tJaigOYlIS+fEJw40oY5aUnn6JciWzsvd7BEakpPYky0tNJ+BDtsrC1QxmoVJn
gDUDOL2IFMCMfMTO0WcjvQKHrEbH7hQhq89NTwF4MB3sqnomI0ovZ/BsVaE8J8jL
AEhhLh+HfJHQkn0=
DEBUG	[2014-05-08 17:02:57:52] <25530> sessionkey:KZYekjRPEjNX09CzFyNsEuNtSgp5vmwBOyQ2v7QaIVf6sgOrrGEMghoHg1vDZOX3
alYK2LAvTGCOSGg+1BxunxPZ/C8uGj0BVj/ENFErFlb3ObvwHZfPQYaeBVzpGnjm
beP8FPm829BvWeQAeEatcnCrnxubwYrPR7lraXEvzWI=
DEBUG	[2014-05-08 17:02:57:52] <25530> url:http://www.loosfly.com
DEBUG	[2014-05-08 17:02:57:52] <25530> cardcode:12
DEBUG	[2014-05-08 17:02:57:52] <25530> parentemail:andrewto@naver.com
DEBUG	[2014-05-08 17:02:57:52] <25530> recvname:조성대
DEBUG	[2014-05-08 17:02:57:52] <25530> recvtel:010-3410-1888
DEBUG	[2014-05-08 17:02:57:52] <25530> recvaddr:서울특별시 강남구 삼성동 159-1 트레이드타워 46층
DEBUG	[2014-05-08 17:02:57:52] <25530> recvpostnum:135-729
DEBUG	[2014-05-08 17:02:57:52] <25530> recvmsg:
DEBUG	[2014-05-08 17:02:57:52] <25530> joincard:
DEBUG	[2014-05-08 17:02:57:52] <25530> joinexpire:
DEBUG	[2014-05-08 17:02:57:52] <25530> id_customer:
INFO	[2014-05-08 17:02:57:52] <25530> Check Field OK
INFO	[2014-05-08 17:02:57:52] <25530> Make TID OK INIphpCARDGODOloosfl20140508170257526189
INFO	[2014-05-08 17:02:57:52] <25530> PI PUB KEY LOAD OK [39]
INFO	[2014-05-08 17:02:57:56] <25530> PG PUB KEY LOAD OK [30]
INFO	[2014-05-08 17:02:57:57] <25530> MERCHANT PRIV KEY LOAD OK
INFO	[2014-05-08 17:02:57:57] <25530> MERCHANT PUB KEY LOAD OK [0]
INFO	[2014-05-08 17:02:57:59] <25530> MAKE BODY OK
INFO	[2014-05-08 17:02:57:61] <25530> SIGN OK
INFO	[2014-05-08 17:02:57:61] <25530> MAKE HEAD OK
INFO	[2014-05-08 17:02:57:62] <25530> MSG_TO_PG:[0304000175R SHA1                   0                  39                  300200GODOloosfl               72000INIphpCARDGODOloosfl20140508170257526189<?xml version="1.0" encoding="UTF-8"?>
<INIpay>
	  <GoodsInfo>
	    <GoodsCnt>1</GoodsCnt>
	    <MOID/>
	    <Currency>WON</Currency>
	    <Tax/>
	    <TaxFree/>
	    <Goods>
	      <SMID>GODOloosfl</SMID>
	      <GoodsName urlencode="1">Basic+Capri+Pants+%28Gray%29</GoodsName>
	      <GoodsPrice>72000</GoodsPrice></Goods></GoodsInfo>
	  <BuyerInfo>
	    <BuyerName urlencode="1">%C1%B6%BC%BA%B4%EB</BuyerName>
	    <BuyerTel>010-3410-1888</BuyerTel>
	    <BuyerEmail urlencode="1">andrewto%40naver.com</BuyerEmail>
	    <ParentEmail urlencode="1">andrewto%40naver.com</ParentEmail>
	    <RecvName urlencode="1">%C1%B6%BC%BA%B4%EB</RecvName>
	    <RecvTel urlencode="1">010-3410-1888</RecvTel>
	    <RecvMsg/>
	    <RecvAddr urlencode="1">%BC%AD%BF%EF%C6%AF%BA%B0%BD%C3+%B0%AD%B3%B2%B1%B8+%BB%EF%BC%BA%B5%BF+159-1+%C6%AE%B7%B9%C0%CC%B5%E5%C5%B8%BF%F6+46%C3%FE</RecvAddr>
	    <RecvPostNum urlencode="1">135-729</RecvPostNum></BuyerInfo>
	  <PaymentInfo>
	    <Payment>
	      <PayMethod>Card</PayMethod>
	      <JoinCard/>
	      <JoinExpire/>
	      <MailOrder/>
	      <SessionKey>KZYekjRPEjNX09CzFyNsEuNtSgp5vmwBOyQ2v7QaIVf6sgOrrGEMghoHg1vDZOX3
alYK2LAvTGCOSGg+1BxunxPZ/C8uGj0BVj/ENFErFlb3ObvwHZfPQYaeBVzpGnjm
beP8FPm829BvWeQAeEatcnCrnxubwYrPR7lraXEvzWI=</SessionKey>
	      <Encrypted urlencode="1">Version%3D4.1%26PayMethod%3DCard%26RsaKeyNum%3D1%26EncryptionAlgorithm%3DSEED-CBC%26SignAlgorithm%3DRSAwithSHA1%26CertVer%3D39%26moid%3D1399536045238%26ver_trace%3Dmain%286085%2C6051%29card%286110%2C6101%29n%286008%29Cs%286022%29Dt%286002%29Pa%286002%29Cf%286024%29Fv%280000%29La%286124%29Re%286077%29Vr%286006%29P%286033%29en%286036%29nP%286006%29%26pg1%3D211.219.96.180%26pg2%3D203.238.37.3%26pg1ip%3D211.219.96.180%26pg2ip%3D203.238.37.3%26agreeflag%3D1111%26Data%3DE1vDwex%2FGcUnh5BoahoktWlunf9ZhrIEna8v%2BiPBfc0c2I26v9lbZgA468TbpMi4%0D%0AFAGnXXyLiZ0PwyFHWj%2BAtnjH4ts5%2BEMymCGkGXB1hM%2BBGdyn0TQUjpwe3UVIEnEn%0D%0ATcTTb6r1MNod30yNSj2DTDpjsCPlf9gJO3uW9ECf299I6ObNNEJpYNUF2yQHiNxA%0D%0A2HnQYoNh5gamOdP20wIzmA0JT98bWO%2BxGbwGA1zU8IxFltHwUFfRoNebx4HHp7br%0D%0AI1PmICTqKps82DjDHQbfKFgIgAvqjuplfH%2Bg5O5ngIA3SFijBlJBtZtJwkOl1V%2Fj%0D%0AFbxQEK9ylJgC9HyX7GD4knz4xcr0YSlczj7warkIHHkSvV7yAqFz1ZKJWEielbdl%0D%0ALVWB40pBmkuDuS9p4Rm9za5j%2BhNk%2BW%2Fh8HEX5oypMxwPbbAlSR4Kg7p9gJDc9DzP%0D%0AJNJg5Uc0J1gVt2bVEgv8domVW4ugPYE165FlDDazT%2BHrxYnOfrIhOHBQHXjDL%2Fm5%0D%0AQoa92NctOLfFFSCbqkgHwXtttdXDNkaUl2P3SbahIO2L4vEsoxCYFJOk51W5r4Gd%0D%0AM0tJaigOYlIS%2BfEJw40oY5aUnn6JciWzsvd7BEakpPYky0tNJ%2BBDtsrC1QxmoVJn%0D%0AgDUDOL2IFMCMfMTO0WcjvQKHrEbH7hQhq89NTwF4MB3sqnomI0ovZ%2FBsVaE8J8jL%0D%0AAEhhLh%2BHfJHQkn0%3D</Encrypted></Payment></PaymentInfo>
	  <ReservedInfo>
	    <MReserved1/>
	    <MReserved2/>
	    <MReserved3/></ReservedInfo>
	  <ManageInfo>
	    <Language/>
	    <URL urlencode="1">http%3A%2F%2Fwww.loosfly.com</URL>
	    <TXVersion>5031B111123securLinux     PHPchkfake   2.6.18-371.6.1.el5PHP:5.2.17  </TXVersion>
	    <TXUserID/>
	    <TXRegNum/>
	    <Ack>1</Ack>
	    <TXRN>MjAxNDA1MDgxNzAwNTQ1NTg5Mzk3Ng==
</TXRN></ManageInfo></INIpay>APdwo+OYz3XRJUikzc+TFl0xdSAlFsjSuIZMH3mshmR4Pbq2PRC0N9NyD2jKnMZ5
ALGCBovqiHW5fzN4d77+8GtATEW8yb+B6qiu9/41Gcoxz/0EzuLMy/UrblieVMOT
xnphzhkY/W7lsbY+Dooks4uO3E1+tUijDUBGuLQ418pZ
]
INFO	[2014-05-08 17:02:57:62] <25530> DNS LOOKUP OK(211.219.96.180:211.219.96.180:34049) laptime:0
INFO	[2014-05-08 17:02:57:65] <25530> SOCKET CONNECT OK
INFO	[2014-05-08 17:02:57:65] <25530> SEND OK
INFO	[2014-05-08 17:02:58:459] <25530> RECV OK
INFO	[2014-05-08 17:02:58:459] <25530> MSG_FROM_PG:[0298700175D SHA1                   0                  39                  300210GODOloosfl               72000INIphpCARDGODOloosfl20140508170257526189<?xml version="1.0" encoding="UTF-8"?>
<INIpay>
  <GoodsInfo>
    <GoodsCnt>1</GoodsCnt>
    <MOID urlencode="1">1399536045238</MOID>
    <Currency>WON</Currency>
    <Goods no="1">
      <SMID>GODOloosfl</SMID>
      <GoodsName urlencode="1">Basic+Capri+Pants+%28Gray%29</GoodsName>
      <GoodsCntS>1</GoodsCntS>
      <GoodsPrice>72000</GoodsPrice>
    </Goods>
  </GoodsInfo>
  <PaymentInfo>
    <Payment>
      <SessionKey>ACcRUfvUHxxu17+TDVjXavZMemJcrl3I2I6/Ta8GMg5VkVBpbPkrs/lUIMFm1GS8
byakVAkEqM8AsZol8QGnfuuvwWxkOFoUF5MrRGzHCKOz7oF2yJb1Ey+FeKKxITfl
gJN+dFRtqqzp5BA08Gnteo5QASy3qF6UUWp57r1ktJBuRtWvHUUR1qo=
</SessionKey>
      <Encrypted>xuntOnQXt8muXdtkEIiXSfSsD4nSQC9bspfzZj8bTQ2GzqoL7Yh3rCJvplOZRKvp
0NeOpPXgwT1nA3+xpBKPGAu6izTv68JW9NoKtPO34g646rY0jnoYz8Ts97VyHc/b
NBWGuFM+kNM2f2XxDQYCjQmyh77JaBlZwfC0pgEouPP4weOROas1+T/n0jqkMmBU
dFiKoAgHjEzZ5KCJHN78uZExN1cvmTKd4VdM3zum7em3m2tYNSpyo3HOjfTVm2oL
KzKQ+lb60TobLEoZElhotZcPF2amkoaQe401aRsLsbJ/UOcCPDYw12hixnHpyDEc
DmaT7O/UrNrJeAcbNtvj+n7MBwuAytOaJvFBo2mvpuM76uZUz70I0+K/jqb4ZBGY
/Lsgc6FYt1tpQ6NAEGF5PXD67z5rGPbYNXNHiflYOU0oSQOmtq1z/luePbvDhc6E
tVTZ9CboqfkV5vCT1bSk3u88QjqP7Ql2MMdJErbSoNhetW+kTnWBUQhMhZhd36cr
KQ9OiH54FMUv+nR2EFA1y9KHbrmYF8GyW9RwODRT72hI49XxzZKLtMuW/UV7AzsO
Y8vtuJydzNYg/h8Lvwdmf5ajH/WGzcoJyUUZ4zqbJ4ZUz7vRwYO1IuTQSOiGYvy+
IfMzlKQ1WfNQ0Nncq7WS22wy6HxMloBK0NemJz4KOP7QX4lhmlqfOMJZ5Ig0y+68
AJc3GMHD+F+4Q2jMT4/cmGLfFQUwH/7X8COqGvOC5LEtMTopPsZWXlr1O9IfwyHn
Y1nUqVD/NxBCwKTWoBGdGyT+rwaV0613ApA9MNgPEHxYri62Ir6YUxAaG2pAhirL
Qd8QxOqrHmwyDkK8Xy8yn3AHVasPqk2ufjE/wQLsy3uRS/UmrdKZsFrf+nl8PT4M
DOC6fPmhQDSe4uKXcPHzx33fzkooWz3X6juVzZLur8XfWp0/tTtD5djsvKJAqdVw
VpXis0xfWdrmYXEW5nFUqXr58GE0vlnB1cEZjDgU+9IkO4CEaQhztDjTtS1E1/oQ
VS2+trmOOMtBTsFSJ+FUbUFvyV0AmBxDch182bMQY7RWM2dglLl/oZa4/T5P954U
jIZZum019d4ITAZG23DZt2G1vxCc1NNmMcapbS8dc9oObVkqnBqTrHGShN8KyuPz
PVRCNI1JxWpHk1+/opD6YYEJB3VlPAT4eqPbQUb3JfyWosE3ybJ23jnSqsLrjTq+
PFVr72oT9dpLFU6zdUkyrc/zDpZzIv+rjuo0ocnnLJi/UV83qgLQo2h3MvF+e9KR
LwvEWGTlSIO6nFhuv8VMJwPC0AX8T5cQN3KjBOChm9WflSeRVKmclD0xkaaHx07G
yhv6JsvH4kWUun0eRJqFs9GImrlRcrI8Rkg4+pFVsWC2ApNgUg7tzF1anMoh++j+
ZNiziXnejKBWosGxWVtashdW1LAsrgTD1yxhJJt0L+nRQTvppmv8UqNb5s7qsvG0
/6ni/PIoVTPsFD9+/PmZm0GwodpvQFP3oLBFfi6ooUPcPg99uRog6KWEWs+zRkRQ
Qrrnf3RuE+neo8ED4VrrOL81a/MGDzBYcRoCo14oCBt7XgnkUNhSUH6FO2tUHeJw
Bze3Hjr7wQEQFMmzlsIu92en9bOhlJy3
</Encrypted>
      <PayMethod>Card</PayMethod>
      <ResultCode>120000</ResultCode>
      <ResultMsg urlencode="1">%C1%A4%BB%F3%C3%B3%B8%AE%B5%C7%BE%FA%BD%C0%B4%CF%B4%D9.</ResultMsg>
    </Payment>
  </PaymentInfo>
  <ManageInfo>
    <EventCode>1</EventCode>
    <OrgCurrency></OrgCurrency>
    <ExchangeRate></ExchangeRate>
    <OrgPrice></OrgPrice>
  </ManageInfo>
  <ReservedInfo>
    <MReserved1 urlencode="1"></MReserved1>
    <MReserved2 urlencode="1"></MReserved2>
    <MReserved3 urlencode="1"></MReserved3>
    <PGReserved1 urlencode="1"></PGReserved1>
    <PGReserved2 urlencode="1"></PGReserved2>
    <PGReserved3 urlencode="1"></PGReserved3>
  </ReservedInfo>
</INIpay>
BPYHFbS15WPwN2M0rzwBW//IAZE4gLTUeJBiY+JFAGlIw/2raxFDkVQGDPMjPSGR
EeJNghY0k6Q77Tftc8VOMsr7aGqHEQuDD0WNqP7Oi1mdgamM6USY7PRiOM58CYSz
EtsxGtAwd6LtQQY4W9He/R53+CIFyqPfWluCW1G7o3g=
]
INFO	[2014-05-08 17:02:58:460] <25530> VERIFY OK
INFO	[2014-05-08 17:02:58:460] <25530> PARSE HEAD OK
INFO	[2014-05-08 17:02:58:462] <25530> PARSE BODY OK
INFO	[2014-05-08 17:02:58:466] <25530> DECRYPT OK
DEBUG	[2014-05-08 17:02:58:467] <25530> DECRYPT MSG:[<?xml version="1.0" encoding="UTF-8"?>
<PaymentInfo>
  <Payment>
    <EASYPAY/>
    <Card>
      <CARD_ApplPrice>72000</CARD_ApplPrice>
      <CARD_Num>540447000137</CARD_Num>
      <CARD_Expire></CARD_Expire>
      <CARD_Code>12</CARD_Code>
      <CARD_BankCode>00</CARD_BankCode>
      <CARD_Quota>03</CARD_Quota>
      <CARD_Interest>0</CARD_Interest>
      <CARD_Point></CARD_Point>
      <CARD_AuthType>99</CARD_AuthType>
      <CARD_RegNum></CARD_RegNum>
      <CARD_ApplDate>20140508</CARD_ApplDate>
      <CARD_ApplTime>170258</CARD_ApplTime>
      <CARD_ApplNum>74166009</CARD_ApplNum>
      <CARD_TerminalNum>019048y000</CARD_TerminalNum>
      <CARD_MemberNum></CARD_MemberNum>
      <CARD_PurchaseCode></CARD_PurchaseCode>
      <CARD_ResultCode>120000</CARD_ResultCode>
      <CARD_ResultMsg urlencode="1">%C1%A4%BB%F3%C3%B3%B8%AE%B5%C7%BE%FA%BD%C0%B4%CF%B4%D9.</CARD_ResultMsg>
      <CARD_PrtcCode>1</CARD_PrtcCode>
      <CARD_Quota_Point>03</CARD_Quota_Point>
      <CARD_CheckFlag>0</CARD_CheckFlag>
      <CARD_PurchaseName urlencode="1"></CARD_PurchaseName>
      <CARD_IssuerName urlencode="1"></CARD_IssuerName>
      <CARD_JoinUsePoint></CARD_JoinUsePoint>
    </Card>
  </Payment>
</PaymentInfo>]
INFO	[2014-05-08 17:02:58:469] <25530> DECRYPT PARSE OK
INFO	[2014-05-08 17:02:58:469] <25530> WAIT ACK INVOKING
DEBUG	[2014-05-08 17:02:58:469] <25530> MAKE HEAD OK
INFO	[2014-05-08 17:02:58:473] <25530> SUCCESS ACK INVOKING
INFO	[2014-05-08 17:02:58:473] <25530> END securepay 정상처리되었습니다. Laptime:[1.42sec]
INFO	[2014-05-08 17:02:58:473] <25530> ===============================================================
