INFO	[2014-04-07 22:25:16:695] <5000> START INIPHP chkfake (V5031-111123)(OS:Linux2.6.18-371.4.1.el5,PHP:5.2.17)
DEBUG	[2014-04-07 22:25:16:699] <5000> inipayhome:/www/loosfly_godo_co_kr/shop/order/card/inipay
DEBUG	[2014-04-07 22:25:16:699] <5000> type:chkfake
DEBUG	[2014-04-07 22:25:16:699] <5000> debug:true
DEBUG	[2014-04-07 22:25:16:699] <5000> enctype:asym
DEBUG	[2014-04-07 22:25:16:699] <5000> admin:1111
DEBUG	[2014-04-07 22:25:16:699] <5000> checkopt:false
DEBUG	[2014-04-07 22:25:16:699] <5000> mid:GODOloosfl
DEBUG	[2014-04-07 22:25:16:699] <5000> price:89000
DEBUG	[2014-04-07 22:25:16:699] <5000> nointerest:no
DEBUG	[2014-04-07 22:25:16:699] <5000> quotabase:선택:일시불:2개월:3개월:4개월:5개월:6개월:7개월:8개월:9개월:10개월:11개월:12개월
INFO	[2014-04-07 22:25:16:699] <5000> Check Field OK
INFO	[2014-04-07 22:25:16:710] <5000> MERCHANT PRIV KEY LOAD OK
INFO	[2014-04-07 22:25:16:715] <5000> MERCHANT PUB KEY LOAD OK []
INFO	[2014-04-07 22:25:16:717] <5000> CHKFAKE KEY MAKE OK:MjAxNDA0MDcyMjI1MTY3MTU2ODQyNA==

INFO	[2014-04-07 22:25:16:717] <5000> END chkfake  Laptime:[0.04sec]
INFO	[2014-04-07 22:25:16:717] <5000> ===============================================================
INFO	[2014-04-07 22:29:59:916] <11168> START INIPHP securepay (V5031-111123)(OS:Linux2.6.18-371.4.1.el5,PHP:5.2.17)
DEBUG	[2014-04-07 22:29:59:916] <11168> inipayhome:/www/loosfly_godo_co_kr/shop/order/card/inipay
DEBUG	[2014-04-07 22:29:59:916] <11168> type:securepay
DEBUG	[2014-04-07 22:29:59:916] <11168> pgid:INIphpCARD
DEBUG	[2014-04-07 22:29:59:916] <11168> subpgip:203.238.3.10
DEBUG	[2014-04-07 22:29:59:916] <11168> admin:1111
DEBUG	[2014-04-07 22:29:59:916] <11168> debug:true
DEBUG	[2014-04-07 22:29:59:916] <11168> uid:
DEBUG	[2014-04-07 22:29:59:916] <11168> goodname:Basic Sleeved Lace Leotard (Black)
DEBUG	[2014-04-07 22:29:59:916] <11168> currency:WON
DEBUG	[2014-04-07 22:29:59:916] <11168> mid:GODOloosfl
DEBUG	[2014-04-07 22:29:59:916] <11168> rn:MjAxNDA0MDcyMjI1MTY3MTU2ODQyNA==

DEBUG	[2014-04-07 22:29:59:916] <11168> price:89000
DEBUG	[2014-04-07 22:29:59:916] <11168> enctype:
DEBUG	[2014-04-07 22:29:59:916] <11168> buyername:정하민
DEBUG	[2014-04-07 22:29:59:916] <11168> buyertel:010-3608-9986
DEBUG	[2014-04-07 22:29:59:916] <11168> buyeremail:gkg22@naver.com
DEBUG	[2014-04-07 22:29:59:916] <11168> paymethod:Card
DEBUG	[2014-04-07 22:29:59:916] <11168> encrypted:Version=4.1&PayMethod=Card&RsaKeyNum=1&EncryptionAlgorithm=SEED-CBC&SignAlgorithm=RSAwithSHA1&CertVer=39&moid=1396877090153&ver_trace=main(6085,6051)card(6107,6099)n(6008)Cs(6021)Dt(6002)Pa(6002)Cf(6024)Fv(0000)La(6122)Re(6075)Vr(6006)P(6033)en(6036)nP(6006)&pg1=211.219.96.180&pg2=203.238.37.3&pg1ip=211.219.96.180&pg2ip=203.238.37.3&agreeflag=1111&Data=Z0UucpQqYZACUqD3QwBwGmdHrMSEr3jbPXCjp/IQhVNjAnE64VDXb/bxFLZX4DxB
WFZOeva6EekoGLdQfUIW+Ihxyrf6X8EjnFyMSBzS+gJcSJkKN6IRVbYXHq/KD999
GbLqZqm1SWlOFBe01FeMCOJxt+AKtX41xgklstlRJwvE0Ks4Wu9ugGRYY4Mimd0l
KVDD+89LUoLIrW6XV1eFqMeMg0fY3k1WXQzPh0zmTItQMzFuZMKNfATtrhlrgiAf
eYSAj+70AAoPCK89h9xw8xHdZypzfTOHjn8i21dpYEi+IVxOrjkDc4xD3H1URgYM
ehE+eDEwM2HIvdCfJ2ctvx/B8WxeIk0h8I/ZtQ1xFV2c5NBrIpwoSX4xl8oBMGHR
/wPECaqYXyfUS56Anis67Zw1fMxn0FZ9t/I996s2XLrBBVvCklJ1yWo1SNgYWotQ
jzFqUwtrOMEoEa2xFFpmcnxQbmh6b5rlWByC0nUeuoeaSK2B8dfxJjeNed8N9hMD
MOfo5ZD5FIlH5tIDANKlLDuhE9AtJTCns9bEuVelIv97jLolKF14WwRAAIxWZDQ7
DPImjrdKQuJwhrLXNcqCu6FiS7dQTc0k43gWFbuXY1Hkom78B9bzJnaSurUoUu+H
4ziQ2BlqX5i5boObQxP/bGnC++o23B4HxLFKrFtMU34EUGc84u4JXunz2udzrFQ5
aGO7
DEBUG	[2014-04-07 22:29:59:916] <11168> sessionkey:WK0+sRmGr9w/lxSZc1BgKuwAFFil+7YC1BBsjyaUKqLRr3Rwq2Ppay2OsQfb1H+1
H+iWk6RraMIC+qyMM9U6gtcdZBGW5t8l6qNPuh7XsPL3hNzGwyfBiUGrQhUG7op+
1FjZi013mS6tUnE0Kq1BQNL6WHlIKcqP2TkQriQNXtg=
DEBUG	[2014-04-07 22:29:59:916] <11168> url:http://www.loosfly.com
DEBUG	[2014-04-07 22:29:59:916] <11168> cardcode:12
DEBUG	[2014-04-07 22:29:59:916] <11168> parentemail:gkg22@naver.com
DEBUG	[2014-04-07 22:29:59:916] <11168> recvname:정하민
DEBUG	[2014-04-07 22:29:59:916] <11168> recvtel:010-3608-9986
DEBUG	[2014-04-07 22:29:59:916] <11168> recvaddr:서울특별시 마포구 상암동 1674 상암월드컵파크8단지 812동908호
DEBUG	[2014-04-07 22:29:59:916] <11168> recvpostnum:121-904
DEBUG	[2014-04-07 22:29:59:916] <11168> recvmsg:
DEBUG	[2014-04-07 22:29:59:916] <11168> joincard:
DEBUG	[2014-04-07 22:29:59:916] <11168> joinexpire:
DEBUG	[2014-04-07 22:29:59:916] <11168> id_customer:
INFO	[2014-04-07 22:29:59:916] <11168> Check Field OK
INFO	[2014-04-07 22:29:59:916] <11168> Make TID OK INIphpCARDGODOloosfl20140407222959162363
INFO	[2014-04-07 22:29:59:916] <11168> PI PUB KEY LOAD OK [39]
INFO	[2014-04-07 22:29:59:920] <11168> PG PUB KEY LOAD OK [30]
INFO	[2014-04-07 22:29:59:921] <11168> MERCHANT PRIV KEY LOAD OK
INFO	[2014-04-07 22:29:59:921] <11168> MERCHANT PUB KEY LOAD OK [0]
INFO	[2014-04-07 22:29:59:922] <11168> MAKE BODY OK
INFO	[2014-04-07 22:29:59:924] <11168> SIGN OK
INFO	[2014-04-07 22:29:59:924] <11168> MAKE HEAD OK
INFO	[2014-04-07 22:29:59:924] <11168> MSG_TO_PG:[0306000175R SHA1                   0                  39                  300200GODOloosfl               89000INIphpCARDGODOloosfl20140407222959162363<?xml version="1.0" encoding="UTF-8"?>
<INIpay>
	  <GoodsInfo>
	    <GoodsCnt>1</GoodsCnt>
	    <MOID/>
	    <Currency>WON</Currency>
	    <Tax/>
	    <TaxFree/>
	    <Goods>
	      <SMID>GODOloosfl</SMID>
	      <GoodsName urlencode="1">Basic+Sleeved+Lace+Leotard+%28Black%29</GoodsName>
	      <GoodsPrice>89000</GoodsPrice></Goods></GoodsInfo>
	  <BuyerInfo>
	    <BuyerName urlencode="1">%C1%A4%C7%CF%B9%CE</BuyerName>
	    <BuyerTel>010-3608-9986</BuyerTel>
	    <BuyerEmail urlencode="1">gkg22%40naver.com</BuyerEmail>
	    <ParentEmail urlencode="1">gkg22%40naver.com</ParentEmail>
	    <RecvName urlencode="1">%C1%A4%C7%CF%B9%CE</RecvName>
	    <RecvTel urlencode="1">010-3608-9986</RecvTel>
	    <RecvMsg/>
	    <RecvAddr urlencode="1">%BC%AD%BF%EF%C6%AF%BA%B0%BD%C3+%B8%B6%C6%F7%B1%B8+%BB%F3%BE%CF%B5%BF+1674+%BB%F3%BE%CF%BF%F9%B5%E5%C4%C5%C6%C4%C5%A98%B4%DC%C1%F6+812%B5%BF908%C8%A3</RecvAddr>
	    <RecvPostNum urlencode="1">121-904</RecvPostNum></BuyerInfo>
	  <PaymentInfo>
	    <Payment>
	      <PayMethod>Card</PayMethod>
	      <JoinCard/>
	      <JoinExpire/>
	      <MailOrder/>
	      <SessionKey>WK0+sRmGr9w/lxSZc1BgKuwAFFil+7YC1BBsjyaUKqLRr3Rwq2Ppay2OsQfb1H+1
H+iWk6RraMIC+qyMM9U6gtcdZBGW5t8l6qNPuh7XsPL3hNzGwyfBiUGrQhUG7op+
1FjZi013mS6tUnE0Kq1BQNL6WHlIKcqP2TkQriQNXtg=</SessionKey>
	      <Encrypted urlencode="1">Version%3D4.1%26PayMethod%3DCard%26RsaKeyNum%3D1%26EncryptionAlgorithm%3DSEED-CBC%26SignAlgorithm%3DRSAwithSHA1%26CertVer%3D39%26moid%3D1396877090153%26ver_trace%3Dmain%286085%2C6051%29card%286107%2C6099%29n%286008%29Cs%286021%29Dt%286002%29Pa%286002%29Cf%286024%29Fv%280000%29La%286122%29Re%286075%29Vr%286006%29P%286033%29en%286036%29nP%286006%29%26pg1%3D211.219.96.180%26pg2%3D203.238.37.3%26pg1ip%3D211.219.96.180%26pg2ip%3D203.238.37.3%26agreeflag%3D1111%26Data%3DZ0UucpQqYZACUqD3QwBwGmdHrMSEr3jbPXCjp%2FIQhVNjAnE64VDXb%2FbxFLZX4DxB%0D%0AWFZOeva6EekoGLdQfUIW%2BIhxyrf6X8EjnFyMSBzS%2BgJcSJkKN6IRVbYXHq%2FKD999%0D%0AGbLqZqm1SWlOFBe01FeMCOJxt%2BAKtX41xgklstlRJwvE0Ks4Wu9ugGRYY4Mimd0l%0D%0AKVDD%2B89LUoLIrW6XV1eFqMeMg0fY3k1WXQzPh0zmTItQMzFuZMKNfATtrhlrgiAf%0D%0AeYSAj%2B70AAoPCK89h9xw8xHdZypzfTOHjn8i21dpYEi%2BIVxOrjkDc4xD3H1URgYM%0D%0AehE%2BeDEwM2HIvdCfJ2ctvx%2FB8WxeIk0h8I%2FZtQ1xFV2c5NBrIpwoSX4xl8oBMGHR%0D%0A%2FwPECaqYXyfUS56Anis67Zw1fMxn0FZ9t%2FI996s2XLrBBVvCklJ1yWo1SNgYWotQ%0D%0AjzFqUwtrOMEoEa2xFFpmcnxQbmh6b5rlWByC0nUeuoeaSK2B8dfxJjeNed8N9hMD%0D%0AMOfo5ZD5FIlH5tIDANKlLDuhE9AtJTCns9bEuVelIv97jLolKF14WwRAAIxWZDQ7%0D%0ADPImjrdKQuJwhrLXNcqCu6FiS7dQTc0k43gWFbuXY1Hkom78B9bzJnaSurUoUu%2BH%0D%0A4ziQ2BlqX5i5boObQxP%2FbGnC%2B%2Bo23B4HxLFKrFtMU34EUGc84u4JXunz2udzrFQ5%0D%0AaGO7</Encrypted></Payment></PaymentInfo>
	  <ReservedInfo>
	    <MReserved1/>
	    <MReserved2/>
	    <MReserved3/></ReservedInfo>
	  <ManageInfo>
	    <Language/>
	    <URL urlencode="1">http%3A%2F%2Fwww.loosfly.com</URL>
	    <TXVersion>5031B111123securLinux     PHPchkfake   2.6.18-371.4.1.el5PHP:5.2.17  </TXVersion>
	    <TXUserID/>
	    <TXRegNum/>
	    <Ack>1</Ack>
	    <TXRN>MjAxNDA0MDcyMjI1MTY3MTU2ODQyNA==
</TXRN></ManageInfo></INIpay>ACVvne5j652WXozFVM93s3VBIdYBusf4H7YvF4e88/9TgdBWNXsajGb2KiUbveQK
J8a/EzM+uD8s79bGvrEbnINRIUSRCpT1V5Yr3YmjaeRM3Il5cfQPgJIl9WMXgFUK
BeA8O68zt6a6JiUstYgb8vY3QBVQM9OHC8DlpAW9LUcr
]
INFO	[2014-04-07 22:29:59:924] <11168> DNS LOOKUP OK(211.219.96.180:211.219.96.180:34049) laptime:0
INFO	[2014-04-07 22:29:59:927] <11168> SOCKET CONNECT OK
INFO	[2014-04-07 22:29:59:927] <11168> SEND OK
INFO	[2014-04-07 22:30:00:726] <11168> RECV OK
INFO	[2014-04-07 22:30:00:726] <11168> MSG_FROM_PG:[0299600175D SHA1                   0                  39                  300210GODOloosfl               89000INIphpCARDGODOloosfl20140407222959162363<?xml version="1.0" encoding="UTF-8"?>
<INIpay>
  <GoodsInfo>
    <GoodsCnt>1</GoodsCnt>
    <MOID urlencode="1">1396877090153</MOID>
    <Currency>WON</Currency>
    <Goods no="1">
      <SMID>GODOloosfl</SMID>
      <GoodsName urlencode="1">Basic+Sleeved+Lace+Leotard+%28Black%29</GoodsName>
      <GoodsCntS>1</GoodsCntS>
      <GoodsPrice>89000</GoodsPrice>
    </Goods>
  </GoodsInfo>
  <PaymentInfo>
    <Payment>
      <SessionKey>AeDSXunodfykvxvTlUzmW5k1GrgcehSRDcSHXfXfFeJz/5YWh4QbThvL2QNSRX0E
DB35m0ZaMZAbjtGhWYqxy6wXcvWt8K45oPudZ1G6MrQv1KR76q18bJYU+2tIABkZ
HIsOXey7sB8+8LXb5ACO9BmrYxPDigI8qpnX4iydPYuixxENvchHmt4=
</SessionKey>
      <Encrypted>KT1Q0BU4K3HbVGdD8Ugp2pHcJAGydSMi6eQm7XbvxaMnL2LDXiWN5iYWZBJYXUWi
BKHDBD7q3pmKf4BrBMnTwnIlZGLawKg6i1gwfTUoYRyPwJAo1dZ1FYtaipAHdv/i
UAi8+9Z8cEO6qe99/2qlofGTGuSBkY4x2DvemTyLN2XE11veDgGD5z12OsD2cqud
yUpd4wsL7YP9YB7Qb02ZaO5RVjU6S8VEy3Oa6qIeBX0GnIWiqWH/MynIwgs+i/OT
P9+wXTcBWc6KePycnmGLWWseilz7YPkEzKCa7+KfNH90ZFzn6qCCmT1LfJe2sILU
hhTLWIV5cqmaD3ik+RceyEZe/A/lZeFVxxFYJGs1zHqJsLna7xiRN5OqoYSyAtCk
oLgXAOiL2/oPPvmVM9W18psR8H/6f9qyWaPKvQlqrJ3UYbfdNIQ9jDVTR7JzGISd
qkOCwCs/HGNLU2LWWqFO4wTUelm9Rl5QAUtcdkaFGtIKB1Zr520MlYk6VXFLm7Wv
IOOF7hUimrPT1EEI0oGBn4D6m2MAZUfG/t7TR/Ui5HFB8miD3PoUWbs/uo9Vjepb
16aBR6HL6KX8NLE/xiyX9A77d9kFEg+i5SUIfM96ClA26/CjJbyuWIeNMjAO+fpM
x+Km5KI5Kl8LzmGYqG4zUnh3gQvYOfMTlGeaiuZyixPuZaabMB8BNhZdTc4IqMux
jHfLoAZvjAdS4e6+gJPBhE94J4RZ5cri8GU2qgwKk5uD4a6TMZf3PZDa9/99UNgu
BFMPZcWXkS9Cxlqau8qk1/JC7r6enKkUeo6qra9AHDhnCs9a8nxqeHm3yNGPZ0js
bnWCPYNrj+JgAsKkrcAvWmQdusj0qOMPtrHio77DLSmakSq2tNOEfxxl+wWe+46X
OvQ7/TlAz3YAHHC05nVhgeTYKM7R8OX6AGTE1QbyNSFELsQIIHLPazyQTQNbosVw
tQAI94UdRMJxLvk/eiSYngr7alhlLJXWcRG2pKMepsMrxfObcSMmNhuyLS7qUTFU
V8F9nJzs0VZYy1w2B+qnvurBuPkw0ovcoR2XwUGldFOCFNKRQXZVehlHH5e2nMvE
T+Ve+SiWVEUkLTHd3sQeJ+j2VZZD50OssZmmg2SecpdpEZeugN/Uy45qDFQDiUvL
XMkHLcudCZSCzEcmocw10lpJrcDn3OVw1zTcZEchGJh7wP8SiDOj4x8Cekf2Ghpo
0yJXF4dc13o6Vs+voW13o1Hc3Y/6SI9uFpGOOSHjXp5m1UyhSAhw8Wk4jYCjYxNU
YaoGRZJ1xRGi4LUC7d3ZLloJIfawweUApCOKxQwLV7Syfl0kU1wDY4kov+lX5z9C
7s/r+cb665tFBLGcIhEScGT9OFe/7ejYn6/6WeyqpLD48F/UV9Mv43V/3uI9e59c
eyllsK5N6BK2v6hY2+BpyfnZ0X89u2Ky1+TJQsV5GVXTi1cgLZ62Ftt6BsBe6v/B
Ru4Er7a513mv12iBYzuOpmF6F53tqyqnYcJk3aPqDBlKxkbS+ijv55mxmE9/w3vi
/EYUOZkD0jSaa+DQ8I+wHgWfeg9EeACHE0KEkho5nbVKbUl5Fy2DSkpC3dDqe4bT
wwU22p0XPmoEsAP/LS1seqeuM8+5cm9B
</Encrypted>
      <PayMethod>Card</PayMethod>
      <ResultCode>120000</ResultCode>
      <ResultMsg urlencode="1">%C1%A4%BB%F3%C3%B3%B8%AE%B5%C7%BE%FA%BD%C0%B4%CF%B4%D9.</ResultMsg>
    </Payment>
  </PaymentInfo>
  <ManageInfo>
    <EventCode></EventCode>
    <OrgCurrency></OrgCurrency>
    <ExchangeRate></ExchangeRate>
    <OrgPrice></OrgPrice>
  </ManageInfo>
  <ReservedInfo>
    <MReserved1 urlencode="1"></MReserved1>
    <MReserved2 urlencode="1"></MReserved2>
    <MReserved3 urlencode="1"></MReserved3>
    <PGReserved1 urlencode="1"></PGReserved1>
    <PGReserved2 urlencode="1"></PGReserved2>
    <PGReserved3 urlencode="1"></PGReserved3>
  </ReservedInfo>
</INIpay>
1KWjCjt8iE2Nvlw4s77SsPsTtKFQnYhTaTj7f1MC/c22AFaLxiPcqQgxNCoHpbUC
0fCYRYzL2ZWGGrCqfm1ecqhbdGvLL+KYq4AVGgTyPVCKwWLIPgS5yBS023BqX8io
ctbw0aqSRmKISdy3D1/kcV38dl518Wzj4dpGZxFNzug=
]
INFO	[2014-04-07 22:30:00:726] <11168> VERIFY OK
INFO	[2014-04-07 22:30:00:726] <11168> PARSE HEAD OK
INFO	[2014-04-07 22:30:00:729] <11168> PARSE BODY OK
INFO	[2014-04-07 22:30:00:733] <11168> DECRYPT OK
DEBUG	[2014-04-07 22:30:00:733] <11168> DECRYPT MSG:[<?xml version="1.0" encoding="UTF-8"?>
<PaymentInfo>
  <Payment>
    <EASYPAY/>
    <Card>
      <CARD_ApplPrice>89000</CARD_ApplPrice>
      <CARD_Num>941009700315</CARD_Num>
      <CARD_Expire></CARD_Expire>
      <CARD_Code>12</CARD_Code>
      <CARD_BankCode>00</CARD_BankCode>
      <CARD_Quota>00</CARD_Quota>
      <CARD_Interest>0</CARD_Interest>
      <CARD_Point></CARD_Point>
      <CARD_AuthType>99</CARD_AuthType>
      <CARD_RegNum></CARD_RegNum>
      <CARD_ApplDate>20140407</CARD_ApplDate>
      <CARD_ApplTime>223001</CARD_ApplTime>
      <CARD_ApplNum>37444709</CARD_ApplNum>
      <CARD_TerminalNum>019048y000</CARD_TerminalNum>
      <CARD_MemberNum></CARD_MemberNum>
      <CARD_PurchaseCode></CARD_PurchaseCode>
      <CARD_ResultCode>120000</CARD_ResultCode>
      <CARD_ResultMsg urlencode="1">%C1%A4%BB%F3%C3%B3%B8%AE%B5%C7%BE%FA%BD%C0%B4%CF%B4%D9.</CARD_ResultMsg>
      <CARD_PrtcCode>1</CARD_PrtcCode>
      <CARD_Quota_Point>00</CARD_Quota_Point>
      <CARD_CheckFlag>0</CARD_CheckFlag>
      <CARD_PurchaseName urlencode="1"></CARD_PurchaseName>
      <CARD_IssuerName urlencode="1"></CARD_IssuerName>
      <CARD_JoinUsePoint></CARD_JoinUsePoint>
    </Card>
  </Payment>
</PaymentInfo>]
INFO	[2014-04-07 22:30:00:736] <11168> DECRYPT PARSE OK
INFO	[2014-04-07 22:30:00:737] <11168> WAIT ACK INVOKING
DEBUG	[2014-04-07 22:30:00:737] <11168> MAKE HEAD OK
INFO	[2014-04-07 22:30:00:741] <11168> SUCCESS ACK INVOKING
INFO	[2014-04-07 22:30:00:741] <11168> END securepay 정상처리되었습니다. Laptime:[0.82sec]
INFO	[2014-04-07 22:30:00:741] <11168> ===============================================================
