INFO	[2013-09-20 14:44:59:903] <18983> START INIPHP chkfake (V5031-111123)(OS:Linux2.6.18-348.16.1.el5,PHP:5.2.17)
DEBUG	[2013-09-20 14:44:59:908] <18983> inipayhome:/www/loosfly_godo_co_kr/shop/order/card/inipay
DEBUG	[2013-09-20 14:44:59:908] <18983> type:chkfake
DEBUG	[2013-09-20 14:44:59:908] <18983> debug:true
DEBUG	[2013-09-20 14:44:59:908] <18983> enctype:asym
DEBUG	[2013-09-20 14:44:59:908] <18983> admin:1111
DEBUG	[2013-09-20 14:44:59:908] <18983> checkopt:false
DEBUG	[2013-09-20 14:44:59:908] <18983> mid:GODOloosfl
DEBUG	[2013-09-20 14:44:59:908] <18983> price:89000
DEBUG	[2013-09-20 14:44:59:908] <18983> nointerest:no
DEBUG	[2013-09-20 14:44:59:908] <18983> quotabase:선택:일시불:2개월:3개월:4개월:5개월:6개월:7개월:8개월:9개월:10개월:11개월:12개월
INFO	[2013-09-20 14:44:59:908] <18983> Check Field OK
INFO	[2013-09-20 14:44:59:920] <18983> MERCHANT PRIV KEY LOAD OK
INFO	[2013-09-20 14:44:59:924] <18983> MERCHANT PUB KEY LOAD OK []
INFO	[2013-09-20 14:44:59:926] <18983> CHKFAKE KEY MAKE OK:MjAxMzA5MjAxNDQ0NTk5MjQzOTQ5Ng==

INFO	[2013-09-20 14:44:59:927] <18983> END chkfake  Laptime:[0.04sec]
INFO	[2013-09-20 14:44:59:927] <18983> ===============================================================
INFO	[2013-09-20 14:45:15:636] <23573> START INIPHP chkfake (V5031-111123)(OS:Linux2.6.18-348.16.1.el5,PHP:5.2.17)
DEBUG	[2013-09-20 14:45:15:636] <23573> inipayhome:/www/loosfly_godo_co_kr/shop/order/card/inipay
DEBUG	[2013-09-20 14:45:15:636] <23573> type:chkfake
DEBUG	[2013-09-20 14:45:15:636] <23573> debug:true
DEBUG	[2013-09-20 14:45:15:636] <23573> enctype:asym
DEBUG	[2013-09-20 14:45:15:636] <23573> admin:1111
DEBUG	[2013-09-20 14:45:15:636] <23573> checkopt:false
DEBUG	[2013-09-20 14:45:15:636] <23573> mid:GODOloosfl
DEBUG	[2013-09-20 14:45:15:636] <23573> price:89000
DEBUG	[2013-09-20 14:45:15:636] <23573> nointerest:no
DEBUG	[2013-09-20 14:45:15:636] <23573> quotabase:선택:일시불:2개월:3개월:4개월:5개월:6개월:7개월:8개월:9개월:10개월:11개월:12개월
INFO	[2013-09-20 14:45:15:636] <23573> Check Field OK
INFO	[2013-09-20 14:45:15:636] <23573> MERCHANT PRIV KEY LOAD OK
INFO	[2013-09-20 14:45:15:636] <23573> MERCHANT PUB KEY LOAD OK []
INFO	[2013-09-20 14:45:15:638] <23573> CHKFAKE KEY MAKE OK:MjAxMzA5MjAxNDQ1MTU2Mzc2NjM2OA==

INFO	[2013-09-20 14:45:15:638] <23573> END chkfake  Laptime:[0sec]
INFO	[2013-09-20 14:45:15:638] <23573> ===============================================================
INFO	[2013-09-20 14:45:24:262] <29842> START INIPHP chkfake (V5031-111123)(OS:Linux2.6.18-348.16.1.el5,PHP:5.2.17)
DEBUG	[2013-09-20 14:45:24:262] <29842> inipayhome:/www/loosfly_godo_co_kr/shop/order/card/inipay
DEBUG	[2013-09-20 14:45:24:262] <29842> type:chkfake
DEBUG	[2013-09-20 14:45:24:262] <29842> debug:true
DEBUG	[2013-09-20 14:45:24:262] <29842> enctype:asym
DEBUG	[2013-09-20 14:45:24:262] <29842> admin:1111
DEBUG	[2013-09-20 14:45:24:262] <29842> checkopt:false
DEBUG	[2013-09-20 14:45:24:262] <29842> mid:GODOloosfl
DEBUG	[2013-09-20 14:45:24:262] <29842> price:89000
DEBUG	[2013-09-20 14:45:24:262] <29842> nointerest:no
DEBUG	[2013-09-20 14:45:24:262] <29842> quotabase:선택:일시불:2개월:3개월:4개월:5개월:6개월:7개월:8개월:9개월:10개월:11개월:12개월
INFO	[2013-09-20 14:45:24:262] <29842> Check Field OK
INFO	[2013-09-20 14:45:24:262] <29842> MERCHANT PRIV KEY LOAD OK
INFO	[2013-09-20 14:45:24:262] <29842> MERCHANT PUB KEY LOAD OK []
INFO	[2013-09-20 14:45:24:264] <29842> CHKFAKE KEY MAKE OK:MjAxMzA5MjAxNDQ1MjQyNjM4NDkyOA==

INFO	[2013-09-20 14:45:24:264] <29842> END chkfake  Laptime:[0sec]
INFO	[2013-09-20 14:45:24:264] <29842> ===============================================================
