INFO	[2014-02-16 12:45:06:69] <8078> START INIPHP chkfake (V5031-111123)(OS:Linux2.6.18-371.4.1.el5,PHP:5.2.17)
DEBUG	[2014-02-16 12:45:06:71] <8078> inipayhome:/www/loosfly_godo_co_kr/shop/order/card/inipay
DEBUG	[2014-02-16 12:45:06:71] <8078> type:chkfake
DEBUG	[2014-02-16 12:45:06:71] <8078> debug:true
DEBUG	[2014-02-16 12:45:06:71] <8078> enctype:asym
DEBUG	[2014-02-16 12:45:06:71] <8078> admin:1111
DEBUG	[2014-02-16 12:45:06:71] <8078> checkopt:false
DEBUG	[2014-02-16 12:45:06:71] <8078> mid:GODOloosfl
DEBUG	[2014-02-16 12:45:06:71] <8078> price:168000
DEBUG	[2014-02-16 12:45:06:71] <8078> nointerest:no
DEBUG	[2014-02-16 12:45:06:71] <8078> quotabase:선택:일시불:2개월:3개월:4개월:5개월:6개월:7개월:8개월:9개월:10개월:11개월:12개월
INFO	[2014-02-16 12:45:06:71] <8078> Check Field OK
INFO	[2014-02-16 12:45:06:79] <8078> MERCHANT PRIV KEY LOAD OK
INFO	[2014-02-16 12:45:06:83] <8078> MERCHANT PUB KEY LOAD OK []
INFO	[2014-02-16 12:45:06:86] <8078> CHKFAKE KEY MAKE OK:MjAxNDAyMTYxMjQ1MDYwODQ5NDQ0OA==

INFO	[2014-02-16 12:45:06:86] <8078> END chkfake  Laptime:[0.03sec]
INFO	[2014-02-16 12:45:06:86] <8078> ===============================================================
INFO	[2014-02-16 12:46:13:496] <16283> START INIPHP chkfake (V5031-111123)(OS:Linux2.6.18-371.4.1.el5,PHP:5.2.17)
DEBUG	[2014-02-16 12:46:13:496] <16283> inipayhome:/www/loosfly_godo_co_kr/shop/order/card/inipay
DEBUG	[2014-02-16 12:46:13:496] <16283> type:chkfake
DEBUG	[2014-02-16 12:46:13:496] <16283> debug:true
DEBUG	[2014-02-16 12:46:13:496] <16283> enctype:asym
DEBUG	[2014-02-16 12:46:13:496] <16283> admin:1111
DEBUG	[2014-02-16 12:46:13:496] <16283> checkopt:false
DEBUG	[2014-02-16 12:46:13:496] <16283> mid:GODOloosfl
DEBUG	[2014-02-16 12:46:13:496] <16283> price:168000
DEBUG	[2014-02-16 12:46:13:496] <16283> nointerest:no
DEBUG	[2014-02-16 12:46:13:496] <16283> quotabase:선택:일시불:2개월:3개월:4개월:5개월:6개월:7개월:8개월:9개월:10개월:11개월:12개월
INFO	[2014-02-16 12:46:13:497] <16283> Check Field OK
INFO	[2014-02-16 12:46:13:497] <16283> MERCHANT PRIV KEY LOAD OK
INFO	[2014-02-16 12:46:13:497] <16283> MERCHANT PUB KEY LOAD OK []
INFO	[2014-02-16 12:46:13:498] <16283> CHKFAKE KEY MAKE OK:MjAxNDAyMTYxMjQ2MTM0OTc1Mzc4OQ==

INFO	[2014-02-16 12:46:13:499] <16283> END chkfake  Laptime:[0sec]
INFO	[2014-02-16 12:46:13:499] <16283> ===============================================================
INFO	[2014-02-16 12:46:16:265] <614> START INIPHP chkfake (V5031-111123)(OS:Linux2.6.18-371.4.1.el5,PHP:5.2.17)
DEBUG	[2014-02-16 12:46:16:265] <614> inipayhome:/www/loosfly_godo_co_kr/shop/order/card/inipay
DEBUG	[2014-02-16 12:46:16:265] <614> type:chkfake
DEBUG	[2014-02-16 12:46:16:265] <614> debug:true
DEBUG	[2014-02-16 12:46:16:265] <614> enctype:asym
DEBUG	[2014-02-16 12:46:16:265] <614> admin:1111
DEBUG	[2014-02-16 12:46:16:265] <614> checkopt:false
DEBUG	[2014-02-16 12:46:16:265] <614> mid:GODOloosfl
DEBUG	[2014-02-16 12:46:16:265] <614> price:168000
DEBUG	[2014-02-16 12:46:16:265] <614> nointerest:no
DEBUG	[2014-02-16 12:46:16:265] <614> quotabase:선택:일시불:2개월:3개월:4개월:5개월:6개월:7개월:8개월:9개월:10개월:11개월:12개월
INFO	[2014-02-16 12:46:16:265] <614> Check Field OK
INFO	[2014-02-16 12:46:16:266] <614> MERCHANT PRIV KEY LOAD OK
INFO	[2014-02-16 12:46:16:266] <614> MERCHANT PUB KEY LOAD OK []
INFO	[2014-02-16 12:46:16:267] <614> CHKFAKE KEY MAKE OK:MjAxNDAyMTYxMjQ2MTYyNjY1MDYxMw==

INFO	[2014-02-16 12:46:16:268] <614> END chkfake  Laptime:[0sec]
INFO	[2014-02-16 12:46:16:268] <614> ===============================================================
INFO	[2014-02-16 12:48:41:706] <4208> START INIPHP chkfake (V5031-111123)(OS:Linux2.6.18-371.4.1.el5,PHP:5.2.17)
DEBUG	[2014-02-16 12:48:41:706] <4208> inipayhome:/www/loosfly_godo_co_kr/shop/order/card/inipay
DEBUG	[2014-02-16 12:48:41:706] <4208> type:chkfake
DEBUG	[2014-02-16 12:48:41:706] <4208> debug:true
DEBUG	[2014-02-16 12:48:41:706] <4208> enctype:asym
DEBUG	[2014-02-16 12:48:41:706] <4208> admin:1111
DEBUG	[2014-02-16 12:48:41:706] <4208> checkopt:false
DEBUG	[2014-02-16 12:48:41:706] <4208> mid:GODOloosfl
DEBUG	[2014-02-16 12:48:41:706] <4208> price:168000
DEBUG	[2014-02-16 12:48:41:706] <4208> nointerest:no
DEBUG	[2014-02-16 12:48:41:706] <4208> quotabase:선택:일시불:2개월:3개월:4개월:5개월:6개월:7개월:8개월:9개월:10개월:11개월:12개월
INFO	[2014-02-16 12:48:41:707] <4208> Check Field OK
INFO	[2014-02-16 12:48:41:707] <4208> MERCHANT PRIV KEY LOAD OK
INFO	[2014-02-16 12:48:41:707] <4208> MERCHANT PUB KEY LOAD OK []
INFO	[2014-02-16 12:48:41:708] <4208> CHKFAKE KEY MAKE OK:MjAxNDAyMTYxMjQ4NDE3MDcyNjk3OQ==

INFO	[2014-02-16 12:48:41:709] <4208> END chkfake  Laptime:[0sec]
INFO	[2014-02-16 12:48:41:709] <4208> ===============================================================
INFO	[2014-02-16 12:50:32:328] <4231> START INIPHP securepay (V5031-111123)(OS:Linux2.6.18-371.4.1.el5,PHP:5.2.17)
DEBUG	[2014-02-16 12:50:32:328] <4231> inipayhome:/www/loosfly_godo_co_kr/shop/order/card/inipay
DEBUG	[2014-02-16 12:50:32:328] <4231> type:securepay
DEBUG	[2014-02-16 12:50:32:328] <4231> pgid:INIphpCARD
DEBUG	[2014-02-16 12:50:32:328] <4231> subpgip:203.238.3.10
DEBUG	[2014-02-16 12:50:32:328] <4231> admin:1111
DEBUG	[2014-02-16 12:50:32:328] <4231> debug:true
DEBUG	[2014-02-16 12:50:32:328] <4231> uid:
DEBUG	[2014-02-16 12:50:32:328] <4231> goodname:Semi-tight Contrast Pants (Black/Coral Pink) 외1건
DEBUG	[2014-02-16 12:50:32:328] <4231> currency:WON
DEBUG	[2014-02-16 12:50:32:328] <4231> mid:GODOloosfl
DEBUG	[2014-02-16 12:50:32:328] <4231> rn:MjAxNDAyMTYxMjQ4NDE3MDcyNjk3OQ==

DEBUG	[2014-02-16 12:50:32:328] <4231> price:168000
DEBUG	[2014-02-16 12:50:32:328] <4231> enctype:
DEBUG	[2014-02-16 12:50:32:328] <4231> buyername:김정현
DEBUG	[2014-02-16 12:50:32:328] <4231> buyertel:010-9325-8951
DEBUG	[2014-02-16 12:50:32:328] <4231> buyeremail:intree303@naver.com
DEBUG	[2014-02-16 12:50:32:328] <4231> paymethod:Card
DEBUG	[2014-02-16 12:50:32:328] <4231> encrypted:Version=4.1&PayMethod=Card&RsaKeyNum=1&EncryptionAlgorithm=SEED-CBC&SignAlgorithm=RSAwithSHA1&CertVer=39&moid=1392522515089&ver_trace=main(6081,6050)card(6101,6094)n(6008)Cs(6021)Dt(6002)Pa(6002)Cf(6024)Fv(0000)La(6119)Re(6074)Vr(6006)P(6033)en(6035)nP(6006)&pg1=203.238.37.3&pg2=211.219.96.180&pg1ip=203.238.37.3&pg2ip=211.219.96.180&agreeflag=1111&Data=F/OUP61+AIggcJJkhEvrGROgBjnHgtSUf3HSbTHtOUcJVX+XtbJmRPf+WMrWhPvf
Ore4ceBaZBcT8amTjwb/p4qTI+zAOylu5jUteLvB535XnvEEUXsCiDnqpfXwKNmJ
oDV2rlzm55RiEaGabIW30RmV0+DnY57bJjr4qmnEMUirxq46VaiwbU0agHp22qFB
b1L+Xtg2fqUY1/5/9hcl7ZOWQHf63AzUdPe+B08/2NUh/f6DbmadqvIghJ0GFFfS
HaEF7HonVfHWbxTcvGVk3H4shp7QQwOZ74uCmXBrpcaKhDfWGrsUKNXxA63tKlL8
IhvNkgajwo5yYYsfM0YCPrvkOWjx06gCBy7SkF43fQu4zeWv9axLo2fw2Xk3qA9b
4BZD4yvmDoficAmlEwt2bJRCnX0ifyIgzRn0l/FZqDZ0cDbqbCLtgjMl0LU0k7ZP
z4xMs/4qCso37v9IfGOXDQq4PLeajDid//bpowx7vJ10QFsCggCD6lR8Y/saORo0
dyl7tQ2PMgW1XyAh8540gHjgbnYO45wRDKZ35qCwmi+HeXaCEI8A1NLpZczfw2/H
cnIGcrqPvU/H6X2QDxFq7KOhafm1ShPGAN2z0oj5C7E23/+Q0CAQvgrXs2eDBCTk
oxIlkEr+VqZeHFgR++29Qxth9KY1DYBjVR10wpJIbfdGwcJUg7r0UJoVsA==
DEBUG	[2014-02-16 12:50:32:328] <4231> sessionkey:iaoOT3PqzwlFMYmV5DYvkuPGLIF8S0h+jlihS8HDt19yBlRURt1rqOla3Ln7d8GI
96G7BVziH2vIGOXG4Gz5pTSwOJlIml77RxRy/MOYB62ThJLjPsA/zg0llVA6F+ST
IAZ9Bz/ajGvpz1R7TQoblvj2hov7DvmrirjxofbfFwI=
DEBUG	[2014-02-16 12:50:32:328] <4231> url:http://www.loosfly.com
DEBUG	[2014-02-16 12:50:32:328] <4231> cardcode:01
DEBUG	[2014-02-16 12:50:32:328] <4231> parentemail:intree303@naver.com
DEBUG	[2014-02-16 12:50:32:328] <4231> recvname:김정현
DEBUG	[2014-02-16 12:50:32:328] <4231> recvtel:010-9325-8951
DEBUG	[2014-02-16 12:50:32:328] <4231> recvaddr:서울특별시 강남구 삼성동 120-2 삼성동대훈빌딩 302호 (주)쿠키이씨엔
DEBUG	[2014-02-16 12:50:32:328] <4231> recvpostnum:135-509
DEBUG	[2014-02-16 12:50:32:328] <4231> recvmsg:
DEBUG	[2014-02-16 12:50:32:328] <4231> joincard:
DEBUG	[2014-02-16 12:50:32:328] <4231> joinexpire:
DEBUG	[2014-02-16 12:50:32:328] <4231> id_customer:
INFO	[2014-02-16 12:50:32:328] <4231> Check Field OK
INFO	[2014-02-16 12:50:32:328] <4231> Make TID OK INIphpCARDGODOloosfl20140216125032288627
INFO	[2014-02-16 12:50:32:328] <4231> PI PUB KEY LOAD OK [39]
INFO	[2014-02-16 12:50:32:330] <4231> PG PUB KEY LOAD OK [30]
INFO	[2014-02-16 12:50:32:330] <4231> MERCHANT PRIV KEY LOAD OK
INFO	[2014-02-16 12:50:32:330] <4231> MERCHANT PUB KEY LOAD OK [0]
INFO	[2014-02-16 12:50:32:332] <4231> MAKE BODY OK
INFO	[2014-02-16 12:50:32:333] <4231> SIGN OK
INFO	[2014-02-16 12:50:32:333] <4231> MAKE HEAD OK
INFO	[2014-02-16 12:50:32:333] <4231> MSG_TO_PG:[0312300175R SHA1                   0                  39                  300200GODOloosfl              168000INIphpCARDGODOloosfl20140216125032288627<?xml version="1.0" encoding="UTF-8"?>
<INIpay>
	  <GoodsInfo>
	    <GoodsCnt>1</GoodsCnt>
	    <MOID/>
	    <Currency>WON</Currency>
	    <Tax/>
	    <TaxFree/>
	    <Goods>
	      <SMID>GODOloosfl</SMID>
	      <GoodsName urlencode="1">Semi-tight+Contrast+Pants+%28Black%2FCoral+Pink%29+%BF%DC1%B0%C7</GoodsName>
	      <GoodsPrice>168000</GoodsPrice></Goods></GoodsInfo>
	  <BuyerInfo>
	    <BuyerName urlencode="1">%B1%E8%C1%A4%C7%F6</BuyerName>
	    <BuyerTel>010-9325-8951</BuyerTel>
	    <BuyerEmail urlencode="1">intree303%40naver.com</BuyerEmail>
	    <ParentEmail urlencode="1">intree303%40naver.com</ParentEmail>
	    <RecvName urlencode="1">%B1%E8%C1%A4%C7%F6</RecvName>
	    <RecvTel urlencode="1">010-9325-8951</RecvTel>
	    <RecvMsg/>
	    <RecvAddr urlencode="1">%BC%AD%BF%EF%C6%AF%BA%B0%BD%C3+%B0%AD%B3%B2%B1%B8+%BB%EF%BC%BA%B5%BF+120-2+%BB%EF%BC%BA%B5%BF%B4%EB%C8%C6%BA%F4%B5%F9+302%C8%A3+%28%C1%D6%29%C4%ED%C5%B0%C0%CC%BE%BE%BF%A3</RecvAddr>
	    <RecvPostNum urlencode="1">135-509</RecvPostNum></BuyerInfo>
	  <PaymentInfo>
	    <Payment>
	      <PayMethod>Card</PayMethod>
	      <JoinCard/>
	      <JoinExpire/>
	      <MailOrder/>
	      <SessionKey>iaoOT3PqzwlFMYmV5DYvkuPGLIF8S0h+jlihS8HDt19yBlRURt1rqOla3Ln7d8GI
96G7BVziH2vIGOXG4Gz5pTSwOJlIml77RxRy/MOYB62ThJLjPsA/zg0llVA6F+ST
IAZ9Bz/ajGvpz1R7TQoblvj2hov7DvmrirjxofbfFwI=</SessionKey>
	      <Encrypted urlencode="1">Version%3D4.1%26PayMethod%3DCard%26RsaKeyNum%3D1%26EncryptionAlgorithm%3DSEED-CBC%26SignAlgorithm%3DRSAwithSHA1%26CertVer%3D39%26moid%3D1392522515089%26ver_trace%3Dmain%286081%2C6050%29card%286101%2C6094%29n%286008%29Cs%286021%29Dt%286002%29Pa%286002%29Cf%286024%29Fv%280000%29La%286119%29Re%286074%29Vr%286006%29P%286033%29en%286035%29nP%286006%29%26pg1%3D203.238.37.3%26pg2%3D211.219.96.180%26pg1ip%3D203.238.37.3%26pg2ip%3D211.219.96.180%26agreeflag%3D1111%26Data%3DF%2FOUP61%2BAIggcJJkhEvrGROgBjnHgtSUf3HSbTHtOUcJVX%2BXtbJmRPf%2BWMrWhPvf%0D%0AOre4ceBaZBcT8amTjwb%2Fp4qTI%2BzAOylu5jUteLvB535XnvEEUXsCiDnqpfXwKNmJ%0D%0AoDV2rlzm55RiEaGabIW30RmV0%2BDnY57bJjr4qmnEMUirxq46VaiwbU0agHp22qFB%0D%0Ab1L%2BXtg2fqUY1%2F5%2F9hcl7ZOWQHf63AzUdPe%2BB08%2F2NUh%2Ff6DbmadqvIghJ0GFFfS%0D%0AHaEF7HonVfHWbxTcvGVk3H4shp7QQwOZ74uCmXBrpcaKhDfWGrsUKNXxA63tKlL8%0D%0AIhvNkgajwo5yYYsfM0YCPrvkOWjx06gCBy7SkF43fQu4zeWv9axLo2fw2Xk3qA9b%0D%0A4BZD4yvmDoficAmlEwt2bJRCnX0ifyIgzRn0l%2FFZqDZ0cDbqbCLtgjMl0LU0k7ZP%0D%0Az4xMs%2F4qCso37v9IfGOXDQq4PLeajDid%2F%2Fbpowx7vJ10QFsCggCD6lR8Y%2FsaORo0%0D%0Adyl7tQ2PMgW1XyAh8540gHjgbnYO45wRDKZ35qCwmi%2BHeXaCEI8A1NLpZczfw2%2FH%0D%0AcnIGcrqPvU%2FH6X2QDxFq7KOhafm1ShPGAN2z0oj5C7E23%2F%2BQ0CAQvgrXs2eDBCTk%0D%0AoxIlkEr%2BVqZeHFgR%2B%2B29Qxth9KY1DYBjVR10wpJIbfdGwcJUg7r0UJoVsA%3D%3D</Encrypted></Payment></PaymentInfo>
	  <ReservedInfo>
	    <MReserved1/>
	    <MReserved2/>
	    <MReserved3/></ReservedInfo>
	  <ManageInfo>
	    <Language/>
	    <URL urlencode="1">http%3A%2F%2Fwww.loosfly.com</URL>
	    <TXVersion>5031B111123securLinux     PHPchkfake   2.6.18-371.4.1.el5PHP:5.2.17  </TXVersion>
	    <TXUserID/>
	    <TXRegNum/>
	    <Ack>1</Ack>
	    <TXRN>MjAxNDAyMTYxMjQ4NDE3MDcyNjk3OQ==
</TXRN></ManageInfo></INIpay>ARBOIsKuAzWNMGNcqyHmIxIHhTNZwDnjq332cJMP3YrZ/phueRpvm5/cTyb6Fl2b
Doy7dtw1xJy5/4Lq4VF9GnyDDTX80xF9ncpJaC6uCbN/QUTzIdWObgq7511Jq54Y
k+wKom4Msw/NJ/sA9RJnMy22MBU/IqwKAcwJO1OFhOaH
]
INFO	[2014-02-16 12:50:32:333] <4231> DNS LOOKUP OK(203.238.37.3:203.238.37.3:34049) laptime:0
INFO	[2014-02-16 12:50:32:336] <4231> SOCKET CONNECT OK
INFO	[2014-02-16 12:50:32:337] <4231> SEND OK
INFO	[2014-02-16 12:50:33:109] <4231> RECV OK
INFO	[2014-02-16 12:50:33:109] <4231> MSG_FROM_PG:[0302300175D SHA1                   0                  39                  300210GODOloosfl              168000INIphpCARDGODOloosfl20140216125032288627<?xml version="1.0" encoding="UTF-8"?>
<INIpay>
  <GoodsInfo>
    <GoodsCnt>1</GoodsCnt>
    <MOID urlencode="1">1392522515089</MOID>
    <Currency>WON</Currency>
    <Goods no="1">
      <SMID>GODOloosfl</SMID>
      <GoodsName urlencode="1">Semi-tight+Contrast+Pants+%28Black%2FCoral+Pink%29+%BF%DC1%B0%C7</GoodsName>
      <GoodsCntS>1</GoodsCntS>
      <GoodsPrice>168000</GoodsPrice>
    </Goods>
  </GoodsInfo>
  <PaymentInfo>
    <Payment>
      <SessionKey>AU9mC7R8gjxOQBj2Eb+stzyxwe3VYh0bd24oAUOIgImnKYnP+R3pJ6qFQPKi8IqD
+scweYDF5TYtjCBK0NoMPz/NAvDHamMxintgkcI3hkpVwD9HaywQotrrPZ1F9p/l
thM0y75GjTNAIVE1NJYDduzx/2EVhqf986UQmlD4U4vNWN/GVb+9qDs=
</SessionKey>
      <Encrypted>fEwSsR0sb0eKVTcbnKJoCGEtysG+iThb+3g15ptNHYPVgfmvg7VDYpIbtY3hte+T
7dOFYBybrwA2QAuTF2W1YmvgOG6goA64SKwFPiwSJ3qIZV85iNw7MhYDtFp+Ldz3
IOyIjO4ojROpnhEOV7nSh66avkl9Fr9I8BaNDpulGOh9KehWDTyiErO+8eJ6ylbG
pfML7ngb7p3l84cFJsM9PsxqudFdwJGDc9M1g0grM1Ld2C6TrRweFD1RYD+itJ8O
G8+4JJLDTdfVyzpawGOolyPuHrisJI5dDFRpSXmSmQIe8T/6wdtotZK4iNT7U5Qg
ne2Ymt5bGcLgLKfSz2zSPb849E1QGbMD0WiUb70+ndh0xVNTDwkGLGV+u9DxQa6+
4zclxQktN6tPQCPGu5//GGjqyX/1RVaXb0tQTlNd4/aiqW6sQde3QsRytf9rlbgI
JbonZqWmNgQvmHzt87boGiu9stHxS5bNCMZ57X+J83YehInzmZyxpS4JY0lVPgDx
VopnOMIV7htTWgyucIFXKplD3xFNiFK6SAwHiRJ99fqnHUwJGyqz5mkjLvfWhx76
LG/8rNOlZKEw51/rpj4idFGqIzqViRwWOL7g3X1hUqM76zgwRy8W0bMTxPhA9i20
fhwA7U3gtS/BPCTi4RZ8KNYbK8caUaVFZ6NeWALXoINrTSfTpUKw37yFBmdDx5Qh
KsBFoJBo/2J7ksooQq1MjKWcmGVoTfDijiwnyHMFbaNHAWMf7DT0Q8ImkrZifKU0
cD0ge6bNnS+SQ/dgUfdMvsLXSrrKLUVkWgsB7OUSS+VJqdzdR/1TI4eFL2SjHJaz
y/hr4KNAZQoL7g5MlMC2lK+apdYIQKLElSBAGF/qzEwtIrpCTs0ZQh3DROp0g9h3
QaTgD/6QteJIeY8rryBSISSQKT2BDXHFjNsyaF9dXYfJXp2iByuy86B2CccFeGvF
QeYdA5cc+lIQQ4bl3LNn/GdyYKRxVB0vPeb+gnHw1FbY4bHqWxmxwVvM11kDiE8k
RBiULHfP1GXA4GDtlnoIg7X89zlRmRD+X2Eqijo8vAcImumK9yFoH4g1lktkdHXC
m2boUcpD+v6MfcuuBWT3lNn1euckojaJsfoICrwe8od5ik+dQvaGo5dIri8uEIoB
QQG9xvRTv/KcSgQ8ADTKYcNmqTRZQmOC7vjQfeWQQlFRpOYfTnol9FH4R3FGZMIn
2R8ecBpXCBO1VCjeFoRBv+oaPzS46AGitN434s7PAn8fEH2b8YIatCjEsPfBD2Ll
wvG7nLBlGLo3z3WQZ/kmzuCzEwjGr6V0Exj/4aT2uJOyBbDKYf4SfsVviroM5p59
FU1R4VmeVLbtu0lQWKJ6gwUiD18rVIgzNOcaGohJ80Zow994WnXArlsngeWPKnS3
prImleiCX6pSSiScZhruHRAlIDT2CFHSirM2jrvp/+iZ8o/dtCidL/1Mv61+CKkx
3JWjV4VlQ4v+ziI+kL/9F/Gw4mAG2pCA63/Bu80geuBawkmF5xkckmgKjjeRbCgj
iG+Y9tUndg+endaWDPZnK0tQVdsW64ndIF34UzlMwijrX8jj8zCj6DNXwsgGkbKL
9RkKS5ZKlvvnWI/aU0t/mAj0zT9x3mWy
</Encrypted>
      <PayMethod>Card</PayMethod>
      <ResultCode>120000</ResultCode>
      <ResultMsg urlencode="1">%C1%A4%BB%F3%C3%B3%B8%AE%B5%C7%BE%FA%BD%C0%B4%CF%B4%D9.</ResultMsg>
    </Payment>
  </PaymentInfo>
  <ManageInfo>
    <EventCode></EventCode>
    <OrgCurrency></OrgCurrency>
    <ExchangeRate></ExchangeRate>
    <OrgPrice></OrgPrice>
  </ManageInfo>
  <ReservedInfo>
    <MReserved1 urlencode="1"></MReserved1>
    <MReserved2 urlencode="1"></MReserved2>
    <MReserved3 urlencode="1"></MReserved3>
    <PGReserved1 urlencode="1"></PGReserved1>
    <PGReserved2 urlencode="1"></PGReserved2>
    <PGReserved3 urlencode="1"></PGReserved3>
  </ReservedInfo>
</INIpay>
I59HqzLergYxzShx/9hu3K9UoaU1y5hzkjCCjCqj+aV+NKVNAhQJOUkMx4FTB4RT
ffhkxKYMxbEQSHk/IYqmO65S6uuqj2scqq9cISdroDlvEZRbt2rgO+BpsgitMqQ3
TlxTcwtHtRdWNxPuWXAk0CL7fGH81nlDsXrP4IYqwpQ=
]
INFO	[2014-02-16 12:50:33:109] <4231> VERIFY OK
INFO	[2014-02-16 12:50:33:109] <4231> PARSE HEAD OK
INFO	[2014-02-16 12:50:33:111] <4231> PARSE BODY OK
INFO	[2014-02-16 12:50:33:114] <4231> DECRYPT OK
DEBUG	[2014-02-16 12:50:33:114] <4231> DECRYPT MSG:[<?xml version="1.0" encoding="UTF-8"?>
<PaymentInfo>
  <Payment>
    <EASYPAY/>
    <Card>
      <CARD_ApplPrice>168000</CARD_ApplPrice>
      <CARD_Num>459900529257</CARD_Num>
      <CARD_Expire></CARD_Expire>
      <CARD_Code>01</CARD_Code>
      <CARD_BankCode>05</CARD_BankCode>
      <CARD_Quota>03</CARD_Quota>
      <CARD_Interest>0</CARD_Interest>
      <CARD_Point></CARD_Point>
      <CARD_AuthType>99</CARD_AuthType>
      <CARD_RegNum></CARD_RegNum>
      <CARD_ApplDate>20140216</CARD_ApplDate>
      <CARD_ApplTime>125033</CARD_ApplTime>
      <CARD_ApplNum>03446700</CARD_ApplNum>
      <CARD_TerminalNum>019048y000</CARD_TerminalNum>
      <CARD_MemberNum></CARD_MemberNum>
      <CARD_PurchaseCode></CARD_PurchaseCode>
      <CARD_ResultCode>120000</CARD_ResultCode>
      <CARD_ResultMsg urlencode="1">%C1%A4%BB%F3%C3%B3%B8%AE%B5%C7%BE%FA%BD%C0%B4%CF%B4%D9.</CARD_ResultMsg>
      <CARD_PrtcCode>1</CARD_PrtcCode>
      <CARD_Quota_Point>03</CARD_Quota_Point>
      <CARD_CheckFlag>0</CARD_CheckFlag>
      <CARD_PurchaseName urlencode="1"></CARD_PurchaseName>
      <CARD_IssuerName urlencode="1"></CARD_IssuerName>
      <CARD_JoinUsePoint></CARD_JoinUsePoint>
    </Card>
  </Payment>
</PaymentInfo>]
INFO	[2014-02-16 12:50:33:115] <4231> DECRYPT PARSE OK
INFO	[2014-02-16 12:50:33:116] <4231> WAIT ACK INVOKING
DEBUG	[2014-02-16 12:50:33:116] <4231> MAKE HEAD OK
INFO	[2014-02-16 12:50:33:120] <4231> SUCCESS ACK INVOKING
INFO	[2014-02-16 12:50:33:120] <4231> END securepay 정상처리되었습니다. Laptime:[0.79sec]
INFO	[2014-02-16 12:50:33:120] <4231> ===============================================================
INFO	[2014-02-16 21:17:20:846] <14961> START INIPHP chkfake (V5031-111123)(OS:Linux2.6.18-371.4.1.el5,PHP:5.2.17)
DEBUG	[2014-02-16 21:17:20:850] <14961> inipayhome:/www/loosfly_godo_co_kr/shop/order/card/inipay
DEBUG	[2014-02-16 21:17:20:850] <14961> type:chkfake
DEBUG	[2014-02-16 21:17:20:850] <14961> debug:true
DEBUG	[2014-02-16 21:17:20:850] <14961> enctype:asym
DEBUG	[2014-02-16 21:17:20:850] <14961> admin:1111
DEBUG	[2014-02-16 21:17:20:850] <14961> checkopt:false
DEBUG	[2014-02-16 21:17:20:850] <14961> mid:GODOloosfl
DEBUG	[2014-02-16 21:17:20:850] <14961> price:174000
DEBUG	[2014-02-16 21:17:20:850] <14961> nointerest:no
DEBUG	[2014-02-16 21:17:20:850] <14961> quotabase:선택:일시불:2개월:3개월:4개월:5개월:6개월:7개월:8개월:9개월:10개월:11개월:12개월
INFO	[2014-02-16 21:17:20:850] <14961> Check Field OK
INFO	[2014-02-16 21:17:20:879] <14961> MERCHANT PRIV KEY LOAD OK
INFO	[2014-02-16 21:17:20:887] <14961> MERCHANT PUB KEY LOAD OK []
INFO	[2014-02-16 21:17:20:890] <14961> CHKFAKE KEY MAKE OK:MjAxNDAyMTYyMTE3MjA4ODczNjY3OA==

INFO	[2014-02-16 21:17:20:890] <14961> END chkfake  Laptime:[0.06sec]
INFO	[2014-02-16 21:17:20:890] <14961> ===============================================================
INFO	[2014-02-16 21:17:31:110] <16193> START INIPHP chkfake (V5031-111123)(OS:Linux2.6.18-371.4.1.el5,PHP:5.2.17)
DEBUG	[2014-02-16 21:17:31:110] <16193> inipayhome:/www/loosfly_godo_co_kr/shop/order/card/inipay
DEBUG	[2014-02-16 21:17:31:110] <16193> type:chkfake
DEBUG	[2014-02-16 21:17:31:110] <16193> debug:true
DEBUG	[2014-02-16 21:17:31:110] <16193> enctype:asym
DEBUG	[2014-02-16 21:17:31:110] <16193> admin:1111
DEBUG	[2014-02-16 21:17:31:110] <16193> checkopt:false
DEBUG	[2014-02-16 21:17:31:110] <16193> mid:GODOloosfl
DEBUG	[2014-02-16 21:17:31:110] <16193> price:174000
DEBUG	[2014-02-16 21:17:31:110] <16193> nointerest:no
DEBUG	[2014-02-16 21:17:31:110] <16193> quotabase:선택:일시불:2개월:3개월:4개월:5개월:6개월:7개월:8개월:9개월:10개월:11개월:12개월
INFO	[2014-02-16 21:17:31:110] <16193> Check Field OK
INFO	[2014-02-16 21:17:31:111] <16193> MERCHANT PRIV KEY LOAD OK
INFO	[2014-02-16 21:17:31:111] <16193> MERCHANT PUB KEY LOAD OK []
INFO	[2014-02-16 21:17:31:112] <16193> CHKFAKE KEY MAKE OK:MjAxNDAyMTYyMTE3MzExMTE4MjY3Mg==

INFO	[2014-02-16 21:17:31:112] <16193> END chkfake  Laptime:[0sec]
INFO	[2014-02-16 21:17:31:112] <16193> ===============================================================
INFO	[2014-02-16 21:19:05:935] <13941> START INIPHP securepay (V5031-111123)(OS:Linux2.6.18-371.4.1.el5,PHP:5.2.17)
DEBUG	[2014-02-16 21:19:05:935] <13941> inipayhome:/www/loosfly_godo_co_kr/shop/order/card/inipay
DEBUG	[2014-02-16 21:19:05:935] <13941> type:securepay
DEBUG	[2014-02-16 21:19:05:935] <13941> pgid:INIphpCARD
DEBUG	[2014-02-16 21:19:05:935] <13941> subpgip:203.238.3.10
DEBUG	[2014-02-16 21:19:05:935] <13941> admin:1111
DEBUG	[2014-02-16 21:19:05:935] <13941> debug:true
DEBUG	[2014-02-16 21:19:05:935] <13941> uid:
DEBUG	[2014-02-16 21:19:05:935] <13941> goodname:Color Mesh Leotard (Black) 외1건
DEBUG	[2014-02-16 21:19:05:935] <13941> currency:WON
DEBUG	[2014-02-16 21:19:05:935] <13941> mid:GODOloosfl
DEBUG	[2014-02-16 21:19:05:935] <13941> rn:MjAxNDAyMTYyMTE3MzExMTE4MjY3Mg==

DEBUG	[2014-02-16 21:19:05:935] <13941> price:174000
DEBUG	[2014-02-16 21:19:05:935] <13941> enctype:
DEBUG	[2014-02-16 21:19:05:935] <13941> buyername:이세린
DEBUG	[2014-02-16 21:19:05:935] <13941> buyertel:010-7446-0413
DEBUG	[2014-02-16 21:19:05:935] <13941> buyeremail:chesaria00@nate.com
DEBUG	[2014-02-16 21:19:05:935] <13941> paymethod:Card
DEBUG	[2014-02-16 21:19:05:935] <13941> encrypted:Version=4.1&PayMethod=Card&RsaKeyNum=1&EncryptionAlgorithm=SEED-CBC&SignAlgorithm=RSAwithSHA1&CertVer=39&moid=1392552994536&ver_trace=main(6081,6050)card(6101,6094)n(6008)Cs(6021)Dt(6002)Pa(6002)Cf(6024)Fv(0000)La(6119)Re(6074)Vr(6006)P(6033)en(6035)nP(6006)&pg1=203.238.37.3&pg2=211.219.96.180&pg1ip=203.238.37.3&pg2ip=211.219.96.180&agreeflag=1111&Data=nTB3pNXIJFm4xlaZ1Q9zsEKIckN1ysmYZyPRpmiI1ELgqtt2Xv6HJ6bc3ymMsIBa
VAkMiT6jmX4kySpWLV6u3aTU/86ZDWcNA+JmhMOfmq1+ORrPSB8G8tbi0zPSsGNd
RlTHYz2ZBvt8fDfWxaCCHgFDANFwQZIXdN4+S6bZ/mGxQwmROdGUR/pmHjhRvVCA
CfGiNYmgavaj8b51Q45jyilBM8xjYc0/5c5eDC9zHgnsh+CneTnnT/RYZvptEtrB
4TbVOwJr17Jq0MGb88IfM9A+t8uST0sHy06HpRIXeHRxmignfuJxCWv9wCnXgODY
YRh4XjmvDOuuxbjroE/6tgXbA4db7JO5M6HmdUzb1/TMBXVo493q0FfCm7Z0jwGS
TaqQ6GrrAgQhV/jd1uYzZ6u9JNaBofVah700hUmJwTFOylVT7kjsXE+nfJW42r4d
mED4+VEJAZylE8LIw1v8aC78gM0miQ4dlYwzsFzjZGrASUSzl/KxZnAkoH7Rvt1i
bu3aoIVIeSY03Wy7qBgsF+UlaLeiNA3vFLcLOxLbFt9nLz7/JXU5ZHwBtMU9hrBL
sDo2QGOd3Id0JxEgcin/SKKBYRICcjkGu1r+sXHmPBzwf2Htlg7RxBAyNnjdJ9gd
sabrINjCyHaJ4IbuUjqLk36d8YD/pNu+yuQzw4reGKoTwIZyhk/uwBxOkTsHRi4Q
XlyIc+TsJfCN
DEBUG	[2014-02-16 21:19:05:935] <13941> sessionkey:UbKYhi0eUnRofoUiLcoxYX7yqy607KQAhvbLHnRnwCKssuNWT9o1fH0ltrrYK/d3
e6+pntDFH5StQPbOjUG3QAi9SSmf2wnQnotMwPAPj2/Z5BJIDdRxJtsjJ0E5wI0J
DHKMUDMIc+Xo633kme7NGUCPvl3oqGD/YXHTrcojniw=
DEBUG	[2014-02-16 21:19:05:935] <13941> url:http://www.loosfly.com
DEBUG	[2014-02-16 21:19:05:935] <13941> cardcode:04
DEBUG	[2014-02-16 21:19:05:935] <13941> parentemail:chesaria00@nate.com
DEBUG	[2014-02-16 21:19:05:935] <13941> recvname:이세린
DEBUG	[2014-02-16 21:19:05:935] <13941> recvtel:010-7446-0413
DEBUG	[2014-02-16 21:19:05:935] <13941> recvaddr:경기도 안양시 만안구 안양동 735 우성아파트 106동 116호
DEBUG	[2014-02-16 21:19:05:935] <13941> recvpostnum:430-813
DEBUG	[2014-02-16 21:19:05:935] <13941> recvmsg:
DEBUG	[2014-02-16 21:19:05:935] <13941> joincard:
DEBUG	[2014-02-16 21:19:05:935] <13941> joinexpire:
DEBUG	[2014-02-16 21:19:05:935] <13941> id_customer:
INFO	[2014-02-16 21:19:05:935] <13941> Check Field OK
INFO	[2014-02-16 21:19:05:935] <13941> Make TID OK INIphpCARDGODOloosfl20140216211905354452
INFO	[2014-02-16 21:19:05:936] <13941> PI PUB KEY LOAD OK [39]
INFO	[2014-02-16 21:19:05:937] <13941> PG PUB KEY LOAD OK [30]
INFO	[2014-02-16 21:19:05:938] <13941> MERCHANT PRIV KEY LOAD OK
INFO	[2014-02-16 21:19:05:938] <13941> MERCHANT PUB KEY LOAD OK [0]
INFO	[2014-02-16 21:19:05:939] <13941> MAKE BODY OK
INFO	[2014-02-16 21:19:05:941] <13941> SIGN OK
INFO	[2014-02-16 21:19:05:941] <13941> MAKE HEAD OK
INFO	[2014-02-16 21:19:05:941] <13941> MSG_TO_PG:[0307700175R SHA1                   0                  39                  300200GODOloosfl              174000INIphpCARDGODOloosfl20140216211905354452<?xml version="1.0" encoding="UTF-8"?>
<INIpay>
	  <GoodsInfo>
	    <GoodsCnt>1</GoodsCnt>
	    <MOID/>
	    <Currency>WON</Currency>
	    <Tax/>
	    <TaxFree/>
	    <Goods>
	      <SMID>GODOloosfl</SMID>
	      <GoodsName urlencode="1">Color+Mesh+Leotard+%28Black%29+%BF%DC1%B0%C7</GoodsName>
	      <GoodsPrice>174000</GoodsPrice></Goods></GoodsInfo>
	  <BuyerInfo>
	    <BuyerName urlencode="1">%C0%CC%BC%BC%B8%B0</BuyerName>
	    <BuyerTel>010-7446-0413</BuyerTel>
	    <BuyerEmail urlencode="1">chesaria00%40nate.com</BuyerEmail>
	    <ParentEmail urlencode="1">chesaria00%40nate.com</ParentEmail>
	    <RecvName urlencode="1">%C0%CC%BC%BC%B8%B0</RecvName>
	    <RecvTel urlencode="1">010-7446-0413</RecvTel>
	    <RecvMsg/>
	    <RecvAddr urlencode="1">%B0%E6%B1%E2%B5%B5+%BE%C8%BE%E7%BD%C3+%B8%B8%BE%C8%B1%B8+%BE%C8%BE%E7%B5%BF+735+%BF%EC%BC%BA%BE%C6%C6%C4%C6%AE+106%B5%BF+116%C8%A3</RecvAddr>
	    <RecvPostNum urlencode="1">430-813</RecvPostNum></BuyerInfo>
	  <PaymentInfo>
	    <Payment>
	      <PayMethod>Card</PayMethod>
	      <JoinCard/>
	      <JoinExpire/>
	      <MailOrder/>
	      <SessionKey>UbKYhi0eUnRofoUiLcoxYX7yqy607KQAhvbLHnRnwCKssuNWT9o1fH0ltrrYK/d3
e6+pntDFH5StQPbOjUG3QAi9SSmf2wnQnotMwPAPj2/Z5BJIDdRxJtsjJ0E5wI0J
DHKMUDMIc+Xo633kme7NGUCPvl3oqGD/YXHTrcojniw=</SessionKey>
	      <Encrypted urlencode="1">Version%3D4.1%26PayMethod%3DCard%26RsaKeyNum%3D1%26EncryptionAlgorithm%3DSEED-CBC%26SignAlgorithm%3DRSAwithSHA1%26CertVer%3D39%26moid%3D1392552994536%26ver_trace%3Dmain%286081%2C6050%29card%286101%2C6094%29n%286008%29Cs%286021%29Dt%286002%29Pa%286002%29Cf%286024%29Fv%280000%29La%286119%29Re%286074%29Vr%286006%29P%286033%29en%286035%29nP%286006%29%26pg1%3D203.238.37.3%26pg2%3D211.219.96.180%26pg1ip%3D203.238.37.3%26pg2ip%3D211.219.96.180%26agreeflag%3D1111%26Data%3DnTB3pNXIJFm4xlaZ1Q9zsEKIckN1ysmYZyPRpmiI1ELgqtt2Xv6HJ6bc3ymMsIBa%0D%0AVAkMiT6jmX4kySpWLV6u3aTU%2F86ZDWcNA%2BJmhMOfmq1%2BORrPSB8G8tbi0zPSsGNd%0D%0ARlTHYz2ZBvt8fDfWxaCCHgFDANFwQZIXdN4%2BS6bZ%2FmGxQwmROdGUR%2FpmHjhRvVCA%0D%0ACfGiNYmgavaj8b51Q45jyilBM8xjYc0%2F5c5eDC9zHgnsh%2BCneTnnT%2FRYZvptEtrB%0D%0A4TbVOwJr17Jq0MGb88IfM9A%2Bt8uST0sHy06HpRIXeHRxmignfuJxCWv9wCnXgODY%0D%0AYRh4XjmvDOuuxbjroE%2F6tgXbA4db7JO5M6HmdUzb1%2FTMBXVo493q0FfCm7Z0jwGS%0D%0ATaqQ6GrrAgQhV%2Fjd1uYzZ6u9JNaBofVah700hUmJwTFOylVT7kjsXE%2BnfJW42r4d%0D%0AmED4%2BVEJAZylE8LIw1v8aC78gM0miQ4dlYwzsFzjZGrASUSzl%2FKxZnAkoH7Rvt1i%0D%0Abu3aoIVIeSY03Wy7qBgsF%2BUlaLeiNA3vFLcLOxLbFt9nLz7%2FJXU5ZHwBtMU9hrBL%0D%0AsDo2QGOd3Id0JxEgcin%2FSKKBYRICcjkGu1r%2BsXHmPBzwf2Htlg7RxBAyNnjdJ9gd%0D%0AsabrINjCyHaJ4IbuUjqLk36d8YD%2FpNu%2ByuQzw4reGKoTwIZyhk%2FuwBxOkTsHRi4Q%0D%0AXlyIc%2BTsJfCN</Encrypted></Payment></PaymentInfo>
	  <ReservedInfo>
	    <MReserved1/>
	    <MReserved2/>
	    <MReserved3/></ReservedInfo>
	  <ManageInfo>
	    <Language/>
	    <URL urlencode="1">http%3A%2F%2Fwww.loosfly.com</URL>
	    <TXVersion>5031B111123securLinux     PHPchkfake   2.6.18-371.4.1.el5PHP:5.2.17  </TXVersion>
	    <TXUserID/>
	    <TXRegNum/>
	    <Ack>1</Ack>
	    <TXRN>MjAxNDAyMTYyMTE3MzExMTE4MjY3Mg==
</TXRN></ManageInfo></INIpay>AO4PX3wx4ppC5q4CTgSI5VEpdjifLLy5oiuxwrqdbl2Q3DcoFw4xgd5QfwrJDfM7
ywQ0IMBEZQQH89SOy87FnVOS3o3EnVXmPJjZ4NNwTBxNy6ocVNSatMh5pAYI/nPt
txIGH17le+B7qQ4vyv4cF1KmZ6CWLF9R8MsAMwRAyseZ
]
INFO	[2014-02-16 21:19:05:941] <13941> DNS LOOKUP OK(203.238.37.3:203.238.37.3:34049) laptime:0
INFO	[2014-02-16 21:19:05:944] <13941> SOCKET CONNECT OK
INFO	[2014-02-16 21:19:05:944] <13941> SEND OK
INFO	[2014-02-16 21:19:06:704] <13941> RECV OK
INFO	[2014-02-16 21:19:06:704] <13941> MSG_FROM_PG:[0300300175D SHA1                   0                  39                  300210GODOloosfl              174000INIphpCARDGODOloosfl20140216211905354452<?xml version="1.0" encoding="UTF-8"?>
<INIpay>
  <GoodsInfo>
    <GoodsCnt>1</GoodsCnt>
    <MOID urlencode="1">1392552994536</MOID>
    <Currency>WON</Currency>
    <Goods no="1">
      <SMID>GODOloosfl</SMID>
      <GoodsName urlencode="1">Color+Mesh+Leotard+%28Black%29+%BF%DC1%B0%C7</GoodsName>
      <GoodsCntS>1</GoodsCntS>
      <GoodsPrice>174000</GoodsPrice>
    </Goods>
  </GoodsInfo>
  <PaymentInfo>
    <Payment>
      <SessionKey>AQFeHjLoFGhn2/Gf2BJ8xueInbGEDjBDbf/p8GPsQrS8ByH/HvEqsInbzJ6TPK4G
KozP9ZTed6iqxOqiamOJEbUSvIcgTXMQffpb5x2DXXxCTDrIHYU75zbez98bZAXk
DXQuaWZaqGEztKmALG9P+jVV3DOgPPyx/WIT1AJmkDhCfimcQZoS8uE=
</SessionKey>
      <Encrypted>fk0JnUXehiAmDr8izKzOWUG/VJ6U7gjeXLfJDX9CRvBG68TCI85Q7hDN9wQS8zlj
c88tmqpyH1va88UGmAAoZCS3Kjou7KMSYXlLx+or89ClvwIWpsrLbdm5K/+413F+
4F5wQ58Csi576F6NekGrLFz9l+m/s8qPeU/2WqBSdDdhi3ctQo9uj9KlzuZvy3Q9
uUxRreFqv0LbdmQQqjcNw07lJSe/xEXfxKaZPZEhKPeUZHwqM9K0CXv0uJhaY616
XfM95Ljef4kOi6+DNaCJ+H20zZZ7qrfN2MjJYseu98dBhr8p0OgDMwuFco1EIMsC
N8bEpPt6ihfMC54jOfD9u5nPM2l+eQ8uDDYqK1GEn+4UlYOWH2XSpWSsVOQK8Jaj
ZvLcVZbv+eH9HRz1OOEJcA5HD+pWvavKgbtUCB4zcQagAvoDGvNuARVfHRgBW4Tg
NxZEr9fwNYif8DXlO2VtlxmJDcsAQ4cmyALRDTXabypBh0nSlactY0KmIHU3R/Uj
Y6bEs3LHg1Br6bMF5i1VmCMQ/2FJ0A/1PMEiuRjj8yC8JBthfXkUkryjOMpyx+14
Ufa+ifmYGZD4pxPFtD8A9ixf8YRshNUIakFQpgLTVUqWPmaj13LmJo/41PfiNOoM
Z4U59MnUOtvcITrUCFb1p43Bed8gR0F7L/w58cyjrZfhOs0DHEGW6+0yB6EQ0AXk
cuhBcWKi1hPL362FY6tVBjx3ikk96PJzexkkDbadW8cmKTuTLVp024v7LNM0RQjw
QTJ+fF/GPIXcKbOmYrKrcG0coA2CJgCy6Ypch3dsX6ufZENmwKQg7Nx3lh6dIKdZ
j4KbBaQP5ylQbozolUact8+9bSVaa4X4/IDg8rNGIPLLckEQ1+PaVFbQ+ghYxJZr
9xxfgcivMIqs3H0zH4IgSh3I1e8/HjInJWifQYj34Q0r7tzCkxzRJt9GkgvTnqkb
tTN8jMaFRXf/MKu+DMP6eBVk6pjZuU5noASyPoLaZcGxMIThAUYPerC78iXX/QXb
vcWho5LJMwv060hgn44ukFE1XEdgRH2KFCJO6AHAaXVqMyLb9YMYMXRQhEC6wvfq
zKMh+z51Xr7rT+e++60L7Omx/jvo+xenv7EMGHunHoVR915TLIIM0ub6KKGrqgzF
9Ome+onZdhNh5zRCMDA5AqVh2qtWM1aEFfmZB5mvSPVnzKBoyam0yVRwtFWUvA/r
GnHmryj1fYD9ydAZMe44H+w6ctWE6VQD/QdUo7iiUylIXcZeckZddZcTUMhPt+R+
NCWX2n5EIoBSJPCj/xyItNTHDw6krv2gt3/NU2xdLecshTrtv5hY0sGhy920glUb
l5U9rPCRb9J0qmGOvr5t1HCI0Thv+O105WJPLY+aMUEC6/fhOYQp4rWVEuq+wjx9
lEI4Sg5ZZPCqZ80MDJhAxVeH+LAODBLkUrTOdQS89B6Ha5dss9ukaIH3mH0Wbarl
9qQnFNdR9hJ6hLI0+t4z/3KMYzxENZEUC8DqjH6oaPgSisdoyteXMZ1bBo/i36j4
dUKn1uFMkd+xKgt3Cg4olUPmx29vCs1HYfBozG2G72wnWM6iVne2kLU4XCJNNz7J
itHdSqk2ALWmeKkYn61xgnzSoBHEg76U
</Encrypted>
      <PayMethod>Card</PayMethod>
      <ResultCode>120000</ResultCode>
      <ResultMsg urlencode="1">%C1%A4%BB%F3%C3%B3%B8%AE%B5%C7%BE%FA%BD%C0%B4%CF%B4%D9.</ResultMsg>
    </Payment>
  </PaymentInfo>
  <ManageInfo>
    <EventCode></EventCode>
    <OrgCurrency></OrgCurrency>
    <ExchangeRate></ExchangeRate>
    <OrgPrice></OrgPrice>
  </ManageInfo>
  <ReservedInfo>
    <MReserved1 urlencode="1"></MReserved1>
    <MReserved2 urlencode="1"></MReserved2>
    <MReserved3 urlencode="1"></MReserved3>
    <PGReserved1 urlencode="1"></PGReserved1>
    <PGReserved2 urlencode="1"></PGReserved2>
    <PGReserved3 urlencode="1"></PGReserved3>
  </ReservedInfo>
</INIpay>
txd3V9jqGhGz/IVNhdURK8d3W3JMkUbbz1IbD7AhfjwTKFyU1f3aaBrjx3KHuvGJ
XtJrkfjaF5Aw47IpCpg1DF66ITDt4utN9Im+IV7CrmH3Uqo5xv8fzUaSR4CopJQl
euwrPZLUhnd9Vy9IrS5Pk38aG/CcrpZc07l/fLcqEqc=
]
INFO	[2014-02-16 21:19:06:704] <13941> VERIFY OK
INFO	[2014-02-16 21:19:06:704] <13941> PARSE HEAD OK
INFO	[2014-02-16 21:19:06:706] <13941> PARSE BODY OK
INFO	[2014-02-16 21:19:06:709] <13941> DECRYPT OK
DEBUG	[2014-02-16 21:19:06:709] <13941> DECRYPT MSG:[<?xml version="1.0" encoding="UTF-8"?>
<PaymentInfo>
  <Payment>
    <EASYPAY/>
    <Card>
      <CARD_ApplPrice>174000</CARD_ApplPrice>
      <CARD_Num>433028044212</CARD_Num>
      <CARD_Expire></CARD_Expire>
      <CARD_Code>04</CARD_Code>
      <CARD_BankCode>00</CARD_BankCode>
      <CARD_Quota>00</CARD_Quota>
      <CARD_Interest>0</CARD_Interest>
      <CARD_Point></CARD_Point>
      <CARD_AuthType>99</CARD_AuthType>
      <CARD_RegNum></CARD_RegNum>
      <CARD_ApplDate>20140216</CARD_ApplDate>
      <CARD_ApplTime>211907</CARD_ApplTime>
      <CARD_ApplNum>00997361</CARD_ApplNum>
      <CARD_TerminalNum>019048y000</CARD_TerminalNum>
      <CARD_MemberNum></CARD_MemberNum>
      <CARD_PurchaseCode></CARD_PurchaseCode>
      <CARD_ResultCode>120000</CARD_ResultCode>
      <CARD_ResultMsg urlencode="1">%C1%A4%BB%F3%C3%B3%B8%AE%B5%C7%BE%FA%BD%C0%B4%CF%B4%D9.</CARD_ResultMsg>
      <CARD_PrtcCode>1</CARD_PrtcCode>
      <CARD_Quota_Point>00</CARD_Quota_Point>
      <CARD_CheckFlag>0</CARD_CheckFlag>
      <CARD_PurchaseName urlencode="1"></CARD_PurchaseName>
      <CARD_IssuerName urlencode="1"></CARD_IssuerName>
      <CARD_JoinUsePoint></CARD_JoinUsePoint>
    </Card>
  </Payment>
</PaymentInfo>]
INFO	[2014-02-16 21:19:06:711] <13941> DECRYPT PARSE OK
INFO	[2014-02-16 21:19:06:711] <13941> WAIT ACK INVOKING
DEBUG	[2014-02-16 21:19:06:711] <13941> MAKE HEAD OK
INFO	[2014-02-16 21:19:06:714] <13941> SUCCESS ACK INVOKING
INFO	[2014-02-16 21:19:06:714] <13941> END securepay 정상처리되었습니다. Laptime:[0.77sec]
INFO	[2014-02-16 21:19:06:714] <13941> ===============================================================
