INFO	[2014-09-30 23:36:08:996] <9519> START INIPHP chkfake (V5031-111123)(OS:Linux2.6.18-371.11.1.el5,PHP:5.2.17)
DEBUG	[2014-09-30 23:36:08:999] <9519> inipayhome:/www/loosfly_godo_co_kr/shop/order/card/inipay
DEBUG	[2014-09-30 23:36:08:999] <9519> type:chkfake
DEBUG	[2014-09-30 23:36:08:999] <9519> debug:true
DEBUG	[2014-09-30 23:36:08:999] <9519> enctype:asym
DEBUG	[2014-09-30 23:36:08:999] <9519> admin:1111
DEBUG	[2014-09-30 23:36:08:999] <9519> checkopt:false
DEBUG	[2014-09-30 23:36:08:999] <9519> mid:GODOloosfl
DEBUG	[2014-09-30 23:36:08:999] <9519> price:168000
DEBUG	[2014-09-30 23:36:08:999] <9519> nointerest:no
DEBUG	[2014-09-30 23:36:08:999] <9519> quotabase:선택:일시불:2개월:3개월:4개월:5개월:6개월:7개월:8개월:9개월:10개월:11개월:12개월
INFO	[2014-09-30 23:36:09:0] <9519> Check Field OK
INFO	[2014-09-30 23:36:09:14] <9519> MERCHANT PRIV KEY LOAD OK
INFO	[2014-09-30 23:36:09:18] <9519> MERCHANT PUB KEY LOAD OK []
INFO	[2014-09-30 23:36:09:20] <9519> CHKFAKE KEY MAKE OK:MjAxNDA5MzAyMzM2MDkwMTg3NzM0Nw==

INFO	[2014-09-30 23:36:09:21] <9519> END chkfake  Laptime:[0.04sec]
INFO	[2014-09-30 23:36:09:21] <9519> ===============================================================
INFO	[2014-09-30 23:37:41:642] <24082> START INIPHP chkfake (V5031-111123)(OS:Linux2.6.18-371.11.1.el5,PHP:5.2.17)
DEBUG	[2014-09-30 23:37:41:642] <24082> inipayhome:/www/loosfly_godo_co_kr/shop/order/card/inipay
DEBUG	[2014-09-30 23:37:41:642] <24082> type:chkfake
DEBUG	[2014-09-30 23:37:41:642] <24082> debug:true
DEBUG	[2014-09-30 23:37:41:642] <24082> enctype:asym
DEBUG	[2014-09-30 23:37:41:642] <24082> admin:1111
DEBUG	[2014-09-30 23:37:41:642] <24082> checkopt:false
DEBUG	[2014-09-30 23:37:41:642] <24082> mid:GODOloosfl
DEBUG	[2014-09-30 23:37:41:642] <24082> price:79000
DEBUG	[2014-09-30 23:37:41:642] <24082> nointerest:no
DEBUG	[2014-09-30 23:37:41:642] <24082> quotabase:선택:일시불:2개월:3개월:4개월:5개월:6개월:7개월:8개월:9개월:10개월:11개월:12개월
INFO	[2014-09-30 23:37:41:642] <24082> Check Field OK
INFO	[2014-09-30 23:37:41:642] <24082> MERCHANT PRIV KEY LOAD OK
INFO	[2014-09-30 23:37:41:642] <24082> MERCHANT PUB KEY LOAD OK []
INFO	[2014-09-30 23:37:41:644] <24082> CHKFAKE KEY MAKE OK:MjAxNDA5MzAyMzM3NDE2NDI5NDQ4MA==

INFO	[2014-09-30 23:37:41:644] <24082> END chkfake  Laptime:[0sec]
INFO	[2014-09-30 23:37:41:644] <24082> ===============================================================
INFO	[2014-09-30 23:38:21:713] <24061> START INIPHP chkfake (V5031-111123)(OS:Linux2.6.18-371.11.1.el5,PHP:5.2.17)
DEBUG	[2014-09-30 23:38:21:714] <24061> inipayhome:/www/loosfly_godo_co_kr/shop/order/card/inipay
DEBUG	[2014-09-30 23:38:21:714] <24061> type:chkfake
DEBUG	[2014-09-30 23:38:21:714] <24061> debug:true
DEBUG	[2014-09-30 23:38:21:714] <24061> enctype:asym
DEBUG	[2014-09-30 23:38:21:714] <24061> admin:1111
DEBUG	[2014-09-30 23:38:21:714] <24061> checkopt:false
DEBUG	[2014-09-30 23:38:21:714] <24061> mid:GODOloosfl
DEBUG	[2014-09-30 23:38:21:714] <24061> price:79000
DEBUG	[2014-09-30 23:38:21:714] <24061> nointerest:no
DEBUG	[2014-09-30 23:38:21:714] <24061> quotabase:선택:일시불:2개월:3개월:4개월:5개월:6개월:7개월:8개월:9개월:10개월:11개월:12개월
INFO	[2014-09-30 23:38:21:714] <24061> Check Field OK
INFO	[2014-09-30 23:38:21:714] <24061> MERCHANT PRIV KEY LOAD OK
INFO	[2014-09-30 23:38:21:714] <24061> MERCHANT PUB KEY LOAD OK []
INFO	[2014-09-30 23:38:21:716] <24061> CHKFAKE KEY MAKE OK:MjAxNDA5MzAyMzM4MjE3MTQ2MTg3NA==

INFO	[2014-09-30 23:38:21:716] <24061> END chkfake  Laptime:[0.01sec]
INFO	[2014-09-30 23:38:21:716] <24061> ===============================================================
INFO	[2014-09-30 23:40:45:227] <11037> START INIPHP securepay (V5031-111123)(OS:Linux2.6.18-371.11.1.el5,PHP:5.2.17)
DEBUG	[2014-09-30 23:40:45:227] <11037> inipayhome:/www/loosfly_godo_co_kr/shop/order/card/inipay
DEBUG	[2014-09-30 23:40:45:227] <11037> type:securepay
DEBUG	[2014-09-30 23:40:45:227] <11037> pgid:INIphpCARD
DEBUG	[2014-09-30 23:40:45:227] <11037> subpgip:203.238.3.10
DEBUG	[2014-09-30 23:40:45:227] <11037> admin:1111
DEBUG	[2014-09-30 23:40:45:227] <11037> debug:true
DEBUG	[2014-09-30 23:40:45:227] <11037> uid:
DEBUG	[2014-09-30 23:40:45:227] <11037> goodname:Highneck Zipup Lace Top (Purple Velvet)
DEBUG	[2014-09-30 23:40:45:227] <11037> currency:WON
DEBUG	[2014-09-30 23:40:45:227] <11037> mid:GODOloosfl
DEBUG	[2014-09-30 23:40:45:227] <11037> rn:MjAxNDA5MzAyMzM4MjE3MTQ2MTg3NA==

DEBUG	[2014-09-30 23:40:45:227] <11037> price:79000
DEBUG	[2014-09-30 23:40:45:227] <11037> enctype:
DEBUG	[2014-09-30 23:40:45:227] <11037> buyername:임소연
DEBUG	[2014-09-30 23:40:45:227] <11037> buyertel:010-9381-0258
DEBUG	[2014-09-30 23:40:45:227] <11037> buyeremail:mailovej@cj.net
DEBUG	[2014-09-30 23:40:45:227] <11037> paymethod:Card
DEBUG	[2014-09-30 23:40:45:227] <11037> encrypted:Version=4.1&PayMethod=Card&RsaKeyNum=1&EncryptionAlgorithm=SEED-CBC&SignAlgorithm=RSAwithSHA1&CertVer=39&moid=1412087893515&ver_trace=main(6086,6053)card(6115,6105)n(6008)Cs(6022)Dt(6002)Pa(6002)Cf(6024)Fv(0000)La(6131)Re(6083)Vr(6006)P(6033)en(6039)nP(6006)&pg1=211.219.96.180&pg2=203.238.37.3&pg1ip=211.219.96.180&pg2ip=203.238.37.3&agreeflag=1111&Data=31S/Apr4LMVu1d/41nhZs03K0PmcBa62z1AI7kM6iz+xQgpOvUIKJRxygHj8Tb65
e01mfl2c97XjCjHbKfn+A7v2TED+dSaGkewHSovNSWTUlrhDofxr+PU+B7f4+jQC
HPg2Qvn8jOxpgGW3FEEi87nlC4EaGUyvvyi0qPYPjtZcsh2FsrujlW2uHU0Zo6c2
48Ly7WDtrXCLzwvZiJmboNwHaB2eYIzCLf8qhjeoUP3lE6ODCmYEiqse0g+hzl/P
Pp58O8XkfjtgDARSa7X5CA1Q19T67jPhiRbKnkmgJJjyh27dDiMVikE4Ht3ESuD+
WLenzjGvpJYPLtMnz1X7ZHU93gKQXSWrXnn84QGwuUhYa5oQeV12ORrmEEElvZIc
fciiJcb/jsYXUSnzDbgO0ahz4UOlxxBDyGjONnGbvtu7/bK26ijc7CEXO4gZIEX0
NndCVJPV7FdPuqUbeH9PDQQgUU8QQPwzhF5UJ2Taw+laaX0tIRKzTDmWwhTStUdB
KyLmaz231zq7Xi3A7v5gafU0yow4YteXE8yvP03iBcpmlMUFokPPDg/3UNo/dYNM
LrLbH0qpmTMK6lOckrwvZv0AnJTAaQvwmsMIBR2vAACXAvU7Fo/jH2+wZo/6TZlt
QV7yZP3BkIWmuASCa5qu4X5juFYclj6hGGtzQz3ooPwi0OrQnb56tink0scIfDpW
YBk=
DEBUG	[2014-09-30 23:40:45:227] <11037> sessionkey:mnfQZqdD88NNS27huevGIck8BFFcNIOoOcn2eJ+EJS4ztRdzERqFIL2KcaMpmUbq
KY4//Z9GF4tEgFycUxxWQavQn0y7MU4BP4eZYz8+0ce+DZUv/xkmlPiUXDJAQjIm
6Cd/IWJ3sAvIrX+E/lgykSLDQSuGw56ymij5//Kg1ic=
DEBUG	[2014-09-30 23:40:45:227] <11037> url:http://www.loosfly.com
DEBUG	[2014-09-30 23:40:45:227] <11037> cardcode:04
DEBUG	[2014-09-30 23:40:45:227] <11037> parentemail:mailovej@cj.net
DEBUG	[2014-09-30 23:40:45:227] <11037> recvname:임소연
DEBUG	[2014-09-30 23:40:45:227] <11037> recvtel:010-9381-0258
DEBUG	[2014-09-30 23:40:45:227] <11037> recvaddr:경기 안양시 동안구 귀인동 꿈마을 현대아파트 602동 1401호
DEBUG	[2014-09-30 23:40:45:227] <11037> recvpostnum:431-076
DEBUG	[2014-09-30 23:40:45:227] <11037> recvmsg:
DEBUG	[2014-09-30 23:40:45:227] <11037> joincard:
DEBUG	[2014-09-30 23:40:45:227] <11037> joinexpire:
DEBUG	[2014-09-30 23:40:45:227] <11037> id_customer:
INFO	[2014-09-30 23:40:45:227] <11037> Check Field OK
INFO	[2014-09-30 23:40:45:227] <11037> Make TID OK INIphpCARDGODOloosfl20140930234045277700
INFO	[2014-09-30 23:40:45:227] <11037> PI PUB KEY LOAD OK [39]
INFO	[2014-09-30 23:40:45:231] <11037> PG PUB KEY LOAD OK [30]
INFO	[2014-09-30 23:40:45:231] <11037> MERCHANT PRIV KEY LOAD OK
INFO	[2014-09-30 23:40:45:231] <11037> MERCHANT PUB KEY LOAD OK [0]
INFO	[2014-09-30 23:40:45:233] <11037> MAKE BODY OK
INFO	[2014-09-30 23:40:45:234] <11037> SIGN OK
INFO	[2014-09-30 23:40:45:234] <11037> MAKE HEAD OK
INFO	[2014-09-30 23:40:45:234] <11037> MSG_TO_PG:[0306100175R SHA1                   0                  39                  300200GODOloosfl               79000INIphpCARDGODOloosfl20140930234045277700<?xml version="1.0" encoding="UTF-8"?>
<INIpay>
	  <GoodsInfo>
	    <GoodsCnt>1</GoodsCnt>
	    <MOID/>
	    <Currency>WON</Currency>
	    <Tax/>
	    <TaxFree/>
	    <Goods>
	      <SMID>GODOloosfl</SMID>
	      <GoodsName urlencode="1">Highneck+Zipup+Lace+Top+%28Purple+Velvet%29</GoodsName>
	      <GoodsPrice>79000</GoodsPrice></Goods></GoodsInfo>
	  <BuyerInfo>
	    <BuyerName urlencode="1">%C0%D3%BC%D2%BF%AC</BuyerName>
	    <BuyerTel>010-9381-0258</BuyerTel>
	    <BuyerEmail urlencode="1">mailovej%40cj.net</BuyerEmail>
	    <ParentEmail urlencode="1">mailovej%40cj.net</ParentEmail>
	    <RecvName urlencode="1">%C0%D3%BC%D2%BF%AC</RecvName>
	    <RecvTel urlencode="1">010-9381-0258</RecvTel>
	    <RecvMsg/>
	    <RecvAddr urlencode="1">%B0%E6%B1%E2+%BE%C8%BE%E7%BD%C3+%B5%BF%BE%C8%B1%B8+%B1%CD%C0%CE%B5%BF+%B2%DE%B8%B6%C0%BB+%C7%F6%B4%EB%BE%C6%C6%C4%C6%AE+602%B5%BF+1401%C8%A3</RecvAddr>
	    <RecvPostNum urlencode="1">431-076</RecvPostNum></BuyerInfo>
	  <PaymentInfo>
	    <Payment>
	      <PayMethod>Card</PayMethod>
	      <JoinCard/>
	      <JoinExpire/>
	      <MailOrder/>
	      <SessionKey>mnfQZqdD88NNS27huevGIck8BFFcNIOoOcn2eJ+EJS4ztRdzERqFIL2KcaMpmUbq
KY4//Z9GF4tEgFycUxxWQavQn0y7MU4BP4eZYz8+0ce+DZUv/xkmlPiUXDJAQjIm
6Cd/IWJ3sAvIrX+E/lgykSLDQSuGw56ymij5//Kg1ic=</SessionKey>
	      <Encrypted urlencode="1">Version%3D4.1%26PayMethod%3DCard%26RsaKeyNum%3D1%26EncryptionAlgorithm%3DSEED-CBC%26SignAlgorithm%3DRSAwithSHA1%26CertVer%3D39%26moid%3D1412087893515%26ver_trace%3Dmain%286086%2C6053%29card%286115%2C6105%29n%286008%29Cs%286022%29Dt%286002%29Pa%286002%29Cf%286024%29Fv%280000%29La%286131%29Re%286083%29Vr%286006%29P%286033%29en%286039%29nP%286006%29%26pg1%3D211.219.96.180%26pg2%3D203.238.37.3%26pg1ip%3D211.219.96.180%26pg2ip%3D203.238.37.3%26agreeflag%3D1111%26Data%3D31S%2FApr4LMVu1d%2F41nhZs03K0PmcBa62z1AI7kM6iz%2BxQgpOvUIKJRxygHj8Tb65%0D%0Ae01mfl2c97XjCjHbKfn%2BA7v2TED%2BdSaGkewHSovNSWTUlrhDofxr%2BPU%2BB7f4%2BjQC%0D%0AHPg2Qvn8jOxpgGW3FEEi87nlC4EaGUyvvyi0qPYPjtZcsh2FsrujlW2uHU0Zo6c2%0D%0A48Ly7WDtrXCLzwvZiJmboNwHaB2eYIzCLf8qhjeoUP3lE6ODCmYEiqse0g%2Bhzl%2FP%0D%0APp58O8XkfjtgDARSa7X5CA1Q19T67jPhiRbKnkmgJJjyh27dDiMVikE4Ht3ESuD%2B%0D%0AWLenzjGvpJYPLtMnz1X7ZHU93gKQXSWrXnn84QGwuUhYa5oQeV12ORrmEEElvZIc%0D%0AfciiJcb%2FjsYXUSnzDbgO0ahz4UOlxxBDyGjONnGbvtu7%2FbK26ijc7CEXO4gZIEX0%0D%0ANndCVJPV7FdPuqUbeH9PDQQgUU8QQPwzhF5UJ2Taw%2BlaaX0tIRKzTDmWwhTStUdB%0D%0AKyLmaz231zq7Xi3A7v5gafU0yow4YteXE8yvP03iBcpmlMUFokPPDg%2F3UNo%2FdYNM%0D%0ALrLbH0qpmTMK6lOckrwvZv0AnJTAaQvwmsMIBR2vAACXAvU7Fo%2FjH2%2BwZo%2F6TZlt%0D%0AQV7yZP3BkIWmuASCa5qu4X5juFYclj6hGGtzQz3ooPwi0OrQnb56tink0scIfDpW%0D%0AYBk%3D</Encrypted></Payment></PaymentInfo>
	  <ReservedInfo>
	    <MReserved1/>
	    <MReserved2/>
	    <MReserved3/></ReservedInfo>
	  <ManageInfo>
	    <Language/>
	    <URL urlencode="1">http%3A%2F%2Fwww.loosfly.com</URL>
	    <TXVersion>5031B111123securLinux     PHPchkfake   2.6.18-371.11.1.el5PHP:5.2.17 </TXVersion>
	    <TXUserID/>
	    <TXRegNum/>
	    <Ack>1</Ack>
	    <TXRN>MjAxNDA5MzAyMzM4MjE3MTQ2MTg3NA==
</TXRN></ManageInfo></INIpay>AZrEwqJwb7KBqRGRFSv/v8mONeeX+HruJASmx1dSndu5q9p9ypaOaRZX8/qX03o7
JKH+1w/JJV76dlEKyL8/cpmVtD5WLDK6uJjDViodGXPhlP4e5zhzOZiOpXlht+tF
aHVUO6QtvEn3zaUuPDBV+/ilvWuIoH7vkcyBKQ8P0dF3
]
INFO	[2014-09-30 23:40:45:234] <11037> DNS LOOKUP OK(211.219.96.180:211.219.96.180:34049) laptime:0
INFO	[2014-09-30 23:40:45:238] <11037> SOCKET CONNECT OK
INFO	[2014-09-30 23:40:45:238] <11037> SEND OK
INFO	[2014-09-30 23:40:46:257] <11037> RECV OK
INFO	[2014-09-30 23:40:46:257] <11037> MSG_FROM_PG:[0300200175D SHA1                   0                  39                  300210GODOloosfl               79000INIphpCARDGODOloosfl20140930234045277700<?xml version="1.0" encoding="UTF-8"?>
<INIpay>
  <GoodsInfo>
    <GoodsCnt>1</GoodsCnt>
    <MOID urlencode="1">1412087893515</MOID>
    <Currency>WON</Currency>
    <Goods no="1">
      <SMID>GODOloosfl</SMID>
      <GoodsName urlencode="1">Highneck+Zipup+Lace+Top+%28Purple+Velvet%29</GoodsName>
      <GoodsCntS>1</GoodsCntS>
      <GoodsPrice>79000</GoodsPrice>
    </Goods>
  </GoodsInfo>
  <PaymentInfo>
    <Payment>
      <SessionKey>AVa/Wf5BH0Bfg43JXkskiAZzpF/KwfGGRtnR5r2yW+JkYQXgJI5XYsegE4jo9ouf
24iWao260odHrD+V0j2VU+Ing9+mzAY5WnXiv3DbSIfXoca0gryJSJ1ph5q5GFhL
grzaEvo4KfjdN+PAH2MYpo3FK3Xj6YKSKXCIZf83jbkFt9U141jYkN4=
</SessionKey>
      <Encrypted>N1Z0zZUWefa0Bo2jiZo3cfv0ad4jI1tNRCmM224LC6XR+uIvYWHL9GvIhHYr6q7G
o5+uWp+tatfx7EOEQTKoDQsq1Z8b+MZiPvFzS67OcJoelMPlgFsNoQNl5WIYw9U2
bS5HCCBV40HuCfLxjYPJgRzteRDDyp8R6KZDaugYnzSIDXCXbEyIS7HIbuDa3q5o
3YRRK8q4oIE8OwIlP8e/5vu2SxA+gb3Ox1OJVWUbyrWQKAXCfCNR2sV3BWlJq6rc
JZus1AywjMN+x3KEs2ieE9rXo+b0SwNbbOsrGQp4fzO6wsQibatdx5PZTPyRs44R
xA6WEh9ZhSgIFV+VxYo8j/fhkMm9YWZzgyheivthivZW7PD3yWw2pksBTJ3r2hCf
oZraOp4+suNmf48zMJsTr3gYTqscHDLueGUV0EtUBZjRViBFYoGDhVywIWRtoOES
yOEO45VY1QPuKFnRBUUm9GCpLrpXrJyi5pygjZXpA81k3SLhKiH3uPN/dCeFl4Ta
U5rb4RuEJcy4u2g3of8BUEm8EENvizFrpQN174wJieuGUCCgLuapA236T2gIUBEU
LX6dYcWcex7sjsYYUdUX6G4SopBaDzzdcwv3YczTr6fQxsyYKbwd8X/4QLK+VXkM
gkiMwsYabRRKqMBLQS3jpyf5GgxSAgF7RziH9vaCDm6NE7hLv/j4tfLqIqsEiRSY
EqcGBGJHIcV/KNKJclkxrMGD/AiOuT+uzp/TJlkHZWwbDsLxArPdur01xttIAg4l
zr+4slb62ykalY25d0CxQpWe1NxFJTdAASOiCQKzG/9+JwKk2n1t1hsKUUmXzPgu
l8i4/cO9YQ7vn7ehsvcnM4zYZljM5apce1PcRiSU84Fd+Bt5BOlne3KyxXqNb3bJ
iMv3N1SodZM+PLxNPAVyrFlf54hK7z0F6a/2C0aPWkYp30ydhRZsyCd5YlxFE+rz
DHRQhocFJdFBmV/Be8Ga3XfcJaSvkwR9+/pOn6qQG7CcVY7Tkg+jfa6CvW2VDb5u
huCMKvVTD2MuqXGl1I278gL3zwCuu1hB08QWtp8jxDYhc//lEX1WP9e6QZncqB/9
h77nJSngYtFtqrER4ih8aT3qsxBMISMo7GosXcz5yZYO0HPt61tfxKUflGE8nNAj
2w80zkAQsfHlbSzkGYUEe0/6KiOWzBpE7bUtmakVjpPmB8wjlJxy3Ra7FSybm6GX
fFgI78m0lFopwJ5ssElidRqs9ZfA42pqoHy8ZUgsBmzANbLIzQpNIpslCpqxXWs9
+XQBpIBKCsY6v7AE179eZ06Lh1oMPbBNiWOg9p0QCQ4L+iRuKfl9gV9rZdBKdlmb
oC/qfoB/z1QL3t7am0OfS74JDhiFJ3jVPxo9YxG8Grd/PYTzWq5HRd4MXs05QE7L
Iaq+zxsYa7GJgM1uSiZqxrkZpIUagzJiYsVNk2YxMcdHoq1/eq2Fi3fwpAHG1utM
9Qt4Ir10N2VNpOdIV43kbdO0IKaPBFKcDTeZEuAkWH++3BZ34x+t2Nbk9gi8OY4b
gugRYzer9srJfOpvrXB2CkLZ6hCSjuNq1IK3pqTBzeH6rbPJcSBNusc598udohzI
zPBRUuX87OY+/WTnL/CrndBZMFAeW9bQ
</Encrypted>
      <PayMethod>Card</PayMethod>
      <ResultCode>120000</ResultCode>
      <ResultMsg urlencode="1">%C1%A4%BB%F3%C3%B3%B8%AE%B5%C7%BE%FA%BD%C0%B4%CF%B4%D9.</ResultMsg>
    </Payment>
  </PaymentInfo>
  <ManageInfo>
    <EventCode>1</EventCode>
    <OrgCurrency></OrgCurrency>
    <ExchangeRate></ExchangeRate>
    <OrgPrice></OrgPrice>
  </ManageInfo>
  <ReservedInfo>
    <MReserved1 urlencode="1"></MReserved1>
    <MReserved2 urlencode="1"></MReserved2>
    <MReserved3 urlencode="1"></MReserved3>
    <PGReserved1 urlencode="1"></PGReserved1>
    <PGReserved2 urlencode="1"></PGReserved2>
    <PGReserved3 urlencode="1"></PGReserved3>
  </ReservedInfo>
</INIpay>
P+rJlt25zN+FlNonarV/S7BfOaFJ9tKBrncXeI1YU11D6sANubLdN/k2oDxDt3RQ
WqcAuY/lNhtImbogwJrkPI7OG+Mi9UBkji+IIJJRcRx9wHK/TxylTeq1tFYcRkIK
cCJXsdYravLESc2kDuOap2HOa6J6CSs9Y9wtWeOQ/og=
]
INFO	[2014-09-30 23:40:46:257] <11037> VERIFY OK
INFO	[2014-09-30 23:40:46:257] <11037> PARSE HEAD OK
INFO	[2014-09-30 23:40:46:259] <11037> PARSE BODY OK
INFO	[2014-09-30 23:40:46:263] <11037> DECRYPT OK
DEBUG	[2014-09-30 23:40:46:263] <11037> DECRYPT MSG:[<?xml version="1.0" encoding="UTF-8"?>
<PaymentInfo>
  <Payment>
    <EASYPAY/>
    <Card>
      <CARD_ApplPrice>79000</CARD_ApplPrice>
      <CARD_Num>552290002007</CARD_Num>
      <CARD_Expire></CARD_Expire>
      <CARD_Code>04</CARD_Code>
      <CARD_BankCode>00</CARD_BankCode>
      <CARD_Quota>04</CARD_Quota>
      <CARD_Interest>0</CARD_Interest>
      <CARD_Point></CARD_Point>
      <CARD_AuthType>99</CARD_AuthType>
      <CARD_RegNum></CARD_RegNum>
      <CARD_ApplDate>20140930</CARD_ApplDate>
      <CARD_ApplTime>234046</CARD_ApplTime>
      <CARD_ApplNum>00236885</CARD_ApplNum>
      <CARD_TerminalNum>019048y000</CARD_TerminalNum>
      <CARD_MemberNum></CARD_MemberNum>
      <CARD_PurchaseCode></CARD_PurchaseCode>
      <CARD_ResultCode>120000</CARD_ResultCode>
      <CARD_ResultMsg urlencode="1">%C1%A4%BB%F3%C3%B3%B8%AE%B5%C7%BE%FA%BD%C0%B4%CF%B4%D9.</CARD_ResultMsg>
      <CARD_PrtcCode>1</CARD_PrtcCode>
      <CARD_Quota_Point>04</CARD_Quota_Point>
      <CARD_CheckFlag>0</CARD_CheckFlag>
      <CARD_PurchaseName urlencode="1"></CARD_PurchaseName>
      <CARD_IssuerName urlencode="1"></CARD_IssuerName>
      <CARD_JoinUsePoint></CARD_JoinUsePoint>
    </Card>
  </Payment>
</PaymentInfo>]
INFO	[2014-09-30 23:40:46:266] <11037> DECRYPT PARSE OK
INFO	[2014-09-30 23:40:46:266] <11037> WAIT ACK INVOKING
DEBUG	[2014-09-30 23:40:46:266] <11037> MAKE HEAD OK
INFO	[2014-09-30 23:40:46:270] <11037> SUCCESS ACK INVOKING
INFO	[2014-09-30 23:40:46:270] <11037> END securepay 정상처리되었습니다. Laptime:[1.04sec]
INFO	[2014-09-30 23:40:46:270] <11037> ===============================================================
