INFO	[2014-09-10 16:39:59:61] <6798> START INIPHP chkfake (V5031-111123)(OS:Linux2.6.18-371.11.1.el5,PHP:5.2.17)
DEBUG	[2014-09-10 16:39:59:61] <6798> inipayhome:/www/loosfly_godo_co_kr/shop/order/card/inipay
DEBUG	[2014-09-10 16:39:59:61] <6798> type:chkfake
DEBUG	[2014-09-10 16:39:59:61] <6798> debug:true
DEBUG	[2014-09-10 16:39:59:61] <6798> enctype:asym
DEBUG	[2014-09-10 16:39:59:61] <6798> admin:1111
DEBUG	[2014-09-10 16:39:59:61] <6798> checkopt:false
DEBUG	[2014-09-10 16:39:59:61] <6798> mid:ESGDloosfl
DEBUG	[2014-09-10 16:39:59:61] <6798> price:89000
DEBUG	[2014-09-10 16:39:59:61] <6798> nointerest:no
DEBUG	[2014-09-10 16:39:59:61] <6798> quotabase:선택:일시불:2개월:3개월:4개월:5개월:6개월:7개월:8개월:9개월:10개월:11개월:12개월
INFO	[2014-09-10 16:39:59:61] <6798> Check Field OK
INFO	[2014-09-10 16:39:59:71] <6798> MERCHANT PRIV KEY LOAD OK
INFO	[2014-09-10 16:39:59:75] <6798> MERCHANT PUB KEY LOAD OK []
INFO	[2014-09-10 16:39:59:76] <6798> CHKFAKE KEY MAKE OK:MjAxNDA5MTAxNjM5NTkwNzU2OTEwNg==

INFO	[2014-09-10 16:39:59:77] <6798> END chkfake  Laptime:[0.02sec]
INFO	[2014-09-10 16:39:59:77] <6798> ===============================================================
INFO	[2014-09-10 16:41:39:149] <395> START INIPHP securepay (V5031-111123)(OS:Linux2.6.18-371.11.1.el5,PHP:5.2.17)
DEBUG	[2014-09-10 16:41:39:149] <395> inipayhome:/www/loosfly_godo_co_kr/shop/order/card/inipay
DEBUG	[2014-09-10 16:41:39:149] <395> type:securepay
DEBUG	[2014-09-10 16:41:39:149] <395> pgid:INIphpDBNK
DEBUG	[2014-09-10 16:41:39:149] <395> subpgip:203.238.3.10
DEBUG	[2014-09-10 16:41:39:149] <395> admin:1111
DEBUG	[2014-09-10 16:41:39:149] <395> debug:true
DEBUG	[2014-09-10 16:41:39:149] <395> uid:
DEBUG	[2014-09-10 16:41:39:149] <395> goodname:Halter Triad Leotard (Cobalt Blue)
DEBUG	[2014-09-10 16:41:39:149] <395> currency:WON
DEBUG	[2014-09-10 16:41:39:149] <395> mid:ESGDloosfl
DEBUG	[2014-09-10 16:41:39:149] <395> rn:MjAxNDA5MTAxNjM5NTkwNzU2OTEwNg==

DEBUG	[2014-09-10 16:41:39:149] <395> price:89000
DEBUG	[2014-09-10 16:41:39:149] <395> enctype:
DEBUG	[2014-09-10 16:41:39:149] <395> buyername:윤정희
DEBUG	[2014-09-10 16:41:39:149] <395> buyertel:010-8007-7504
DEBUG	[2014-09-10 16:41:39:149] <395> buyeremail:ryshoney@naver.com
DEBUG	[2014-09-10 16:41:39:149] <395> paymethod:DirectBank
DEBUG	[2014-09-10 16:41:39:149] <395> encrypted:Version=4.1&PayMethod=DirectBank&RsaKeyNum=1&EncryptionAlgorithm=SEED-CBC&SignAlgorithm=RSAwithSHA1&CertVer=39&moid=1410334723163&ver_trace=main(6086,6053)dbank(6064,6053)n(6008)Cs(6022)Dt(6002)Pa(6002)Cf(6024)Fv(0000)La(6130)Re(6083)Vr(6006)P(6033)en(6038)nP(6006)&pg1=203.238.37.3&pg2=211.219.96.180&pg1ip=203.238.37.3&pg2ip=211.219.96.180&agreeflag=1111&Data=MM7EmQVtT8DbaqTyBpV6YyoYx9anretr+IgVXgWYp9xiIIDiDCY2ZvNi5PbGvGOB
L5JgCy4bGC4iA4Se3TfgPkcu6Ickal6QTVtIXpqgxJId1uQC8FeNSKF117ofRiFB
em55TsMcv8tTdOVNYGOFYCdmWFUcDSFRY/SfTIPMEE+pc0colUKmTDgx2dZ9S7yx
zphutdEglMFRt1tIgMkY0ol6GNzi8xkcXAMf7g2/Y399DOw3VQRG/DeIPf5yfRJq
D1cFgw/T816gI53BJVeHlJoD2tSIDoC9g2p8YepTIuNyGK6oadqB4U73jiZ9RLtU
rHHPVidymv1HQiAgNAyKcRvQtSa7M6e6Ui1rKp1vBMvPoS2k+LhMOPrNO2m3uIMr
D+I9TtHJZhpVqIqTvn92yV84OErhhDGJxFAIcWPTUJ2NdycZksJcVW358duD4J0A
WsWTpwwe8a4YP7zGROEl1gtPtt6jI3hFa/uQ58arjd4Ygso6T+lVhSUXTybbXR3Z
6SwLSIGVMSUmQMjYH9S8Xg5UcrtTCMg88IqUWXRPfuDa8ASQr++IW26kREFdGoFd
6Q350ybxyj8+clSaKY0+A8lqPqKCzA4rWfNfJ+HY6VeqzXsnRCCOer4fBbtZx5cO
pFrIQtt6Ozdsf+RwLJowG0sGlNv+UiAsbdrPEvbInQzifAQbb3/TA5Jes2HpfFO5
UrG6UllVlEbQeE0slf3a2iZW5OdX7Sax5t9ALCSbgJGhlDX+xu1u5HVFvn3reMtd
BKQwyntGoSjg18r/nD891EYG2a376kI0NL9x6rMN5ywMnFBFs8GXjkdWzs4bi2jy
3lIzX/O+EAkvqHHpHlTLnvbv3Z6FQ4/ixkChgaA1FGEmA9mi1xupe8K+AKCtTQZB
e/tCsMCb5mEN7FgdHaMcvUmsLSKm4FRPkP8hFo7IfiGD59dJ44ev77B6njotE8Z9
rahL/aVLQkIndlMjWFNwB6gNtw0TWx2JdHabjrIKhiM9XUkcyZYNUX6gLOjT3ztW
3bTtcGkTnbpf4GJM0FNXBugy5Xjgk6XQnWklVetD58/rRexbA5uj9iKDrqvP+PAr
celpChs+Sb6CojxvysIEYxDIJ3TyxpnIcJFx+LmGA9PpQK0EOtwZo3g2Ih+qmfgc
R/ZsA12btvlMI7YnEKy8DIfBzhBVo7J6d432C2cqwUJeatjbxfWQRqNH4wqnlILM
PCweDzqosf0wz1WRdaFj2OZbPSOZyqKxdA6703csY8sI1TqKWNFUqpFU2LYYYER5
lQJ3kdKg0Y0bd9Inmiw6EIaqSEXIexlnD6huwnDaakN2hYCOUIUJtCSTrziydZVJ
uqLw9bAFCELlEUknCHssfEeNWFHyYiHg+GDb29oZOKN5PZka9XqxZj/TbHO+YsVW
KZTLLntZR7ONpR6l51r562S6W+8lo9uPOfMZAFj0ho2AYiSUBFTdeeN/+pFa+O4Y
7903XC7p8V7YgyJqKaFcj5Mxj3FvSyFUwzJNCMWXXAvvYpcPltjCnVmEicELhFlK
6imIZ+UaE/ecv6tLhhC0f+Fev3yl8aDv7HOl+KPX8AOEimE6NikyhokK+tevZohJ
TFXFnJ/lJ636USHve2T2op/eI7nH/e8UTJafJJyxmf2AVhWX1jtmtiWYjAqKq8xL
Ugnm/XpnTXxFVe6zf61dHveoro9Ue7gWHs2+C07kjP+BIihsxUoYFIbdggn9uhOW
gv5NArvtV7WTYw95/IpuvFYjczH2wKuxudyPxIqI9wKVhCJLdw++IzYmQSxNFlvE
LUXX2d4g3Zj5Pim7PRzPTkGOGANDoiVglTze2iW3IgRW89yB2NQlqd8BISLp0bsI
xsmaxlVHLVitm1vRzHWk4ddXiaQLK9O8uwJSd2Cx7Kg0RODzmyGAY8mVHNftnQ7Q
FyxLrf0YcjXQVnO4IEp/n6UVO8ala8zkIrwEhh8uldlD4g+tQvOfgnz/EnWZfIq2
ynGAOjrnybGyBIo6YFFMniJ7vpsDOSWD/VcrIV8+y/wkxDvTkXZK6hMzbTPK3T/q
MiB0QUOBCVSbwE7vqVik5QLNTylHJMyKy46xdHpi8JEQspxQnPXVN7AKiQ6pAOr8
7iGa9m/ghmpaxxI7Bu/N4vY5uQ280UwDQS1fbBopTNtUR49FtBYIKnz5O6Bka7z7
aZA4wt0akfNUg6sq8Ipaz1PYthF2N6ERZ/7I97ZHp85wcq2xDZJ2+SBhh47mc0KW
9A/JI7vPGhFrMVYai+EG8xgbd3zICUz6cF0qI5YiHu+N4Gr+O8Gu+mIck7YBATeE
nMos8Dzgk+05PKcGtGGYfbmN1e1fvNpUoCiqlEEktK82WJZIJDW6az0jAtAeWV5n
tc6tcXJAEmUeuVn9HNNaf2ZwLaUld0gDvAFZP4xkSySRZbkKySwtfdbdQ2wzCYNd
mr5IuphjtDu0tXJkD/1EnM+xyEkExK/Dq/5IhCdQj7sNXjzDSj8Dbn3ObZcGesK/
sclwXQU/9pILUQtkFfgZ42hsD/KFG9uT2jq7McPxxVKhDzjeokDGefZ1TSgeVy2C
evpSV/iyQp0jN/FdO/Tt7QeWXPY+8qmvPBUv4ZhQnuOa/q8WrfbDBN1CVN1iCZ++
HqhEBFcLuqTeHLh/NjqYnv49ioELVmjxHrjj/NH8FFFeVIAh/MnkhLkY1ufBKTUV
xBE0dP4+RA5DBz5COyUunLqb/PqeBacYQbwfz3aALekQnDuMZgaa1M0lwQQKC840
1UZxIBqtJfKw25MrfrNphePud4m6jDgu6j5k583oFRGHHnn4UGpRgzBjLfBdt1P6
P/No4dXMgUDlxlBoCho6QVQj0l8b7y4IoW8DlQkVus0lV+Mx98/RHk4wTPwF2z2F
vPfHP85BBV9rkOfoQ9fTTH1cy1h0k8+AcGlRKKODHotvxbmHp1yBr6RBbCbsNMBW
OgCZNesNyy1UpT7dbgPw2TnAC0z/E9nSEETKGGGSUPRAdm4tNs7ILxU4hjamnZU7
LW010ozJAVps1LroqQMyddLp88aNDPYz5ZLy8bTprAuZKerd1RHlmdf9XOU9pH9z
P4EEvTBsptFu2UZLd/9THzl5P97HxDxj0sKDIb1Cb6oTZAN6eg7V1Y7hiChHhdR6
1c6I6mFwIzhjUcmR8O02nMReKg+PP2nUMDun8QAzl2e5oQ2zVmH2ErcBsWzJRTcF
Ql55RXVqqQ5G2/bE4i8b9wueefsns3dsGnEH9lUz3pKFjRvhy3+WNtciwuYNsU6Q
rkreuBVe/YxQdDExUZsRazKMGLXozphuAp0z2PBDhSMehUyaqnymnQF+vGhLGjeF
w+LaX2DxpWipe4Yk4wt1DIjS6qyWh9egtWtQ0aCpudzM2wXoqWAomcPEWt8I7AMd
Xtfe99gqra12AT5rM4FrTVyaH9ypXxAnFa3FFH9CPMKu/XnX0LwIsX5Aq0Wo65Tp
XNOmMei1rKNE6HvKh8FRdh8zTELtsEBstSB0/PYbvi0ZeZm//OMXeGaoHR3IrBYJ
9Y0TpuNCN5P63/RsVyCOi2K5j19thjHh1kKMrb0GnDK355WjqrRUpxHcaTFRtlxe
arLzVWNXGYWelR/PnQonBCDLeZaRxDRglmFE9v051FV7wwB2tBbC6nEk/sP71Jja
LK+FHT+TEcf51kJpPTMkGRXTYHMC8DBqGA86lqyelUOYaCAJYOhg0fDQTIH8JpQx
9iebUo5RB78+eXYFJH7bl8QY7BsTRqQ0A8jsOPQ2FToWTzZ2tnJ+w4Od6rEC3JtM
QDT57RQtN9azzq7YqezdkdOnWsTJF9mHFEQCMs/GsjPffjGwEnWIR2r0CJnIimCC
m+CVz6A1ye23yx/KCm+XmqS+TQAxxrhCVaB0iJ4tiG1AmG5gQU2mPrVSkLfzr47i
b52Qu9l38I3EKVX8tWdchlqYW1ITXB8KlhrDdQcmJCe6dP9cwAgS4IJhLGE/rVDI
JqDsp58eUF7hGd3CSxaBPFFqjtKjmbkxO2GpW9EKG4hzU8+Qbw1n4HUBu3DWfoGt
1CbslNUrGZZqF8DfvsmSzygO9rwCkBBMMh+NqdxMZp00720Nxf3YQi6TO1u0JVs6
ybM0rjbiybjcka2oTfPXLlso8186eHTzvO/zj0YvMKx+ZwCD5PH8EpWftAnYg/VE
AQx813yp9xxcdygbdZyKYkqiSAbTsvi0EypYcrmwJtGpGNtkml3flp9LTEnq+xJp
/TqIoZrcSe0aCoL12TakAssHsFsTRJbPpnInFNRDC2tbRLXqW+7UWMOTOEVf/o1u
x51zLfgBRH6BJYpK9GJZHVsH2YRASadpCu1RdUABb1wMm7/Mp5ttn7UDXtYAJn/p
gpKeqLISTCBz8Khbwd996WQ2Da0tqIBiCwpTicGpuuDkrYc3hVZ+Wokr/gmrmBVi
wNyntooQiFwUsU54hVY440nZiDS/vNYwTQHofld7jCZ2qDyAZKQ6VcFc8Wpj1TE+
ojLhHdpmzi289BuwbtFDuDfWOysnrtTnczt7TbsvSn9lRcuNZmbvlCfhQBf+Fsg8
suqou2RrHpInIOtBXZs9gZmvlq890GV3EjgR1q8UUkjVwRGxgIJ2UYJ04GsfQPi8
JRhm9HOShPIPdIc9+LL+YTuKsXGuAUU6IXHih3qb2JTRfChIf+PzME85qwiFahp5
B+t3xotB9In4dNMg3W36tr4H+258CSK+oiiTP+QtP/5So1d9MU+26EKaezHp2QZ1
++Sz7U04GJJ73eV5K1HPzRluy2n9dZhpSo3Mo0p8LtFjyVrQuCUi/KYf7h9ZwWq5
JIChEI6ghQZMwM0BY3gz5zsvB3W+kAXmzFjtuzXLW9/CjWVBYe/P01n4jl8W0GBp
WbZO1js5xnaU4aYBPmA/sYUtxjIk0AlfANEAl1hWSi/hyJZPFSg3u7yhJH5/BBbx
uR5C3omqmlHvyed/BS4t2YYl0D5Gk1LeWfCpndgKziNSQ4gSZ96deVDRiJ6ai8DT
SCGJynnzmoaJtyntejYal9RbF345uEiCfDdQF7k6F/dA7byR+Te9KJv8akOuzyKQ
PZ7+CPUAC6pf4rywjJVcGuDP6RZvWJfgpgA8Esfh7xfpaXXoGMbPek7EhzP4BrxT
UjY1bjhtZimKFlZCF+5jQuNzIizuDLFwQ6d/5406/2ayEhn4nZmN23W9ubAgwwS7
MfHUF0Z3B/KRhbqCvcYgqHYWnS7cb4PFNSnpQam9ALxQH1H6IK9fL3mqPRZRAxuH
HWoR0Rk3hMoOXflszN/z+rRwzzvRwQ3cv9vJLL+JjlQqU4UTaZe0hoBYnFOgnBhm
CKryebdLZU6Be7iZ/NCUCDvcYu3SZqomRZzx067TzoJGrCmK2PYkgM+XfVfTxQOX
DZcTbK/yAYm0a6kVVr8M/4lOziSoT2COLAWduTeMuA==
DEBUG	[2014-09-10 16:41:39:149] <395> sessionkey:QE6YMj2WVyt9uwxDUgQkEblN1EZBgS7Cfr5U7LEnbWcGMstRNyAw3utwzc5mcfwn
AOl3GAMljjav7BW/UobSeHSeC5ca/e/eDM6Y2jbWULpqloICRe6vc3c/5dbM6xTw
4+CgdTcoDig9Zh7v1xdUs1Eu06x9PZyKItMY1kfVKiU=
DEBUG	[2014-09-10 16:41:39:149] <395> url:http://www.loosfly.com
DEBUG	[2014-09-10 16:41:39:149] <395> cardcode:
DEBUG	[2014-09-10 16:41:39:149] <395> parentemail:ryshoney@naver.com
DEBUG	[2014-09-10 16:41:39:149] <395> recvname:윤정희
DEBUG	[2014-09-10 16:41:39:149] <395> recvtel:010-8007-7504
DEBUG	[2014-09-10 16:41:39:149] <395> recvaddr:대전광역시 대덕구 송촌동 220-3  
DEBUG	[2014-09-10 16:41:39:149] <395> recvpostnum:306-812
DEBUG	[2014-09-10 16:41:39:149] <395> recvmsg:사이즈 확인좀.. 160/46kg
S 크지 않을까요?
DEBUG	[2014-09-10 16:41:39:149] <395> joincard:
DEBUG	[2014-09-10 16:41:39:149] <395> joinexpire:
DEBUG	[2014-09-10 16:41:39:149] <395> id_customer:
INFO	[2014-09-10 16:41:39:149] <395> Check Field OK
INFO	[2014-09-10 16:41:39:150] <395> Make TID OK INIphpDBNKESGDloosfl20140910164139497887
INFO	[2014-09-10 16:41:39:150] <395> PI PUB KEY LOAD OK [39]
INFO	[2014-09-10 16:41:39:151] <395> PG PUB KEY LOAD OK [30]
INFO	[2014-09-10 16:41:39:151] <395> MERCHANT PRIV KEY LOAD OK
INFO	[2014-09-10 16:41:39:152] <395> MERCHANT PUB KEY LOAD OK [0]
INFO	[2014-09-10 16:41:39:154] <395> MAKE BODY OK
INFO	[2014-09-10 16:41:39:156] <395> SIGN OK
INFO	[2014-09-10 16:41:39:156] <395> MAKE HEAD OK
INFO	[2014-09-10 16:41:39:156] <395> MSG_TO_PG:[0858000175R SHA1                   0                  39                  300200ESGDloosfl               89000INIphpDBNKESGDloosfl20140910164139497887<?xml version="1.0" encoding="UTF-8"?>
<INIpay>
	  <GoodsInfo>
	    <GoodsCnt>1</GoodsCnt>
	    <MOID/>
	    <Currency>WON</Currency>
	    <Tax/>
	    <TaxFree/>
	    <Goods>
	      <SMID>ESGDloosfl</SMID>
	      <GoodsName urlencode="1">Halter+Triad+Leotard+%28Cobalt+Blue%29</GoodsName>
	      <GoodsPrice>89000</GoodsPrice></Goods></GoodsInfo>
	  <BuyerInfo>
	    <BuyerName urlencode="1">%C0%B1%C1%A4%C8%F1</BuyerName>
	    <BuyerTel>010-8007-7504</BuyerTel>
	    <BuyerEmail urlencode="1">ryshoney%40naver.com</BuyerEmail>
	    <ParentEmail urlencode="1">ryshoney%40naver.com</ParentEmail>
	    <RecvName urlencode="1">%C0%B1%C1%A4%C8%F1</RecvName>
	    <RecvTel urlencode="1">010-8007-7504</RecvTel>
	    <RecvMsg urlencode="1">%BB%E7%C0%CC%C1%EE+%C8%AE%C0%CE%C1%BB..+160%2F46kg%0D%0AS+%C5%A9%C1%F6+%BE%CA%C0%BB%B1%EE%BF%E4%3F</RecvMsg>
	    <RecvAddr urlencode="1">%B4%EB%C0%FC%B1%A4%BF%AA%BD%C3+%B4%EB%B4%F6%B1%B8+%BC%DB%C3%CC%B5%BF+220-3++</RecvAddr>
	    <RecvPostNum urlencode="1">306-812</RecvPostNum></BuyerInfo>
	  <PaymentInfo>
	    <Payment>
	      <PayMethod>DirectBank</PayMethod>
	      <JoinCard/>
	      <JoinExpire/>
	      <MailOrder/>
	      <SessionKey>QE6YMj2WVyt9uwxDUgQkEblN1EZBgS7Cfr5U7LEnbWcGMstRNyAw3utwzc5mcfwn
AOl3GAMljjav7BW/UobSeHSeC5ca/e/eDM6Y2jbWULpqloICRe6vc3c/5dbM6xTw
4+CgdTcoDig9Zh7v1xdUs1Eu06x9PZyKItMY1kfVKiU=</SessionKey>
	      <Encrypted urlencode="1">Version%3D4.1%26PayMethod%3DDirectBank%26RsaKeyNum%3D1%26EncryptionAlgorithm%3DSEED-CBC%26SignAlgorithm%3DRSAwithSHA1%26CertVer%3D39%26moid%3D1410334723163%26ver_trace%3Dmain%286086%2C6053%29dbank%286064%2C6053%29n%286008%29Cs%286022%29Dt%286002%29Pa%286002%29Cf%286024%29Fv%280000%29La%286130%29Re%286083%29Vr%286006%29P%286033%29en%286038%29nP%286006%29%26pg1%3D203.238.37.3%26pg2%3D211.219.96.180%26pg1ip%3D203.238.37.3%26pg2ip%3D211.219.96.180%26agreeflag%3D1111%26Data%3DMM7EmQVtT8DbaqTyBpV6YyoYx9anretr%2BIgVXgWYp9xiIIDiDCY2ZvNi5PbGvGOB%0D%0AL5JgCy4bGC4iA4Se3TfgPkcu6Ickal6QTVtIXpqgxJId1uQC8FeNSKF117ofRiFB%0D%0Aem55TsMcv8tTdOVNYGOFYCdmWFUcDSFRY%2FSfTIPMEE%2Bpc0colUKmTDgx2dZ9S7yx%0D%0AzphutdEglMFRt1tIgMkY0ol6GNzi8xkcXAMf7g2%2FY399DOw3VQRG%2FDeIPf5yfRJq%0D%0AD1cFgw%2FT816gI53BJVeHlJoD2tSIDoC9g2p8YepTIuNyGK6oadqB4U73jiZ9RLtU%0D%0ArHHPVidymv1HQiAgNAyKcRvQtSa7M6e6Ui1rKp1vBMvPoS2k%2BLhMOPrNO2m3uIMr%0D%0AD%2BI9TtHJZhpVqIqTvn92yV84OErhhDGJxFAIcWPTUJ2NdycZksJcVW358duD4J0A%0D%0AWsWTpwwe8a4YP7zGROEl1gtPtt6jI3hFa%2FuQ58arjd4Ygso6T%2BlVhSUXTybbXR3Z%0D%0A6SwLSIGVMSUmQMjYH9S8Xg5UcrtTCMg88IqUWXRPfuDa8ASQr%2B%2BIW26kREFdGoFd%0D%0A6Q350ybxyj8%2BclSaKY0%2BA8lqPqKCzA4rWfNfJ%2BHY6VeqzXsnRCCOer4fBbtZx5cO%0D%0ApFrIQtt6Ozdsf%2BRwLJowG0sGlNv%2BUiAsbdrPEvbInQzifAQbb3%2FTA5Jes2HpfFO5%0D%0AUrG6UllVlEbQeE0slf3a2iZW5OdX7Sax5t9ALCSbgJGhlDX%2Bxu1u5HVFvn3reMtd%0D%0ABKQwyntGoSjg18r%2FnD891EYG2a376kI0NL9x6rMN5ywMnFBFs8GXjkdWzs4bi2jy%0D%0A3lIzX%2FO%2BEAkvqHHpHlTLnvbv3Z6FQ4%2FixkChgaA1FGEmA9mi1xupe8K%2BAKCtTQZB%0D%0Ae%2FtCsMCb5mEN7FgdHaMcvUmsLSKm4FRPkP8hFo7IfiGD59dJ44ev77B6njotE8Z9%0D%0ArahL%2FaVLQkIndlMjWFNwB6gNtw0TWx2JdHabjrIKhiM9XUkcyZYNUX6gLOjT3ztW%0D%0A3bTtcGkTnbpf4GJM0FNXBugy5Xjgk6XQnWklVetD58%2FrRexbA5uj9iKDrqvP%2BPAr%0D%0AcelpChs%2BSb6CojxvysIEYxDIJ3TyxpnIcJFx%2BLmGA9PpQK0EOtwZo3g2Ih%2Bqmfgc%0D%0AR%2FZsA12btvlMI7YnEKy8DIfBzhBVo7J6d432C2cqwUJeatjbxfWQRqNH4wqnlILM%0D%0APCweDzqosf0wz1WRdaFj2OZbPSOZyqKxdA6703csY8sI1TqKWNFUqpFU2LYYYER5%0D%0AlQJ3kdKg0Y0bd9Inmiw6EIaqSEXIexlnD6huwnDaakN2hYCOUIUJtCSTrziydZVJ%0D%0AuqLw9bAFCELlEUknCHssfEeNWFHyYiHg%2BGDb29oZOKN5PZka9XqxZj%2FTbHO%2BYsVW%0D%0AKZTLLntZR7ONpR6l51r562S6W%2B8lo9uPOfMZAFj0ho2AYiSUBFTdeeN%2F%2BpFa%2BO4Y%0D%0A7903XC7p8V7YgyJqKaFcj5Mxj3FvSyFUwzJNCMWXXAvvYpcPltjCnVmEicELhFlK%0D%0A6imIZ%2BUaE%2Fecv6tLhhC0f%2BFev3yl8aDv7HOl%2BKPX8AOEimE6NikyhokK%2BtevZohJ%0D%0ATFXFnJ%2FlJ636USHve2T2op%2FeI7nH%2Fe8UTJafJJyxmf2AVhWX1jtmtiWYjAqKq8xL%0D%0AUgnm%2FXpnTXxFVe6zf61dHveoro9Ue7gWHs2%2BC07kjP%2BBIihsxUoYFIbdggn9uhOW%0D%0Agv5NArvtV7WTYw95%2FIpuvFYjczH2wKuxudyPxIqI9wKVhCJLdw%2B%2BIzYmQSxNFlvE%0D%0ALUXX2d4g3Zj5Pim7PRzPTkGOGANDoiVglTze2iW3IgRW89yB2NQlqd8BISLp0bsI%0D%0AxsmaxlVHLVitm1vRzHWk4ddXiaQLK9O8uwJSd2Cx7Kg0RODzmyGAY8mVHNftnQ7Q%0D%0AFyxLrf0YcjXQVnO4IEp%2Fn6UVO8ala8zkIrwEhh8uldlD4g%2BtQvOfgnz%2FEnWZfIq2%0D%0AynGAOjrnybGyBIo6YFFMniJ7vpsDOSWD%2FVcrIV8%2By%2FwkxDvTkXZK6hMzbTPK3T%2Fq%0D%0AMiB0QUOBCVSbwE7vqVik5QLNTylHJMyKy46xdHpi8JEQspxQnPXVN7AKiQ6pAOr8%0D%0A7iGa9m%2FghmpaxxI7Bu%2FN4vY5uQ280UwDQS1fbBopTNtUR49FtBYIKnz5O6Bka7z7%0D%0AaZA4wt0akfNUg6sq8Ipaz1PYthF2N6ERZ%2F7I97ZHp85wcq2xDZJ2%2BSBhh47mc0KW%0D%0A9A%2FJI7vPGhFrMVYai%2BEG8xgbd3zICUz6cF0qI5YiHu%2BN4Gr%2BO8Gu%2BmIck7YBATeE%0D%0AnMos8Dzgk%2B05PKcGtGGYfbmN1e1fvNpUoCiqlEEktK82WJZIJDW6az0jAtAeWV5n%0D%0Atc6tcXJAEmUeuVn9HNNaf2ZwLaUld0gDvAFZP4xkSySRZbkKySwtfdbdQ2wzCYNd%0D%0Amr5IuphjtDu0tXJkD%2F1EnM%2BxyEkExK%2FDq%2F5IhCdQj7sNXjzDSj8Dbn3ObZcGesK%2F%0D%0AsclwXQU%2F9pILUQtkFfgZ42hsD%2FKFG9uT2jq7McPxxVKhDzjeokDGefZ1TSgeVy2C%0D%0AevpSV%2FiyQp0jN%2FFdO%2FTt7QeWXPY%2B8qmvPBUv4ZhQnuOa%2Fq8WrfbDBN1CVN1iCZ%2B%2B%0D%0AHqhEBFcLuqTeHLh%2FNjqYnv49ioELVmjxHrjj%2FNH8FFFeVIAh%2FMnkhLkY1ufBKTUV%0D%0AxBE0dP4%2BRA5DBz5COyUunLqb%2FPqeBacYQbwfz3aALekQnDuMZgaa1M0lwQQKC840%0D%0A1UZxIBqtJfKw25MrfrNphePud4m6jDgu6j5k583oFRGHHnn4UGpRgzBjLfBdt1P6%0D%0AP%2FNo4dXMgUDlxlBoCho6QVQj0l8b7y4IoW8DlQkVus0lV%2BMx98%2FRHk4wTPwF2z2F%0D%0AvPfHP85BBV9rkOfoQ9fTTH1cy1h0k8%2BAcGlRKKODHotvxbmHp1yBr6RBbCbsNMBW%0D%0AOgCZNesNyy1UpT7dbgPw2TnAC0z%2FE9nSEETKGGGSUPRAdm4tNs7ILxU4hjamnZU7%0D%0ALW010ozJAVps1LroqQMyddLp88aNDPYz5ZLy8bTprAuZKerd1RHlmdf9XOU9pH9z%0D%0AP4EEvTBsptFu2UZLd%2F9THzl5P97HxDxj0sKDIb1Cb6oTZAN6eg7V1Y7hiChHhdR6%0D%0A1c6I6mFwIzhjUcmR8O02nMReKg%2BPP2nUMDun8QAzl2e5oQ2zVmH2ErcBsWzJRTcF%0D%0AQl55RXVqqQ5G2%2FbE4i8b9wueefsns3dsGnEH9lUz3pKFjRvhy3%2BWNtciwuYNsU6Q%0D%0ArkreuBVe%2FYxQdDExUZsRazKMGLXozphuAp0z2PBDhSMehUyaqnymnQF%2BvGhLGjeF%0D%0Aw%2BLaX2DxpWipe4Yk4wt1DIjS6qyWh9egtWtQ0aCpudzM2wXoqWAomcPEWt8I7AMd%0D%0AXtfe99gqra12AT5rM4FrTVyaH9ypXxAnFa3FFH9CPMKu%2FXnX0LwIsX5Aq0Wo65Tp%0D%0AXNOmMei1rKNE6HvKh8FRdh8zTELtsEBstSB0%2FPYbvi0ZeZm%2F%2FOMXeGaoHR3IrBYJ%0D%0A9Y0TpuNCN5P63%2FRsVyCOi2K5j19thjHh1kKMrb0GnDK355WjqrRUpxHcaTFRtlxe%0D%0AarLzVWNXGYWelR%2FPnQonBCDLeZaRxDRglmFE9v051FV7wwB2tBbC6nEk%2FsP71Jja%0D%0ALK%2BFHT%2BTEcf51kJpPTMkGRXTYHMC8DBqGA86lqyelUOYaCAJYOhg0fDQTIH8JpQx%0D%0A9iebUo5RB78%2BeXYFJH7bl8QY7BsTRqQ0A8jsOPQ2FToWTzZ2tnJ%2Bw4Od6rEC3JtM%0D%0AQDT57RQtN9azzq7YqezdkdOnWsTJF9mHFEQCMs%2FGsjPffjGwEnWIR2r0CJnIimCC%0D%0Am%2BCVz6A1ye23yx%2FKCm%2BXmqS%2BTQAxxrhCVaB0iJ4tiG1AmG5gQU2mPrVSkLfzr47i%0D%0Ab52Qu9l38I3EKVX8tWdchlqYW1ITXB8KlhrDdQcmJCe6dP9cwAgS4IJhLGE%2FrVDI%0D%0AJqDsp58eUF7hGd3CSxaBPFFqjtKjmbkxO2GpW9EKG4hzU8%2BQbw1n4HUBu3DWfoGt%0D%0A1CbslNUrGZZqF8DfvsmSzygO9rwCkBBMMh%2BNqdxMZp00720Nxf3YQi6TO1u0JVs6%0D%0AybM0rjbiybjcka2oTfPXLlso8186eHTzvO%2Fzj0YvMKx%2BZwCD5PH8EpWftAnYg%2FVE%0D%0AAQx813yp9xxcdygbdZyKYkqiSAbTsvi0EypYcrmwJtGpGNtkml3flp9LTEnq%2BxJp%0D%0A%2FTqIoZrcSe0aCoL12TakAssHsFsTRJbPpnInFNRDC2tbRLXqW%2B7UWMOTOEVf%2Fo1u%0D%0Ax51zLfgBRH6BJYpK9GJZHVsH2YRASadpCu1RdUABb1wMm7%2FMp5ttn7UDXtYAJn%2Fp%0D%0AgpKeqLISTCBz8Khbwd996WQ2Da0tqIBiCwpTicGpuuDkrYc3hVZ%2BWokr%2FgmrmBVi%0D%0AwNyntooQiFwUsU54hVY440nZiDS%2FvNYwTQHofld7jCZ2qDyAZKQ6VcFc8Wpj1TE%2B%0D%0AojLhHdpmzi289BuwbtFDuDfWOysnrtTnczt7TbsvSn9lRcuNZmbvlCfhQBf%2BFsg8%0D%0Asuqou2RrHpInIOtBXZs9gZmvlq890GV3EjgR1q8UUkjVwRGxgIJ2UYJ04GsfQPi8%0D%0AJRhm9HOShPIPdIc9%2BLL%2BYTuKsXGuAUU6IXHih3qb2JTRfChIf%2BPzME85qwiFahp5%0D%0AB%2Bt3xotB9In4dNMg3W36tr4H%2B258CSK%2BoiiTP%2BQtP%2F5So1d9MU%2B26EKaezHp2QZ1%0D%0A%2B%2BSz7U04GJJ73eV5K1HPzRluy2n9dZhpSo3Mo0p8LtFjyVrQuCUi%2FKYf7h9ZwWq5%0D%0AJIChEI6ghQZMwM0BY3gz5zsvB3W%2BkAXmzFjtuzXLW9%2FCjWVBYe%2FP01n4jl8W0GBp%0D%0AWbZO1js5xnaU4aYBPmA%2FsYUtxjIk0AlfANEAl1hWSi%2FhyJZPFSg3u7yhJH5%2FBBbx%0D%0AuR5C3omqmlHvyed%2FBS4t2YYl0D5Gk1LeWfCpndgKziNSQ4gSZ96deVDRiJ6ai8DT%0D%0ASCGJynnzmoaJtyntejYal9RbF345uEiCfDdQF7k6F%2FdA7byR%2BTe9KJv8akOuzyKQ%0D%0APZ7%2BCPUAC6pf4rywjJVcGuDP6RZvWJfgpgA8Esfh7xfpaXXoGMbPek7EhzP4BrxT%0D%0AUjY1bjhtZimKFlZCF%2B5jQuNzIizuDLFwQ6d%2F5406%2F2ayEhn4nZmN23W9ubAgwwS7%0D%0AMfHUF0Z3B%2FKRhbqCvcYgqHYWnS7cb4PFNSnpQam9ALxQH1H6IK9fL3mqPRZRAxuH%0D%0AHWoR0Rk3hMoOXflszN%2Fz%2BrRwzzvRwQ3cv9vJLL%2BJjlQqU4UTaZe0hoBYnFOgnBhm%0D%0ACKryebdLZU6Be7iZ%2FNCUCDvcYu3SZqomRZzx067TzoJGrCmK2PYkgM%2BXfVfTxQOX%0D%0ADZcTbK%2FyAYm0a6kVVr8M%2F4lOziSoT2COLAWduTeMuA%3D%3D</Encrypted></Payment></PaymentInfo>
	  <ReservedInfo>
	    <MReserved1/>
	    <MReserved2/>
	    <MReserved3/></ReservedInfo>
	  <ManageInfo>
	    <Language/>
	    <URL urlencode="1">http%3A%2F%2Fwww.loosfly.com</URL>
	    <TXVersion>5031B111123securLinux     PHPchkfake   2.6.18-371.11.1.el5PHP:5.2.17 </TXVersion>
	    <TXUserID/>
	    <TXRegNum/>
	    <Ack>1</Ack>
	    <TXRN>MjAxNDA5MTAxNjM5NTkwNzU2OTEwNg==
</TXRN></ManageInfo></INIpay>AGWMWiwVIPP60XkgxAbJ/MQPl/OPafLDk6bdLLmLm5K8gwkNY7CXUWHQ43jDj+kN
cPSnOnPEtCBEUl9avm9vdGHbDWKYSgCryUHSCcKpyP60ojExJ7wTZnmApw39FfhE
ji+EnZR/D0OvuaNdHuVV1TykzCC/SxcxGl9SCH+YVsix
]
INFO	[2014-09-10 16:41:39:157] <395> DNS LOOKUP OK(203.238.37.3:203.238.37.3:34049) laptime:0
INFO	[2014-09-10 16:41:39:160] <395> SOCKET CONNECT OK
INFO	[2014-09-10 16:41:39:160] <395> SEND OK
INFO	[2014-09-10 16:41:40:848] <395> RECV OK
INFO	[2014-09-10 16:41:40:849] <395> MSG_FROM_PG:[0289600175D SHA1                   0                  39                  300210ESGDloosfl               89000INIphpDBNKESGDloosfl20140910164139497887<?xml version="1.0" encoding="UTF-8"?>
<INIpay>
  <GoodsInfo>
    <GoodsCnt>1</GoodsCnt>
    <MOID urlencode="1">1410334723163</MOID>
    <Currency>WON</Currency>
    <Goods no="1">
      <SMID>ESGDloosfl</SMID>
      <GoodsName urlencode="1">Halter+Triad+Leotard+%28Cobalt+Blue%29</GoodsName>
      <GoodsCntS>1</GoodsCntS>
      <GoodsPrice>89000</GoodsPrice>
    </Goods>
  </GoodsInfo>
  <PaymentInfo>
    <Payment>
      <SessionKey>AJhos2lLq3v1FdPu5/AYHAR+4iTtWX1Qw+c6Ge8+a54hRdgd6BpMbOVCqOOl/Klf
mUgHOORILkDL1U3MK1IC0N7KTQpM0NNa1q+7DLNjQkn8GrRN5WPEoR/B3/ElV63S
maQHSKfPd8hGgBapRW+BCjr9l+J8wHwVb8KbIWFNkSXz/FfJpnqnV4o=
</SessionKey>
      <Encrypted>fISz+TloC7hNIR4bffbU3lMMB9LOOoyUfLT7hpC4NmGf+IQZ1/c7D4nx1gPxDjnk
UZNyUiNb6z0vZiwa/u9/fHdWv/xnNprZDec48EZiSXjIS+YpNfe6nOW0DpxYZVYU
bdj1IHYwKGUwZWZtBRTLb8QboEcqdgGjHXNKWwkXH6w/afthSKgfAF4T3G7XfgIY
GEyo7e+yS7/4oAqroWWk6VAk2+/KxJbzQRtFOTcuUMJwIFz83C5LTwc4zB5f9CWk
nYUMOs4qcgx/OLsuStGYjHcf49jUq8I+mrFFB+Me/9B5M7dsGe1B2onKlJNUDTGV
Gi74zbfzkaUza9dNh/fgYVvBU/u7Vqm4cOMKJL7krY5M7I1RAkXyNYCVOUYz1O21
srqeLxGhDggDnF3vl6gzEy2Lqi1NmUa3fUOEosebnrIj6bi0P0lpjmAaQ5KoN8VV
Avs6+micytcITD+0GErhb9yPY/GRxcAT0daD9d2zZXBn1x8jMOYUbkYmdSj+nC8b
88n4L42HPNaWyGZBElqVPiA2Fd46Kt5a+AGBBUtnW5zXytugUjjfALXwXLn2pxVU
HLPPB2D+ryF7yEyW6d5c53rU3pw2c0vMG37FuQos3zs2fnq9D9N0gCho1lNhhWkK
JeGrmqA1leMpyVcbmqwChge9FW9cMiIFvTosNiLOFWlBEFQes8bMrtaxXN1tmMEL
/Ipb5qqL9Q/FYMfWLK+nx2aqDlBpvE2RFFT3xZbfoRXLwN98Ic9XAvPeCVT+eC9o
q7EBMYSz2+rq2T56O7HNPVG3k1TBaF55T6qOPBSBQd9hoVn6jEqUsC0k8zbgJuJH
6vqdabbFZg6futBkfHlse8czrMMKUizKjagBKFR/L/JP7YUkJkV6svDuOu3+j40t
9ofxk+0DG3KOAOxITzXHzQLdYbu8OA+jLPp9VAPwHB/dupiXwU/wK5WEn438+M0v
RX0VMLwQCcEN2znoji7CvjvHIC/obUd8yq/jjAgHxfqoSPs8Yjs+ac/SR3YFjx0c
ne6aagdHy+Z/v543cokN2JUu6lJXAVpov0oZNx/NhIc+TbHix+jjt3m/6FbMV80x
avd4pDf0oN9m+Wa5J6YdLkceuhcWkjYG4icf25P1sKQC6X+mM1n1qz6p+zdXi8ph
DVN3rMHUprtGwYUxbFylMlPE+jOW3Op+2IVppcN4LELtuBRp5SY1xN52i3yYAWd4
JlnIiVViaV8cy+/fK+1OOXBvi3YJ2Q4+REuaEfoKIxVCBr1m9LfdrFsHka0lbrZ6
1d5ia8YG1X+whBqMrMs4sYiBAVwc3CNJYtPDXLaR9+vuGsiSQSE4Qihi3h2zMcO8
tXQJSxuE/n39i3BIgghmYWRSfUCGvN3QDzBEmn4rIv5eX5tdCGDpy3hYN0Qoeepi
D8YW4BKwSLo8FxaGTb0ASeWmYyc3QeXGRxVxW58mba96C3oAogfrqw7AlP9Sr6AQ
AEFQfJohgo3RU1KL6Z8P8NbTu+m4rihkpvV4g4NQGjGdF081fCFbaQ==
</Encrypted>
      <PayMethod>DirectBank</PayMethod>
      <ResultCode>160000</ResultCode>
      <ResultMsg urlencode="1">%C1%A4%BB%F3%C3%B3%B8%AE%B5%C7%BE%FA%BD%C0%B4%CF%B4%D9.</ResultMsg>
    </Payment>
  </PaymentInfo>
  <ManageInfo>
    <EventCode></EventCode>
    <OrgCurrency></OrgCurrency>
    <ExchangeRate></ExchangeRate>
    <OrgPrice></OrgPrice>
  </ManageInfo>
  <ReservedInfo>
    <MReserved1 urlencode="1"></MReserved1>
    <MReserved2 urlencode="1"></MReserved2>
    <MReserved3 urlencode="1"></MReserved3>
    <PGReserved1 urlencode="1"></PGReserved1>
    <PGReserved2 urlencode="1"></PGReserved2>
    <PGReserved3 urlencode="1"></PGReserved3>
  </ReservedInfo>
</INIpay>
uKUsQ+gBnrPj4q8gkcUKX7OC0xHDDCxH2Tm1op8SzIpVGwkwPuStKFFti/sbtzRu
XEtZO/LS/q0KcGXqo5fb5lXntUtVPC5yM3K6rV8unVwWeZwofkOWMDVHR4kcgPct
XkpMjS96IuoQPAQRiPQVrzripzlUB2y+HJTiJGvQ6vM=
]
INFO	[2014-09-10 16:41:40:849] <395> VERIFY OK
INFO	[2014-09-10 16:41:40:849] <395> PARSE HEAD OK
INFO	[2014-09-10 16:41:40:851] <395> PARSE BODY OK
INFO	[2014-09-10 16:41:40:853] <395> DECRYPT OK
DEBUG	[2014-09-10 16:41:40:853] <395> DECRYPT MSG:[<?xml version="1.0" encoding="UTF-8"?>
<PaymentInfo>
  <Payment>
    <EASYPAY/>
    <DirectBank>
      <ACCT_BankCode>81</ACCT_BankCode>
      <ACCT_Num>*********72507</ACCT_Num>
      <ACCT_ApplPrice>89000</ACCT_ApplPrice>
      <ACCT_ApplDate>20140910</ACCT_ApplDate>
      <ACCT_ApplTime>164140</ACCT_ApplTime>
      <ACCT_ApplNum>0547563</ACCT_ApplNum>
      <ACCT_ResultCode>160000</ACCT_ResultCode>
      <ACCT_ResultMsg urlencode="1">%C1%A4%BB%F3%C3%B3%B8%AE%B5%C7%BE%FA%BD%C0%B4%CF%B4%D9.</ACCT_ResultMsg>
      <ACCT_Name urlencode="1">%C0%B1%C1%A4%C8%F1</ACCT_Name>
    </DirectBank>
    <CASH>
      <CSHR_ApplPrice>89000</CSHR_ApplPrice>
      <CSHR_SupplyPrice>80909</CSHR_SupplyPrice>
      <CSHR_Tax>8091</CSHR_Tax>
      <CSHR_ServicePrice>0</CSHR_ServicePrice>
      <CSHR_Type>0</CSHR_Type>
      <CSHR_ApplDate>20140910</CSHR_ApplDate>
      <CSHR_ApplTime>164142</CSHR_ApplTime>
      <CSHR_ApplNum>260823553</CSHR_ApplNum>
      <CSHR_ResultCode>220000</CSHR_ResultCode>
      <CSHR_ResultMsg urlencode="1">%C1%A4%BB%F3%C3%B3%B8%AE%B5%C7%BE%FA%BD%C0%B4%CF%B4%D9.</CSHR_ResultMsg>
    </CASH>
  </Payment>
</PaymentInfo>]
INFO	[2014-09-10 16:41:40:855] <395> DECRYPT PARSE OK
INFO	[2014-09-10 16:41:40:855] <395> WAIT ACK INVOKING
DEBUG	[2014-09-10 16:41:40:855] <395> MAKE HEAD OK
INFO	[2014-09-10 16:41:40:859] <395> SUCCESS ACK INVOKING
INFO	[2014-09-10 16:41:40:859] <395> END securepay 정상처리되었습니다. Laptime:[1.71sec]
INFO	[2014-09-10 16:41:40:859] <395> ===============================================================
