INFO	[2014-08-19 14:57:26:666] <28297> START INIPHP chkfake (V5031-111123)(OS:Linux2.6.18-371.11.1.el5,PHP:5.2.17)
DEBUG	[2014-08-19 14:57:26:683] <28297> inipayhome:/www/loosfly_godo_co_kr/shop/order/card/inipay
DEBUG	[2014-08-19 14:57:26:683] <28297> type:chkfake
DEBUG	[2014-08-19 14:57:26:683] <28297> debug:true
DEBUG	[2014-08-19 14:57:26:683] <28297> enctype:asym
DEBUG	[2014-08-19 14:57:26:683] <28297> admin:1111
DEBUG	[2014-08-19 14:57:26:683] <28297> checkopt:false
DEBUG	[2014-08-19 14:57:26:683] <28297> mid:GODOloosfl
DEBUG	[2014-08-19 14:57:26:683] <28297> price:48300
DEBUG	[2014-08-19 14:57:26:683] <28297> nointerest:no
DEBUG	[2014-08-19 14:57:26:683] <28297> quotabase:선택:일시불:2개월:3개월:4개월:5개월:6개월:7개월:8개월:9개월:10개월:11개월:12개월
INFO	[2014-08-19 14:57:26:684] <28297> Check Field OK
INFO	[2014-08-19 14:57:26:772] <28297> MERCHANT PRIV KEY LOAD OK
INFO	[2014-08-19 14:57:26:776] <28297> MERCHANT PUB KEY LOAD OK []
INFO	[2014-08-19 14:57:26:778] <28297> CHKFAKE KEY MAKE OK:MjAxNDA4MTkxNDU3MjY3NzYzNzkwMw==

INFO	[2014-08-19 14:57:26:779] <28297> END chkfake  Laptime:[0.19sec]
INFO	[2014-08-19 14:57:26:779] <28297> ===============================================================
INFO	[2014-08-19 14:59:29:336] <28299> START INIPHP chkfake (V5031-111123)(OS:Linux2.6.18-371.11.1.el5,PHP:5.2.17)
DEBUG	[2014-08-19 14:59:29:336] <28299> inipayhome:/www/loosfly_godo_co_kr/shop/order/card/inipay
DEBUG	[2014-08-19 14:59:29:336] <28299> type:chkfake
DEBUG	[2014-08-19 14:59:29:336] <28299> debug:true
DEBUG	[2014-08-19 14:59:29:336] <28299> enctype:asym
DEBUG	[2014-08-19 14:59:29:336] <28299> admin:1111
DEBUG	[2014-08-19 14:59:29:336] <28299> checkopt:false
DEBUG	[2014-08-19 14:59:29:336] <28299> mid:GODOloosfl
DEBUG	[2014-08-19 14:59:29:336] <28299> price:48300
DEBUG	[2014-08-19 14:59:29:336] <28299> nointerest:no
DEBUG	[2014-08-19 14:59:29:336] <28299> quotabase:선택:일시불:2개월:3개월:4개월:5개월:6개월:7개월:8개월:9개월:10개월:11개월:12개월
INFO	[2014-08-19 14:59:29:336] <28299> Check Field OK
INFO	[2014-08-19 14:59:29:337] <28299> MERCHANT PRIV KEY LOAD OK
INFO	[2014-08-19 14:59:29:337] <28299> MERCHANT PUB KEY LOAD OK []
INFO	[2014-08-19 14:59:29:338] <28299> CHKFAKE KEY MAKE OK:MjAxNDA4MTkxNDU5MjkzMzc2MTIwOQ==

INFO	[2014-08-19 14:59:29:338] <28299> END chkfake  Laptime:[0sec]
INFO	[2014-08-19 14:59:29:338] <28299> ===============================================================
INFO	[2014-08-19 14:59:49:871] <28306> START INIPHP chkfake (V5031-111123)(OS:Linux2.6.18-371.11.1.el5,PHP:5.2.17)
DEBUG	[2014-08-19 14:59:49:871] <28306> inipayhome:/www/loosfly_godo_co_kr/shop/order/card/inipay
DEBUG	[2014-08-19 14:59:49:871] <28306> type:chkfake
DEBUG	[2014-08-19 14:59:49:871] <28306> debug:true
DEBUG	[2014-08-19 14:59:49:871] <28306> enctype:asym
DEBUG	[2014-08-19 14:59:49:871] <28306> admin:1111
DEBUG	[2014-08-19 14:59:49:871] <28306> checkopt:false
DEBUG	[2014-08-19 14:59:49:871] <28306> mid:GODOloosfl
DEBUG	[2014-08-19 14:59:49:871] <28306> price:48300
DEBUG	[2014-08-19 14:59:49:871] <28306> nointerest:no
DEBUG	[2014-08-19 14:59:49:871] <28306> quotabase:선택:일시불:2개월:3개월:4개월:5개월:6개월:7개월:8개월:9개월:10개월:11개월:12개월
INFO	[2014-08-19 14:59:49:872] <28306> Check Field OK
INFO	[2014-08-19 14:59:49:872] <28306> MERCHANT PRIV KEY LOAD OK
INFO	[2014-08-19 14:59:49:872] <28306> MERCHANT PUB KEY LOAD OK []
INFO	[2014-08-19 14:59:49:875] <28306> CHKFAKE KEY MAKE OK:MjAxNDA4MTkxNDU5NDk4NzI2MDIxOA==

INFO	[2014-08-19 14:59:49:875] <28306> END chkfake  Laptime:[0.01sec]
INFO	[2014-08-19 14:59:49:875] <28306> ===============================================================
