INFO	[2013-08-24 22:52:21:342] <12195> START INIPHP chkfake (V5031-111123)(OS:Linux2.6.18-348.12.1.el5,PHP:5.2.17)
DEBUG	[2013-08-24 22:52:21:342] <12195> inipayhome:/www/loosfly_godo_co_kr/shop/order/card/inipay
DEBUG	[2013-08-24 22:52:21:342] <12195> type:chkfake
DEBUG	[2013-08-24 22:52:21:342] <12195> debug:true
DEBUG	[2013-08-24 22:52:21:342] <12195> enctype:asym
DEBUG	[2013-08-24 22:52:21:342] <12195> admin:1111
DEBUG	[2013-08-24 22:52:21:342] <12195> checkopt:false
DEBUG	[2013-08-24 22:52:21:342] <12195> mid:GODOloosfl
DEBUG	[2013-08-24 22:52:21:342] <12195> price:89000
DEBUG	[2013-08-24 22:52:21:342] <12195> nointerest:no
DEBUG	[2013-08-24 22:52:21:342] <12195> quotabase:선택:일시불:2개월:3개월:4개월:5개월:6개월:7개월:8개월:9개월:10개월:11개월:12개월
INFO	[2013-08-24 22:52:21:343] <12195> Check Field OK
INFO	[2013-08-24 22:52:21:352] <12195> MERCHANT PRIV KEY LOAD OK
INFO	[2013-08-24 22:52:21:356] <12195> MERCHANT PUB KEY LOAD OK []
INFO	[2013-08-24 22:52:21:359] <12195> CHKFAKE KEY MAKE OK:MjAxMzA4MjQyMjUyMjEzNTczMTU2Ng==

INFO	[2013-08-24 22:52:21:359] <12195> END chkfake  Laptime:[0.02sec]
INFO	[2013-08-24 22:52:21:359] <12195> ===============================================================
INFO	[2013-08-24 22:57:09:381] <15002> START INIPHP chkfake (V5031-111123)(OS:Linux2.6.18-348.12.1.el5,PHP:5.2.17)
DEBUG	[2013-08-24 22:57:09:381] <15002> inipayhome:/www/loosfly_godo_co_kr/shop/order/card/inipay
DEBUG	[2013-08-24 22:57:09:381] <15002> type:chkfake
DEBUG	[2013-08-24 22:57:09:381] <15002> debug:true
DEBUG	[2013-08-24 22:57:09:381] <15002> enctype:asym
DEBUG	[2013-08-24 22:57:09:381] <15002> admin:1111
DEBUG	[2013-08-24 22:57:09:381] <15002> checkopt:false
DEBUG	[2013-08-24 22:57:09:381] <15002> mid:GODOloosfl
DEBUG	[2013-08-24 22:57:09:381] <15002> price:89000
DEBUG	[2013-08-24 22:57:09:381] <15002> nointerest:no
DEBUG	[2013-08-24 22:57:09:381] <15002> quotabase:선택:일시불:2개월:3개월:4개월:5개월:6개월:7개월:8개월:9개월:10개월:11개월:12개월
INFO	[2013-08-24 22:57:09:381] <15002> Check Field OK
INFO	[2013-08-24 22:57:09:382] <15002> MERCHANT PRIV KEY LOAD OK
INFO	[2013-08-24 22:57:09:382] <15002> MERCHANT PUB KEY LOAD OK []
INFO	[2013-08-24 22:57:09:383] <15002> CHKFAKE KEY MAKE OK:MjAxMzA4MjQyMjU3MDkzODI0NDc3OA==

INFO	[2013-08-24 22:57:09:383] <15002> END chkfake  Laptime:[0sec]
INFO	[2013-08-24 22:57:09:383] <15002> ===============================================================
INFO	[2013-08-24 22:57:52:375] <21557> START INIPHP chkfake (V5031-111123)(OS:Linux2.6.18-348.12.1.el5,PHP:5.2.17)
DEBUG	[2013-08-24 22:57:52:375] <21557> inipayhome:/www/loosfly_godo_co_kr/shop/order/card/inipay
DEBUG	[2013-08-24 22:57:52:375] <21557> type:chkfake
DEBUG	[2013-08-24 22:57:52:375] <21557> debug:true
DEBUG	[2013-08-24 22:57:52:375] <21557> enctype:asym
DEBUG	[2013-08-24 22:57:52:375] <21557> admin:1111
DEBUG	[2013-08-24 22:57:52:375] <21557> checkopt:false
DEBUG	[2013-08-24 22:57:52:375] <21557> mid:GODOloosfl
DEBUG	[2013-08-24 22:57:52:375] <21557> price:89000
DEBUG	[2013-08-24 22:57:52:375] <21557> nointerest:no
DEBUG	[2013-08-24 22:57:52:375] <21557> quotabase:선택:일시불:2개월:3개월:4개월:5개월:6개월:7개월:8개월:9개월:10개월:11개월:12개월
INFO	[2013-08-24 22:57:52:375] <21557> Check Field OK
INFO	[2013-08-24 22:57:52:375] <21557> MERCHANT PRIV KEY LOAD OK
INFO	[2013-08-24 22:57:52:376] <21557> MERCHANT PUB KEY LOAD OK []
INFO	[2013-08-24 22:57:52:377] <21557> CHKFAKE KEY MAKE OK:MjAxMzA4MjQyMjU3NTIzNzY2MTUzOQ==

INFO	[2013-08-24 22:57:52:377] <21557> END chkfake  Laptime:[0sec]
INFO	[2013-08-24 22:57:52:377] <21557> ===============================================================
INFO	[2013-08-24 22:58:00:951] <23752> START INIPHP chkfake (V5031-111123)(OS:Linux2.6.18-348.12.1.el5,PHP:5.2.17)
DEBUG	[2013-08-24 22:58:00:951] <23752> inipayhome:/www/loosfly_godo_co_kr/shop/order/card/inipay
DEBUG	[2013-08-24 22:58:00:951] <23752> type:chkfake
DEBUG	[2013-08-24 22:58:00:951] <23752> debug:true
DEBUG	[2013-08-24 22:58:00:951] <23752> enctype:asym
DEBUG	[2013-08-24 22:58:00:951] <23752> admin:1111
DEBUG	[2013-08-24 22:58:00:951] <23752> checkopt:false
DEBUG	[2013-08-24 22:58:00:951] <23752> mid:GODOloosfl
DEBUG	[2013-08-24 22:58:00:951] <23752> price:89000
DEBUG	[2013-08-24 22:58:00:951] <23752> nointerest:no
DEBUG	[2013-08-24 22:58:00:951] <23752> quotabase:선택:일시불:2개월:3개월:4개월:5개월:6개월:7개월:8개월:9개월:10개월:11개월:12개월
INFO	[2013-08-24 22:58:00:951] <23752> Check Field OK
INFO	[2013-08-24 22:58:00:951] <23752> MERCHANT PRIV KEY LOAD OK
INFO	[2013-08-24 22:58:00:951] <23752> MERCHANT PUB KEY LOAD OK []
INFO	[2013-08-24 22:58:00:953] <23752> CHKFAKE KEY MAKE OK:MjAxMzA4MjQyMjU4MDA5NTEyMzk5Mw==

INFO	[2013-08-24 22:58:00:953] <23752> END chkfake  Laptime:[0sec]
INFO	[2013-08-24 22:58:00:953] <23752> ===============================================================
