INFO	[2014-09-30 10:01:49:478] <8205> START INIPHP cancel (V5031-111123)(OS:Linux2.6.18-371.11.1.el5,PHP:5.2.17)
DEBUG	[2014-09-30 10:01:49:481] <8205> inipayhome:/www/loosfly_godo_co_kr/shop/order/card/inipay
DEBUG	[2014-09-30 10:01:49:481] <8205> type:cancel
DEBUG	[2014-09-30 10:01:49:481] <8205> debug:true
DEBUG	[2014-09-30 10:01:49:481] <8205> mid:GODOloosfl
DEBUG	[2014-09-30 10:01:49:481] <8205> admin:1111
DEBUG	[2014-09-30 10:01:49:481] <8205> tid:INIMX_ISP_GODOloosfl20140919183110068711
DEBUG	[2014-09-30 10:01:49:481] <8205> cancelmsg:관리자 승인취소
INFO	[2014-09-30 10:01:49:482] <8205> Check Field OK
INFO	[2014-09-30 10:01:49:482] <8205> PI PUB KEY LOAD OK []
INFO	[2014-09-30 10:01:49:484] <8205> PG PUB KEY LOAD OK [30]
INFO	[2014-09-30 10:01:49:496] <8205> MERCHANT PRIV KEY LOAD OK
INFO	[2014-09-30 10:01:49:500] <8205> MERCHANT PUB KEY LOAD OK [0]
DEBUG	[2014-09-30 10:01:49:502] <8205> MAKE ENCRYPT OK[<?xml version="1.0" encoding="UTF-8"?>
<CancelInfo>
	  <CancelTID>INIMX_ISP_GODOloosfl20140919183110068711</CancelTID>
	  <CancelMsg urlencode="1">%B0%FC%B8%AE%C0%DA+%BD%C2%C0%CE%C3%EB%BC%D2</CancelMsg></CancelInfo>]
INFO	[2014-09-30 10:01:49:503] <8205> MAKE BODY OK
INFO	[2014-09-30 10:01:49:504] <8205> SIGN OK
INFO	[2014-09-30 10:01:49:504] <8205> MAKE HEAD OK
INFO	[2014-09-30 10:01:49:504] <8205> MSG_TO_PG:[0090500175D SHA1                   0                                      300420GODOloosfl                    INIMX_ISP_GODOloosfl20140919183110068711<?xml version="1.0" encoding="UTF-8"?>
<INIpay>
	  <CancelInfo>
	    <SessionKey>ln5T7/70ZNlYJeScErWJixbpxpxMrSTzDl8ItgyZhmqmKRSeRg5J/8rRVdCjMcx1
DjMOy/NNpVID7z8zvbtdXDK/9M0t46JSRMVJpimEJwSzps9OXJLTy+mA6R+wBKwl
X8VtoyIgxvBJYvyiNLOeu7a3SAJvSWXsR7akcFOdOggEUkDaZ0T6og==
</SessionKey>
	    <Encrypted>aukn8cX5e5TQKgfjnXfTRCzqeeTDZPgmgJqeKCbP0BXJoPre/ztf9jogDmLpNRzM
MiC/TSQpGAwTxLdPhsjbkWJkOzvhssL8U22wAi23EKVh8O/fPmSbQSG6mtX0FrEU
8AUEzEerbB+qk4RzIfTDpLNNSif2XwFdYPEhCbo3fp/8hDAFUQvP6xyp1QJz+Ek5
nPKk4uvwK+Rw/kP8wDKlL1e2pl+rRKiux4+Sp7rIKmAS+NpiFXdDWnLM0LQvyCVr
VXmBo6VXnt2tKRGPXyCRnKuXIVpV1XmI
</Encrypted></CancelInfo>
	  <ReservedInfo>
	    <MReserved1/>
	    <MReserved2/>
	    <MReserved3/></ReservedInfo>
	  <ManageInfo>
	    <Language/>
	    <URL/>
	    <TXVersion>5031B111123canceLinux     PHPchkfake   2.6.18-371.11.1.el5PHP:5.2.17 </TXVersion>
	    <TXUserID/>
	    <TXRegNum/></ManageInfo></INIpay>AUg+b0l6xd4diZlr0UdrAMXNFO9ANbGNW7KJLSy7bupb3EC4lI69TVLh0677swHn
XWc2gCWLb86xts1LtGUUX68gyrcFSR2axxsJEMTZ+sRae5PF9EDfVO9WNwLnL55G
9/+3/KgBpkWcvMAfjGh/xNgKR8XBTh4yQirjnlynz8N7
]
INFO	[2014-09-30 10:01:49:504] <8205> DNS LOOKUP OK(203.238.37.3:203.238.37.3:34049) laptime:0
INFO	[2014-09-30 10:01:49:507] <8205> SOCKET CONNECT OK
INFO	[2014-09-30 10:01:49:507] <8205> SEND OK
INFO	[2014-09-30 10:01:49:786] <8205> RECV OK
INFO	[2014-09-30 10:01:49:786] <8205> MSG_FROM_PG:[0108200175D SHA1                   0                                      300430GODOloosfl                    INIMX_ISP_GODOloosfl20140919183110068711<?xml version="1.0" encoding="UTF-8"?>
<INIpay>
  <CancelInfo>
    <ResultCode>170000</ResultCode>
    <ResultMsg urlencode="1">%C1%A4%BB%F3%BF%CF%B7%E1</ResultMsg>
    <SessionKey>AIfPftmKtkHT6mHVWkdWg7CPC83r4YENiG2R2qLbCImqDF22iCila86+arv3LTdQ
yhtZed6/FtwpSgq78bEEsCHZY/6Bw+VjYZaXxlp+jKtrV1LAcM535dEJdMNg1g2t
WiYprID3WKsjRC8xTNjaLkDsDREA0oCzM6OgLRKVXu2sU8wuAJw3nRA=
</SessionKey>
    <Encrypted>Y7SO13S7ZTiFPCiLwl/SiUW8XvcxCLyBtaE4Lhc28LHtAPJl9CJrOF2SI9mBiPea
e2/XMqVZhvnOoY2eJMAz3TjRVHmT3Oi4SabXm42yj2ySi68nIG50unpL5Z3FESSl
CXX0IljvdhtKI9xPxKNR7rfcSOYS2gI72wQjvm87DMf//ZAukpUJsFkjY/W+L+m1
B3MiT1yONKftT/4sKNpD/Vr1CR+1JdAHwpPj4hLDVlWHswgDNgE2VqVHsDau5LGA
Rb9n5IbinZ2QMKliYOe4q6HbOcrhlFaWycxeh3O9XN7unLvvCqbJ59FJ1yl1e2Mu
</Encrypted>
  </CancelInfo>
  <ManageInfo/>
  <ReservedInfo>
    <MReserved1 urlencode="1"></MReserved1>
    <MReserved2 urlencode="1"></MReserved2>
    <MReserved3 urlencode="1"></MReserved3>
    <PGReserved1 urlencode="1"></PGReserved1>
    <PGReserved2 urlencode="1"></PGReserved2>
    <PGReserved3 urlencode="1"></PGReserved3>
  </ReservedInfo>
</INIpay>
SDS/dcs7exZNAtG2n5pOHECMwDV56RH852pKyvn+vZ/+icxBzX9/qkUv4svzfWDJ
FoA5qzoP1RRhoaA3kVq2cFOV97tyFpyD+2wdFFZ4wTvrYPv3a2QXyKiDaWQFr7H1
oVB/R9uT/K/eiAllMSoGowTa2MUZkFRCq9PYQO+0Mbo=
]
INFO	[2014-09-30 10:01:49:786] <8205> VERIFY OK
INFO	[2014-09-30 10:01:49:786] <8205> PARSE HEAD OK
INFO	[2014-09-30 10:01:49:788] <8205> PARSE BODY OK
INFO	[2014-09-30 10:01:49:791] <8205> DECRYPT OK
DEBUG	[2014-09-30 10:01:49:791] <8205> DECRYPT MSG:[<?xml version="1.0" encoding="UTF-8"?>
<CancelInfo>
  <CancelDate>20140930</CancelDate>
  <CancelTime>100149</CancelTime>
  <ResultCode>170000</ResultCode>
  <ResultMsg urlencode="1">%C1%A4%BB%F3%BF%CF%B7%E1</ResultMsg>
</CancelInfo>]
INFO	[2014-09-30 10:01:49:792] <8205> DECRYPT PARSE OK
INFO	[2014-09-30 10:01:49:792] <8205> END cancel 정상완료 Laptime:[0.33sec]
INFO	[2014-09-30 10:01:49:792] <8205> ===============================================================
