INFO	[2014-03-20 09:23:08:471] <17733> START INIPHP chkfake (V5031-111123)(OS:Linux2.6.18-371.4.1.el5,PHP:5.2.17)
DEBUG	[2014-03-20 09:23:08:475] <17733> inipayhome:/www/loosfly_godo_co_kr/shop/order/card/inipay
DEBUG	[2014-03-20 09:23:08:475] <17733> type:chkfake
DEBUG	[2014-03-20 09:23:08:475] <17733> debug:true
DEBUG	[2014-03-20 09:23:08:475] <17733> enctype:asym
DEBUG	[2014-03-20 09:23:08:475] <17733> admin:1111
DEBUG	[2014-03-20 09:23:08:475] <17733> checkopt:false
DEBUG	[2014-03-20 09:23:08:475] <17733> mid:GODOloosfl
DEBUG	[2014-03-20 09:23:08:475] <17733> price:94000
DEBUG	[2014-03-20 09:23:08:475] <17733> nointerest:no
DEBUG	[2014-03-20 09:23:08:475] <17733> quotabase:선택:일시불:2개월:3개월:4개월:5개월:6개월:7개월:8개월:9개월:10개월:11개월:12개월
INFO	[2014-03-20 09:23:08:475] <17733> Check Field OK
INFO	[2014-03-20 09:23:08:479] <17733> MERCHANT PRIV KEY LOAD OK
INFO	[2014-03-20 09:23:08:483] <17733> MERCHANT PUB KEY LOAD OK []
INFO	[2014-03-20 09:23:08:486] <17733> CHKFAKE KEY MAKE OK:MjAxNDAzMjAwOTIzMDg0ODM0NzQzNg==

INFO	[2014-03-20 09:23:08:486] <17733> END chkfake  Laptime:[0.04sec]
INFO	[2014-03-20 09:23:08:486] <17733> ===============================================================
INFO	[2014-03-20 09:23:16:490] <17609> START INIPHP chkfake (V5031-111123)(OS:Linux2.6.18-371.4.1.el5,PHP:5.2.17)
DEBUG	[2014-03-20 09:23:16:490] <17609> inipayhome:/www/loosfly_godo_co_kr/shop/order/card/inipay
DEBUG	[2014-03-20 09:23:16:490] <17609> type:chkfake
DEBUG	[2014-03-20 09:23:16:490] <17609> debug:true
DEBUG	[2014-03-20 09:23:16:490] <17609> enctype:asym
DEBUG	[2014-03-20 09:23:16:490] <17609> admin:1111
DEBUG	[2014-03-20 09:23:16:490] <17609> checkopt:false
DEBUG	[2014-03-20 09:23:16:490] <17609> mid:GODOloosfl
DEBUG	[2014-03-20 09:23:16:490] <17609> price:94000
DEBUG	[2014-03-20 09:23:16:490] <17609> nointerest:no
DEBUG	[2014-03-20 09:23:16:490] <17609> quotabase:선택:일시불:2개월:3개월:4개월:5개월:6개월:7개월:8개월:9개월:10개월:11개월:12개월
INFO	[2014-03-20 09:23:16:490] <17609> Check Field OK
INFO	[2014-03-20 09:23:16:491] <17609> MERCHANT PRIV KEY LOAD OK
INFO	[2014-03-20 09:23:16:491] <17609> MERCHANT PUB KEY LOAD OK []
INFO	[2014-03-20 09:23:16:492] <17609> CHKFAKE KEY MAKE OK:MjAxNDAzMjAwOTIzMTY0OTEyNDUxOQ==

INFO	[2014-03-20 09:23:16:493] <17609> END chkfake  Laptime:[0sec]
INFO	[2014-03-20 09:23:16:493] <17609> ===============================================================
INFO	[2014-03-20 09:26:02:902] <17730> START INIPHP securepay (V5031-111123)(OS:Linux2.6.18-371.4.1.el5,PHP:5.2.17)
DEBUG	[2014-03-20 09:26:02:902] <17730> inipayhome:/www/loosfly_godo_co_kr/shop/order/card/inipay
DEBUG	[2014-03-20 09:26:02:902] <17730> type:securepay
DEBUG	[2014-03-20 09:26:02:902] <17730> pgid:INIphpCARD
DEBUG	[2014-03-20 09:26:02:902] <17730> subpgip:203.238.3.10
DEBUG	[2014-03-20 09:26:02:902] <17730> admin:1111
DEBUG	[2014-03-20 09:26:02:902] <17730> debug:true
DEBUG	[2014-03-20 09:26:02:902] <17730> uid:
DEBUG	[2014-03-20 09:26:02:902] <17730> goodname:Strap Fullness Pants (Dark Blue) 외1건
DEBUG	[2014-03-20 09:26:02:902] <17730> currency:WON
DEBUG	[2014-03-20 09:26:02:902] <17730> mid:GODOloosfl
DEBUG	[2014-03-20 09:26:02:902] <17730> rn:MjAxNDAzMjAwOTIzMTY0OTEyNDUxOQ==

DEBUG	[2014-03-20 09:26:02:902] <17730> price:94000
DEBUG	[2014-03-20 09:26:02:902] <17730> enctype:
DEBUG	[2014-03-20 09:26:02:902] <17730> buyername:정호성
DEBUG	[2014-03-20 09:26:02:902] <17730> buyertel:010-9457-6126
DEBUG	[2014-03-20 09:26:02:902] <17730> buyeremail:zds53916@daum.net
DEBUG	[2014-03-20 09:26:02:902] <17730> paymethod:Card
DEBUG	[2014-03-20 09:26:02:902] <17730> encrypted:Version=4.1&PayMethod=Card&RsaKeyNum=1&EncryptionAlgorithm=SEED-CBC&SignAlgorithm=RSAwithSHA1&CertVer=39&moid=1395274955723&ver_trace=main(6082,6051)card(6103,6096)n(6008)Cs(6021)Dt(6002)Pa(6002)Cf(6024)Fv(0000)La(6119)Re(6075)Vr(6006)P(6033)en(6036)nP(6006)&pg1=203.238.37.3&pg2=211.219.96.180&pg1ip=203.238.37.3&pg2ip=211.219.96.180&agreeflag=1111&Data=VT7jcy+86UVZxFPS4tOa7yP1d77o8MXYoB+EEktA6hRnRHOOOX+CaGEiXX/UFwep
EmpbEuXpCCyr/XouXgCJ3zkmqXoY7h8MHClxK2oF4rHWMY6K2uEtLsg80ePE3uRt
3Yw9S5GKCjuKguXXODBbRFBfgh1rfGkZOWVMZBgGBoYa+tbDjJF54+1Xm/Oq0ErS
r94x3jfXr2TiR/J4lkv7KnZbN4qyb8RXXiLFmRo1Sc9CiRuPL1ZcZFQBhIsIfy7a
mVHSA+GFiww4PP9t7JHxddX9Tv5CwSigY1iMlDUnkY6t3elCpkZamyPGb6bA28tf
8wvg2gih43ClgcEylK5w0EwKwedDALGvYnfk1+quu0i22O8792BmW0sdlyLkfGRK
X9rOCYb+0bDhReri7BjReKabUo6pfRC5/u9NMnQLSmmVXfJdCQ20UlQv+dQkvBjl
j5+6K3398ZGuNNUIS5WRKuT4OF7QXqvZja6jOLceSQaz4baseyybf6uJXDAWjNJm
khEqUr8k6NRkYegzqNsIp/8BvH+E26I29LDI6F9Z+1l6/KlQ8Xl4nMN7loNWPBLP
5kMiMpM3FLzpKNXwVzZxI9F1u+P0IAX91qB0ZCGXS9oMZ/rwexat9mOyRUyl0s4t
Lf1OVkYwBIAFyrmcG1qb5Q5FeC+l50tZ9ft6GVhX3g==
DEBUG	[2014-03-20 09:26:02:902] <17730> sessionkey:vndLV9Nx9T8vYCD9vNh/OfWJJEV9NrwHmn9lBJf63dvtMS9YrKC4TgD0aiqcDdCF
ovSWR9ljtgUZD4uoAb67HmTrgiEr600mBIZ+qLrqlj+ZHKmHnsDyqYKkVSYqrYUs
hdS01RYUYg/44HBugzwMrBOzXE2F8GKMLyrPfTe2JOE=
DEBUG	[2014-03-20 09:26:02:902] <17730> url:http://www.loosfly.com
DEBUG	[2014-03-20 09:26:02:902] <17730> cardcode:16
DEBUG	[2014-03-20 09:26:02:902] <17730> parentemail:zds53916@daum.net
DEBUG	[2014-03-20 09:26:02:902] <17730> recvname:정호성
DEBUG	[2014-03-20 09:26:02:902] <17730> recvtel:010-9457-6126
DEBUG	[2014-03-20 09:26:02:902] <17730> recvaddr:경남 김해시 삼계동 화정마을아이파크가야아파트 404-403
DEBUG	[2014-03-20 09:26:02:902] <17730> recvpostnum:621-736
DEBUG	[2014-03-20 09:26:02:902] <17730> recvmsg:
DEBUG	[2014-03-20 09:26:02:902] <17730> joincard:
DEBUG	[2014-03-20 09:26:02:902] <17730> joinexpire:
DEBUG	[2014-03-20 09:26:02:902] <17730> id_customer:
INFO	[2014-03-20 09:26:02:902] <17730> Check Field OK
INFO	[2014-03-20 09:26:02:902] <17730> Make TID OK INIphpCARDGODOloosfl20140320092602026264
INFO	[2014-03-20 09:26:02:903] <17730> PI PUB KEY LOAD OK [39]
INFO	[2014-03-20 09:26:02:905] <17730> PG PUB KEY LOAD OK [30]
INFO	[2014-03-20 09:26:02:905] <17730> MERCHANT PRIV KEY LOAD OK
INFO	[2014-03-20 09:26:02:906] <17730> MERCHANT PUB KEY LOAD OK [0]
INFO	[2014-03-20 09:26:02:907] <17730> MAKE BODY OK
INFO	[2014-03-20 09:26:02:908] <17730> SIGN OK
INFO	[2014-03-20 09:26:02:909] <17730> MAKE HEAD OK
INFO	[2014-03-20 09:26:02:909] <17730> MSG_TO_PG:[0304700175R SHA1                   0                  39                  300200GODOloosfl               94000INIphpCARDGODOloosfl20140320092602026264<?xml version="1.0" encoding="UTF-8"?>
<INIpay>
	  <GoodsInfo>
	    <GoodsCnt>1</GoodsCnt>
	    <MOID/>
	    <Currency>WON</Currency>
	    <Tax/>
	    <TaxFree/>
	    <Goods>
	      <SMID>GODOloosfl</SMID>
	      <GoodsName urlencode="1">Strap+Fullness+Pants+%28Dark+Blue%29+%BF%DC1%B0%C7</GoodsName>
	      <GoodsPrice>94000</GoodsPrice></Goods></GoodsInfo>
	  <BuyerInfo>
	    <BuyerName urlencode="1">%C1%A4%C8%A3%BC%BA</BuyerName>
	    <BuyerTel>010-9457-6126</BuyerTel>
	    <BuyerEmail urlencode="1">zds53916%40daum.net</BuyerEmail>
	    <ParentEmail urlencode="1">zds53916%40daum.net</ParentEmail>
	    <RecvName urlencode="1">%C1%A4%C8%A3%BC%BA</RecvName>
	    <RecvTel urlencode="1">010-9457-6126</RecvTel>
	    <RecvMsg/>
	    <RecvAddr urlencode="1">%B0%E6%B3%B2+%B1%E8%C7%D8%BD%C3+%BB%EF%B0%E8%B5%BF+%C8%AD%C1%A4%B8%B6%C0%BB%BE%C6%C0%CC%C6%C4%C5%A9%B0%A1%BE%DF%BE%C6%C6%C4%C6%AE+404-403</RecvAddr>
	    <RecvPostNum urlencode="1">621-736</RecvPostNum></BuyerInfo>
	  <PaymentInfo>
	    <Payment>
	      <PayMethod>Card</PayMethod>
	      <JoinCard/>
	      <JoinExpire/>
	      <MailOrder/>
	      <SessionKey>vndLV9Nx9T8vYCD9vNh/OfWJJEV9NrwHmn9lBJf63dvtMS9YrKC4TgD0aiqcDdCF
ovSWR9ljtgUZD4uoAb67HmTrgiEr600mBIZ+qLrqlj+ZHKmHnsDyqYKkVSYqrYUs
hdS01RYUYg/44HBugzwMrBOzXE2F8GKMLyrPfTe2JOE=</SessionKey>
	      <Encrypted urlencode="1">Version%3D4.1%26PayMethod%3DCard%26RsaKeyNum%3D1%26EncryptionAlgorithm%3DSEED-CBC%26SignAlgorithm%3DRSAwithSHA1%26CertVer%3D39%26moid%3D1395274955723%26ver_trace%3Dmain%286082%2C6051%29card%286103%2C6096%29n%286008%29Cs%286021%29Dt%286002%29Pa%286002%29Cf%286024%29Fv%280000%29La%286119%29Re%286075%29Vr%286006%29P%286033%29en%286036%29nP%286006%29%26pg1%3D203.238.37.3%26pg2%3D211.219.96.180%26pg1ip%3D203.238.37.3%26pg2ip%3D211.219.96.180%26agreeflag%3D1111%26Data%3DVT7jcy%2B86UVZxFPS4tOa7yP1d77o8MXYoB%2BEEktA6hRnRHOOOX%2BCaGEiXX%2FUFwep%0D%0AEmpbEuXpCCyr%2FXouXgCJ3zkmqXoY7h8MHClxK2oF4rHWMY6K2uEtLsg80ePE3uRt%0D%0A3Yw9S5GKCjuKguXXODBbRFBfgh1rfGkZOWVMZBgGBoYa%2BtbDjJF54%2B1Xm%2FOq0ErS%0D%0Ar94x3jfXr2TiR%2FJ4lkv7KnZbN4qyb8RXXiLFmRo1Sc9CiRuPL1ZcZFQBhIsIfy7a%0D%0AmVHSA%2BGFiww4PP9t7JHxddX9Tv5CwSigY1iMlDUnkY6t3elCpkZamyPGb6bA28tf%0D%0A8wvg2gih43ClgcEylK5w0EwKwedDALGvYnfk1%2Bquu0i22O8792BmW0sdlyLkfGRK%0D%0AX9rOCYb%2B0bDhReri7BjReKabUo6pfRC5%2Fu9NMnQLSmmVXfJdCQ20UlQv%2BdQkvBjl%0D%0Aj5%2B6K3398ZGuNNUIS5WRKuT4OF7QXqvZja6jOLceSQaz4baseyybf6uJXDAWjNJm%0D%0AkhEqUr8k6NRkYegzqNsIp%2F8BvH%2BE26I29LDI6F9Z%2B1l6%2FKlQ8Xl4nMN7loNWPBLP%0D%0A5kMiMpM3FLzpKNXwVzZxI9F1u%2BP0IAX91qB0ZCGXS9oMZ%2Frwexat9mOyRUyl0s4t%0D%0ALf1OVkYwBIAFyrmcG1qb5Q5FeC%2Bl50tZ9ft6GVhX3g%3D%3D</Encrypted></Payment></PaymentInfo>
	  <ReservedInfo>
	    <MReserved1/>
	    <MReserved2/>
	    <MReserved3/></ReservedInfo>
	  <ManageInfo>
	    <Language/>
	    <URL urlencode="1">http%3A%2F%2Fwww.loosfly.com</URL>
	    <TXVersion>5031B111123securLinux     PHPchkfake   2.6.18-371.4.1.el5PHP:5.2.17  </TXVersion>
	    <TXUserID/>
	    <TXRegNum/>
	    <Ack>1</Ack>
	    <TXRN>MjAxNDAzMjAwOTIzMTY0OTEyNDUxOQ==
</TXRN></ManageInfo></INIpay>ADveaZkXs3JzL9ZoeIxtT5x0/wsYorw1OAKVZ1ofnbCNbYRzu2BBKj1iOrP/ffZ0
ctnTITc0k2qeFNaklh7lk2XOJr97IDvv4fNqWaJXnS+JWgshYYlpW8dAiAhYt+FF
9DtS2c0jr2GFyiB3ZIwvUfqsX5yvLtPUD+iSk8XU6zxd
]
INFO	[2014-03-20 09:26:02:909] <17730> DNS LOOKUP OK(203.238.37.3:203.238.37.3:34049) laptime:0
INFO	[2014-03-20 09:26:02:913] <17730> SOCKET CONNECT OK
INFO	[2014-03-20 09:26:02:913] <17730> SEND OK
INFO	[2014-03-20 09:26:04:9] <17730> RECV OK
INFO	[2014-03-20 09:26:04:9] <17730> MSG_FROM_PG:[0300800175D SHA1                   0                  39                  300210GODOloosfl               94000INIphpCARDGODOloosfl20140320092602026264<?xml version="1.0" encoding="UTF-8"?>
<INIpay>
  <GoodsInfo>
    <GoodsCnt>1</GoodsCnt>
    <MOID urlencode="1">1395274955723</MOID>
    <Currency>WON</Currency>
    <Goods no="1">
      <SMID>GODOloosfl</SMID>
      <GoodsName urlencode="1">Strap+Fullness+Pants+%28Dark+Blue%29+%BF%DC1%B0%C7</GoodsName>
      <GoodsCntS>1</GoodsCntS>
      <GoodsPrice>94000</GoodsPrice>
    </Goods>
  </GoodsInfo>
  <PaymentInfo>
    <Payment>
      <SessionKey>ANnwPGTbkX8PXV7hiNOx+4L5yk6d7Vos04ylP8iMzQeWvGrAr1Ou4AFUQN60HUZp
GU5sshTyfCPNSG2+esSPOYf5Wvj5I5Hrkl8URBtcT5jTIG2CfaAshg+JBkoLPkr2
rJ1LOMyUJ3+loQxzaWY0kqznv/kBc9CUZXL/QT2V/Q5Omq4mNTXw6iY=
</SessionKey>
      <Encrypted>ExE/vm9HEOzjO73JvgpVEEdKjYzlWSvQ7tCSMZjFMQErPTMQwFmHsV02vhwRq0Cz
tr1CzJo2wkMRJzR/7uPbBra5VfQt0wyGZqCsop6c+8b2jfcXR6HyfFykQUAPwSyF
r3Gy+WlM6Yq+Fp6Man7JKhmANd+g3X4oqLWe2ShwWjXtoo7IGx9sM7tKCDLJG9AK
CyAsW1spkcVbWmzqSJrQVDAmJBr0zWyefwae08tzPCB42PmBBRIY226mWa0ftMXX
joU8MHwF4v06ixlXmE1n/FAVvf/7zNtuFpHlcP3Tzgs2fsQaQdDNO92aP8+9YhMj
NQouTiRS4kkO9BTnVnbjoYvWGHispyMciulbOd+PnSqmKDy6+tJwJUXv91mhBiQB
0xbHSimYQd+6l1V4J3hahGhd60J0uqS43O3u71/6s2JTOmyDAgFpti7WtcU7pgJ3
tf60EyZYZ0RZ0Z0WFNnNb5YUl6XMPlXwGfJuSt+6oK0Y3E4T9gQ9Wy9+geFaw0vB
zi6I7y2blnwGLsfkTr74BADomJKSsD/LhF9SFY5kiuF9iM1s3TmngqJqTrVOOLXk
3CGT0k2yVHvsR41fZ6sXf+tYlURtkFPf/9eTkFyvf65hFIO6psbOZX8qEQh0fEZ7
eD5JnHpPbuJFeOiPoyZHkIw+/8jIvUoHOPnfafgKVhkzQdP8XozNSlS12TbsFKsG
JXjFVtRgeJZ54OgEHm8TIrjbG9tKMlgTY3zKEPUxI6Vd0QwEu4z6HPtSDG61JeIi
jmvzBjHOIXSg+mTa7zRCkDPjY44TuqH6NuFBZOlw9Frz1i0fUwRf4tRiuO5XBTUQ
bRrhvPE3sjJfHkJWcBoobnQVs3h3ozKW8GFsoGB+jD5S4ffTMufDJtFsyGhogOrb
Z60ulNlumYK+eJTrDlc5g1ubchxktdmSpFoYTLnC/rPtlhVNG0FESWl0sSKln4E0
AWp6gyJupfhWlfzHYHpmyiI7Qk/PakhQA4kiMlUIOzJC/UHK9UAQbLTVqr8UO3aq
w65u4PWVfnyvw7W44mY9jxcMiyt+9T+40YQ3oVpqKocvuBoCxtWoqkgS8pCYhI0Q
ZcTWQZnaihC2ZP3K0xw61Cj+RHIEtVl1qcpnehMiCg3FycMUHOuqb+Oidi2GoaQn
pBzLjJJ5NfR8WHTNrlIfivgDAXnhCEOMR3VPrJlcTMoxqdBXqXVMDpTY2CH66fIx
+aKs8lsOHQZ6odWRnKvuDQNEO1yoKtDpCE3v8zQy6IOEs1asaXiUyJK80xkvW1tf
c3Jbxd8u5JWQ3c/u7ktcBXPWgdbA+9edQUYc7QzgAiDPR+Vgh9gqsyA2LzyI8RSO
6L21OWpm5W9lzI825kf4vsAjvoGWwVyBAS0blmbIfffoAvcWyp/EFOhANAFMscwm
iWH3YAH29oH0ZtWB3GvEw67xiMQH8eQWlcGMLAK3A/zMngyn/N/s63KT6CAZm2uw
6CTTmBC5XRkwg/B1cm68zyqiG2KMTuqNitS+rmlGALca5ffluOC2Mzrv+2GX4rs/
xdFq/jxNXmVQTz/qFGNQBwR3iKIO82dg5ErAWSFu9DoyL4RquQ7i+BG9IuWUi71e
aAimgHfZAvJt7VDJ7qgvvSpixpgFhZIu
</Encrypted>
      <PayMethod>Card</PayMethod>
      <ResultCode>120000</ResultCode>
      <ResultMsg urlencode="1">%C1%A4%BB%F3%C3%B3%B8%AE%B5%C7%BE%FA%BD%C0%B4%CF%B4%D9.</ResultMsg>
    </Payment>
  </PaymentInfo>
  <ManageInfo>
    <EventCode></EventCode>
    <OrgCurrency></OrgCurrency>
    <ExchangeRate></ExchangeRate>
    <OrgPrice></OrgPrice>
  </ManageInfo>
  <ReservedInfo>
    <MReserved1 urlencode="1"></MReserved1>
    <MReserved2 urlencode="1"></MReserved2>
    <MReserved3 urlencode="1"></MReserved3>
    <PGReserved1 urlencode="1"></PGReserved1>
    <PGReserved2 urlencode="1"></PGReserved2>
    <PGReserved3 urlencode="1"></PGReserved3>
  </ReservedInfo>
</INIpay>
jkyuhUsZ05rzBoq3lnIjMVmYU2JPNfwxXVAeXcjgLFoM/DFvSqnW9qU/tQdINhIC
qDBQ0ucQejIv8oKamiod2/AdjtXXIBW45RfxGHw7zLuy5mDeJ27Qf22PqqyCwaqK
a83bJqZmF0ERFCqJMPWvbYk21b0Ab/3FVvKS5lh0ekE=
]
INFO	[2014-03-20 09:26:04:10] <17730> VERIFY OK
INFO	[2014-03-20 09:26:04:10] <17730> PARSE HEAD OK
INFO	[2014-03-20 09:26:04:14] <17730> PARSE BODY OK
INFO	[2014-03-20 09:26:04:18] <17730> DECRYPT OK
DEBUG	[2014-03-20 09:26:04:19] <17730> DECRYPT MSG:[<?xml version="1.0" encoding="UTF-8"?>
<PaymentInfo>
  <Payment>
    <EASYPAY/>
    <Card>
      <CARD_ApplPrice>94000</CARD_ApplPrice>
      <CARD_Num>941117009105</CARD_Num>
      <CARD_Expire></CARD_Expire>
      <CARD_Code>16</CARD_Code>
      <CARD_BankCode>11</CARD_BankCode>
      <CARD_Quota>00</CARD_Quota>
      <CARD_Interest>0</CARD_Interest>
      <CARD_Point></CARD_Point>
      <CARD_AuthType>99</CARD_AuthType>
      <CARD_RegNum></CARD_RegNum>
      <CARD_ApplDate>20140320</CARD_ApplDate>
      <CARD_ApplTime>092604</CARD_ApplTime>
      <CARD_ApplNum>30000264</CARD_ApplNum>
      <CARD_TerminalNum>019048y000</CARD_TerminalNum>
      <CARD_MemberNum></CARD_MemberNum>
      <CARD_PurchaseCode></CARD_PurchaseCode>
      <CARD_ResultCode>120000</CARD_ResultCode>
      <CARD_ResultMsg urlencode="1">%C1%A4%BB%F3%C3%B3%B8%AE%B5%C7%BE%FA%BD%C0%B4%CF%B4%D9.</CARD_ResultMsg>
      <CARD_PrtcCode>1</CARD_PrtcCode>
      <CARD_Quota_Point>00</CARD_Quota_Point>
      <CARD_CheckFlag>0</CARD_CheckFlag>
      <CARD_PurchaseName urlencode="1"></CARD_PurchaseName>
      <CARD_IssuerName urlencode="1"></CARD_IssuerName>
      <CARD_JoinUsePoint></CARD_JoinUsePoint>
    </Card>
  </Payment>
</PaymentInfo>]
INFO	[2014-03-20 09:26:04:22] <17730> DECRYPT PARSE OK
INFO	[2014-03-20 09:26:04:22] <17730> WAIT ACK INVOKING
DEBUG	[2014-03-20 09:26:04:22] <17730> MAKE HEAD OK
INFO	[2014-03-20 09:26:04:25] <17730> SUCCESS ACK INVOKING
INFO	[2014-03-20 09:26:04:25] <17730> END securepay 정상처리되었습니다. Laptime:[1.13sec]
INFO	[2014-03-20 09:26:04:25] <17730> ===============================================================
