INFO	[2014-10-07 19:09:45:878] <13251> START INIPHP chkfake (V5031-111123)(OS:Linux2.6.18-371.11.1.el5,PHP:5.2.17)
DEBUG	[2014-10-07 19:09:45:878] <13251> inipayhome:/www/loosfly_godo_co_kr/shop/order/card/inipay
DEBUG	[2014-10-07 19:09:45:878] <13251> type:chkfake
DEBUG	[2014-10-07 19:09:45:878] <13251> debug:true
DEBUG	[2014-10-07 19:09:45:878] <13251> enctype:asym
DEBUG	[2014-10-07 19:09:45:878] <13251> admin:1111
DEBUG	[2014-10-07 19:09:45:878] <13251> checkopt:false
DEBUG	[2014-10-07 19:09:45:878] <13251> mid:GODOloosfl
DEBUG	[2014-10-07 19:09:45:878] <13251> price:82000
DEBUG	[2014-10-07 19:09:45:878] <13251> nointerest:no
DEBUG	[2014-10-07 19:09:45:878] <13251> quotabase:선택:일시불:2개월:3개월:4개월:5개월:6개월:7개월:8개월:9개월:10개월:11개월:12개월
INFO	[2014-10-07 19:09:45:878] <13251> Check Field OK
INFO	[2014-10-07 19:09:45:897] <13251> MERCHANT PRIV KEY LOAD OK
INFO	[2014-10-07 19:09:45:909] <13251> MERCHANT PUB KEY LOAD OK []
INFO	[2014-10-07 19:09:45:911] <13251> CHKFAKE KEY MAKE OK:MjAxNDEwMDcxOTA5NDU5MTA2Mjk3MA==

INFO	[2014-10-07 19:09:45:911] <13251> END chkfake  Laptime:[0.09sec]
INFO	[2014-10-07 19:09:45:911] <13251> ===============================================================
INFO	[2014-10-07 19:10:26:153] <29344> START INIPHP chkfake (V5031-111123)(OS:Linux2.6.18-371.11.1.el5,PHP:5.2.17)
DEBUG	[2014-10-07 19:10:26:153] <29344> inipayhome:/www/loosfly_godo_co_kr/shop/order/card/inipay
DEBUG	[2014-10-07 19:10:26:153] <29344> type:chkfake
DEBUG	[2014-10-07 19:10:26:153] <29344> debug:true
DEBUG	[2014-10-07 19:10:26:153] <29344> enctype:asym
DEBUG	[2014-10-07 19:10:26:153] <29344> admin:1111
DEBUG	[2014-10-07 19:10:26:153] <29344> checkopt:false
DEBUG	[2014-10-07 19:10:26:153] <29344> mid:GODOloosfl
DEBUG	[2014-10-07 19:10:26:153] <29344> price:82000
DEBUG	[2014-10-07 19:10:26:153] <29344> nointerest:no
DEBUG	[2014-10-07 19:10:26:153] <29344> quotabase:선택:일시불:2개월:3개월:4개월:5개월:6개월:7개월:8개월:9개월:10개월:11개월:12개월
INFO	[2014-10-07 19:10:26:153] <29344> Check Field OK
INFO	[2014-10-07 19:10:26:154] <29344> MERCHANT PRIV KEY LOAD OK
INFO	[2014-10-07 19:10:26:154] <29344> MERCHANT PUB KEY LOAD OK []
INFO	[2014-10-07 19:10:26:157] <29344> CHKFAKE KEY MAKE OK:MjAxNDEwMDcxOTEwMjYxNTQyMjYzMQ==

INFO	[2014-10-07 19:10:26:157] <29344> END chkfake  Laptime:[0.01sec]
INFO	[2014-10-07 19:10:26:157] <29344> ===============================================================
INFO	[2014-10-07 19:10:31:480] <13005> START INIPHP chkfake (V5031-111123)(OS:Linux2.6.18-371.11.1.el5,PHP:5.2.17)
DEBUG	[2014-10-07 19:10:31:480] <13005> inipayhome:/www/loosfly_godo_co_kr/shop/order/card/inipay
DEBUG	[2014-10-07 19:10:31:480] <13005> type:chkfake
DEBUG	[2014-10-07 19:10:31:480] <13005> debug:true
DEBUG	[2014-10-07 19:10:31:480] <13005> enctype:asym
DEBUG	[2014-10-07 19:10:31:480] <13005> admin:1111
DEBUG	[2014-10-07 19:10:31:480] <13005> checkopt:false
DEBUG	[2014-10-07 19:10:31:480] <13005> mid:GODOloosfl
DEBUG	[2014-10-07 19:10:31:480] <13005> price:82000
DEBUG	[2014-10-07 19:10:31:480] <13005> nointerest:no
DEBUG	[2014-10-07 19:10:31:480] <13005> quotabase:선택:일시불:2개월:3개월:4개월:5개월:6개월:7개월:8개월:9개월:10개월:11개월:12개월
INFO	[2014-10-07 19:10:31:480] <13005> Check Field OK
INFO	[2014-10-07 19:10:31:480] <13005> MERCHANT PRIV KEY LOAD OK
INFO	[2014-10-07 19:10:31:480] <13005> MERCHANT PUB KEY LOAD OK []
INFO	[2014-10-07 19:10:31:482] <13005> CHKFAKE KEY MAKE OK:MjAxNDEwMDcxOTEwMzE0ODE5ODY3NQ==

INFO	[2014-10-07 19:10:31:482] <13005> END chkfake  Laptime:[0sec]
INFO	[2014-10-07 19:10:31:482] <13005> ===============================================================
INFO	[2014-10-07 19:10:36:695] <28630> START INIPHP chkfake (V5031-111123)(OS:Linux2.6.18-371.11.1.el5,PHP:5.2.17)
DEBUG	[2014-10-07 19:10:36:695] <28630> inipayhome:/www/loosfly_godo_co_kr/shop/order/card/inipay
DEBUG	[2014-10-07 19:10:36:695] <28630> type:chkfake
DEBUG	[2014-10-07 19:10:36:695] <28630> debug:true
DEBUG	[2014-10-07 19:10:36:695] <28630> enctype:asym
DEBUG	[2014-10-07 19:10:36:695] <28630> admin:1111
DEBUG	[2014-10-07 19:10:36:695] <28630> checkopt:false
DEBUG	[2014-10-07 19:10:36:695] <28630> mid:GODOloosfl
DEBUG	[2014-10-07 19:10:36:695] <28630> price:82000
DEBUG	[2014-10-07 19:10:36:695] <28630> nointerest:no
DEBUG	[2014-10-07 19:10:36:695] <28630> quotabase:선택:일시불:2개월:3개월:4개월:5개월:6개월:7개월:8개월:9개월:10개월:11개월:12개월
INFO	[2014-10-07 19:10:36:695] <28630> Check Field OK
INFO	[2014-10-07 19:10:36:695] <28630> MERCHANT PRIV KEY LOAD OK
INFO	[2014-10-07 19:10:36:695] <28630> MERCHANT PUB KEY LOAD OK []
INFO	[2014-10-07 19:10:36:697] <28630> CHKFAKE KEY MAKE OK:MjAxNDEwMDcxOTEwMzY2OTU3ODkyMg==

INFO	[2014-10-07 19:10:36:697] <28630> END chkfake  Laptime:[0sec]
INFO	[2014-10-07 19:10:36:697] <28630> ===============================================================
INFO	[2014-10-07 19:12:35:203] <22391> START INIPHP securepay (V5031-111123)(OS:Linux2.6.18-371.11.1.el5,PHP:5.2.17)
DEBUG	[2014-10-07 19:12:35:203] <22391> inipayhome:/www/loosfly_godo_co_kr/shop/order/card/inipay
DEBUG	[2014-10-07 19:12:35:203] <22391> type:securepay
DEBUG	[2014-10-07 19:12:35:203] <22391> pgid:INIphpCARD
DEBUG	[2014-10-07 19:12:35:203] <22391> subpgip:203.238.3.10
DEBUG	[2014-10-07 19:12:35:203] <22391> admin:1111
DEBUG	[2014-10-07 19:12:35:203] <22391> debug:true
DEBUG	[2014-10-07 19:12:35:203] <22391> uid:
DEBUG	[2014-10-07 19:12:35:203] <22391> goodname:Slitneck Snap Leotard(Black)
DEBUG	[2014-10-07 19:12:35:203] <22391> currency:WON
DEBUG	[2014-10-07 19:12:35:203] <22391> mid:GODOloosfl
DEBUG	[2014-10-07 19:12:35:203] <22391> rn:MjAxNDEwMDcxOTEwMzY2OTU3ODkyMg==

DEBUG	[2014-10-07 19:12:35:203] <22391> price:82000
DEBUG	[2014-10-07 19:12:35:203] <22391> enctype:
DEBUG	[2014-10-07 19:12:35:203] <22391> buyername:장정희
DEBUG	[2014-10-07 19:12:35:203] <22391> buyertel:010-8456-7775
DEBUG	[2014-10-07 19:12:35:203] <22391> buyeremail:jjhme7@naver.com
DEBUG	[2014-10-07 19:12:35:203] <22391> paymethod:Card
DEBUG	[2014-10-07 19:12:35:203] <22391> encrypted:Version=4.1&PayMethod=Card&RsaKeyNum=1&EncryptionAlgorithm=SEED-CBC&SignAlgorithm=RSAwithSHA1&CertVer=39&moid=1412676617659&ver_trace=main(6086,6053)card(6115,6105)n(6008)Cs(6022)Dt(6002)Pa(6002)Cf(6024)Fv(0000)La(6131)Re(6083)Vr(6006)P(6033)en(6039)nP(6006)&pg1=211.219.96.180&pg2=203.238.37.3&pg1ip=211.219.96.180&pg2ip=203.238.37.3&agreeflag=1111&Data=HOFQNm/pzywcWmqdatVgxt24UMcPbzmGLo0aNi/rgtzIFPIh0RdnQiLXoiMayL0P
wwpaW7N0RUvnqKDPpY8sCQvzPVGn4WKk7VLe3aSARGQg6H7kONFl8hsMfpi4iwd8
tbT9FEPZye8ID98P8uuWWXOziBioDUnfAc+7vAw82RHpoD4TwqmN25DY+BLPggVE
09PMz9wO3ag033jvDKo+EvC8eELYNVrPtfCHmpanMehP7pKZh86JJadZW9euXmrE
pCoBPWLoW/Q9rrbm92UW7uZ+4zCoi6jowOydr735MlIEOch9IPaZTv9QfDpsv0QU
kjLmGYvsH7Xp//tYimz78h5il//IpRFzzT1nnMZr8pWv9KGvLDDVGM1/bm5LkSb0
V5BDqTaSDYQ24CjMO0wCWRoFVuqtCwImjXdvJ9CDucJY8EYYRW647Zh5agLXg2S2
Z7pQxUwnjZtI/30VKpdsfzDHCPQNXLLC/HrjwJIo/ZWSf86t2JQWz6/ruuO+oz0V
0N/OBTNOgi6ngbmSK+2/t9craUkTfOgWYAIjbSUdZOD5zVRIDy88anhmodMxpSvt
b1GvL2rOXSWZuiuCsjkbk29PfDeF0wKpCN4XInpwVEHsfkHmhBuQsE5+8KgOKILt
xOsMiVHhyNO677lfa0WiZuH1d6Vobf66BhsO7NuVkYKUFKouVYst7rAANBwZ7SwQ
smEL5wAw1qTYGNncCkEt8FxPr2dxqefLuegvVhKzr/W3e7vuYLRfRSqKyIavSbKa
IMOq
DEBUG	[2014-10-07 19:12:35:203] <22391> sessionkey:L3zPQVE52HIb3pDRAse2DCOYdCZ4SZbxxVFrvjgdSgBfXSoemv0uiiAesyyz63Ko
jdc/yz1oXlO+q5vKA43re5Rjhg8jLahEZpLfINe5Kyr2saOXYcQyXCmbqG8iCRC+
Okl5NXncOYp5BjR8JXu4IssIvEV5xPCXx5Ov5fpps4g=
DEBUG	[2014-10-07 19:12:35:203] <22391> url:http://www.loosfly.com
DEBUG	[2014-10-07 19:12:35:203] <22391> cardcode:14
DEBUG	[2014-10-07 19:12:35:203] <22391> parentemail:jjhme7@naver.com
DEBUG	[2014-10-07 19:12:35:203] <22391> recvname:장정희
DEBUG	[2014-10-07 19:12:35:203] <22391> recvtel:010-8456-7775
DEBUG	[2014-10-07 19:12:35:203] <22391> recvaddr:부산광역시 부산진구 범천동 846-18 신부산학원 
DEBUG	[2014-10-07 19:12:35:203] <22391> recvpostnum:614-827
DEBUG	[2014-10-07 19:12:35:203] <22391> recvmsg:
DEBUG	[2014-10-07 19:12:35:203] <22391> joincard:
DEBUG	[2014-10-07 19:12:35:203] <22391> joinexpire:
DEBUG	[2014-10-07 19:12:35:203] <22391> id_customer:
INFO	[2014-10-07 19:12:35:203] <22391> Check Field OK
INFO	[2014-10-07 19:12:35:204] <22391> Make TID OK INIphpCARDGODOloosfl20141007191235032785
INFO	[2014-10-07 19:12:35:204] <22391> PI PUB KEY LOAD OK [39]
INFO	[2014-10-07 19:12:35:208] <22391> PG PUB KEY LOAD OK [30]
INFO	[2014-10-07 19:12:35:208] <22391> MERCHANT PRIV KEY LOAD OK
INFO	[2014-10-07 19:12:35:209] <22391> MERCHANT PUB KEY LOAD OK [0]
INFO	[2014-10-07 19:12:35:211] <22391> MAKE BODY OK
INFO	[2014-10-07 19:12:35:213] <22391> SIGN OK
INFO	[2014-10-07 19:12:35:213] <22391> MAKE HEAD OK
INFO	[2014-10-07 19:12:35:213] <22391> MSG_TO_PG:[0309900175R SHA1                   0                  39                  300200GODOloosfl               82000INIphpCARDGODOloosfl20141007191235032785<?xml version="1.0" encoding="UTF-8"?>
<INIpay>
	  <GoodsInfo>
	    <GoodsCnt>1</GoodsCnt>
	    <MOID/>
	    <Currency>WON</Currency>
	    <Tax/>
	    <TaxFree/>
	    <Goods>
	      <SMID>GODOloosfl</SMID>
	      <GoodsName urlencode="1">Slitneck+Snap+Leotard%28Black%29</GoodsName>
	      <GoodsPrice>82000</GoodsPrice></Goods></GoodsInfo>
	  <BuyerInfo>
	    <BuyerName urlencode="1">%C0%E5%C1%A4%C8%F1</BuyerName>
	    <BuyerTel>010-8456-7775</BuyerTel>
	    <BuyerEmail urlencode="1">jjhme7%40naver.com</BuyerEmail>
	    <ParentEmail urlencode="1">jjhme7%40naver.com</ParentEmail>
	    <RecvName urlencode="1">%C0%E5%C1%A4%C8%F1</RecvName>
	    <RecvTel urlencode="1">010-8456-7775</RecvTel>
	    <RecvMsg/>
	    <RecvAddr urlencode="1">%BA%CE%BB%EA%B1%A4%BF%AA%BD%C3+%BA%CE%BB%EA%C1%F8%B1%B8+%B9%FC%C3%B5%B5%BF+846-18+%BD%C5%BA%CE%BB%EA%C7%D0%BF%F8+</RecvAddr>
	    <RecvPostNum urlencode="1">614-827</RecvPostNum></BuyerInfo>
	  <PaymentInfo>
	    <Payment>
	      <PayMethod>Card</PayMethod>
	      <JoinCard/>
	      <JoinExpire/>
	      <MailOrder/>
	      <SessionKey>L3zPQVE52HIb3pDRAse2DCOYdCZ4SZbxxVFrvjgdSgBfXSoemv0uiiAesyyz63Ko
jdc/yz1oXlO+q5vKA43re5Rjhg8jLahEZpLfINe5Kyr2saOXYcQyXCmbqG8iCRC+
Okl5NXncOYp5BjR8JXu4IssIvEV5xPCXx5Ov5fpps4g=</SessionKey>
	      <Encrypted urlencode="1">Version%3D4.1%26PayMethod%3DCard%26RsaKeyNum%3D1%26EncryptionAlgorithm%3DSEED-CBC%26SignAlgorithm%3DRSAwithSHA1%26CertVer%3D39%26moid%3D1412676617659%26ver_trace%3Dmain%286086%2C6053%29card%286115%2C6105%29n%286008%29Cs%286022%29Dt%286002%29Pa%286002%29Cf%286024%29Fv%280000%29La%286131%29Re%286083%29Vr%286006%29P%286033%29en%286039%29nP%286006%29%26pg1%3D211.219.96.180%26pg2%3D203.238.37.3%26pg1ip%3D211.219.96.180%26pg2ip%3D203.238.37.3%26agreeflag%3D1111%26Data%3DHOFQNm%2FpzywcWmqdatVgxt24UMcPbzmGLo0aNi%2FrgtzIFPIh0RdnQiLXoiMayL0P%0D%0AwwpaW7N0RUvnqKDPpY8sCQvzPVGn4WKk7VLe3aSARGQg6H7kONFl8hsMfpi4iwd8%0D%0AtbT9FEPZye8ID98P8uuWWXOziBioDUnfAc%2B7vAw82RHpoD4TwqmN25DY%2BBLPggVE%0D%0A09PMz9wO3ag033jvDKo%2BEvC8eELYNVrPtfCHmpanMehP7pKZh86JJadZW9euXmrE%0D%0ApCoBPWLoW%2FQ9rrbm92UW7uZ%2B4zCoi6jowOydr735MlIEOch9IPaZTv9QfDpsv0QU%0D%0AkjLmGYvsH7Xp%2F%2FtYimz78h5il%2F%2FIpRFzzT1nnMZr8pWv9KGvLDDVGM1%2Fbm5LkSb0%0D%0AV5BDqTaSDYQ24CjMO0wCWRoFVuqtCwImjXdvJ9CDucJY8EYYRW647Zh5agLXg2S2%0D%0AZ7pQxUwnjZtI%2F30VKpdsfzDHCPQNXLLC%2FHrjwJIo%2FZWSf86t2JQWz6%2FruuO%2Boz0V%0D%0A0N%2FOBTNOgi6ngbmSK%2B2%2Ft9craUkTfOgWYAIjbSUdZOD5zVRIDy88anhmodMxpSvt%0D%0Ab1GvL2rOXSWZuiuCsjkbk29PfDeF0wKpCN4XInpwVEHsfkHmhBuQsE5%2B8KgOKILt%0D%0AxOsMiVHhyNO677lfa0WiZuH1d6Vobf66BhsO7NuVkYKUFKouVYst7rAANBwZ7SwQ%0D%0AsmEL5wAw1qTYGNncCkEt8FxPr2dxqefLuegvVhKzr%2FW3e7vuYLRfRSqKyIavSbKa%0D%0AIMOq</Encrypted></Payment></PaymentInfo>
	  <ReservedInfo>
	    <MReserved1/>
	    <MReserved2/>
	    <MReserved3/></ReservedInfo>
	  <ManageInfo>
	    <Language/>
	    <URL urlencode="1">http%3A%2F%2Fwww.loosfly.com</URL>
	    <TXVersion>5031B111123securLinux     PHPchkfake   2.6.18-371.11.1.el5PHP:5.2.17 </TXVersion>
	    <TXUserID/>
	    <TXRegNum/>
	    <Ack>1</Ack>
	    <TXRN>MjAxNDEwMDcxOTEwMzY2OTU3ODkyMg==
</TXRN></ManageInfo></INIpay>AOzirnZ0mtVMhsgZ3HVUllpjLLFBndEgsNdx0c2M0yDAr6pWY3Q2cffwHQQCzrI/
uyTa68IVNG4/o3cVsNW9mAU5SITUULzucKrUmnrnr07NtKP6+v+EDhEn6/jH+Lt4
E432/JaqbAjiBp446sDYqDv9H2XiLjuNq1S+Rp1gTEEL
]
INFO	[2014-10-07 19:12:35:214] <22391> DNS LOOKUP OK(211.219.96.180:211.219.96.180:34049) laptime:0
INFO	[2014-10-07 19:12:35:217] <22391> SOCKET CONNECT OK
INFO	[2014-10-07 19:12:35:217] <22391> SEND OK
INFO	[2014-10-07 19:12:36:259] <22391> RECV OK
INFO	[2014-10-07 19:12:36:259] <22391> MSG_FROM_PG:[0312100175D SHA1                   0                  39                  300210GODOloosfl               82000INIphpCARDGODOloosfl20141007191235032785<?xml version="1.0" encoding="UTF-8"?>
<INIpay>
  <GoodsInfo>
    <GoodsCnt>1</GoodsCnt>
    <MOID urlencode="1">1412676617659</MOID>
    <Currency>WON</Currency>
    <Goods no="1">
      <SMID>GODOloosfl</SMID>
      <GoodsName urlencode="1">Slitneck+Snap+Leotard%28Black%29</GoodsName>
      <GoodsCntS>1</GoodsCntS>
      <GoodsPrice>82000</GoodsPrice>
    </Goods>
  </GoodsInfo>
  <PaymentInfo>
    <Payment>
      <SessionKey>AT3xQovKkWI0NPaaJvklkFfBQP0jk3Xv5SaXHAq231HPdmm2E/b07D0YsKFeEIg3
xmBE7M4RF52j+6SZVZnDFjicUQqW9FgpsNBZPnRLFipKoe2aNGK7A6wEqhQ9idBt
SEOJqqsQKMeXUsz00CRaKHReU5DZEM7RSjNK4yC9v6Sb8mcQSjfpOFM=
</SessionKey>
      <Encrypted>MploPpTeSrs1zn102+KHOQwJ9WQqX8Kk+rSRyP3AYQJqo84InW4LDgNdu/y9OZNO
Yz3eQHHS3fUzOBqW0tGRUIBhSEFGfsSrZy4+4TliN3F2UReBT/l9sYzdyhjnugat
lWz/WtqigLSMFzXFmJfGFZSXeVt0+2KxiiBMW2kxVG5obMMAU6FESLmRmqBx74ir
HrP783bpkauo+RK02LrE8PFyGvBnjCVfyCRl/pVQuRf3nH5qnjRzyQDRlyvInsRI
LS2EeO282+MlKmPMH5Cenv/UCYC5uax0uG+490r4b2bJHniW2e9O8Tm0M9SFCXpM
kUU8YedGbI59rSoXfwWsE6jJBF53vm5jkpgbc244h8tgj9ZYij9lVhR8BlL4F/uF
FWoAw51NLDkRyQpnyyjyk9n84pWpnhTkEZR7/bU7nNMMdAH0nzxt/vfl6lw0mUSu
VtguyF8xbSwVdouP+XT6w6zHCos9QPB7wvqvzr/6JwrE4AZAnpIoR51c7pZoqZyo
qVF5jiOqlYL0SjQQLQClhMmLZLOFYP2Khl78krEOdWlDH7LieT1KOOlPpIWTdKbN
LGQYKzAIl2BwGeGQsOckU9M/KJHBFH1/WXkH9xbbjSHCJv6Rpux52zDPmzCTDNLt
IN5sFzw4H/sk2PtAXS3LWh0BfYUNKksgrnWMi91rLMIBvTKgBCaOKQsRQxPJ7Ztj
oNwlHStzyoUJU6xmP1v8E0F0gfrx9clfmelG+6+/bYzC/DvwLisnScA/Id5wYyPu
Jo+BfQvdPO+PpyRiR6cdcyGCwWrFYylHtN6I8TX/b5hloCYus6BFoNCOmH9YXsHS
MElfMLcSW8Cp0+fCgQy8SDaGZjN+Tr+rqeg/jJna+599xAx6i58S6tGtK+NIWkE4
CvxRflWnIsK35NCbbeXSGez4PmPJT7Nhk9DblDaFWrp79ZhwrhxFUwCG1ae/U8tj
Y3i3O6B5Pf5+BKSHIUcN4mAzhrSnysVKyvzoAGdXVPnBi6sfTvTR2EGwNoXrqARg
B7BGGnWOYS6eK99vPt3PY/m+U1l+6IPMpLHbSCrzw0x5FRXSf1yvi2lbeF/HD/q0
dGRxFTFQ35BJlmJYgQS9tOtT3Qww7Fgy8cWDVIP3C/yu3Fu/dsTodnsm46FvsEfa
bfz8JFVdEjOOxEeNJtkxuDOxKeElbHFPvvetREfTNqgBgA8uAGOzBeJ5ndPpNVdi
vFdSDwOoB+yzxD02JAC5X1RRxc9sNGw6VInn3+yQItEFi85+Vm7VC5GHYGlHWidf
+9nA/IM7n3+FhkfS/kGyDcMWHuHJd0frsm9QaaeRJrf5ciCo+nrMaCPpCunMCchX
QyDRV7Pk94gkmOrPZU6AIDLiNkWgPOHVUJr5u/rTiy/S/bkCSZ1alb8H+vHH8t7u
/9J7CatUECro9tEv7ZI/YJIy8hDZaw0M8cc5iO3Tzz+coLNQkfu9dg6/81JcJJJy
ofNKDlLQgAaAWjGlD3b9srLZWA2zCYjTBbva+ztT8n8gBU+7vo4ioKT1GEaav+ow
kK4M7y+PDAjyxoAxJ4v0DFuH70SIKQisAbboBOKRDoc5Xd8yWPlbUO1ptNyPF1s7
xXIHJ42XMyyduxltfuoyO7nzw3fGJTv0ls50ePlokwGM6RA9ycUhwcJPtb7owjND
2hiACYFlXXRqZn1efQllLEXEtNdWZwCQTsJKn5SRheNvtw/rKr7lRyjJR/Amtdyt
E1W+hJvGMNoxR/y9WrPRPyfj5zSGEyjh
</Encrypted>
      <PayMethod>Card</PayMethod>
      <ResultCode>120000</ResultCode>
      <ResultMsg urlencode="1">%C1%A4%BB%F3%C3%B3%B8%AE%B5%C7%BE%FA%BD%C0%B4%CF%B4%D9.</ResultMsg>
    </Payment>
  </PaymentInfo>
  <ManageInfo>
    <EventCode>1</EventCode>
    <OrgCurrency></OrgCurrency>
    <ExchangeRate></ExchangeRate>
    <OrgPrice></OrgPrice>
  </ManageInfo>
  <ReservedInfo>
    <MReserved1 urlencode="1"></MReserved1>
    <MReserved2 urlencode="1"></MReserved2>
    <MReserved3 urlencode="1"></MReserved3>
    <PGReserved1 urlencode="1"></PGReserved1>
    <PGReserved2 urlencode="1"></PGReserved2>
    <PGReserved3 urlencode="1"></PGReserved3>
  </ReservedInfo>
</INIpay>
IsJFXCzuNnRKDcqYNYGqJ53wM/8/nYKsaFLexQKFL0/dCNUkRpG54nLBl+EJGdLK
/+h4ZYIZH3hyBL598n2rjumH7h21UY5BUWuCIQZ+zGDakF3TD6wauHDw3kJFsc4u
lQnjSF01G1OcTD+eSxfnDC015XAMEf8vY4GM+yohbKc=
]
INFO	[2014-10-07 19:12:36:259] <22391> VERIFY OK
INFO	[2014-10-07 19:12:36:259] <22391> PARSE HEAD OK
INFO	[2014-10-07 19:12:36:262] <22391> PARSE BODY OK
INFO	[2014-10-07 19:12:36:264] <22391> DECRYPT OK
DEBUG	[2014-10-07 19:12:36:264] <22391> DECRYPT MSG:[<?xml version="1.0" encoding="UTF-8"?>
<PaymentInfo>
  <Payment>
    <EASYPAY/>
    <Card>
      <CARD_ApplPrice>82000</CARD_ApplPrice>
      <CARD_Num>451842117433</CARD_Num>
      <CARD_Expire></CARD_Expire>
      <CARD_Code>14</CARD_Code>
      <CARD_BankCode>26</CARD_BankCode>
      <CARD_Quota>05</CARD_Quota>
      <CARD_Interest>0</CARD_Interest>
      <CARD_Point></CARD_Point>
      <CARD_AuthType>99</CARD_AuthType>
      <CARD_RegNum></CARD_RegNum>
      <CARD_ApplDate>20141007</CARD_ApplDate>
      <CARD_ApplTime>191236</CARD_ApplTime>
      <CARD_ApplNum>04323119</CARD_ApplNum>
      <CARD_TerminalNum>019048y000</CARD_TerminalNum>
      <CARD_MemberNum></CARD_MemberNum>
      <CARD_PurchaseCode></CARD_PurchaseCode>
      <CARD_ResultCode>120000</CARD_ResultCode>
      <CARD_ResultMsg urlencode="1">%C1%A4%BB%F3%C3%B3%B8%AE%B5%C7%BE%FA%BD%C0%B4%CF%B4%D9.</CARD_ResultMsg>
      <CARD_PrtcCode>1</CARD_PrtcCode>
      <CARD_Quota_Point>05</CARD_Quota_Point>
      <CARD_CouponFlag>1</CARD_CouponFlag>
      <CARD_CouponDiscount>1500</CARD_CouponDiscount>
      <CARD_CheckFlag>0</CARD_CheckFlag>
      <CARD_PurchaseName urlencode="1"></CARD_PurchaseName>
      <CARD_IssuerName urlencode="1"></CARD_IssuerName>
      <CARD_JoinUsePoint></CARD_JoinUsePoint>
    </Card>
  </Payment>
</PaymentInfo>]
INFO	[2014-10-07 19:12:36:266] <22391> DECRYPT PARSE OK
INFO	[2014-10-07 19:12:36:266] <22391> WAIT ACK INVOKING
DEBUG	[2014-10-07 19:12:36:267] <22391> MAKE HEAD OK
INFO	[2014-10-07 19:12:36:270] <22391> SUCCESS ACK INVOKING
INFO	[2014-10-07 19:12:36:270] <22391> END securepay 정상처리되었습니다. Laptime:[1.07sec]
INFO	[2014-10-07 19:12:36:270] <22391> ===============================================================
