INFO	[2013-08-31 18:04:21:59] <30032> START INIPHP chkfake (V5031-111123)(OS:Linux2.6.18-348.12.1.el5,PHP:5.2.17)
DEBUG	[2013-08-31 18:04:21:61] <30032> inipayhome:/www/loosfly_godo_co_kr/shop/order/card/inipay
DEBUG	[2013-08-31 18:04:21:61] <30032> type:chkfake
DEBUG	[2013-08-31 18:04:21:61] <30032> debug:true
DEBUG	[2013-08-31 18:04:21:61] <30032> enctype:asym
DEBUG	[2013-08-31 18:04:21:61] <30032> admin:1111
DEBUG	[2013-08-31 18:04:21:61] <30032> checkopt:false
DEBUG	[2013-08-31 18:04:21:61] <30032> mid:GODOloosfl
DEBUG	[2013-08-31 18:04:21:61] <30032> price:79000
DEBUG	[2013-08-31 18:04:21:61] <30032> nointerest:no
DEBUG	[2013-08-31 18:04:21:61] <30032> quotabase:선택:일시불:2개월:3개월:4개월:5개월:6개월:7개월:8개월:9개월:10개월:11개월:12개월
INFO	[2013-08-31 18:04:21:61] <30032> Check Field OK
INFO	[2013-08-31 18:04:21:70] <30032> MERCHANT PRIV KEY LOAD OK
INFO	[2013-08-31 18:04:21:74] <30032> MERCHANT PUB KEY LOAD OK []
INFO	[2013-08-31 18:04:21:76] <30032> CHKFAKE KEY MAKE OK:MjAxMzA4MzExODA0MjEwNzQ0OTg4Ng==

INFO	[2013-08-31 18:04:21:76] <30032> END chkfake  Laptime:[0.03sec]
INFO	[2013-08-31 18:04:21:77] <30032> ===============================================================
INFO	[2013-08-31 18:06:42:679] <29221> START INIPHP securepay (V5031-111123)(OS:Linux2.6.18-348.12.1.el5,PHP:5.2.17)
DEBUG	[2013-08-31 18:06:42:679] <29221> inipayhome:/www/loosfly_godo_co_kr/shop/order/card/inipay
DEBUG	[2013-08-31 18:06:42:679] <29221> type:securepay
DEBUG	[2013-08-31 18:06:42:679] <29221> pgid:INIphpDBNK
DEBUG	[2013-08-31 18:06:42:679] <29221> subpgip:203.238.3.10
DEBUG	[2013-08-31 18:06:42:679] <29221> admin:1111
DEBUG	[2013-08-31 18:06:42:679] <29221> debug:true
DEBUG	[2013-08-31 18:06:42:679] <29221> uid:
DEBUG	[2013-08-31 18:06:42:679] <29221> goodname:Slitneck Long Sleeve Shirt
DEBUG	[2013-08-31 18:06:42:679] <29221> currency:WON
DEBUG	[2013-08-31 18:06:42:679] <29221> mid:GODOloosfl
DEBUG	[2013-08-31 18:06:42:679] <29221> rn:MjAxMzA4MzExODA0MjEwNzQ0OTg4Ng==

DEBUG	[2013-08-31 18:06:42:679] <29221> price:79000
DEBUG	[2013-08-31 18:06:42:679] <29221> enctype:
DEBUG	[2013-08-31 18:06:42:679] <29221> buyername:이승은
DEBUG	[2013-08-31 18:06:42:679] <29221> buyertel:010-4532-7024
DEBUG	[2013-08-31 18:06:42:679] <29221> buyeremail:mdance89@hanmail.net
DEBUG	[2013-08-31 18:06:42:679] <29221> paymethod:DirectBank
DEBUG	[2013-08-31 18:06:42:679] <29221> encrypted:Version=4.1&PayMethod=DirectBank&RsaKeyNum=1&EncryptionAlgorithm=SEED-CBC&SignAlgorithm=RSAwithSHA1&CertVer=39&moid=1377939784505&ver_trace=main(6076,6049)dbank(6058,6048)n(6008)Cs(6021)Dt(6002)Pa(6002)Cf(6024)Fv(0000)La(6112)Re(6066)Vr(6006)P(6030)en(6030)nP(6004)&pg1=211.219.96.180&pg2=203.238.37.3&pg1ip=211.219.96.180&pg2ip=203.238.37.3&agreeflag=1111&Data=0uR9yaZR3/UVkV0MIH+Uxl/t/L917qSQOqgr2/x8LYcVcXH9iSsmCYTXcUrxnt5V
ALD+EtDv+lryHWK7qtmUCJg9grNpsxgpwF0DIO68fUl31Y+FSLu9wCha/fc//tqy
TZ2LuYyAo46EFYtN7tc0GR+mJ7h6rDMXRZ9PWp16sZjS7jgDufUmVSq4r2QpMpwE
oQS0VfRyJRUlkXHR6SG0Ab4/31bAfgaHPpo/qve+bBfCI+xAzyw2XjtBQIPJvJeM
mRsS6wJOxRDzCQe60vEPi7in23u3gT3EcVdcOTyIfDBdlJC5ywi8EPbuXZOWh7ji
gFqjYyTCKGASVz2vzFIB0sj1nSMLmuvHwCpG5dooY9VIIZuXXRoZXi5lQNBofD07
gjRvaiuEj7LveDMUaepCiZbdQFrQfxpNe34BFf62H4nC/luNOZnVqf2Nq8wlaiqo
kRDoOyp+xC0qC+h6X6+GQ8vd3CR9FyeskMxFulEPuO+i9eUXXdK644rABh4iAiPU
t/OdRgWeho99uU0Ym8TxGARSCu6oDDtl0xcQCT2c0f7uSArEAc0wlbyq4RvUWhu/
YGX6Yf6A9tyjGhf6GpgT6j1rRm50zbRrjyncrvxfwFe5nTV0bGN2SoL3r+bfgJEp
p3OPq4LL/m1rxHPZjXJu6E9eql+1Tq25mvvv96MweKOpsj5MXQvsu6vfoLU2/eOS
v3A0UgXRdLyERLat5NCEgk5z9Hal7KWjFglASqdJZOQwYfR1dT8S63xzPWjAkqko
KiCzJ/DONCy1HJqb5wk49kL7A2UvKEZ4uMSH9aDbPsEosLT53zDn4KXnivwuLrIi
NM8ZS09CHlsvlSHQtqav/B5mly2BTBufLTsLVnrt+Cl2spO49qS0giP06yFQ5kf8
lg9/mY0tqG2OEMULRGt3Isa6WUlH2scfogPj4EgMPbRCe7zMEEuCey7VZg9r7w4d
m5LjGz0G4mlWSOLvUj+i4yNthyHeNuJKex08zGpseyAYQvFnlSmh93UPhYGOzjgD
2/C7by3tTEJo4vvp4o6+5YXicZCXW3J+44iip76tWgI9yG3Xj7ge0bwxpMukXb+u
UkqrY2RmMo5tGSQO9/m97A7kawII87p67vmMwD5MG8osMnXYhWY+HnrBSqOjHUlq
vk7owKF0xYqFrCTx+ZxTPki0TGY0OF0OzmOFk1yeh8Cpad8cNrWJnHor4rvZfYNu
r7qYKclni6Na8QbkzMhmChqz/d+5CvFFHwkfdqDXAAXApgrRtR9Nd9b/XtAVnZgc
5QQkovVRck7fQvqXC8OvL5uHWUUV8tGeUU4wdWBNJyEikr25a46JF6i0Z+i8hAkn
MUXS07c5l2hJ9CVp5UGN8JXpSMN8zBbsKnm8yjrExufJnsxK0npkBR9AnRvnmUdh
YiNiukgwEfITjcF5yXde58Lp0n/BvsxXgbfxkQPlJSe0EY4wr854azSw12DFAnp6
LGtEK/nGsaCmo/pUk0eVCULnPcAxy0uGm/2apQQOih1q7A8rBcEgl89Mc5eaLclB
6CV8cdOzBJCFGduYabJOFVs6lW4wqhMlp+3073d3q77bn1zYs5w8Fn+Bd7WorXwY
OWw9Xh4EP5rNpde6K1gCBOZkGxLxOtnThiurXy4OK93tvCt+ETuXn7mwpZ5Elm72
VihZXv0K0w6GFVlupLszNYYWHuhNxsk9UdG5Cg8QBrwa3LQ4NlH+4v6M/xFRuCwl
WIiddTDIWKBLigW/1Cohl2iwOyVK1mEKoaYfgC+oF8SsCE5TwL2PHE1PMvZyy8BQ
G64NpXZyB82EHXVyGQkY70KYEXr7BrABRZs8Z7z6IQTnUv3bTzmI0Kejowa32WfA
ZW3+x1Zt2qxiGYXNgod50ZxVABQQb5XI8gepKtBlPYAYAHyMQ5vio4jJ6m+2SII5
XwMCCZoU9bRGJCzSRI1wggm1c3KwK1udpBZ2G1GbD7nIyCSvJtRtfq0XzEMKaend
lm8Vyl4plKzv0qxrbzv7eCBQn9WUXW8I4JeUalMDPSQ34i4lYD4NTydhZ6XmVEuX
l1tl5uy5v7GbwNxKuMoJd7Zt+8w/4ePFBm7bHrCwbBGabuKWveCPRt0B5V01cIka
25s431FcPeaVZfqYkZMR0iD04UNm2XSm9hSn3mFnjHVxyItcYgiNLurD5dby4g0o
PYxn/iDg+gu5eYdjdTWR4uDR+l0PzCE/0py4R5Z/n466q41UFs1XfbXSKc6wuKGE
nmUyn81UMu3tqSsB1AJdHb8WmeqIC5WuUtLxlK007MOKNIcNd5LnuwqpZb/7c+xw
cCFjsRBJOYMh6GIWkU+IG974hhRxGn8Yf9pe5eg5CsQPujXRjlQZ6BN+L7KylqKc
ziAjrhoPNCMz6r/3ro2Ua0HZ9UpCkIRDtWhZYkWE7Tun8W+GOCM8zR8y+7GF/9K4
rUAHRqnWoRheIn0rqevW/7o1dRipuhAOSoPdpWgJhz86a5QS7A3sKxHSrUix2w18
UJ6lw27RFkUxXWh5dwUEcrK2f1DdbkaURUrnMub1aJ5X7FIT1u/lQJ+lcjAfTR+I
pxheOadPKppeTFZToHV+VMfRlzmlF2oCITZfPJ88IbFLaztFaySAZZelyBQAp8nU
iujJMfD6vcxZuOrPOIOuiQu6G5/OYcnW+ZLeUV2sEBxrRCA078nu8FMCgsTTzaZQ
TsyIuMOt3IJdwxGKmvrbKgj2IyM0y93D6mTlDx6whjxwguIY0R9V3YcazYNEIfBQ
wuN71dzM9HiHWxC0qv90e8sFFbqDHZ0yZf+LnH7T7/zlYt0vjesmuPiTCeCfTUp9
+/+vvZ+tpPYRIJDkotWmVeQICxPji6a55X3sL3ov6OAZTxdXJOvWSXxvMHovX4Qn
4H9dREQG333K7N/aBx1qSYnu1JnnGT7RMHxaXI5uWJCwMDVHNPdmhxGcHXfuzd9V
2GDq3tlrHepbOD2uyf9EtWCG69tcF0M9Gzqfel1wBDj2sNMwPRht3vQY4O47bUae
ANyv7Wx+Y9lKFmE3HUzCvljd6Ix5li9Hrn3zzU2vq8jYNW4HoPxP4KTLjdQ4JvmX
uMTDsJWjotgOiIFKurbtD7itxLHMnfc/7Z6fQ8ntrRTbkNIxcR6d3Clfub4fm2ev
ZZjvKWU8BuxSdRY5+qFYWp9St+jBtnF55utOYXMzq6iczg7fpCB6gm1Kq0L6vPCQ
jtlD0bnMwRGO40waVyzM7r4WogD2lX4d/DN7FSscRZgwn9eKp6eFw4+QjU28Wkvh
bES4J4tm2lfidGscSay/Uaa0nnjdLMZl6D8Dfl/ehbYfYYtRjkODHfj667+JeBRZ
A6JCuw5Audx+4vZ/SmVgWMU5nqloC7VMQXETn2dxiKiqNv2cIeyJMtJwPpxEGZ+t
ADWcHivOA/y3gV+wUnYTG0EKWpP6hXUx64cvyCXxseRQorAQTL+evnkMjfsY2rGU
wn/9aUkAlrEjey2iXjVKWv3m8FdvhckwmilIM7LpJET+dvnw27eoXvcfhK7MYy4P
FPeqh23GA0LiT7kq6K/rr3dDDzdYtgQqtBHWWhU0chvs0A9fMBcO7QVsGTG+QaOi
LlAhjtBcnklvs59quZtojzV51RSFRe6z8oFhtoI3lmhDqj80l8RlkniQPImad7Bg
UCN+chEbtoxVbZl0eSOXb5mdYNKhk0yZj9GF2DyNu46lykGJJ7XQ3xDq/aTKscC9
0y1kmT7stu51C7HJV3HV6mO03MTWZhoEQ8pgZPAEIVqyoO+Um1OFXyDjSmqMNWcI
j71qQpIQVESbJVGPkLry8SNSI1m/NVgw02zBNC7B8dhYj0xIMcfpM9pON75wdcJw
mjBdLW/CiDQC/fjcAhJ2Gy58ijgbE3gpnYwntp0hYDG13hJAjOJVfZf9VKskxYOI
3rgJArdl8NokGdOMxKfCiCngu7C77gaQPttJlHTp2eL2VbY0/uxtagdv913d9Yxg
x1sz52koALDBhT/BSaLvSlm24QvxvSr5cqDJDCEGWuLe3ltn8sicPqo7boJA31+F
qAQ/teAVAtpNs5Gm64ypHHSmz/Yo2/bz++XmZgkDJfQtI3u2wVNMF/jp0Ewq84TP
uJYGFOdHicD1iou4eBbvejoxr0RmflKhxuV6spvFrw2a8jap70UweMjCE/FB9VcE
cGs6cnzMI8lGTNFmsX6OgrUWulvI2IP6i5ay0ClMtLF21/DbJXGi1+9Ti0yDw/8O
Ndj9N5rrMDXqR0UHQNqOdbuoEhBv6ZLBoDLtdEskMX+NHD5maaR2MEOeL+yXAoCt
8LCyQZj/JbCAYubzESNgdwQRHO5r2BIJ8WTjn4Nct0tAWuoyAOEZE6eSmfXpD3/D
ELwgF/os3IrLYTr1N5JafkRcr3gF9Id0nnUepzgUhp7kuwzTJ2UaGHcnq62QXKaP
ezDyJR0MWoDs+48aTumguYG/pwEsxGMlgXzjVZ4bcLkvjn/4c18gaWPldEWNZrEg
YvrpZAkRxmVU2+Xp20KMPv/JpPyc+EJn/QTAUbTiOG8YbJAH5qs0eCK3Zyawci05
FSWrVMklfLxKgJZpJiVBK2YXXwajAyczgdSw9d3PPuXxVDOSHjF98ARMS1l1jc9I
ymsK3UZB0snTT0/rLX0V8rdI/Kj/X91Q408v4AKKCIEMbPC7xwtfU3fAdPXVdIbO
ZfOuXEaRhIgX9TtumadxyGsQQL02ZdprT7Gcew+ib+czA851auvSVjjf5t9nMgvm
x8+nMP92MFOIz2Jnjk+64RfDk0juUE1bjs1bIZdm6wMS+d9YzPAPE4BwM1KU/0n0
1/2olmkYm/fQH3g7ZA4BNgM7y0isTqTZP50f6kzBVifvMwZzpu6zOOMLEoyTrCsf
84dwGmlcnDQCLXxkamRdxlXxxgDl1rI1XBhKBMX2JeDcmsGWwApF2v0anwdgVmmF
RCkWEHFDoa03aje0wUAR41u7R+lBbzAZp/bBc1AuHt4P0ufTdv/N9V1rKJjDSspP
VGYOwqgQVW0kYm4riYjlK6I7Y6uGD3d1bPIjG+JC5bawSaIJ9sQ9F78y/+Gw/O8c
C/kRFXXn6BSdvtW46wbKOxUqdV5Vwpw8m+N6l3BcjKk0nlf9gQqCIcCvh7fX3EHH
TRqW+9Dt4jkRHTdbxl3sht9YjnifO/0t++W8DeqRI3GRDB6Fz/fc02W1719AoHL7
KlxGFW45ZR77Gzlr9Z42GBxuaR/+SnXmp3eWmcAgb0FZNIwOkQJk2rd2w+wDX7GO
QosZIvnhdK8KHKPEbTlS2WpVhbfQ/ADDH30y4dqP+Q8uHRU=
DEBUG	[2013-08-31 18:06:42:679] <29221> sessionkey:UxLO8snBiDNXkqBWD3AmznAn6HuExM1NvPOXauDZ209FgtoSVeH3OxUbk29/7mlt
U8gBydgaJmCw+Pf8epcKUhPPLqSP3uTU5PwKWab64MJj8O7Z+60Id4F5xt4fHzeI
/gqDTODTqmKQvauWUK65jVAb6pIVOrLr0KayiHAVZyE=
DEBUG	[2013-08-31 18:06:42:679] <29221> url:http://www.loosfly.com
DEBUG	[2013-08-31 18:06:42:679] <29221> cardcode:
DEBUG	[2013-08-31 18:06:42:679] <29221> parentemail:mdance89@hanmail.net
DEBUG	[2013-08-31 18:06:42:679] <29221> recvname:이승은
DEBUG	[2013-08-31 18:06:42:679] <29221> recvtel:010-4532-7024
DEBUG	[2013-08-31 18:06:42:679] <29221> recvaddr:경기 고양시 일산동구 정발산동 1149-6 3층
DEBUG	[2013-08-31 18:06:42:679] <29221> recvpostnum:410-314
DEBUG	[2013-08-31 18:06:42:679] <29221> recvmsg:부재시 전화주세요
DEBUG	[2013-08-31 18:06:42:679] <29221> joincard:
DEBUG	[2013-08-31 18:06:42:679] <29221> joinexpire:
DEBUG	[2013-08-31 18:06:42:679] <29221> id_customer:
INFO	[2013-08-31 18:06:42:679] <29221> Check Field OK
INFO	[2013-08-31 18:06:42:680] <29221> Make TID OK INIphpDBNKGODOloosfl20130831180642792717
INFO	[2013-08-31 18:06:42:680] <29221> PI PUB KEY LOAD OK [39]
INFO	[2013-08-31 18:06:42:682] <29221> PG PUB KEY LOAD OK [30]
INFO	[2013-08-31 18:06:42:682] <29221> MERCHANT PRIV KEY LOAD OK
INFO	[2013-08-31 18:06:42:682] <29221> MERCHANT PUB KEY LOAD OK [0]
INFO	[2013-08-31 18:06:42:684] <29221> MAKE BODY OK
INFO	[2013-08-31 18:06:42:685] <29221> SIGN OK
INFO	[2013-08-31 18:06:42:685] <29221> MAKE HEAD OK
INFO	[2013-08-31 18:06:42:686] <29221> MSG_TO_PG:[0840100175R SHA1                   0                  39                  300200GODOloosfl               79000INIphpDBNKGODOloosfl20130831180642792717<?xml version="1.0" encoding="UTF-8"?>
<INIpay>
	  <GoodsInfo>
	    <GoodsCnt>1</GoodsCnt>
	    <MOID/>
	    <Currency>WON</Currency>
	    <Tax/>
	    <TaxFree/>
	    <Goods>
	      <SMID>GODOloosfl</SMID>
	      <GoodsName urlencode="1">Slitneck+Long+Sleeve+Shirt</GoodsName>
	      <GoodsPrice>79000</GoodsPrice></Goods></GoodsInfo>
	  <BuyerInfo>
	    <BuyerName urlencode="1">%C0%CC%BD%C2%C0%BA</BuyerName>
	    <BuyerTel>010-4532-7024</BuyerTel>
	    <BuyerEmail urlencode="1">mdance89%40hanmail.net</BuyerEmail>
	    <ParentEmail urlencode="1">mdance89%40hanmail.net</ParentEmail>
	    <RecvName urlencode="1">%C0%CC%BD%C2%C0%BA</RecvName>
	    <RecvTel urlencode="1">010-4532-7024</RecvTel>
	    <RecvMsg urlencode="1">%BA%CE%C0%E7%BD%C3+%C0%FC%C8%AD%C1%D6%BC%BC%BF%E4</RecvMsg>
	    <RecvAddr urlencode="1">%B0%E6%B1%E2+%B0%ED%BE%E7%BD%C3+%C0%CF%BB%EA%B5%BF%B1%B8+%C1%A4%B9%DF%BB%EA%B5%BF+1149-6+3%C3%FE</RecvAddr>
	    <RecvPostNum urlencode="1">410-314</RecvPostNum></BuyerInfo>
	  <PaymentInfo>
	    <Payment>
	      <PayMethod>DirectBank</PayMethod>
	      <JoinCard/>
	      <JoinExpire/>
	      <MailOrder/>
	      <SessionKey>UxLO8snBiDNXkqBWD3AmznAn6HuExM1NvPOXauDZ209FgtoSVeH3OxUbk29/7mlt
U8gBydgaJmCw+Pf8epcKUhPPLqSP3uTU5PwKWab64MJj8O7Z+60Id4F5xt4fHzeI
/gqDTODTqmKQvauWUK65jVAb6pIVOrLr0KayiHAVZyE=</SessionKey>
	      <Encrypted urlencode="1">Version%3D4.1%26PayMethod%3DDirectBank%26RsaKeyNum%3D1%26EncryptionAlgorithm%3DSEED-CBC%26SignAlgorithm%3DRSAwithSHA1%26CertVer%3D39%26moid%3D1377939784505%26ver_trace%3Dmain%286076%2C6049%29dbank%286058%2C6048%29n%286008%29Cs%286021%29Dt%286002%29Pa%286002%29Cf%286024%29Fv%280000%29La%286112%29Re%286066%29Vr%286006%29P%286030%29en%286030%29nP%286004%29%26pg1%3D211.219.96.180%26pg2%3D203.238.37.3%26pg1ip%3D211.219.96.180%26pg2ip%3D203.238.37.3%26agreeflag%3D1111%26Data%3D0uR9yaZR3%2FUVkV0MIH%2BUxl%2Ft%2FL917qSQOqgr2%2Fx8LYcVcXH9iSsmCYTXcUrxnt5V%0D%0AALD%2BEtDv%2BlryHWK7qtmUCJg9grNpsxgpwF0DIO68fUl31Y%2BFSLu9wCha%2Ffc%2F%2Ftqy%0D%0ATZ2LuYyAo46EFYtN7tc0GR%2BmJ7h6rDMXRZ9PWp16sZjS7jgDufUmVSq4r2QpMpwE%0D%0AoQS0VfRyJRUlkXHR6SG0Ab4%2F31bAfgaHPpo%2Fqve%2BbBfCI%2BxAzyw2XjtBQIPJvJeM%0D%0AmRsS6wJOxRDzCQe60vEPi7in23u3gT3EcVdcOTyIfDBdlJC5ywi8EPbuXZOWh7ji%0D%0AgFqjYyTCKGASVz2vzFIB0sj1nSMLmuvHwCpG5dooY9VIIZuXXRoZXi5lQNBofD07%0D%0AgjRvaiuEj7LveDMUaepCiZbdQFrQfxpNe34BFf62H4nC%2FluNOZnVqf2Nq8wlaiqo%0D%0AkRDoOyp%2BxC0qC%2Bh6X6%2BGQ8vd3CR9FyeskMxFulEPuO%2Bi9eUXXdK644rABh4iAiPU%0D%0At%2FOdRgWeho99uU0Ym8TxGARSCu6oDDtl0xcQCT2c0f7uSArEAc0wlbyq4RvUWhu%2F%0D%0AYGX6Yf6A9tyjGhf6GpgT6j1rRm50zbRrjyncrvxfwFe5nTV0bGN2SoL3r%2BbfgJEp%0D%0Ap3OPq4LL%2Fm1rxHPZjXJu6E9eql%2B1Tq25mvvv96MweKOpsj5MXQvsu6vfoLU2%2FeOS%0D%0Av3A0UgXRdLyERLat5NCEgk5z9Hal7KWjFglASqdJZOQwYfR1dT8S63xzPWjAkqko%0D%0AKiCzJ%2FDONCy1HJqb5wk49kL7A2UvKEZ4uMSH9aDbPsEosLT53zDn4KXnivwuLrIi%0D%0ANM8ZS09CHlsvlSHQtqav%2FB5mly2BTBufLTsLVnrt%2BCl2spO49qS0giP06yFQ5kf8%0D%0Alg9%2FmY0tqG2OEMULRGt3Isa6WUlH2scfogPj4EgMPbRCe7zMEEuCey7VZg9r7w4d%0D%0Am5LjGz0G4mlWSOLvUj%2Bi4yNthyHeNuJKex08zGpseyAYQvFnlSmh93UPhYGOzjgD%0D%0A2%2FC7by3tTEJo4vvp4o6%2B5YXicZCXW3J%2B44iip76tWgI9yG3Xj7ge0bwxpMukXb%2Bu%0D%0AUkqrY2RmMo5tGSQO9%2Fm97A7kawII87p67vmMwD5MG8osMnXYhWY%2BHnrBSqOjHUlq%0D%0Avk7owKF0xYqFrCTx%2BZxTPki0TGY0OF0OzmOFk1yeh8Cpad8cNrWJnHor4rvZfYNu%0D%0Ar7qYKclni6Na8QbkzMhmChqz%2Fd%2B5CvFFHwkfdqDXAAXApgrRtR9Nd9b%2FXtAVnZgc%0D%0A5QQkovVRck7fQvqXC8OvL5uHWUUV8tGeUU4wdWBNJyEikr25a46JF6i0Z%2Bi8hAkn%0D%0AMUXS07c5l2hJ9CVp5UGN8JXpSMN8zBbsKnm8yjrExufJnsxK0npkBR9AnRvnmUdh%0D%0AYiNiukgwEfITjcF5yXde58Lp0n%2FBvsxXgbfxkQPlJSe0EY4wr854azSw12DFAnp6%0D%0ALGtEK%2FnGsaCmo%2FpUk0eVCULnPcAxy0uGm%2F2apQQOih1q7A8rBcEgl89Mc5eaLclB%0D%0A6CV8cdOzBJCFGduYabJOFVs6lW4wqhMlp%2B3073d3q77bn1zYs5w8Fn%2BBd7WorXwY%0D%0AOWw9Xh4EP5rNpde6K1gCBOZkGxLxOtnThiurXy4OK93tvCt%2BETuXn7mwpZ5Elm72%0D%0AVihZXv0K0w6GFVlupLszNYYWHuhNxsk9UdG5Cg8QBrwa3LQ4NlH%2B4v6M%2FxFRuCwl%0D%0AWIiddTDIWKBLigW%2F1Cohl2iwOyVK1mEKoaYfgC%2BoF8SsCE5TwL2PHE1PMvZyy8BQ%0D%0AG64NpXZyB82EHXVyGQkY70KYEXr7BrABRZs8Z7z6IQTnUv3bTzmI0Kejowa32WfA%0D%0AZW3%2Bx1Zt2qxiGYXNgod50ZxVABQQb5XI8gepKtBlPYAYAHyMQ5vio4jJ6m%2B2SII5%0D%0AXwMCCZoU9bRGJCzSRI1wggm1c3KwK1udpBZ2G1GbD7nIyCSvJtRtfq0XzEMKaend%0D%0Alm8Vyl4plKzv0qxrbzv7eCBQn9WUXW8I4JeUalMDPSQ34i4lYD4NTydhZ6XmVEuX%0D%0Al1tl5uy5v7GbwNxKuMoJd7Zt%2B8w%2F4ePFBm7bHrCwbBGabuKWveCPRt0B5V01cIka%0D%0A25s431FcPeaVZfqYkZMR0iD04UNm2XSm9hSn3mFnjHVxyItcYgiNLurD5dby4g0o%0D%0APYxn%2FiDg%2Bgu5eYdjdTWR4uDR%2Bl0PzCE%2F0py4R5Z%2Fn466q41UFs1XfbXSKc6wuKGE%0D%0AnmUyn81UMu3tqSsB1AJdHb8WmeqIC5WuUtLxlK007MOKNIcNd5LnuwqpZb%2F7c%2Bxw%0D%0AcCFjsRBJOYMh6GIWkU%2BIG974hhRxGn8Yf9pe5eg5CsQPujXRjlQZ6BN%2BL7KylqKc%0D%0AziAjrhoPNCMz6r%2F3ro2Ua0HZ9UpCkIRDtWhZYkWE7Tun8W%2BGOCM8zR8y%2B7GF%2F9K4%0D%0ArUAHRqnWoRheIn0rqevW%2F7o1dRipuhAOSoPdpWgJhz86a5QS7A3sKxHSrUix2w18%0D%0AUJ6lw27RFkUxXWh5dwUEcrK2f1DdbkaURUrnMub1aJ5X7FIT1u%2FlQJ%2BlcjAfTR%2BI%0D%0ApxheOadPKppeTFZToHV%2BVMfRlzmlF2oCITZfPJ88IbFLaztFaySAZZelyBQAp8nU%0D%0AiujJMfD6vcxZuOrPOIOuiQu6G5%2FOYcnW%2BZLeUV2sEBxrRCA078nu8FMCgsTTzaZQ%0D%0ATsyIuMOt3IJdwxGKmvrbKgj2IyM0y93D6mTlDx6whjxwguIY0R9V3YcazYNEIfBQ%0D%0AwuN71dzM9HiHWxC0qv90e8sFFbqDHZ0yZf%2BLnH7T7%2FzlYt0vjesmuPiTCeCfTUp9%0D%0A%2B%2F%2BvvZ%2BtpPYRIJDkotWmVeQICxPji6a55X3sL3ov6OAZTxdXJOvWSXxvMHovX4Qn%0D%0A4H9dREQG333K7N%2FaBx1qSYnu1JnnGT7RMHxaXI5uWJCwMDVHNPdmhxGcHXfuzd9V%0D%0A2GDq3tlrHepbOD2uyf9EtWCG69tcF0M9Gzqfel1wBDj2sNMwPRht3vQY4O47bUae%0D%0AANyv7Wx%2BY9lKFmE3HUzCvljd6Ix5li9Hrn3zzU2vq8jYNW4HoPxP4KTLjdQ4JvmX%0D%0AuMTDsJWjotgOiIFKurbtD7itxLHMnfc%2F7Z6fQ8ntrRTbkNIxcR6d3Clfub4fm2ev%0D%0AZZjvKWU8BuxSdRY5%2BqFYWp9St%2BjBtnF55utOYXMzq6iczg7fpCB6gm1Kq0L6vPCQ%0D%0AjtlD0bnMwRGO40waVyzM7r4WogD2lX4d%2FDN7FSscRZgwn9eKp6eFw4%2BQjU28Wkvh%0D%0AbES4J4tm2lfidGscSay%2FUaa0nnjdLMZl6D8Dfl%2FehbYfYYtRjkODHfj667%2BJeBRZ%0D%0AA6JCuw5Audx%2B4vZ%2FSmVgWMU5nqloC7VMQXETn2dxiKiqNv2cIeyJMtJwPpxEGZ%2Bt%0D%0AADWcHivOA%2Fy3gV%2BwUnYTG0EKWpP6hXUx64cvyCXxseRQorAQTL%2BevnkMjfsY2rGU%0D%0Awn%2F9aUkAlrEjey2iXjVKWv3m8FdvhckwmilIM7LpJET%2Bdvnw27eoXvcfhK7MYy4P%0D%0AFPeqh23GA0LiT7kq6K%2Frr3dDDzdYtgQqtBHWWhU0chvs0A9fMBcO7QVsGTG%2BQaOi%0D%0ALlAhjtBcnklvs59quZtojzV51RSFRe6z8oFhtoI3lmhDqj80l8RlkniQPImad7Bg%0D%0AUCN%2BchEbtoxVbZl0eSOXb5mdYNKhk0yZj9GF2DyNu46lykGJJ7XQ3xDq%2FaTKscC9%0D%0A0y1kmT7stu51C7HJV3HV6mO03MTWZhoEQ8pgZPAEIVqyoO%2BUm1OFXyDjSmqMNWcI%0D%0Aj71qQpIQVESbJVGPkLry8SNSI1m%2FNVgw02zBNC7B8dhYj0xIMcfpM9pON75wdcJw%0D%0AmjBdLW%2FCiDQC%2FfjcAhJ2Gy58ijgbE3gpnYwntp0hYDG13hJAjOJVfZf9VKskxYOI%0D%0A3rgJArdl8NokGdOMxKfCiCngu7C77gaQPttJlHTp2eL2VbY0%2Fuxtagdv913d9Yxg%0D%0Ax1sz52koALDBhT%2FBSaLvSlm24QvxvSr5cqDJDCEGWuLe3ltn8sicPqo7boJA31%2BF%0D%0AqAQ%2FteAVAtpNs5Gm64ypHHSmz%2FYo2%2Fbz%2B%2BXmZgkDJfQtI3u2wVNMF%2Fjp0Ewq84TP%0D%0AuJYGFOdHicD1iou4eBbvejoxr0RmflKhxuV6spvFrw2a8jap70UweMjCE%2FFB9VcE%0D%0AcGs6cnzMI8lGTNFmsX6OgrUWulvI2IP6i5ay0ClMtLF21%2FDbJXGi1%2B9Ti0yDw%2F8O%0D%0ANdj9N5rrMDXqR0UHQNqOdbuoEhBv6ZLBoDLtdEskMX%2BNHD5maaR2MEOeL%2ByXAoCt%0D%0A8LCyQZj%2FJbCAYubzESNgdwQRHO5r2BIJ8WTjn4Nct0tAWuoyAOEZE6eSmfXpD3%2FD%0D%0AELwgF%2Fos3IrLYTr1N5JafkRcr3gF9Id0nnUepzgUhp7kuwzTJ2UaGHcnq62QXKaP%0D%0AezDyJR0MWoDs%2B48aTumguYG%2FpwEsxGMlgXzjVZ4bcLkvjn%2F4c18gaWPldEWNZrEg%0D%0AYvrpZAkRxmVU2%2BXp20KMPv%2FJpPyc%2BEJn%2FQTAUbTiOG8YbJAH5qs0eCK3Zyawci05%0D%0AFSWrVMklfLxKgJZpJiVBK2YXXwajAyczgdSw9d3PPuXxVDOSHjF98ARMS1l1jc9I%0D%0AymsK3UZB0snTT0%2FrLX0V8rdI%2FKj%2FX91Q408v4AKKCIEMbPC7xwtfU3fAdPXVdIbO%0D%0AZfOuXEaRhIgX9TtumadxyGsQQL02ZdprT7Gcew%2Bib%2BczA851auvSVjjf5t9nMgvm%0D%0Ax8%2BnMP92MFOIz2Jnjk%2B64RfDk0juUE1bjs1bIZdm6wMS%2Bd9YzPAPE4BwM1KU%2F0n0%0D%0A1%2F2olmkYm%2FfQH3g7ZA4BNgM7y0isTqTZP50f6kzBVifvMwZzpu6zOOMLEoyTrCsf%0D%0A84dwGmlcnDQCLXxkamRdxlXxxgDl1rI1XBhKBMX2JeDcmsGWwApF2v0anwdgVmmF%0D%0ARCkWEHFDoa03aje0wUAR41u7R%2BlBbzAZp%2FbBc1AuHt4P0ufTdv%2FN9V1rKJjDSspP%0D%0AVGYOwqgQVW0kYm4riYjlK6I7Y6uGD3d1bPIjG%2BJC5bawSaIJ9sQ9F78y%2F%2BGw%2FO8c%0D%0AC%2FkRFXXn6BSdvtW46wbKOxUqdV5Vwpw8m%2BN6l3BcjKk0nlf9gQqCIcCvh7fX3EHH%0D%0ATRqW%2B9Dt4jkRHTdbxl3sht9YjnifO%2F0t%2B%2BW8DeqRI3GRDB6Fz%2Ffc02W1719AoHL7%0D%0AKlxGFW45ZR77Gzlr9Z42GBxuaR%2F%2BSnXmp3eWmcAgb0FZNIwOkQJk2rd2w%2BwDX7GO%0D%0AQosZIvnhdK8KHKPEbTlS2WpVhbfQ%2FADDH30y4dqP%2BQ8uHRU%3D</Encrypted></Payment></PaymentInfo>
	  <ReservedInfo>
	    <MReserved1/>
	    <MReserved2/>
	    <MReserved3/></ReservedInfo>
	  <ManageInfo>
	    <Language/>
	    <URL urlencode="1">http%3A%2F%2Fwww.loosfly.com</URL>
	    <TXVersion>5031B111123securLinux     PHPchkfake   2.6.18-348.12.1.el5PHP:5.2.17 </TXVersion>
	    <TXUserID/>
	    <TXRegNum/>
	    <Ack>1</Ack>
	    <TXRN>MjAxMzA4MzExODA0MjEwNzQ0OTg4Ng==
</TXRN></ManageInfo></INIpay>ARRRJDgJFdOfOMqEk5nmMefld3IG+mewY5As63l1UJqKSNKlJps4mM5vZG+cFbR6
hCwLtb1Oxu4OAW98TA+Zmt8QoP6pmZdkb5lvVQ3xBtLiwkTvHkjYVpx48UyXa6Cx
ZYiidemdJlNwDAWdCEFJeC6lHhZZVWJxgfPqD6qGPo3R
]
INFO	[2013-08-31 18:06:42:686] <29221> DNS LOOKUP OK(211.219.96.180:211.219.96.180:34049) laptime:0
INFO	[2013-08-31 18:06:42:688] <29221> SOCKET CONNECT OK
INFO	[2013-08-31 18:06:42:688] <29221> SEND OK
INFO	[2013-08-31 18:06:44:398] <29221> RECV OK
INFO	[2013-08-31 18:06:44:398] <29221> MSG_FROM_PG:[0208000175D SHA1                   0                  39                  300210GODOloosfl               79000INIphpDBNKGODOloosfl20130831180642792717<?xml version="1.0" encoding="UTF-8"?>
<INIpay>
  <GoodsInfo>
    <GoodsCnt>1</GoodsCnt>
    <MOID urlencode="1">1377939784505</MOID>
    <Currency>WON</Currency>
    <Goods no="1">
      <SMID>GODOloosfl</SMID>
      <GoodsName urlencode="1">Slitneck+Long+Sleeve+Shirt</GoodsName>
      <GoodsCntS>1</GoodsCntS>
      <GoodsPrice>79000</GoodsPrice>
    </Goods>
  </GoodsInfo>
  <PaymentInfo>
    <Payment>
      <SessionKey>Adb5sGkWOp/LQUjE4sk7wbk5YMWNEIH1uzSgQgKYFZWTegC9lt7onez/vstp3oD1
tCt1xrrz7aeftukdigZ6lN7ttN9xonXAFB1kqOWNS4natCDzDI5dTD2OrM1R9f8E
Y25/GrVNnK0PeQfHuATtldh3vFFFfBgHY+vBAZgL/bZ5jC+RJiuHk0k=
</SessionKey>
      <Encrypted>YxfKW9nISoPURNbhK9n9axQ4DiEtouykRmiIOJ4rrJD9pcBdwjFqVvBo5nqY31J/
FFKI4l7nk1HREJWm4VmB0VefI3fNMW8c0sMgxO3s07N3HwVOOqkcA7IyJYMU9uxH
3zbYhG+81i+IEtJTi/PymVWbsgs7eXLOrpQL/9JNmKXam+sncStnD+1fil23gyMS
q8oWnYkGQt1j09i5y9/frLBB8bqNAsKUNR2N5WhEjyajZL/BenpUKuipgAW4yaZg
FQ9ypkuJgkTyGKRkGmQYuYk2qiYWUpAFgpbjb69/NbWOxgFzrWH6aIe29MIdBIzV
EWPCgDqBW6mZIsBMggOFt6q7PFY+FvdnEUGXwrBiQN2dzNRgYWZmyhcVL/PWd0oQ
7oXTtSeFRGjkWDCMmKLB54B86aAleTGj0j6xQVXNMdiU1I5NKX4uhdjh0dSRhnBD
tT4ecXHYYo/UAzURoPDle+Cxn6pindXRYQjrLz2Yvu3epAUvPmhDtObqG3Fjs2bb
J+msvUcBzN5O8v0TQgMEQnRaztjoDxfe2ZK7fQDVqxK3seBSN4ZO/N5naG7OKqpS
3gbLM4iVOVu0XM33SPpqcSybbg5LbjQw+lRu1vEczX+ejNBMrzdJp5u4oljT8/Zf
J7uy8bbDWeM7wjwFgBUQCmM4l4FMbxLt5vFFZAPVLZ7a9Jvhi+rOQv/6+BiCmdDi
oqi508CRBEhvUmMVc7fwrUm6ODkouErb
</Encrypted>
      <PayMethod>DirectBank</PayMethod>
      <ResultCode>160000</ResultCode>
      <ResultMsg urlencode="1">%C1%A4%BB%F3%C3%B3%B8%AE%B5%C7%BE%FA%BD%C0%B4%CF%B4%D9.</ResultMsg>
    </Payment>
  </PaymentInfo>
  <ManageInfo>
    <EventCode></EventCode>
    <OrgCurrency></OrgCurrency>
    <ExchangeRate></ExchangeRate>
    <OrgPrice></OrgPrice>
  </ManageInfo>
  <ReservedInfo>
    <MReserved1 urlencode="1"></MReserved1>
    <MReserved2 urlencode="1"></MReserved2>
    <MReserved3 urlencode="1"></MReserved3>
    <PGReserved1 urlencode="1"></PGReserved1>
    <PGReserved2 urlencode="1"></PGReserved2>
    <PGReserved3 urlencode="1"></PGReserved3>
  </ReservedInfo>
</INIpay>
NDqRrPsO7bAsIrAOvF8LZP69DEYyLAvCAcR3Szl5eakItVqFRhC56bVxv2EFnzSa
702puCZuOtnUi2HOiBCvXufpIU6WLU8cDejVXD8IzV3XcTZP9zZDkWo5XpCPXsea
l5167WBGiQOYHT871C0fIc9fkPWwvTpxnF492CTbU9I=
]
INFO	[2013-08-31 18:06:44:399] <29221> VERIFY OK
INFO	[2013-08-31 18:06:44:399] <29221> PARSE HEAD OK
INFO	[2013-08-31 18:06:44:403] <29221> PARSE BODY OK
INFO	[2013-08-31 18:06:44:407] <29221> DECRYPT OK
DEBUG	[2013-08-31 18:06:44:407] <29221> DECRYPT MSG:[<?xml version="1.0" encoding="UTF-8"?>
<PaymentInfo>
  <Payment>
    <EASYPAY/>
    <DirectBank>
      <ACCT_BankCode>88</ACCT_BankCode>
      <ACCT_Num></ACCT_Num>
      <ACCT_ApplPrice>79000</ACCT_ApplPrice>
      <ACCT_ApplDate>20130831</ACCT_ApplDate>
      <ACCT_ApplTime>180644</ACCT_ApplTime>
      <ACCT_ApplNum>2103959</ACCT_ApplNum>
      <ACCT_ResultCode>160000</ACCT_ResultCode>
      <ACCT_ResultMsg urlencode="1">%C1%A4%BB%F3%C3%B3%B8%AE%B5%C7%BE%FA%BD%C0%B4%CF%B4%D9.</ACCT_ResultMsg>
    </DirectBank>
  </Payment>
</PaymentInfo>]
INFO	[2013-08-31 18:06:44:409] <29221> DECRYPT PARSE OK
INFO	[2013-08-31 18:06:44:409] <29221> WAIT ACK INVOKING
DEBUG	[2013-08-31 18:06:44:409] <29221> MAKE HEAD OK
INFO	[2013-08-31 18:06:44:412] <29221> SUCCESS ACK INVOKING
INFO	[2013-08-31 18:06:44:412] <29221> END securepay 정상처리되었습니다. Laptime:[1.73sec]
INFO	[2013-08-31 18:06:44:412] <29221> ===============================================================
