INFO	[2014-07-23 13:53:28:974] <3811> START INIPHP chkfake (V5031-111123)(OS:Linux2.6.18-371.9.1.el5,PHP:5.2.17)
DEBUG	[2014-07-23 13:53:28:982] <3811> inipayhome:/www/loosfly_godo_co_kr/shop/order/card/inipay
DEBUG	[2014-07-23 13:53:28:982] <3811> type:chkfake
DEBUG	[2014-07-23 13:53:28:982] <3811> debug:true
DEBUG	[2014-07-23 13:53:28:982] <3811> enctype:asym
DEBUG	[2014-07-23 13:53:28:982] <3811> admin:1111
DEBUG	[2014-07-23 13:53:28:982] <3811> checkopt:false
DEBUG	[2014-07-23 13:53:28:982] <3811> mid:GODOloosfl
DEBUG	[2014-07-23 13:53:28:982] <3811> price:89000
DEBUG	[2014-07-23 13:53:28:982] <3811> nointerest:no
DEBUG	[2014-07-23 13:53:28:982] <3811> quotabase:선택:일시불:2개월:3개월:4개월:5개월:6개월:7개월:8개월:9개월:10개월:11개월:12개월
INFO	[2014-07-23 13:53:28:983] <3811> Check Field OK
INFO	[2014-07-23 13:53:29:15] <3811> MERCHANT PRIV KEY LOAD OK
INFO	[2014-07-23 13:53:29:35] <3811> MERCHANT PUB KEY LOAD OK []
INFO	[2014-07-23 13:53:29:37] <3811> CHKFAKE KEY MAKE OK:MjAxNDA3MjMxMzUzMjkwMzUxMDM4NA==

INFO	[2014-07-23 13:53:29:37] <3811> END chkfake  Laptime:[0.11sec]
INFO	[2014-07-23 13:53:29:37] <3811> ===============================================================
INFO	[2014-07-23 13:56:03:459] <3818> START INIPHP securepay (V5031-111123)(OS:Linux2.6.18-371.9.1.el5,PHP:5.2.17)
DEBUG	[2014-07-23 13:56:03:459] <3818> inipayhome:/www/loosfly_godo_co_kr/shop/order/card/inipay
DEBUG	[2014-07-23 13:56:03:459] <3818> type:securepay
DEBUG	[2014-07-23 13:56:03:459] <3818> pgid:INIphpCARD
DEBUG	[2014-07-23 13:56:03:459] <3818> subpgip:203.238.3.10
DEBUG	[2014-07-23 13:56:03:459] <3818> admin:1111
DEBUG	[2014-07-23 13:56:03:459] <3818> debug:true
DEBUG	[2014-07-23 13:56:03:459] <3818> uid:
DEBUG	[2014-07-23 13:56:03:459] <3818> goodname:Halter Triad Leotard (Mint)
DEBUG	[2014-07-23 13:56:03:459] <3818> currency:WON
DEBUG	[2014-07-23 13:56:03:459] <3818> mid:GODOloosfl
DEBUG	[2014-07-23 13:56:03:459] <3818> rn:MjAxNDA3MjMxMzUzMjkwMzUxMDM4NA==

DEBUG	[2014-07-23 13:56:03:459] <3818> price:89000
DEBUG	[2014-07-23 13:56:03:459] <3818> enctype:
DEBUG	[2014-07-23 13:56:03:459] <3818> buyername:이경빈
DEBUG	[2014-07-23 13:56:03:459] <3818> buyertel:010-2566-5670
DEBUG	[2014-07-23 13:56:03:459] <3818> buyeremail:ooo5656@naver.com
DEBUG	[2014-07-23 13:56:03:459] <3818> paymethod:Card
DEBUG	[2014-07-23 13:56:03:459] <3818> encrypted:Version=4.1&PayMethod=Card&RsaKeyNum=1&EncryptionAlgorithm=SEED-CBC&SignAlgorithm=RSAwithSHA1&CertVer=39&moid=1406091096985&ver_trace=main(6086,6053)card(6112,6103)n(6008)Cs(6022)Dt(6002)Pa(6002)Cf(6024)Fv(0000)La(6128)Re(6080)Vr(6006)P(6033)en(6037)nP(6006)&pg1=211.219.96.180&pg2=203.238.37.3&pg1ip=211.219.96.180&pg2ip=203.238.37.3&agreeflag=1111&Data=xKZQs4+3RqwTaZfzDw4I61nEsFWvLEBzQgOHjTMLwE0AY+O2N+xNzqqJiSQVw0Mj
FSmGaa6lkpzmNqpI2JfkFWejnbLOT0c7I5i2E2icckikyKqEYOEhV5C+r+lAyQ92
ZQ68GoI0XdJ9FmboaCpFdKtlfnsQnbZ+IGBoIA6Ro3vI2VFxc5kdQxG4CTIJdn1b
LafWg6c8oiKjgI9rdr9YsFffiIfdV8qW5mqe2qfV5FOXVaPjmk9gXTBNn4qzFs7h
3U7k23gACQqVWMQIaAXCjhhHYD6psEVi1I5CK+rRtQ2H3/VQvfYJYLwRt0mCtBDy
7QiSyr+wTxXl7KmJp/tt6mfNi0H8Dk/JjZbBKbUpWcCHzfZH4rV8SRBBsTzSFWUv
DX7tcoAcPJJOTqNsIr0tcQDrNp1E4bnBkDHOFcGpwpJ1x3cNZxrl8Pj1Mt7KFdST
QMMa6jwwXfIttXKT7zfvJs+ij1vd1viNEyhYvbHeFnFAOF6YPEPEW0rrWpAK1MF/
VyfgFHryZIz62+LGmhkPWdksN/RMjXZJ8teuetAqlcv5PFZHvbdfJY4YU3KK5MFZ
4AyV/so4fyVLZEupTJgUZHcdAzNYVbW7Pgw16SWE6Kdz/78Qr0LaB3JBbdAQC7Ic
CoUgS02b30nbVNcmpDY29NWjhfNykMZzLSfL9yKIoMD6u3/63lNW8A2KEXfGvc2P
DrJ7
DEBUG	[2014-07-23 13:56:03:459] <3818> sessionkey:xnwKsEZE3FRKQiARJTIuqW1fS4iIggKj/CQ8yGFvtIzI5+NV3Q0YW5vkOZgO4N5z
fAG1VZC0919kA7ahZyvhtuMu4yIwrjKhro104Ih/W2xe0Ft1w2zXk/Ja2ZeE2BfY
iuKBPyZWA27/YrG0BrZgcJolmtv6hAU7c7m1F9r/6dc=
DEBUG	[2014-07-23 13:56:03:459] <3818> url:http://www.loosfly.com
DEBUG	[2014-07-23 13:56:03:459] <3818> cardcode:04
DEBUG	[2014-07-23 13:56:03:459] <3818> parentemail:ooo5656@naver.com
DEBUG	[2014-07-23 13:56:03:459] <3818> recvname:이경빈
DEBUG	[2014-07-23 13:56:03:459] <3818> recvtel:010-2566-5670
DEBUG	[2014-07-23 13:56:03:459] <3818> recvaddr:서울 강서구 화곡6동 우장산롯데캐슬아파트 105동2001호
DEBUG	[2014-07-23 13:56:03:459] <3818> recvpostnum:157-734
DEBUG	[2014-07-23 13:56:03:459] <3818> recvmsg:배송시소화전에넣어주시고010-2566-5670으로문자남겨주세요
DEBUG	[2014-07-23 13:56:03:459] <3818> joincard:
DEBUG	[2014-07-23 13:56:03:459] <3818> joinexpire:
DEBUG	[2014-07-23 13:56:03:459] <3818> id_customer:
INFO	[2014-07-23 13:56:03:459] <3818> Check Field OK
INFO	[2014-07-23 13:56:03:459] <3818> Make TID OK INIphpCARDGODOloosfl20140723135603598087
INFO	[2014-07-23 13:56:03:459] <3818> PI PUB KEY LOAD OK [39]
INFO	[2014-07-23 13:56:03:462] <3818> PG PUB KEY LOAD OK [30]
INFO	[2014-07-23 13:56:03:462] <3818> MERCHANT PRIV KEY LOAD OK
INFO	[2014-07-23 13:56:03:462] <3818> MERCHANT PUB KEY LOAD OK [0]
INFO	[2014-07-23 13:56:03:464] <3818> MAKE BODY OK
INFO	[2014-07-23 13:56:03:465] <3818> SIGN OK
INFO	[2014-07-23 13:56:03:465] <3818> MAKE HEAD OK
INFO	[2014-07-23 13:56:03:465] <3818> MSG_TO_PG:[0320300175R SHA1                   0                  39                  300200GODOloosfl               89000INIphpCARDGODOloosfl20140723135603598087<?xml version="1.0" encoding="UTF-8"?>
<INIpay>
	  <GoodsInfo>
	    <GoodsCnt>1</GoodsCnt>
	    <MOID/>
	    <Currency>WON</Currency>
	    <Tax/>
	    <TaxFree/>
	    <Goods>
	      <SMID>GODOloosfl</SMID>
	      <GoodsName urlencode="1">Halter+Triad+Leotard+%28Mint%29</GoodsName>
	      <GoodsPrice>89000</GoodsPrice></Goods></GoodsInfo>
	  <BuyerInfo>
	    <BuyerName urlencode="1">%C0%CC%B0%E6%BA%F3</BuyerName>
	    <BuyerTel>010-2566-5670</BuyerTel>
	    <BuyerEmail urlencode="1">ooo5656%40naver.com</BuyerEmail>
	    <ParentEmail urlencode="1">ooo5656%40naver.com</ParentEmail>
	    <RecvName urlencode="1">%C0%CC%B0%E6%BA%F3</RecvName>
	    <RecvTel urlencode="1">010-2566-5670</RecvTel>
	    <RecvMsg urlencode="1">%B9%E8%BC%DB%BD%C3%BC%D2%C8%AD%C0%FC%BF%A1%B3%D6%BE%EE%C1%D6%BD%C3%B0%ED010-2566-5670%C0%B8%B7%CE%B9%AE%C0%DA%B3%B2%B0%DC%C1%D6%BC%BC%BF%E4</RecvMsg>
	    <RecvAddr urlencode="1">%BC%AD%BF%EF+%B0%AD%BC%AD%B1%B8+%C8%AD%B0%EE6%B5%BF+%BF%EC%C0%E5%BB%EA%B7%D4%B5%A5%C4%B3%BD%BD%BE%C6%C6%C4%C6%AE+105%B5%BF2001%C8%A3</RecvAddr>
	    <RecvPostNum urlencode="1">157-734</RecvPostNum></BuyerInfo>
	  <PaymentInfo>
	    <Payment>
	      <PayMethod>Card</PayMethod>
	      <JoinCard/>
	      <JoinExpire/>
	      <MailOrder/>
	      <SessionKey>xnwKsEZE3FRKQiARJTIuqW1fS4iIggKj/CQ8yGFvtIzI5+NV3Q0YW5vkOZgO4N5z
fAG1VZC0919kA7ahZyvhtuMu4yIwrjKhro104Ih/W2xe0Ft1w2zXk/Ja2ZeE2BfY
iuKBPyZWA27/YrG0BrZgcJolmtv6hAU7c7m1F9r/6dc=</SessionKey>
	      <Encrypted urlencode="1">Version%3D4.1%26PayMethod%3DCard%26RsaKeyNum%3D1%26EncryptionAlgorithm%3DSEED-CBC%26SignAlgorithm%3DRSAwithSHA1%26CertVer%3D39%26moid%3D1406091096985%26ver_trace%3Dmain%286086%2C6053%29card%286112%2C6103%29n%286008%29Cs%286022%29Dt%286002%29Pa%286002%29Cf%286024%29Fv%280000%29La%286128%29Re%286080%29Vr%286006%29P%286033%29en%286037%29nP%286006%29%26pg1%3D211.219.96.180%26pg2%3D203.238.37.3%26pg1ip%3D211.219.96.180%26pg2ip%3D203.238.37.3%26agreeflag%3D1111%26Data%3DxKZQs4%2B3RqwTaZfzDw4I61nEsFWvLEBzQgOHjTMLwE0AY%2BO2N%2BxNzqqJiSQVw0Mj%0D%0AFSmGaa6lkpzmNqpI2JfkFWejnbLOT0c7I5i2E2icckikyKqEYOEhV5C%2Br%2BlAyQ92%0D%0AZQ68GoI0XdJ9FmboaCpFdKtlfnsQnbZ%2BIGBoIA6Ro3vI2VFxc5kdQxG4CTIJdn1b%0D%0ALafWg6c8oiKjgI9rdr9YsFffiIfdV8qW5mqe2qfV5FOXVaPjmk9gXTBNn4qzFs7h%0D%0A3U7k23gACQqVWMQIaAXCjhhHYD6psEVi1I5CK%2BrRtQ2H3%2FVQvfYJYLwRt0mCtBDy%0D%0A7QiSyr%2BwTxXl7KmJp%2Ftt6mfNi0H8Dk%2FJjZbBKbUpWcCHzfZH4rV8SRBBsTzSFWUv%0D%0ADX7tcoAcPJJOTqNsIr0tcQDrNp1E4bnBkDHOFcGpwpJ1x3cNZxrl8Pj1Mt7KFdST%0D%0AQMMa6jwwXfIttXKT7zfvJs%2Bij1vd1viNEyhYvbHeFnFAOF6YPEPEW0rrWpAK1MF%2F%0D%0AVyfgFHryZIz62%2BLGmhkPWdksN%2FRMjXZJ8teuetAqlcv5PFZHvbdfJY4YU3KK5MFZ%0D%0A4AyV%2Fso4fyVLZEupTJgUZHcdAzNYVbW7Pgw16SWE6Kdz%2F78Qr0LaB3JBbdAQC7Ic%0D%0ACoUgS02b30nbVNcmpDY29NWjhfNykMZzLSfL9yKIoMD6u3%2F63lNW8A2KEXfGvc2P%0D%0ADrJ7</Encrypted></Payment></PaymentInfo>
	  <ReservedInfo>
	    <MReserved1/>
	    <MReserved2/>
	    <MReserved3/></ReservedInfo>
	  <ManageInfo>
	    <Language/>
	    <URL urlencode="1">http%3A%2F%2Fwww.loosfly.com</URL>
	    <TXVersion>5031B111123securLinux     PHPchkfake   2.6.18-371.9.1.el5PHP:5.2.17  </TXVersion>
	    <TXUserID/>
	    <TXRegNum/>
	    <Ack>1</Ack>
	    <TXRN>MjAxNDA3MjMxMzUzMjkwMzUxMDM4NA==
</TXRN></ManageInfo></INIpay>AOdglENPeOrnUU7A1CiRZxZSRiQIm3anp6ExDQJ1QRrkJPgnx0xy9d8IBSarbEnT
qmnQWzSOW3SgOsIANnfAA3jBSJU1YoerBb/g0VvqJX0pixedeHy6LQLcdqqIvIQm
q6aBPCBVtIk3rgoTKb6s0C+0TT5llxpO7SfPZssafuYC
]
INFO	[2014-07-23 13:56:03:465] <3818> DNS LOOKUP OK(211.219.96.180:211.219.96.180:34049) laptime:0
INFO	[2014-07-23 13:56:03:468] <3818> SOCKET CONNECT OK
INFO	[2014-07-23 13:56:03:469] <3818> SEND OK
INFO	[2014-07-23 13:56:04:200] <3818> RECV OK
INFO	[2014-07-23 13:56:04:200] <3818> MSG_FROM_PG:[0298900175D SHA1                   0                  39                  300210GODOloosfl               89000INIphpCARDGODOloosfl20140723135603598087<?xml version="1.0" encoding="UTF-8"?>
<INIpay>
  <GoodsInfo>
    <GoodsCnt>1</GoodsCnt>
    <MOID urlencode="1">1406091096985</MOID>
    <Currency>WON</Currency>
    <Goods no="1">
      <SMID>GODOloosfl</SMID>
      <GoodsName urlencode="1">Halter+Triad+Leotard+%28Mint%29</GoodsName>
      <GoodsCntS>1</GoodsCntS>
      <GoodsPrice>89000</GoodsPrice>
    </Goods>
  </GoodsInfo>
  <PaymentInfo>
    <Payment>
      <SessionKey>AcFKMNEMSykOOUOAdXD0mOXQlMaq5wLuqw7sKWlrwWuUJrqAsy6ZzUq9yLELef6T
gaGekK/mzxLcaNLmhhsGYye4jhEBhKRglZV1dYIQS/YsdnwoaurTSbc0odm5lwVO
gy8RJx4TU5frJHmbp5YxJBtXrHlBmPaVSeUCikPMbkNUTShQb4CA/Sw=
</SessionKey>
      <Encrypted>O29kn7sqB435h0hf8EeqicMU8U5QYzi18NRJrBPeYGmZLsd41w/xU7r5YrIXecic
jDO9o+KAwbXxXvthc9lB3JVqkiYgPsoJeD2LDbQO612vLKEgTETLIF/ZaN1peTgX
Y7Myms3XmXHEjQqj1j4xtaKRnFPMJ9cY56jduoucQdIlWr3ilfmPtPTOSm7MQ/7C
t29/ZmEWQ7IJLJdi4zf1tj4DvwFqByHSzswKWOsuJWXhz0Ww9IZn8vdR7Tyc0Unq
TXxjaWq4omuMe4s/LwrDG8mmnvz2mESFcL/IwjLXvIh2sSbnZe8HEtSWhOHk1eSA
cWpNEHeLk5OlrVUWIgb/5RLBUDwsPExe3+UrCWM2nyd06EaorAswMsMLD0R4cq7J
++2x3E/XyT2QGbeW2G37TgwhQVj66UavXZXtGvgF2hPK7C2lxivhR+NeSpA0uJXH
foxxfPLTHpDeXbfOayw8+bT8MLV3eA6FGQY93YAwtblkoAEM6hrUF7sZdD8egoN4
qYuT3Ibr7RjypNWYcHY0CdQyoZznMblBkyb9UK4dRMTbhz2ZtAuZW0lfYVnQV3Hi
0Vq7AVQ3BesxqvNM7ZhmiBxcT5aw7y2mS4UN32LMohaINNVhmUKwsqU03foFb54R
hbZILtCkfxaMuwb2HjH9/Ar+7Mpn1CZsPNsckB8zhCtD0B35D74hQBiu+bFxk5Pl
qzsQczBgTguu5zqh7Me0JEw1fshb8V1Oa9o7F1xkd0Ts0J+RXskAEBV79MCg8sVi
q0aGxWFrrmnKERMR3fdU5yg43ZaxcEEDuCLUXfJjiw8OKp9i2ElpgZRKlPt56xTC
CmUOggMeWVamVr8bREgiiZOedFKQk9/wBbS1dmF6v8AZeSFWv38tzDycUi/ZZXGi
pjShDmlow7ekpIyjavqKGxkF3LMvoW9qn20R45gC70gJtZDj3+lTXJcFPguqVAhA
PVnJp4tl7sUrBPaWRoEGLGoeEs03dAP7TmKg7285friHm6zQT6OGRVGCwVPeI/wy
TCpb2J3n4lrkDEJSqoSwlR1uabyvNMOAuCBl8Jr/57UiRYuvMSJjt/4X187OExf3
zF7L7rWQkSx6DMWw7kOrl2EDx8vfeecJbscusP02fwx/LMIYiY1Qo5ZzJHU9DRLF
dArNZEej5mgjxqsvChHLERrSox/y9WSpLR3UHeAj4FnTAhFMpb/nrX8sCPPJX9Ow
MxuU7rl3ce1dm/KFR/2pNWsY9DsP1OZWGs8kv8PVz7jRGcPrCyIdIdqwmlKFHtMP
IYp5DmQuo1ZPevoAoMKALAprS/RhJv0mmSWHHOOHauaPIZ8IsGdp/SYy77JE52Zd
joprNL/QEbfuBTnjL8gxAuL8DrI6LqAiMh0H6WCP3d4WTei1dFx5nYz7gDQDRUcC
W/uxVSe2tR3u+K6nZGjUM61bId9zEjsmMsOr9U3pgigPmoaVE+C/2BY3whUDvchd
ChiIrqTYmErG6POXEhSv2bO+UuiJSxpJcDjbYS1DlY58c2y3Y9AGJHGMPEtDDsuM
5cS7qxXl4DUfHVA9WHP1fZVx7rcl/jHk4Dq63vtOmNGoT6PsW+7SiRtLshGZT2Nc
WH/o3J4Xm4PijHlkDUQh5lx6NNNm4F/w
</Encrypted>
      <PayMethod>Card</PayMethod>
      <ResultCode>120000</ResultCode>
      <ResultMsg urlencode="1">%C1%A4%BB%F3%C3%B3%B8%AE%B5%C7%BE%FA%BD%C0%B4%CF%B4%D9.</ResultMsg>
    </Payment>
  </PaymentInfo>
  <ManageInfo>
    <EventCode></EventCode>
    <OrgCurrency></OrgCurrency>
    <ExchangeRate></ExchangeRate>
    <OrgPrice></OrgPrice>
  </ManageInfo>
  <ReservedInfo>
    <MReserved1 urlencode="1"></MReserved1>
    <MReserved2 urlencode="1"></MReserved2>
    <MReserved3 urlencode="1"></MReserved3>
    <PGReserved1 urlencode="1"></PGReserved1>
    <PGReserved2 urlencode="1"></PGReserved2>
    <PGReserved3 urlencode="1"></PGReserved3>
  </ReservedInfo>
</INIpay>
g9FbxBBFzbXUte46mtCBuX3RCXjB6O4JgrBmQF+7r3W5BH5Pbg58wSkQA4K6BJ2H
5lvfv599YhLwtRJ2u/1RwJrm8hOP7nvvNQ0ibLoTUR7TGHH1xC49vMaLoJszAUQh
DzlhxDMv0gkfS3ODmMrqMs8csOn0HLn1gYnUSODlMSI=
]
INFO	[2014-07-23 13:56:04:200] <3818> VERIFY OK
INFO	[2014-07-23 13:56:04:200] <3818> PARSE HEAD OK
INFO	[2014-07-23 13:56:04:203] <3818> PARSE BODY OK
INFO	[2014-07-23 13:56:04:206] <3818> DECRYPT OK
DEBUG	[2014-07-23 13:56:04:206] <3818> DECRYPT MSG:[<?xml version="1.0" encoding="UTF-8"?>
<PaymentInfo>
  <Payment>
    <EASYPAY/>
    <Card>
      <CARD_ApplPrice>89000</CARD_ApplPrice>
      <CARD_Num>543333037964</CARD_Num>
      <CARD_Expire></CARD_Expire>
      <CARD_Code>04</CARD_Code>
      <CARD_BankCode>00</CARD_BankCode>
      <CARD_Quota>00</CARD_Quota>
      <CARD_Interest>0</CARD_Interest>
      <CARD_Point></CARD_Point>
      <CARD_AuthType>99</CARD_AuthType>
      <CARD_RegNum></CARD_RegNum>
      <CARD_ApplDate>20140723</CARD_ApplDate>
      <CARD_ApplTime>135605</CARD_ApplTime>
      <CARD_ApplNum>00175067</CARD_ApplNum>
      <CARD_TerminalNum>019048y000</CARD_TerminalNum>
      <CARD_MemberNum></CARD_MemberNum>
      <CARD_PurchaseCode></CARD_PurchaseCode>
      <CARD_ResultCode>120000</CARD_ResultCode>
      <CARD_ResultMsg urlencode="1">%C1%A4%BB%F3%C3%B3%B8%AE%B5%C7%BE%FA%BD%C0%B4%CF%B4%D9.</CARD_ResultMsg>
      <CARD_PrtcCode>1</CARD_PrtcCode>
      <CARD_Quota_Point>00</CARD_Quota_Point>
      <CARD_CheckFlag>0</CARD_CheckFlag>
      <CARD_PurchaseName urlencode="1"></CARD_PurchaseName>
      <CARD_IssuerName urlencode="1"></CARD_IssuerName>
      <CARD_JoinUsePoint></CARD_JoinUsePoint>
    </Card>
  </Payment>
</PaymentInfo>]
INFO	[2014-07-23 13:56:04:208] <3818> DECRYPT PARSE OK
INFO	[2014-07-23 13:56:04:208] <3818> WAIT ACK INVOKING
DEBUG	[2014-07-23 13:56:04:208] <3818> MAKE HEAD OK
INFO	[2014-07-23 13:56:04:211] <3818> SUCCESS ACK INVOKING
INFO	[2014-07-23 13:56:04:212] <3818> END securepay 정상처리되었습니다. Laptime:[0.75sec]
INFO	[2014-07-23 13:56:04:212] <3818> ===============================================================
