INFO	[2014-06-09 09:19:32:377] <5526> START INIPHP chkfake (V5031-111123)(OS:Linux2.6.18-371.8.1.el5,PHP:5.2.17)
DEBUG	[2014-06-09 09:19:32:378] <5526> inipayhome:/www/loosfly_godo_co_kr/shop/order/card/inipay
DEBUG	[2014-06-09 09:19:32:378] <5526> type:chkfake
DEBUG	[2014-06-09 09:19:32:378] <5526> debug:true
DEBUG	[2014-06-09 09:19:32:378] <5526> enctype:asym
DEBUG	[2014-06-09 09:19:32:378] <5526> admin:1111
DEBUG	[2014-06-09 09:19:32:378] <5526> checkopt:false
DEBUG	[2014-06-09 09:19:32:378] <5526> mid:GODOloosfl
DEBUG	[2014-06-09 09:19:32:378] <5526> price:89000
DEBUG	[2014-06-09 09:19:32:378] <5526> nointerest:no
DEBUG	[2014-06-09 09:19:32:378] <5526> quotabase:선택:일시불:2개월:3개월:4개월:5개월:6개월:7개월:8개월:9개월:10개월:11개월:12개월
INFO	[2014-06-09 09:19:32:378] <5526> Check Field OK
INFO	[2014-06-09 09:19:32:406] <5526> MERCHANT PRIV KEY LOAD OK
INFO	[2014-06-09 09:19:32:414] <5526> MERCHANT PUB KEY LOAD OK []
INFO	[2014-06-09 09:19:32:415] <5526> CHKFAKE KEY MAKE OK:MjAxNDA2MDkwOTE5MzI0MTQ1MjE5Mg==

INFO	[2014-06-09 09:19:32:415] <5526> END chkfake  Laptime:[0.11sec]
INFO	[2014-06-09 09:19:32:415] <5526> ===============================================================
INFO	[2014-06-09 15:13:27:640] <5230> START INIPHP chkfake (V5031-111123)(OS:Linux2.6.18-371.8.1.el5,PHP:5.2.17)
DEBUG	[2014-06-09 15:13:27:641] <5230> inipayhome:/www/loosfly_godo_co_kr/shop/order/card/inipay
DEBUG	[2014-06-09 15:13:27:641] <5230> type:chkfake
DEBUG	[2014-06-09 15:13:27:641] <5230> debug:true
DEBUG	[2014-06-09 15:13:27:641] <5230> enctype:asym
DEBUG	[2014-06-09 15:13:27:641] <5230> admin:1111
DEBUG	[2014-06-09 15:13:27:641] <5230> checkopt:false
DEBUG	[2014-06-09 15:13:27:641] <5230> mid:GODOloosfl
DEBUG	[2014-06-09 15:13:27:641] <5230> price:69000
DEBUG	[2014-06-09 15:13:27:641] <5230> nointerest:no
DEBUG	[2014-06-09 15:13:27:641] <5230> quotabase:선택:일시불:2개월:3개월:4개월:5개월:6개월:7개월:8개월:9개월:10개월:11개월:12개월
INFO	[2014-06-09 15:13:27:641] <5230> Check Field OK
INFO	[2014-06-09 15:13:27:651] <5230> MERCHANT PRIV KEY LOAD OK
INFO	[2014-06-09 15:13:27:656] <5230> MERCHANT PUB KEY LOAD OK []
INFO	[2014-06-09 15:13:27:658] <5230> CHKFAKE KEY MAKE OK:MjAxNDA2MDkxNTEzMjc2NTYzNDkyMA==

INFO	[2014-06-09 15:13:27:658] <5230> END chkfake  Laptime:[0.02sec]
INFO	[2014-06-09 15:13:27:658] <5230> ===============================================================
INFO	[2014-06-09 15:15:06:287] <26759> START INIPHP securepay (V5031-111123)(OS:Linux2.6.18-371.8.1.el5,PHP:5.2.17)
DEBUG	[2014-06-09 15:15:06:288] <26759> inipayhome:/www/loosfly_godo_co_kr/shop/order/card/inipay
DEBUG	[2014-06-09 15:15:06:288] <26759> type:securepay
DEBUG	[2014-06-09 15:15:06:288] <26759> pgid:INIphpCARD
DEBUG	[2014-06-09 15:15:06:288] <26759> subpgip:203.238.3.10
DEBUG	[2014-06-09 15:15:06:288] <26759> admin:1111
DEBUG	[2014-06-09 15:15:06:288] <26759> debug:true
DEBUG	[2014-06-09 15:15:06:288] <26759> uid:
DEBUG	[2014-06-09 15:15:06:288] <26759> goodname:Black  Zipup Top 외1건
DEBUG	[2014-06-09 15:15:06:288] <26759> currency:WON
DEBUG	[2014-06-09 15:15:06:288] <26759> mid:GODOloosfl
DEBUG	[2014-06-09 15:15:06:288] <26759> rn:MjAxNDA2MDkxNTEzMjc2NTYzNDkyMA==

DEBUG	[2014-06-09 15:15:06:288] <26759> price:69000
DEBUG	[2014-06-09 15:15:06:288] <26759> enctype:
DEBUG	[2014-06-09 15:15:06:288] <26759> buyername:조성대
DEBUG	[2014-06-09 15:15:06:288] <26759> buyertel:010-3410-1888
DEBUG	[2014-06-09 15:15:06:288] <26759> buyeremail:andrewto@naver.com
DEBUG	[2014-06-09 15:15:06:288] <26759> paymethod:Card
DEBUG	[2014-06-09 15:15:06:288] <26759> encrypted:Version=4.1&PayMethod=Card&RsaKeyNum=1&EncryptionAlgorithm=SEED-CBC&SignAlgorithm=RSAwithSHA1&CertVer=39&moid=1402288833264&ver_trace=main(6086,6052)card(6111,6102)n(6008)Cs(6022)Dt(6002)Pa(6002)Cf(6024)Fv(0000)La(6125)Re(6078)Vr(6006)P(6033)en(6036)nP(6006)&pg1=211.219.96.180&pg2=203.238.37.3&pg1ip=211.219.96.180&pg2ip=203.238.37.3&agreeflag=1111&Data=Wm6htFqWLqqMEzOyIH6XlTdZfP4sYRthkKG7KOd2zE95oNy3eqTD4iX79eAlKus6
fhmT3WKO8IfUIhnB45A77XXO2slB8Z6rFDXldXMcilh0+XABnGWZAapkEJO1WT/7
ibyMJRwAdBUUYuxQpEWVPi9db+6grhxOsenxCliYTzxkLUF8YvWt3WzrHa76j7HC
JD8o10kVQyik8f9i0avw4P98sRRvpu+Ste4E/1ofVhsZRm7ldLU4m1XlHnrBb7be
xVqCkVIswuf66HsuL7E3GWcDT1iN5ZQt+mEStIRpohMgkejrY0+bEDsfb9cF8KvO
YZ7x1AwbR+wrte5MxAy5KG5Th7IOpNQXosB/yF4e+b0e7XeWSdEFPVsHEkaSWPMw
KxBs2kJX03mAB9DULVlfl8Rku5vGJGZHzznb0Z/jF4rjv5V8vkBzXEYd8NY/G/B1
eZLk4275wAk1Xyj58lzEt8h/4ifvT2YjU3QGs4Yy/EHbohpHYd7i4/wiLz4Yp+3a
StTt3F6GBUikCE1wHT7T6vlSMFgqY9KMRskEj8lheTtns03fxxjH48lvasySw9Vj
cZ1QGmZrqlnDZfuEiX5qqlzYCuJ+7WAmvtCa3zPdgLtv7NMFi8w1iJs180mmR0/n
HzfobFEKovsYF6akDERQyYM3fO/iBrgRQEoc/hlJK4Ea7xYi+jPTkv+93MKTDfvy
6wYWbVw+1v5l4XQ=
DEBUG	[2014-06-09 15:15:06:288] <26759> sessionkey:PlaH7UfnoXhspzUGJ+LCCe0y+zr1qsfzpK7bkCIOyExbxlaKfin/yBmUKaa2W2cv
/MIY3fnVWi4t+y012/D+dQJu6tP0eKgsywAqNOuTjQS78jGZSeAD1Z9uZzIdPY6H
yHsna1bU+q85q6pF4+7wI5ntC4Bgc79wWLoYsk7t18Y=
DEBUG	[2014-06-09 15:15:06:288] <26759> url:http://www.loosfly.com
DEBUG	[2014-06-09 15:15:06:288] <26759> cardcode:12
DEBUG	[2014-06-09 15:15:06:288] <26759> parentemail:andrewto@naver.com
DEBUG	[2014-06-09 15:15:06:288] <26759> recvname:조성대
DEBUG	[2014-06-09 15:15:06:288] <26759> recvtel:010-3410-1888
DEBUG	[2014-06-09 15:15:06:288] <26759> recvaddr:서울특별시 강남구 삼성동 159-1 트레이드타워 46층
DEBUG	[2014-06-09 15:15:06:288] <26759> recvpostnum:135-729
DEBUG	[2014-06-09 15:15:06:288] <26759> recvmsg:
DEBUG	[2014-06-09 15:15:06:288] <26759> joincard:
DEBUG	[2014-06-09 15:15:06:288] <26759> joinexpire:
DEBUG	[2014-06-09 15:15:06:288] <26759> id_customer:
INFO	[2014-06-09 15:15:06:288] <26759> Check Field OK
INFO	[2014-06-09 15:15:06:288] <26759> Make TID OK INIphpCARDGODOloosfl20140609151506882638
INFO	[2014-06-09 15:15:06:288] <26759> PI PUB KEY LOAD OK [39]
INFO	[2014-06-09 15:15:06:290] <26759> PG PUB KEY LOAD OK [30]
INFO	[2014-06-09 15:15:06:291] <26759> MERCHANT PRIV KEY LOAD OK
INFO	[2014-06-09 15:15:06:291] <26759> MERCHANT PUB KEY LOAD OK [0]
INFO	[2014-06-09 15:15:06:292] <26759> MAKE BODY OK
INFO	[2014-06-09 15:15:06:293] <26759> SIGN OK
INFO	[2014-06-09 15:15:06:294] <26759> MAKE HEAD OK
INFO	[2014-06-09 15:15:06:294] <26759> MSG_TO_PG:[0305600175R SHA1                   0                  39                  300200GODOloosfl               69000INIphpCARDGODOloosfl20140609151506882638<?xml version="1.0" encoding="UTF-8"?>
<INIpay>
	  <GoodsInfo>
	    <GoodsCnt>1</GoodsCnt>
	    <MOID/>
	    <Currency>WON</Currency>
	    <Tax/>
	    <TaxFree/>
	    <Goods>
	      <SMID>GODOloosfl</SMID>
	      <GoodsName urlencode="1">Black++Zipup+Top+%BF%DC1%B0%C7</GoodsName>
	      <GoodsPrice>69000</GoodsPrice></Goods></GoodsInfo>
	  <BuyerInfo>
	    <BuyerName urlencode="1">%C1%B6%BC%BA%B4%EB</BuyerName>
	    <BuyerTel>010-3410-1888</BuyerTel>
	    <BuyerEmail urlencode="1">andrewto%40naver.com</BuyerEmail>
	    <ParentEmail urlencode="1">andrewto%40naver.com</ParentEmail>
	    <RecvName urlencode="1">%C1%B6%BC%BA%B4%EB</RecvName>
	    <RecvTel urlencode="1">010-3410-1888</RecvTel>
	    <RecvMsg/>
	    <RecvAddr urlencode="1">%BC%AD%BF%EF%C6%AF%BA%B0%BD%C3+%B0%AD%B3%B2%B1%B8+%BB%EF%BC%BA%B5%BF+159-1+%C6%AE%B7%B9%C0%CC%B5%E5%C5%B8%BF%F6+46%C3%FE</RecvAddr>
	    <RecvPostNum urlencode="1">135-729</RecvPostNum></BuyerInfo>
	  <PaymentInfo>
	    <Payment>
	      <PayMethod>Card</PayMethod>
	      <JoinCard/>
	      <JoinExpire/>
	      <MailOrder/>
	      <SessionKey>PlaH7UfnoXhspzUGJ+LCCe0y+zr1qsfzpK7bkCIOyExbxlaKfin/yBmUKaa2W2cv
/MIY3fnVWi4t+y012/D+dQJu6tP0eKgsywAqNOuTjQS78jGZSeAD1Z9uZzIdPY6H
yHsna1bU+q85q6pF4+7wI5ntC4Bgc79wWLoYsk7t18Y=</SessionKey>
	      <Encrypted urlencode="1">Version%3D4.1%26PayMethod%3DCard%26RsaKeyNum%3D1%26EncryptionAlgorithm%3DSEED-CBC%26SignAlgorithm%3DRSAwithSHA1%26CertVer%3D39%26moid%3D1402288833264%26ver_trace%3Dmain%286086%2C6052%29card%286111%2C6102%29n%286008%29Cs%286022%29Dt%286002%29Pa%286002%29Cf%286024%29Fv%280000%29La%286125%29Re%286078%29Vr%286006%29P%286033%29en%286036%29nP%286006%29%26pg1%3D211.219.96.180%26pg2%3D203.238.37.3%26pg1ip%3D211.219.96.180%26pg2ip%3D203.238.37.3%26agreeflag%3D1111%26Data%3DWm6htFqWLqqMEzOyIH6XlTdZfP4sYRthkKG7KOd2zE95oNy3eqTD4iX79eAlKus6%0D%0AfhmT3WKO8IfUIhnB45A77XXO2slB8Z6rFDXldXMcilh0%2BXABnGWZAapkEJO1WT%2F7%0D%0AibyMJRwAdBUUYuxQpEWVPi9db%2B6grhxOsenxCliYTzxkLUF8YvWt3WzrHa76j7HC%0D%0AJD8o10kVQyik8f9i0avw4P98sRRvpu%2BSte4E%2F1ofVhsZRm7ldLU4m1XlHnrBb7be%0D%0AxVqCkVIswuf66HsuL7E3GWcDT1iN5ZQt%2BmEStIRpohMgkejrY0%2BbEDsfb9cF8KvO%0D%0AYZ7x1AwbR%2Bwrte5MxAy5KG5Th7IOpNQXosB%2FyF4e%2Bb0e7XeWSdEFPVsHEkaSWPMw%0D%0AKxBs2kJX03mAB9DULVlfl8Rku5vGJGZHzznb0Z%2FjF4rjv5V8vkBzXEYd8NY%2FG%2FB1%0D%0AeZLk4275wAk1Xyj58lzEt8h%2F4ifvT2YjU3QGs4Yy%2FEHbohpHYd7i4%2FwiLz4Yp%2B3a%0D%0AStTt3F6GBUikCE1wHT7T6vlSMFgqY9KMRskEj8lheTtns03fxxjH48lvasySw9Vj%0D%0AcZ1QGmZrqlnDZfuEiX5qqlzYCuJ%2B7WAmvtCa3zPdgLtv7NMFi8w1iJs180mmR0%2Fn%0D%0AHzfobFEKovsYF6akDERQyYM3fO%2FiBrgRQEoc%2FhlJK4Ea7xYi%2BjPTkv%2B93MKTDfvy%0D%0A6wYWbVw%2B1v5l4XQ%3D</Encrypted></Payment></PaymentInfo>
	  <ReservedInfo>
	    <MReserved1/>
	    <MReserved2/>
	    <MReserved3/></ReservedInfo>
	  <ManageInfo>
	    <Language/>
	    <URL urlencode="1">http%3A%2F%2Fwww.loosfly.com</URL>
	    <TXVersion>5031B111123securLinux     PHPchkfake   2.6.18-371.8.1.el5PHP:5.2.17  </TXVersion>
	    <TXUserID/>
	    <TXRegNum/>
	    <Ack>1</Ack>
	    <TXRN>MjAxNDA2MDkxNTEzMjc2NTYzNDkyMA==
</TXRN></ManageInfo></INIpay>AVo49H8hGoJnDvuhsRW5E9goXlZ6+7KaljFXTeVV9S9p//cWLqLn/tOC8JbjTsrv
7OtbBtBu+HKJurKj8n6Rdmev92akqxERNIb0pN73KwqDNiSU0TRLvHKTVZCD+7TZ
o6GvPBAnMysU/RodO/wFKF/PPYSVNy6YOeppUT8a8Co9
]
INFO	[2014-06-09 15:15:06:294] <26759> DNS LOOKUP OK(211.219.96.180:211.219.96.180:34049) laptime:0
INFO	[2014-06-09 15:15:06:298] <26759> SOCKET CONNECT OK
INFO	[2014-06-09 15:15:06:298] <26759> SEND OK
INFO	[2014-06-09 15:15:07:251] <26759> RECV OK
INFO	[2014-06-09 15:15:07:251] <26759> MSG_FROM_PG:[0298900175D SHA1                   0                  39                  300210GODOloosfl               69000INIphpCARDGODOloosfl20140609151506882638<?xml version="1.0" encoding="UTF-8"?>
<INIpay>
  <GoodsInfo>
    <GoodsCnt>1</GoodsCnt>
    <MOID urlencode="1">1402288833264</MOID>
    <Currency>WON</Currency>
    <Goods no="1">
      <SMID>GODOloosfl</SMID>
      <GoodsName urlencode="1">Black++Zipup+Top+%BF%DC1%B0%C7</GoodsName>
      <GoodsCntS>1</GoodsCntS>
      <GoodsPrice>69000</GoodsPrice>
    </Goods>
  </GoodsInfo>
  <PaymentInfo>
    <Payment>
      <SessionKey>ASCekeDvIbHVg7+Sg4IIuQoNK7qkVZ18Pu1U2IPz8pxi+TI0MjGzN9bq69IrZn2c
yoDi4zgljMyLuAILvlcP1YLviQh14suWLz6Sp7diV5IvH2ejZYifUBvvpthWs9MD
0m3LuMmwTlUFOzyCUylMVwcVEAbi/uZBB8+MH8860jUuLWGcQgXAo14=
</SessionKey>
      <Encrypted>wBv0zzYICWE0lNJhsze+Y3ba8DE6WJxoRKvdfiBPWzBkbGZs7Y/KRJ2zNSQ+9/Pn
9CT73Gh1ScI7Vk7u+X3mmGd1NtRPv91UBM8nc+bPx7zzG0pJoP/stkqORdBb/kBM
yhs9wQiBFKNoWXTQPxGLeiLxvE+XpN73aHhetVS7V3qHNGgkqhX6VJxGUkS960UY
I/YlAkZcWhS9tIEaOfHeTrtcp07V4rM5qYzhYBnAO5AhIb/zSoRTAA1O03Vf9C1W
c/QJDNTqbMYNv1OYPO3f/V6W2zWzCmHyZjrBIjGFIv7LqyCfj046XageEAi4HxAc
4bMFk9a5FHxlcXHmpJHEFG4F6KbK5XVt7NSl06DO7PS3lW7JkhFngWv2rDQdY98R
Zl/gQrDxpKF35+AebF6AjLxLLSlxLXtXfZi+hgmtdLGUswgp/9pQrMMcbBwAr0el
bV6e3v1Yd/q/Ei4a5AteM6kWeFRwsvcpZkYAWALDjw3GT82yHhe5DhayYDvKv4uE
hkPPEiVlSWOE9JcHPpUb9WSLn8BA6yaiMw1ZH/yCJVqNc7YNx6Nl62tUnXGtGs2n
IULjEHn6yIiB4yaPqaliDMnT2NmXmQPvRku6nrWHq7X19PU0w99B1IaZEhOwwHQN
/8lV0H1cma5/hcTNTysFKuAOrAJbty5ZWbUQSmHeOn/gger66LOj2rTmLw3dURqx
mDRKyi5DdXNiH9KSOmylwhhQiOmbS+YRnmUCLf5uV0Ff1ZrGAjYqIKkV+dhzml61
2Dl3bh+e5D5U4wFTajoA9YBS07/EqexLyvG/oRbtL0IlVo6AzV2ZN6o0GxbnVLXe
01k08laYZsajfjn+NCVEqqKn0qdiX22IE9ArRhSw6stS9eFgzqp9XwxhETIE47IN
8R1V/RmD8TijG5jatKVAvD/J8cdvw3gT7M85cv/AUKiVCMO5RZ0IQN8JYGTAoN2X
eQqWzWw6uE3EEKkssKGglM7E+ssVBNGNMpyyLGye9J2jF5dR+JIXRKuYeLCQeSr7
OWv9f4xUta9Dr++EawoUcOqoscpUhl9st/r1BcnLaUCVK7LwpritzfQJoi8IozCw
7clYqw3GjATbdmhgj585enC2nAyzQ9kQrrcByjW7tXvSjU8SnMprOM1floBwb/EK
2t2uflu4hx0gozjXWMIk2z2yQ5fisgIaSP1i0vyfwE0ltozXPF44xZGj73YtqNTQ
gx2S4z3/GySNBM3Fp4M3PUblZQSgWDOZr9/aeOCSyVWTrY+muc5FP9Eja06JJFBe
6xWhG2Qmy7OjfWh2fCFxMwU5s8XdKr3FVqhVyYZmoF5O41P9jX2Gi2s6yCqqL2TI
EQ7MWdWxAqUwPUl1EmvU6dwB+oj+LFCTUwfkOVOXyUYf98W80iREq0flKNyj7Aih
xtJHIlbmhoBqaz6+xg1i7kSJigtF7nUczhjtX3B3/utT20nro4lKT/fZaMW4OyKu
yhnY/QtL3FRhfzLfPcKthmLdGJdwpP7iAOepXitHOoFY116zcAbJzf7zICp5rM2A
Jjp4pIVjLx5Zsrd8RF2TMgY1D9UP3hklv0ROaBtZKxX7J3XFMMU3wEm67sTIGIyC
bPigPN73g1s0q7N+KXEJM7jYZ1/hdHC5
</Encrypted>
      <PayMethod>Card</PayMethod>
      <ResultCode>120000</ResultCode>
      <ResultMsg urlencode="1">%C1%A4%BB%F3%C3%B3%B8%AE%B5%C7%BE%FA%BD%C0%B4%CF%B4%D9.</ResultMsg>
    </Payment>
  </PaymentInfo>
  <ManageInfo>
    <EventCode>1</EventCode>
    <OrgCurrency></OrgCurrency>
    <ExchangeRate></ExchangeRate>
    <OrgPrice></OrgPrice>
  </ManageInfo>
  <ReservedInfo>
    <MReserved1 urlencode="1"></MReserved1>
    <MReserved2 urlencode="1"></MReserved2>
    <MReserved3 urlencode="1"></MReserved3>
    <PGReserved1 urlencode="1"></PGReserved1>
    <PGReserved2 urlencode="1"></PGReserved2>
    <PGReserved3 urlencode="1"></PGReserved3>
  </ReservedInfo>
</INIpay>
L6AWQZ3oG+5mpxhvaIfpsmaPXHjs6ITS9qATgMFWNe81hLYrb/yyRnskbPncBxGK
oi+XtmGaxaQgG/KF0NTHGQmwJtzaNqDb4c2M7QwfhOYDxURdTe1C4xo8BHdlY8ys
whvnIRMDQsrzdK/8nLmBEUhA4xoRjxY6tv1YbKUoX4k=
]
INFO	[2014-06-09 15:15:07:252] <26759> VERIFY OK
INFO	[2014-06-09 15:15:07:252] <26759> PARSE HEAD OK
INFO	[2014-06-09 15:15:07:254] <26759> PARSE BODY OK
INFO	[2014-06-09 15:15:07:257] <26759> DECRYPT OK
DEBUG	[2014-06-09 15:15:07:257] <26759> DECRYPT MSG:[<?xml version="1.0" encoding="UTF-8"?>
<PaymentInfo>
  <Payment>
    <EASYPAY/>
    <Card>
      <CARD_ApplPrice>69000</CARD_ApplPrice>
      <CARD_Num>540447000137</CARD_Num>
      <CARD_Expire></CARD_Expire>
      <CARD_Code>12</CARD_Code>
      <CARD_BankCode>00</CARD_BankCode>
      <CARD_Quota>03</CARD_Quota>
      <CARD_Interest>0</CARD_Interest>
      <CARD_Point></CARD_Point>
      <CARD_AuthType>99</CARD_AuthType>
      <CARD_RegNum></CARD_RegNum>
      <CARD_ApplDate>20140609</CARD_ApplDate>
      <CARD_ApplTime>151507</CARD_ApplTime>
      <CARD_ApplNum>81449109</CARD_ApplNum>
      <CARD_TerminalNum>019048y000</CARD_TerminalNum>
      <CARD_MemberNum></CARD_MemberNum>
      <CARD_PurchaseCode></CARD_PurchaseCode>
      <CARD_ResultCode>120000</CARD_ResultCode>
      <CARD_ResultMsg urlencode="1">%C1%A4%BB%F3%C3%B3%B8%AE%B5%C7%BE%FA%BD%C0%B4%CF%B4%D9.</CARD_ResultMsg>
      <CARD_PrtcCode>1</CARD_PrtcCode>
      <CARD_Quota_Point>03</CARD_Quota_Point>
      <CARD_CheckFlag>0</CARD_CheckFlag>
      <CARD_PurchaseName urlencode="1"></CARD_PurchaseName>
      <CARD_IssuerName urlencode="1"></CARD_IssuerName>
      <CARD_JoinUsePoint></CARD_JoinUsePoint>
    </Card>
  </Payment>
</PaymentInfo>]
INFO	[2014-06-09 15:15:07:259] <26759> DECRYPT PARSE OK
INFO	[2014-06-09 15:15:07:259] <26759> WAIT ACK INVOKING
DEBUG	[2014-06-09 15:15:07:259] <26759> MAKE HEAD OK
INFO	[2014-06-09 15:15:07:262] <26759> SUCCESS ACK INVOKING
INFO	[2014-06-09 15:15:07:262] <26759> END securepay 정상처리되었습니다. Laptime:[0.97sec]
INFO	[2014-06-09 15:15:07:263] <26759> ===============================================================
