INFO	[2013-07-19 18:11:38:961] <27761> START INIPHP chkfake (V5031-111123)(OS:Linux2.6.18-348.6.1.el5,PHP:5.2.17)
DEBUG	[2013-07-19 18:11:38:962] <27761> inipayhome:/www/loosfly_godo_co_kr/shop/order/card/inipay
DEBUG	[2013-07-19 18:11:38:962] <27761> type:chkfake
DEBUG	[2013-07-19 18:11:38:962] <27761> debug:true
DEBUG	[2013-07-19 18:11:38:962] <27761> enctype:asym
DEBUG	[2013-07-19 18:11:38:962] <27761> admin:1111
DEBUG	[2013-07-19 18:11:38:962] <27761> checkopt:false
DEBUG	[2013-07-19 18:11:38:962] <27761> mid:GODOloosfl
DEBUG	[2013-07-19 18:11:38:962] <27761> price:89000
DEBUG	[2013-07-19 18:11:38:962] <27761> nointerest:no
DEBUG	[2013-07-19 18:11:38:962] <27761> quotabase:선택:일시불:2개월:3개월:4개월:5개월:6개월:7개월:8개월:9개월:10개월:11개월:12개월
INFO	[2013-07-19 18:11:38:962] <27761> Check Field OK
INFO	[2013-07-19 18:11:38:974] <27761> MERCHANT PRIV KEY LOAD OK
INFO	[2013-07-19 18:11:38:978] <27761> MERCHANT PUB KEY LOAD OK []
INFO	[2013-07-19 18:11:38:979] <27761> CHKFAKE KEY MAKE OK:MjAxMzA3MTkxODExMzg5Nzg1MDQ5NA==

INFO	[2013-07-19 18:11:38:979] <27761> END chkfake  Laptime:[0.03sec]
INFO	[2013-07-19 18:11:38:979] <27761> ===============================================================
INFO	[2013-07-19 18:11:45:476] <32697> START INIPHP chkfake (V5031-111123)(OS:Linux2.6.18-348.6.1.el5,PHP:5.2.17)
DEBUG	[2013-07-19 18:11:45:476] <32697> inipayhome:/www/loosfly_godo_co_kr/shop/order/card/inipay
DEBUG	[2013-07-19 18:11:45:476] <32697> type:chkfake
DEBUG	[2013-07-19 18:11:45:476] <32697> debug:true
DEBUG	[2013-07-19 18:11:45:476] <32697> enctype:asym
DEBUG	[2013-07-19 18:11:45:476] <32697> admin:1111
DEBUG	[2013-07-19 18:11:45:476] <32697> checkopt:false
DEBUG	[2013-07-19 18:11:45:476] <32697> mid:GODOloosfl
DEBUG	[2013-07-19 18:11:45:476] <32697> price:89000
DEBUG	[2013-07-19 18:11:45:476] <32697> nointerest:no
DEBUG	[2013-07-19 18:11:45:476] <32697> quotabase:선택:일시불:2개월:3개월:4개월:5개월:6개월:7개월:8개월:9개월:10개월:11개월:12개월
INFO	[2013-07-19 18:11:45:476] <32697> Check Field OK
INFO	[2013-07-19 18:11:45:476] <32697> MERCHANT PRIV KEY LOAD OK
INFO	[2013-07-19 18:11:45:476] <32697> MERCHANT PUB KEY LOAD OK []
INFO	[2013-07-19 18:11:45:478] <32697> CHKFAKE KEY MAKE OK:MjAxMzA3MTkxODExNDU0NzczNTQzNg==

INFO	[2013-07-19 18:11:45:478] <32697> END chkfake  Laptime:[0sec]
INFO	[2013-07-19 18:11:45:478] <32697> ===============================================================
