INFO	[2014-09-15 01:15:49:570] <21210> START INIPHP chkfake (V5031-111123)(OS:Linux2.6.18-371.11.1.el5,PHP:5.2.17)
DEBUG	[2014-09-15 01:15:49:573] <21210> inipayhome:/www/loosfly_godo_co_kr/shop/order/card/inipay
DEBUG	[2014-09-15 01:15:49:573] <21210> type:chkfake
DEBUG	[2014-09-15 01:15:49:573] <21210> debug:true
DEBUG	[2014-09-15 01:15:49:573] <21210> enctype:asym
DEBUG	[2014-09-15 01:15:49:573] <21210> admin:1111
DEBUG	[2014-09-15 01:15:49:573] <21210> checkopt:false
DEBUG	[2014-09-15 01:15:49:573] <21210> mid:GODOloosfl
DEBUG	[2014-09-15 01:15:49:573] <21210> price:89000
DEBUG	[2014-09-15 01:15:49:573] <21210> nointerest:no
DEBUG	[2014-09-15 01:15:49:573] <21210> quotabase:선택:일시불:2개월:3개월:4개월:5개월:6개월:7개월:8개월:9개월:10개월:11개월:12개월
INFO	[2014-09-15 01:15:49:573] <21210> Check Field OK
INFO	[2014-09-15 01:15:49:582] <21210> MERCHANT PRIV KEY LOAD OK
INFO	[2014-09-15 01:15:49:586] <21210> MERCHANT PUB KEY LOAD OK []
INFO	[2014-09-15 01:15:49:588] <21210> CHKFAKE KEY MAKE OK:MjAxNDA5MTUwMTE1NDk1ODc5MjAzMw==

INFO	[2014-09-15 01:15:49:588] <21210> END chkfake  Laptime:[0.03sec]
INFO	[2014-09-15 01:15:49:588] <21210> ===============================================================
INFO	[2014-09-15 01:27:45:620] <376> START INIPHP securepay (V5031-111123)(OS:Linux2.6.18-371.11.1.el5,PHP:5.2.17)
DEBUG	[2014-09-15 01:27:45:620] <376> inipayhome:/www/loosfly_godo_co_kr/shop/order/card/inipay
DEBUG	[2014-09-15 01:27:45:620] <376> type:securepay
DEBUG	[2014-09-15 01:27:45:620] <376> pgid:INIphpCARD
DEBUG	[2014-09-15 01:27:45:620] <376> subpgip:203.238.3.10
DEBUG	[2014-09-15 01:27:45:620] <376> admin:1111
DEBUG	[2014-09-15 01:27:45:620] <376> debug:true
DEBUG	[2014-09-15 01:27:45:620] <376> uid:
DEBUG	[2014-09-15 01:27:45:620] <376> goodname:Carmen Sleeved Lace Leotard
DEBUG	[2014-09-15 01:27:45:620] <376> currency:WON
DEBUG	[2014-09-15 01:27:45:620] <376> mid:GODOloosfl
DEBUG	[2014-09-15 01:27:45:620] <376> rn:MjAxNDA5MTUwMTE1NDk1ODc5MjAzMw==

DEBUG	[2014-09-15 01:27:45:620] <376> price:89000
DEBUG	[2014-09-15 01:27:45:620] <376> enctype:
DEBUG	[2014-09-15 01:27:45:620] <376> buyername:하여진
DEBUG	[2014-09-15 01:27:45:620] <376> buyertel:010-9507-4415
DEBUG	[2014-09-15 01:27:45:620] <376> buyeremail:yeojin3326@naver.com
DEBUG	[2014-09-15 01:27:45:620] <376> paymethod:Card
DEBUG	[2014-09-15 01:27:45:620] <376> encrypted:Version=4.1&PayMethod=Card&RsaKeyNum=1&EncryptionAlgorithm=SEED-CBC&SignAlgorithm=RSAwithSHA1&CertVer=39&moid=1410711309792&ver_trace=main(6086,6053)card(6114,6104)n(6008)Cs(6022)Dt(6002)Pa(6002)Cf(6024)Fv(0000)La(6130)Re(6083)Vr(6006)P(6033)en(6038)nP(6006)&pg1=211.219.96.180&pg2=203.238.37.3&pg1ip=211.219.96.180&pg2ip=203.238.37.3&agreeflag=1111&Data=89wet0saPwB8Cg5kwlqfeLdyLZNemucw5lCFCigqBsHIQTbU5IAecVcoifMb/tVT
rpSd+Sk0MP/4vYMyix6HLcWSLJPOODi0iOgXCzopulUM9b5gEY1j6tntWJ2TRHRT
R+6Nhg9hb12ljBati79qGxUjathfceaikrjeZ5LGPs6Yua3ZCrdCrQtznXYA3GYH
R6v3VdXcf5MqBpLUobH8bVx5efE1YU3jE7jLYRl9Fr4DJCc8yYRKvSYoPm5OfR4s
9Ly3eY/8ZVEIJNmeJQuLOYh6MeMdaA/lzrpfBtIuIr/qfPigId7N4qKMF0EsDkPR
ap8GUVyHvKQ3BlL3s3Q9YwGExQ+h2ya2yzmvr+4k+Y/bgXl7aidGKSMBukjmzW/v
RmPd8yijk8kgyNRv4VTZu7U36vcXtlQPoVUjFCjMwp5irFRH0NVZit+4IV1hfQ52
IQjB2Y+0er3JXPOrASeis0wgX/GgYFYLspYPG6pueFPhUR2bVxabIfdfke0p4rzK
bNdqk1Ks/hNZ2i4bI0J7VF6vwGtW6k2BdW6Jbk048zu8q3cvzxT+n8hk6jLgTsqL
5gluZqdKcW1g5q6388QufIOSaXRQ8hm5YcHjbrRQauewqaIRHzohIPxRiy8nF8yH
+PgXad+DV1zvMpE3cveUEiRXfzbzqG7lDPa93JhsMPdUCmgi46g+GvuwKw==
DEBUG	[2014-09-15 01:27:45:620] <376> sessionkey:QFQz8NV6wOZ50aQmgoIjaea4spfN4LxOZzpp323WhteoQuOo2tACyzRzwp4XHW7t
mfNahRNGaGmONjJcUp1trOPUZEwX2uYlABSsVjcdCmrpnDp5h0mf4+l/7FoNEyhZ
IPJ6HawXePxPAKK3HpKVNLSvgA2g4ZFsaHgiQO9vPQY=
DEBUG	[2014-09-15 01:27:45:620] <376> url:http://www.loosfly.com
DEBUG	[2014-09-15 01:27:45:620] <376> cardcode:03
DEBUG	[2014-09-15 01:27:45:620] <376> parentemail:yeojin3326@naver.com
DEBUG	[2014-09-15 01:27:45:620] <376> recvname:하여진
DEBUG	[2014-09-15 01:27:45:620] <376> recvtel:010-9507-4415
DEBUG	[2014-09-15 01:27:45:620] <376> recvaddr:부산광역시 해운대구 우동 887-1 해운대한솔솔파크 A동 1405호
DEBUG	[2014-09-15 01:27:45:620] <376> recvpostnum:612-822
DEBUG	[2014-09-15 01:27:45:620] <376> recvmsg:급해요!!!!!!!
DEBUG	[2014-09-15 01:27:45:620] <376> joincard:
DEBUG	[2014-09-15 01:27:45:620] <376> joinexpire:
DEBUG	[2014-09-15 01:27:45:620] <376> id_customer:
INFO	[2014-09-15 01:27:45:620] <376> Check Field OK
INFO	[2014-09-15 01:27:45:620] <376> Make TID OK INIphpCARDGODOloosfl20140915012745207640
INFO	[2014-09-15 01:27:45:620] <376> PI PUB KEY LOAD OK [39]
INFO	[2014-09-15 01:27:45:623] <376> PG PUB KEY LOAD OK [30]
INFO	[2014-09-15 01:27:45:624] <376> MERCHANT PRIV KEY LOAD OK
INFO	[2014-09-15 01:27:45:624] <376> MERCHANT PUB KEY LOAD OK [0]
INFO	[2014-09-15 01:27:45:625] <376> MAKE BODY OK
INFO	[2014-09-15 01:27:45:626] <376> SIGN OK
INFO	[2014-09-15 01:27:45:627] <376> MAKE HEAD OK
INFO	[2014-09-15 01:27:45:627] <376> MSG_TO_PG:[0310900175R SHA1                   0                  39                  300200GODOloosfl               89000INIphpCARDGODOloosfl20140915012745207640<?xml version="1.0" encoding="UTF-8"?>
<INIpay>
	  <GoodsInfo>
	    <GoodsCnt>1</GoodsCnt>
	    <MOID/>
	    <Currency>WON</Currency>
	    <Tax/>
	    <TaxFree/>
	    <Goods>
	      <SMID>GODOloosfl</SMID>
	      <GoodsName urlencode="1">Carmen+Sleeved+Lace+Leotard</GoodsName>
	      <GoodsPrice>89000</GoodsPrice></Goods></GoodsInfo>
	  <BuyerInfo>
	    <BuyerName urlencode="1">%C7%CF%BF%A9%C1%F8</BuyerName>
	    <BuyerTel>010-9507-4415</BuyerTel>
	    <BuyerEmail urlencode="1">yeojin3326%40naver.com</BuyerEmail>
	    <ParentEmail urlencode="1">yeojin3326%40naver.com</ParentEmail>
	    <RecvName urlencode="1">%C7%CF%BF%A9%C1%F8</RecvName>
	    <RecvTel urlencode="1">010-9507-4415</RecvTel>
	    <RecvMsg urlencode="1">%B1%DE%C7%D8%BF%E4%21%21%21%21%21%21%21</RecvMsg>
	    <RecvAddr urlencode="1">%BA%CE%BB%EA%B1%A4%BF%AA%BD%C3+%C7%D8%BF%EE%B4%EB%B1%B8+%BF%EC%B5%BF+887-1+%C7%D8%BF%EE%B4%EB%C7%D1%BC%D6%BC%D6%C6%C4%C5%A9+A%B5%BF+1405%C8%A3</RecvAddr>
	    <RecvPostNum urlencode="1">612-822</RecvPostNum></BuyerInfo>
	  <PaymentInfo>
	    <Payment>
	      <PayMethod>Card</PayMethod>
	      <JoinCard/>
	      <JoinExpire/>
	      <MailOrder/>
	      <SessionKey>QFQz8NV6wOZ50aQmgoIjaea4spfN4LxOZzpp323WhteoQuOo2tACyzRzwp4XHW7t
mfNahRNGaGmONjJcUp1trOPUZEwX2uYlABSsVjcdCmrpnDp5h0mf4+l/7FoNEyhZ
IPJ6HawXePxPAKK3HpKVNLSvgA2g4ZFsaHgiQO9vPQY=</SessionKey>
	      <Encrypted urlencode="1">Version%3D4.1%26PayMethod%3DCard%26RsaKeyNum%3D1%26EncryptionAlgorithm%3DSEED-CBC%26SignAlgorithm%3DRSAwithSHA1%26CertVer%3D39%26moid%3D1410711309792%26ver_trace%3Dmain%286086%2C6053%29card%286114%2C6104%29n%286008%29Cs%286022%29Dt%286002%29Pa%286002%29Cf%286024%29Fv%280000%29La%286130%29Re%286083%29Vr%286006%29P%286033%29en%286038%29nP%286006%29%26pg1%3D211.219.96.180%26pg2%3D203.238.37.3%26pg1ip%3D211.219.96.180%26pg2ip%3D203.238.37.3%26agreeflag%3D1111%26Data%3D89wet0saPwB8Cg5kwlqfeLdyLZNemucw5lCFCigqBsHIQTbU5IAecVcoifMb%2FtVT%0D%0ArpSd%2BSk0MP%2F4vYMyix6HLcWSLJPOODi0iOgXCzopulUM9b5gEY1j6tntWJ2TRHRT%0D%0AR%2B6Nhg9hb12ljBati79qGxUjathfceaikrjeZ5LGPs6Yua3ZCrdCrQtznXYA3GYH%0D%0AR6v3VdXcf5MqBpLUobH8bVx5efE1YU3jE7jLYRl9Fr4DJCc8yYRKvSYoPm5OfR4s%0D%0A9Ly3eY%2F8ZVEIJNmeJQuLOYh6MeMdaA%2FlzrpfBtIuIr%2FqfPigId7N4qKMF0EsDkPR%0D%0Aap8GUVyHvKQ3BlL3s3Q9YwGExQ%2Bh2ya2yzmvr%2B4k%2BY%2FbgXl7aidGKSMBukjmzW%2Fv%0D%0ARmPd8yijk8kgyNRv4VTZu7U36vcXtlQPoVUjFCjMwp5irFRH0NVZit%2B4IV1hfQ52%0D%0AIQjB2Y%2B0er3JXPOrASeis0wgX%2FGgYFYLspYPG6pueFPhUR2bVxabIfdfke0p4rzK%0D%0AbNdqk1Ks%2FhNZ2i4bI0J7VF6vwGtW6k2BdW6Jbk048zu8q3cvzxT%2Bn8hk6jLgTsqL%0D%0A5gluZqdKcW1g5q6388QufIOSaXRQ8hm5YcHjbrRQauewqaIRHzohIPxRiy8nF8yH%0D%0A%2BPgXad%2BDV1zvMpE3cveUEiRXfzbzqG7lDPa93JhsMPdUCmgi46g%2BGvuwKw%3D%3D</Encrypted></Payment></PaymentInfo>
	  <ReservedInfo>
	    <MReserved1/>
	    <MReserved2/>
	    <MReserved3/></ReservedInfo>
	  <ManageInfo>
	    <Language/>
	    <URL urlencode="1">http%3A%2F%2Fwww.loosfly.com</URL>
	    <TXVersion>5031B111123securLinux     PHPchkfake   2.6.18-371.11.1.el5PHP:5.2.17 </TXVersion>
	    <TXUserID/>
	    <TXRegNum/>
	    <Ack>1</Ack>
	    <TXRN>MjAxNDA5MTUwMTE1NDk1ODc5MjAzMw==
</TXRN></ManageInfo></INIpay>APNJ9w7qKcWiwhn0ypDaBWTjOnBgREix4mOfOTJLegVQeLQm876YBrHXSdIfuOG/
3Z3CYLSfnp06qrePCyZcVecLmMsNnmURjVjg25ABiln6sHNWKwgDcp+0k7/ry3OE
xEPux7TW0wfqGuUuDAD94OKrOsJxp1/+27It8q2Ykv3D
]
INFO	[2014-09-15 01:27:45:627] <376> DNS LOOKUP OK(211.219.96.180:211.219.96.180:34049) laptime:0
INFO	[2014-09-15 01:27:45:630] <376> SOCKET CONNECT OK
INFO	[2014-09-15 01:27:45:630] <376> SEND OK
INFO	[2014-09-15 01:27:46:306] <376> RECV OK
INFO	[2014-09-15 01:27:46:307] <376> MSG_FROM_PG:[0298500175D SHA1                   0                  39                  300210GODOloosfl               89000INIphpCARDGODOloosfl20140915012745207640<?xml version="1.0" encoding="UTF-8"?>
<INIpay>
  <GoodsInfo>
    <GoodsCnt>1</GoodsCnt>
    <MOID urlencode="1">1410711309792</MOID>
    <Currency>WON</Currency>
    <Goods no="1">
      <SMID>GODOloosfl</SMID>
      <GoodsName urlencode="1">Carmen+Sleeved+Lace+Leotard</GoodsName>
      <GoodsCntS>1</GoodsCntS>
      <GoodsPrice>89000</GoodsPrice>
    </Goods>
  </GoodsInfo>
  <PaymentInfo>
    <Payment>
      <SessionKey>Acd/dpStlFzSKPvDswPfyTig/iyNNdBDNJgPnSfnINE0rHFZnHJqMQJoFfQe8IIb
G7ybkefwn3NzQEmrwdMZUc80O05ai6Zuf3t02F1tl+P9kRn4RJE97RTkw1pTmOCf
pxOY9wCJADUTE4tqNv5TjFq4jAohGO9ZoK0zJpHlyb21p3XKvri9SD8=
</SessionKey>
      <Encrypted>ivu4DOlCGQHo/w2lFRLBpvvZHTqU0ThlcDChU2NbGCNBq6lvh2MyVfLN+0BymmWa
ZQbI3c2Xg83daDKxmgbbRASuzjko65gENuTlJKqsLp4XTJLSgiKujgzWVep5gMf8
x7wfh/lPAINj5idTfdcwF6edxXuLOONukMeB+ADqfetP2IkdycfumSrRVJuOgnIb
NLunUw0FT1JwM9w32kpz+50TbKHaSBsKeugPiK80TbwHDrH52rr/nosWL44IyUN3
Q3ONh1pUGGD5UY5zGKGyoXFhTLRkctK9Q+dv2V7a/NVtwBXvE6M1BfDVqoSt9T4A
xr+etnlpDevrLmPD5X17cg74rvE0W/HSSJk8SC3QAtpy14rp46SiMUJl2eWe8x6l
5RM9+rbZ+SqPiko3k3kg0pQvgrgr8oyE33JhrhCOMdMlRetUi2vTvlU0tLnOBX3m
jrwZdXOPjJ1UFI+l514zxgy2DZ5LZrAt0T6SNzvK6NF4+BhYkkY9wscKXeMEuQkV
axnTtNlADnzrYN1WYpb2z+++hSET0E5qRNUsp/sheblOuNgKj/6uyyNhebJzJu1W
Ni7XONXBXRAzfM0cvMbjE02hPUXk+sRqFANB3rn88ArWhy32qr7ACayIAHvdy5/m
GlUc2EOy/rXM6NKnXRvTEeO4XInA2YM9DnvmblrwXgjaWZQG4wx78BoRUEX2PMy1
c2vakCYnIOZ1QdKaALbCdK96kwPbh7AGJWKWkqkLjB1vS41/mRymz7l/fWThP+Hv
xjjVU/tBAESckfiC9Nz06vFk9ZTq7V+a6ucsJi2uBLbYFq6gmhUzhLtBkH2P2Xgn
hS17YFccoKk4LDUCwBBNbz83hBbT8KCP80tBQiCAnRQoVyCPtov7VTrvjecKavEE
Zdf2kjyycLigWPgLgL72R+YpFy4tLoUtcq+SMJRiQ6DEBbMmaVoeWHGLc8r9VTKp
oRSNJII1CLIJ300wrjCrs3RborIxzjSpaJSrSTfp4I0hDst3hoUh+a12Rt44xdMM
Cx8crCu7as4akDJiYRoQ9Wkb/AlMWVG6/VNwyGwnCCSiYCWXBYsH8RRFJU1HameT
3lfJUr9eSAnSWa6U8htx5FlJoej8AOPEZZ2vK+l+1pvjXtWH9gYSdB1nyKZqFKoo
74dOba8BEFEhrDU+OnFdxg7W3eo92/tNIRsqQCsJXThBCdJWTR65tL78EsETrW/V
lCx5CTq+d+FrDB/efeyMHfb2gTsd/xP7gHIneypQ8/eIgW+U/NF13FBXu8U+xujd
CVtOlV4x1s2jCCTlawd4h0IF1L/Y2luzV/AxCRJN1WWwt6E0ZtoEoinI3rFtX7X+
WDfeuhcm2R91IAd03KapFbUgJHi2Xp6In2mEmtaw0vsnYLFRKWOkmHouRSDAMzlF
k5W3JwLzJ9G6EAbCUozcbAAsBncm8SeIiad0/HIn9GawV9BTLQPfbw86yNs+752e
4cqIdaGKXjy/fK2zdocK2BSjOAWal9AP7Nssafv3jms36GzgikgfG/VSp99t5CMp
6RzNF7rQchS35pa74blaEF7kvGFPtLY6NK1p6DBTYybKSDBwV7oKSzMIhe4yDkEH
VKx78Uv2wN7NrBGSnfykND02r6rIcgD4
</Encrypted>
      <PayMethod>Card</PayMethod>
      <ResultCode>120000</ResultCode>
      <ResultMsg urlencode="1">%C1%A4%BB%F3%C3%B3%B8%AE%B5%C7%BE%FA%BD%C0%B4%CF%B4%D9.</ResultMsg>
    </Payment>
  </PaymentInfo>
  <ManageInfo>
    <EventCode></EventCode>
    <OrgCurrency></OrgCurrency>
    <ExchangeRate></ExchangeRate>
    <OrgPrice></OrgPrice>
  </ManageInfo>
  <ReservedInfo>
    <MReserved1 urlencode="1"></MReserved1>
    <MReserved2 urlencode="1"></MReserved2>
    <MReserved3 urlencode="1"></MReserved3>
    <PGReserved1 urlencode="1"></PGReserved1>
    <PGReserved2 urlencode="1"></PGReserved2>
    <PGReserved3 urlencode="1"></PGReserved3>
  </ReservedInfo>
</INIpay>
DyUWm3UjsxXOsaOztTc/WVRmS8fdgVPFOWW0G8nBKG0htCGakXbadMW/bP9PvH6c
qor0oR1Kl9Piut1K7NwdTy7ib//hNjXer3LClBv6J6nhbjTZvkn8PgFYowuJqECm
2Zp+3XPGCHLuKVg8iq3ii4m1pbWVoBeURXuhISuugjg=
]
INFO	[2014-09-15 01:27:46:307] <376> VERIFY OK
INFO	[2014-09-15 01:27:46:307] <376> PARSE HEAD OK
INFO	[2014-09-15 01:27:46:311] <376> PARSE BODY OK
INFO	[2014-09-15 01:27:46:315] <376> DECRYPT OK
DEBUG	[2014-09-15 01:27:46:315] <376> DECRYPT MSG:[<?xml version="1.0" encoding="UTF-8"?>
<PaymentInfo>
  <Payment>
    <EASYPAY/>
    <Card>
      <CARD_ApplPrice>89000</CARD_ApplPrice>
      <CARD_Num>940915104544</CARD_Num>
      <CARD_Expire></CARD_Expire>
      <CARD_Code>03</CARD_Code>
      <CARD_BankCode>00</CARD_BankCode>
      <CARD_Quota>03</CARD_Quota>
      <CARD_Interest>0</CARD_Interest>
      <CARD_Point></CARD_Point>
      <CARD_AuthType>99</CARD_AuthType>
      <CARD_RegNum></CARD_RegNum>
      <CARD_ApplDate>20140915</CARD_ApplDate>
      <CARD_ApplTime>012747</CARD_ApplTime>
      <CARD_ApplNum>51938038</CARD_ApplNum>
      <CARD_TerminalNum>019048y000</CARD_TerminalNum>
      <CARD_MemberNum></CARD_MemberNum>
      <CARD_PurchaseCode></CARD_PurchaseCode>
      <CARD_ResultCode>120000</CARD_ResultCode>
      <CARD_ResultMsg urlencode="1">%C1%A4%BB%F3%C3%B3%B8%AE%B5%C7%BE%FA%BD%C0%B4%CF%B4%D9.</CARD_ResultMsg>
      <CARD_PrtcCode>1</CARD_PrtcCode>
      <CARD_Quota_Point>03</CARD_Quota_Point>
      <CARD_CheckFlag>0</CARD_CheckFlag>
      <CARD_PurchaseName urlencode="1"></CARD_PurchaseName>
      <CARD_IssuerName urlencode="1"></CARD_IssuerName>
      <CARD_JoinUsePoint></CARD_JoinUsePoint>
    </Card>
  </Payment>
</PaymentInfo>]
INFO	[2014-09-15 01:27:46:324] <376> DECRYPT PARSE OK
INFO	[2014-09-15 01:27:46:325] <376> WAIT ACK INVOKING
DEBUG	[2014-09-15 01:27:46:325] <376> MAKE HEAD OK
INFO	[2014-09-15 01:27:46:328] <376> SUCCESS ACK INVOKING
INFO	[2014-09-15 01:27:46:328] <376> END securepay 정상처리되었습니다. Laptime:[0.71sec]
INFO	[2014-09-15 01:27:46:329] <376> ===============================================================
INFO	[2014-09-15 21:28:29:757] <24109> START INIPHP chkfake (V5031-111123)(OS:Linux2.6.18-371.11.1.el5,PHP:5.2.17)
DEBUG	[2014-09-15 21:28:29:760] <24109> inipayhome:/www/loosfly_godo_co_kr/shop/order/card/inipay
DEBUG	[2014-09-15 21:28:29:760] <24109> type:chkfake
DEBUG	[2014-09-15 21:28:29:760] <24109> debug:true
DEBUG	[2014-09-15 21:28:29:760] <24109> enctype:asym
DEBUG	[2014-09-15 21:28:29:760] <24109> admin:1111
DEBUG	[2014-09-15 21:28:29:760] <24109> checkopt:false
DEBUG	[2014-09-15 21:28:29:760] <24109> mid:GODOloosfl
DEBUG	[2014-09-15 21:28:29:760] <24109> price:89000
DEBUG	[2014-09-15 21:28:29:760] <24109> nointerest:no
DEBUG	[2014-09-15 21:28:29:760] <24109> quotabase:선택:일시불:2개월:3개월:4개월:5개월:6개월:7개월:8개월:9개월:10개월:11개월:12개월
INFO	[2014-09-15 21:28:29:760] <24109> Check Field OK
INFO	[2014-09-15 21:28:29:766] <24109> MERCHANT PRIV KEY LOAD OK
INFO	[2014-09-15 21:28:29:770] <24109> MERCHANT PUB KEY LOAD OK []
INFO	[2014-09-15 21:28:29:772] <24109> CHKFAKE KEY MAKE OK:MjAxNDA5MTUyMTI4Mjk3NzA4NzAyOA==

INFO	[2014-09-15 21:28:29:772] <24109> END chkfake  Laptime:[0.02sec]
INFO	[2014-09-15 21:28:29:772] <24109> ===============================================================
INFO	[2014-09-15 22:34:45:219] <25052> START INIPHP chkfake (V5031-111123)(OS:Linux2.6.18-371.11.1.el5,PHP:5.2.17)
DEBUG	[2014-09-15 22:34:45:223] <25052> inipayhome:/www/loosfly_godo_co_kr/shop/order/card/inipay
DEBUG	[2014-09-15 22:34:45:223] <25052> type:chkfake
DEBUG	[2014-09-15 22:34:45:223] <25052> debug:true
DEBUG	[2014-09-15 22:34:45:223] <25052> enctype:asym
DEBUG	[2014-09-15 22:34:45:223] <25052> admin:1111
DEBUG	[2014-09-15 22:34:45:223] <25052> checkopt:false
DEBUG	[2014-09-15 22:34:45:223] <25052> mid:GODOloosfl
DEBUG	[2014-09-15 22:34:45:223] <25052> price:89000
DEBUG	[2014-09-15 22:34:45:223] <25052> nointerest:no
DEBUG	[2014-09-15 22:34:45:223] <25052> quotabase:선택:일시불:2개월:3개월:4개월:5개월:6개월:7개월:8개월:9개월:10개월:11개월:12개월
INFO	[2014-09-15 22:34:45:223] <25052> Check Field OK
INFO	[2014-09-15 22:34:45:241] <25052> MERCHANT PRIV KEY LOAD OK
INFO	[2014-09-15 22:34:45:244] <25052> MERCHANT PUB KEY LOAD OK []
INFO	[2014-09-15 22:34:45:248] <25052> CHKFAKE KEY MAKE OK:MjAxNDA5MTUyMjM0NDUyNDU4Mzg1MQ==

INFO	[2014-09-15 22:34:45:248] <25052> END chkfake  Laptime:[0.05sec]
INFO	[2014-09-15 22:34:45:248] <25052> ===============================================================
INFO	[2014-09-15 22:41:18:755] <375> START INIPHP chkfake (V5031-111123)(OS:Linux2.6.18-371.11.1.el5,PHP:5.2.17)
DEBUG	[2014-09-15 22:41:18:755] <375> inipayhome:/www/loosfly_godo_co_kr/shop/order/card/inipay
DEBUG	[2014-09-15 22:41:18:755] <375> type:chkfake
DEBUG	[2014-09-15 22:41:18:755] <375> debug:true
DEBUG	[2014-09-15 22:41:18:755] <375> enctype:asym
DEBUG	[2014-09-15 22:41:18:755] <375> admin:1111
DEBUG	[2014-09-15 22:41:18:755] <375> checkopt:false
DEBUG	[2014-09-15 22:41:18:755] <375> mid:GODOloosfl
DEBUG	[2014-09-15 22:41:18:755] <375> price:89000
DEBUG	[2014-09-15 22:41:18:755] <375> nointerest:no
DEBUG	[2014-09-15 22:41:18:755] <375> quotabase:선택:일시불:2개월:3개월:4개월:5개월:6개월:7개월:8개월:9개월:10개월:11개월:12개월
INFO	[2014-09-15 22:41:18:755] <375> Check Field OK
INFO	[2014-09-15 22:41:18:755] <375> MERCHANT PRIV KEY LOAD OK
INFO	[2014-09-15 22:41:18:756] <375> MERCHANT PUB KEY LOAD OK []
INFO	[2014-09-15 22:41:18:757] <375> CHKFAKE KEY MAKE OK:MjAxNDA5MTUyMjQxMTg3NTY3NTA1MQ==

INFO	[2014-09-15 22:41:18:757] <375> END chkfake  Laptime:[0sec]
INFO	[2014-09-15 22:41:18:757] <375> ===============================================================
INFO	[2014-09-15 22:41:49:77] <375> START INIPHP chkfake (V5031-111123)(OS:Linux2.6.18-371.11.1.el5,PHP:5.2.17)
DEBUG	[2014-09-15 22:41:49:77] <375> inipayhome:/www/loosfly_godo_co_kr/shop/order/card/inipay
DEBUG	[2014-09-15 22:41:49:77] <375> type:chkfake
DEBUG	[2014-09-15 22:41:49:77] <375> debug:true
DEBUG	[2014-09-15 22:41:49:77] <375> enctype:asym
DEBUG	[2014-09-15 22:41:49:77] <375> admin:1111
DEBUG	[2014-09-15 22:41:49:77] <375> checkopt:false
DEBUG	[2014-09-15 22:41:49:77] <375> mid:GODOloosfl
DEBUG	[2014-09-15 22:41:49:77] <375> price:89000
DEBUG	[2014-09-15 22:41:49:77] <375> nointerest:no
DEBUG	[2014-09-15 22:41:49:77] <375> quotabase:선택:일시불:2개월:3개월:4개월:5개월:6개월:7개월:8개월:9개월:10개월:11개월:12개월
INFO	[2014-09-15 22:41:49:77] <375> Check Field OK
INFO	[2014-09-15 22:41:49:78] <375> MERCHANT PRIV KEY LOAD OK
INFO	[2014-09-15 22:41:49:78] <375> MERCHANT PUB KEY LOAD OK []
INFO	[2014-09-15 22:41:49:79] <375> CHKFAKE KEY MAKE OK:MjAxNDA5MTUyMjQxNDkwNzg4NTI4NQ==

INFO	[2014-09-15 22:41:49:79] <375> END chkfake  Laptime:[0sec]
INFO	[2014-09-15 22:41:49:79] <375> ===============================================================
INFO	[2014-09-15 22:45:27:14] <377> START INIPHP securepay (V5031-111123)(OS:Linux2.6.18-371.11.1.el5,PHP:5.2.17)
DEBUG	[2014-09-15 22:45:27:14] <377> inipayhome:/www/loosfly_godo_co_kr/shop/order/card/inipay
DEBUG	[2014-09-15 22:45:27:14] <377> type:securepay
DEBUG	[2014-09-15 22:45:27:14] <377> pgid:INIphpCARD
DEBUG	[2014-09-15 22:45:27:14] <377> subpgip:203.238.3.10
DEBUG	[2014-09-15 22:45:27:14] <377> admin:1111
DEBUG	[2014-09-15 22:45:27:14] <377> debug:true
DEBUG	[2014-09-15 22:45:27:14] <377> uid:
DEBUG	[2014-09-15 22:45:27:14] <377> goodname:Basic Lace Leotard Type B (Black)
DEBUG	[2014-09-15 22:45:27:14] <377> currency:WON
DEBUG	[2014-09-15 22:45:27:14] <377> mid:GODOloosfl
DEBUG	[2014-09-15 22:45:27:14] <377> rn:MjAxNDA5MTUyMjQxNDkwNzg4NTI4NQ==

DEBUG	[2014-09-15 22:45:27:14] <377> price:89000
DEBUG	[2014-09-15 22:45:27:14] <377> enctype:
DEBUG	[2014-09-15 22:45:27:14] <377> buyername:권수빈
DEBUG	[2014-09-15 22:45:27:14] <377> buyertel:010-7187-3945
DEBUG	[2014-09-15 22:45:27:14] <377> buyeremail:susu483@naver.com
DEBUG	[2014-09-15 22:45:27:14] <377> paymethod:Card
DEBUG	[2014-09-15 22:45:27:14] <377> encrypted:Version=4.1&PayMethod=Card&RsaKeyNum=1&EncryptionAlgorithm=SEED-CBC&SignAlgorithm=RSAwithSHA1&CertVer=39&moid=1410788503815&ver_trace=main(6086,6053)card(6114,6104)n(6008)Cs(6022)Dt(6002)Pa(6002)Cf(6024)Fv(0000)La(6130)Re(6083)Vr(6006)P(6033)en(6038)nP(6006)&pg1=203.238.37.3&pg2=211.219.96.180&pg1ip=203.238.37.3&pg2ip=211.219.96.180&agreeflag=1111&Data=y8f0A3B/IkHhrvRD9i1ito1ul8cHGDGtvKD1pGkrmowk7x7NMtWE504wmPI3jbPr
TaPw9hg8Mi6MwOAyUZs01mJu9CyYtKp9/xzD/RMtgZqp+j+6nJGnKwfa2ZV4a9oQ
Ml6/Y2d2s9gwjDejrdFSqdfRaDlRC6bEelo8JjEcz4+MoT7Ckt0KsSVYpZ3SSFh+
i2Sm6w6NbGwC5Ey/4qU5VK3nPNObPaNFRTWODHDM3YzxXz+DiFAM9Ganv5FdE1tJ
oDgmXl0CjpvqIkyU0Oj4YH3PX6LQr3E/I6QbI4b/iSFdFVX3hio+dJ2+PxMlrCtm
tdXdzpO/9XOP9EqQAdbPAPz7uLoG7MTDwYgFitT8RoJB9QZr3ZGEmpsb1964UVwy
NGwGookVVsOdgY/5GXJZdHEz3AREVuMJ/1UiG9MmJoTTZG+Nir2kF7/rQ65bEFnn
BNn1cNc2msYS3Ow8qWMtCPyhMAbnKGH5R/rtjMpeAv9wbpF2/09NQG4DObfv/DNc
mODoBgLOBUqeE+rmrir7dCgmRJ8RL3+3CAuKRREpwGA1fy6+/vKnwnWRLPvy1p1X
Zg2RGL77NcEMAYUh5txlwGhWghfj0VoFKE1MTECIOIjNNQa+ylxp7O48GCBjhYT9
gv5U97awM0lbV0wOx7FfMEqXMGec0VP/yrmSCtJUxR6YYvNK4xKncVy2ZQo=
DEBUG	[2014-09-15 22:45:27:14] <377> sessionkey:D0VG7475pD7PgEUuTjlIAjTXdFkHTrKheF7Y6lb9eDyBAE/FCkmNQKFbJxi1PG8y
v9u+CnplxV1wkoN/Jn+Ugm88kuZtrSsaUvlMbf6ryIQ4wJcjuH9yrngSf3VMd34v
9ClHDUq1Jt9th217nMyvvahh6Vl43zOQgmiegFRyPjI=
DEBUG	[2014-09-15 22:45:27:14] <377> url:http://www.loosfly.com
DEBUG	[2014-09-15 22:45:27:14] <377> cardcode:17
DEBUG	[2014-09-15 22:45:27:14] <377> parentemail:susu483@naver.com
DEBUG	[2014-09-15 22:45:27:14] <377> recvname:권수빈
DEBUG	[2014-09-15 22:45:27:14] <377> recvtel:010-7187-3945
DEBUG	[2014-09-15 22:45:27:14] <377> recvaddr:경기 안산시 단원구 고잔2동 주공1단지아파트 19동404호
DEBUG	[2014-09-15 22:45:27:14] <377> recvpostnum:425-720
DEBUG	[2014-09-15 22:45:27:14] <377> recvmsg:
DEBUG	[2014-09-15 22:45:27:14] <377> joincard:
DEBUG	[2014-09-15 22:45:27:14] <377> joinexpire:
DEBUG	[2014-09-15 22:45:27:14] <377> id_customer:
INFO	[2014-09-15 22:45:27:14] <377> Check Field OK
INFO	[2014-09-15 22:45:27:14] <377> Make TID OK INIphpCARDGODOloosfl20140915224527148410
INFO	[2014-09-15 22:45:27:14] <377> PI PUB KEY LOAD OK [39]
INFO	[2014-09-15 22:45:27:22] <377> PG PUB KEY LOAD OK [30]
INFO	[2014-09-15 22:45:27:22] <377> MERCHANT PRIV KEY LOAD OK
INFO	[2014-09-15 22:45:27:22] <377> MERCHANT PUB KEY LOAD OK [0]
INFO	[2014-09-15 22:45:27:24] <377> MAKE BODY OK
INFO	[2014-09-15 22:45:27:25] <377> SIGN OK
INFO	[2014-09-15 22:45:27:25] <377> MAKE HEAD OK
INFO	[2014-09-15 22:45:27:25] <377> MSG_TO_PG:[0305500175R SHA1                   0                  39                  300200GODOloosfl               89000INIphpCARDGODOloosfl20140915224527148410<?xml version="1.0" encoding="UTF-8"?>
<INIpay>
	  <GoodsInfo>
	    <GoodsCnt>1</GoodsCnt>
	    <MOID/>
	    <Currency>WON</Currency>
	    <Tax/>
	    <TaxFree/>
	    <Goods>
	      <SMID>GODOloosfl</SMID>
	      <GoodsName urlencode="1">Basic+Lace+Leotard+Type+B+%28Black%29</GoodsName>
	      <GoodsPrice>89000</GoodsPrice></Goods></GoodsInfo>
	  <BuyerInfo>
	    <BuyerName urlencode="1">%B1%C7%BC%F6%BA%F3</BuyerName>
	    <BuyerTel>010-7187-3945</BuyerTel>
	    <BuyerEmail urlencode="1">susu483%40naver.com</BuyerEmail>
	    <ParentEmail urlencode="1">susu483%40naver.com</ParentEmail>
	    <RecvName urlencode="1">%B1%C7%BC%F6%BA%F3</RecvName>
	    <RecvTel urlencode="1">010-7187-3945</RecvTel>
	    <RecvMsg/>
	    <RecvAddr urlencode="1">%B0%E6%B1%E2+%BE%C8%BB%EA%BD%C3+%B4%DC%BF%F8%B1%B8+%B0%ED%C0%DC2%B5%BF+%C1%D6%B0%F81%B4%DC%C1%F6%BE%C6%C6%C4%C6%AE+19%B5%BF404%C8%A3</RecvAddr>
	    <RecvPostNum urlencode="1">425-720</RecvPostNum></BuyerInfo>
	  <PaymentInfo>
	    <Payment>
	      <PayMethod>Card</PayMethod>
	      <JoinCard/>
	      <JoinExpire/>
	      <MailOrder/>
	      <SessionKey>D0VG7475pD7PgEUuTjlIAjTXdFkHTrKheF7Y6lb9eDyBAE/FCkmNQKFbJxi1PG8y
v9u+CnplxV1wkoN/Jn+Ugm88kuZtrSsaUvlMbf6ryIQ4wJcjuH9yrngSf3VMd34v
9ClHDUq1Jt9th217nMyvvahh6Vl43zOQgmiegFRyPjI=</SessionKey>
	      <Encrypted urlencode="1">Version%3D4.1%26PayMethod%3DCard%26RsaKeyNum%3D1%26EncryptionAlgorithm%3DSEED-CBC%26SignAlgorithm%3DRSAwithSHA1%26CertVer%3D39%26moid%3D1410788503815%26ver_trace%3Dmain%286086%2C6053%29card%286114%2C6104%29n%286008%29Cs%286022%29Dt%286002%29Pa%286002%29Cf%286024%29Fv%280000%29La%286130%29Re%286083%29Vr%286006%29P%286033%29en%286038%29nP%286006%29%26pg1%3D203.238.37.3%26pg2%3D211.219.96.180%26pg1ip%3D203.238.37.3%26pg2ip%3D211.219.96.180%26agreeflag%3D1111%26Data%3Dy8f0A3B%2FIkHhrvRD9i1ito1ul8cHGDGtvKD1pGkrmowk7x7NMtWE504wmPI3jbPr%0D%0ATaPw9hg8Mi6MwOAyUZs01mJu9CyYtKp9%2FxzD%2FRMtgZqp%2Bj%2B6nJGnKwfa2ZV4a9oQ%0D%0AMl6%2FY2d2s9gwjDejrdFSqdfRaDlRC6bEelo8JjEcz4%2BMoT7Ckt0KsSVYpZ3SSFh%2B%0D%0Ai2Sm6w6NbGwC5Ey%2F4qU5VK3nPNObPaNFRTWODHDM3YzxXz%2BDiFAM9Ganv5FdE1tJ%0D%0AoDgmXl0CjpvqIkyU0Oj4YH3PX6LQr3E%2FI6QbI4b%2FiSFdFVX3hio%2BdJ2%2BPxMlrCtm%0D%0AtdXdzpO%2F9XOP9EqQAdbPAPz7uLoG7MTDwYgFitT8RoJB9QZr3ZGEmpsb1964UVwy%0D%0ANGwGookVVsOdgY%2F5GXJZdHEz3AREVuMJ%2F1UiG9MmJoTTZG%2BNir2kF7%2FrQ65bEFnn%0D%0ABNn1cNc2msYS3Ow8qWMtCPyhMAbnKGH5R%2FrtjMpeAv9wbpF2%2F09NQG4DObfv%2FDNc%0D%0AmODoBgLOBUqeE%2Brmrir7dCgmRJ8RL3%2B3CAuKRREpwGA1fy6%2B%2FvKnwnWRLPvy1p1X%0D%0AZg2RGL77NcEMAYUh5txlwGhWghfj0VoFKE1MTECIOIjNNQa%2Bylxp7O48GCBjhYT9%0D%0Agv5U97awM0lbV0wOx7FfMEqXMGec0VP%2FyrmSCtJUxR6YYvNK4xKncVy2ZQo%3D</Encrypted></Payment></PaymentInfo>
	  <ReservedInfo>
	    <MReserved1/>
	    <MReserved2/>
	    <MReserved3/></ReservedInfo>
	  <ManageInfo>
	    <Language/>
	    <URL urlencode="1">http%3A%2F%2Fwww.loosfly.com</URL>
	    <TXVersion>5031B111123securLinux     PHPchkfake   2.6.18-371.11.1.el5PHP:5.2.17 </TXVersion>
	    <TXUserID/>
	    <TXRegNum/>
	    <Ack>1</Ack>
	    <TXRN>MjAxNDA5MTUyMjQxNDkwNzg4NTI4NQ==
</TXRN></ManageInfo></INIpay>Acl0hCQLy7jATmnJBHv3jPrj2yrktLRduFJKg0fWW/OCnJwFH1OYwxdntzGq0mC5
aBPtFrNAT2DFbXOyDQRjZ3PkuadvfWsTKQsOsrjTSqa9lfdHwqCjg9AB1BBvInZw
MY8DQ28PKUxTIkgbVJXw4HQgBgaOAKfKpVi5UeZudH12
]
INFO	[2014-09-15 22:45:27:25] <377> DNS LOOKUP OK(203.238.37.3:203.238.37.3:34049) laptime:0
INFO	[2014-09-15 22:45:27:28] <377> SOCKET CONNECT OK
INFO	[2014-09-15 22:45:27:28] <377> SEND OK
INFO	[2014-09-15 22:45:27:771] <377> RECV OK
INFO	[2014-09-15 22:45:27:771] <377> MSG_FROM_PG:[0299500175D SHA1                   0                  39                  300210GODOloosfl               89000INIphpCARDGODOloosfl20140915224527148410<?xml version="1.0" encoding="UTF-8"?>
<INIpay>
  <GoodsInfo>
    <GoodsCnt>1</GoodsCnt>
    <MOID urlencode="1">1410788503815</MOID>
    <Currency>WON</Currency>
    <Goods no="1">
      <SMID>GODOloosfl</SMID>
      <GoodsName urlencode="1">Basic+Lace+Leotard+Type+B+%28Black%29</GoodsName>
      <GoodsCntS>1</GoodsCntS>
      <GoodsPrice>89000</GoodsPrice>
    </Goods>
  </GoodsInfo>
  <PaymentInfo>
    <Payment>
      <SessionKey>AIc9gQjkud9bK+1sNP+I3iUu6SbCkx2/Q62PVBqYDezosYOFybuHe3lHQ8Alml55
HzM+SyIjjdl91+1jwP2cr9QQLFzyW1maRxjoY2agbc/Z3MINNojY4tmwi3H/vHOS
rYGeTSoacpCBC83LVIkzdUnfd6g0R/9E5Y3DyxlWHrplLROcJnr+M4g=
</SessionKey>
      <Encrypted>/iKfDEPfskXXHjT5/S2JrucHP8RDsg3Sve1aTuYSrVXsvG0c8fKVvKRiIGT55iov
rLkehQXDdGMcUWNf6ArGZbBVNqk3DOn+z7o4CxnZrnK5eHjXNVeYo06vyEP3hpjl
HxkO/fVjrXLHGB+9Au7VKQpnzi8ZBe3U9xtXg3Ox2063k0QIxpM7qo9p/CKUJMPj
dQONjjFMMhOPkktf//pD9vKDGLMgqn21QgLwp9n+18gBA1pBGSzIz39KxNDyydmW
R/h+kvGTbaCystRVFD9JezpZ8P1enkHPqEtOKHFzyp5cE83ZBJxVgK8+QlfPlahb
Rgoob3MR/NYiPzFj0Wia0KXNcuJ2hjdnt9MT20wkLifF+1vzi33QsBR/6L89CYkz
lR2w4Wkp3W+L6OvsR8iNEVVL+pe2Tf4t1LyurEvM2eV41BtBuJ03Of/GjtzoJ6zx
scvEhD1oLNj2tVksy6DLC+IkenGf2ORkiMIIheayKaB2/k7dvp7kxXol9q6P1Qnh
TvWSeyH9UZdCmytn/CfBmr0IltxUMq3519BaZi0OzoEsCi3oljNkS2T/NExWjxB1
/yd+oo+FfTvBIVXucIhMiRbtRWvPI1yNlVkDnZ/TAH+Y48CgK5kFdRAcMdHY/fbg
iD9PYFUd2ahVYhX4tNaJ68dVN5N1lPYUZuox2uTnXRGr4GU/4yJQaCweoR6nEEW3
DXQ4ntoOyS334tjShfmNvYNQWScQRa6IW4zsGVjS3shQY3AZkaRU1TOmJ72vMR8m
BbDtHT+c6RnjJXKb3VzBzK73K9anCMvnvhOUCqcX3D2TXsXPhIF+L6nDM9e+acIZ
CfulGxMp9CrbLZn1RSjgBE+i1uUo7JbSa+cy+8C+BqPVvvJCCNcAl0do5+vhccnP
5gB5QT4ogA87ghqF6q/lgGSyIQprkIoduzHEgEAyC6p4mMFy01m+NkhckA5GoZpz
4JWOqh2NgsK/akd6JyXN/mDaW9fswneH2Kixfdfyz/VSpFONv5TQ+Z8RJ4L+4jmm
4KTQrdtQ6GUdn7HqIzXrO0NbRDT9s/3FfZEjj0aJf/vqVJNsyHhGhIT5Rp/DEGyA
nPq9+Rl8yDl62EXc7DLJMqi6c056oaUoAwQYVLd8uv8BvCFtVXmcoyG6FpsY9mg0
VaaFSNJ0HPUj7wD9MMk/u3dsx+roHCM+PWCGblIfB8CtNDbw5De3mp5khKvolBhL
p+7IuePT0frdJCXiRe5sbWaUj4DVy8j8gSrGdQPCVZ9PdG7C3/EtfXVqQtLOSTix
xnDex99QhukMevjzirM8CrfFjRFeViq4KZrUE29CqRxluyC6tlIRm9vEn5gbOGnw
2yH4g+iV4vlcKS4DEh8L8xDTs/Y4TtUBm3fiygCVPcnzkpJAMLs65ev8cPqjryJj
giyzBMZ4yFO0eeBgZA9Nd7O+oQUFXnbsqKLAYmoEumATrRld80/R0hhFrP2pfdLe
4Fck2POX2m+s3hGSmUY4IE708dI9x0HazROOOwyxd9gF7cNwIP1n5uVkFVtc+iRa
ZmNmOt2ISmMB3lvHvRS9dERREu8zrclBl+Y/qiEMnWXEk+VdEZrco/AFupVtZaYR
qsVB93isOWSRkx7J5TwwP5Ifu+kGcnuQ
</Encrypted>
      <PayMethod>Card</PayMethod>
      <ResultCode>120000</ResultCode>
      <ResultMsg urlencode="1">%C1%A4%BB%F3%C3%B3%B8%AE%B5%C7%BE%FA%BD%C0%B4%CF%B4%D9.</ResultMsg>
    </Payment>
  </PaymentInfo>
  <ManageInfo>
    <EventCode></EventCode>
    <OrgCurrency></OrgCurrency>
    <ExchangeRate></ExchangeRate>
    <OrgPrice></OrgPrice>
  </ManageInfo>
  <ReservedInfo>
    <MReserved1 urlencode="1"></MReserved1>
    <MReserved2 urlencode="1"></MReserved2>
    <MReserved3 urlencode="1"></MReserved3>
    <PGReserved1 urlencode="1"></PGReserved1>
    <PGReserved2 urlencode="1"></PGReserved2>
    <PGReserved3 urlencode="1"></PGReserved3>
  </ReservedInfo>
</INIpay>
WyDXDoymLUQ2hxWjv/Do/vCP0SAqeKj2Z+LmBpsUwwsS3Jz9geoK46ZUZpw3/FvG
2lpmGa1LjKC4IAOyvlVt3IGC5b6PAYWxoVaRbDnRgBxLBnkBGaygoRxdjHiDWiv5
isVI0tTWPX3RKwvgrpzQ1bLTmvgBs2JTJ22Oot5vEG8=
]
INFO	[2014-09-15 22:45:27:772] <377> VERIFY OK
INFO	[2014-09-15 22:45:27:772] <377> PARSE HEAD OK
INFO	[2014-09-15 22:45:27:774] <377> PARSE BODY OK
INFO	[2014-09-15 22:45:27:776] <377> DECRYPT OK
DEBUG	[2014-09-15 22:45:27:776] <377> DECRYPT MSG:[<?xml version="1.0" encoding="UTF-8"?>
<PaymentInfo>
  <Payment>
    <EASYPAY/>
    <Card>
      <CARD_ApplPrice>89000</CARD_ApplPrice>
      <CARD_Num>457047301759</CARD_Num>
      <CARD_Expire></CARD_Expire>
      <CARD_Code>17</CARD_Code>
      <CARD_BankCode>81</CARD_BankCode>
      <CARD_Quota>03</CARD_Quota>
      <CARD_Interest>0</CARD_Interest>
      <CARD_Point></CARD_Point>
      <CARD_AuthType>99</CARD_AuthType>
      <CARD_RegNum></CARD_RegNum>
      <CARD_ApplDate>20140915</CARD_ApplDate>
      <CARD_ApplTime>224528</CARD_ApplTime>
      <CARD_ApplNum>40480184</CARD_ApplNum>
      <CARD_TerminalNum>019048y000</CARD_TerminalNum>
      <CARD_MemberNum></CARD_MemberNum>
      <CARD_PurchaseCode></CARD_PurchaseCode>
      <CARD_ResultCode>120000</CARD_ResultCode>
      <CARD_ResultMsg urlencode="1">%C1%A4%BB%F3%C3%B3%B8%AE%B5%C7%BE%FA%BD%C0%B4%CF%B4%D9.</CARD_ResultMsg>
      <CARD_PrtcCode>1</CARD_PrtcCode>
      <CARD_Quota_Point>03</CARD_Quota_Point>
      <CARD_CheckFlag>0</CARD_CheckFlag>
      <CARD_PurchaseName urlencode="1"></CARD_PurchaseName>
      <CARD_IssuerName urlencode="1"></CARD_IssuerName>
      <CARD_JoinUsePoint></CARD_JoinUsePoint>
    </Card>
  </Payment>
</PaymentInfo>]
INFO	[2014-09-15 22:45:27:778] <377> DECRYPT PARSE OK
INFO	[2014-09-15 22:45:27:778] <377> WAIT ACK INVOKING
DEBUG	[2014-09-15 22:45:27:778] <377> MAKE HEAD OK
INFO	[2014-09-15 22:45:27:781] <377> SUCCESS ACK INVOKING
INFO	[2014-09-15 22:45:27:781] <377> END securepay 정상처리되었습니다. Laptime:[0.77sec]
INFO	[2014-09-15 22:45:27:781] <377> ===============================================================
