INFO	[2013-09-27 10:04:04:207] <25435> START INIPHP chkfake (V5031-111123)(OS:Linux2.6.18-348.16.1.el5,PHP:5.2.17)
DEBUG	[2013-09-27 10:04:04:207] <25435> inipayhome:/www/loosfly_godo_co_kr/shop/order/card/inipay
DEBUG	[2013-09-27 10:04:04:207] <25435> type:chkfake
DEBUG	[2013-09-27 10:04:04:207] <25435> debug:true
DEBUG	[2013-09-27 10:04:04:207] <25435> enctype:asym
DEBUG	[2013-09-27 10:04:04:207] <25435> admin:1111
DEBUG	[2013-09-27 10:04:04:207] <25435> checkopt:false
DEBUG	[2013-09-27 10:04:04:207] <25435> mid:GODOloosfl
DEBUG	[2013-09-27 10:04:04:207] <25435> price:89000
DEBUG	[2013-09-27 10:04:04:207] <25435> nointerest:no
DEBUG	[2013-09-27 10:04:04:207] <25435> quotabase:선택:일시불:2개월:3개월:4개월:5개월:6개월:7개월:8개월:9개월:10개월:11개월:12개월
INFO	[2013-09-27 10:04:04:207] <25435> Check Field OK
INFO	[2013-09-27 10:04:04:212] <25435> MERCHANT PRIV KEY LOAD OK
INFO	[2013-09-27 10:04:04:216] <25435> MERCHANT PUB KEY LOAD OK []
INFO	[2013-09-27 10:04:04:218] <25435> CHKFAKE KEY MAKE OK:MjAxMzA5MjcxMDA0MDQyMTY1NTUyNw==

INFO	[2013-09-27 10:04:04:218] <25435> END chkfake  Laptime:[0.02sec]
INFO	[2013-09-27 10:04:04:218] <25435> ===============================================================
INFO	[2013-09-27 10:06:08:768] <3924> START INIPHP securepay (V5031-111123)(OS:Linux2.6.18-348.16.1.el5,PHP:5.2.17)
DEBUG	[2013-09-27 10:06:08:768] <3924> inipayhome:/www/loosfly_godo_co_kr/shop/order/card/inipay
DEBUG	[2013-09-27 10:06:08:768] <3924> type:securepay
DEBUG	[2013-09-27 10:06:08:768] <3924> pgid:INIphpCARD
DEBUG	[2013-09-27 10:06:08:768] <3924> subpgip:203.238.3.10
DEBUG	[2013-09-27 10:06:08:768] <3924> admin:1111
DEBUG	[2013-09-27 10:06:08:768] <3924> debug:true
DEBUG	[2013-09-27 10:06:08:768] <3924> uid:
DEBUG	[2013-09-27 10:06:08:768] <3924> goodname:Purple Highneck Lace Leotard
DEBUG	[2013-09-27 10:06:08:768] <3924> currency:WON
DEBUG	[2013-09-27 10:06:08:768] <3924> mid:GODOloosfl
DEBUG	[2013-09-27 10:06:08:768] <3924> rn:MjAxMzA5MjcxMDA0MDQyMTY1NTUyNw==

DEBUG	[2013-09-27 10:06:08:768] <3924> price:89000
DEBUG	[2013-09-27 10:06:08:768] <3924> enctype:
DEBUG	[2013-09-27 10:06:08:768] <3924> buyername:이동수
DEBUG	[2013-09-27 10:06:08:768] <3924> buyertel:010-9930-3242
DEBUG	[2013-09-27 10:06:08:768] <3924> buyeremail:neutral@nate.com
DEBUG	[2013-09-27 10:06:08:768] <3924> paymethod:Card
DEBUG	[2013-09-27 10:06:08:768] <3924> encrypted:Version=4.1&PayMethod=Card&RsaKeyNum=1&EncryptionAlgorithm=SEED-CBC&SignAlgorithm=RSAwithSHA1&CertVer=39&moid=1380243824392&ver_trace=main(6076,6049)card(6092,6085)n(6008)Cs(6021)Dt(6002)Pa(6002)Cf(6024)Fv(0000)La(6113)Re(6067)Vr(6006)P(6030)en(6030)nP(6004)&pg1=203.238.37.3&pg2=211.219.96.180&pg1ip=203.238.37.3&pg2ip=211.219.96.180&agreeflag=1111&Data=guDt1iZwElLEAJIeb4+n733YoN5+NPMrvilc7HHAX4k4As/Ad6qs63920jX9fbHa
LDWnNnufMlj8RF15EgDAbeA8rYrhP+ozm7GMwk8hqnSfqOw7hg77NudhMKv+zvqj
JupR+ALwmH7buod0lfbDAv+HHg5MDuNJvMQsvFWyKUlJlKNqa+pYe30H00yU3iyK
+bNXQjyajlj6+XttKWcg6ahd1UeJ7wR1IPjxdSr6ynkd0O7XCbxTl0YbcwyXY3wl
1thCmuP3HVpfzPp03qB/Jk5kShCy91KKKnD/qLb/BkBukhNsL9hw43hc6Yw3N+XC
8K39gZma+7M9sr63rq84HXESNhcDIW5jptmjpMjcDiXEUc2RKzk/03aXyN1UIDy+
mwNF79/OoWeENDScsBEdjmrMaJqTAEmAPV/UqO6k8X3oOMR/m0UhreJucDA33582
W3/12SAFtzekwiwqc+05drd9R9IkK/cJZ2VMAhnO//hU0xDLjHDSz2TZkpJHB+xx
MRbNRCuUAnQc5P6AsMsOOyBczmY8n6U3xxrZ4up8sn4rgUzS/Jx0sAq11mC/4hvK
xppq/XrufoU+VO0LnM7zkxUUUrc0bBnJjaa5ntaGVJXg26vMudWkXHzNLbVNzpTn
bTgja0ROscNyns2JJtri3dLHcdiechPaySMyptYr1XLDMDOyouE=
DEBUG	[2013-09-27 10:06:08:768] <3924> sessionkey:jDG6U00hy79z91hs8ot2lgWjBAQTfpagJHInLnyrbXE51x4FWrmdnFfm+U3Vt6Fh
yip1PoOrD0xwQyDPlRc/AIDVAH3VGqIfMAd3OSTgtrfVL6JmHwS6b+Fak9GSzmaV
f8tIs6lL5U3s0bL0ju1cmB/eOiCSiLujxqsMoZpB2M8=
DEBUG	[2013-09-27 10:06:08:768] <3924> url:http://www.loosfly.com
DEBUG	[2013-09-27 10:06:08:768] <3924> cardcode:14
DEBUG	[2013-09-27 10:06:08:768] <3924> parentemail:neutral@nate.com
DEBUG	[2013-09-27 10:06:08:768] <3924> recvname:이동수
DEBUG	[2013-09-27 10:06:08:768] <3924> recvtel:010-9930-3242
DEBUG	[2013-09-27 10:06:08:768] <3924> recvaddr:서울 강남구 논현2동 쌍용아파트 702호
DEBUG	[2013-09-27 10:06:08:768] <3924> recvpostnum:135-820
DEBUG	[2013-09-27 10:06:08:768] <3924> recvmsg:
DEBUG	[2013-09-27 10:06:08:768] <3924> joincard:
DEBUG	[2013-09-27 10:06:08:768] <3924> joinexpire:
DEBUG	[2013-09-27 10:06:08:768] <3924> id_customer:
INFO	[2013-09-27 10:06:08:768] <3924> Check Field OK
INFO	[2013-09-27 10:06:08:768] <3924> Make TID OK INIphpCARDGODOloosfl20130927100608682432
INFO	[2013-09-27 10:06:08:769] <3924> PI PUB KEY LOAD OK [39]
INFO	[2013-09-27 10:06:08:771] <3924> PG PUB KEY LOAD OK [30]
INFO	[2013-09-27 10:06:08:771] <3924> MERCHANT PRIV KEY LOAD OK
INFO	[2013-09-27 10:06:08:772] <3924> MERCHANT PUB KEY LOAD OK [0]
INFO	[2013-09-27 10:06:08:773] <3924> MAKE BODY OK
INFO	[2013-09-27 10:06:08:774] <3924> SIGN OK
INFO	[2013-09-27 10:06:08:774] <3924> MAKE HEAD OK
INFO	[2013-09-27 10:06:08:774] <3924> MSG_TO_PG:[0300000175R SHA1                   0                  39                  300200GODOloosfl               89000INIphpCARDGODOloosfl20130927100608682432<?xml version="1.0" encoding="UTF-8"?>
<INIpay>
	  <GoodsInfo>
	    <GoodsCnt>1</GoodsCnt>
	    <MOID/>
	    <Currency>WON</Currency>
	    <Tax/>
	    <TaxFree/>
	    <Goods>
	      <SMID>GODOloosfl</SMID>
	      <GoodsName urlencode="1">Purple+Highneck+Lace+Leotard</GoodsName>
	      <GoodsPrice>89000</GoodsPrice></Goods></GoodsInfo>
	  <BuyerInfo>
	    <BuyerName urlencode="1">%C0%CC%B5%BF%BC%F6</BuyerName>
	    <BuyerTel>010-9930-3242</BuyerTel>
	    <BuyerEmail urlencode="1">neutral%40nate.com</BuyerEmail>
	    <ParentEmail urlencode="1">neutral%40nate.com</ParentEmail>
	    <RecvName urlencode="1">%C0%CC%B5%BF%BC%F6</RecvName>
	    <RecvTel urlencode="1">010-9930-3242</RecvTel>
	    <RecvMsg/>
	    <RecvAddr urlencode="1">%BC%AD%BF%EF+%B0%AD%B3%B2%B1%B8+%B3%ED%C7%F62%B5%BF+%BD%D6%BF%EB%BE%C6%C6%C4%C6%AE+702%C8%A3</RecvAddr>
	    <RecvPostNum urlencode="1">135-820</RecvPostNum></BuyerInfo>
	  <PaymentInfo>
	    <Payment>
	      <PayMethod>Card</PayMethod>
	      <JoinCard/>
	      <JoinExpire/>
	      <MailOrder/>
	      <SessionKey>jDG6U00hy79z91hs8ot2lgWjBAQTfpagJHInLnyrbXE51x4FWrmdnFfm+U3Vt6Fh
yip1PoOrD0xwQyDPlRc/AIDVAH3VGqIfMAd3OSTgtrfVL6JmHwS6b+Fak9GSzmaV
f8tIs6lL5U3s0bL0ju1cmB/eOiCSiLujxqsMoZpB2M8=</SessionKey>
	      <Encrypted urlencode="1">Version%3D4.1%26PayMethod%3DCard%26RsaKeyNum%3D1%26EncryptionAlgorithm%3DSEED-CBC%26SignAlgorithm%3DRSAwithSHA1%26CertVer%3D39%26moid%3D1380243824392%26ver_trace%3Dmain%286076%2C6049%29card%286092%2C6085%29n%286008%29Cs%286021%29Dt%286002%29Pa%286002%29Cf%286024%29Fv%280000%29La%286113%29Re%286067%29Vr%286006%29P%286030%29en%286030%29nP%286004%29%26pg1%3D203.238.37.3%26pg2%3D211.219.96.180%26pg1ip%3D203.238.37.3%26pg2ip%3D211.219.96.180%26agreeflag%3D1111%26Data%3DguDt1iZwElLEAJIeb4%2Bn733YoN5%2BNPMrvilc7HHAX4k4As%2FAd6qs63920jX9fbHa%0D%0ALDWnNnufMlj8RF15EgDAbeA8rYrhP%2Bozm7GMwk8hqnSfqOw7hg77NudhMKv%2Bzvqj%0D%0AJupR%2BALwmH7buod0lfbDAv%2BHHg5MDuNJvMQsvFWyKUlJlKNqa%2BpYe30H00yU3iyK%0D%0A%2BbNXQjyajlj6%2BXttKWcg6ahd1UeJ7wR1IPjxdSr6ynkd0O7XCbxTl0YbcwyXY3wl%0D%0A1thCmuP3HVpfzPp03qB%2FJk5kShCy91KKKnD%2FqLb%2FBkBukhNsL9hw43hc6Yw3N%2BXC%0D%0A8K39gZma%2B7M9sr63rq84HXESNhcDIW5jptmjpMjcDiXEUc2RKzk%2F03aXyN1UIDy%2B%0D%0AmwNF79%2FOoWeENDScsBEdjmrMaJqTAEmAPV%2FUqO6k8X3oOMR%2Fm0UhreJucDA33582%0D%0AW3%2F12SAFtzekwiwqc%2B05drd9R9IkK%2FcJZ2VMAhnO%2F%2FhU0xDLjHDSz2TZkpJHB%2Bxx%0D%0AMRbNRCuUAnQc5P6AsMsOOyBczmY8n6U3xxrZ4up8sn4rgUzS%2FJx0sAq11mC%2F4hvK%0D%0Axppq%2FXrufoU%2BVO0LnM7zkxUUUrc0bBnJjaa5ntaGVJXg26vMudWkXHzNLbVNzpTn%0D%0AbTgja0ROscNyns2JJtri3dLHcdiechPaySMyptYr1XLDMDOyouE%3D</Encrypted></Payment></PaymentInfo>
	  <ReservedInfo>
	    <MReserved1/>
	    <MReserved2/>
	    <MReserved3/></ReservedInfo>
	  <ManageInfo>
	    <Language/>
	    <URL urlencode="1">http%3A%2F%2Fwww.loosfly.com</URL>
	    <TXVersion>5031B111123securLinux     PHPchkfake   2.6.18-348.16.1.el5PHP:5.2.17 </TXVersion>
	    <TXUserID/>
	    <TXRegNum/>
	    <Ack>1</Ack>
	    <TXRN>MjAxMzA5MjcxMDA0MDQyMTY1NTUyNw==
</TXRN></ManageInfo></INIpay>AROcaAxVBpJuSrCkuyZp3DQeiiw79aaSrcgtpG5lllJWq7fBV240B9i7s32cc85Z
UzDDaSw1+XFU0SHZ66+CP1ja7MbD0tGmxkcb61IhEYfSCOQo0SAMUTWc4aMsfFnk
yEc3QEIBFy1BeMrGT/HY0D26sUh6upkHxVHd6vDDZcSh
]
INFO	[2013-09-27 10:06:08:775] <3924> DNS LOOKUP OK(203.238.37.3:203.238.37.3:34049) laptime:0
INFO	[2013-09-27 10:06:08:778] <3924> SOCKET CONNECT OK
INFO	[2013-09-27 10:06:08:778] <3924> SEND OK
INFO	[2013-09-27 10:06:09:783] <3924> RECV OK
INFO	[2013-09-27 10:06:09:783] <3924> MSG_FROM_PG:[0292100175D SHA1                   0                  39                  300210GODOloosfl               89000INIphpCARDGODOloosfl20130927100608682432<?xml version="1.0" encoding="UTF-8"?>
<INIpay>
  <GoodsInfo>
    <GoodsCnt>1</GoodsCnt>
    <MOID urlencode="1">1380243824392</MOID>
    <Currency>WON</Currency>
    <Goods no="1">
      <SMID>GODOloosfl</SMID>
      <GoodsName urlencode="1">Purple+Highneck+Lace+Leotard</GoodsName>
      <GoodsCntS>1</GoodsCntS>
      <GoodsPrice>89000</GoodsPrice>
    </Goods>
  </GoodsInfo>
  <PaymentInfo>
    <Payment>
      <SessionKey>AOlikPSI6DGCgKH9DVjnNadGx+H/1CO+/iwo3aNIzC1FdhOlOrZZNhmu/VURGsAH
R0UScUR+buGGOAtxY+iPvITd3Pw4NphzmCA8pUt4KIbiz/8L/ZkQlzs+pyYD1jYz
xuMmlZblcJsS8008Hub20upwHYk1HztMhpFGLRLaLJ/rkCl3pWblGYQ=
</SessionKey>
      <Encrypted>owLL8/q8fiX//SN0tXPFI9sIjwTsVppBkK75rZy3y1GIJVrYKN+bvnI3Qoet3CAe
1nN3s3E0Q4r9JtMTYBgoD57qBTITcX/kCsdMSMmt7yeneA+ueTtSLoe9hgVuC50V
EsHf+1m1wyfS3JAJp9BfKKUIp3ZeHNABk5+/xlgRsmkXbLD+CDy72ilOVKCqUaQe
A68o6ak5OiBwBTWX1+Xhm0eNypJdbnlSXABuxl92BNmevZk7dkfhuo4X1Om2FIn7
8iRy2/ySVAHAmqWz3pJ2W6dWUMat0WimvHJkwfBc1GYpMs0ZNkFmZa9cnp21YOci
dZIddgjR8Arx/gZix57mksXkjM3VFA8mwhEt9h7HL3ZAp5ewVyH8NaTlAfIj0a2f
ga+k3yuVS9KDsk00V5lkGQuePosdVKOp4fMC2qSKyYzauiJ62HpuIcn1mdrotvgX
XkaMhtnnoky3HOaYYoyTbYuvy7+jzjDde5s7KstPFKRn5xftKFndoXGokVVm49Th
3ujMqONJyLfgo/81bHDO5SxnWwUBEKpCAg6E40Z8Ih4O2w+JSufDsBWlH+lBNfbv
QbXe8o8QCDtXr5SBjHm5GfZQDN6s+TVmb3p+pG9Yv8gtEJlXKTmTW7CcBwsfTyuk
0BILu94fb3Q9T3EQtN4i9gQT366HoNeCyYAaSJk2NBHJxnpYSHefiC8mSs2zThwl
d/YzJ3e+Q4f9skTVE347wxokrUoZAYfwVL/3CQ/nEZaiW8FrbB4cuuLqnaTMkAv5
mHzYxrIR3RgnLVXjzyRyWuvMxyzak+aKgZKF41VBTpm94GVcoZppO88RcZhjFVkJ
TyQIKF4LSlFBN+CFIXdtGWjMMKOnX9awAzkbBZiQQV1Dx3vlmAB/BlIpAui1fOgA
C+xKjiq+7xkWBaBIcJ+SaZ/zyot2ke9KhD+F+5Gz7WBbDkFETo17QwjudOomMv8x
SOdnXtMBgS8AxJKYFyAfTfYkRWLxIgTon8T+0Prl4fCTMCTvuvhavt1dpZ/wdlQd
fOMGS9b6a5KQodzpt5AeHPHvgqG4/+vUHvP8K36nnfoFCCK7XbDXsF1a528qaT6S
B7vATnGBFPPTGESEFdazlT7ki5+gvfseUQr739jxnFu+bQPhz8DMW9R4EI4EPYIm
llWddnd0SE/Do3YX2cB08+4P6phMVBdO+H6J52MRU9rCN71FecOqWd6X/+QfCdhL
gFDUwHXnxYiy5NpyeEn8djdzgpxKDOALLT1B+RGU3wokaMtUBPGdX+UKOZiT8fTz
SW9wG00oXpUUgFFM2egyDnkfr30j96UoqJvHCUS9NAMSAoonCQPu/FduaQiuqrUy
oGjWE9aTUzEcZKh/VoWTFbRFn+XEX7Zrpwehzv9h20bqMLJ+OKrkJWiuGDP9o+R9
jLlKs2ZQI+iHOyCmqojgwawKIN4g0z7FStWQAUqp91ZRzg7qACkBUgIWf8kZiDnw
nCdZPgpgJOGwzUwx4V1QuyZ/MgBEhF7Q/RaeXaroSdt+Y+Sjsd2wnxHOF5QAeYNW
eJBPcApJo/ahweSo2GHe/Wp18yN48crC
</Encrypted>
      <PayMethod>Card</PayMethod>
      <ResultCode>120000</ResultCode>
      <ResultMsg urlencode="1">%C1%A4%BB%F3%C3%B3%B8%AE%B5%C7%BE%FA%BD%C0%B4%CF%B4%D9.</ResultMsg>
    </Payment>
  </PaymentInfo>
  <ManageInfo>
    <EventCode></EventCode>
    <OrgCurrency></OrgCurrency>
    <ExchangeRate></ExchangeRate>
    <OrgPrice></OrgPrice>
  </ManageInfo>
  <ReservedInfo>
    <MReserved1 urlencode="1"></MReserved1>
    <MReserved2 urlencode="1"></MReserved2>
    <MReserved3 urlencode="1"></MReserved3>
    <PGReserved1 urlencode="1"></PGReserved1>
    <PGReserved2 urlencode="1"></PGReserved2>
    <PGReserved3 urlencode="1"></PGReserved3>
  </ReservedInfo>
</INIpay>
HQufE4bTSLNgbKiL13b7ucxZl5IngMmEmpBsAhflzsUj1bs6++SzSVULyT6DULR7
cfxcbA3/2l7IcNpJzSAVRZMx6y5DQT4/d5epJPPdTFKM5He61Es0NOBM1Egftqe9
PTecHN6DbVIs0amSQ6JL0hUQezersT0hxx4f8jVtSe0=
]
INFO	[2013-09-27 10:06:09:783] <3924> VERIFY OK
INFO	[2013-09-27 10:06:09:783] <3924> PARSE HEAD OK
INFO	[2013-09-27 10:06:09:787] <3924> PARSE BODY OK
INFO	[2013-09-27 10:06:09:792] <3924> DECRYPT OK
DEBUG	[2013-09-27 10:06:09:792] <3924> DECRYPT MSG:[<?xml version="1.0" encoding="UTF-8"?>
<PaymentInfo>
  <Payment>
    <EASYPAY/>
    <Card>
      <CARD_ApplPrice>89000</CARD_ApplPrice>
      <CARD_Num>465887690052</CARD_Num>
      <CARD_Expire></CARD_Expire>
      <CARD_Code>14</CARD_Code>
      <CARD_BankCode>26</CARD_BankCode>
      <CARD_Quota>00</CARD_Quota>
      <CARD_Interest>0</CARD_Interest>
      <CARD_Point></CARD_Point>
      <CARD_AuthType>99</CARD_AuthType>
      <CARD_RegNum></CARD_RegNum>
      <CARD_ApplDate>20130927</CARD_ApplDate>
      <CARD_ApplTime>100609</CARD_ApplTime>
      <CARD_ApplNum>23349653</CARD_ApplNum>
      <CARD_TerminalNum>019048y000</CARD_TerminalNum>
      <CARD_MemberNum></CARD_MemberNum>
      <CARD_PurchaseCode></CARD_PurchaseCode>
      <CARD_ResultCode>120000</CARD_ResultCode>
      <CARD_ResultMsg urlencode="1">%C1%A4%BB%F3%C3%B3%B8%AE%B5%C7%BE%FA%BD%C0%B4%CF%B4%D9.</CARD_ResultMsg>
      <CARD_PrtcCode>1</CARD_PrtcCode>
      <CARD_Quota_Point>00</CARD_Quota_Point>
      <CARD_CheckFlag>0</CARD_CheckFlag>
      <CARD_PurchaseName urlencode="1"></CARD_PurchaseName>
      <CARD_IssuerName urlencode="1"></CARD_IssuerName>
    </Card>
  </Payment>
</PaymentInfo>]
INFO	[2013-09-27 10:06:09:795] <3924> DECRYPT PARSE OK
INFO	[2013-09-27 10:06:09:795] <3924> WAIT ACK INVOKING
DEBUG	[2013-09-27 10:06:09:795] <3924> MAKE HEAD OK
INFO	[2013-09-27 10:06:09:798] <3924> SUCCESS ACK INVOKING
INFO	[2013-09-27 10:06:09:798] <3924> END securepay 정상처리되었습니다. Laptime:[1.03sec]
INFO	[2013-09-27 10:06:09:798] <3924> ===============================================================
