INFO	[2014-02-23 17:18:11:397] <4237> START INIPHP chkfake (V5031-111123)(OS:Linux2.6.18-371.4.1.el5,PHP:5.2.17)
DEBUG	[2014-02-23 17:18:11:399] <4237> inipayhome:/www/loosfly_godo_co_kr/shop/order/card/inipay
DEBUG	[2014-02-23 17:18:11:399] <4237> type:chkfake
DEBUG	[2014-02-23 17:18:11:399] <4237> debug:true
DEBUG	[2014-02-23 17:18:11:399] <4237> enctype:asym
DEBUG	[2014-02-23 17:18:11:399] <4237> admin:1111
DEBUG	[2014-02-23 17:18:11:399] <4237> checkopt:false
DEBUG	[2014-02-23 17:18:11:399] <4237> mid:GODOloosfl
DEBUG	[2014-02-23 17:18:11:399] <4237> price:79000
DEBUG	[2014-02-23 17:18:11:399] <4237> nointerest:no
DEBUG	[2014-02-23 17:18:11:399] <4237> quotabase:선택:일시불:2개월:3개월:4개월:5개월:6개월:7개월:8개월:9개월:10개월:11개월:12개월
INFO	[2014-02-23 17:18:11:399] <4237> Check Field OK
INFO	[2014-02-23 17:18:11:403] <4237> MERCHANT PRIV KEY LOAD OK
INFO	[2014-02-23 17:18:11:408] <4237> MERCHANT PUB KEY LOAD OK []
INFO	[2014-02-23 17:18:11:409] <4237> CHKFAKE KEY MAKE OK:MjAxNDAyMjMxNzE4MTE0MDg4OTE5Ng==

INFO	[2014-02-23 17:18:11:410] <4237> END chkfake  Laptime:[0.02sec]
INFO	[2014-02-23 17:18:11:410] <4237> ===============================================================
INFO	[2014-02-23 17:18:30:291] <14962> START INIPHP chkfake (V5031-111123)(OS:Linux2.6.18-371.4.1.el5,PHP:5.2.17)
DEBUG	[2014-02-23 17:18:30:291] <14962> inipayhome:/www/loosfly_godo_co_kr/shop/order/card/inipay
DEBUG	[2014-02-23 17:18:30:291] <14962> type:chkfake
DEBUG	[2014-02-23 17:18:30:291] <14962> debug:true
DEBUG	[2014-02-23 17:18:30:291] <14962> enctype:asym
DEBUG	[2014-02-23 17:18:30:291] <14962> admin:1111
DEBUG	[2014-02-23 17:18:30:291] <14962> checkopt:false
DEBUG	[2014-02-23 17:18:30:291] <14962> mid:GODOloosfl
DEBUG	[2014-02-23 17:18:30:291] <14962> price:79000
DEBUG	[2014-02-23 17:18:30:291] <14962> nointerest:no
DEBUG	[2014-02-23 17:18:30:291] <14962> quotabase:선택:일시불:2개월:3개월:4개월:5개월:6개월:7개월:8개월:9개월:10개월:11개월:12개월
INFO	[2014-02-23 17:18:30:291] <14962> Check Field OK
INFO	[2014-02-23 17:18:30:291] <14962> MERCHANT PRIV KEY LOAD OK
INFO	[2014-02-23 17:18:30:292] <14962> MERCHANT PUB KEY LOAD OK []
INFO	[2014-02-23 17:18:30:293] <14962> CHKFAKE KEY MAKE OK:MjAxNDAyMjMxNzE4MzAyOTI1Njk3Mg==

INFO	[2014-02-23 17:18:30:293] <14962> END chkfake  Laptime:[0sec]
INFO	[2014-02-23 17:18:30:293] <14962> ===============================================================
INFO	[2014-02-23 17:21:38:974] <4218> START INIPHP securepay (V5031-111123)(OS:Linux2.6.18-371.4.1.el5,PHP:5.2.17)
DEBUG	[2014-02-23 17:21:38:974] <4218> inipayhome:/www/loosfly_godo_co_kr/shop/order/card/inipay
DEBUG	[2014-02-23 17:21:38:974] <4218> type:securepay
DEBUG	[2014-02-23 17:21:38:974] <4218> pgid:INIphpCARD
DEBUG	[2014-02-23 17:21:38:974] <4218> subpgip:203.238.3.10
DEBUG	[2014-02-23 17:21:38:974] <4218> admin:1111
DEBUG	[2014-02-23 17:21:38:974] <4218> debug:true
DEBUG	[2014-02-23 17:21:38:974] <4218> uid:
DEBUG	[2014-02-23 17:21:38:974] <4218> goodname:Strap Fullness Pants (Dark Gray/Yellow)
DEBUG	[2014-02-23 17:21:38:974] <4218> currency:WON
DEBUG	[2014-02-23 17:21:38:974] <4218> mid:GODOloosfl
DEBUG	[2014-02-23 17:21:38:974] <4218> rn:MjAxNDAyMjMxNzE4MzAyOTI1Njk3Mg==

DEBUG	[2014-02-23 17:21:38:974] <4218> price:79000
DEBUG	[2014-02-23 17:21:38:974] <4218> enctype:
DEBUG	[2014-02-23 17:21:38:974] <4218> buyername:조아영
DEBUG	[2014-02-23 17:21:38:974] <4218> buyertel:010-2420-3579
DEBUG	[2014-02-23 17:21:38:974] <4218> buyeremail:wh6744@naver.com
DEBUG	[2014-02-23 17:21:38:974] <4218> paymethod:Card
DEBUG	[2014-02-23 17:21:38:974] <4218> encrypted:Version=4.1&PayMethod=Card&RsaKeyNum=1&EncryptionAlgorithm=SEED-CBC&SignAlgorithm=RSAwithSHA1&CertVer=39&moid=1393143321666&ver_trace=main(6081,6050)card(6101,6094)n(6008)Cs(6021)Dt(6002)Pa(6002)Cf(6024)Fv(0000)La(6119)Re(6074)Vr(6006)P(6033)en(6035)nP(6006)&pg1=211.219.96.180&pg2=203.238.37.3&pg1ip=211.219.96.180&pg2ip=203.238.37.3&agreeflag=1111&Data=iWrqmbXnRRFjGVG3i//6Km459qekx6LoIDYOurQRrHBvb7azUDFyPlXWENOB6X2m
t7OQiqSFzeVsm/9j2DN7ugf4dc1ivDOUmjf+XkKWPq6TSA3hTB0z753aEpEm1XVb
TaXL1v2ZvZqqPZwFBWcSR/GfjbeflIEvuMVr3vSJlUDjg4n6kQvpZ4rqHdHCoITU
v1v2Rz/RoIHZxiGoWl8BGjsSztNd0wIZKbRnT/0o0wcCgQqIRFhDfRYWbSCiOtBj
p/b9XmXuLSCI0AaP6nb+VlqqykPRGRGsl7U+ILoEfebTWmQ5OPUhN3l2cp5ceZFu
ffVb9FVqiXWAl74jWF0xXHJei63qKQXTER7EUvL3PmkJVa0Nf6ETx5t65phM1urs
88V2vSCx8DkiQ/mtiXvmxL+iDf/Sx0WlDN2WZW6iT0+jltz0rEq4/VqtYQfwBXdF
Fa4fLZb7kLUq1oIxHembQWTINnRTzbRS+XqiXJ7X5gT8fmVIkPpoGFv8GbLZzrv/
aYQGFJsBFrNKkqZKOWz/Y1PN1xAt//hIXVCIJ5eK+qZ7FulT3MxHv63jwKhDEZ6z
iLuWXgAdc7QIvFr594st4+Vkz/mAJF96xIktFibQwjftQVtWKrpS+V6PHpWT3XfC
LeTxpt4llWwMRYZUojp7QTSbuCSPsYfpOTMona9qFtXSH1ZB9uM8yFQzwKuo
DEBUG	[2014-02-23 17:21:38:974] <4218> sessionkey:XIifZoNwkw+IpX7LAyUFPJvI+tF/vDbpr8zm6p76js0ZKNfdL8nYIPrnIpOYZ59W
lA1KZBCbIdUoRb1I4+eOpRyb/ay/213w2ZYtSvXr67+zfu3hHnYgy4zjL7QUYJW5
8MqZz8J9QC4Pi+VKhHk1nQLc/mM1aSf644jcOqq1okk=
DEBUG	[2014-02-23 17:21:38:974] <4218> url:http://www.loosfly.com
DEBUG	[2014-02-23 17:21:38:974] <4218> cardcode:16
DEBUG	[2014-02-23 17:21:38:974] <4218> parentemail:wh6744@naver.com
DEBUG	[2014-02-23 17:21:38:974] <4218> recvname:조아영
DEBUG	[2014-02-23 17:21:38:974] <4218> recvtel:010-2420-3579
DEBUG	[2014-02-23 17:21:38:974] <4218> recvaddr:서울 강남구 개포4동 1204-2번지 맥길빌라 102호
DEBUG	[2014-02-23 17:21:38:974] <4218> recvpostnum:135-962
DEBUG	[2014-02-23 17:21:38:974] <4218> recvmsg:부재중이면 011-758-7775 여기로 전화 주세요^^
DEBUG	[2014-02-23 17:21:38:974] <4218> joincard:
DEBUG	[2014-02-23 17:21:38:974] <4218> joinexpire:
DEBUG	[2014-02-23 17:21:38:974] <4218> id_customer:
INFO	[2014-02-23 17:21:38:974] <4218> Check Field OK
INFO	[2014-02-23 17:21:38:974] <4218> Make TID OK INIphpCARDGODOloosfl20140223172138748519
INFO	[2014-02-23 17:21:38:974] <4218> PI PUB KEY LOAD OK [39]
INFO	[2014-02-23 17:21:38:978] <4218> PG PUB KEY LOAD OK [30]
INFO	[2014-02-23 17:21:38:978] <4218> MERCHANT PRIV KEY LOAD OK
INFO	[2014-02-23 17:21:38:979] <4218> MERCHANT PUB KEY LOAD OK [0]
INFO	[2014-02-23 17:21:38:980] <4218> MAKE BODY OK
INFO	[2014-02-23 17:21:38:981] <4218> SIGN OK
INFO	[2014-02-23 17:21:38:981] <4218> MAKE HEAD OK
INFO	[2014-02-23 17:21:38:981] <4218> MSG_TO_PG:[0314700175R SHA1                   0                  39                  300200GODOloosfl               79000INIphpCARDGODOloosfl20140223172138748519<?xml version="1.0" encoding="UTF-8"?>
<INIpay>
	  <GoodsInfo>
	    <GoodsCnt>1</GoodsCnt>
	    <MOID/>
	    <Currency>WON</Currency>
	    <Tax/>
	    <TaxFree/>
	    <Goods>
	      <SMID>GODOloosfl</SMID>
	      <GoodsName urlencode="1">Strap+Fullness+Pants+%28Dark+Gray%2FYellow%29</GoodsName>
	      <GoodsPrice>79000</GoodsPrice></Goods></GoodsInfo>
	  <BuyerInfo>
	    <BuyerName urlencode="1">%C1%B6%BE%C6%BF%B5</BuyerName>
	    <BuyerTel>010-2420-3579</BuyerTel>
	    <BuyerEmail urlencode="1">wh6744%40naver.com</BuyerEmail>
	    <ParentEmail urlencode="1">wh6744%40naver.com</ParentEmail>
	    <RecvName urlencode="1">%C1%B6%BE%C6%BF%B5</RecvName>
	    <RecvTel urlencode="1">010-2420-3579</RecvTel>
	    <RecvMsg urlencode="1">%BA%CE%C0%E7%C1%DF%C0%CC%B8%E9+011-758-7775+%BF%A9%B1%E2%B7%CE+%C0%FC%C8%AD+%C1%D6%BC%BC%BF%E4%5E%5E</RecvMsg>
	    <RecvAddr urlencode="1">%BC%AD%BF%EF+%B0%AD%B3%B2%B1%B8+%B0%B3%C6%F74%B5%BF+1204-2%B9%F8%C1%F6+%B8%C6%B1%E6%BA%F4%B6%F3+102%C8%A3</RecvAddr>
	    <RecvPostNum urlencode="1">135-962</RecvPostNum></BuyerInfo>
	  <PaymentInfo>
	    <Payment>
	      <PayMethod>Card</PayMethod>
	      <JoinCard/>
	      <JoinExpire/>
	      <MailOrder/>
	      <SessionKey>XIifZoNwkw+IpX7LAyUFPJvI+tF/vDbpr8zm6p76js0ZKNfdL8nYIPrnIpOYZ59W
lA1KZBCbIdUoRb1I4+eOpRyb/ay/213w2ZYtSvXr67+zfu3hHnYgy4zjL7QUYJW5
8MqZz8J9QC4Pi+VKhHk1nQLc/mM1aSf644jcOqq1okk=</SessionKey>
	      <Encrypted urlencode="1">Version%3D4.1%26PayMethod%3DCard%26RsaKeyNum%3D1%26EncryptionAlgorithm%3DSEED-CBC%26SignAlgorithm%3DRSAwithSHA1%26CertVer%3D39%26moid%3D1393143321666%26ver_trace%3Dmain%286081%2C6050%29card%286101%2C6094%29n%286008%29Cs%286021%29Dt%286002%29Pa%286002%29Cf%286024%29Fv%280000%29La%286119%29Re%286074%29Vr%286006%29P%286033%29en%286035%29nP%286006%29%26pg1%3D211.219.96.180%26pg2%3D203.238.37.3%26pg1ip%3D211.219.96.180%26pg2ip%3D203.238.37.3%26agreeflag%3D1111%26Data%3DiWrqmbXnRRFjGVG3i%2F%2F6Km459qekx6LoIDYOurQRrHBvb7azUDFyPlXWENOB6X2m%0D%0At7OQiqSFzeVsm%2F9j2DN7ugf4dc1ivDOUmjf%2BXkKWPq6TSA3hTB0z753aEpEm1XVb%0D%0ATaXL1v2ZvZqqPZwFBWcSR%2FGfjbeflIEvuMVr3vSJlUDjg4n6kQvpZ4rqHdHCoITU%0D%0Av1v2Rz%2FRoIHZxiGoWl8BGjsSztNd0wIZKbRnT%2F0o0wcCgQqIRFhDfRYWbSCiOtBj%0D%0Ap%2Fb9XmXuLSCI0AaP6nb%2BVlqqykPRGRGsl7U%2BILoEfebTWmQ5OPUhN3l2cp5ceZFu%0D%0AffVb9FVqiXWAl74jWF0xXHJei63qKQXTER7EUvL3PmkJVa0Nf6ETx5t65phM1urs%0D%0A88V2vSCx8DkiQ%2FmtiXvmxL%2BiDf%2FSx0WlDN2WZW6iT0%2Bjltz0rEq4%2FVqtYQfwBXdF%0D%0AFa4fLZb7kLUq1oIxHembQWTINnRTzbRS%2BXqiXJ7X5gT8fmVIkPpoGFv8GbLZzrv%2F%0D%0AaYQGFJsBFrNKkqZKOWz%2FY1PN1xAt%2F%2FhIXVCIJ5eK%2BqZ7FulT3MxHv63jwKhDEZ6z%0D%0AiLuWXgAdc7QIvFr594st4%2BVkz%2FmAJF96xIktFibQwjftQVtWKrpS%2BV6PHpWT3XfC%0D%0ALeTxpt4llWwMRYZUojp7QTSbuCSPsYfpOTMona9qFtXSH1ZB9uM8yFQzwKuo</Encrypted></Payment></PaymentInfo>
	  <ReservedInfo>
	    <MReserved1/>
	    <MReserved2/>
	    <MReserved3/></ReservedInfo>
	  <ManageInfo>
	    <Language/>
	    <URL urlencode="1">http%3A%2F%2Fwww.loosfly.com</URL>
	    <TXVersion>5031B111123securLinux     PHPchkfake   2.6.18-371.4.1.el5PHP:5.2.17  </TXVersion>
	    <TXUserID/>
	    <TXRegNum/>
	    <Ack>1</Ack>
	    <TXRN>MjAxNDAyMjMxNzE4MzAyOTI1Njk3Mg==
</TXRN></ManageInfo></INIpay>AaRkKS5NJG186tw4mlIszqhHcSOSB0C3ZM9fq/pRKIgkQWVKemo4zLCh+7qQnErq
9AMejEvR0BT6TbdQfHnpXb7cz1Tx5df/hrFw5ku2peHTry4/Kp5Lk7EmUATOEGj5
8dkrobCWFbsUzJh2Or2c+2pGPqHQhipt8AgW8wi9eiO9
]
INFO	[2014-02-23 17:21:38:982] <4218> DNS LOOKUP OK(211.219.96.180:211.219.96.180:34049) laptime:0
INFO	[2014-02-23 17:21:38:984] <4218> SOCKET CONNECT OK
INFO	[2014-02-23 17:21:38:984] <4218> SEND OK
INFO	[2014-02-23 17:21:40:248] <4218> RECV OK
INFO	[2014-02-23 17:21:40:248] <4218> MSG_FROM_PG:[0300300175D SHA1                   0                  39                  300210GODOloosfl               79000INIphpCARDGODOloosfl20140223172138748519<?xml version="1.0" encoding="UTF-8"?>
<INIpay>
  <GoodsInfo>
    <GoodsCnt>1</GoodsCnt>
    <MOID urlencode="1">1393143321666</MOID>
    <Currency>WON</Currency>
    <Goods no="1">
      <SMID>GODOloosfl</SMID>
      <GoodsName urlencode="1">Strap+Fullness+Pants+%28Dark+Gray%2FYellow%29</GoodsName>
      <GoodsCntS>1</GoodsCntS>
      <GoodsPrice>79000</GoodsPrice>
    </Goods>
  </GoodsInfo>
  <PaymentInfo>
    <Payment>
      <SessionKey>AXKP699iTh5z7kctPKesMK0uPlMyww19SKFnOgJoxii1m24VcUU0sevBy+UEzQ6w
7yLOJ4lKh4lm8RHk6QgsUNolvHpwQ3lnZ3DfUa2AoOZHNP3bDdVVb0h2NaLDJc2l
0s/ugVZNJP5T/7fGX9i9Hi+OgW3mWVHMy3BzA6LelT3ud4iSOezYVxE=
</SessionKey>
      <Encrypted>J9qhvT1oaGs+Mi2xYwQ0+KJd9gVJghdZd9pwmdaqGhiwU8qiOZkbVw++AbnTM12Q
NwS5PlAt7V0TCZr6YjthvAfRaAsEdBGB8JLRQIH4WWf4eMmAqWLH3WUe6ZxL5Yvm
WWXpSYsQUVz+IaJGsDqjtYd0XLpmWch9njfbGNKuzUyfOSN7OTNU/y1yias/kD4h
LX7/kPRDtSKkkySiZoRI0dTZjA0K5T9JO/U8jetZ/YeSBrxOdzEn3ITOwjFfYhQD
XKURjHdaIlyZpvOb3/aGZCl0p0BJ2qPYvPR30kziW3l9IhUcQ0vG1+boyxXU9dV4
RSm8b0KwOeRNlbIN4SceYm5AQDFLK27Zpb9CMM+Ypi9ABgRRCHNsQNqi9oOKNIcc
r2jPfl3idimReQs500vCbzS0KKNISZp8gPHLipwxOvMDlAKPmscQ6wsPJ3CM+vQW
RrT07+KJfHU3bq71Xi5aNNsyY5pQJ8QaCcQrXzTly/oXUo8HNmkaqtEQQUYuHGyk
O7EktJCEmhl6hxoaUI5Zb4n88dQeY4apOrbma3yvpJioWGGyw9EbmBPrMn6J93Y9
LUrSfaRQgqEWzmHOT94vbi68cILZh8sc99v4+ROB5vq1jzf9ki+/32GER5M4ipGp
JUWOF3xrv3M5ihexDDAoJLnK/Tntk08Xtj7Gr8nOZNuf57JRm/yz3id4lXAbQTx5
kt1t+CDspW0i4zgjVKbSZTmkiVH1Fdpe09kRCyb3jTjzqpKCvTcz+7p21cZkOb5Y
amRTbmfwr7kUpa1abRBKc8yQYafimQ49LAp91KPpNDE5lIG8mx2I8ZTzW9blMvEt
CZHldwC2VJOjU1ZIgE6YNVVP31uD33C3hWs9memWyYjiAmsr3yLre+hsRGteG8me
siGpCbSf0vW+L12ablCk4ZE1kx/b+fAZER2wVZl9iemTVmwJMySD7u8nszuEsM6I
9BjxqDYHqSzQbptWL9vInO7emlgDs/eIXy3I4tRclDfsA0s9WTEp0LQfdEJ1pdpf
6o5vK/P/kGBg9znWxaVqM0CdFiU3Ao/2oHZARF8+zyAJgDJfXicmhMX1MlKbUANr
dHAw3yc/8zeI+uK/6egioDtINNFJhzz5QJQx244NWWVpKQGTXhOqr7eDeJZosDzf
OfX7gN5+cB1tNk3aUxCz8VEtgbyRPBQbeGaS7OkbQ2C5f6QPbOahdCLUFcdNrq3P
5c8/QNJBLX/aT+um7MX/LulbY3epHlSWuE/J5QL2C5brENbly4pUVqGzLQv/dCVZ
AWjLP7YPFbJxuafG3C59GDrRPYNKtkRFSAv4cw7URnTJvHQIegOXbBTodgA7CD2R
WZW36hPcudPpd/nzNobi+nMF6+CRbPCzxFZEI3mNBpJAVIpP28yXNfm07kzqGSnx
lVVfhlS63m+4ZF6wiVZG1+v4FsCPaXubckhVv5AjaCEpqC74Pyba1jVivYzMZREG
sna7sYs+4dPN5gdM18+v7jZ7vheoUj7AiFDZ4eTb0b6LRTWBNNZcn5THaBGk94AM
AS/iO1YJl6WQRCivuBTt/Otr7ma4HYZOuLHipL3pdP+1WdZYSPzvL5XxB+BkPgil
zN9P7OmPYThL7hp8kWjsblYRsGQRe+UE
</Encrypted>
      <PayMethod>Card</PayMethod>
      <ResultCode>120000</ResultCode>
      <ResultMsg urlencode="1">%C1%A4%BB%F3%C3%B3%B8%AE%B5%C7%BE%FA%BD%C0%B4%CF%B4%D9.</ResultMsg>
    </Payment>
  </PaymentInfo>
  <ManageInfo>
    <EventCode></EventCode>
    <OrgCurrency></OrgCurrency>
    <ExchangeRate></ExchangeRate>
    <OrgPrice></OrgPrice>
  </ManageInfo>
  <ReservedInfo>
    <MReserved1 urlencode="1"></MReserved1>
    <MReserved2 urlencode="1"></MReserved2>
    <MReserved3 urlencode="1"></MReserved3>
    <PGReserved1 urlencode="1"></PGReserved1>
    <PGReserved2 urlencode="1"></PGReserved2>
    <PGReserved3 urlencode="1"></PGReserved3>
  </ReservedInfo>
</INIpay>
01Ry9nxmJhtdEl+MdZyJzmdw4FBOgs+tgYcSZcq6L+tmp/CMrWiAlRhUR2KajUSZ
PZ+XNNmlVq/7eSCSZjjE7C2i0AyA8b7/cMJQcuP6g7t7+ksh4DXSDRlPRSH4h/tW
ErLO3uNgH9HRDH12mysbV8GqloyJ4vExWstHC2HMMBc=
]
INFO	[2014-02-23 17:21:40:248] <4218> VERIFY OK
INFO	[2014-02-23 17:21:40:248] <4218> PARSE HEAD OK
INFO	[2014-02-23 17:21:40:252] <4218> PARSE BODY OK
INFO	[2014-02-23 17:21:40:257] <4218> DECRYPT OK
DEBUG	[2014-02-23 17:21:40:257] <4218> DECRYPT MSG:[<?xml version="1.0" encoding="UTF-8"?>
<PaymentInfo>
  <Payment>
    <EASYPAY/>
    <Card>
      <CARD_ApplPrice>79000</CARD_ApplPrice>
      <CARD_Num>542416012746</CARD_Num>
      <CARD_Expire></CARD_Expire>
      <CARD_Code>16</CARD_Code>
      <CARD_BankCode>11</CARD_BankCode>
      <CARD_Quota>00</CARD_Quota>
      <CARD_Interest>0</CARD_Interest>
      <CARD_Point></CARD_Point>
      <CARD_AuthType>99</CARD_AuthType>
      <CARD_RegNum></CARD_RegNum>
      <CARD_ApplDate>20140223</CARD_ApplDate>
      <CARD_ApplTime>172140</CARD_ApplTime>
      <CARD_ApplNum>30000986</CARD_ApplNum>
      <CARD_TerminalNum>019048y000</CARD_TerminalNum>
      <CARD_MemberNum></CARD_MemberNum>
      <CARD_PurchaseCode></CARD_PurchaseCode>
      <CARD_ResultCode>120000</CARD_ResultCode>
      <CARD_ResultMsg urlencode="1">%C1%A4%BB%F3%C3%B3%B8%AE%B5%C7%BE%FA%BD%C0%B4%CF%B4%D9.</CARD_ResultMsg>
      <CARD_PrtcCode>1</CARD_PrtcCode>
      <CARD_Quota_Point>00</CARD_Quota_Point>
      <CARD_CheckFlag>0</CARD_CheckFlag>
      <CARD_PurchaseName urlencode="1"></CARD_PurchaseName>
      <CARD_IssuerName urlencode="1"></CARD_IssuerName>
      <CARD_JoinUsePoint></CARD_JoinUsePoint>
    </Card>
  </Payment>
</PaymentInfo>]
INFO	[2014-02-23 17:21:40:259] <4218> DECRYPT PARSE OK
INFO	[2014-02-23 17:21:40:260] <4218> WAIT ACK INVOKING
DEBUG	[2014-02-23 17:21:40:260] <4218> MAKE HEAD OK
INFO	[2014-02-23 17:21:40:263] <4218> SUCCESS ACK INVOKING
INFO	[2014-02-23 17:21:40:263] <4218> END securepay 정상처리되었습니다. Laptime:[1.29sec]
INFO	[2014-02-23 17:21:40:263] <4218> ===============================================================
