INFO	[2013-12-19 09:16:58:184] <26220> START INIPHP chkfake (V5031-111123)(OS:Linux2.6.18-371.1.2.el5,PHP:5.2.17)
DEBUG	[2013-12-19 09:16:58:188] <26220> inipayhome:/www/loosfly_godo_co_kr/shop/order/card/inipay
DEBUG	[2013-12-19 09:16:58:188] <26220> type:chkfake
DEBUG	[2013-12-19 09:16:58:188] <26220> debug:true
DEBUG	[2013-12-19 09:16:58:188] <26220> enctype:asym
DEBUG	[2013-12-19 09:16:58:188] <26220> admin:1111
DEBUG	[2013-12-19 09:16:58:188] <26220> checkopt:false
DEBUG	[2013-12-19 09:16:58:188] <26220> mid:GODOloosfl
DEBUG	[2013-12-19 09:16:58:188] <26220> price:55300
DEBUG	[2013-12-19 09:16:58:188] <26220> nointerest:no
DEBUG	[2013-12-19 09:16:58:188] <26220> quotabase:선택:일시불:2개월:3개월:4개월:5개월:6개월:7개월:8개월:9개월:10개월:11개월:12개월
INFO	[2013-12-19 09:16:58:188] <26220> Check Field OK
INFO	[2013-12-19 09:16:58:192] <26220> MERCHANT PRIV KEY LOAD OK
INFO	[2013-12-19 09:16:58:196] <26220> MERCHANT PUB KEY LOAD OK []
INFO	[2013-12-19 09:16:58:198] <26220> CHKFAKE KEY MAKE OK:MjAxMzEyMTkwOTE2NTgxOTYyMzM2MA==

INFO	[2013-12-19 09:16:58:198] <26220> END chkfake  Laptime:[0.02sec]
INFO	[2013-12-19 09:16:58:198] <26220> ===============================================================
INFO	[2013-12-19 09:17:53:816] <4232> START INIPHP securepay (V5031-111123)(OS:Linux2.6.18-371.1.2.el5,PHP:5.2.17)
DEBUG	[2013-12-19 09:17:53:817] <4232> inipayhome:/www/loosfly_godo_co_kr/shop/order/card/inipay
DEBUG	[2013-12-19 09:17:53:817] <4232> type:securepay
DEBUG	[2013-12-19 09:17:53:817] <4232> pgid:INIphpCARD
DEBUG	[2013-12-19 09:17:53:817] <4232> subpgip:203.238.3.10
DEBUG	[2013-12-19 09:17:53:817] <4232> admin:1111
DEBUG	[2013-12-19 09:17:53:817] <4232> debug:true
DEBUG	[2013-12-19 09:17:53:817] <4232> uid:
DEBUG	[2013-12-19 09:17:53:817] <4232> goodname:Strap Fullness Pants (Coral Pink)
DEBUG	[2013-12-19 09:17:53:817] <4232> currency:WON
DEBUG	[2013-12-19 09:17:53:817] <4232> mid:GODOloosfl
DEBUG	[2013-12-19 09:17:53:817] <4232> rn:MjAxMzEyMTkwOTE2NTgxOTYyMzM2MA==

DEBUG	[2013-12-19 09:17:53:817] <4232> price:55300
DEBUG	[2013-12-19 09:17:53:817] <4232> enctype:
DEBUG	[2013-12-19 09:17:53:817] <4232> buyername:김예지
DEBUG	[2013-12-19 09:17:53:817] <4232> buyertel:010-2322-7008
DEBUG	[2013-12-19 09:17:53:817] <4232> buyeremail:jsm980511@hanmail.net
DEBUG	[2013-12-19 09:17:53:817] <4232> paymethod:Card
DEBUG	[2013-12-19 09:17:53:817] <4232> encrypted:Version=4.1&PayMethod=Card&RsaKeyNum=1&EncryptionAlgorithm=SEED-CBC&SignAlgorithm=RSAwithSHA1&CertVer=39&moid=1387412164041&ver_trace=main(6076,6049)card(6098,6092)n(6008)Cs(6021)Dt(6002)Pa(6002)Cf(6024)Fv(0000)La(6117)Re(6071)Vr(6006)P(6033)en(6031)nP(6004)&pg1=203.238.37.3&pg2=211.219.96.180&pg1ip=203.238.37.3&pg2ip=211.219.96.180&agreeflag=1111&Data=NTOA0YPM37MO6z0B1TmFN2A/iSfV2QauJVMHb9RatWlesb7awvWX0TL+/TQJAY7X
OZQUwRpAZZPY+laKb0zkjLLyQFpWzgdCIH3r+LH1aZ+YhFU+GNEZ5BklMWHBXH5F
hRbF89UgRPH62iN8xQfHEHoHpjLILhoVRNZAYYATnEL2ldOJOfS6W+YQFWd0eNUN
xujUigaW2UDuqleweDyyDMqQWyU2fboNTqEMc3aY1eWv9vj92xoHUaKm+wjgxOzL
DH8Xmf1FIKWCFDeglL2d31Z3MzOEQlrySw67rMvi6GNJnmUBCCLnPd/SwWLvqEdJ
Ao0/fPWIV2/qcCdax//LRILVPf3EUw+4vV7gAeR9+JouXXo3MlXQ17M0r+3EjkGJ
kMqRVeuKj9zhntNcDnynKtQ7qyyLzpG5XDwz2XLvutGmXmHzMow459/avU11sf6t
9hWRIAPwJvYmaIOJqD/fCBmRIy+3JNh7vPvynq/I7jq9x0tjw1BG8kQ/Nd/j5XTO
ykqNi7hei9l0O32rLEmUd3RtRRTySIOqRMzNgo4Fmthp2zEN5A9umBXKuxSwOv1x
7CLEiTfMXLo6CB+apyI6pnyC8mDoo3xODJxSR7I4SyuAGG77QFkizGR5tg8AUDNs
TDP8hiU2KMVkxEAgC2LpQ1VP/z1UWw6ab1NDSmqMc1ic3MT7WAy06AkMs6L6
DEBUG	[2013-12-19 09:17:53:817] <4232> sessionkey:uQuCE1svfhBQ51cQwwZ15vB0AQFBmD/9MEIMzNanZ1uBsN7JpXJkcHVcSTO5Udoq
SFBfMxXqKiLOrKruYcIfS/T4Cue4yOXO2ci7vVAPjIgJPRD+3ZNx7rr04GGzXQtg
slovVZmLIvytIUAfnT7DyeDgnhj8NG/T7Qtr718Kq/E=
DEBUG	[2013-12-19 09:17:53:817] <4232> url:http://www.loosfly.com
DEBUG	[2013-12-19 09:17:53:817] <4232> cardcode:12
DEBUG	[2013-12-19 09:17:53:817] <4232> parentemail:jsm980511@hanmail.net
DEBUG	[2013-12-19 09:17:53:817] <4232> recvname:김예지
DEBUG	[2013-12-19 09:17:53:817] <4232> recvtel:010-2322-7008
DEBUG	[2013-12-19 09:17:53:817] <4232> recvaddr:경기 의왕시 포일동 위브호수마을1단지아파트 104-202
DEBUG	[2013-12-19 09:17:53:817] <4232> recvpostnum:437-759
DEBUG	[2013-12-19 09:17:53:817] <4232> recvmsg:
DEBUG	[2013-12-19 09:17:53:817] <4232> joincard:
DEBUG	[2013-12-19 09:17:53:817] <4232> joinexpire:
DEBUG	[2013-12-19 09:17:53:817] <4232> id_customer:
INFO	[2013-12-19 09:17:53:817] <4232> Check Field OK
INFO	[2013-12-19 09:17:53:817] <4232> Make TID OK INIphpCARDGODOloosfl20131219091753176060
INFO	[2013-12-19 09:17:53:817] <4232> PI PUB KEY LOAD OK [39]
INFO	[2013-12-19 09:17:53:819] <4232> PG PUB KEY LOAD OK [30]
INFO	[2013-12-19 09:17:53:820] <4232> MERCHANT PRIV KEY LOAD OK
INFO	[2013-12-19 09:17:53:820] <4232> MERCHANT PUB KEY LOAD OK [0]
INFO	[2013-12-19 09:17:53:822] <4232> MAKE BODY OK
INFO	[2013-12-19 09:17:53:825] <4232> SIGN OK
INFO	[2013-12-19 09:17:53:825] <4232> MAKE HEAD OK
INFO	[2013-12-19 09:17:53:825] <4232> MSG_TO_PG:[0304900175R SHA1                   0                  39                  300200GODOloosfl               55300INIphpCARDGODOloosfl20131219091753176060<?xml version="1.0" encoding="UTF-8"?>
<INIpay>
	  <GoodsInfo>
	    <GoodsCnt>1</GoodsCnt>
	    <MOID/>
	    <Currency>WON</Currency>
	    <Tax/>
	    <TaxFree/>
	    <Goods>
	      <SMID>GODOloosfl</SMID>
	      <GoodsName urlencode="1">Strap+Fullness+Pants+%28Coral+Pink%29</GoodsName>
	      <GoodsPrice>55300</GoodsPrice></Goods></GoodsInfo>
	  <BuyerInfo>
	    <BuyerName urlencode="1">%B1%E8%BF%B9%C1%F6</BuyerName>
	    <BuyerTel>010-2322-7008</BuyerTel>
	    <BuyerEmail urlencode="1">jsm980511%40hanmail.net</BuyerEmail>
	    <ParentEmail urlencode="1">jsm980511%40hanmail.net</ParentEmail>
	    <RecvName urlencode="1">%B1%E8%BF%B9%C1%F6</RecvName>
	    <RecvTel urlencode="1">010-2322-7008</RecvTel>
	    <RecvMsg/>
	    <RecvAddr urlencode="1">%B0%E6%B1%E2+%C0%C7%BF%D5%BD%C3+%C6%F7%C0%CF%B5%BF+%C0%A7%BA%EA%C8%A3%BC%F6%B8%B6%C0%BB1%B4%DC%C1%F6%BE%C6%C6%C4%C6%AE+104-202</RecvAddr>
	    <RecvPostNum urlencode="1">437-759</RecvPostNum></BuyerInfo>
	  <PaymentInfo>
	    <Payment>
	      <PayMethod>Card</PayMethod>
	      <JoinCard/>
	      <JoinExpire/>
	      <MailOrder/>
	      <SessionKey>uQuCE1svfhBQ51cQwwZ15vB0AQFBmD/9MEIMzNanZ1uBsN7JpXJkcHVcSTO5Udoq
SFBfMxXqKiLOrKruYcIfS/T4Cue4yOXO2ci7vVAPjIgJPRD+3ZNx7rr04GGzXQtg
slovVZmLIvytIUAfnT7DyeDgnhj8NG/T7Qtr718Kq/E=</SessionKey>
	      <Encrypted urlencode="1">Version%3D4.1%26PayMethod%3DCard%26RsaKeyNum%3D1%26EncryptionAlgorithm%3DSEED-CBC%26SignAlgorithm%3DRSAwithSHA1%26CertVer%3D39%26moid%3D1387412164041%26ver_trace%3Dmain%286076%2C6049%29card%286098%2C6092%29n%286008%29Cs%286021%29Dt%286002%29Pa%286002%29Cf%286024%29Fv%280000%29La%286117%29Re%286071%29Vr%286006%29P%286033%29en%286031%29nP%286004%29%26pg1%3D203.238.37.3%26pg2%3D211.219.96.180%26pg1ip%3D203.238.37.3%26pg2ip%3D211.219.96.180%26agreeflag%3D1111%26Data%3DNTOA0YPM37MO6z0B1TmFN2A%2FiSfV2QauJVMHb9RatWlesb7awvWX0TL%2B%2FTQJAY7X%0D%0AOZQUwRpAZZPY%2BlaKb0zkjLLyQFpWzgdCIH3r%2BLH1aZ%2BYhFU%2BGNEZ5BklMWHBXH5F%0D%0AhRbF89UgRPH62iN8xQfHEHoHpjLILhoVRNZAYYATnEL2ldOJOfS6W%2BYQFWd0eNUN%0D%0AxujUigaW2UDuqleweDyyDMqQWyU2fboNTqEMc3aY1eWv9vj92xoHUaKm%2BwjgxOzL%0D%0ADH8Xmf1FIKWCFDeglL2d31Z3MzOEQlrySw67rMvi6GNJnmUBCCLnPd%2FSwWLvqEdJ%0D%0AAo0%2FfPWIV2%2FqcCdax%2F%2FLRILVPf3EUw%2B4vV7gAeR9%2BJouXXo3MlXQ17M0r%2B3EjkGJ%0D%0AkMqRVeuKj9zhntNcDnynKtQ7qyyLzpG5XDwz2XLvutGmXmHzMow459%2FavU11sf6t%0D%0A9hWRIAPwJvYmaIOJqD%2FfCBmRIy%2B3JNh7vPvynq%2FI7jq9x0tjw1BG8kQ%2FNd%2Fj5XTO%0D%0AykqNi7hei9l0O32rLEmUd3RtRRTySIOqRMzNgo4Fmthp2zEN5A9umBXKuxSwOv1x%0D%0A7CLEiTfMXLo6CB%2BapyI6pnyC8mDoo3xODJxSR7I4SyuAGG77QFkizGR5tg8AUDNs%0D%0ATDP8hiU2KMVkxEAgC2LpQ1VP%2Fz1UWw6ab1NDSmqMc1ic3MT7WAy06AkMs6L6</Encrypted></Payment></PaymentInfo>
	  <ReservedInfo>
	    <MReserved1/>
	    <MReserved2/>
	    <MReserved3/></ReservedInfo>
	  <ManageInfo>
	    <Language/>
	    <URL urlencode="1">http%3A%2F%2Fwww.loosfly.com</URL>
	    <TXVersion>5031B111123securLinux     PHPchkfake   2.6.18-371.1.2.el5PHP:5.2.17  </TXVersion>
	    <TXUserID/>
	    <TXRegNum/>
	    <Ack>1</Ack>
	    <TXRN>MjAxMzEyMTkwOTE2NTgxOTYyMzM2MA==
</TXRN></ManageInfo></INIpay>AJ+aoWoYPfCcUMaQ4gszFWEUw0miw6wY6v8qUlsqElrVYeOSl4JglZPVcUYfoKfo
5tKzlSEMR3TeTibhdUVSgiRchvArhqU0Wiw/FVilTheycSFO0vpLX5fVTsC5il6z
qpV0rhgHdURcU02/7jMeSAxeeKXgMxm0L35FJ+jKArcf
]
INFO	[2013-12-19 09:17:53:825] <4232> DNS LOOKUP OK(203.238.37.3:203.238.37.3:34049) laptime:0
INFO	[2013-12-19 09:17:53:829] <4232> SOCKET CONNECT OK
INFO	[2013-12-19 09:17:53:829] <4232> SEND OK
INFO	[2013-12-19 09:17:54:599] <4232> RECV OK
INFO	[2013-12-19 09:17:54:599] <4232> MSG_FROM_PG:[0299500175D SHA1                   0                  39                  300210GODOloosfl               55300INIphpCARDGODOloosfl20131219091753176060<?xml version="1.0" encoding="UTF-8"?>
<INIpay>
  <GoodsInfo>
    <GoodsCnt>1</GoodsCnt>
    <MOID urlencode="1">1387412164041</MOID>
    <Currency>WON</Currency>
    <Goods no="1">
      <SMID>GODOloosfl</SMID>
      <GoodsName urlencode="1">Strap+Fullness+Pants+%28Coral+Pink%29</GoodsName>
      <GoodsCntS>1</GoodsCntS>
      <GoodsPrice>55300</GoodsPrice>
    </Goods>
  </GoodsInfo>
  <PaymentInfo>
    <Payment>
      <SessionKey>AY/KE8SKTKxxcaAEts8HaR1xxUULXjEy13oIJIwwg8UHs2QoVTyAGN8+uIeWlrBQ
M+6/D/fC5Gjd6RiDLwYdY/hc2UaQmX7r28rDV1KINdou3+WXbR20oy6I2XS4j7wU
+2PhA9nsqHFwM3I1XjnFzcikrXewDrgu+s8xsFs6bNNo3z0Cx+DIEBU=
</SessionKey>
      <Encrypted>104ZEQ1OiTPNl20qNvLBE+MR4Lyv/kDE3ssTxF7NjvZcHyTF+OGGnwO4rbHwnsJI
xGtmm2dIyQfPPSJbNIXpETAHZ93zFzhnLhGn1KApItX1tDK2j7E1veCXcp5EzCFp
9OmPh5lWUGzK6XjdOBRV4b04F/quXvXVIOSmt/7yixSLEdU2ncUE8DFwlqV1xvP7
XpR5HIZgMP5JFPe3CT7rteMTLaSrsBU3/zcpuemhqTA2x6AHFNAJ6Vrv8T0F29xw
ZfOMxck4UPSc3NKQomWz4Xzy5pkVMkxo5qODL062Yr5iz4ZbpqIbKUgn9qKnEwmb
xpGaVvjyIVKC1IqHrE0QKiU+fcc39GjA1tZ1feqa0qyPUuk2NA0bgzgvSP2EUOQZ
+EHxmUYOroevRhGhrC5hSu5q9lEbcJ0JPyvXpntK74zhkXZXdL6bOzSgL2XP2jm9
h4ZBDX3ETWPCX24AKMFbmpIN89iqAn63RsPxd0IyNSvomok18OdFobCllcgwA1R4
Tjh7kyVNmSXgBLi5hl6xktipO4MpUNHptQ+602yGUu9piJpJWo3sRQv9McPXotP4
saaI/vl5AM7f7MIJABj9xjVbFPmpgHwG2ZqvdX29p0NFbPEJA6BkwMk9hmP3+pbq
m0Z+uKdN+/5HzLdEoEidtJ2QC871ZQzQVjuTr2Ecgydk/5+Uo7WBe7swG5ke+OAP
LvoSyr8UgQePzwT8wk/mgqQV4VHIIS2hpXQOKYcvqYtnHTG90EN8FlAhCMPwW3Pj
xV4R0CGWBJ6PCmF1MCmMbCR2mYmr0hQowKQaEcj6g7uxGf5qHKaOL8MQSe/l6Vca
S5oswCEOERtNBqzJ2T1w1AjOIRzRTw+5CtmUu34Fcy87F3R3QmqlPpOu9peUR9tL
7/xufFWv9MnJZXE9xLKHl4kkTkAiwoOE59QZl63kbwPtS8bBqfMlwmqB/+MRr5NO
Al2wQmYb0GQtAlB/w2D89VpMX8zqFynMLi8DY3aQ82ARQW+FFjH73m/1mBd5KZFF
OEh6tUgoj9XSYhtbiRID7zHdCvqsUFNT+0StoeGxzJmanyy7tu6Wz46sBiGZ7BHL
y8HI5PeuSnaNp7kLhCxwUgBuXipJkHXXkKe1Qm57yX4YkTHUNMYOsHUg3fKAQE7S
QcFTCh9i9zF5AgbFWEmVrkiUSg0Iu/8P96yeLyIdLPdV/VJeA4l26s6C/Y50pjG4
kw7dBUlDIC/+AsLW2/LDwbl5vKyi/4t3D8KVhRLR8ok7NREdhS4zNOAcZ7BuSEby
aa6p6i3wkFqqKBEzXqk6qx0NQT5LuDDLxwFFTrglckcseNFkiN409tmPec9qiLCZ
Umv7mJbcuJjcBDAq8iU6WDozTaUy1Dy84GQTB77+JcQnC9kOweTABPrMBQm67JPE
N/USKxzJYMnEoLw4lOp0ebDmRu0ufwqqFYzUiqh0THthhoBLytuAqfxG6DVWBOvT
seFMG5lSxAdIw/siqNLhU/QNbUDeEp+9oyrqjDRfpNSyOy6cngLsJ+QpF/LufUac
qv6ioNF0I2Co8VRjCNmgBRPee10ld69kyA6HQHM0F/4s70Ixc0T/DK/7i90Y9coe
NAPFZvzbqQN23HXkuQIBDGLhJXIduugw
</Encrypted>
      <PayMethod>Card</PayMethod>
      <ResultCode>120000</ResultCode>
      <ResultMsg urlencode="1">%C1%A4%BB%F3%C3%B3%B8%AE%B5%C7%BE%FA%BD%C0%B4%CF%B4%D9.</ResultMsg>
    </Payment>
  </PaymentInfo>
  <ManageInfo>
    <EventCode></EventCode>
    <OrgCurrency></OrgCurrency>
    <ExchangeRate></ExchangeRate>
    <OrgPrice></OrgPrice>
  </ManageInfo>
  <ReservedInfo>
    <MReserved1 urlencode="1"></MReserved1>
    <MReserved2 urlencode="1"></MReserved2>
    <MReserved3 urlencode="1"></MReserved3>
    <PGReserved1 urlencode="1"></PGReserved1>
    <PGReserved2 urlencode="1"></PGReserved2>
    <PGReserved3 urlencode="1"></PGReserved3>
  </ReservedInfo>
</INIpay>
xRpnEELa9Dv/4XXPmu4UqDXbE3vsVmwyrd8QIyKDSh2IIBPDomcNnEXE7aa6MKlc
rZv+U0VJ88xGfQyW0bZJw3ZN6LJEFmSFr0C1UzbivEQwJ4zhfIt0e3Ku0ZYb/QIy
nh/r4Wr5ryMlaLVQIH0smQbQ8qAoK0br1uWaj3Jgd/Q=
]
INFO	[2013-12-19 09:17:54:599] <4232> VERIFY OK
INFO	[2013-12-19 09:17:54:599] <4232> PARSE HEAD OK
INFO	[2013-12-19 09:17:54:603] <4232> PARSE BODY OK
INFO	[2013-12-19 09:17:54:607] <4232> DECRYPT OK
DEBUG	[2013-12-19 09:17:54:608] <4232> DECRYPT MSG:[<?xml version="1.0" encoding="UTF-8"?>
<PaymentInfo>
  <Payment>
    <EASYPAY/>
    <Card>
      <CARD_ApplPrice>55300</CARD_ApplPrice>
      <CARD_Num>400913112812</CARD_Num>
      <CARD_Expire></CARD_Expire>
      <CARD_Code>12</CARD_Code>
      <CARD_BankCode>00</CARD_BankCode>
      <CARD_Quota>00</CARD_Quota>
      <CARD_Interest>0</CARD_Interest>
      <CARD_Point></CARD_Point>
      <CARD_AuthType>99</CARD_AuthType>
      <CARD_RegNum></CARD_RegNum>
      <CARD_ApplDate>20131219</CARD_ApplDate>
      <CARD_ApplTime>091755</CARD_ApplTime>
      <CARD_ApplNum>39117709</CARD_ApplNum>
      <CARD_TerminalNum>019048y000</CARD_TerminalNum>
      <CARD_MemberNum></CARD_MemberNum>
      <CARD_PurchaseCode></CARD_PurchaseCode>
      <CARD_ResultCode>120000</CARD_ResultCode>
      <CARD_ResultMsg urlencode="1">%C1%A4%BB%F3%C3%B3%B8%AE%B5%C7%BE%FA%BD%C0%B4%CF%B4%D9.</CARD_ResultMsg>
      <CARD_PrtcCode>1</CARD_PrtcCode>
      <CARD_Quota_Point>00</CARD_Quota_Point>
      <CARD_CheckFlag>0</CARD_CheckFlag>
      <CARD_PurchaseName urlencode="1"></CARD_PurchaseName>
      <CARD_IssuerName urlencode="1"></CARD_IssuerName>
      <CARD_JoinUsePoint></CARD_JoinUsePoint>
    </Card>
  </Payment>
</PaymentInfo>]
INFO	[2013-12-19 09:17:54:610] <4232> DECRYPT PARSE OK
INFO	[2013-12-19 09:17:54:611] <4232> WAIT ACK INVOKING
DEBUG	[2013-12-19 09:17:54:611] <4232> MAKE HEAD OK
INFO	[2013-12-19 09:17:54:614] <4232> SUCCESS ACK INVOKING
INFO	[2013-12-19 09:17:54:614] <4232> END securepay 정상처리되었습니다. Laptime:[0.79sec]
INFO	[2013-12-19 09:17:54:614] <4232> ===============================================================
INFO	[2013-12-19 14:37:11:947] <4233> START INIPHP chkfake (V5031-111123)(OS:Linux2.6.18-371.1.2.el5,PHP:5.2.17)
DEBUG	[2013-12-19 14:37:11:950] <4233> inipayhome:/www/loosfly_godo_co_kr/shop/order/card/inipay
DEBUG	[2013-12-19 14:37:11:950] <4233> type:chkfake
DEBUG	[2013-12-19 14:37:11:950] <4233> debug:true
DEBUG	[2013-12-19 14:37:11:950] <4233> enctype:asym
DEBUG	[2013-12-19 14:37:11:950] <4233> admin:1111
DEBUG	[2013-12-19 14:37:11:950] <4233> checkopt:false
DEBUG	[2013-12-19 14:37:11:950] <4233> mid:GODOloosfl
DEBUG	[2013-12-19 14:37:11:950] <4233> price:97900
DEBUG	[2013-12-19 14:37:11:950] <4233> nointerest:no
DEBUG	[2013-12-19 14:37:11:950] <4233> quotabase:선택:일시불:2개월:3개월:4개월:5개월:6개월:7개월:8개월:9개월:10개월:11개월:12개월
INFO	[2013-12-19 14:37:11:950] <4233> Check Field OK
INFO	[2013-12-19 14:37:11:962] <4233> MERCHANT PRIV KEY LOAD OK
INFO	[2013-12-19 14:37:11:966] <4233> MERCHANT PUB KEY LOAD OK []
INFO	[2013-12-19 14:37:11:967] <4233> CHKFAKE KEY MAKE OK:MjAxMzEyMTkxNDM3MTE5NjYzNjQ0MA==

INFO	[2013-12-19 14:37:11:967] <4233> END chkfake  Laptime:[0.03sec]
INFO	[2013-12-19 14:37:11:967] <4233> ===============================================================
INFO	[2013-12-19 14:37:16:745] <23931> START INIPHP chkfake (V5031-111123)(OS:Linux2.6.18-371.1.2.el5,PHP:5.2.17)
DEBUG	[2013-12-19 14:37:16:745] <23931> inipayhome:/www/loosfly_godo_co_kr/shop/order/card/inipay
DEBUG	[2013-12-19 14:37:16:745] <23931> type:chkfake
DEBUG	[2013-12-19 14:37:16:745] <23931> debug:true
DEBUG	[2013-12-19 14:37:16:745] <23931> enctype:asym
DEBUG	[2013-12-19 14:37:16:745] <23931> admin:1111
DEBUG	[2013-12-19 14:37:16:745] <23931> checkopt:false
DEBUG	[2013-12-19 14:37:16:745] <23931> mid:GODOloosfl
DEBUG	[2013-12-19 14:37:16:745] <23931> price:97900
DEBUG	[2013-12-19 14:37:16:745] <23931> nointerest:no
DEBUG	[2013-12-19 14:37:16:745] <23931> quotabase:선택:일시불:2개월:3개월:4개월:5개월:6개월:7개월:8개월:9개월:10개월:11개월:12개월
INFO	[2013-12-19 14:37:16:745] <23931> Check Field OK
INFO	[2013-12-19 14:37:16:745] <23931> MERCHANT PRIV KEY LOAD OK
INFO	[2013-12-19 14:37:16:746] <23931> MERCHANT PUB KEY LOAD OK []
INFO	[2013-12-19 14:37:16:747] <23931> CHKFAKE KEY MAKE OK:MjAxMzEyMTkxNDM3MTY3NDY3MTAyNQ==

INFO	[2013-12-19 14:37:16:747] <23931> END chkfake  Laptime:[0.01sec]
INFO	[2013-12-19 14:37:16:747] <23931> ===============================================================
INFO	[2013-12-19 14:39:00:182] <26218> START INIPHP securepay (V5031-111123)(OS:Linux2.6.18-371.1.2.el5,PHP:5.2.17)
DEBUG	[2013-12-19 14:39:00:182] <26218> inipayhome:/www/loosfly_godo_co_kr/shop/order/card/inipay
DEBUG	[2013-12-19 14:39:00:182] <26218> type:securepay
DEBUG	[2013-12-19 14:39:00:182] <26218> pgid:INIphpCARD
DEBUG	[2013-12-19 14:39:00:182] <26218> subpgip:203.238.3.10
DEBUG	[2013-12-19 14:39:00:182] <26218> admin:1111
DEBUG	[2013-12-19 14:39:00:182] <26218> debug:true
DEBUG	[2013-12-19 14:39:00:182] <26218> uid:
DEBUG	[2013-12-19 14:39:00:182] <26218> goodname:Mint Sunback Lace Leotard 외1건
DEBUG	[2013-12-19 14:39:00:182] <26218> currency:WON
DEBUG	[2013-12-19 14:39:00:182] <26218> mid:GODOloosfl
DEBUG	[2013-12-19 14:39:00:182] <26218> rn:MjAxMzEyMTkxNDM3MTY3NDY3MTAyNQ==

DEBUG	[2013-12-19 14:39:00:182] <26218> price:97900
DEBUG	[2013-12-19 14:39:00:182] <26218> enctype:
DEBUG	[2013-12-19 14:39:00:182] <26218> buyername:한수진
DEBUG	[2013-12-19 14:39:00:182] <26218> buyertel:010-3290-7859
DEBUG	[2013-12-19 14:39:00:182] <26218> buyeremail:cacahan@hanmail.net
DEBUG	[2013-12-19 14:39:00:182] <26218> paymethod:Card
DEBUG	[2013-12-19 14:39:00:182] <26218> encrypted:Version=4.1&PayMethod=Card&RsaKeyNum=1&EncryptionAlgorithm=SEED-CBC&SignAlgorithm=RSAwithSHA1&CertVer=39&moid=1387431402475&ver_trace=main(6076,6049)card(6098,6092)n(6008)Cs(6021)Dt(6002)Pa(6002)Cf(6024)Fv(0000)La(6117)Re(6071)Vr(6006)P(6033)en(6031)nP(6004)&pg1=211.219.96.180&pg2=203.238.37.3&pg1ip=211.219.96.180&pg2ip=203.238.37.3&agreeflag=1111&Data=7vgCVRwVravVywxQVsgzhgFyu4PB3x6hPWhyQ2z13YPyL/nON/vgz64wsu5h8p5F
3jqr0prNIpIMrVp/ubfYdEVfsrqw227ypp4IitPLRlWmdKZ3pL2nE2ZR20pWJzEP
oVX76/M49BsbMy/1LYrJjfRvNmlwHWXgTbF7dHwDrpEVgRrZGA7lCeiIAqNzIMeS
dWJVBwTKcwKxGEQ0a3CR5b6lWNr8fxQ7HhwtiBuxupb0NjYgETyZ9gjVVs0Svu7c
3L9+JW0n2mwvwpC26nBmH3DT9xp+PRH43aFc8Z+3MAg2SyUCSmKt8mmK19Ph1bZ5
DkSPYtuyeOVBuAXTL++ftK57EvLnr15ii01Tnc9gBQj//nYSFqggb6bvgugL4PBd
QxIDMlpKsEvi4ysiYhUKSAVn+ihIbxgdWhbZG9BGEwDidHh0WyKUYK1ZVbRdNhSj
UMaTCK9F1qobPkkfHP1ICMWPvslaj/t1SrDzoxfQRbxsBV7+PA2d1IKT4najJD3d
h8VzM9G3nvYshXMkdsu9qEgOC+8xpvwWC01AxQHa3iL17zCTL9DNGWFAZPt5Ug0a
rwv27QzRfthQDz6rH/4kuPlYVo/smopChM8oyRTW5XfTeSLNHdKfc+Ov/9/1CZ5E
AL1UJTk0cVebqSKNJjgLg6re0id4g5YAtxR/7B0b4qcXc6198KNK
DEBUG	[2013-12-19 14:39:00:182] <26218> sessionkey:OLk4z3PNBYIv5ev0tWT2FzHs+D6QobY9x3bMW1DRRLvkrS7yn9I9c3c7w4oQR1SV
fBAGvIPgpiu8mBftzMszgZ4KnBwVJIA4e78WOWQXlOxtBATRK3x5+ArT6E8VL+p+
0AzpaS3jJlI6IXx7ziqrby7HgXv9bOIuy0sZVzUDEXs=
DEBUG	[2013-12-19 14:39:00:182] <26218> url:http://www.loosfly.com
DEBUG	[2013-12-19 14:39:00:182] <26218> cardcode:01
DEBUG	[2013-12-19 14:39:00:182] <26218> parentemail:cacahan@hanmail.net
DEBUG	[2013-12-19 14:39:00:182] <26218> recvname:한수진
DEBUG	[2013-12-19 14:39:00:182] <26218> recvtel:010-3290-7859
DEBUG	[2013-12-19 14:39:00:182] <26218> recvaddr:서울 구로구 구로5동 신도림태영타운아파트 106-1405
DEBUG	[2013-12-19 14:39:00:182] <26218> recvpostnum:152-765
DEBUG	[2013-12-19 14:39:00:182] <26218> recvmsg:
DEBUG	[2013-12-19 14:39:00:182] <26218> joincard:
DEBUG	[2013-12-19 14:39:00:182] <26218> joinexpire:
DEBUG	[2013-12-19 14:39:00:182] <26218> id_customer:
INFO	[2013-12-19 14:39:00:182] <26218> Check Field OK
INFO	[2013-12-19 14:39:00:182] <26218> Make TID OK INIphpCARDGODOloosfl20131219143900824611
INFO	[2013-12-19 14:39:00:182] <26218> PI PUB KEY LOAD OK [39]
INFO	[2013-12-19 14:39:00:186] <26218> PG PUB KEY LOAD OK [30]
INFO	[2013-12-19 14:39:00:186] <26218> MERCHANT PRIV KEY LOAD OK
INFO	[2013-12-19 14:39:00:186] <26218> MERCHANT PUB KEY LOAD OK [0]
INFO	[2013-12-19 14:39:00:188] <26218> MAKE BODY OK
INFO	[2013-12-19 14:39:00:189] <26218> SIGN OK
INFO	[2013-12-19 14:39:00:189] <26218> MAKE HEAD OK
INFO	[2013-12-19 14:39:00:189] <26218> MSG_TO_PG:[0302800175R SHA1                   0                  39                  300200GODOloosfl               97900INIphpCARDGODOloosfl20131219143900824611<?xml version="1.0" encoding="UTF-8"?>
<INIpay>
	  <GoodsInfo>
	    <GoodsCnt>1</GoodsCnt>
	    <MOID/>
	    <Currency>WON</Currency>
	    <Tax/>
	    <TaxFree/>
	    <Goods>
	      <SMID>GODOloosfl</SMID>
	      <GoodsName urlencode="1">Mint+Sunback+Lace+Leotard+%BF%DC1%B0%C7</GoodsName>
	      <GoodsPrice>97900</GoodsPrice></Goods></GoodsInfo>
	  <BuyerInfo>
	    <BuyerName urlencode="1">%C7%D1%BC%F6%C1%F8</BuyerName>
	    <BuyerTel>010-3290-7859</BuyerTel>
	    <BuyerEmail urlencode="1">cacahan%40hanmail.net</BuyerEmail>
	    <ParentEmail urlencode="1">cacahan%40hanmail.net</ParentEmail>
	    <RecvName urlencode="1">%C7%D1%BC%F6%C1%F8</RecvName>
	    <RecvTel urlencode="1">010-3290-7859</RecvTel>
	    <RecvMsg/>
	    <RecvAddr urlencode="1">%BC%AD%BF%EF+%B1%B8%B7%CE%B1%B8+%B1%B8%B7%CE5%B5%BF+%BD%C5%B5%B5%B8%B2%C5%C2%BF%B5%C5%B8%BF%EE%BE%C6%C6%C4%C6%AE+106-1405</RecvAddr>
	    <RecvPostNum urlencode="1">152-765</RecvPostNum></BuyerInfo>
	  <PaymentInfo>
	    <Payment>
	      <PayMethod>Card</PayMethod>
	      <JoinCard/>
	      <JoinExpire/>
	      <MailOrder/>
	      <SessionKey>OLk4z3PNBYIv5ev0tWT2FzHs+D6QobY9x3bMW1DRRLvkrS7yn9I9c3c7w4oQR1SV
fBAGvIPgpiu8mBftzMszgZ4KnBwVJIA4e78WOWQXlOxtBATRK3x5+ArT6E8VL+p+
0AzpaS3jJlI6IXx7ziqrby7HgXv9bOIuy0sZVzUDEXs=</SessionKey>
	      <Encrypted urlencode="1">Version%3D4.1%26PayMethod%3DCard%26RsaKeyNum%3D1%26EncryptionAlgorithm%3DSEED-CBC%26SignAlgorithm%3DRSAwithSHA1%26CertVer%3D39%26moid%3D1387431402475%26ver_trace%3Dmain%286076%2C6049%29card%286098%2C6092%29n%286008%29Cs%286021%29Dt%286002%29Pa%286002%29Cf%286024%29Fv%280000%29La%286117%29Re%286071%29Vr%286006%29P%286033%29en%286031%29nP%286004%29%26pg1%3D211.219.96.180%26pg2%3D203.238.37.3%26pg1ip%3D211.219.96.180%26pg2ip%3D203.238.37.3%26agreeflag%3D1111%26Data%3D7vgCVRwVravVywxQVsgzhgFyu4PB3x6hPWhyQ2z13YPyL%2FnON%2Fvgz64wsu5h8p5F%0D%0A3jqr0prNIpIMrVp%2FubfYdEVfsrqw227ypp4IitPLRlWmdKZ3pL2nE2ZR20pWJzEP%0D%0AoVX76%2FM49BsbMy%2F1LYrJjfRvNmlwHWXgTbF7dHwDrpEVgRrZGA7lCeiIAqNzIMeS%0D%0AdWJVBwTKcwKxGEQ0a3CR5b6lWNr8fxQ7HhwtiBuxupb0NjYgETyZ9gjVVs0Svu7c%0D%0A3L9%2BJW0n2mwvwpC26nBmH3DT9xp%2BPRH43aFc8Z%2B3MAg2SyUCSmKt8mmK19Ph1bZ5%0D%0ADkSPYtuyeOVBuAXTL%2B%2BftK57EvLnr15ii01Tnc9gBQj%2F%2FnYSFqggb6bvgugL4PBd%0D%0AQxIDMlpKsEvi4ysiYhUKSAVn%2BihIbxgdWhbZG9BGEwDidHh0WyKUYK1ZVbRdNhSj%0D%0AUMaTCK9F1qobPkkfHP1ICMWPvslaj%2Ft1SrDzoxfQRbxsBV7%2BPA2d1IKT4najJD3d%0D%0Ah8VzM9G3nvYshXMkdsu9qEgOC%2B8xpvwWC01AxQHa3iL17zCTL9DNGWFAZPt5Ug0a%0D%0Arwv27QzRfthQDz6rH%2F4kuPlYVo%2FsmopChM8oyRTW5XfTeSLNHdKfc%2BOv%2F9%2F1CZ5E%0D%0AAL1UJTk0cVebqSKNJjgLg6re0id4g5YAtxR%2F7B0b4qcXc6198KNK</Encrypted></Payment></PaymentInfo>
	  <ReservedInfo>
	    <MReserved1/>
	    <MReserved2/>
	    <MReserved3/></ReservedInfo>
	  <ManageInfo>
	    <Language/>
	    <URL urlencode="1">http%3A%2F%2Fwww.loosfly.com</URL>
	    <TXVersion>5031B111123securLinux     PHPchkfake   2.6.18-371.1.2.el5PHP:5.2.17  </TXVersion>
	    <TXUserID/>
	    <TXRegNum/>
	    <Ack>1</Ack>
	    <TXRN>MjAxMzEyMTkxNDM3MTY3NDY3MTAyNQ==
</TXRN></ManageInfo></INIpay>ADu8WBiFU2O0J9i51HPOS2PnCllePw3E8F76i4uKu7HMYEXAmjYhGJgJcW4rzvnJ
6IlZg0OdeLk1+VMW8YBmKaQ24/ed490UXl4c+clCXJ5CtQemLxM7CN5do4v/wyp4
CSM5phgY1kvwsx8z2raDT6dhCp7j4oFoeAoWz/higwDM
]
INFO	[2013-12-19 14:39:00:189] <26218> DNS LOOKUP OK(211.219.96.180:211.219.96.180:34049) laptime:0
INFO	[2013-12-19 14:39:00:192] <26218> SOCKET CONNECT OK
INFO	[2013-12-19 14:39:00:192] <26218> SEND OK
INFO	[2013-12-19 14:39:00:937] <26218> RECV OK
INFO	[2013-12-19 14:39:00:937] <26218> MSG_FROM_PG:[0299700175D SHA1                   0                  39                  300210GODOloosfl               97900INIphpCARDGODOloosfl20131219143900824611<?xml version="1.0" encoding="UTF-8"?>
<INIpay>
  <GoodsInfo>
    <GoodsCnt>1</GoodsCnt>
    <MOID urlencode="1">1387431402475</MOID>
    <Currency>WON</Currency>
    <Goods no="1">
      <SMID>GODOloosfl</SMID>
      <GoodsName urlencode="1">Mint+Sunback+Lace+Leotard+%BF%DC1%B0%C7</GoodsName>
      <GoodsCntS>1</GoodsCntS>
      <GoodsPrice>97900</GoodsPrice>
    </Goods>
  </GoodsInfo>
  <PaymentInfo>
    <Payment>
      <SessionKey>AWy38EaavU+MYlabQ9nwjSq9LHPWbM8Z86yBs3ORja+Pk5BX/CcmNe7412900Nvl
8/dS2WBPY91eBssNn+TJdTgRzWK8JA5219G6chbhQxpKewVqJS8PIG17IUZogq6b
KcDBbnemi2wge3To4CLoRO4PubZHHABxts+Od8gm47khzfGpH2oeCLA=
</SessionKey>
      <Encrypted>v1fWW/+wPs77PIGUCz4hQUMIMeEHXRm1Zd2/iMv8DAZ9y8dRTm2mQWOGWVEM8GEq
VwYgs2EYFj36SYm7/jjqLj7MJ1xu4B5rORoJpFWas9UB1UeL2yCZWQ/hC/4CR3Td
fUbtN0BwYgJliBPqMH0X6E39GVjENockQf5IX61QX/1JAQuPAvOXl9dnpXGMZHOR
IlWvQn1Y/DVrUc8Td8aoEptVeRVX/f5iOcZXHjgrf+sVSkEeu/jpA+0dorm8HCxL
IryNvk1tyKXRO7jebGIXuiuy8c097l/7BEBctQXIbmNyQ2Yan3hB0C4JFLNtr5dx
h+Sdd7EXTjfGDQptKCRhTmJSscnYn3QfW7wBZ46XjK2+Ujs3w0eRzq5f2AVmXoKj
iaLYa5dgywKQpr5EkZVkgSUwIGuaYTvFNByrGC0qWdiLfgKubU2ZCX3RERjiWNpx
X7AoZJj4ctbf3aCvmgrg8oeOZ7KOQemiikdxA6kY1nD8pmvZls9hlB8Sr6nwIsxP
/UUCeKuFyGsX2IMsUbyDNAs1QLK9fyH9ja71c+R5qOm97E/wUsJslvnMC0ZpvaMk
SGyC+IBi4O+z1bTsj5VcH5VjjhcpxbJVZJ3MF8I6p1LsJpnnHLCBMwh6PslQm8jt
zbKQS/yCkx+QNXb4ZqPbW7vx1UCmpptiMHSPQjX8EbO4vFU4H1E3LvQNksw/uedz
JJj34Ag34Fm7oPF0oKipddTxWscxp+H7rh/z+iiYU63yCgjviDuxGA4EsM0spy18
Tdljc7381EInsZXL31t7FHD06Y9lNC8T3t7r1IKiXf5MaGHkXQUjEChpJzzbCYar
eaRD/o3eojzWvSONSRrSnaBIhgFD9zppiO0RT6mfwtvVWZqOcGDoc0Ayv81/3kaJ
RkwkKrGGgnIGlZk+YLoOCx/w1bMMJnek1j+babX4xVo0TO+wr42SKqqEmhAY5uKn
t7QRdJAYNn0B63fWU44cPp8LVjr1sY1XzM6VKP8Kzkl5NH1AtIHjSdqIpqlvcEag
J/kHwb7ccnowttAthiz/4i/srgWfUBhFS/2d5vXEJauP5XMrHrr1NQj0hmJcFeiV
0P3KSLHZXXnYyR82TvRDUx95bh9fiqNwZcuDL+iDTh8aIeuSL5vP6iFHg/mVEewP
4sIrzx8+QQ1U35u9hxPy5JKmGgJSp6qbIERQSdvTVrCLaDKUUU02tJhdy/Y0VFQu
EyaCEkrmoK8IFu6lIS5XU5YGt/Q1XLyhJsNfCcDP/NOgxMni7EunUiGYaHYOc4+I
ZdTz/0Lz65passHzqgIbWlEsOZn90U+BTn/EbvdD1JPpODLkrWdDk4N+GwTlXGqb
+KdeAFfHYw5/px4H6wA+sPtzacoM6L05+oPoY+dFenioBPKw1tIwHpgvnf24/Yz8
WsgETwKx82vdDxpc3dBSgt9Pq+t4kO04IYbjarPOavoC3bzEHWQmLzbFR2HlaW/+
/nzN26slgNSOeIFY+TvpDt0bLr2cmvnivM27N3l1v//q/Guwi/XAp7XzOzfenVDr
V88bakpkhkAtwltzZUHQYtsrxyM/VBav9ugyA5/kWrV072rn/j+HD/ZDgKuTURl8
Li6sP6pO1W/doghW5Vg2aCoKt4BoxfV0
</Encrypted>
      <PayMethod>Card</PayMethod>
      <ResultCode>120000</ResultCode>
      <ResultMsg urlencode="1">%C1%A4%BB%F3%C3%B3%B8%AE%B5%C7%BE%FA%BD%C0%B4%CF%B4%D9.</ResultMsg>
    </Payment>
  </PaymentInfo>
  <ManageInfo>
    <EventCode></EventCode>
    <OrgCurrency></OrgCurrency>
    <ExchangeRate></ExchangeRate>
    <OrgPrice></OrgPrice>
  </ManageInfo>
  <ReservedInfo>
    <MReserved1 urlencode="1"></MReserved1>
    <MReserved2 urlencode="1"></MReserved2>
    <MReserved3 urlencode="1"></MReserved3>
    <PGReserved1 urlencode="1"></PGReserved1>
    <PGReserved2 urlencode="1"></PGReserved2>
    <PGReserved3 urlencode="1"></PGReserved3>
  </ReservedInfo>
</INIpay>
1YeR0AcHXQ4VIUkpclWLkfHu/6mTqFpBbaulEGQyTz6rYZAZqwwMxRdX5k6YgZDT
cf0oCkOztIGKguo0NEXqWErVgzErI1aWhbB4AdJxSxkMVXYSNtlpiybrx7nyMtL6
xwgk9DnitkZIJTvVKzc0Md52v5bqeaSZTr2blSolGks=
]
INFO	[2013-12-19 14:39:00:937] <26218> VERIFY OK
INFO	[2013-12-19 14:39:00:937] <26218> PARSE HEAD OK
INFO	[2013-12-19 14:39:00:940] <26218> PARSE BODY OK
INFO	[2013-12-19 14:39:00:943] <26218> DECRYPT OK
DEBUG	[2013-12-19 14:39:00:943] <26218> DECRYPT MSG:[<?xml version="1.0" encoding="UTF-8"?>
<PaymentInfo>
  <Payment>
    <EASYPAY/>
    <Card>
      <CARD_ApplPrice>97900</CARD_ApplPrice>
      <CARD_Num>371001627306</CARD_Num>
      <CARD_Expire></CARD_Expire>
      <CARD_Code>01</CARD_Code>
      <CARD_BankCode>05</CARD_BankCode>
      <CARD_Quota>00</CARD_Quota>
      <CARD_Interest>0</CARD_Interest>
      <CARD_Point></CARD_Point>
      <CARD_AuthType>99</CARD_AuthType>
      <CARD_RegNum></CARD_RegNum>
      <CARD_ApplDate>20131219</CARD_ApplDate>
      <CARD_ApplTime>143901</CARD_ApplTime>
      <CARD_ApplNum>01466151</CARD_ApplNum>
      <CARD_TerminalNum>019048y000</CARD_TerminalNum>
      <CARD_MemberNum></CARD_MemberNum>
      <CARD_PurchaseCode></CARD_PurchaseCode>
      <CARD_ResultCode>120000</CARD_ResultCode>
      <CARD_ResultMsg urlencode="1">%C1%A4%BB%F3%C3%B3%B8%AE%B5%C7%BE%FA%BD%C0%B4%CF%B4%D9.</CARD_ResultMsg>
      <CARD_PrtcCode>1</CARD_PrtcCode>
      <CARD_Quota_Point>00</CARD_Quota_Point>
      <CARD_CheckFlag>0</CARD_CheckFlag>
      <CARD_PurchaseName urlencode="1"></CARD_PurchaseName>
      <CARD_IssuerName urlencode="1"></CARD_IssuerName>
      <CARD_JoinUsePoint></CARD_JoinUsePoint>
    </Card>
  </Payment>
</PaymentInfo>]
INFO	[2013-12-19 14:39:00:944] <26218> DECRYPT PARSE OK
INFO	[2013-12-19 14:39:00:944] <26218> WAIT ACK INVOKING
DEBUG	[2013-12-19 14:39:00:944] <26218> MAKE HEAD OK
INFO	[2013-12-19 14:39:00:948] <26218> SUCCESS ACK INVOKING
INFO	[2013-12-19 14:39:00:948] <26218> END securepay 정상처리되었습니다. Laptime:[0.77sec]
INFO	[2013-12-19 14:39:00:948] <26218> ===============================================================
INFO	[2013-12-19 19:25:42:297] <21454> START INIPHP chkfake (V5031-111123)(OS:Linux2.6.18-371.1.2.el5,PHP:5.2.17)
DEBUG	[2013-12-19 19:25:42:297] <21454> inipayhome:/www/loosfly_godo_co_kr/shop/order/card/inipay
DEBUG	[2013-12-19 19:25:42:297] <21454> type:chkfake
DEBUG	[2013-12-19 19:25:42:297] <21454> debug:true
DEBUG	[2013-12-19 19:25:42:297] <21454> enctype:asym
DEBUG	[2013-12-19 19:25:42:297] <21454> admin:1111
DEBUG	[2013-12-19 19:25:42:297] <21454> checkopt:false
DEBUG	[2013-12-19 19:25:42:297] <21454> mid:GODOloosfl
DEBUG	[2013-12-19 19:25:42:297] <21454> price:62300
DEBUG	[2013-12-19 19:25:42:297] <21454> nointerest:no
DEBUG	[2013-12-19 19:25:42:297] <21454> quotabase:선택:일시불:2개월:3개월:4개월:5개월:6개월:7개월:8개월:9개월:10개월:11개월:12개월
INFO	[2013-12-19 19:25:42:297] <21454> Check Field OK
INFO	[2013-12-19 19:25:42:297] <21454> MERCHANT PRIV KEY LOAD OK
INFO	[2013-12-19 19:25:42:298] <21454> MERCHANT PUB KEY LOAD OK []
INFO	[2013-12-19 19:25:42:299] <21454> CHKFAKE KEY MAKE OK:MjAxMzEyMTkxOTI1NDIyOTg3Mzc2MQ==

INFO	[2013-12-19 19:25:42:299] <21454> END chkfake  Laptime:[0sec]
INFO	[2013-12-19 19:25:42:299] <21454> ===============================================================
INFO	[2013-12-19 19:25:56:147] <4244> START INIPHP chkfake (V5031-111123)(OS:Linux2.6.18-371.1.2.el5,PHP:5.2.17)
DEBUG	[2013-12-19 19:25:56:147] <4244> inipayhome:/www/loosfly_godo_co_kr/shop/order/card/inipay
DEBUG	[2013-12-19 19:25:56:147] <4244> type:chkfake
DEBUG	[2013-12-19 19:25:56:147] <4244> debug:true
DEBUG	[2013-12-19 19:25:56:147] <4244> enctype:asym
DEBUG	[2013-12-19 19:25:56:147] <4244> admin:1111
DEBUG	[2013-12-19 19:25:56:147] <4244> checkopt:false
DEBUG	[2013-12-19 19:25:56:147] <4244> mid:GODOloosfl
DEBUG	[2013-12-19 19:25:56:147] <4244> price:62300
DEBUG	[2013-12-19 19:25:56:147] <4244> nointerest:no
DEBUG	[2013-12-19 19:25:56:147] <4244> quotabase:선택:일시불:2개월:3개월:4개월:5개월:6개월:7개월:8개월:9개월:10개월:11개월:12개월
INFO	[2013-12-19 19:25:56:147] <4244> Check Field OK
INFO	[2013-12-19 19:25:56:147] <4244> MERCHANT PRIV KEY LOAD OK
INFO	[2013-12-19 19:25:56:148] <4244> MERCHANT PUB KEY LOAD OK []
INFO	[2013-12-19 19:25:56:149] <4244> CHKFAKE KEY MAKE OK:MjAxMzEyMTkxOTI1NTYxNDg0NTg5OA==

INFO	[2013-12-19 19:25:56:149] <4244> END chkfake  Laptime:[0sec]
INFO	[2013-12-19 19:25:56:149] <4244> ===============================================================
INFO	[2013-12-19 19:36:24:976] <2768> START INIPHP chkfake (V5031-111123)(OS:Linux2.6.18-371.1.2.el5,PHP:5.2.17)
DEBUG	[2013-12-19 19:36:24:976] <2768> inipayhome:/www/loosfly_godo_co_kr/shop/order/card/inipay
DEBUG	[2013-12-19 19:36:24:976] <2768> type:chkfake
DEBUG	[2013-12-19 19:36:24:976] <2768> debug:true
DEBUG	[2013-12-19 19:36:24:976] <2768> enctype:asym
DEBUG	[2013-12-19 19:36:24:976] <2768> admin:1111
DEBUG	[2013-12-19 19:36:24:976] <2768> checkopt:false
DEBUG	[2013-12-19 19:36:24:976] <2768> mid:GODOloosfl
DEBUG	[2013-12-19 19:36:24:976] <2768> price:62300
DEBUG	[2013-12-19 19:36:24:976] <2768> nointerest:no
DEBUG	[2013-12-19 19:36:24:976] <2768> quotabase:선택:일시불:2개월:3개월:4개월:5개월:6개월:7개월:8개월:9개월:10개월:11개월:12개월
INFO	[2013-12-19 19:36:24:977] <2768> Check Field OK
INFO	[2013-12-19 19:36:24:977] <2768> MERCHANT PRIV KEY LOAD OK
INFO	[2013-12-19 19:36:24:977] <2768> MERCHANT PUB KEY LOAD OK []
INFO	[2013-12-19 19:36:24:978] <2768> CHKFAKE KEY MAKE OK:MjAxMzEyMTkxOTM2MjQ5Nzc2MTY2Ng==

INFO	[2013-12-19 19:36:24:979] <2768> END chkfake  Laptime:[0sec]
INFO	[2013-12-19 19:36:24:979] <2768> ===============================================================
INFO	[2013-12-19 19:37:43:264] <2856> START INIPHP securepay (V5031-111123)(OS:Linux2.6.18-371.1.2.el5,PHP:5.2.17)
DEBUG	[2013-12-19 19:37:43:264] <2856> inipayhome:/www/loosfly_godo_co_kr/shop/order/card/inipay
DEBUG	[2013-12-19 19:37:43:264] <2856> type:securepay
DEBUG	[2013-12-19 19:37:43:264] <2856> pgid:INIphpISP_
DEBUG	[2013-12-19 19:37:43:264] <2856> subpgip:203.238.3.10
DEBUG	[2013-12-19 19:37:43:264] <2856> admin:1111
DEBUG	[2013-12-19 19:37:43:264] <2856> debug:true
DEBUG	[2013-12-19 19:37:43:264] <2856> uid:
DEBUG	[2013-12-19 19:37:43:264] <2856> goodname:Halter Triad Leotard (Red)
DEBUG	[2013-12-19 19:37:43:264] <2856> currency:WON
DEBUG	[2013-12-19 19:37:43:264] <2856> mid:GODOloosfl
DEBUG	[2013-12-19 19:37:43:264] <2856> rn:MjAxMzEyMTkxOTM2MjQ5Nzc2MTY2Ng==

DEBUG	[2013-12-19 19:37:43:264] <2856> price:62300
DEBUG	[2013-12-19 19:37:43:264] <2856> enctype:
DEBUG	[2013-12-19 19:37:43:264] <2856> buyername:이윤주
DEBUG	[2013-12-19 19:37:43:264] <2856> buyertel:010-3710-0673
DEBUG	[2013-12-19 19:37:43:264] <2856> buyeremail:dbswn0367@daum.net
DEBUG	[2013-12-19 19:37:43:264] <2856> paymethod:VCard
DEBUG	[2013-12-19 19:37:43:264] <2856> encrypted:Version=4.1&PayMethod=VCard&RsaKeyNum=1&EncryptionAlgorithm=NONE&SignAlgorithm=SHA1WithRSAEncryption&CertVer=39&moid=1387448731920&ver_trace=main(6076,6049)vcard(6068)card(6098,6092)n(6008)Cs(6021)Dt(6002)Pa(6002)Cf(6024)Fv(0000)La(6117)Re(6071)Vr(6006)P(6033)en(6031)&pg1=203.238.37.3&pg2=211.219.96.180&pg1ip=203.238.37.3&pg2ip=211.219.96.180&agreeflag=1111&rn=3/jEtW0BBAdd6jaA2vMTRZGFqu9wojTc61o6MrWkizo=
&VCode=000204040090611&VQuota=03&VNoint=0&ip=192.168.0.4&mac=001BB18F1DAE&cardpoint=9&custemail=dbswn0367@daum.net&price=4uDsrkVGd0wjjm3e9sgrB7OBpLxSv2re
&below1000=0&encisp=0&pgnoint=0&VKBPoint=&VSessionKey=E1TuRYIIjuGG%2fTjBcqBTRmCHFHBYLVJdP0A%2fkG62WKqpL6h%2fJ2V8V8vdC9jCuHPwb6K7Io4WgtFTuIoSkm7oXrFVJXv468CfZyL7MzZK%2ftOXrF5g1%2brEHJjdz0cj9ZxJBvnhMcYMTDdgw15q9ntkI6pS%2bCvldHdbS8FpETmf%2fTI%3d&Data=cdata%3dZPzwoH1Qhw1dPLuAwal03H1n4Q2nwLa9md%2bOBq0EfHiG7neubIuS4YRyWD7zN6G%2fMQ1CIB516w%2f44jMHIaHA0ucd0JdWoIjZBYOWa1m6UcUjW65IwdUfb3ZsH4t6cRSpUgWGUaifFVnJSlgDUGHPDTmrlEX9FUFWJH%2bQT7WsDKoTOrb6AdLW%2fbgLkBkqgkAfgY43IX4uywwvXubwhZNyH8pblBR3xKMftYUbtgLSgwCZe9q9%2fWL5WtYgEO9KEH35OWq3Q6QCNOJ2UfWbLFeVpVy9koNHBjNdTonsOLOAmPLYgAvXH6DxXabFxjg0UndBW5N2Xz42kh170RoshUZBqIDVu0XWcjxTcVy6ou%2f4ycKQcOk339duurodilv%2bRWv0sKfbteBwSHPr%2f3NqbNuVzYvrOCYcqqx7CFxa0xhYyxafcvSF3ZqlrtnZjGB9qSKqTS%2ficfgtP1mgqMfyzmqWob%2b1PvgY1MTozhce7fV4LqBZNltWhPX1ws9pCqjNWMll&ts=131219193759zgpdLQezDar41YNZvtPVgA009594&src_flg=0&OSv=IE10_Win7 6.01.7601 SP1 Home Edition (CDN) (notray:J) [GODOloosfl] (61_secuni_npapi)&ip2=59.12.31.205
DEBUG	[2013-12-19 19:37:43:264] <2856> sessionkey:VCard
DEBUG	[2013-12-19 19:37:43:264] <2856> url:http://www.loosfly.com
DEBUG	[2013-12-19 19:37:43:264] <2856> cardcode:06
DEBUG	[2013-12-19 19:37:43:264] <2856> parentemail:dbswn0367@daum.net
DEBUG	[2013-12-19 19:37:43:264] <2856> recvname:이윤주
DEBUG	[2013-12-19 19:37:43:264] <2856> recvtel:010-3710-0673
DEBUG	[2013-12-19 19:37:43:264] <2856> recvaddr:경기 수원시 장안구 정자3동 874-5  레몬스포렉스 309호 
DEBUG	[2013-12-19 19:37:43:264] <2856> recvpostnum:440-841
DEBUG	[2013-12-19 19:37:43:264] <2856> recvmsg:
DEBUG	[2013-12-19 19:37:43:264] <2856> joincard:
DEBUG	[2013-12-19 19:37:43:264] <2856> joinexpire:
DEBUG	[2013-12-19 19:37:43:264] <2856> id_customer:
INFO	[2013-12-19 19:37:43:264] <2856> Check Field OK
INFO	[2013-12-19 19:37:43:264] <2856> Make TID OK INIphpISP_GODOloosfl20131219193743649236
INFO	[2013-12-19 19:37:43:264] <2856> PI PUB KEY LOAD OK [39]
INFO	[2013-12-19 19:37:43:274] <2856> PG PUB KEY LOAD OK [30]
INFO	[2013-12-19 19:37:43:275] <2856> MERCHANT PRIV KEY LOAD OK
INFO	[2013-12-19 19:37:43:275] <2856> MERCHANT PUB KEY LOAD OK [0]
INFO	[2013-12-19 19:37:43:277] <2856> MAKE BODY OK
INFO	[2013-12-19 19:37:43:280] <2856> SIGN OK
INFO	[2013-12-19 19:37:43:280] <2856> MAKE HEAD OK
INFO	[2013-12-19 19:37:43:280] <2856> MSG_TO_PG:[0335800175R SHA1                   0                  39                  300200GODOloosfl               62300INIphpISP_GODOloosfl20131219193743649236<?xml version="1.0" encoding="UTF-8"?>
<INIpay>
	  <GoodsInfo>
	    <GoodsCnt>1</GoodsCnt>
	    <MOID/>
	    <Currency>WON</Currency>
	    <Tax/>
	    <TaxFree/>
	    <Goods>
	      <SMID>GODOloosfl</SMID>
	      <GoodsName urlencode="1">Halter+Triad+Leotard+%28Red%29</GoodsName>
	      <GoodsPrice>62300</GoodsPrice></Goods></GoodsInfo>
	  <BuyerInfo>
	    <BuyerName urlencode="1">%C0%CC%C0%B1%C1%D6</BuyerName>
	    <BuyerTel>010-3710-0673</BuyerTel>
	    <BuyerEmail urlencode="1">dbswn0367%40daum.net</BuyerEmail>
	    <ParentEmail urlencode="1">dbswn0367%40daum.net</ParentEmail>
	    <RecvName urlencode="1">%C0%CC%C0%B1%C1%D6</RecvName>
	    <RecvTel urlencode="1">010-3710-0673</RecvTel>
	    <RecvMsg/>
	    <RecvAddr urlencode="1">%B0%E6%B1%E2+%BC%F6%BF%F8%BD%C3+%C0%E5%BE%C8%B1%B8+%C1%A4%C0%DA3%B5%BF+874-5++%B7%B9%B8%F3%BD%BA%C6%F7%B7%BA%BD%BA+309%C8%A3+</RecvAddr>
	    <RecvPostNum urlencode="1">440-841</RecvPostNum></BuyerInfo>
	  <PaymentInfo>
	    <Payment>
	      <PayMethod>VCard</PayMethod>
	      <JoinCard/>
	      <JoinExpire/>
	      <MailOrder/>
	      <SessionKey>VCard</SessionKey>
	      <Encrypted urlencode="1">Version%3D4.1%26PayMethod%3DVCard%26RsaKeyNum%3D1%26EncryptionAlgorithm%3DNONE%26SignAlgorithm%3DSHA1WithRSAEncryption%26CertVer%3D39%26moid%3D1387448731920%26ver_trace%3Dmain%286076%2C6049%29vcard%286068%29card%286098%2C6092%29n%286008%29Cs%286021%29Dt%286002%29Pa%286002%29Cf%286024%29Fv%280000%29La%286117%29Re%286071%29Vr%286006%29P%286033%29en%286031%29%26pg1%3D203.238.37.3%26pg2%3D211.219.96.180%26pg1ip%3D203.238.37.3%26pg2ip%3D211.219.96.180%26agreeflag%3D1111%26rn%3D3%2FjEtW0BBAdd6jaA2vMTRZGFqu9wojTc61o6MrWkizo%3D%0D%0A%26VCode%3D000204040090611%26VQuota%3D03%26VNoint%3D0%26ip%3D192.168.0.4%26mac%3D001BB18F1DAE%26cardpoint%3D9%26custemail%3Ddbswn0367%40daum.net%26price%3D4uDsrkVGd0wjjm3e9sgrB7OBpLxSv2re%0D%0A%26below1000%3D0%26encisp%3D0%26pgnoint%3D0%26VKBPoint%3D%26VSessionKey%3DE1TuRYIIjuGG%252fTjBcqBTRmCHFHBYLVJdP0A%252fkG62WKqpL6h%252fJ2V8V8vdC9jCuHPwb6K7Io4WgtFTuIoSkm7oXrFVJXv468CfZyL7MzZK%252ftOXrF5g1%252brEHJjdz0cj9ZxJBvnhMcYMTDdgw15q9ntkI6pS%252bCvldHdbS8FpETmf%252fTI%253d%26Data%3Dcdata%253dZPzwoH1Qhw1dPLuAwal03H1n4Q2nwLa9md%252bOBq0EfHiG7neubIuS4YRyWD7zN6G%252fMQ1CIB516w%252f44jMHIaHA0ucd0JdWoIjZBYOWa1m6UcUjW65IwdUfb3ZsH4t6cRSpUgWGUaifFVnJSlgDUGHPDTmrlEX9FUFWJH%252bQT7WsDKoTOrb6AdLW%252fbgLkBkqgkAfgY43IX4uywwvXubwhZNyH8pblBR3xKMftYUbtgLSgwCZe9q9%252fWL5WtYgEO9KEH35OWq3Q6QCNOJ2UfWbLFeVpVy9koNHBjNdTonsOLOAmPLYgAvXH6DxXabFxjg0UndBW5N2Xz42kh170RoshUZBqIDVu0XWcjxTcVy6ou%252f4ycKQcOk339duurodilv%252bRWv0sKfbteBwSHPr%252f3NqbNuVzYvrOCYcqqx7CFxa0xhYyxafcvSF3ZqlrtnZjGB9qSKqTS%252ficfgtP1mgqMfyzmqWob%252b1PvgY1MTozhce7fV4LqBZNltWhPX1ws9pCqjNWMll%26ts%3D131219193759zgpdLQezDar41YNZvtPVgA009594%26src_flg%3D0%26OSv%3DIE10_Win7+6.01.7601+SP1+Home+Edition+%28CDN%29+%28notray%3AJ%29+%5BGODOloosfl%5D+%2861_secuni_npapi%29%26ip2%3D59.12.31.205</Encrypted></Payment></PaymentInfo>
	  <ReservedInfo>
	    <MReserved1/>
	    <MReserved2/>
	    <MReserved3/></ReservedInfo>
	  <ManageInfo>
	    <Language/>
	    <URL urlencode="1">http%3A%2F%2Fwww.loosfly.com</URL>
	    <TXVersion>5031B111123securLinux     PHPchkfake   2.6.18-371.1.2.el5PHP:5.2.17  </TXVersion>
	    <TXUserID/>
	    <TXRegNum/>
	    <Ack>1</Ack>
	    <TXRN>MjAxMzEyMTkxOTM2MjQ5Nzc2MTY2Ng==
</TXRN></ManageInfo></INIpay>AI36eQL+P3zYwROcVTvh6fa4eNPQjXkjptqzkh0OpoKGCL0+noIcOfEPBdWQkOlS
9TEsMifIuoyKCeVT79Pc5ea9EfeH8tgKrzwbPyflnKwFdfg8a5Ojr4rZV58kVluv
AFUoB6Ys0ktyAjn8GFJLRtLlIHZRvQfljHtZK/Q5R0YI
]
INFO	[2013-12-19 19:37:43:280] <2856> DNS LOOKUP OK(203.238.37.3:203.238.37.3:34049) laptime:0
INFO	[2013-12-19 19:37:43:283] <2856> SOCKET CONNECT OK
INFO	[2013-12-19 19:37:43:284] <2856> SEND OK
INFO	[2013-12-19 19:37:44:92] <2856> RECV OK
INFO	[2013-12-19 19:37:44:92] <2856> MSG_FROM_PG:[0267800175D SHA1                   0                  39                  300210GODOloosfl               62300INIphpISP_GODOloosfl20131219193743649236<?xml version="1.0" encoding="UTF-8"?>
<INIpay>
  <GoodsInfo>
    <GoodsCnt>1</GoodsCnt>
    <MOID urlencode="1">1387448731920</MOID>
    <Currency>WON</Currency>
    <Goods no="1">
      <SMID>GODOloosfl</SMID>
      <GoodsName urlencode="1">Halter+Triad+Leotard+%28Red%29</GoodsName>
      <GoodsCntS>1</GoodsCntS>
      <GoodsPrice>62300</GoodsPrice>
    </Goods>
  </GoodsInfo>
  <PaymentInfo>
    <Payment>
      <SessionKey>ADnqWGHcY+Ju/7+KGDmHnMNeesaVe4ZJsYEKN7lIpKu0X+DCwT5TyUm/pxty3inW
psfuH5TyFN7wNOBjiBH0ncY2KnB18zj9NhFCtGYGPhlbZP/BM1jE7e3kB5EEdawo
bki5olCN3poFWg9uYvsjVxbg+E2nxqhYNGCHrhUGXOv2Og1ue48D0ow=
</SessionKey>
      <Encrypted>9i0YDR69TUcrjgJ5e6037j54TAgSEOZde/rdyHF3Z5iFOWkvN8SDJJ+9oAMlQMQB
t9JxCJ5FzVZ6rGk3jh4M3evy7w5PqKcTCS55n6NG8vKvg0k18xt7/3rFXGG2OP48
gu8mg9NqQAZnAzFqZBj8DKTP1zSbXFp7UoKJ+J6DFbDOTtnSm04SQfV7Hsw7GFOm
0ZXezcd7GMfJtmBZbQbvSugW4WnlOy7rHU1aLzK2VLDhgYYm+Nke0QjFdoum5nHs
qkPCSbvSTBln9JRtSswkP7wa4dmHfVMbtFPF4z7rWjB713SU5qfOugeOKhBxZJmA
xoD2ypBFioae4K3HbQxhHF+t3W/9kvKxdOK+07bfw5fhXJKCpUxvs/lRiYqZhFVM
tJxqtMoDiVPu/uRM8M7C+AX3V/RCkf1fBq5ObI5ytIbKP6ysiA5zMWtaf/VE8FbH
uTc8PgLB9pL/z/fEcBU51utlAYit7NygW8hkWAQZNyFTX4nSPiBHmTdt6ZHbNyZB
aWEHeZjBD9dE+ET9j4J/FLD04OCjyQ2B705Jrh+XIKihhu776fmqRUGCc4zGq3na
mRw975gZGvIB/e4sPXAfNpcEGrv2shpywcaCMCdz7+15Qstl9lu220f3ZXf5es3x
2YXQNbkoIUCw05kMqjg9VLwRpTjGtHl2w/LT2yLJ8PRFoyutnUQA56oy1u7jRx26
meqOqTTEOcEs76cGZLTWPAFaKzCWa4NcQWDoc0CpSaLibWOxNIUD3Y0F+i27VbKt
U9m7841J04roTYW40CCjRGYBL503cRkvibshIiwTulRYT1Qaxy895/ijw83/d8ey
ozjYrEyQOQ2E2Q0sy0Lpc5WDvzkMzBiQmfQqn0w/PSakTKtUxasCak9zvU0ihknd
sRtsc9GNyk6duUqucqltu+8bxU95Gk5F+KIBSsX+iOwPGROYT/j5pKHi1MoNc417
B0mEi7E3RXVXDB73jXIlHw8p6BIvJUvy7T0t3NtKWqHzA0rVcHlM+03oreSssGOL
Y5aAwC7XW0A7KacfVCvP+ekMSryqkLqZeOXSoYZc8wLWOoe0YJrAopdgzIOU63q7
VxTJtBUdSbYSExrLHoRvhOZ9fEilEvb6MUsuykRfl4hnHUmfN6KLA6Iqx84nUlrN
bvLR79UvZpoLp/4yQG4FQD55mExCOJ62RJKn28NYYUMOdjzkzBjpcfq1MR2uBbEQ
DhG3YPcVZFDKgu+hFwgnu0rcmZj65a0rQKXpjQ6NJPAW9EmxFp/kvkq8JXJ+V6a8
WZ32MAoaqvngInx1J8blaajXdLJXGqmYKUkaZGu1zN92442F4XT3DkWSsHgPivN5
jKiYF4N66L0=
</Encrypted>
      <PayMethod>VCard</PayMethod>
      <ResultCode>170000</ResultCode>
      <ResultMsg urlencode="1">%C1%A4%BB%F3%BF%CF%B7%E1</ResultMsg>
    </Payment>
  </PaymentInfo>
  <ManageInfo>
    <EventCode></EventCode>
    <OrgCurrency></OrgCurrency>
    <ExchangeRate></ExchangeRate>
    <OrgPrice></OrgPrice>
  </ManageInfo>
  <ReservedInfo>
    <MReserved1 urlencode="1"></MReserved1>
    <MReserved2 urlencode="1"></MReserved2>
    <MReserved3 urlencode="1"></MReserved3>
    <PGReserved1 urlencode="1"></PGReserved1>
    <PGReserved2 urlencode="1"></PGReserved2>
    <PGReserved3 urlencode="1"></PGReserved3>
  </ReservedInfo>
</INIpay>
gMaF16Qgta702Hd8A4oXSnIf1P++yoUc46rxTlj0Ls8fL8ZB8MmByM2X1NVu7ybp
MQZMqCOHvnWCCB9mR6TRmhNOolV7DP7mcpNl2Cb/yrhVOOKRT6vnSOODYCveTgc/
ojfJetPyI7Ut8UFF8NkbTkUjc/6T0Hio9iHovHTm/LU=
]
INFO	[2013-12-19 19:37:44:92] <2856> VERIFY OK
INFO	[2013-12-19 19:37:44:92] <2856> PARSE HEAD OK
INFO	[2013-12-19 19:37:44:96] <2856> PARSE BODY OK
INFO	[2013-12-19 19:37:44:100] <2856> DECRYPT OK
DEBUG	[2013-12-19 19:37:44:100] <2856> DECRYPT MSG:[<?xml version="1.0" encoding="UTF-8"?>
<PaymentInfo>
  <Payment>
    <EASYPAY/>
    <VCard>
      <ISP_ApplPrice>62300</ISP_ApplPrice>
      <ISP_BankCode>04</ISP_BankCode>
      <ISP_Quota>03</ISP_Quota>
      <ISP_Interest>0</ISP_Interest>
      <ISP_CardCode>06</ISP_CardCode>
      <ISP_CardNum>94454206****</ISP_CardNum>
      <ISP_Point></ISP_Point>
      <ISP_ApplDate>20131219</ISP_ApplDate>
      <ISP_ApplTime>193744</ISP_ApplTime>
      <ISP_ApplNum>30015210</ISP_ApplNum>
      <ISP_TerminalNum>019048y000</ISP_TerminalNum>
      <ISP_MemberNum></ISP_MemberNum>
      <ISP_PurchaseCode></ISP_PurchaseCode>
      <ISP_ResultCode>170000</ISP_ResultCode>
      <ISP_ResultMsg urlencode="1">%C1%A4%BB%F3%BF%CF%B7%E1</ISP_ResultMsg>
      <ISP_PrtcCode>1</ISP_PrtcCode>
      <ISP_Quota_Point>03</ISP_Quota_Point>
      <ISP_CheckFlag>0</ISP_CheckFlag>
      <ISP_PurchaseName urlencode="1"></ISP_PurchaseName>
      <ISP_IssuerName urlencode="1"></ISP_IssuerName>
    </VCard>
  </Payment>
</PaymentInfo>]
INFO	[2013-12-19 19:37:44:103] <2856> DECRYPT PARSE OK
INFO	[2013-12-19 19:37:44:103] <2856> WAIT ACK INVOKING
DEBUG	[2013-12-19 19:37:44:103] <2856> MAKE HEAD OK
INFO	[2013-12-19 19:37:44:106] <2856> SUCCESS ACK INVOKING
INFO	[2013-12-19 19:37:44:106] <2856> END securepay 정상완료 Laptime:[0.85sec]
INFO	[2013-12-19 19:37:44:107] <2856> ===============================================================
