INFO	[2014-09-28 21:58:51:61] <24062> START INIPHP chkfake (V5031-111123)(OS:Linux2.6.18-371.11.1.el5,PHP:5.2.17)
DEBUG	[2014-09-28 21:58:51:63] <24062> inipayhome:/www/loosfly_godo_co_kr/shop/order/card/inipay
DEBUG	[2014-09-28 21:58:51:63] <24062> type:chkfake
DEBUG	[2014-09-28 21:58:51:63] <24062> debug:true
DEBUG	[2014-09-28 21:58:51:63] <24062> enctype:asym
DEBUG	[2014-09-28 21:58:51:63] <24062> admin:1111
DEBUG	[2014-09-28 21:58:51:63] <24062> checkopt:false
DEBUG	[2014-09-28 21:58:51:63] <24062> mid:GODOloosfl
DEBUG	[2014-09-28 21:58:51:63] <24062> price:79000
DEBUG	[2014-09-28 21:58:51:63] <24062> nointerest:no
DEBUG	[2014-09-28 21:58:51:63] <24062> quotabase:선택:일시불:2개월:3개월:4개월:5개월:6개월:7개월:8개월:9개월:10개월:11개월:12개월
INFO	[2014-09-28 21:58:51:64] <24062> Check Field OK
INFO	[2014-09-28 21:58:51:70] <24062> MERCHANT PRIV KEY LOAD OK
INFO	[2014-09-28 21:58:51:74] <24062> MERCHANT PUB KEY LOAD OK []
INFO	[2014-09-28 21:58:51:76] <24062> CHKFAKE KEY MAKE OK:MjAxNDA5MjgyMTU4NTEwNzQ3MTc5OA==

INFO	[2014-09-28 21:58:51:76] <24062> END chkfake  Laptime:[0.03sec]
INFO	[2014-09-28 21:58:51:76] <24062> ===============================================================
INFO	[2014-09-28 22:14:25:761] <24073> START INIPHP chkfake (V5031-111123)(OS:Linux2.6.18-371.11.1.el5,PHP:5.2.17)
DEBUG	[2014-09-28 22:14:25:761] <24073> inipayhome:/www/loosfly_godo_co_kr/shop/order/card/inipay
DEBUG	[2014-09-28 22:14:25:761] <24073> type:chkfake
DEBUG	[2014-09-28 22:14:25:761] <24073> debug:true
DEBUG	[2014-09-28 22:14:25:761] <24073> enctype:asym
DEBUG	[2014-09-28 22:14:25:761] <24073> admin:1111
DEBUG	[2014-09-28 22:14:25:761] <24073> checkopt:false
DEBUG	[2014-09-28 22:14:25:761] <24073> mid:GODOloosfl
DEBUG	[2014-09-28 22:14:25:761] <24073> price:79000
DEBUG	[2014-09-28 22:14:25:761] <24073> nointerest:no
DEBUG	[2014-09-28 22:14:25:761] <24073> quotabase:선택:일시불:2개월:3개월:4개월:5개월:6개월:7개월:8개월:9개월:10개월:11개월:12개월
INFO	[2014-09-28 22:14:25:761] <24073> Check Field OK
INFO	[2014-09-28 22:14:25:762] <24073> MERCHANT PRIV KEY LOAD OK
INFO	[2014-09-28 22:14:25:762] <24073> MERCHANT PUB KEY LOAD OK []
INFO	[2014-09-28 22:14:25:763] <24073> CHKFAKE KEY MAKE OK:MjAxNDA5MjgyMjE0MjU3NjI5NTUxMg==

INFO	[2014-09-28 22:14:25:763] <24073> END chkfake  Laptime:[0sec]
INFO	[2014-09-28 22:14:25:763] <24073> ===============================================================
INFO	[2014-09-28 22:16:24:736] <24090> START INIPHP securepay (V5031-111123)(OS:Linux2.6.18-371.11.1.el5,PHP:5.2.17)
DEBUG	[2014-09-28 22:16:24:736] <24090> inipayhome:/www/loosfly_godo_co_kr/shop/order/card/inipay
DEBUG	[2014-09-28 22:16:24:736] <24090> type:securepay
DEBUG	[2014-09-28 22:16:24:736] <24090> pgid:INIphpCARD
DEBUG	[2014-09-28 22:16:24:736] <24090> subpgip:203.238.3.10
DEBUG	[2014-09-28 22:16:24:736] <24090> admin:1111
DEBUG	[2014-09-28 22:16:24:736] <24090> debug:true
DEBUG	[2014-09-28 22:16:24:736] <24090> uid:
DEBUG	[2014-09-28 22:16:24:736] <24090> goodname:Strap Fullness Pants (Crimson Red)
DEBUG	[2014-09-28 22:16:24:736] <24090> currency:WON
DEBUG	[2014-09-28 22:16:24:736] <24090> mid:GODOloosfl
DEBUG	[2014-09-28 22:16:24:736] <24090> rn:MjAxNDA5MjgyMjE0MjU3NjI5NTUxMg==

DEBUG	[2014-09-28 22:16:24:736] <24090> price:79000
DEBUG	[2014-09-28 22:16:24:736] <24090> enctype:
DEBUG	[2014-09-28 22:16:24:736] <24090> buyername:여청자
DEBUG	[2014-09-28 22:16:24:736] <24090> buyertel:010-3814-7085
DEBUG	[2014-09-28 22:16:24:736] <24090> buyeremail:blue-ggo@hanmail.net
DEBUG	[2014-09-28 22:16:24:736] <24090> paymethod:Card
DEBUG	[2014-09-28 22:16:24:736] <24090> encrypted:Version=4.1&PayMethod=Card&RsaKeyNum=1&EncryptionAlgorithm=SEED-CBC&SignAlgorithm=RSAwithSHA1&CertVer=39&moid=1411910050292&ver_trace=main(6086,6053)card(6115,6105)n(6008)Cs(6022)Dt(6002)Pa(6002)Cf(6024)Fv(0000)La(6131)Re(6083)Vr(6006)P(6033)en(6039)nP(6006)&pg1=203.238.37.3&pg2=211.219.96.180&pg1ip=203.238.37.3&pg2ip=211.219.96.180&agreeflag=1111&Data=N4l5hC7jG6MH96wi5WYZKLPqKs1r5LbFNdBK8mXH/wPoANYBGY6drB0K7YvJtyp0
tnJq14JnMeR5p7LBkNxgUpYvsoDklaHhUS02RWunGynOjmuqydNoSWuniCRC83iy
upeijudsnJjxkgYLBtOGiMKb6yqxR4ulAQR3XK2/Tq7ABZWObAIfvRuE/yGbc4X7
/QrZsaN03iRDl/JjzPAFAVMswGukjnRB+roySklqJlxWLqgoobFiI1mY0QqaZ+g7
ytKazJOoEW/pPp6jsAyvtODMP93aWRnzAVIi6AkE1VPIOLwVPMbEYMzH6CuG3wNA
XZMbl0goEQiy/DU9PTDdkIuMIEmduoEvOKAP7LHzMUYbfXfEC0uzmR2Fd+Jm/1wA
F7wdAebvBCkhbV2Gwi09v8hPo4UNtmYCMk1sRsvwOg2SMPq6Ac/yX2fDJjZJ7Spm
XPYk2x/5hhjrMSIKksyTgIpePAZ+cJl8umfCgBIYMB8VN9q8ok0KZrjzI7KFYIlr
4MDsaST9IaNNlxBSURPY8bLKru69d+WuwwoNdlY80Ra3Sm9RHrg1acuc6Uq8lh8d
UkeLpCRJjYtaN2wa4p1aiD9gRYI51uSgz9u793HtBwszw8UkpMbQDWnc6dY9MFRc
rSHDaQpxJB3oq6hj91vL668lXQOjAx7pCmOwudOi4ITCqjq6UwjEF+XGcYq4vT77
ic0mm9Pf
DEBUG	[2014-09-28 22:16:24:736] <24090> sessionkey:L3vo45evhSMunZN9KZsnp1gnuOxjNQrocQ9BuYYlPIeG1AkZMO0p9kiUPrCQQW9l
noto/SdcNdEB4c5YTPqKafUL73cJn41VMmJHSmlvYUEi9y+eakHz0qrdDvqEjIAD
tSxZRH0s047l4L7yI7xEFeiInGP9y1l4dpHo1LYalMU=
DEBUG	[2014-09-28 22:16:24:736] <24090> url:http://www.loosfly.com
DEBUG	[2014-09-28 22:16:24:736] <24090> cardcode:12
DEBUG	[2014-09-28 22:16:24:736] <24090> parentemail:blue-ggo@hanmail.net
DEBUG	[2014-09-28 22:16:24:736] <24090> recvname:여청자
DEBUG	[2014-09-28 22:16:24:736] <24090> recvtel:010-3814-7085
DEBUG	[2014-09-28 22:16:24:736] <24090> recvaddr:서울특별시 동작구 흑석동 1-3 원불교서울회관 4층 404호
DEBUG	[2014-09-28 22:16:24:736] <24090> recvpostnum:156-856
DEBUG	[2014-09-28 22:16:24:736] <24090> recvmsg:
DEBUG	[2014-09-28 22:16:24:736] <24090> joincard:
DEBUG	[2014-09-28 22:16:24:736] <24090> joinexpire:
DEBUG	[2014-09-28 22:16:24:736] <24090> id_customer:
INFO	[2014-09-28 22:16:24:737] <24090> Check Field OK
INFO	[2014-09-28 22:16:24:737] <24090> Make TID OK INIphpCARDGODOloosfl20140928221624374644
INFO	[2014-09-28 22:16:24:737] <24090> PI PUB KEY LOAD OK [39]
INFO	[2014-09-28 22:16:24:742] <24090> PG PUB KEY LOAD OK [30]
INFO	[2014-09-28 22:16:24:742] <24090> MERCHANT PRIV KEY LOAD OK
INFO	[2014-09-28 22:16:24:742] <24090> MERCHANT PUB KEY LOAD OK [0]
INFO	[2014-09-28 22:16:24:743] <24090> MAKE BODY OK
INFO	[2014-09-28 22:16:24:745] <24090> SIGN OK
INFO	[2014-09-28 22:16:24:745] <24090> MAKE HEAD OK
INFO	[2014-09-28 22:16:24:745] <24090> MSG_TO_PG:[0305500175R SHA1                   0                  39                  300200GODOloosfl               79000INIphpCARDGODOloosfl20140928221624374644<?xml version="1.0" encoding="UTF-8"?>
<INIpay>
	  <GoodsInfo>
	    <GoodsCnt>1</GoodsCnt>
	    <MOID/>
	    <Currency>WON</Currency>
	    <Tax/>
	    <TaxFree/>
	    <Goods>
	      <SMID>GODOloosfl</SMID>
	      <GoodsName urlencode="1">Strap+Fullness+Pants+%28Crimson+Red%29</GoodsName>
	      <GoodsPrice>79000</GoodsPrice></Goods></GoodsInfo>
	  <BuyerInfo>
	    <BuyerName urlencode="1">%BF%A9%C3%BB%C0%DA</BuyerName>
	    <BuyerTel>010-3814-7085</BuyerTel>
	    <BuyerEmail urlencode="1">blue-ggo%40hanmail.net</BuyerEmail>
	    <ParentEmail urlencode="1">blue-ggo%40hanmail.net</ParentEmail>
	    <RecvName urlencode="1">%BF%A9%C3%BB%C0%DA</RecvName>
	    <RecvTel urlencode="1">010-3814-7085</RecvTel>
	    <RecvMsg/>
	    <RecvAddr urlencode="1">%BC%AD%BF%EF%C6%AF%BA%B0%BD%C3+%B5%BF%C0%DB%B1%B8+%C8%E6%BC%AE%B5%BF+1-3+%BF%F8%BA%D2%B1%B3%BC%AD%BF%EF%C8%B8%B0%FC+4%C3%FE+404%C8%A3</RecvAddr>
	    <RecvPostNum urlencode="1">156-856</RecvPostNum></BuyerInfo>
	  <PaymentInfo>
	    <Payment>
	      <PayMethod>Card</PayMethod>
	      <JoinCard/>
	      <JoinExpire/>
	      <MailOrder/>
	      <SessionKey>L3vo45evhSMunZN9KZsnp1gnuOxjNQrocQ9BuYYlPIeG1AkZMO0p9kiUPrCQQW9l
noto/SdcNdEB4c5YTPqKafUL73cJn41VMmJHSmlvYUEi9y+eakHz0qrdDvqEjIAD
tSxZRH0s047l4L7yI7xEFeiInGP9y1l4dpHo1LYalMU=</SessionKey>
	      <Encrypted urlencode="1">Version%3D4.1%26PayMethod%3DCard%26RsaKeyNum%3D1%26EncryptionAlgorithm%3DSEED-CBC%26SignAlgorithm%3DRSAwithSHA1%26CertVer%3D39%26moid%3D1411910050292%26ver_trace%3Dmain%286086%2C6053%29card%286115%2C6105%29n%286008%29Cs%286022%29Dt%286002%29Pa%286002%29Cf%286024%29Fv%280000%29La%286131%29Re%286083%29Vr%286006%29P%286033%29en%286039%29nP%286006%29%26pg1%3D203.238.37.3%26pg2%3D211.219.96.180%26pg1ip%3D203.238.37.3%26pg2ip%3D211.219.96.180%26agreeflag%3D1111%26Data%3DN4l5hC7jG6MH96wi5WYZKLPqKs1r5LbFNdBK8mXH%2FwPoANYBGY6drB0K7YvJtyp0%0D%0AtnJq14JnMeR5p7LBkNxgUpYvsoDklaHhUS02RWunGynOjmuqydNoSWuniCRC83iy%0D%0AupeijudsnJjxkgYLBtOGiMKb6yqxR4ulAQR3XK2%2FTq7ABZWObAIfvRuE%2FyGbc4X7%0D%0A%2FQrZsaN03iRDl%2FJjzPAFAVMswGukjnRB%2BroySklqJlxWLqgoobFiI1mY0QqaZ%2Bg7%0D%0AytKazJOoEW%2FpPp6jsAyvtODMP93aWRnzAVIi6AkE1VPIOLwVPMbEYMzH6CuG3wNA%0D%0AXZMbl0goEQiy%2FDU9PTDdkIuMIEmduoEvOKAP7LHzMUYbfXfEC0uzmR2Fd%2BJm%2F1wA%0D%0AF7wdAebvBCkhbV2Gwi09v8hPo4UNtmYCMk1sRsvwOg2SMPq6Ac%2FyX2fDJjZJ7Spm%0D%0AXPYk2x%2F5hhjrMSIKksyTgIpePAZ%2BcJl8umfCgBIYMB8VN9q8ok0KZrjzI7KFYIlr%0D%0A4MDsaST9IaNNlxBSURPY8bLKru69d%2BWuwwoNdlY80Ra3Sm9RHrg1acuc6Uq8lh8d%0D%0AUkeLpCRJjYtaN2wa4p1aiD9gRYI51uSgz9u793HtBwszw8UkpMbQDWnc6dY9MFRc%0D%0ArSHDaQpxJB3oq6hj91vL668lXQOjAx7pCmOwudOi4ITCqjq6UwjEF%2BXGcYq4vT77%0D%0Aic0mm9Pf</Encrypted></Payment></PaymentInfo>
	  <ReservedInfo>
	    <MReserved1/>
	    <MReserved2/>
	    <MReserved3/></ReservedInfo>
	  <ManageInfo>
	    <Language/>
	    <URL urlencode="1">http%3A%2F%2Fwww.loosfly.com</URL>
	    <TXVersion>5031B111123securLinux     PHPchkfake   2.6.18-371.11.1.el5PHP:5.2.17 </TXVersion>
	    <TXUserID/>
	    <TXRegNum/>
	    <Ack>1</Ack>
	    <TXRN>MjAxNDA5MjgyMjE0MjU3NjI5NTUxMg==
</TXRN></ManageInfo></INIpay>AN5r+hASWAv/h7vDVTdEzzpMVHq3rSnj77qTvun27fZf3oAkJ5rXHlwTmZYxEj1d
1jpIHonbtaE1vF3Z93f+6GvKE7u1DWA0I5I8weqgOq7Taoup6DN+Ob4G5ZFKVQ+j
I7JlCP77wOVtw74l70jz800sAKeGQqwa5hXSFBwLmlGI
]
INFO	[2014-09-28 22:16:24:745] <24090> DNS LOOKUP OK(203.238.37.3:203.238.37.3:34049) laptime:0
INFO	[2014-09-28 22:16:24:749] <24090> SOCKET CONNECT OK
INFO	[2014-09-28 22:16:24:749] <24090> SEND OK
INFO	[2014-09-28 22:16:25:568] <24090> RECV OK
INFO	[2014-09-28 22:16:25:569] <24090> MSG_FROM_PG:[0299700175D SHA1                   0                  39                  300210GODOloosfl               79000INIphpCARDGODOloosfl20140928221624374644<?xml version="1.0" encoding="UTF-8"?>
<INIpay>
  <GoodsInfo>
    <GoodsCnt>1</GoodsCnt>
    <MOID urlencode="1">1411910050292</MOID>
    <Currency>WON</Currency>
    <Goods no="1">
      <SMID>GODOloosfl</SMID>
      <GoodsName urlencode="1">Strap+Fullness+Pants+%28Crimson+Red%29</GoodsName>
      <GoodsCntS>1</GoodsCntS>
      <GoodsPrice>79000</GoodsPrice>
    </Goods>
  </GoodsInfo>
  <PaymentInfo>
    <Payment>
      <SessionKey>AaeuC5PIFSu6FvOLb1DhQkM4o4QwlO+euWKqwMTyo6n/p/lCmp3Um9qRRxbZTDPS
m7JdVWW+x4vN1PJ1tMgsC9MeSSl5FSBe5PxBUYmVgzLD8NuL+WrSdvn/JKH/PHKM
nHB45kQZbFgZmsGcJZ6eMSPQihbTlVaIQWbpdPFz5JqmSEYh+cud9uU=
</SessionKey>
      <Encrypted>Fw/U+WFfkWKpsjhm5NgqvygPJyaI+acUDD6hiTfuA/VwPJ7brE0M0In9K9lrJ90S
rjYkmm4wp4m/LDpwOlYPOSL1KeTOn1NitQ0C93eerawdBuS1/LakhbBrY+T5qXLJ
k5/01paLQYO+7Niwj+x1j23ICVVoTcqGwZ/S+VZ8sTL6y1mhXo9e+mt4AqCaFKGw
7CHUkbRczU4/AbybBrNWbY9ixSFPzZBDaGZH1ixjws5ZupW/PMm1lGFMWNi+EmYe
5BI49FW2QPMrLaeHiQrczgnGO0XXb3IGSJzArpAqWFzG674wLlhbC7dy8WTDB2s7
Al31iHR6OJTCbLM1/MWhIpO5gH2ONtvFFhmSndLVk6/5Wl6cpaXO0WxyL6CqJbO/
KnKDTkTj+jnzNqrVedyEsgMzhcxyzMTb+C20rt+XvYDMZDg4Luhdb6y0QievI5hr
HpaNBT/j29BJW1kYbdG0tm76cMB42C+ZHnkUXOMcg52MR3fYDHLY1awYRDvCPzsX
VDCNeAbQyHpO/fJ30XAYbhp+R6UT0je/Qi5vVNMOJNMmtcOTYjuC+XwEnbTRtuf1
NAbqS1MXO8CkbwqpezYUdKkqoaMlHGD31ox2ZyL/RmjhwBaKA6EchkvYE8WLygDh
VWEIIhgMgynnvo5U2BQi5vKimkDnYsfVWs/BB6NNjJ1dzVam2hEbDDJ9w6P5LpyF
wMJ9eTiiQH103aBDWQ54hj6ksOZ/lnlcNB56ydjQR82Vxa3M5ljvQdsiqyPMGuKO
KBgNL6uWOL2RpLHgNcKYsrDAIhpCUm1uSdML/+Fjk7rHRwwugzCXa9TDsd5SncPB
UAa233fshKrWfZPQBKxP/4VwB+/imF0XvpDvpBj9MIsjfY0nKA4GAviw/hv5F8C3
0TKDcL66+ZIXsB3o7VWCGSHiEhyyLCA+pOB//evHeXgTPuDkPrNlVsu+MSiN8F3s
g2a6EGM760aw4TVsLCSPY6XO5QQYBTYyPnGSTWPF3qN6OzHVI76AXJcTCbzI6USL
FyCxf9Ai2AatnmOdoQeuzGHgv5BOOn1IfjtvxjB/7S6keRsk6fkCvfhFBS/NrXD7
DZM3vvOU3IQz1gmRATmX0VlZtezR/6IJReWOEfH2S0rlsVMg7h4VcgSDwhvNIKyc
Pbxh1dbuu0sVakgyoAvWkEpzDGAFRmkJi0r2nzmUtOiKkSV38PzVD6hpzrxq56cE
ligmMMN/r5f1HYgLiOBzObDMzCUNdkv4Wx+qXqK9f7j1ylo165y4PAnxpUhWLq/O
9cUlIRFu8J9uMoh9lq6qZZUNKyiaSNBBcLEAlZVGMybQJtsqq/MGDtba2m2Ig0da
0sGJGhfwcNPUs52zwT/MXqi6TvLhcmcr1QGZwn1cbtSmQQ1SbbY1M9IwLg9jGGqF
T+68vvXFuDDy6du4J3OEoL8C69fAl/oVMoPlAxPoihDh2tX+L7jeCh6XviCxgCU/
r+kZ2SYb0yyQ0YAU2kR/52Ov+a2EnY25ykpV52LK/10KXFMEUHiPBzNA2sBmkwj0
P7HCEfL1Hr41jnspe9xU/UT2fdlhi/0LTXCvCxAuO4/Jzh4Nci2p6cbrENmaHxSd
TpQLo3EgoB/fEsZUBw72/fdW1/VF646c
</Encrypted>
      <PayMethod>Card</PayMethod>
      <ResultCode>120000</ResultCode>
      <ResultMsg urlencode="1">%C1%A4%BB%F3%C3%B3%B8%AE%B5%C7%BE%FA%BD%C0%B4%CF%B4%D9.</ResultMsg>
    </Payment>
  </PaymentInfo>
  <ManageInfo>
    <EventCode>1</EventCode>
    <OrgCurrency></OrgCurrency>
    <ExchangeRate></ExchangeRate>
    <OrgPrice></OrgPrice>
  </ManageInfo>
  <ReservedInfo>
    <MReserved1 urlencode="1"></MReserved1>
    <MReserved2 urlencode="1"></MReserved2>
    <MReserved3 urlencode="1"></MReserved3>
    <PGReserved1 urlencode="1"></PGReserved1>
    <PGReserved2 urlencode="1"></PGReserved2>
    <PGReserved3 urlencode="1"></PGReserved3>
  </ReservedInfo>
</INIpay>
wdhJ510UrJCfGnaWB3pr3AcZf0Xsj8hhsWxcC3OsugPJD/1/uP3VAHdc+gWZgNLT
d65UxTuHlT/hHON1j3m0iPDQYoEUtpcZMs44VsFyCO3HcC3m182xJVzj5lu4VOpg
3A2bVHdHNrprcpQBHK44bMpV4TXYwVJeGylURTspFT0=
]
INFO	[2014-09-28 22:16:25:576] <24090> VERIFY OK
INFO	[2014-09-28 22:16:25:576] <24090> PARSE HEAD OK
INFO	[2014-09-28 22:16:25:580] <24090> PARSE BODY OK
INFO	[2014-09-28 22:16:25:588] <24090> DECRYPT OK
DEBUG	[2014-09-28 22:16:25:588] <24090> DECRYPT MSG:[<?xml version="1.0" encoding="UTF-8"?>
<PaymentInfo>
  <Payment>
    <EASYPAY/>
    <Card>
      <CARD_ApplPrice>79000</CARD_ApplPrice>
      <CARD_Num>531080101295</CARD_Num>
      <CARD_Expire></CARD_Expire>
      <CARD_Code>12</CARD_Code>
      <CARD_BankCode>00</CARD_BankCode>
      <CARD_Quota>03</CARD_Quota>
      <CARD_Interest>0</CARD_Interest>
      <CARD_Point></CARD_Point>
      <CARD_AuthType>99</CARD_AuthType>
      <CARD_RegNum></CARD_RegNum>
      <CARD_ApplDate>20140928</CARD_ApplDate>
      <CARD_ApplTime>221626</CARD_ApplTime>
      <CARD_ApplNum>58976209</CARD_ApplNum>
      <CARD_TerminalNum>019048y000</CARD_TerminalNum>
      <CARD_MemberNum></CARD_MemberNum>
      <CARD_PurchaseCode></CARD_PurchaseCode>
      <CARD_ResultCode>120000</CARD_ResultCode>
      <CARD_ResultMsg urlencode="1">%C1%A4%BB%F3%C3%B3%B8%AE%B5%C7%BE%FA%BD%C0%B4%CF%B4%D9.</CARD_ResultMsg>
      <CARD_PrtcCode>1</CARD_PrtcCode>
      <CARD_Quota_Point>03</CARD_Quota_Point>
      <CARD_CheckFlag>0</CARD_CheckFlag>
      <CARD_PurchaseName urlencode="1"></CARD_PurchaseName>
      <CARD_IssuerName urlencode="1"></CARD_IssuerName>
      <CARD_JoinUsePoint></CARD_JoinUsePoint>
    </Card>
  </Payment>
</PaymentInfo>]
INFO	[2014-09-28 22:16:25:591] <24090> DECRYPT PARSE OK
INFO	[2014-09-28 22:16:25:591] <24090> WAIT ACK INVOKING
DEBUG	[2014-09-28 22:16:25:591] <24090> MAKE HEAD OK
INFO	[2014-09-28 22:16:25:595] <24090> SUCCESS ACK INVOKING
INFO	[2014-09-28 22:16:25:596] <24090> END securepay 정상처리되었습니다. Laptime:[0.86sec]
INFO	[2014-09-28 22:16:25:596] <24090> ===============================================================
