INFO	[2013-12-04 13:43:44:425] <14529> START INIPHP chkfake (V5031-111123)(OS:Linux2.6.18-371.1.2.el5,PHP:5.2.17)
DEBUG	[2013-12-04 13:43:44:425] <14529> inipayhome:/www/loosfly_godo_co_kr/shop/order/card/inipay
DEBUG	[2013-12-04 13:43:44:425] <14529> type:chkfake
DEBUG	[2013-12-04 13:43:44:425] <14529> debug:true
DEBUG	[2013-12-04 13:43:44:425] <14529> enctype:asym
DEBUG	[2013-12-04 13:43:44:425] <14529> admin:1111
DEBUG	[2013-12-04 13:43:44:425] <14529> checkopt:false
DEBUG	[2013-12-04 13:43:44:425] <14529> mid:GODOloosfl
DEBUG	[2013-12-04 13:43:44:425] <14529> price:108700
DEBUG	[2013-12-04 13:43:44:425] <14529> nointerest:no
DEBUG	[2013-12-04 13:43:44:425] <14529> quotabase:선택:일시불:2개월:3개월:4개월:5개월:6개월:7개월:8개월:9개월:10개월:11개월:12개월
INFO	[2013-12-04 13:43:44:425] <14529> Check Field OK
INFO	[2013-12-04 13:43:44:431] <14529> MERCHANT PRIV KEY LOAD OK
INFO	[2013-12-04 13:43:44:435] <14529> MERCHANT PUB KEY LOAD OK []
INFO	[2013-12-04 13:43:44:438] <14529> CHKFAKE KEY MAKE OK:MjAxMzEyMDQxMzQzNDQ0MzU5OTAzNA==

INFO	[2013-12-04 13:43:44:438] <14529> END chkfake  Laptime:[0.02sec]
INFO	[2013-12-04 13:43:44:438] <14529> ===============================================================
INFO	[2013-12-04 13:43:54:895] <3881> START INIPHP chkfake (V5031-111123)(OS:Linux2.6.18-371.1.2.el5,PHP:5.2.17)
DEBUG	[2013-12-04 13:43:54:895] <3881> inipayhome:/www/loosfly_godo_co_kr/shop/order/card/inipay
DEBUG	[2013-12-04 13:43:54:895] <3881> type:chkfake
DEBUG	[2013-12-04 13:43:54:895] <3881> debug:true
DEBUG	[2013-12-04 13:43:54:895] <3881> enctype:asym
DEBUG	[2013-12-04 13:43:54:895] <3881> admin:1111
DEBUG	[2013-12-04 13:43:54:895] <3881> checkopt:false
DEBUG	[2013-12-04 13:43:54:895] <3881> mid:GODOloosfl
DEBUG	[2013-12-04 13:43:54:895] <3881> price:108700
DEBUG	[2013-12-04 13:43:54:895] <3881> nointerest:no
DEBUG	[2013-12-04 13:43:54:895] <3881> quotabase:선택:일시불:2개월:3개월:4개월:5개월:6개월:7개월:8개월:9개월:10개월:11개월:12개월
INFO	[2013-12-04 13:43:54:895] <3881> Check Field OK
INFO	[2013-12-04 13:43:54:896] <3881> MERCHANT PRIV KEY LOAD OK
INFO	[2013-12-04 13:43:54:896] <3881> MERCHANT PUB KEY LOAD OK []
INFO	[2013-12-04 13:43:54:897] <3881> CHKFAKE KEY MAKE OK:MjAxMzEyMDQxMzQzNTQ4OTY1MzcxNg==

INFO	[2013-12-04 13:43:54:897] <3881> END chkfake  Laptime:[0sec]
INFO	[2013-12-04 13:43:54:898] <3881> ===============================================================
INFO	[2013-12-04 14:02:16:80] <2942> START INIPHP securepay (V5031-111123)(OS:Linux2.6.18-371.1.2.el5,PHP:5.2.17)
DEBUG	[2013-12-04 14:02:16:80] <2942> inipayhome:/www/loosfly_godo_co_kr/shop/order/card/inipay
DEBUG	[2013-12-04 14:02:16:80] <2942> type:securepay
DEBUG	[2013-12-04 14:02:16:80] <2942> pgid:INIphpCARD
DEBUG	[2013-12-04 14:02:16:80] <2942> subpgip:203.238.3.10
DEBUG	[2013-12-04 14:02:16:80] <2942> admin:1111
DEBUG	[2013-12-04 14:02:16:80] <2942> debug:true
DEBUG	[2013-12-04 14:02:16:80] <2942> uid:
DEBUG	[2013-12-04 14:02:16:80] <2942> goodname:Souplesse Lace Leotard (Red) 외1건
DEBUG	[2013-12-04 14:02:16:80] <2942> currency:WON
DEBUG	[2013-12-04 14:02:16:80] <2942> mid:GODOloosfl
DEBUG	[2013-12-04 14:02:16:80] <2942> rn:MjAxMzEyMDQxMzQzNTQ4OTY1MzcxNg==

DEBUG	[2013-12-04 14:02:16:80] <2942> price:108700
DEBUG	[2013-12-04 14:02:16:80] <2942> enctype:
DEBUG	[2013-12-04 14:02:16:80] <2942> buyername:양지연
DEBUG	[2013-12-04 14:02:16:80] <2942> buyertel:010-9267-6342
DEBUG	[2013-12-04 14:02:16:80] <2942> buyeremail:vgftrey123@naver.com
DEBUG	[2013-12-04 14:02:16:80] <2942> paymethod:Card
DEBUG	[2013-12-04 14:02:16:80] <2942> encrypted:Version=4.1&PayMethod=Card&RsaKeyNum=1&EncryptionAlgorithm=SEED-CBC&SignAlgorithm=RSAwithSHA1&CertVer=39&moid=1386132160791&ver_trace=main(6076,6049)card(6097,6091)n(6008)Cs(6021)Dt(6002)Pa(6002)Cf(6024)Fv(0000)La(6117)Re(6071)Vr(6006)P(6033)en(6031)nP(6004)&pg1=211.219.96.180&pg2=203.238.37.3&pg1ip=211.219.96.180&pg2ip=203.238.37.3&agreeflag=1111&Data=bdCBqpPculzDwnzwTj9sd8MiaebjfRMMQKxutAgASNsWE+GoAzh/SPZFo3+DSesh
K5OeoCAyjkqQPDTMY5IV13NKmbEy2z34H2xu6Ai3i75O31UZaj1DU8p0sG8XAr+w
o68u3zUG784PNiU8TGa4z8HnQ8FG/JKdcJwGdSvpdBTMl5wUMJzkfVAYkEA8YAZR
xMbvMdDRaZiwcsnWfjPl1QRmym2TX3RonpiN3dLOcHQwGDcAQ9Wy9KsYj9VVJdCF
6ci+Sxg/E4KCP4xL/TCKT5TVZDcQY07vhMwXSu2yqq5z1RxTX+s3Ezd2628JZDQr
S8CKj0G4CBXWUvmnwk4bqNt8422HaRCRWONK1puiyRh78JiosIsW9MXqp7myJ+AQ
GeQ2ZL+yHc/q3fs4R+090nrsl4nH6VBzaNMexnVDBfEJzdYtjg87q21fzC6ip2p/
Lg6ZJhbLOCJr3ZmZyMJJ5QnrtT8qsfPRQKxddIWDjpKAvVwiZx7YA4LfqliO1+ga
eRBTNWRIwSj+oGWYlnMenRIm4SWlFqsvHLXNWkrpm1dcFIAF7N11CDCbrpuQCs5B
fZK4UNeWt/YQ00KZtb9v3pN2ylasffUlp/y/DU+HuDntxO0Tb3O2NKgsusCJ828k
oBOFyHZDY63ZdGu3h5GdO+wMddY3lmjLpZ0R5IibnZXc
DEBUG	[2013-12-04 14:02:16:80] <2942> sessionkey:xTzklfBs42v2oWV3QjCZZs+xvXPkOmKjkRmoMw+Et4D8UKfb5PmP+43ABxiB6YfI
7DgBX5Sy6S9gMUKUbrh5+DZIU1DuxmdbKsChzwofg45qY7g+/5brsbCRB8/uPM0h
g6aAiNXBnBYo5P1bqj+VNWg4/t+At5xqkXZurtkMeIU=
DEBUG	[2013-12-04 14:02:16:80] <2942> url:http://www.loosfly.com
DEBUG	[2013-12-04 14:02:16:80] <2942> cardcode:17
DEBUG	[2013-12-04 14:02:16:80] <2942> parentemail:vgftrey123@naver.com
DEBUG	[2013-12-04 14:02:16:80] <2942> recvname:양지연
DEBUG	[2013-12-04 14:02:16:80] <2942> recvtel:010-9267-6342
DEBUG	[2013-12-04 14:02:16:80] <2942> recvaddr:경기 부천시 원미구 역곡1동 97번지 뉴월드아파트 305호
DEBUG	[2013-12-04 14:02:16:80] <2942> recvpostnum:420-835
DEBUG	[2013-12-04 14:02:16:80] <2942> recvmsg:집에 사람이 없으면 경비실에 맡겨주시고 연락 꼭 남겨주세요!!!
DEBUG	[2013-12-04 14:02:16:80] <2942> joincard:
DEBUG	[2013-12-04 14:02:16:80] <2942> joinexpire:
DEBUG	[2013-12-04 14:02:16:80] <2942> id_customer:
INFO	[2013-12-04 14:02:16:81] <2942> Check Field OK
INFO	[2013-12-04 14:02:16:81] <2942> Make TID OK INIphpCARDGODOloosfl20131204140216812302
INFO	[2013-12-04 14:02:16:81] <2942> PI PUB KEY LOAD OK [39]
INFO	[2013-12-04 14:02:16:83] <2942> PG PUB KEY LOAD OK [30]
INFO	[2013-12-04 14:02:16:84] <2942> MERCHANT PRIV KEY LOAD OK
INFO	[2013-12-04 14:02:16:84] <2942> MERCHANT PUB KEY LOAD OK [0]
INFO	[2013-12-04 14:02:16:85] <2942> MAKE BODY OK
INFO	[2013-12-04 14:02:16:87] <2942> SIGN OK
INFO	[2013-12-04 14:02:16:87] <2942> MAKE HEAD OK
INFO	[2013-12-04 14:02:16:87] <2942> MSG_TO_PG:[0322800175R SHA1                   0                  39                  300200GODOloosfl              108700INIphpCARDGODOloosfl20131204140216812302<?xml version="1.0" encoding="UTF-8"?>
<INIpay>
	  <GoodsInfo>
	    <GoodsCnt>1</GoodsCnt>
	    <MOID/>
	    <Currency>WON</Currency>
	    <Tax/>
	    <TaxFree/>
	    <Goods>
	      <SMID>GODOloosfl</SMID>
	      <GoodsName urlencode="1">Souplesse+Lace+Leotard+%28Red%29+%BF%DC1%B0%C7</GoodsName>
	      <GoodsPrice>108700</GoodsPrice></Goods></GoodsInfo>
	  <BuyerInfo>
	    <BuyerName urlencode="1">%BE%E7%C1%F6%BF%AC</BuyerName>
	    <BuyerTel>010-9267-6342</BuyerTel>
	    <BuyerEmail urlencode="1">vgftrey123%40naver.com</BuyerEmail>
	    <ParentEmail urlencode="1">vgftrey123%40naver.com</ParentEmail>
	    <RecvName urlencode="1">%BE%E7%C1%F6%BF%AC</RecvName>
	    <RecvTel urlencode="1">010-9267-6342</RecvTel>
	    <RecvMsg urlencode="1">%C1%FD%BF%A1+%BB%E7%B6%F7%C0%CC+%BE%F8%C0%B8%B8%E9+%B0%E6%BA%F1%BD%C7%BF%A1+%B8%C3%B0%DC%C1%D6%BD%C3%B0%ED+%BF%AC%B6%F4+%B2%C0+%B3%B2%B0%DC%C1%D6%BC%BC%BF%E4%21%21%21</RecvMsg>
	    <RecvAddr urlencode="1">%B0%E6%B1%E2+%BA%CE%C3%B5%BD%C3+%BF%F8%B9%CC%B1%B8+%BF%AA%B0%EE1%B5%BF+97%B9%F8%C1%F6+%B4%BA%BF%F9%B5%E5%BE%C6%C6%C4%C6%AE+305%C8%A3</RecvAddr>
	    <RecvPostNum urlencode="1">420-835</RecvPostNum></BuyerInfo>
	  <PaymentInfo>
	    <Payment>
	      <PayMethod>Card</PayMethod>
	      <JoinCard/>
	      <JoinExpire/>
	      <MailOrder/>
	      <SessionKey>xTzklfBs42v2oWV3QjCZZs+xvXPkOmKjkRmoMw+Et4D8UKfb5PmP+43ABxiB6YfI
7DgBX5Sy6S9gMUKUbrh5+DZIU1DuxmdbKsChzwofg45qY7g+/5brsbCRB8/uPM0h
g6aAiNXBnBYo5P1bqj+VNWg4/t+At5xqkXZurtkMeIU=</SessionKey>
	      <Encrypted urlencode="1">Version%3D4.1%26PayMethod%3DCard%26RsaKeyNum%3D1%26EncryptionAlgorithm%3DSEED-CBC%26SignAlgorithm%3DRSAwithSHA1%26CertVer%3D39%26moid%3D1386132160791%26ver_trace%3Dmain%286076%2C6049%29card%286097%2C6091%29n%286008%29Cs%286021%29Dt%286002%29Pa%286002%29Cf%286024%29Fv%280000%29La%286117%29Re%286071%29Vr%286006%29P%286033%29en%286031%29nP%286004%29%26pg1%3D211.219.96.180%26pg2%3D203.238.37.3%26pg1ip%3D211.219.96.180%26pg2ip%3D203.238.37.3%26agreeflag%3D1111%26Data%3DbdCBqpPculzDwnzwTj9sd8MiaebjfRMMQKxutAgASNsWE%2BGoAzh%2FSPZFo3%2BDSesh%0D%0AK5OeoCAyjkqQPDTMY5IV13NKmbEy2z34H2xu6Ai3i75O31UZaj1DU8p0sG8XAr%2Bw%0D%0Ao68u3zUG784PNiU8TGa4z8HnQ8FG%2FJKdcJwGdSvpdBTMl5wUMJzkfVAYkEA8YAZR%0D%0AxMbvMdDRaZiwcsnWfjPl1QRmym2TX3RonpiN3dLOcHQwGDcAQ9Wy9KsYj9VVJdCF%0D%0A6ci%2BSxg%2FE4KCP4xL%2FTCKT5TVZDcQY07vhMwXSu2yqq5z1RxTX%2Bs3Ezd2628JZDQr%0D%0AS8CKj0G4CBXWUvmnwk4bqNt8422HaRCRWONK1puiyRh78JiosIsW9MXqp7myJ%2BAQ%0D%0AGeQ2ZL%2ByHc%2Fq3fs4R%2B090nrsl4nH6VBzaNMexnVDBfEJzdYtjg87q21fzC6ip2p%2F%0D%0ALg6ZJhbLOCJr3ZmZyMJJ5QnrtT8qsfPRQKxddIWDjpKAvVwiZx7YA4LfqliO1%2Bga%0D%0AeRBTNWRIwSj%2BoGWYlnMenRIm4SWlFqsvHLXNWkrpm1dcFIAF7N11CDCbrpuQCs5B%0D%0AfZK4UNeWt%2FYQ00KZtb9v3pN2ylasffUlp%2Fy%2FDU%2BHuDntxO0Tb3O2NKgsusCJ828k%0D%0AoBOFyHZDY63ZdGu3h5GdO%2BwMddY3lmjLpZ0R5IibnZXc</Encrypted></Payment></PaymentInfo>
	  <ReservedInfo>
	    <MReserved1/>
	    <MReserved2/>
	    <MReserved3/></ReservedInfo>
	  <ManageInfo>
	    <Language/>
	    <URL urlencode="1">http%3A%2F%2Fwww.loosfly.com</URL>
	    <TXVersion>5031B111123securLinux     PHPchkfake   2.6.18-371.1.2.el5PHP:5.2.17  </TXVersion>
	    <TXUserID/>
	    <TXRegNum/>
	    <Ack>1</Ack>
	    <TXRN>MjAxMzEyMDQxMzQzNTQ4OTY1MzcxNg==
</TXRN></ManageInfo></INIpay>AAPZTq6ljq/31jA1/gylXWCKRZRhVr7Hn5keO2gwKWK8lAEjcyJ0PlZeu32Dmhe5
XqIPEq9E8UELHGpYRmZSIgzEDlXLOkEfBkcGzEGDZhudsvr/ULIDrfcL/FWR/4Lg
0GxD5QeG4MCttb6QEL77L3Y0cAMbUoOh9J7hHOnpGXX8
]
INFO	[2013-12-04 14:02:16:87] <2942> DNS LOOKUP OK(211.219.96.180:211.219.96.180:34049) laptime:0
INFO	[2013-12-04 14:02:16:89] <2942> SOCKET CONNECT OK
INFO	[2013-12-04 14:02:16:89] <2942> SEND OK
INFO	[2013-12-04 14:02:17:773] <2942> RECV OK
INFO	[2013-12-04 14:02:17:773] <2942> MSG_FROM_PG:[0300500175D SHA1                   0                  39                  300210GODOloosfl              108700INIphpCARDGODOloosfl20131204140216812302<?xml version="1.0" encoding="UTF-8"?>
<INIpay>
  <GoodsInfo>
    <GoodsCnt>1</GoodsCnt>
    <MOID urlencode="1">1386132160791</MOID>
    <Currency>WON</Currency>
    <Goods no="1">
      <SMID>GODOloosfl</SMID>
      <GoodsName urlencode="1">Souplesse+Lace+Leotard+%28Red%29+%BF%DC1%B0%C7</GoodsName>
      <GoodsCntS>1</GoodsCntS>
      <GoodsPrice>108700</GoodsPrice>
    </Goods>
  </GoodsInfo>
  <PaymentInfo>
    <Payment>
      <SessionKey>AJEU5PGQrAewJ6ZKnM1MfyRizNK+yLzOYM4dj8djCxTGn5SVVa+5J6DueBXxMMjV
hCMKjZaXOesTGJ3fb1S/11kn25JdgHlPQeN7QA2agPkUWQPqr5XwWpz4lH68cPRF
aBqa3+mXz2DSgVw6etT8ajs53zbZNDIm7mGkLv0nf3yu4seZ+Yqwavo=
</SessionKey>
      <Encrypted>WDUxWZiUtw/DNY9IA3GSAGAccA1MHOaLN8xUz9XL8JlGqD8rzS6xB4On1/hqQUox
GJxqonIPdsJ2w7h7K/08BPVcH5t8Xe/Bwjz9hv0FDRcvNg45n1ZxpjguDqJveI7Z
5fDTwN4Ncn3AMtsEnS2gEBN7gaDHAV7FahfatqMXgw9r1i1GAjAyF5/KIaGEOeZ1
2cDKMiqXYdccoCOuNznfPrVyNkGjXKzQdzrpU80roobvfFb7Fbdy2T0QUVVlNf4u
PBSgaTUU2oJH4sNXGdBtvk1nxhunZ/FlB/j1oDwnb4QSFKCdAnVQ1j55fzUIbG/G
RMvbPEn+v0d8+F93FDycn/ypGo2hgaEgjVVqr/fWkQscRql0qNdPp+RzlPWCNHBo
Oq6LXU5jKKoKJ/QxTox79qantJteljRCXOYEuZDrr/e+x9/mAArwDTok/r1V6sim
GY5ZuK7wCUcTyot99bucbYqudK27Ol6rR27DW+WTVRSAbiz6obKiElj2dEldyr65
GpH2/fiEzC0c2m6hRlE55YcTCXDnlToJk4oG+kxy3xIspTmCrUq2J8BznJ5ONtWJ
JYDIKXzqHpQCDUP3F6LTxRkpV6a6QZmHxQvbhNvL0JybI0x3+RgmtLfv9jvC2byT
t2ciqhIuZAeowMqmgH3oj55mXBs00W/kpgo2gGlT/2j4yudsXSYKWUwHwBc9n6k4
Te6FUTps71ZcoRRau8bOg6PE4c02rmM5cxbbpzKbghz1uNbq9IQQi5dfyz+WvKxP
rIfi+0S23IhTfZGdMU2w+MqCZgF2Q7tbrZERXqxeC+oQz7qFOY/L0cB3ZM7q4nA3
O0kN47f8/6OFaXWF/3z5xTW7orpjN0mJkipxGjgT8HriInaIxFZDyuQFP53/Pwhn
tlBdDEOhYxavLTMYsVweKrYxI0rxbf+Uyx5yPxIRq1OCMQTozu3VEXM8Z97Au6yH
X1/eIw3u9MUXlKDSnT+00ZNpxMwBhHA6oBh5DS1cDNVxHASOGyFiSaH8Sg3CDl0F
7Y3CSq9NAbxiqG5fLHNs20QytTCK+JlTkWB8S8zEGJl4UdSXTTsAtPwOl1rhHFXE
TcBxeFGjl2HP6EwG9vWUGlGq+ABV/zI3v1ZZPNW/1rU6SGgzJwo6LaK+vF+iLJ+G
9wydklwmxRltvzGCnDt2NYwYhyv1IIo6sfNZFIRRfiRXG0tQvfj1+403WjkixCP9
OUpYce+ibJMokTUfcnvLO1Hn0dKMQ/1q5ENuTSksy2Tp3MFqO0TpyUpia1Ojtpm2
DiP9Hw9c00yILsDYPE92PnmmeT42HlrK1bFoMDKTwiNkeTwpzhBZtue4heiaskVi
6vKQCxoWsdheZSlByRVxFtqhuXK5lbjkrNuN03Bcbaq5Ag8mH+W00U2AHdTDX9Of
4XGCDmRByY/NrA2WzLFMR+m2t4qVhwMJn1OLizXCqeQkBwvnS94A1kOPS7R8gvSN
wHma2Hm21JiiEWIOxAu06YyPygg4wnqnsDeVarCvEVoJTUj2s9PWIOvUG/QVozSm
7VoA4LJzyTq4tRMHwvjO5ZvKx0QKQXjpL6nlBMsgrmVYmQSN/1E3emLe9uPLGDYc
DcHJB1rKjd5nPwqgGny6NgyJo32cOwb5
</Encrypted>
      <PayMethod>Card</PayMethod>
      <ResultCode>120000</ResultCode>
      <ResultMsg urlencode="1">%C1%A4%BB%F3%C3%B3%B8%AE%B5%C7%BE%FA%BD%C0%B4%CF%B4%D9.</ResultMsg>
    </Payment>
  </PaymentInfo>
  <ManageInfo>
    <EventCode></EventCode>
    <OrgCurrency></OrgCurrency>
    <ExchangeRate></ExchangeRate>
    <OrgPrice></OrgPrice>
  </ManageInfo>
  <ReservedInfo>
    <MReserved1 urlencode="1"></MReserved1>
    <MReserved2 urlencode="1"></MReserved2>
    <MReserved3 urlencode="1"></MReserved3>
    <PGReserved1 urlencode="1"></PGReserved1>
    <PGReserved2 urlencode="1"></PGReserved2>
    <PGReserved3 urlencode="1"></PGReserved3>
  </ReservedInfo>
</INIpay>
D0XRqjaX9GYKlNCnCtyNhVxG0epRrYUL/bp4xrGwypNK+8D4U/S1xR/+rUpcOa90
kuh7GCc8mM7BA6CYozlbkdsp8Fk85PQCMOgaMN9IAuroH777z5h0tINi2I21SwZn
yTRozqxVroJKda6sSbNrWHmRqh1/5yRCiIPLMLFGXSQ=
]
INFO	[2013-12-04 14:02:17:773] <2942> VERIFY OK
INFO	[2013-12-04 14:02:17:773] <2942> PARSE HEAD OK
INFO	[2013-12-04 14:02:17:776] <2942> PARSE BODY OK
INFO	[2013-12-04 14:02:17:779] <2942> DECRYPT OK
DEBUG	[2013-12-04 14:02:17:779] <2942> DECRYPT MSG:[<?xml version="1.0" encoding="UTF-8"?>
<PaymentInfo>
  <Payment>
    <EASYPAY/>
    <Card>
      <CARD_ApplPrice>108700</CARD_ApplPrice>
      <CARD_Num>402367000160</CARD_Num>
      <CARD_Expire></CARD_Expire>
      <CARD_Code>17</CARD_Code>
      <CARD_BankCode>81</CARD_BankCode>
      <CARD_Quota>00</CARD_Quota>
      <CARD_Interest>0</CARD_Interest>
      <CARD_Point></CARD_Point>
      <CARD_AuthType>99</CARD_AuthType>
      <CARD_RegNum></CARD_RegNum>
      <CARD_ApplDate>20131204</CARD_ApplDate>
      <CARD_ApplTime>140217</CARD_ApplTime>
      <CARD_ApplNum>17270261</CARD_ApplNum>
      <CARD_TerminalNum>019048y000</CARD_TerminalNum>
      <CARD_MemberNum></CARD_MemberNum>
      <CARD_PurchaseCode></CARD_PurchaseCode>
      <CARD_ResultCode>120000</CARD_ResultCode>
      <CARD_ResultMsg urlencode="1">%C1%A4%BB%F3%C3%B3%B8%AE%B5%C7%BE%FA%BD%C0%B4%CF%B4%D9.</CARD_ResultMsg>
      <CARD_PrtcCode>1</CARD_PrtcCode>
      <CARD_Quota_Point>00</CARD_Quota_Point>
      <CARD_CheckFlag>1</CARD_CheckFlag>
      <CARD_PurchaseName urlencode="1"></CARD_PurchaseName>
      <CARD_IssuerName urlencode="1"></CARD_IssuerName>
      <CARD_JoinUsePoint></CARD_JoinUsePoint>
    </Card>
  </Payment>
</PaymentInfo>]
INFO	[2013-12-04 14:02:17:781] <2942> DECRYPT PARSE OK
INFO	[2013-12-04 14:02:17:781] <2942> WAIT ACK INVOKING
DEBUG	[2013-12-04 14:02:17:781] <2942> MAKE HEAD OK
INFO	[2013-12-04 14:02:17:784] <2942> SUCCESS ACK INVOKING
INFO	[2013-12-04 14:02:17:784] <2942> END securepay 정상처리되었습니다. Laptime:[1.7sec]
INFO	[2013-12-04 14:02:17:785] <2942> ===============================================================
